[2024-09-19T08:12:44.418+0500] {local_task_job_runner.py:123} INFO - ::group::Pre task execution logs
[2024-09-19T08:12:44.437+0500] {taskinstance.py:2603} INFO - Dependencies all met for dep_context=non-requeueable deps ti=<TaskInstance: 3_models_dag.get_data scheduled__2024-09-18T01:00:00+00:00 [queued]>
[2024-09-19T08:12:44.444+0500] {taskinstance.py:2603} INFO - Dependencies all met for dep_context=requeueable deps ti=<TaskInstance: 3_models_dag.get_data scheduled__2024-09-18T01:00:00+00:00 [queued]>
[2024-09-19T08:12:44.444+0500] {taskinstance.py:2856} INFO - Starting attempt 1 of 1
[2024-09-19T08:12:44.456+0500] {taskinstance.py:2879} INFO - Executing <Task(PythonOperator): get_data> on 2024-09-18 01:00:00+00:00
[2024-09-19T08:12:44.469+0500] {logging_mixin.py:190} WARNING - /home/nicolaspc/anaconda3/envs/mlops_env/lib/python3.12/site-packages/***/task/task_runner/standard_task_runner.py:70 DeprecationWarning: This process (pid=9763) is multi-threaded, use of fork() may lead to deadlocks in the child.
[2024-09-19T08:12:44.470+0500] {standard_task_runner.py:72} INFO - Started process 9855 to run task
[2024-09-19T08:12:44.469+0500] {standard_task_runner.py:104} INFO - Running: ['***', 'tasks', 'run', '3_models_dag', 'get_data', 'scheduled__2024-09-18T01:00:00+00:00', '--job-id', '272', '--raw', '--subdir', 'DAGS_FOLDER/.ipynb_checkpoints/train_models-2-checkpoint.py', '--cfg-path', '/tmp/tmpx297stw7']
[2024-09-19T08:12:44.471+0500] {standard_task_runner.py:105} INFO - Job 272: Subtask get_data
[2024-09-19T08:12:44.527+0500] {task_command.py:467} INFO - Running <TaskInstance: 3_models_dag.get_data scheduled__2024-09-18T01:00:00+00:00 [running]> on host nicolaspc-HP-Pavilion-Laptop-15-eh1xxx
[2024-09-19T08:12:44.619+0500] {taskinstance.py:3122} INFO - Exporting env vars: AIRFLOW_CTX_DAG_OWNER='Nicolas Pal' AIRFLOW_CTX_DAG_ID='3_models_dag' AIRFLOW_CTX_TASK_ID='get_data' AIRFLOW_CTX_EXECUTION_DATE='2024-09-18T01:00:00+00:00' AIRFLOW_CTX_TRY_NUMBER='1' AIRFLOW_CTX_DAG_RUN_ID='scheduled__2024-09-18T01:00:00+00:00'
[2024-09-19T08:12:44.620+0500] {taskinstance.py:731} INFO - ::endgroup::
[2024-09-19T08:12:44.662+0500] {base.py:84} INFO - Retrieving connection 'pg_connection'
[2024-09-19T08:12:44.675+0500] {logging_mixin.py:190} WARNING - /home/nicolaspc/***/dags/.ipynb_checkpoints/train_models-2-checkpoint.py:69 UserWarning: pandas only supports SQLAlchemy connectable (engine/connection) or database string URI or sqlite3 DBAPI2 connection. Other DBAPI2 objects are not tested. Please consider using SQLAlchemy.
[2024-09-19T08:12:44.812+0500] {base.py:84} INFO - Retrieving connection 'aws_default'
[2024-09-19T08:12:44.813+0500] {connection_wrapper.py:384} INFO - AWS Connection (conn_id='aws_default', conn_type='aws') credentials retrieved from login and password.
[2024-09-19T08:12:47.917+0500] {train_models-2-checkpoint.py:80} INFO - Data download finished.
[2024-09-19T08:12:47.918+0500] {python.py:240} INFO - Done. Returned value was: {'start_tiemstamp': '20240919 08:12', 'data_download_start': '20240919 08:12', 'data_download_end': '20240919 08:12'}
[2024-09-19T08:12:47.948+0500] {taskinstance.py:340} INFO - ::group::Post task execution logs
[2024-09-19T08:12:47.948+0500] {taskinstance.py:352} INFO - Marking task as SUCCESS. dag_id=3_models_dag, task_id=get_data, run_id=scheduled__2024-09-18T01:00:00+00:00, execution_date=20240918T010000, start_date=20240919T031244, end_date=20240919T031247
[2024-09-19T08:12:47.981+0500] {local_task_job_runner.py:261} INFO - Task exited with return code 0
[2024-09-19T08:12:48.009+0500] {taskinstance.py:3891} INFO - 1 downstream tasks scheduled from follow-on schedule check
[2024-09-19T08:12:48.013+0500] {local_task_job_runner.py:240} INFO - ::endgroup::
