[2024-08-21T22:18:04.336+0500] {local_task_job_runner.py:123} INFO - ::group::Pre task execution logs
[2024-08-21T22:18:04.357+0500] {taskinstance.py:2603} INFO - Dependencies all met for dep_context=non-requeueable deps ti=<TaskInstance: 3_models_dag_home_2.get_data manual__2024-08-21T17:17:59.068018+00:00 [queued]>
[2024-08-21T22:18:04.369+0500] {taskinstance.py:2603} INFO - Dependencies all met for dep_context=requeueable deps ti=<TaskInstance: 3_models_dag_home_2.get_data manual__2024-08-21T17:17:59.068018+00:00 [queued]>
[2024-08-21T22:18:04.369+0500] {taskinstance.py:2856} INFO - Starting attempt 1 of 1
[2024-08-21T22:18:04.386+0500] {taskinstance.py:2879} INFO - Executing <Task(PythonOperator): get_data> on 2024-08-21 17:17:59.068018+00:00
[2024-08-21T22:18:04.400+0500] {logging_mixin.py:190} WARNING - /home/nicolaspc/anaconda3/envs/mlops_env/lib/python3.12/site-packages/***/task/task_runner/standard_task_runner.py:70 DeprecationWarning: This process (pid=350280) is multi-threaded, use of fork() may lead to deadlocks in the child.
[2024-08-21T22:18:04.401+0500] {standard_task_runner.py:72} INFO - Started process 350303 to run task
[2024-08-21T22:18:04.401+0500] {standard_task_runner.py:104} INFO - Running: ['***', 'tasks', 'run', '3_models_dag_home_2', 'get_data', 'manual__2024-08-21T17:17:59.068018+00:00', '--job-id', '239', '--raw', '--subdir', 'DAGS_FOLDER/.ipynb_checkpoints/homework_stepik_2-checkpoint.py', '--cfg-path', '/tmp/tmp_n9i5ugn']
[2024-08-21T22:18:04.603+0500] {standard_task_runner.py:105} INFO - Job 239: Subtask get_data
[2024-08-21T22:18:04.673+0500] {task_command.py:467} INFO - Running <TaskInstance: 3_models_dag_home_2.get_data manual__2024-08-21T17:17:59.068018+00:00 [running]> on host nicolaspc-HP-Pavilion-Laptop-15-eh1xxx
[2024-08-21T22:18:04.778+0500] {taskinstance.py:3122} INFO - Exporting env vars: AIRFLOW_CTX_DAG_OWNER='Nicolas Pal' AIRFLOW_CTX_DAG_ID='3_models_dag_home_2' AIRFLOW_CTX_TASK_ID='get_data' AIRFLOW_CTX_EXECUTION_DATE='2024-08-21T17:17:59.068018+00:00' AIRFLOW_CTX_TRY_NUMBER='1' AIRFLOW_CTX_DAG_RUN_ID='manual__2024-08-21T17:17:59.068018+00:00'
[2024-08-21T22:18:04.779+0500] {taskinstance.py:731} INFO - ::endgroup::
[2024-08-21T22:18:04.821+0500] {base.py:84} INFO - Retrieving connection 'pg_connection'
[2024-08-21T22:18:04.837+0500] {logging_mixin.py:190} WARNING - /home/nicolaspc/***/dags/.ipynb_checkpoints/homework_stepik_2-checkpoint.py:91 UserWarning: pandas only supports SQLAlchemy connectable (engine/connection) or database string URI or sqlite3 DBAPI2 connection. Other DBAPI2 objects are not tested. Please consider using SQLAlchemy.
[2024-08-21T22:18:04.970+0500] {base.py:84} INFO - Retrieving connection 'aws_default'
[2024-08-21T22:18:04.971+0500] {connection_wrapper.py:384} INFO - AWS Connection (conn_id='aws_default', conn_type='aws') credentials retrieved from login and password.
[2024-08-21T22:18:13.396+0500] {homework_stepik_2-checkpoint.py:102} INFO - Data download finished.
[2024-08-21T22:18:13.399+0500] {python.py:240} INFO - Done. Returned value was: {'start_tiemstamp': '20240821 22:18', 'data_download_start': '20240821 22:18', 'data_download_end': '20240821 22:18'}
[2024-08-21T22:18:13.436+0500] {taskinstance.py:340} INFO - ::group::Post task execution logs
[2024-08-21T22:18:13.437+0500] {taskinstance.py:352} INFO - Marking task as SUCCESS. dag_id=3_models_dag_home_2, task_id=get_data, run_id=manual__2024-08-21T17:17:59.068018+00:00, execution_date=20240821T171759, start_date=20240821T171804, end_date=20240821T171813
[2024-08-21T22:18:13.503+0500] {local_task_job_runner.py:261} INFO - Task exited with return code 0
[2024-08-21T22:18:13.538+0500] {taskinstance.py:3891} INFO - 1 downstream tasks scheduled from follow-on schedule check
[2024-08-21T22:18:13.541+0500] {local_task_job_runner.py:240} INFO - ::endgroup::
