[2024-07-20T20:46:37.815+0500] {local_task_job_runner.py:120} INFO - ::group::Pre task execution logs
[2024-07-20T20:46:37.835+0500] {taskinstance.py:2076} INFO - Dependencies all met for dep_context=non-requeueable deps ti=<TaskInstance: lr_train.save_results manual__2024-07-20T15:46:03.574791+00:00 [queued]>
[2024-07-20T20:46:37.841+0500] {taskinstance.py:2076} INFO - Dependencies all met for dep_context=requeueable deps ti=<TaskInstance: lr_train.save_results manual__2024-07-20T15:46:03.574791+00:00 [queued]>
[2024-07-20T20:46:37.841+0500] {taskinstance.py:2306} INFO - Starting attempt 1 of 1
[2024-07-20T20:46:37.853+0500] {taskinstance.py:2330} INFO - Executing <Task(PythonOperator): save_results> on 2024-07-20 15:46:03.574791+00:00
[2024-07-20T20:46:37.864+0500] {logging_mixin.py:188} WARNING - /home/nicolaspc/anaconda3/envs/mlops_env/lib/python3.12/site-packages/airflow/task/task_runner/standard_task_runner.py:62 DeprecationWarning: This process (pid=27035) is multi-threaded, use of fork() may lead to deadlocks in the child.
[2024-07-20T20:46:37.865+0500] {standard_task_runner.py:64} INFO - Started process 27081 to run task
[2024-07-20T20:46:37.865+0500] {standard_task_runner.py:90} INFO - Running: ['airflow', 'tasks', 'run', 'lr_train', 'save_results', 'manual__2024-07-20T15:46:03.574791+00:00', '--job-id', '226', '--raw', '--subdir', 'DAGS_FOLDER/train_models.py', '--cfg-path', '/tmp/tmp7bxcdig_']
[2024-07-20T20:46:37.867+0500] {standard_task_runner.py:91} INFO - Job 226: Subtask save_results
[2024-07-20T20:46:37.921+0500] {task_command.py:426} INFO - Running <TaskInstance: lr_train.save_results manual__2024-07-20T15:46:03.574791+00:00 [running]> on host nicolaspc-HP-Pavilion-Laptop-15-eh1xxx
[2024-07-20T20:46:38.003+0500] {taskinstance.py:2648} INFO - Exporting env vars: AIRFLOW_CTX_DAG_OWNER='Nicolas Pal' AIRFLOW_CTX_DAG_ID='lr_train' AIRFLOW_CTX_TASK_ID='save_results' AIRFLOW_CTX_EXECUTION_DATE='2024-07-20T15:46:03.574791+00:00' AIRFLOW_CTX_TRY_NUMBER='1' AIRFLOW_CTX_DAG_RUN_ID='manual__2024-07-20T15:46:03.574791+00:00'
[2024-07-20T20:46:38.003+0500] {taskinstance.py:430} INFO - ::endgroup::
[2024-07-20T20:46:38.041+0500] {base.py:84} INFO - Using connection ID 'aws_default' for task execution.
[2024-07-20T20:46:38.041+0500] {connection_wrapper.py:384} INFO - AWS Connection (conn_id='aws_default', conn_type='aws') credentials retrieved from login and password.
[2024-07-20T20:46:38.894+0500] {python.py:237} INFO - Done. Returned value was: None
[2024-07-20T20:46:38.894+0500] {taskinstance.py:441} INFO - ::group::Post task execution logs
[2024-07-20T20:46:38.907+0500] {taskinstance.py:1206} INFO - Marking task as SUCCESS. dag_id=lr_train, task_id=save_results, run_id=manual__2024-07-20T15:46:03.574791+00:00, execution_date=20240720T154603, start_date=20240720T154637, end_date=20240720T154638
[2024-07-20T20:46:38.963+0500] {local_task_job_runner.py:243} INFO - Task exited with return code 0
[2024-07-20T20:46:38.982+0500] {taskinstance.py:3503} INFO - 0 downstream tasks scheduled from follow-on schedule check
[2024-07-20T20:46:38.986+0500] {local_task_job_runner.py:222} INFO - ::endgroup::
