[2024-08-19T17:19:06.833+0500] {local_task_job_runner.py:123} INFO - ::group::Pre task execution logs
[2024-08-19T17:19:06.871+0500] {taskinstance.py:2603} INFO - Dependencies all met for dep_context=non-requeueable deps ti=<TaskInstance: 3_models_dag.train_rf manual__2024-08-19T12:18:58.192332+00:00 [queued]>
[2024-08-19T17:19:06.881+0500] {taskinstance.py:2603} INFO - Dependencies all met for dep_context=requeueable deps ti=<TaskInstance: 3_models_dag.train_rf manual__2024-08-19T12:18:58.192332+00:00 [queued]>
[2024-08-19T17:19:06.882+0500] {taskinstance.py:2856} INFO - Starting attempt 1 of 1
[2024-08-19T17:19:06.898+0500] {taskinstance.py:2879} INFO - Executing <Task(PythonOperator): train_rf> on 2024-08-19 12:18:58.192332+00:00
[2024-08-19T17:19:06.916+0500] {logging_mixin.py:190} WARNING - /home/nicolaspc/anaconda3/envs/mlops_env/lib/python3.12/site-packages/***/task/task_runner/standard_task_runner.py:70 DeprecationWarning: This process (pid=8404) is multi-threaded, use of fork() may lead to deadlocks in the child.
[2024-08-19T17:19:06.915+0500] {standard_task_runner.py:104} INFO - Running: ['***', 'tasks', 'run', '3_models_dag', 'train_rf', 'manual__2024-08-19T12:18:58.192332+00:00', '--job-id', '14', '--raw', '--subdir', 'DAGS_FOLDER/train_models-2.py', '--cfg-path', '/tmp/tmpsv1gy43i']
[2024-08-19T17:19:06.918+0500] {standard_task_runner.py:105} INFO - Job 14: Subtask train_rf
[2024-08-19T17:19:06.918+0500] {standard_task_runner.py:72} INFO - Started process 8584 to run task
[2024-08-19T17:19:06.982+0500] {task_command.py:467} INFO - Running <TaskInstance: 3_models_dag.train_rf manual__2024-08-19T12:18:58.192332+00:00 [running]> on host nicolaspc-HP-Pavilion-Laptop-15-eh1xxx
[2024-08-19T17:19:07.085+0500] {taskinstance.py:3122} INFO - Exporting env vars: AIRFLOW_CTX_DAG_OWNER='Nicolas Pal' AIRFLOW_CTX_DAG_ID='3_models_dag' AIRFLOW_CTX_TASK_ID='train_rf' AIRFLOW_CTX_EXECUTION_DATE='2024-08-19T12:18:58.192332+00:00' AIRFLOW_CTX_TRY_NUMBER='1' AIRFLOW_CTX_DAG_RUN_ID='manual__2024-08-19T12:18:58.192332+00:00'
[2024-08-19T17:19:07.086+0500] {taskinstance.py:731} INFO - ::endgroup::
[2024-08-19T17:19:07.114+0500] {s3.py:1387} INFO - Downloading source S3 file from Bucket test-bucket-nicolas-1 with path dataset/X_train.pkl
[2024-08-19T17:19:07.130+0500] {base.py:84} INFO - Retrieving connection 'aws_default'
[2024-08-19T17:19:07.247+0500] {credentials.py:1147} INFO - Found credentials in environment variables.
[2024-08-19T17:19:09.363+0500] {s3.py:1387} INFO - Downloading source S3 file from Bucket test-bucket-nicolas-1 with path dataset/X_test.pkl
[2024-08-19T17:19:09.846+0500] {s3.py:1387} INFO - Downloading source S3 file from Bucket test-bucket-nicolas-1 with path dataset/y_train.pkl
[2024-08-19T17:19:10.424+0500] {s3.py:1387} INFO - Downloading source S3 file from Bucket test-bucket-nicolas-1 with path dataset/y_test.pkl
[2024-08-19T17:19:10.950+0500] {train_models-2.py:116} INFO - Данные загружены
[2024-08-19T17:19:22.077+0500] {python.py:240} INFO - Done. Returned value was: {'start_tiemstamp': '20240819 17:19', 'rf_train_start': '20240819 17:19', 'rf_train_end': '20240819 17:19', 'rf_R^2_score': 0.8070511432121924, 'rf_rmse': 0.5028338833810433, 'rf_mae': 0.19804000000000077}
[2024-08-19T17:19:22.120+0500] {taskinstance.py:340} INFO - ::group::Post task execution logs
[2024-08-19T17:19:22.121+0500] {taskinstance.py:352} INFO - Marking task as SUCCESS. dag_id=3_models_dag, task_id=train_rf, run_id=manual__2024-08-19T12:18:58.192332+00:00, execution_date=20240819T121858, start_date=20240819T121906, end_date=20240819T121922
[2024-08-19T17:19:22.168+0500] {local_task_job_runner.py:261} INFO - Task exited with return code 0
[2024-08-19T17:19:22.190+0500] {taskinstance.py:3891} INFO - 1 downstream tasks scheduled from follow-on schedule check
[2024-08-19T17:19:22.193+0500] {local_task_job_runner.py:240} INFO - ::endgroup::
