[2024-10-08T21:47:50.550+0500] {local_task_job_runner.py:123} INFO - ::group::Pre task execution logs
[2024-10-08T21:47:50.569+0500] {taskinstance.py:2603} INFO - Dependencies all met for dep_context=non-requeueable deps ti=<TaskInstance: lr_train.train_model manual__2024-10-08T16:47:29.937015+00:00 [queued]>
[2024-10-08T21:47:50.576+0500] {taskinstance.py:2603} INFO - Dependencies all met for dep_context=requeueable deps ti=<TaskInstance: lr_train.train_model manual__2024-10-08T16:47:29.937015+00:00 [queued]>
[2024-10-08T21:47:50.576+0500] {taskinstance.py:2856} INFO - Starting attempt 1 of 1
[2024-10-08T21:47:50.588+0500] {taskinstance.py:2879} INFO - Executing <Task(PythonOperator): train_model> on 2024-10-08 16:47:29.937015+00:00
[2024-10-08T21:47:50.600+0500] {logging_mixin.py:190} WARNING - /home/nicolaspc/anaconda3/envs/mlops_env/lib/python3.12/site-packages/***/task/task_runner/standard_task_runner.py:70 DeprecationWarning: This process (pid=61346) is multi-threaded, use of fork() may lead to deadlocks in the child.
[2024-10-08T21:47:50.601+0500] {standard_task_runner.py:72} INFO - Started process 61400 to run task
[2024-10-08T21:47:50.600+0500] {standard_task_runner.py:104} INFO - Running: ['***', 'tasks', 'run', 'lr_train', 'train_model', 'manual__2024-10-08T16:47:29.937015+00:00', '--job-id', '923', '--raw', '--subdir', 'DAGS_FOLDER/train_models.py', '--cfg-path', '/tmp/tmpeghe97jh']
[2024-10-08T21:47:50.602+0500] {standard_task_runner.py:105} INFO - Job 923: Subtask train_model
[2024-10-08T21:47:50.653+0500] {task_command.py:467} INFO - Running <TaskInstance: lr_train.train_model manual__2024-10-08T16:47:29.937015+00:00 [running]> on host nicolaspc-HP-Pavilion-Laptop-15-eh1xxx
[2024-10-08T21:47:50.741+0500] {taskinstance.py:3122} INFO - Exporting env vars: AIRFLOW_CTX_DAG_OWNER='Nicolas Pal' AIRFLOW_CTX_DAG_ID='lr_train' AIRFLOW_CTX_TASK_ID='train_model' AIRFLOW_CTX_EXECUTION_DATE='2024-10-08T16:47:29.937015+00:00' AIRFLOW_CTX_TRY_NUMBER='1' AIRFLOW_CTX_DAG_RUN_ID='manual__2024-10-08T16:47:29.937015+00:00'
[2024-10-08T21:47:50.741+0500] {taskinstance.py:731} INFO - ::endgroup::
[2024-10-08T21:47:50.917+0500] {s3.py:1387} INFO - Downloading source S3 file from Bucket test-bucket-nicolas-1 with path NicolasPal/project1/lr/datasets/X_train.pkl
[2024-10-08T21:47:50.929+0500] {base.py:84} INFO - Retrieving connection 's3_connection'
[2024-10-08T21:47:50.929+0500] {connection_wrapper.py:384} INFO - AWS Connection (conn_id='s3_connection', conn_type='aws') credentials retrieved from login and password.
[2024-10-08T21:47:54.962+0500] {s3.py:1387} INFO - Downloading source S3 file from Bucket test-bucket-nicolas-1 with path NicolasPal/project1/lr/datasets/X_test.pkl
[2024-10-08T21:47:55.516+0500] {s3.py:1387} INFO - Downloading source S3 file from Bucket test-bucket-nicolas-1 with path NicolasPal/project1/lr/datasets/X_val.pkl
[2024-10-08T21:47:56.095+0500] {s3.py:1387} INFO - Downloading source S3 file from Bucket test-bucket-nicolas-1 with path NicolasPal/project1/lr/datasets/y_train.pkl
[2024-10-08T21:47:56.797+0500] {s3.py:1387} INFO - Downloading source S3 file from Bucket test-bucket-nicolas-1 with path NicolasPal/project1/lr/datasets/y_test.pkl
[2024-10-08T21:47:57.269+0500] {s3.py:1387} INFO - Downloading source S3 file from Bucket test-bucket-nicolas-1 with path NicolasPal/project1/lr/datasets/y_val.pkl
[2024-10-08T21:47:57.720+0500] {train_models.py:176} INFO - Данные для обучения модели из S3 загружены
[2024-10-08T21:47:57.834+0500] {migration.py:216} INFO - Context impl PostgresqlImpl.
[2024-10-08T21:47:57.834+0500] {migration.py:219} INFO - Will assume transactional DDL.
[2024-10-08T21:48:00.358+0500] {credentials.py:1147} INFO - Found credentials in environment variables.
[2024-10-08T21:48:09.384+0500] {logging_mixin.py:190} WARNING - Registered model 'sk-learn-lr-reg-model' already exists. Creating a new version of this model...
[2024-10-08T21:48:09.403+0500] {logging_mixin.py:190} WARNING - Created version '4' of model 'sk-learn-lr-reg-model'.
[2024-10-08T21:48:11.236+0500] {logging_mixin.py:190} WARNING - 2024/10/08 21:48:11 INFO mlflow.models.evaluation.default_evaluator: Computing model predictions.
[2024-10-08T21:48:11.254+0500] {logging_mixin.py:190} WARNING - /home/nicolaspc/anaconda3/envs/mlops_env/lib/python3.12/site-packages/sklearn/metrics/_regression.py:492 FutureWarning: 'squared' is deprecated in version 1.4 and will be removed in 1.6. To calculate the root mean squared error, use the function'root_mean_squared_error'.
[2024-10-08T21:48:11.257+0500] {logging_mixin.py:190} WARNING - 2024/10/08 21:48:11 INFO mlflow.models.evaluation.default_evaluator: Testing metrics on first row...
[2024-10-08T21:48:11.258+0500] {logging_mixin.py:190} WARNING - 2024/10/08 21:48:11 WARNING mlflow.models.evaluation.default_evaluator: SHAP or matplotlib package is not installed, so model explainability insights will not be logged.
[2024-10-08T21:48:11.291+0500] {train_models.py:233} INFO - Модели обучены, метрики сохранены
[2024-10-08T21:48:11.294+0500] {python.py:240} INFO - Done. Returned value was: {'model': 'lr', 'start_timestamp': '20241008 21:47', 'experiment_id': '141', 'get_data_start': '20241008 21:47', 'get_data_end': '20241008 21:47', 'data_shape': [20640, 9], 'prepare_data_start': '20241008 21:47', 'prepare_data_end': '20241008 21:47', 'features_name': ['MedInc', 'HouseAge', 'AveRooms', 'AveBedrms', 'Population', 'AveOccup', 'Latitude', 'Longitude'], 'train_model_start': '20241008 21:47', 'train_model_end': '20241008 21:48'}
[2024-10-08T21:48:11.333+0500] {taskinstance.py:340} INFO - ::group::Post task execution logs
[2024-10-08T21:48:11.333+0500] {taskinstance.py:352} INFO - Marking task as SUCCESS. dag_id=lr_train, task_id=train_model, run_id=manual__2024-10-08T16:47:29.937015+00:00, execution_date=20241008T164729, start_date=20241008T164750, end_date=20241008T164811
[2024-10-08T21:48:11.403+0500] {local_task_job_runner.py:261} INFO - Task exited with return code 0
[2024-10-08T21:48:11.424+0500] {taskinstance.py:3891} INFO - 1 downstream tasks scheduled from follow-on schedule check
[2024-10-08T21:48:11.426+0500] {local_task_job_runner.py:240} INFO - ::endgroup::
