[2024-08-12T13:20:07.317+0500] {local_task_job_runner.py:120} INFO - ::group::Pre task execution logs
[2024-08-12T13:20:07.333+0500] {taskinstance.py:2076} INFO - Dependencies all met for dep_context=non-requeueable deps ti=<TaskInstance: train.prepare_data scheduled__2024-08-11T01:00:00+00:00 [queued]>
[2024-08-12T13:20:07.341+0500] {taskinstance.py:2076} INFO - Dependencies all met for dep_context=requeueable deps ti=<TaskInstance: train.prepare_data scheduled__2024-08-11T01:00:00+00:00 [queued]>
[2024-08-12T13:20:07.341+0500] {taskinstance.py:2306} INFO - Starting attempt 1 of 1
[2024-08-12T13:20:07.353+0500] {taskinstance.py:2330} INFO - Executing <Task(PythonOperator): prepare_data> on 2024-08-11 01:00:00+00:00
[2024-08-12T13:20:07.365+0500] {standard_task_runner.py:90} INFO - Running: ['airflow', 'tasks', 'run', 'train', 'prepare_data', 'scheduled__2024-08-11T01:00:00+00:00', '--job-id', '246', '--raw', '--subdir', 'DAGS_FOLDER/.ipynb_checkpoints/train_dag-checkpoint.py', '--cfg-path', '/tmp/tmp31rlz5k0']
[2024-08-12T13:20:07.366+0500] {standard_task_runner.py:91} INFO - Job 246: Subtask prepare_data
[2024-08-12T13:20:07.366+0500] {logging_mixin.py:188} WARNING - /home/nicolaspc/anaconda3/envs/mlops_env/lib/python3.12/site-packages/airflow/task/task_runner/standard_task_runner.py:62 DeprecationWarning: This process (pid=14774) is multi-threaded, use of fork() may lead to deadlocks in the child.
[2024-08-12T13:20:07.367+0500] {standard_task_runner.py:64} INFO - Started process 14865 to run task
[2024-08-12T13:20:07.421+0500] {task_command.py:426} INFO - Running <TaskInstance: train.prepare_data scheduled__2024-08-11T01:00:00+00:00 [running]> on host nicolaspc-HP-Pavilion-Laptop-15-eh1xxx
[2024-08-12T13:20:07.508+0500] {taskinstance.py:2648} INFO - Exporting env vars: AIRFLOW_CTX_DAG_OWNER='Nicolas Pal' AIRFLOW_CTX_DAG_ID='train' AIRFLOW_CTX_TASK_ID='prepare_data' AIRFLOW_CTX_EXECUTION_DATE='2024-08-11T01:00:00+00:00' AIRFLOW_CTX_TRY_NUMBER='1' AIRFLOW_CTX_DAG_RUN_ID='scheduled__2024-08-11T01:00:00+00:00'
[2024-08-12T13:20:07.509+0500] {taskinstance.py:430} INFO - ::endgroup::
[2024-08-12T13:20:07.518+0500] {s3.py:1387} INFO - Downloading source S3 file from Bucket test-bucket-nicolas-1 with path datasets/california_housing.pkl
[2024-08-12T13:20:07.540+0500] {base.py:84} INFO - Using connection ID 'aws_default' for task execution.
[2024-08-12T13:20:07.540+0500] {connection_wrapper.py:384} INFO - AWS Connection (conn_id='aws_default', conn_type='aws') credentials retrieved from login and password.
[2024-08-12T13:20:15.743+0500] {train_dag-checkpoint.py:117} INFO - Data preparation finished.
[2024-08-12T13:20:15.747+0500] {python.py:237} INFO - Done. Returned value was: None
[2024-08-12T13:20:15.748+0500] {taskinstance.py:441} INFO - ::group::Post task execution logs
[2024-08-12T13:20:15.764+0500] {taskinstance.py:1206} INFO - Marking task as SUCCESS. dag_id=train, task_id=prepare_data, run_id=scheduled__2024-08-11T01:00:00+00:00, execution_date=20240811T010000, start_date=20240812T082007, end_date=20240812T082015
[2024-08-12T13:20:15.825+0500] {local_task_job_runner.py:243} INFO - Task exited with return code 0
[2024-08-12T13:20:15.862+0500] {taskinstance.py:3503} INFO - 1 downstream tasks scheduled from follow-on schedule check
[2024-08-12T13:20:15.865+0500] {local_task_job_runner.py:222} INFO - ::endgroup::
