[2024-10-09T10:37:07.975+0500] {local_task_job_runner.py:123} INFO - ::group::Pre task execution logs
[2024-10-09T10:37:07.993+0500] {taskinstance.py:2603} INFO - Dependencies all met for dep_context=non-requeueable deps ti=<TaskInstance: 3_models_NicolasPal.prepare_data manual__2024-10-09T05:36:57.475186+00:00 [queued]>
[2024-10-09T10:37:08.000+0500] {taskinstance.py:2603} INFO - Dependencies all met for dep_context=requeueable deps ti=<TaskInstance: 3_models_NicolasPal.prepare_data manual__2024-10-09T05:36:57.475186+00:00 [queued]>
[2024-10-09T10:37:08.000+0500] {taskinstance.py:2856} INFO - Starting attempt 1 of 1
[2024-10-09T10:37:08.138+0500] {taskinstance.py:2879} INFO - Executing <Task(PythonOperator): prepare_data> on 2024-10-09 05:36:57.475186+00:00
[2024-10-09T10:37:08.151+0500] {logging_mixin.py:190} WARNING - /home/nicolaspc/anaconda3/envs/mlops_env/lib/python3.12/site-packages/***/task/task_runner/standard_task_runner.py:70 DeprecationWarning: This process (pid=19882) is multi-threaded, use of fork() may lead to deadlocks in the child.
[2024-10-09T10:37:08.152+0500] {standard_task_runner.py:72} INFO - Started process 19926 to run task
[2024-10-09T10:37:08.151+0500] {standard_task_runner.py:104} INFO - Running: ['***', 'tasks', 'run', '3_models_NicolasPal', 'prepare_data', 'manual__2024-10-09T05:36:57.475186+00:00', '--job-id', '1006', '--raw', '--subdir', 'DAGS_FOLDER/project_2.py', '--cfg-path', '/tmp/tmpofxhsl6i']
[2024-10-09T10:37:08.153+0500] {standard_task_runner.py:105} INFO - Job 1006: Subtask prepare_data
[2024-10-09T10:37:08.205+0500] {task_command.py:467} INFO - Running <TaskInstance: 3_models_NicolasPal.prepare_data manual__2024-10-09T05:36:57.475186+00:00 [running]> on host nicolaspc-HP-Pavilion-Laptop-15-eh1xxx
[2024-10-09T10:37:08.294+0500] {taskinstance.py:3122} INFO - Exporting env vars: AIRFLOW_CTX_DAG_OWNER='Nicolas Pal' AIRFLOW_CTX_DAG_ID='3_models_NicolasPal' AIRFLOW_CTX_TASK_ID='prepare_data' AIRFLOW_CTX_EXECUTION_DATE='2024-10-09T05:36:57.475186+00:00' AIRFLOW_CTX_TRY_NUMBER='1' AIRFLOW_CTX_DAG_RUN_ID='manual__2024-10-09T05:36:57.475186+00:00'
[2024-10-09T10:37:08.295+0500] {taskinstance.py:731} INFO - ::endgroup::
[2024-10-09T10:37:08.323+0500] {s3.py:1387} INFO - Downloading source S3 file from Bucket test-bucket-nicolas-1 with path NicolasPal/project2/datasets/california_housing.pkl
[2024-10-09T10:37:08.338+0500] {base.py:84} INFO - Retrieving connection 's3_connection'
[2024-10-09T10:37:08.339+0500] {connection_wrapper.py:384} INFO - AWS Connection (conn_id='s3_connection', conn_type='aws') credentials retrieved from login and password.
[2024-10-09T10:37:11.862+0500] {project_2.py:142} INFO - Данные для обработки из S3 загружены
[2024-10-09T10:37:11.881+0500] {base.py:84} INFO - Retrieving connection 's3_connection'
[2024-10-09T10:37:11.881+0500] {connection_wrapper.py:384} INFO - AWS Connection (conn_id='s3_connection', conn_type='aws') credentials retrieved from login and password.
[2024-10-09T10:37:14.898+0500] {project_2.py:162} INFO - Данные подготовлены и сохранены на S3
[2024-10-09T10:37:14.900+0500] {python.py:240} INFO - Done. Returned value was: {'start_tiemstamp': '20241009 10:36', 'experiment_id': '170', 'parent_run_id': '67624ba0b791436298f772ab8fee88bf', 'get_data_start': '20241009 10:37', 'get_data_end': '20241009 10:37', 'data_shape': [20640, 9], 'prepare_data_start': '20241009 10:37', 'prepare_data_end': '20241009 10:37', 'features_name': ['MedInc', 'HouseAge', 'AveRooms', 'AveBedrms', 'Population', 'AveOccup', 'Latitude', 'Longitude']}
[2024-10-09T10:37:14.935+0500] {taskinstance.py:340} INFO - ::group::Post task execution logs
[2024-10-09T10:37:14.936+0500] {taskinstance.py:352} INFO - Marking task as SUCCESS. dag_id=3_models_NicolasPal, task_id=prepare_data, run_id=manual__2024-10-09T05:36:57.475186+00:00, execution_date=20241009T053657, start_date=20241009T053707, end_date=20241009T053714
[2024-10-09T10:37:15.001+0500] {local_task_job_runner.py:261} INFO - Task exited with return code 0
[2024-10-09T10:37:15.026+0500] {taskinstance.py:3891} INFO - 3 downstream tasks scheduled from follow-on schedule check
[2024-10-09T10:37:15.029+0500] {local_task_job_runner.py:240} INFO - ::endgroup::
