[2024-08-19T17:52:05.820+0500] {local_task_job_runner.py:123} INFO - ::group::Pre task execution logs
[2024-08-19T17:52:05.838+0500] {taskinstance.py:2603} INFO - Dependencies all met for dep_context=non-requeueable deps ti=<TaskInstance: 3_models_dag.train_lr manual__2024-08-19T12:51:58.751130+00:00 [queued]>
[2024-08-19T17:52:05.846+0500] {taskinstance.py:2603} INFO - Dependencies all met for dep_context=requeueable deps ti=<TaskInstance: 3_models_dag.train_lr manual__2024-08-19T12:51:58.751130+00:00 [queued]>
[2024-08-19T17:52:05.846+0500] {taskinstance.py:2856} INFO - Starting attempt 1 of 1
[2024-08-19T17:52:05.857+0500] {taskinstance.py:2879} INFO - Executing <Task(PythonOperator): train_lr> on 2024-08-19 12:51:58.751130+00:00
[2024-08-19T17:52:05.869+0500] {logging_mixin.py:190} WARNING - /home/nicolaspc/anaconda3/envs/mlops_env/lib/python3.12/site-packages/***/task/task_runner/standard_task_runner.py:70 DeprecationWarning: This process (pid=21135) is multi-threaded, use of fork() may lead to deadlocks in the child.
[2024-08-19T17:52:05.870+0500] {standard_task_runner.py:72} INFO - Started process 21210 to run task
[2024-08-19T17:52:05.870+0500] {standard_task_runner.py:104} INFO - Running: ['***', 'tasks', 'run', '3_models_dag', 'train_lr', 'manual__2024-08-19T12:51:58.751130+00:00', '--job-id', '40', '--raw', '--subdir', 'DAGS_FOLDER/.ipynb_checkpoints/train_models-2-checkpoint.py', '--cfg-path', '/tmp/tmp8y_5jhej']
[2024-08-19T17:52:05.872+0500] {standard_task_runner.py:105} INFO - Job 40: Subtask train_lr
[2024-08-19T17:52:05.926+0500] {task_command.py:467} INFO - Running <TaskInstance: 3_models_dag.train_lr manual__2024-08-19T12:51:58.751130+00:00 [running]> on host nicolaspc-HP-Pavilion-Laptop-15-eh1xxx
[2024-08-19T17:52:06.013+0500] {taskinstance.py:3122} INFO - Exporting env vars: AIRFLOW_CTX_DAG_OWNER='Nicolas Pal' AIRFLOW_CTX_DAG_ID='3_models_dag' AIRFLOW_CTX_TASK_ID='train_lr' AIRFLOW_CTX_EXECUTION_DATE='2024-08-19T12:51:58.751130+00:00' AIRFLOW_CTX_TRY_NUMBER='1' AIRFLOW_CTX_DAG_RUN_ID='manual__2024-08-19T12:51:58.751130+00:00'
[2024-08-19T17:52:06.014+0500] {taskinstance.py:731} INFO - ::endgroup::
[2024-08-19T17:52:06.037+0500] {s3.py:1387} INFO - Downloading source S3 file from Bucket test-bucket-nicolas-1 with path dataset/X_train.pkl
[2024-08-19T17:52:06.051+0500] {base.py:84} INFO - Retrieving connection 'aws_default'
[2024-08-19T17:52:06.070+0500] {credentials.py:1147} INFO - Found credentials in environment variables.
[2024-08-19T17:52:08.802+0500] {s3.py:1387} INFO - Downloading source S3 file from Bucket test-bucket-nicolas-1 with path dataset/X_test.pkl
[2024-08-19T17:52:09.438+0500] {s3.py:1387} INFO - Downloading source S3 file from Bucket test-bucket-nicolas-1 with path dataset/y_train.pkl
[2024-08-19T17:52:10.225+0500] {s3.py:1387} INFO - Downloading source S3 file from Bucket test-bucket-nicolas-1 with path dataset/y_test.pkl
[2024-08-19T17:52:10.670+0500] {train_models-2-checkpoint.py:109} INFO - Данные загружены
[2024-08-19T17:52:10.683+0500] {python.py:240} INFO - Done. Returned value was: {'start_tiemstamp': '20240819 17:52', 'data_download_start': '20240819 17:52', 'lr_train_start': '20240819 17:52', 'lr_train_end': '20240819 17:52', 'lr_R^2_score': 0.575787706032451, 'lr_rmse': 0.7455813830127763, 'lr_mae': 0.4102330008496219}
[2024-08-19T17:52:10.730+0500] {taskinstance.py:340} INFO - ::group::Post task execution logs
[2024-08-19T17:52:10.731+0500] {taskinstance.py:352} INFO - Marking task as SUCCESS. dag_id=3_models_dag, task_id=train_lr, run_id=manual__2024-08-19T12:51:58.751130+00:00, execution_date=20240819T125158, start_date=20240819T125205, end_date=20240819T125210
[2024-08-19T17:52:10.783+0500] {local_task_job_runner.py:261} INFO - Task exited with return code 0
[2024-08-19T17:52:10.805+0500] {taskinstance.py:3891} INFO - 0 downstream tasks scheduled from follow-on schedule check
[2024-08-19T17:52:10.808+0500] {local_task_job_runner.py:240} INFO - ::endgroup::
