[2024-10-02T19:19:19.847+0500] {local_task_job_runner.py:123} INFO - ::group::Pre task execution logs
[2024-10-02T19:19:19.869+0500] {taskinstance.py:2603} INFO - Dependencies all met for dep_context=non-requeueable deps ti=<TaskInstance: lr_train.train_model manual__2024-10-02T14:19:03.757569+00:00 [queued]>
[2024-10-02T19:19:19.879+0500] {taskinstance.py:2603} INFO - Dependencies all met for dep_context=requeueable deps ti=<TaskInstance: lr_train.train_model manual__2024-10-02T14:19:03.757569+00:00 [queued]>
[2024-10-02T19:19:19.879+0500] {taskinstance.py:2856} INFO - Starting attempt 1 of 1
[2024-10-02T19:19:19.893+0500] {taskinstance.py:2879} INFO - Executing <Task(PythonOperator): train_model> on 2024-10-02 14:19:03.757569+00:00
[2024-10-02T19:19:19.908+0500] {logging_mixin.py:190} WARNING - /home/nicolaspc/anaconda3/envs/mlops_env/lib/python3.12/site-packages/***/task/task_runner/standard_task_runner.py:70 DeprecationWarning: This process (pid=19407) is multi-threaded, use of fork() may lead to deadlocks in the child.
[2024-10-02T19:19:19.909+0500] {standard_task_runner.py:72} INFO - Started process 19489 to run task
[2024-10-02T19:19:19.908+0500] {standard_task_runner.py:104} INFO - Running: ['***', 'tasks', 'run', 'lr_train', 'train_model', 'manual__2024-10-02T14:19:03.757569+00:00', '--job-id', '492', '--raw', '--subdir', 'DAGS_FOLDER/train_models.py', '--cfg-path', '/tmp/tmpcxw08f2o']
[2024-10-02T19:19:19.910+0500] {standard_task_runner.py:105} INFO - Job 492: Subtask train_model
[2024-10-02T19:19:19.970+0500] {task_command.py:467} INFO - Running <TaskInstance: lr_train.train_model manual__2024-10-02T14:19:03.757569+00:00 [running]> on host nicolaspc-HP-Pavilion-Laptop-15-eh1xxx
[2024-10-02T19:19:20.057+0500] {taskinstance.py:3122} INFO - Exporting env vars: AIRFLOW_CTX_DAG_OWNER='Nicolas Pal' AIRFLOW_CTX_DAG_ID='lr_train' AIRFLOW_CTX_TASK_ID='train_model' AIRFLOW_CTX_EXECUTION_DATE='2024-10-02T14:19:03.757569+00:00' AIRFLOW_CTX_TRY_NUMBER='1' AIRFLOW_CTX_DAG_RUN_ID='manual__2024-10-02T14:19:03.757569+00:00'
[2024-10-02T19:19:20.059+0500] {taskinstance.py:731} INFO - ::endgroup::
[2024-10-02T19:19:20.084+0500] {s3.py:1387} INFO - Downloading source S3 file from Bucket test-bucket-nicolas-1 with path datasets/X_train.pkl
[2024-10-02T19:19:20.099+0500] {base.py:84} INFO - Retrieving connection 'aws_default'
[2024-10-02T19:19:20.099+0500] {connection_wrapper.py:384} INFO - AWS Connection (conn_id='aws_default', conn_type='aws') credentials retrieved from login and password.
[2024-10-02T19:19:27.772+0500] {s3.py:1387} INFO - Downloading source S3 file from Bucket test-bucket-nicolas-1 with path datasets/X_test.pkl
[2024-10-02T19:19:28.360+0500] {s3.py:1387} INFO - Downloading source S3 file from Bucket test-bucket-nicolas-1 with path datasets/y_train.pkl
[2024-10-02T19:19:29.037+0500] {s3.py:1387} INFO - Downloading source S3 file from Bucket test-bucket-nicolas-1 with path datasets/y_test.pkl
[2024-10-02T19:19:29.452+0500] {train_models.py:150} INFO - Данные для обучения модели из S3 загружены
[2024-10-02T19:19:29.474+0500] {train_models.py:175} INFO - Модели обучены, метрики сохранены
[2024-10-02T19:19:29.477+0500] {python.py:240} INFO - Done. Returned value was: {'model': 'lr', 'start_tiemstamp': '20241002 19:19', 'prepare_data_time,sec': 6.8, 'train_start': '20241002 19:19', 'train_end': '20241002 19:19', 'R^2_score': 0.575787706032451, 'rmse': 0.7455813830127763, 'mae': 0.4102330008496219, 'train_model, sec': 0.0}
[2024-10-02T19:19:29.511+0500] {taskinstance.py:340} INFO - ::group::Post task execution logs
[2024-10-02T19:19:29.512+0500] {taskinstance.py:352} INFO - Marking task as SUCCESS. dag_id=lr_train, task_id=train_model, run_id=manual__2024-10-02T14:19:03.757569+00:00, execution_date=20241002T141903, start_date=20241002T141919, end_date=20241002T141929
[2024-10-02T19:19:29.573+0500] {local_task_job_runner.py:261} INFO - Task exited with return code 0
[2024-10-02T19:19:29.594+0500] {taskinstance.py:3891} INFO - 1 downstream tasks scheduled from follow-on schedule check
[2024-10-02T19:19:29.597+0500] {local_task_job_runner.py:240} INFO - ::endgroup::
