[2024-10-08T21:47:30.413+0500] {local_task_job_runner.py:123} INFO - ::group::Pre task execution logs
[2024-10-08T21:47:30.440+0500] {taskinstance.py:2603} INFO - Dependencies all met for dep_context=non-requeueable deps ti=<TaskInstance: hgb_train.init manual__2024-10-08T16:47:28.431168+00:00 [queued]>
[2024-10-08T21:47:30.453+0500] {taskinstance.py:2603} INFO - Dependencies all met for dep_context=requeueable deps ti=<TaskInstance: hgb_train.init manual__2024-10-08T16:47:28.431168+00:00 [queued]>
[2024-10-08T21:47:30.453+0500] {taskinstance.py:2856} INFO - Starting attempt 1 of 1
[2024-10-08T21:47:30.470+0500] {taskinstance.py:2879} INFO - Executing <Task(PythonOperator): init> on 2024-10-08 16:47:28.431168+00:00
[2024-10-08T21:47:30.487+0500] {logging_mixin.py:190} WARNING - /home/nicolaspc/anaconda3/envs/mlops_env/lib/python3.12/site-packages/***/task/task_runner/standard_task_runner.py:70 DeprecationWarning: This process (pid=60671) is multi-threaded, use of fork() may lead to deadlocks in the child.
[2024-10-08T21:47:30.488+0500] {standard_task_runner.py:72} INFO - Started process 60745 to run task
[2024-10-08T21:47:30.487+0500] {standard_task_runner.py:104} INFO - Running: ['***', 'tasks', 'run', 'hgb_train', 'init', 'manual__2024-10-08T16:47:28.431168+00:00', '--job-id', '912', '--raw', '--subdir', 'DAGS_FOLDER/train_models.py', '--cfg-path', '/tmp/tmpq5umoppw']
[2024-10-08T21:47:30.490+0500] {standard_task_runner.py:105} INFO - Job 912: Subtask init
[2024-10-08T21:47:30.558+0500] {task_command.py:467} INFO - Running <TaskInstance: hgb_train.init manual__2024-10-08T16:47:28.431168+00:00 [running]> on host nicolaspc-HP-Pavilion-Laptop-15-eh1xxx
[2024-10-08T21:47:30.647+0500] {taskinstance.py:3122} INFO - Exporting env vars: AIRFLOW_CTX_DAG_OWNER='Nicolas Pal' AIRFLOW_CTX_DAG_ID='hgb_train' AIRFLOW_CTX_TASK_ID='init' AIRFLOW_CTX_EXECUTION_DATE='2024-10-08T16:47:28.431168+00:00' AIRFLOW_CTX_TRY_NUMBER='1' AIRFLOW_CTX_DAG_RUN_ID='manual__2024-10-08T16:47:28.431168+00:00'
[2024-10-08T21:47:30.648+0500] {taskinstance.py:731} INFO - ::endgroup::
[2024-10-08T21:47:30.968+0500] {migration.py:216} INFO - Context impl PostgresqlImpl.
[2024-10-08T21:47:30.969+0500] {migration.py:219} INFO - Will assume transactional DDL.
[2024-10-08T21:47:31.001+0500] {python.py:240} INFO - Done. Returned value was: {'model': 'hgb', 'start_timestamp': '20241008 21:47', 'experiment_id': '132'}
[2024-10-08T21:47:31.038+0500] {taskinstance.py:340} INFO - ::group::Post task execution logs
[2024-10-08T21:47:31.039+0500] {taskinstance.py:352} INFO - Marking task as SUCCESS. dag_id=hgb_train, task_id=init, run_id=manual__2024-10-08T16:47:28.431168+00:00, execution_date=20241008T164728, start_date=20241008T164730, end_date=20241008T164731
[2024-10-08T21:47:31.112+0500] {local_task_job_runner.py:261} INFO - Task exited with return code 0
[2024-10-08T21:47:31.147+0500] {taskinstance.py:3891} INFO - 1 downstream tasks scheduled from follow-on schedule check
[2024-10-08T21:47:31.150+0500] {local_task_job_runner.py:240} INFO - ::endgroup::
