[2024-10-09T10:39:02.561+0500] {local_task_job_runner.py:123} INFO - ::group::Pre task execution logs
[2024-10-09T10:39:02.578+0500] {taskinstance.py:2603} INFO - Dependencies all met for dep_context=non-requeueable deps ti=<TaskInstance: hgb_train.init manual__2024-10-09T05:39:00.698977+00:00 [queued]>
[2024-10-09T10:39:02.585+0500] {taskinstance.py:2603} INFO - Dependencies all met for dep_context=requeueable deps ti=<TaskInstance: hgb_train.init manual__2024-10-09T05:39:00.698977+00:00 [queued]>
[2024-10-09T10:39:02.585+0500] {taskinstance.py:2856} INFO - Starting attempt 1 of 1
[2024-10-09T10:39:02.599+0500] {taskinstance.py:2879} INFO - Executing <Task(PythonOperator): init> on 2024-10-09 05:39:00.698977+00:00
[2024-10-09T10:39:02.612+0500] {logging_mixin.py:190} WARNING - /home/nicolaspc/anaconda3/envs/mlops_env/lib/python3.12/site-packages/***/task/task_runner/standard_task_runner.py:70 DeprecationWarning: This process (pid=21992) is multi-threaded, use of fork() may lead to deadlocks in the child.
[2024-10-09T10:39:02.613+0500] {standard_task_runner.py:72} INFO - Started process 22031 to run task
[2024-10-09T10:39:02.612+0500] {standard_task_runner.py:104} INFO - Running: ['***', 'tasks', 'run', 'hgb_train', 'init', 'manual__2024-10-09T05:39:00.698977+00:00', '--job-id', '1011', '--raw', '--subdir', 'DAGS_FOLDER/project_1.py', '--cfg-path', '/tmp/tmpcwkt91j5']
[2024-10-09T10:39:02.614+0500] {standard_task_runner.py:105} INFO - Job 1011: Subtask init
[2024-10-09T10:39:02.674+0500] {task_command.py:467} INFO - Running <TaskInstance: hgb_train.init manual__2024-10-09T05:39:00.698977+00:00 [running]> on host nicolaspc-HP-Pavilion-Laptop-15-eh1xxx
[2024-10-09T10:39:02.755+0500] {taskinstance.py:3122} INFO - Exporting env vars: AIRFLOW_CTX_DAG_OWNER='Nicolas Pal' AIRFLOW_CTX_DAG_ID='hgb_train' AIRFLOW_CTX_TASK_ID='init' AIRFLOW_CTX_EXECUTION_DATE='2024-10-09T05:39:00.698977+00:00' AIRFLOW_CTX_TRY_NUMBER='1' AIRFLOW_CTX_DAG_RUN_ID='manual__2024-10-09T05:39:00.698977+00:00'
[2024-10-09T10:39:02.756+0500] {taskinstance.py:731} INFO - ::endgroup::
[2024-10-09T10:39:03.012+0500] {migration.py:216} INFO - Context impl PostgresqlImpl.
[2024-10-09T10:39:03.012+0500] {migration.py:219} INFO - Will assume transactional DDL.
[2024-10-09T10:39:03.036+0500] {python.py:240} INFO - Done. Returned value was: {'model': 'hgb', 'start_timestamp': '20241009 10:39', 'experiment_id': '132'}
[2024-10-09T10:39:03.065+0500] {taskinstance.py:340} INFO - ::group::Post task execution logs
[2024-10-09T10:39:03.065+0500] {taskinstance.py:352} INFO - Marking task as SUCCESS. dag_id=hgb_train, task_id=init, run_id=manual__2024-10-09T05:39:00.698977+00:00, execution_date=20241009T053900, start_date=20241009T053902, end_date=20241009T053903
[2024-10-09T10:39:03.107+0500] {local_task_job_runner.py:261} INFO - Task exited with return code 0
[2024-10-09T10:39:03.135+0500] {taskinstance.py:3891} INFO - 1 downstream tasks scheduled from follow-on schedule check
[2024-10-09T10:39:03.138+0500] {local_task_job_runner.py:240} INFO - ::endgroup::
