[2024-09-19T08:13:14.606+0500] {local_task_job_runner.py:123} INFO - ::group::Pre task execution logs
[2024-09-19T08:13:14.644+0500] {taskinstance.py:2603} INFO - Dependencies all met for dep_context=non-requeueable deps ti=<TaskInstance: 3_models_dag.save_results scheduled__2024-09-18T01:00:00+00:00 [queued]>
[2024-09-19T08:13:14.664+0500] {taskinstance.py:2603} INFO - Dependencies all met for dep_context=requeueable deps ti=<TaskInstance: 3_models_dag.save_results scheduled__2024-09-18T01:00:00+00:00 [queued]>
[2024-09-19T08:13:14.664+0500] {taskinstance.py:2856} INFO - Starting attempt 1 of 1
[2024-09-19T08:13:14.686+0500] {taskinstance.py:2879} INFO - Executing <Task(PythonOperator): save_results> on 2024-09-18 01:00:00+00:00
[2024-09-19T08:13:14.702+0500] {logging_mixin.py:190} WARNING - /home/nicolaspc/anaconda3/envs/mlops_env/lib/python3.12/site-packages/***/task/task_runner/standard_task_runner.py:70 DeprecationWarning: This process (pid=10492) is multi-threaded, use of fork() may lead to deadlocks in the child.
[2024-09-19T08:13:14.703+0500] {standard_task_runner.py:72} INFO - Started process 10584 to run task
[2024-09-19T08:13:14.702+0500] {standard_task_runner.py:104} INFO - Running: ['***', 'tasks', 'run', '3_models_dag', 'save_results', 'scheduled__2024-09-18T01:00:00+00:00', '--job-id', '282', '--raw', '--subdir', 'DAGS_FOLDER/.ipynb_checkpoints/train_models-2-checkpoint.py', '--cfg-path', '/tmp/tmpoie9p5x_']
[2024-09-19T08:13:14.705+0500] {standard_task_runner.py:105} INFO - Job 282: Subtask save_results
[2024-09-19T08:13:14.788+0500] {task_command.py:467} INFO - Running <TaskInstance: 3_models_dag.save_results scheduled__2024-09-18T01:00:00+00:00 [running]> on host nicolaspc-HP-Pavilion-Laptop-15-eh1xxx
[2024-09-19T08:13:14.894+0500] {taskinstance.py:3122} INFO - Exporting env vars: AIRFLOW_CTX_DAG_OWNER='Nicolas Pal' AIRFLOW_CTX_DAG_ID='3_models_dag' AIRFLOW_CTX_TASK_ID='save_results' AIRFLOW_CTX_EXECUTION_DATE='2024-09-18T01:00:00+00:00' AIRFLOW_CTX_TRY_NUMBER='1' AIRFLOW_CTX_DAG_RUN_ID='scheduled__2024-09-18T01:00:00+00:00'
[2024-09-19T08:13:14.895+0500] {taskinstance.py:731} INFO - ::endgroup::
[2024-09-19T08:13:14.924+0500] {base.py:84} INFO - Retrieving connection 'aws_default'
[2024-09-19T08:13:14.924+0500] {connection_wrapper.py:384} INFO - AWS Connection (conn_id='aws_default', conn_type='aws') credentials retrieved from login and password.
[2024-09-19T08:13:15.972+0500] {python.py:240} INFO - Done. Returned value was: None
[2024-09-19T08:13:15.988+0500] {taskinstance.py:340} INFO - ::group::Post task execution logs
[2024-09-19T08:13:15.989+0500] {taskinstance.py:352} INFO - Marking task as SUCCESS. dag_id=3_models_dag, task_id=save_results, run_id=scheduled__2024-09-18T01:00:00+00:00, execution_date=20240918T010000, start_date=20240919T031314, end_date=20240919T031315
[2024-09-19T08:13:16.056+0500] {local_task_job_runner.py:261} INFO - Task exited with return code 0
[2024-09-19T08:13:16.088+0500] {taskinstance.py:3891} INFO - 0 downstream tasks scheduled from follow-on schedule check
[2024-09-19T08:13:16.096+0500] {local_task_job_runner.py:240} INFO - ::endgroup::
