[2024-08-19T11:08:31.628+0500] {local_task_job_runner.py:120} INFO - ::group::Pre task execution logs
[2024-08-19T11:08:31.648+0500] {taskinstance.py:2076} INFO - Dependencies all met for dep_context=non-requeueable deps ti=<TaskInstance: 3_models_dag.train_lr manual__2024-08-19T06:08:23.428322+00:00 [queued]>
[2024-08-19T11:08:31.655+0500] {taskinstance.py:2076} INFO - Dependencies all met for dep_context=requeueable deps ti=<TaskInstance: 3_models_dag.train_lr manual__2024-08-19T06:08:23.428322+00:00 [queued]>
[2024-08-19T11:08:31.655+0500] {taskinstance.py:2306} INFO - Starting attempt 1 of 1
[2024-08-19T11:08:31.668+0500] {taskinstance.py:2330} INFO - Executing <Task(PythonOperator): train_lr> on 2024-08-19 06:08:23.428322+00:00
[2024-08-19T11:08:31.679+0500] {standard_task_runner.py:90} INFO - Running: ['airflow', 'tasks', 'run', '3_models_dag', 'train_lr', 'manual__2024-08-19T06:08:23.428322+00:00', '--job-id', '323', '--raw', '--subdir', 'DAGS_FOLDER/train_models-2.py', '--cfg-path', '/tmp/tmp2krliptz']
[2024-08-19T11:08:31.681+0500] {standard_task_runner.py:91} INFO - Job 323: Subtask train_lr
[2024-08-19T11:08:31.683+0500] {logging_mixin.py:188} WARNING - /home/nicolaspc/anaconda3/envs/mlops_env/lib/python3.12/site-packages/airflow/task/task_runner/standard_task_runner.py:62 DeprecationWarning: This process (pid=6320) is multi-threaded, use of fork() may lead to deadlocks in the child.
[2024-08-19T11:08:31.684+0500] {standard_task_runner.py:64} INFO - Started process 6390 to run task
[2024-08-19T11:08:31.738+0500] {task_command.py:426} INFO - Running <TaskInstance: 3_models_dag.train_lr manual__2024-08-19T06:08:23.428322+00:00 [running]> on host nicolaspc-HP-Pavilion-Laptop-15-eh1xxx
[2024-08-19T11:08:31.826+0500] {taskinstance.py:2648} INFO - Exporting env vars: AIRFLOW_CTX_DAG_OWNER='Nicolas Pal' AIRFLOW_CTX_DAG_ID='3_models_dag' AIRFLOW_CTX_TASK_ID='train_lr' AIRFLOW_CTX_EXECUTION_DATE='2024-08-19T06:08:23.428322+00:00' AIRFLOW_CTX_TRY_NUMBER='1' AIRFLOW_CTX_DAG_RUN_ID='manual__2024-08-19T06:08:23.428322+00:00'
[2024-08-19T11:08:31.827+0500] {taskinstance.py:430} INFO - ::endgroup::
[2024-08-19T11:08:31.852+0500] {s3.py:1387} INFO - Downloading source S3 file from Bucket test-bucket-nicolas-1 with path dataset/X_train.pkl
[2024-08-19T11:08:31.866+0500] {base.py:84} INFO - Using connection ID 'aws_default' for task execution.
[2024-08-19T11:08:31.866+0500] {connection_wrapper.py:384} INFO - AWS Connection (conn_id='aws_default', conn_type='aws') credentials retrieved from login and password.
[2024-08-19T11:08:36.574+0500] {s3.py:1387} INFO - Downloading source S3 file from Bucket test-bucket-nicolas-1 with path dataset/X_test.pkl
[2024-08-19T11:08:37.476+0500] {s3.py:1387} INFO - Downloading source S3 file from Bucket test-bucket-nicolas-1 with path dataset/y_train.pkl
[2024-08-19T11:08:38.892+0500] {s3.py:1387} INFO - Downloading source S3 file from Bucket test-bucket-nicolas-1 with path dataset/y_test.pkl
[2024-08-19T11:08:39.519+0500] {train_models-2.py:116} INFO - Данные загружены
[2024-08-19T11:08:39.536+0500] {python.py:237} INFO - Done. Returned value was: {'start_tiemstamp': '20240819 11:08', 'lr_train_start': '20240819 11:08', 'lr_train_end': '20240819 11:08', 'lr_R^2_score': 0.575787706032451, 'lr_rmse': 0.7455813830127763, 'lr_mae': 0.4102330008496219}
[2024-08-19T11:08:39.537+0500] {taskinstance.py:441} INFO - ::group::Post task execution logs
[2024-08-19T11:08:39.584+0500] {taskinstance.py:1206} INFO - Marking task as SUCCESS. dag_id=3_models_dag, task_id=train_lr, run_id=manual__2024-08-19T06:08:23.428322+00:00, execution_date=20240819T060823, start_date=20240819T060831, end_date=20240819T060839
[2024-08-19T11:08:39.650+0500] {local_task_job_runner.py:243} INFO - Task exited with return code 0
[2024-08-19T11:08:39.673+0500] {taskinstance.py:3503} INFO - 0 downstream tasks scheduled from follow-on schedule check
[2024-08-19T11:08:39.676+0500] {local_task_job_runner.py:222} INFO - ::endgroup::
