[2024-10-10T05:46:52.674+0500] {local_task_job_runner.py:123} INFO - ::group::Pre task execution logs
[2024-10-10T05:46:52.693+0500] {taskinstance.py:2603} INFO - Dependencies all met for dep_context=non-requeueable deps ti=<TaskInstance: lr_train.get_data manual__2024-10-10T00:46:48.565688+00:00 [queued]>
[2024-10-10T05:46:52.700+0500] {taskinstance.py:2603} INFO - Dependencies all met for dep_context=requeueable deps ti=<TaskInstance: lr_train.get_data manual__2024-10-10T00:46:48.565688+00:00 [queued]>
[2024-10-10T05:46:52.700+0500] {taskinstance.py:2856} INFO - Starting attempt 1 of 1
[2024-10-10T05:46:52.715+0500] {taskinstance.py:2879} INFO - Executing <Task(PythonOperator): get_data> on 2024-10-10 00:46:48.565688+00:00
[2024-10-10T05:46:52.727+0500] {logging_mixin.py:190} WARNING - /home/nicolaspc/anaconda3/envs/mlops_env/lib/python3.12/site-packages/***/task/task_runner/standard_task_runner.py:70 DeprecationWarning: This process (pid=10815) is multi-threaded, use of fork() may lead to deadlocks in the child.
[2024-10-10T05:46:52.728+0500] {standard_task_runner.py:72} INFO - Started process 10873 to run task
[2024-10-10T05:46:52.727+0500] {standard_task_runner.py:104} INFO - Running: ['***', 'tasks', 'run', 'lr_train', 'get_data', 'manual__2024-10-10T00:46:48.565688+00:00', '--job-id', '1027', '--raw', '--subdir', 'DAGS_FOLDER/train_models.py', '--cfg-path', '/tmp/tmpnsstfv2l']
[2024-10-10T05:46:52.728+0500] {standard_task_runner.py:105} INFO - Job 1027: Subtask get_data
[2024-10-10T05:46:52.780+0500] {task_command.py:467} INFO - Running <TaskInstance: lr_train.get_data manual__2024-10-10T00:46:48.565688+00:00 [running]> on host nicolaspc-HP-Pavilion-Laptop-15-eh1xxx
[2024-10-10T05:46:52.866+0500] {taskinstance.py:3122} INFO - Exporting env vars: AIRFLOW_CTX_DAG_OWNER='Nicolas Pal' AIRFLOW_CTX_DAG_ID='lr_train' AIRFLOW_CTX_TASK_ID='get_data' AIRFLOW_CTX_EXECUTION_DATE='2024-10-10T00:46:48.565688+00:00' AIRFLOW_CTX_TRY_NUMBER='1' AIRFLOW_CTX_DAG_RUN_ID='manual__2024-10-10T00:46:48.565688+00:00'
[2024-10-10T05:46:52.867+0500] {taskinstance.py:731} INFO - ::endgroup::
[2024-10-10T05:46:52.902+0500] {base.py:84} INFO - Retrieving connection 'pg_connection'
[2024-10-10T05:46:52.934+0500] {base.py:84} INFO - Retrieving connection 's3_connection'
[2024-10-10T05:46:52.934+0500] {connection_wrapper.py:384} INFO - AWS Connection (conn_id='s3_connection', conn_type='aws') credentials retrieved from login and password.
[2024-10-10T05:46:54.587+0500] {train_models.py:84} INFO - Данные загружены из б/д и сохранены на S3
[2024-10-10T05:46:54.591+0500] {python.py:240} INFO - Done. Returned value was: {'model': 'lr', 'start_timestamp': '20241010 05:46', 'get_data_start': '20241010 05:46', 'get_data_end': '20241010 05:46', 'data_shape': (20640, 9)}
[2024-10-10T05:46:54.654+0500] {taskinstance.py:340} INFO - ::group::Post task execution logs
[2024-10-10T05:46:54.654+0500] {taskinstance.py:352} INFO - Marking task as SUCCESS. dag_id=lr_train, task_id=get_data, run_id=manual__2024-10-10T00:46:48.565688+00:00, execution_date=20241010T004648, start_date=20241010T004652, end_date=20241010T004654
[2024-10-10T05:46:54.714+0500] {local_task_job_runner.py:261} INFO - Task exited with return code 0
[2024-10-10T05:46:54.740+0500] {taskinstance.py:3891} INFO - 1 downstream tasks scheduled from follow-on schedule check
[2024-10-10T05:46:54.743+0500] {local_task_job_runner.py:240} INFO - ::endgroup::
