[2024-10-02T19:18:23.137+0500] {local_task_job_runner.py:123} INFO - ::group::Pre task execution logs
[2024-10-02T19:18:23.156+0500] {taskinstance.py:2603} INFO - Dependencies all met for dep_context=non-requeueable deps ti=<TaskInstance: rf_train.train_model manual__2024-10-02T14:18:14.980669+00:00 [queued]>
[2024-10-02T19:18:23.165+0500] {taskinstance.py:2603} INFO - Dependencies all met for dep_context=requeueable deps ti=<TaskInstance: rf_train.train_model manual__2024-10-02T14:18:14.980669+00:00 [queued]>
[2024-10-02T19:18:23.166+0500] {taskinstance.py:2856} INFO - Starting attempt 1 of 1
[2024-10-02T19:18:23.176+0500] {taskinstance.py:2879} INFO - Executing <Task(PythonOperator): train_model> on 2024-10-02 14:18:14.980669+00:00
[2024-10-02T19:18:23.189+0500] {logging_mixin.py:190} WARNING - /home/nicolaspc/anaconda3/envs/mlops_env/lib/python3.12/site-packages/***/task/task_runner/standard_task_runner.py:70 DeprecationWarning: This process (pid=18174) is multi-threaded, use of fork() may lead to deadlocks in the child.
[2024-10-02T19:18:23.190+0500] {standard_task_runner.py:72} INFO - Started process 18220 to run task
[2024-10-02T19:18:23.189+0500] {standard_task_runner.py:104} INFO - Running: ['***', 'tasks', 'run', 'rf_train', 'train_model', 'manual__2024-10-02T14:18:14.980669+00:00', '--job-id', '484', '--raw', '--subdir', 'DAGS_FOLDER/.ipynb_checkpoints/train_models-checkpoint.py', '--cfg-path', '/tmp/tmp8b29n97c']
[2024-10-02T19:18:23.191+0500] {standard_task_runner.py:105} INFO - Job 484: Subtask train_model
[2024-10-02T19:18:23.244+0500] {task_command.py:467} INFO - Running <TaskInstance: rf_train.train_model manual__2024-10-02T14:18:14.980669+00:00 [running]> on host nicolaspc-HP-Pavilion-Laptop-15-eh1xxx
[2024-10-02T19:18:23.330+0500] {taskinstance.py:3122} INFO - Exporting env vars: AIRFLOW_CTX_DAG_OWNER='Nicolas Pal' AIRFLOW_CTX_DAG_ID='rf_train' AIRFLOW_CTX_TASK_ID='train_model' AIRFLOW_CTX_EXECUTION_DATE='2024-10-02T14:18:14.980669+00:00' AIRFLOW_CTX_TRY_NUMBER='1' AIRFLOW_CTX_DAG_RUN_ID='manual__2024-10-02T14:18:14.980669+00:00'
[2024-10-02T19:18:23.332+0500] {taskinstance.py:731} INFO - ::endgroup::
[2024-10-02T19:18:23.355+0500] {s3.py:1387} INFO - Downloading source S3 file from Bucket test-bucket-nicolas-1 with path dataset/X_train.pkl
[2024-10-02T19:18:23.368+0500] {base.py:84} INFO - Retrieving connection 'aws_default'
[2024-10-02T19:18:23.368+0500] {connection_wrapper.py:384} INFO - AWS Connection (conn_id='aws_default', conn_type='aws') credentials retrieved from login and password.
[2024-10-02T19:18:34.494+0500] {s3.py:1387} INFO - Downloading source S3 file from Bucket test-bucket-nicolas-1 with path dataset/X_test.pkl
[2024-10-02T19:18:35.309+0500] {s3.py:1387} INFO - Downloading source S3 file from Bucket test-bucket-nicolas-1 with path dataset/y_train.pkl
[2024-10-02T19:18:36.193+0500] {s3.py:1387} INFO - Downloading source S3 file from Bucket test-bucket-nicolas-1 with path dataset/y_test.pkl
[2024-10-02T19:18:36.669+0500] {train_models-checkpoint.py:112} INFO - Данные загружены
[2024-10-02T19:18:47.944+0500] {python.py:240} INFO - Done. Returned value was: {'model': 'rf', 'start_tiemstamp': '20241002 19:18', 'train_start': '20241002 19:18', 'train_end': '20241002 19:18', 'R^2_score': 0.8080514663922646, 'rmse': 0.5015287447392737, 'mae': 0.19932505000000011}
[2024-10-02T19:18:47.979+0500] {taskinstance.py:340} INFO - ::group::Post task execution logs
[2024-10-02T19:18:47.980+0500] {taskinstance.py:352} INFO - Marking task as SUCCESS. dag_id=rf_train, task_id=train_model, run_id=manual__2024-10-02T14:18:14.980669+00:00, execution_date=20241002T141814, start_date=20241002T141823, end_date=20241002T141847
[2024-10-02T19:18:48.026+0500] {local_task_job_runner.py:261} INFO - Task exited with return code 0
[2024-10-02T19:18:48.048+0500] {taskinstance.py:3891} INFO - 1 downstream tasks scheduled from follow-on schedule check
[2024-10-02T19:18:48.051+0500] {local_task_job_runner.py:240} INFO - ::endgroup::
