[2024-09-19T08:08:28.900+0500] {processor.py:186} INFO - Started process (PID=5922) to work on /home/nicolaspc/airflow/dags/homework_stepik.py
[2024-09-19T08:08:28.901+0500] {processor.py:914} INFO - Processing file /home/nicolaspc/airflow/dags/homework_stepik.py for tasks to queue
[2024-09-19T08:08:28.903+0500] {logging_mixin.py:190} INFO - [2024-09-19T08:08:28.902+0500] {dagbag.py:587} INFO - Filling up the DagBag from /home/nicolaspc/airflow/dags/homework_stepik.py
[2024-09-19T08:08:30.105+0500] {processor.py:925} INFO - DAG(s) '3_models_dag_home' retrieved from /home/nicolaspc/airflow/dags/homework_stepik.py
[2024-09-19T08:08:30.173+0500] {logging_mixin.py:190} INFO - [2024-09-19T08:08:30.173+0500] {dag.py:3211} INFO - Sync 1 DAGs
[2024-09-19T08:08:30.174+0500] {logging_mixin.py:190} WARNING - Sync 1 DAGs
[2024-09-19T08:08:30.293+0500] {logging_mixin.py:190} INFO - [2024-09-19T08:08:30.293+0500] {dag.py:4138} INFO - Setting next_dagrun for 3_models_dag_home to 2024-09-19 01:00:00+00:00, run_after=2024-09-20 01:00:00+00:00
[2024-09-19T08:08:30.293+0500] {logging_mixin.py:190} WARNING - Setting next_dagrun for 3_models_dag_home to 2024-09-19 01:00:00+00:00, run_after=2024-09-20 01:00:00+00:00
[2024-09-19T08:08:30.318+0500] {processor.py:208} INFO - Processing /home/nicolaspc/airflow/dags/homework_stepik.py took 1.425 seconds
[2024-09-19T08:09:01.078+0500] {processor.py:186} INFO - Started process (PID=7108) to work on /home/nicolaspc/airflow/dags/homework_stepik.py
[2024-09-19T08:09:01.079+0500] {processor.py:914} INFO - Processing file /home/nicolaspc/airflow/dags/homework_stepik.py for tasks to queue
[2024-09-19T08:09:01.080+0500] {logging_mixin.py:190} INFO - [2024-09-19T08:09:01.080+0500] {dagbag.py:587} INFO - Filling up the DagBag from /home/nicolaspc/airflow/dags/homework_stepik.py
[2024-09-19T08:09:02.115+0500] {processor.py:925} INFO - DAG(s) '3_models_dag_home' retrieved from /home/nicolaspc/airflow/dags/homework_stepik.py
[2024-09-19T08:09:02.138+0500] {logging_mixin.py:190} INFO - [2024-09-19T08:09:02.138+0500] {dag.py:3211} INFO - Sync 1 DAGs
[2024-09-19T08:09:02.138+0500] {logging_mixin.py:190} WARNING - Sync 1 DAGs
[2024-09-19T08:09:02.255+0500] {logging_mixin.py:190} INFO - [2024-09-19T08:09:02.255+0500] {dag.py:4138} INFO - Setting next_dagrun for 3_models_dag_home to 2024-09-19 01:00:00+00:00, run_after=2024-09-20 01:00:00+00:00
[2024-09-19T08:09:02.255+0500] {logging_mixin.py:190} WARNING - Setting next_dagrun for 3_models_dag_home to 2024-09-19 01:00:00+00:00, run_after=2024-09-20 01:00:00+00:00
[2024-09-19T08:09:02.270+0500] {processor.py:208} INFO - Processing /home/nicolaspc/airflow/dags/homework_stepik.py took 1.196 seconds
[2024-09-19T08:09:32.430+0500] {processor.py:186} INFO - Started process (PID=7374) to work on /home/nicolaspc/airflow/dags/homework_stepik.py
[2024-09-19T08:09:32.431+0500] {processor.py:914} INFO - Processing file /home/nicolaspc/airflow/dags/homework_stepik.py for tasks to queue
[2024-09-19T08:09:32.432+0500] {logging_mixin.py:190} INFO - [2024-09-19T08:09:32.432+0500] {dagbag.py:587} INFO - Filling up the DagBag from /home/nicolaspc/airflow/dags/homework_stepik.py
[2024-09-19T08:09:33.427+0500] {processor.py:925} INFO - DAG(s) '3_models_dag_home' retrieved from /home/nicolaspc/airflow/dags/homework_stepik.py
[2024-09-19T08:09:33.600+0500] {logging_mixin.py:190} INFO - [2024-09-19T08:09:33.600+0500] {dag.py:3211} INFO - Sync 1 DAGs
[2024-09-19T08:09:33.600+0500] {logging_mixin.py:190} WARNING - Sync 1 DAGs
[2024-09-19T08:09:33.617+0500] {logging_mixin.py:190} INFO - [2024-09-19T08:09:33.617+0500] {dag.py:4138} INFO - Setting next_dagrun for 3_models_dag_home to 2024-09-19 01:00:00+00:00, run_after=2024-09-20 01:00:00+00:00
[2024-09-19T08:09:33.617+0500] {logging_mixin.py:190} WARNING - Setting next_dagrun for 3_models_dag_home to 2024-09-19 01:00:00+00:00, run_after=2024-09-20 01:00:00+00:00
[2024-09-19T08:09:33.641+0500] {processor.py:208} INFO - Processing /home/nicolaspc/airflow/dags/homework_stepik.py took 1.215 seconds
[2024-09-19T08:10:03.935+0500] {processor.py:186} INFO - Started process (PID=7639) to work on /home/nicolaspc/airflow/dags/homework_stepik.py
[2024-09-19T08:10:03.936+0500] {processor.py:914} INFO - Processing file /home/nicolaspc/airflow/dags/homework_stepik.py for tasks to queue
[2024-09-19T08:10:03.937+0500] {logging_mixin.py:190} INFO - [2024-09-19T08:10:03.937+0500] {dagbag.py:587} INFO - Filling up the DagBag from /home/nicolaspc/airflow/dags/homework_stepik.py
[2024-09-19T08:10:04.981+0500] {processor.py:925} INFO - DAG(s) '3_models_dag_home' retrieved from /home/nicolaspc/airflow/dags/homework_stepik.py
[2024-09-19T08:10:05.001+0500] {logging_mixin.py:190} INFO - [2024-09-19T08:10:05.001+0500] {dag.py:3211} INFO - Sync 1 DAGs
[2024-09-19T08:10:05.001+0500] {logging_mixin.py:190} WARNING - Sync 1 DAGs
[2024-09-19T08:10:05.017+0500] {logging_mixin.py:190} INFO - [2024-09-19T08:10:05.017+0500] {dag.py:4138} INFO - Setting next_dagrun for 3_models_dag_home to 2024-09-19 01:00:00+00:00, run_after=2024-09-20 01:00:00+00:00
[2024-09-19T08:10:05.017+0500] {logging_mixin.py:190} WARNING - Setting next_dagrun for 3_models_dag_home to 2024-09-19 01:00:00+00:00, run_after=2024-09-20 01:00:00+00:00
[2024-09-19T08:10:05.033+0500] {processor.py:208} INFO - Processing /home/nicolaspc/airflow/dags/homework_stepik.py took 1.102 seconds
[2024-09-19T08:10:35.628+0500] {processor.py:186} INFO - Started process (PID=7905) to work on /home/nicolaspc/airflow/dags/homework_stepik.py
[2024-09-19T08:10:35.629+0500] {processor.py:914} INFO - Processing file /home/nicolaspc/airflow/dags/homework_stepik.py for tasks to queue
[2024-09-19T08:10:35.630+0500] {logging_mixin.py:190} INFO - [2024-09-19T08:10:35.630+0500] {dagbag.py:587} INFO - Filling up the DagBag from /home/nicolaspc/airflow/dags/homework_stepik.py
[2024-09-19T08:10:36.731+0500] {processor.py:925} INFO - DAG(s) '3_models_dag_home' retrieved from /home/nicolaspc/airflow/dags/homework_stepik.py
[2024-09-19T08:10:36.800+0500] {logging_mixin.py:190} INFO - [2024-09-19T08:10:36.799+0500] {dag.py:3211} INFO - Sync 1 DAGs
[2024-09-19T08:10:36.800+0500] {logging_mixin.py:190} WARNING - Sync 1 DAGs
[2024-09-19T08:10:36.814+0500] {logging_mixin.py:190} INFO - [2024-09-19T08:10:36.814+0500] {dag.py:4138} INFO - Setting next_dagrun for 3_models_dag_home to 2024-09-19 01:00:00+00:00, run_after=2024-09-20 01:00:00+00:00
[2024-09-19T08:10:36.814+0500] {logging_mixin.py:190} WARNING - Setting next_dagrun for 3_models_dag_home to 2024-09-19 01:00:00+00:00, run_after=2024-09-20 01:00:00+00:00
[2024-09-19T08:10:36.830+0500] {processor.py:208} INFO - Processing /home/nicolaspc/airflow/dags/homework_stepik.py took 1.206 seconds
[2024-09-19T08:11:07.033+0500] {processor.py:186} INFO - Started process (PID=8178) to work on /home/nicolaspc/airflow/dags/homework_stepik.py
[2024-09-19T08:11:07.034+0500] {processor.py:914} INFO - Processing file /home/nicolaspc/airflow/dags/homework_stepik.py for tasks to queue
[2024-09-19T08:11:07.035+0500] {logging_mixin.py:190} INFO - [2024-09-19T08:11:07.035+0500] {dagbag.py:587} INFO - Filling up the DagBag from /home/nicolaspc/airflow/dags/homework_stepik.py
[2024-09-19T08:11:08.122+0500] {processor.py:925} INFO - DAG(s) '3_models_dag_home' retrieved from /home/nicolaspc/airflow/dags/homework_stepik.py
[2024-09-19T08:11:08.142+0500] {logging_mixin.py:190} INFO - [2024-09-19T08:11:08.142+0500] {dag.py:3211} INFO - Sync 1 DAGs
[2024-09-19T08:11:08.142+0500] {logging_mixin.py:190} WARNING - Sync 1 DAGs
[2024-09-19T08:11:08.158+0500] {logging_mixin.py:190} INFO - [2024-09-19T08:11:08.158+0500] {dag.py:4138} INFO - Setting next_dagrun for 3_models_dag_home to 2024-09-19 01:00:00+00:00, run_after=2024-09-20 01:00:00+00:00
[2024-09-19T08:11:08.158+0500] {logging_mixin.py:190} WARNING - Setting next_dagrun for 3_models_dag_home to 2024-09-19 01:00:00+00:00, run_after=2024-09-20 01:00:00+00:00
[2024-09-19T08:11:08.173+0500] {processor.py:208} INFO - Processing /home/nicolaspc/airflow/dags/homework_stepik.py took 1.144 seconds
[2024-09-19T08:11:38.340+0500] {processor.py:186} INFO - Started process (PID=8451) to work on /home/nicolaspc/airflow/dags/homework_stepik.py
[2024-09-19T08:11:38.348+0500] {processor.py:914} INFO - Processing file /home/nicolaspc/airflow/dags/homework_stepik.py for tasks to queue
[2024-09-19T08:11:38.351+0500] {logging_mixin.py:190} INFO - [2024-09-19T08:11:38.350+0500] {dagbag.py:587} INFO - Filling up the DagBag from /home/nicolaspc/airflow/dags/homework_stepik.py
[2024-09-19T08:11:39.449+0500] {processor.py:925} INFO - DAG(s) '3_models_dag_home' retrieved from /home/nicolaspc/airflow/dags/homework_stepik.py
[2024-09-19T08:11:39.528+0500] {logging_mixin.py:190} INFO - [2024-09-19T08:11:39.527+0500] {dag.py:3211} INFO - Sync 1 DAGs
[2024-09-19T08:11:39.528+0500] {logging_mixin.py:190} WARNING - Sync 1 DAGs
[2024-09-19T08:11:39.546+0500] {logging_mixin.py:190} INFO - [2024-09-19T08:11:39.546+0500] {dag.py:4138} INFO - Setting next_dagrun for 3_models_dag_home to 2024-09-19 01:00:00+00:00, run_after=2024-09-20 01:00:00+00:00
[2024-09-19T08:11:39.546+0500] {logging_mixin.py:190} WARNING - Setting next_dagrun for 3_models_dag_home to 2024-09-19 01:00:00+00:00, run_after=2024-09-20 01:00:00+00:00
[2024-09-19T08:11:39.563+0500] {processor.py:208} INFO - Processing /home/nicolaspc/airflow/dags/homework_stepik.py took 1.228 seconds
[2024-09-19T08:12:10.441+0500] {processor.py:186} INFO - Started process (PID=9328) to work on /home/nicolaspc/airflow/dags/homework_stepik.py
[2024-09-19T08:12:10.442+0500] {processor.py:914} INFO - Processing file /home/nicolaspc/airflow/dags/homework_stepik.py for tasks to queue
[2024-09-19T08:12:10.443+0500] {logging_mixin.py:190} INFO - [2024-09-19T08:12:10.443+0500] {dagbag.py:587} INFO - Filling up the DagBag from /home/nicolaspc/airflow/dags/homework_stepik.py
[2024-09-19T08:12:11.553+0500] {processor.py:925} INFO - DAG(s) '3_models_dag_home' retrieved from /home/nicolaspc/airflow/dags/homework_stepik.py
[2024-09-19T08:12:11.573+0500] {logging_mixin.py:190} INFO - [2024-09-19T08:12:11.572+0500] {dag.py:3211} INFO - Sync 1 DAGs
[2024-09-19T08:12:11.573+0500] {logging_mixin.py:190} WARNING - Sync 1 DAGs
[2024-09-19T08:12:11.589+0500] {logging_mixin.py:190} INFO - [2024-09-19T08:12:11.589+0500] {dag.py:4138} INFO - Setting next_dagrun for 3_models_dag_home to 2024-09-19 01:00:00+00:00, run_after=2024-09-20 01:00:00+00:00
[2024-09-19T08:12:11.589+0500] {logging_mixin.py:190} WARNING - Setting next_dagrun for 3_models_dag_home to 2024-09-19 01:00:00+00:00, run_after=2024-09-20 01:00:00+00:00
[2024-09-19T08:12:11.605+0500] {processor.py:208} INFO - Processing /home/nicolaspc/airflow/dags/homework_stepik.py took 1.168 seconds
[2024-09-19T08:12:41.905+0500] {processor.py:186} INFO - Started process (PID=9683) to work on /home/nicolaspc/airflow/dags/homework_stepik.py
[2024-09-19T08:12:41.906+0500] {processor.py:914} INFO - Processing file /home/nicolaspc/airflow/dags/homework_stepik.py for tasks to queue
[2024-09-19T08:12:41.908+0500] {logging_mixin.py:190} INFO - [2024-09-19T08:12:41.908+0500] {dagbag.py:587} INFO - Filling up the DagBag from /home/nicolaspc/airflow/dags/homework_stepik.py
[2024-09-19T08:12:43.247+0500] {processor.py:925} INFO - DAG(s) '3_models_dag_home' retrieved from /home/nicolaspc/airflow/dags/homework_stepik.py
[2024-09-19T08:12:43.381+0500] {logging_mixin.py:190} INFO - [2024-09-19T08:12:43.381+0500] {dag.py:3211} INFO - Sync 1 DAGs
[2024-09-19T08:12:43.382+0500] {logging_mixin.py:190} WARNING - Sync 1 DAGs
[2024-09-19T08:12:43.400+0500] {logging_mixin.py:190} INFO - [2024-09-19T08:12:43.400+0500] {dag.py:4138} INFO - Setting next_dagrun for 3_models_dag_home to 2024-09-19 01:00:00+00:00, run_after=2024-09-20 01:00:00+00:00
[2024-09-19T08:12:43.400+0500] {logging_mixin.py:190} WARNING - Setting next_dagrun for 3_models_dag_home to 2024-09-19 01:00:00+00:00, run_after=2024-09-20 01:00:00+00:00
[2024-09-19T08:12:43.420+0500] {processor.py:208} INFO - Processing /home/nicolaspc/airflow/dags/homework_stepik.py took 1.519 seconds
[2024-09-19T08:13:13.553+0500] {processor.py:186} INFO - Started process (PID=10513) to work on /home/nicolaspc/airflow/dags/homework_stepik.py
[2024-09-19T08:13:13.554+0500] {processor.py:914} INFO - Processing file /home/nicolaspc/airflow/dags/homework_stepik.py for tasks to queue
[2024-09-19T08:13:13.556+0500] {logging_mixin.py:190} INFO - [2024-09-19T08:13:13.555+0500] {dagbag.py:587} INFO - Filling up the DagBag from /home/nicolaspc/airflow/dags/homework_stepik.py
[2024-09-19T08:13:14.968+0500] {processor.py:925} INFO - DAG(s) '3_models_dag_home' retrieved from /home/nicolaspc/airflow/dags/homework_stepik.py
[2024-09-19T08:13:14.998+0500] {logging_mixin.py:190} INFO - [2024-09-19T08:13:14.997+0500] {dag.py:3211} INFO - Sync 1 DAGs
[2024-09-19T08:13:14.998+0500] {logging_mixin.py:190} WARNING - Sync 1 DAGs
[2024-09-19T08:13:15.024+0500] {logging_mixin.py:190} INFO - [2024-09-19T08:13:15.024+0500] {dag.py:4138} INFO - Setting next_dagrun for 3_models_dag_home to 2024-09-19 01:00:00+00:00, run_after=2024-09-20 01:00:00+00:00
[2024-09-19T08:13:15.024+0500] {logging_mixin.py:190} WARNING - Setting next_dagrun for 3_models_dag_home to 2024-09-19 01:00:00+00:00, run_after=2024-09-20 01:00:00+00:00
[2024-09-19T08:13:15.048+0500] {processor.py:208} INFO - Processing /home/nicolaspc/airflow/dags/homework_stepik.py took 1.499 seconds
[2024-09-19T08:13:45.127+0500] {processor.py:186} INFO - Started process (PID=10865) to work on /home/nicolaspc/airflow/dags/homework_stepik.py
[2024-09-19T08:13:45.128+0500] {processor.py:914} INFO - Processing file /home/nicolaspc/airflow/dags/homework_stepik.py for tasks to queue
[2024-09-19T08:13:45.130+0500] {logging_mixin.py:190} INFO - [2024-09-19T08:13:45.129+0500] {dagbag.py:587} INFO - Filling up the DagBag from /home/nicolaspc/airflow/dags/homework_stepik.py
[2024-09-19T08:13:46.602+0500] {processor.py:925} INFO - DAG(s) '3_models_dag_home' retrieved from /home/nicolaspc/airflow/dags/homework_stepik.py
[2024-09-19T08:13:46.740+0500] {logging_mixin.py:190} INFO - [2024-09-19T08:13:46.739+0500] {dag.py:3211} INFO - Sync 1 DAGs
[2024-09-19T08:13:46.740+0500] {logging_mixin.py:190} WARNING - Sync 1 DAGs
[2024-09-19T08:13:46.762+0500] {logging_mixin.py:190} INFO - [2024-09-19T08:13:46.762+0500] {dag.py:4138} INFO - Setting next_dagrun for 3_models_dag_home to 2024-09-19 01:00:00+00:00, run_after=2024-09-20 01:00:00+00:00
[2024-09-19T08:13:46.762+0500] {logging_mixin.py:190} WARNING - Setting next_dagrun for 3_models_dag_home to 2024-09-19 01:00:00+00:00, run_after=2024-09-20 01:00:00+00:00
[2024-09-19T08:13:46.795+0500] {processor.py:208} INFO - Processing /home/nicolaspc/airflow/dags/homework_stepik.py took 1.674 seconds
[2024-09-19T08:14:17.306+0500] {processor.py:186} INFO - Started process (PID=11159) to work on /home/nicolaspc/airflow/dags/homework_stepik.py
[2024-09-19T08:14:17.307+0500] {processor.py:914} INFO - Processing file /home/nicolaspc/airflow/dags/homework_stepik.py for tasks to queue
[2024-09-19T08:14:17.309+0500] {logging_mixin.py:190} INFO - [2024-09-19T08:14:17.309+0500] {dagbag.py:587} INFO - Filling up the DagBag from /home/nicolaspc/airflow/dags/homework_stepik.py
[2024-09-19T08:14:18.723+0500] {processor.py:925} INFO - DAG(s) '3_models_dag_home' retrieved from /home/nicolaspc/airflow/dags/homework_stepik.py
[2024-09-19T08:14:18.753+0500] {logging_mixin.py:190} INFO - [2024-09-19T08:14:18.753+0500] {dag.py:3211} INFO - Sync 1 DAGs
[2024-09-19T08:14:18.753+0500] {logging_mixin.py:190} WARNING - Sync 1 DAGs
[2024-09-19T08:14:18.781+0500] {logging_mixin.py:190} INFO - [2024-09-19T08:14:18.781+0500] {dag.py:4138} INFO - Setting next_dagrun for 3_models_dag_home to 2024-09-19 01:00:00+00:00, run_after=2024-09-20 01:00:00+00:00
[2024-09-19T08:14:18.782+0500] {logging_mixin.py:190} WARNING - Setting next_dagrun for 3_models_dag_home to 2024-09-19 01:00:00+00:00, run_after=2024-09-20 01:00:00+00:00
[2024-09-19T08:14:18.806+0500] {processor.py:208} INFO - Processing /home/nicolaspc/airflow/dags/homework_stepik.py took 1.506 seconds
[2024-09-19T08:14:49.942+0500] {processor.py:186} INFO - Started process (PID=11448) to work on /home/nicolaspc/airflow/dags/homework_stepik.py
[2024-09-19T08:14:49.943+0500] {processor.py:914} INFO - Processing file /home/nicolaspc/airflow/dags/homework_stepik.py for tasks to queue
[2024-09-19T08:14:49.944+0500] {logging_mixin.py:190} INFO - [2024-09-19T08:14:49.944+0500] {dagbag.py:587} INFO - Filling up the DagBag from /home/nicolaspc/airflow/dags/homework_stepik.py
[2024-09-19T08:14:51.037+0500] {processor.py:925} INFO - DAG(s) '3_models_dag_home' retrieved from /home/nicolaspc/airflow/dags/homework_stepik.py
[2024-09-19T08:14:51.112+0500] {logging_mixin.py:190} INFO - [2024-09-19T08:14:51.112+0500] {dag.py:3211} INFO - Sync 1 DAGs
[2024-09-19T08:14:51.112+0500] {logging_mixin.py:190} WARNING - Sync 1 DAGs
[2024-09-19T08:14:51.131+0500] {logging_mixin.py:190} INFO - [2024-09-19T08:14:51.130+0500] {dag.py:4138} INFO - Setting next_dagrun for 3_models_dag_home to 2024-09-19 01:00:00+00:00, run_after=2024-09-20 01:00:00+00:00
[2024-09-19T08:14:51.131+0500] {logging_mixin.py:190} WARNING - Setting next_dagrun for 3_models_dag_home to 2024-09-19 01:00:00+00:00, run_after=2024-09-20 01:00:00+00:00
[2024-09-19T08:14:51.163+0500] {processor.py:208} INFO - Processing /home/nicolaspc/airflow/dags/homework_stepik.py took 1.227 seconds
[2024-09-19T08:15:22.165+0500] {processor.py:186} INFO - Started process (PID=11732) to work on /home/nicolaspc/airflow/dags/homework_stepik.py
[2024-09-19T08:15:22.169+0500] {processor.py:914} INFO - Processing file /home/nicolaspc/airflow/dags/homework_stepik.py for tasks to queue
[2024-09-19T08:15:22.171+0500] {logging_mixin.py:190} INFO - [2024-09-19T08:15:22.171+0500] {dagbag.py:587} INFO - Filling up the DagBag from /home/nicolaspc/airflow/dags/homework_stepik.py
[2024-09-19T08:15:23.655+0500] {processor.py:925} INFO - DAG(s) '3_models_dag_home' retrieved from /home/nicolaspc/airflow/dags/homework_stepik.py
[2024-09-19T08:15:23.680+0500] {logging_mixin.py:190} INFO - [2024-09-19T08:15:23.680+0500] {dag.py:3211} INFO - Sync 1 DAGs
[2024-09-19T08:15:23.681+0500] {logging_mixin.py:190} WARNING - Sync 1 DAGs
[2024-09-19T08:15:23.707+0500] {logging_mixin.py:190} INFO - [2024-09-19T08:15:23.707+0500] {dag.py:4138} INFO - Setting next_dagrun for 3_models_dag_home to 2024-09-19 01:00:00+00:00, run_after=2024-09-20 01:00:00+00:00
[2024-09-19T08:15:23.707+0500] {logging_mixin.py:190} WARNING - Setting next_dagrun for 3_models_dag_home to 2024-09-19 01:00:00+00:00, run_after=2024-09-20 01:00:00+00:00
[2024-09-19T08:15:23.730+0500] {processor.py:208} INFO - Processing /home/nicolaspc/airflow/dags/homework_stepik.py took 1.573 seconds
[2024-09-19T08:15:53.996+0500] {processor.py:186} INFO - Started process (PID=12012) to work on /home/nicolaspc/airflow/dags/homework_stepik.py
[2024-09-19T08:15:53.997+0500] {processor.py:914} INFO - Processing file /home/nicolaspc/airflow/dags/homework_stepik.py for tasks to queue
[2024-09-19T08:15:53.999+0500] {logging_mixin.py:190} INFO - [2024-09-19T08:15:53.998+0500] {dagbag.py:587} INFO - Filling up the DagBag from /home/nicolaspc/airflow/dags/homework_stepik.py
[2024-09-19T08:15:55.431+0500] {processor.py:925} INFO - DAG(s) '3_models_dag_home' retrieved from /home/nicolaspc/airflow/dags/homework_stepik.py
[2024-09-19T08:15:55.528+0500] {logging_mixin.py:190} INFO - [2024-09-19T08:15:55.527+0500] {dag.py:3211} INFO - Sync 1 DAGs
[2024-09-19T08:15:55.528+0500] {logging_mixin.py:190} WARNING - Sync 1 DAGs
[2024-09-19T08:15:55.548+0500] {logging_mixin.py:190} INFO - [2024-09-19T08:15:55.547+0500] {dag.py:4138} INFO - Setting next_dagrun for 3_models_dag_home to 2024-09-19 01:00:00+00:00, run_after=2024-09-20 01:00:00+00:00
[2024-09-19T08:15:55.548+0500] {logging_mixin.py:190} WARNING - Setting next_dagrun for 3_models_dag_home to 2024-09-19 01:00:00+00:00, run_after=2024-09-20 01:00:00+00:00
[2024-09-19T08:15:55.586+0500] {processor.py:208} INFO - Processing /home/nicolaspc/airflow/dags/homework_stepik.py took 1.597 seconds
[2024-09-19T08:16:26.019+0500] {processor.py:186} INFO - Started process (PID=12289) to work on /home/nicolaspc/airflow/dags/homework_stepik.py
[2024-09-19T08:16:26.020+0500] {processor.py:914} INFO - Processing file /home/nicolaspc/airflow/dags/homework_stepik.py for tasks to queue
[2024-09-19T08:16:26.024+0500] {logging_mixin.py:190} INFO - [2024-09-19T08:16:26.023+0500] {dagbag.py:587} INFO - Filling up the DagBag from /home/nicolaspc/airflow/dags/homework_stepik.py
[2024-09-19T08:16:27.816+0500] {processor.py:925} INFO - DAG(s) '3_models_dag_home' retrieved from /home/nicolaspc/airflow/dags/homework_stepik.py
[2024-09-19T08:16:27.852+0500] {logging_mixin.py:190} INFO - [2024-09-19T08:16:27.851+0500] {dag.py:3211} INFO - Sync 1 DAGs
[2024-09-19T08:16:27.852+0500] {logging_mixin.py:190} WARNING - Sync 1 DAGs
[2024-09-19T08:16:27.879+0500] {logging_mixin.py:190} INFO - [2024-09-19T08:16:27.878+0500] {dag.py:4138} INFO - Setting next_dagrun for 3_models_dag_home to 2024-09-19 01:00:00+00:00, run_after=2024-09-20 01:00:00+00:00
[2024-09-19T08:16:27.879+0500] {logging_mixin.py:190} WARNING - Setting next_dagrun for 3_models_dag_home to 2024-09-19 01:00:00+00:00, run_after=2024-09-20 01:00:00+00:00
[2024-09-19T08:16:27.902+0500] {processor.py:208} INFO - Processing /home/nicolaspc/airflow/dags/homework_stepik.py took 1.891 seconds
[2024-09-19T08:16:58.495+0500] {processor.py:186} INFO - Started process (PID=12568) to work on /home/nicolaspc/airflow/dags/homework_stepik.py
[2024-09-19T08:16:58.503+0500] {processor.py:914} INFO - Processing file /home/nicolaspc/airflow/dags/homework_stepik.py for tasks to queue
[2024-09-19T08:16:58.505+0500] {logging_mixin.py:190} INFO - [2024-09-19T08:16:58.505+0500] {dagbag.py:587} INFO - Filling up the DagBag from /home/nicolaspc/airflow/dags/homework_stepik.py
[2024-09-19T08:16:59.624+0500] {processor.py:925} INFO - DAG(s) '3_models_dag_home' retrieved from /home/nicolaspc/airflow/dags/homework_stepik.py
[2024-09-19T08:16:59.693+0500] {logging_mixin.py:190} INFO - [2024-09-19T08:16:59.692+0500] {dag.py:3211} INFO - Sync 1 DAGs
[2024-09-19T08:16:59.693+0500] {logging_mixin.py:190} WARNING - Sync 1 DAGs
[2024-09-19T08:16:59.708+0500] {logging_mixin.py:190} INFO - [2024-09-19T08:16:59.708+0500] {dag.py:4138} INFO - Setting next_dagrun for 3_models_dag_home to 2024-09-19 01:00:00+00:00, run_after=2024-09-20 01:00:00+00:00
[2024-09-19T08:16:59.708+0500] {logging_mixin.py:190} WARNING - Setting next_dagrun for 3_models_dag_home to 2024-09-19 01:00:00+00:00, run_after=2024-09-20 01:00:00+00:00
[2024-09-19T08:16:59.724+0500] {processor.py:208} INFO - Processing /home/nicolaspc/airflow/dags/homework_stepik.py took 1.233 seconds
[2024-09-19T08:17:30.625+0500] {processor.py:186} INFO - Started process (PID=12857) to work on /home/nicolaspc/airflow/dags/homework_stepik.py
[2024-09-19T08:17:30.633+0500] {processor.py:914} INFO - Processing file /home/nicolaspc/airflow/dags/homework_stepik.py for tasks to queue
[2024-09-19T08:17:30.635+0500] {logging_mixin.py:190} INFO - [2024-09-19T08:17:30.635+0500] {dagbag.py:587} INFO - Filling up the DagBag from /home/nicolaspc/airflow/dags/homework_stepik.py
[2024-09-19T08:17:31.817+0500] {processor.py:925} INFO - DAG(s) '3_models_dag_home' retrieved from /home/nicolaspc/airflow/dags/homework_stepik.py
[2024-09-19T08:17:31.846+0500] {logging_mixin.py:190} INFO - [2024-09-19T08:17:31.845+0500] {dag.py:3211} INFO - Sync 1 DAGs
[2024-09-19T08:17:31.846+0500] {logging_mixin.py:190} WARNING - Sync 1 DAGs
[2024-09-19T08:17:31.864+0500] {logging_mixin.py:190} INFO - [2024-09-19T08:17:31.864+0500] {dag.py:4138} INFO - Setting next_dagrun for 3_models_dag_home to 2024-09-19 01:00:00+00:00, run_after=2024-09-20 01:00:00+00:00
[2024-09-19T08:17:31.864+0500] {logging_mixin.py:190} WARNING - Setting next_dagrun for 3_models_dag_home to 2024-09-19 01:00:00+00:00, run_after=2024-09-20 01:00:00+00:00
[2024-09-19T08:17:31.879+0500] {processor.py:208} INFO - Processing /home/nicolaspc/airflow/dags/homework_stepik.py took 1.265 seconds
[2024-09-19T08:18:02.674+0500] {processor.py:186} INFO - Started process (PID=13160) to work on /home/nicolaspc/airflow/dags/homework_stepik.py
[2024-09-19T08:18:02.683+0500] {processor.py:914} INFO - Processing file /home/nicolaspc/airflow/dags/homework_stepik.py for tasks to queue
[2024-09-19T08:18:02.684+0500] {logging_mixin.py:190} INFO - [2024-09-19T08:18:02.684+0500] {dagbag.py:587} INFO - Filling up the DagBag from /home/nicolaspc/airflow/dags/homework_stepik.py
[2024-09-19T08:18:03.878+0500] {processor.py:925} INFO - DAG(s) '3_models_dag_home' retrieved from /home/nicolaspc/airflow/dags/homework_stepik.py
[2024-09-19T08:18:03.954+0500] {logging_mixin.py:190} INFO - [2024-09-19T08:18:03.953+0500] {dag.py:3211} INFO - Sync 1 DAGs
[2024-09-19T08:18:03.954+0500] {logging_mixin.py:190} WARNING - Sync 1 DAGs
[2024-09-19T08:18:03.969+0500] {logging_mixin.py:190} INFO - [2024-09-19T08:18:03.969+0500] {dag.py:4138} INFO - Setting next_dagrun for 3_models_dag_home to 2024-09-19 01:00:00+00:00, run_after=2024-09-20 01:00:00+00:00
[2024-09-19T08:18:03.970+0500] {logging_mixin.py:190} WARNING - Setting next_dagrun for 3_models_dag_home to 2024-09-19 01:00:00+00:00, run_after=2024-09-20 01:00:00+00:00
[2024-09-19T08:18:03.985+0500] {processor.py:208} INFO - Processing /home/nicolaspc/airflow/dags/homework_stepik.py took 1.315 seconds
[2024-09-19T08:18:34.460+0500] {processor.py:186} INFO - Started process (PID=14260) to work on /home/nicolaspc/airflow/dags/homework_stepik.py
[2024-09-19T08:18:34.461+0500] {processor.py:914} INFO - Processing file /home/nicolaspc/airflow/dags/homework_stepik.py for tasks to queue
[2024-09-19T08:18:34.464+0500] {logging_mixin.py:190} INFO - [2024-09-19T08:18:34.463+0500] {dagbag.py:587} INFO - Filling up the DagBag from /home/nicolaspc/airflow/dags/homework_stepik.py
[2024-09-19T08:18:35.605+0500] {processor.py:925} INFO - DAG(s) '3_models_dag_home' retrieved from /home/nicolaspc/airflow/dags/homework_stepik.py
[2024-09-19T08:18:35.625+0500] {logging_mixin.py:190} INFO - [2024-09-19T08:18:35.625+0500] {dag.py:3211} INFO - Sync 1 DAGs
[2024-09-19T08:18:35.625+0500] {logging_mixin.py:190} WARNING - Sync 1 DAGs
[2024-09-19T08:18:35.641+0500] {logging_mixin.py:190} INFO - [2024-09-19T08:18:35.641+0500] {dag.py:4138} INFO - Setting next_dagrun for 3_models_dag_home to 2024-09-19 01:00:00+00:00, run_after=2024-09-20 01:00:00+00:00
[2024-09-19T08:18:35.641+0500] {logging_mixin.py:190} WARNING - Setting next_dagrun for 3_models_dag_home to 2024-09-19 01:00:00+00:00, run_after=2024-09-20 01:00:00+00:00
[2024-09-19T08:18:35.657+0500] {processor.py:208} INFO - Processing /home/nicolaspc/airflow/dags/homework_stepik.py took 1.202 seconds
[2024-09-19T08:19:06.307+0500] {processor.py:186} INFO - Started process (PID=14801) to work on /home/nicolaspc/airflow/dags/homework_stepik.py
[2024-09-19T08:19:06.316+0500] {processor.py:914} INFO - Processing file /home/nicolaspc/airflow/dags/homework_stepik.py for tasks to queue
[2024-09-19T08:19:06.318+0500] {logging_mixin.py:190} INFO - [2024-09-19T08:19:06.318+0500] {dagbag.py:587} INFO - Filling up the DagBag from /home/nicolaspc/airflow/dags/homework_stepik.py
[2024-09-19T08:19:07.425+0500] {processor.py:925} INFO - DAG(s) '3_models_dag_home' retrieved from /home/nicolaspc/airflow/dags/homework_stepik.py
[2024-09-19T08:19:07.511+0500] {logging_mixin.py:190} INFO - [2024-09-19T08:19:07.510+0500] {dag.py:3211} INFO - Sync 1 DAGs
[2024-09-19T08:19:07.511+0500] {logging_mixin.py:190} WARNING - Sync 1 DAGs
[2024-09-19T08:19:07.528+0500] {logging_mixin.py:190} INFO - [2024-09-19T08:19:07.527+0500] {dag.py:4138} INFO - Setting next_dagrun for 3_models_dag_home to 2024-09-19 01:00:00+00:00, run_after=2024-09-20 01:00:00+00:00
[2024-09-19T08:19:07.528+0500] {logging_mixin.py:190} WARNING - Setting next_dagrun for 3_models_dag_home to 2024-09-19 01:00:00+00:00, run_after=2024-09-20 01:00:00+00:00
[2024-09-19T08:19:07.545+0500] {processor.py:208} INFO - Processing /home/nicolaspc/airflow/dags/homework_stepik.py took 1.242 seconds
[2024-09-19T08:19:38.214+0500] {processor.py:186} INFO - Started process (PID=15921) to work on /home/nicolaspc/airflow/dags/homework_stepik.py
[2024-09-19T08:19:38.214+0500] {processor.py:914} INFO - Processing file /home/nicolaspc/airflow/dags/homework_stepik.py for tasks to queue
[2024-09-19T08:19:38.216+0500] {logging_mixin.py:190} INFO - [2024-09-19T08:19:38.216+0500] {dagbag.py:587} INFO - Filling up the DagBag from /home/nicolaspc/airflow/dags/homework_stepik.py
[2024-09-19T08:19:39.460+0500] {processor.py:925} INFO - DAG(s) '3_models_dag_home' retrieved from /home/nicolaspc/airflow/dags/homework_stepik.py
[2024-09-19T08:19:39.485+0500] {logging_mixin.py:190} INFO - [2024-09-19T08:19:39.484+0500] {dag.py:3211} INFO - Sync 1 DAGs
[2024-09-19T08:19:39.485+0500] {logging_mixin.py:190} WARNING - Sync 1 DAGs
[2024-09-19T08:19:39.506+0500] {logging_mixin.py:190} INFO - [2024-09-19T08:19:39.506+0500] {dag.py:4138} INFO - Setting next_dagrun for 3_models_dag_home to 2024-09-19 01:00:00+00:00, run_after=2024-09-20 01:00:00+00:00
[2024-09-19T08:19:39.506+0500] {logging_mixin.py:190} WARNING - Setting next_dagrun for 3_models_dag_home to 2024-09-19 01:00:00+00:00, run_after=2024-09-20 01:00:00+00:00
[2024-09-19T08:19:39.521+0500] {processor.py:208} INFO - Processing /home/nicolaspc/airflow/dags/homework_stepik.py took 1.312 seconds
[2024-09-19T08:20:09.931+0500] {processor.py:186} INFO - Started process (PID=16508) to work on /home/nicolaspc/airflow/dags/homework_stepik.py
[2024-09-19T08:20:09.939+0500] {processor.py:914} INFO - Processing file /home/nicolaspc/airflow/dags/homework_stepik.py for tasks to queue
[2024-09-19T08:20:09.942+0500] {logging_mixin.py:190} INFO - [2024-09-19T08:20:09.941+0500] {dagbag.py:587} INFO - Filling up the DagBag from /home/nicolaspc/airflow/dags/homework_stepik.py
[2024-09-19T08:20:11.134+0500] {processor.py:925} INFO - DAG(s) '3_models_dag_home' retrieved from /home/nicolaspc/airflow/dags/homework_stepik.py
[2024-09-19T08:20:11.209+0500] {logging_mixin.py:190} INFO - [2024-09-19T08:20:11.208+0500] {dag.py:3211} INFO - Sync 1 DAGs
[2024-09-19T08:20:11.209+0500] {logging_mixin.py:190} WARNING - Sync 1 DAGs
[2024-09-19T08:20:11.226+0500] {logging_mixin.py:190} INFO - [2024-09-19T08:20:11.225+0500] {dag.py:4138} INFO - Setting next_dagrun for 3_models_dag_home to 2024-09-19 01:00:00+00:00, run_after=2024-09-20 01:00:00+00:00
[2024-09-19T08:20:11.226+0500] {logging_mixin.py:190} WARNING - Setting next_dagrun for 3_models_dag_home to 2024-09-19 01:00:00+00:00, run_after=2024-09-20 01:00:00+00:00
[2024-09-19T08:20:11.242+0500] {processor.py:208} INFO - Processing /home/nicolaspc/airflow/dags/homework_stepik.py took 1.316 seconds
[2024-09-19T08:20:41.745+0500] {processor.py:186} INFO - Started process (PID=17080) to work on /home/nicolaspc/airflow/dags/homework_stepik.py
[2024-09-19T08:20:41.746+0500] {processor.py:914} INFO - Processing file /home/nicolaspc/airflow/dags/homework_stepik.py for tasks to queue
[2024-09-19T08:20:41.747+0500] {logging_mixin.py:190} INFO - [2024-09-19T08:20:41.747+0500] {dagbag.py:587} INFO - Filling up the DagBag from /home/nicolaspc/airflow/dags/homework_stepik.py
[2024-09-19T08:20:42.999+0500] {processor.py:925} INFO - DAG(s) '3_models_dag_home' retrieved from /home/nicolaspc/airflow/dags/homework_stepik.py
[2024-09-19T08:20:43.028+0500] {logging_mixin.py:190} INFO - [2024-09-19T08:20:43.027+0500] {dag.py:3211} INFO - Sync 1 DAGs
[2024-09-19T08:20:43.028+0500] {logging_mixin.py:190} WARNING - Sync 1 DAGs
[2024-09-19T08:20:43.054+0500] {logging_mixin.py:190} INFO - [2024-09-19T08:20:43.054+0500] {dag.py:4138} INFO - Setting next_dagrun for 3_models_dag_home to 2024-09-19 01:00:00+00:00, run_after=2024-09-20 01:00:00+00:00
[2024-09-19T08:20:43.055+0500] {logging_mixin.py:190} WARNING - Setting next_dagrun for 3_models_dag_home to 2024-09-19 01:00:00+00:00, run_after=2024-09-20 01:00:00+00:00
[2024-09-19T08:20:43.079+0500] {processor.py:208} INFO - Processing /home/nicolaspc/airflow/dags/homework_stepik.py took 1.338 seconds
[2024-09-19T08:21:13.264+0500] {processor.py:186} INFO - Started process (PID=17619) to work on /home/nicolaspc/airflow/dags/homework_stepik.py
[2024-09-19T08:21:13.265+0500] {processor.py:914} INFO - Processing file /home/nicolaspc/airflow/dags/homework_stepik.py for tasks to queue
[2024-09-19T08:21:13.266+0500] {logging_mixin.py:190} INFO - [2024-09-19T08:21:13.266+0500] {dagbag.py:587} INFO - Filling up the DagBag from /home/nicolaspc/airflow/dags/homework_stepik.py
[2024-09-19T08:21:14.375+0500] {processor.py:925} INFO - DAG(s) '3_models_dag_home' retrieved from /home/nicolaspc/airflow/dags/homework_stepik.py
[2024-09-19T08:21:14.473+0500] {logging_mixin.py:190} INFO - [2024-09-19T08:21:14.472+0500] {dag.py:3211} INFO - Sync 1 DAGs
[2024-09-19T08:21:14.473+0500] {logging_mixin.py:190} WARNING - Sync 1 DAGs
[2024-09-19T08:21:14.490+0500] {logging_mixin.py:190} INFO - [2024-09-19T08:21:14.490+0500] {dag.py:4138} INFO - Setting next_dagrun for 3_models_dag_home to 2024-09-19 01:00:00+00:00, run_after=2024-09-20 01:00:00+00:00
[2024-09-19T08:21:14.490+0500] {logging_mixin.py:190} WARNING - Setting next_dagrun for 3_models_dag_home to 2024-09-19 01:00:00+00:00, run_after=2024-09-20 01:00:00+00:00
[2024-09-19T08:21:14.507+0500] {processor.py:208} INFO - Processing /home/nicolaspc/airflow/dags/homework_stepik.py took 1.247 seconds
[2024-09-19T08:35:43.047+0500] {processor.py:186} INFO - Started process (PID=24332) to work on /home/nicolaspc/airflow/dags/homework_stepik.py
[2024-09-19T08:35:43.047+0500] {processor.py:914} INFO - Processing file /home/nicolaspc/airflow/dags/homework_stepik.py for tasks to queue
[2024-09-19T08:35:43.048+0500] {logging_mixin.py:190} INFO - [2024-09-19T08:35:43.048+0500] {dagbag.py:587} INFO - Filling up the DagBag from /home/nicolaspc/airflow/dags/homework_stepik.py
[2024-09-19T08:35:44.139+0500] {processor.py:925} INFO - DAG(s) '3_models_dag_home' retrieved from /home/nicolaspc/airflow/dags/homework_stepik.py
[2024-09-19T08:35:44.154+0500] {logging_mixin.py:190} INFO - [2024-09-19T08:35:44.153+0500] {dag.py:3211} INFO - Sync 1 DAGs
[2024-09-19T08:35:44.154+0500] {logging_mixin.py:190} WARNING - Sync 1 DAGs
[2024-09-19T08:35:44.170+0500] {logging_mixin.py:190} INFO - [2024-09-19T08:35:44.170+0500] {dag.py:4138} INFO - Setting next_dagrun for 3_models_dag_home to 2024-09-19 01:00:00+00:00, run_after=2024-09-20 01:00:00+00:00
[2024-09-19T08:35:44.170+0500] {logging_mixin.py:190} WARNING - Setting next_dagrun for 3_models_dag_home to 2024-09-19 01:00:00+00:00, run_after=2024-09-20 01:00:00+00:00
[2024-09-19T08:35:44.188+0500] {processor.py:208} INFO - Processing /home/nicolaspc/airflow/dags/homework_stepik.py took 1.146 seconds
