[2024-09-19T08:08:32.750+0500] {processor.py:186} INFO - Started process (PID=6286) to work on /home/nicolaspc/airflow/dags/train_dag.py
[2024-09-19T08:08:32.751+0500] {processor.py:914} INFO - Processing file /home/nicolaspc/airflow/dags/train_dag.py for tasks to queue
[2024-09-19T08:08:32.753+0500] {logging_mixin.py:190} INFO - [2024-09-19T08:08:32.752+0500] {dagbag.py:587} INFO - Filling up the DagBag from /home/nicolaspc/airflow/dags/train_dag.py
[2024-09-19T08:08:33.644+0500] {processor.py:925} INFO - DAG(s) 'train' retrieved from /home/nicolaspc/airflow/dags/train_dag.py
[2024-09-19T08:08:33.727+0500] {logging_mixin.py:190} INFO - [2024-09-19T08:08:33.726+0500] {dag.py:3211} INFO - Sync 1 DAGs
[2024-09-19T08:08:33.727+0500] {logging_mixin.py:190} WARNING - Sync 1 DAGs
[2024-09-19T08:08:33.745+0500] {logging_mixin.py:190} INFO - [2024-09-19T08:08:33.744+0500] {dag.py:4138} INFO - Setting next_dagrun for train to 2024-09-19 01:00:00+00:00, run_after=2024-09-20 01:00:00+00:00
[2024-09-19T08:08:33.745+0500] {logging_mixin.py:190} WARNING - Setting next_dagrun for train to 2024-09-19 01:00:00+00:00, run_after=2024-09-20 01:00:00+00:00
[2024-09-19T08:08:33.762+0500] {processor.py:208} INFO - Processing /home/nicolaspc/airflow/dags/train_dag.py took 1.020 seconds
[2024-09-19T08:09:04.179+0500] {processor.py:186} INFO - Started process (PID=7245) to work on /home/nicolaspc/airflow/dags/train_dag.py
[2024-09-19T08:09:04.180+0500] {processor.py:914} INFO - Processing file /home/nicolaspc/airflow/dags/train_dag.py for tasks to queue
[2024-09-19T08:09:04.181+0500] {logging_mixin.py:190} INFO - [2024-09-19T08:09:04.181+0500] {dagbag.py:587} INFO - Filling up the DagBag from /home/nicolaspc/airflow/dags/train_dag.py
[2024-09-19T08:09:05.016+0500] {processor.py:925} INFO - DAG(s) 'train' retrieved from /home/nicolaspc/airflow/dags/train_dag.py
[2024-09-19T08:09:05.083+0500] {logging_mixin.py:190} INFO - [2024-09-19T08:09:05.083+0500] {dag.py:3211} INFO - Sync 1 DAGs
[2024-09-19T08:09:05.083+0500] {logging_mixin.py:190} WARNING - Sync 1 DAGs
[2024-09-19T08:09:05.100+0500] {logging_mixin.py:190} INFO - [2024-09-19T08:09:05.100+0500] {dag.py:4138} INFO - Setting next_dagrun for train to 2024-09-19 01:00:00+00:00, run_after=2024-09-20 01:00:00+00:00
[2024-09-19T08:09:05.100+0500] {logging_mixin.py:190} WARNING - Setting next_dagrun for train to 2024-09-19 01:00:00+00:00, run_after=2024-09-20 01:00:00+00:00
[2024-09-19T08:09:05.124+0500] {processor.py:208} INFO - Processing /home/nicolaspc/airflow/dags/train_dag.py took 0.950 seconds
[2024-09-19T08:09:35.654+0500] {processor.py:186} INFO - Started process (PID=7512) to work on /home/nicolaspc/airflow/dags/train_dag.py
[2024-09-19T08:09:35.655+0500] {processor.py:914} INFO - Processing file /home/nicolaspc/airflow/dags/train_dag.py for tasks to queue
[2024-09-19T08:09:35.656+0500] {logging_mixin.py:190} INFO - [2024-09-19T08:09:35.656+0500] {dagbag.py:587} INFO - Filling up the DagBag from /home/nicolaspc/airflow/dags/train_dag.py
[2024-09-19T08:09:36.457+0500] {processor.py:925} INFO - DAG(s) 'train' retrieved from /home/nicolaspc/airflow/dags/train_dag.py
[2024-09-19T08:09:36.475+0500] {logging_mixin.py:190} INFO - [2024-09-19T08:09:36.475+0500] {dag.py:3211} INFO - Sync 1 DAGs
[2024-09-19T08:09:36.475+0500] {logging_mixin.py:190} WARNING - Sync 1 DAGs
[2024-09-19T08:09:36.491+0500] {logging_mixin.py:190} INFO - [2024-09-19T08:09:36.491+0500] {dag.py:4138} INFO - Setting next_dagrun for train to 2024-09-19 01:00:00+00:00, run_after=2024-09-20 01:00:00+00:00
[2024-09-19T08:09:36.492+0500] {logging_mixin.py:190} WARNING - Setting next_dagrun for train to 2024-09-19 01:00:00+00:00, run_after=2024-09-20 01:00:00+00:00
[2024-09-19T08:09:36.517+0500] {processor.py:208} INFO - Processing /home/nicolaspc/airflow/dags/train_dag.py took 0.866 seconds
[2024-09-19T08:10:07.356+0500] {processor.py:186} INFO - Started process (PID=7775) to work on /home/nicolaspc/airflow/dags/train_dag.py
[2024-09-19T08:10:07.357+0500] {processor.py:914} INFO - Processing file /home/nicolaspc/airflow/dags/train_dag.py for tasks to queue
[2024-09-19T08:10:07.358+0500] {logging_mixin.py:190} INFO - [2024-09-19T08:10:07.358+0500] {dagbag.py:587} INFO - Filling up the DagBag from /home/nicolaspc/airflow/dags/train_dag.py
[2024-09-19T08:10:08.220+0500] {processor.py:925} INFO - DAG(s) 'train' retrieved from /home/nicolaspc/airflow/dags/train_dag.py
[2024-09-19T08:10:08.300+0500] {logging_mixin.py:190} INFO - [2024-09-19T08:10:08.299+0500] {dag.py:3211} INFO - Sync 1 DAGs
[2024-09-19T08:10:08.300+0500] {logging_mixin.py:190} WARNING - Sync 1 DAGs
[2024-09-19T08:10:08.316+0500] {logging_mixin.py:190} INFO - [2024-09-19T08:10:08.316+0500] {dag.py:4138} INFO - Setting next_dagrun for train to 2024-09-19 01:00:00+00:00, run_after=2024-09-20 01:00:00+00:00
[2024-09-19T08:10:08.316+0500] {logging_mixin.py:190} WARNING - Setting next_dagrun for train to 2024-09-19 01:00:00+00:00, run_after=2024-09-20 01:00:00+00:00
[2024-09-19T08:10:08.332+0500] {processor.py:208} INFO - Processing /home/nicolaspc/airflow/dags/train_dag.py took 0.980 seconds
[2024-09-19T08:10:38.888+0500] {processor.py:186} INFO - Started process (PID=8044) to work on /home/nicolaspc/airflow/dags/train_dag.py
[2024-09-19T08:10:38.889+0500] {processor.py:914} INFO - Processing file /home/nicolaspc/airflow/dags/train_dag.py for tasks to queue
[2024-09-19T08:10:38.891+0500] {logging_mixin.py:190} INFO - [2024-09-19T08:10:38.890+0500] {dagbag.py:587} INFO - Filling up the DagBag from /home/nicolaspc/airflow/dags/train_dag.py
[2024-09-19T08:10:39.708+0500] {processor.py:925} INFO - DAG(s) 'train' retrieved from /home/nicolaspc/airflow/dags/train_dag.py
[2024-09-19T08:10:39.726+0500] {logging_mixin.py:190} INFO - [2024-09-19T08:10:39.726+0500] {dag.py:3211} INFO - Sync 1 DAGs
[2024-09-19T08:10:39.727+0500] {logging_mixin.py:190} WARNING - Sync 1 DAGs
[2024-09-19T08:10:39.747+0500] {logging_mixin.py:190} INFO - [2024-09-19T08:10:39.747+0500] {dag.py:4138} INFO - Setting next_dagrun for train to 2024-09-19 01:00:00+00:00, run_after=2024-09-20 01:00:00+00:00
[2024-09-19T08:10:39.747+0500] {logging_mixin.py:190} WARNING - Setting next_dagrun for train to 2024-09-19 01:00:00+00:00, run_after=2024-09-20 01:00:00+00:00
[2024-09-19T08:10:39.772+0500] {processor.py:208} INFO - Processing /home/nicolaspc/airflow/dags/train_dag.py took 0.888 seconds
[2024-09-19T08:11:10.120+0500] {processor.py:186} INFO - Started process (PID=8314) to work on /home/nicolaspc/airflow/dags/train_dag.py
[2024-09-19T08:11:10.120+0500] {processor.py:914} INFO - Processing file /home/nicolaspc/airflow/dags/train_dag.py for tasks to queue
[2024-09-19T08:11:10.122+0500] {logging_mixin.py:190} INFO - [2024-09-19T08:11:10.122+0500] {dagbag.py:587} INFO - Filling up the DagBag from /home/nicolaspc/airflow/dags/train_dag.py
[2024-09-19T08:11:10.947+0500] {processor.py:925} INFO - DAG(s) 'train' retrieved from /home/nicolaspc/airflow/dags/train_dag.py
[2024-09-19T08:11:11.020+0500] {logging_mixin.py:190} INFO - [2024-09-19T08:11:11.020+0500] {dag.py:3211} INFO - Sync 1 DAGs
[2024-09-19T08:11:11.020+0500] {logging_mixin.py:190} WARNING - Sync 1 DAGs
[2024-09-19T08:11:11.035+0500] {logging_mixin.py:190} INFO - [2024-09-19T08:11:11.035+0500] {dag.py:4138} INFO - Setting next_dagrun for train to 2024-09-19 01:00:00+00:00, run_after=2024-09-20 01:00:00+00:00
[2024-09-19T08:11:11.035+0500] {logging_mixin.py:190} WARNING - Setting next_dagrun for train to 2024-09-19 01:00:00+00:00, run_after=2024-09-20 01:00:00+00:00
[2024-09-19T08:11:11.053+0500] {processor.py:208} INFO - Processing /home/nicolaspc/airflow/dags/train_dag.py took 0.938 seconds
[2024-09-19T08:11:41.922+0500] {processor.py:186} INFO - Started process (PID=8837) to work on /home/nicolaspc/airflow/dags/train_dag.py
[2024-09-19T08:11:41.923+0500] {processor.py:914} INFO - Processing file /home/nicolaspc/airflow/dags/train_dag.py for tasks to queue
[2024-09-19T08:11:41.924+0500] {logging_mixin.py:190} INFO - [2024-09-19T08:11:41.924+0500] {dagbag.py:587} INFO - Filling up the DagBag from /home/nicolaspc/airflow/dags/train_dag.py
[2024-09-19T08:11:42.861+0500] {processor.py:925} INFO - DAG(s) 'train' retrieved from /home/nicolaspc/airflow/dags/train_dag.py
[2024-09-19T08:11:42.886+0500] {logging_mixin.py:190} INFO - [2024-09-19T08:11:42.886+0500] {dag.py:3211} INFO - Sync 1 DAGs
[2024-09-19T08:11:42.886+0500] {logging_mixin.py:190} WARNING - Sync 1 DAGs
[2024-09-19T08:11:42.907+0500] {logging_mixin.py:190} INFO - [2024-09-19T08:11:42.907+0500] {dag.py:4138} INFO - Setting next_dagrun for train to 2024-09-19 01:00:00+00:00, run_after=2024-09-20 01:00:00+00:00
[2024-09-19T08:11:42.907+0500] {logging_mixin.py:190} WARNING - Setting next_dagrun for train to 2024-09-19 01:00:00+00:00, run_after=2024-09-20 01:00:00+00:00
[2024-09-19T08:11:42.932+0500] {processor.py:208} INFO - Processing /home/nicolaspc/airflow/dags/train_dag.py took 1.016 seconds
[2024-09-19T08:12:13.652+0500] {processor.py:186} INFO - Started process (PID=9472) to work on /home/nicolaspc/airflow/dags/train_dag.py
[2024-09-19T08:12:13.653+0500] {processor.py:914} INFO - Processing file /home/nicolaspc/airflow/dags/train_dag.py for tasks to queue
[2024-09-19T08:12:13.655+0500] {logging_mixin.py:190} INFO - [2024-09-19T08:12:13.655+0500] {dagbag.py:587} INFO - Filling up the DagBag from /home/nicolaspc/airflow/dags/train_dag.py
[2024-09-19T08:12:14.665+0500] {processor.py:925} INFO - DAG(s) 'train' retrieved from /home/nicolaspc/airflow/dags/train_dag.py
[2024-09-19T08:12:14.792+0500] {logging_mixin.py:190} INFO - [2024-09-19T08:12:14.791+0500] {dag.py:3211} INFO - Sync 1 DAGs
[2024-09-19T08:12:14.792+0500] {logging_mixin.py:190} WARNING - Sync 1 DAGs
[2024-09-19T08:12:14.811+0500] {logging_mixin.py:190} INFO - [2024-09-19T08:12:14.811+0500] {dag.py:4138} INFO - Setting next_dagrun for train to 2024-09-19 01:00:00+00:00, run_after=2024-09-20 01:00:00+00:00
[2024-09-19T08:12:14.811+0500] {logging_mixin.py:190} WARNING - Setting next_dagrun for train to 2024-09-19 01:00:00+00:00, run_after=2024-09-20 01:00:00+00:00
[2024-09-19T08:12:14.837+0500] {processor.py:208} INFO - Processing /home/nicolaspc/airflow/dags/train_dag.py took 1.190 seconds
[2024-09-19T08:12:45.795+0500] {processor.py:186} INFO - Started process (PID=9943) to work on /home/nicolaspc/airflow/dags/train_dag.py
[2024-09-19T08:12:45.796+0500] {processor.py:914} INFO - Processing file /home/nicolaspc/airflow/dags/train_dag.py for tasks to queue
[2024-09-19T08:12:45.798+0500] {logging_mixin.py:190} INFO - [2024-09-19T08:12:45.798+0500] {dagbag.py:587} INFO - Filling up the DagBag from /home/nicolaspc/airflow/dags/train_dag.py
[2024-09-19T08:12:46.683+0500] {processor.py:925} INFO - DAG(s) 'train' retrieved from /home/nicolaspc/airflow/dags/train_dag.py
[2024-09-19T08:12:46.704+0500] {logging_mixin.py:190} INFO - [2024-09-19T08:12:46.703+0500] {dag.py:3211} INFO - Sync 1 DAGs
[2024-09-19T08:12:46.704+0500] {logging_mixin.py:190} WARNING - Sync 1 DAGs
[2024-09-19T08:12:46.720+0500] {logging_mixin.py:190} INFO - [2024-09-19T08:12:46.720+0500] {dag.py:4138} INFO - Setting next_dagrun for train to 2024-09-19 01:00:00+00:00, run_after=2024-09-20 01:00:00+00:00
[2024-09-19T08:12:46.720+0500] {logging_mixin.py:190} WARNING - Setting next_dagrun for train to 2024-09-19 01:00:00+00:00, run_after=2024-09-20 01:00:00+00:00
[2024-09-19T08:12:46.736+0500] {processor.py:208} INFO - Processing /home/nicolaspc/airflow/dags/train_dag.py took 0.946 seconds
[2024-09-19T08:13:17.384+0500] {processor.py:186} INFO - Started process (PID=10733) to work on /home/nicolaspc/airflow/dags/train_dag.py
[2024-09-19T08:13:17.385+0500] {processor.py:914} INFO - Processing file /home/nicolaspc/airflow/dags/train_dag.py for tasks to queue
[2024-09-19T08:13:17.387+0500] {logging_mixin.py:190} INFO - [2024-09-19T08:13:17.387+0500] {dagbag.py:587} INFO - Filling up the DagBag from /home/nicolaspc/airflow/dags/train_dag.py
[2024-09-19T08:13:18.478+0500] {processor.py:925} INFO - DAG(s) 'train' retrieved from /home/nicolaspc/airflow/dags/train_dag.py
[2024-09-19T08:13:18.629+0500] {logging_mixin.py:190} INFO - [2024-09-19T08:13:18.628+0500] {dag.py:3211} INFO - Sync 1 DAGs
[2024-09-19T08:13:18.629+0500] {logging_mixin.py:190} WARNING - Sync 1 DAGs
[2024-09-19T08:13:18.656+0500] {logging_mixin.py:190} INFO - [2024-09-19T08:13:18.655+0500] {dag.py:4138} INFO - Setting next_dagrun for train to 2024-09-19 01:00:00+00:00, run_after=2024-09-20 01:00:00+00:00
[2024-09-19T08:13:18.656+0500] {logging_mixin.py:190} WARNING - Setting next_dagrun for train to 2024-09-19 01:00:00+00:00, run_after=2024-09-20 01:00:00+00:00
[2024-09-19T08:13:18.699+0500] {processor.py:208} INFO - Processing /home/nicolaspc/airflow/dags/train_dag.py took 1.320 seconds
[2024-09-19T08:13:49.631+0500] {processor.py:186} INFO - Started process (PID=11020) to work on /home/nicolaspc/airflow/dags/train_dag.py
[2024-09-19T08:13:49.631+0500] {processor.py:914} INFO - Processing file /home/nicolaspc/airflow/dags/train_dag.py for tasks to queue
[2024-09-19T08:13:49.633+0500] {logging_mixin.py:190} INFO - [2024-09-19T08:13:49.633+0500] {dagbag.py:587} INFO - Filling up the DagBag from /home/nicolaspc/airflow/dags/train_dag.py
[2024-09-19T08:13:50.636+0500] {processor.py:925} INFO - DAG(s) 'train' retrieved from /home/nicolaspc/airflow/dags/train_dag.py
[2024-09-19T08:13:50.664+0500] {logging_mixin.py:190} INFO - [2024-09-19T08:13:50.664+0500] {dag.py:3211} INFO - Sync 1 DAGs
[2024-09-19T08:13:50.664+0500] {logging_mixin.py:190} WARNING - Sync 1 DAGs
[2024-09-19T08:13:50.686+0500] {logging_mixin.py:190} INFO - [2024-09-19T08:13:50.686+0500] {dag.py:4138} INFO - Setting next_dagrun for train to 2024-09-19 01:00:00+00:00, run_after=2024-09-20 01:00:00+00:00
[2024-09-19T08:13:50.686+0500] {logging_mixin.py:190} WARNING - Setting next_dagrun for train to 2024-09-19 01:00:00+00:00, run_after=2024-09-20 01:00:00+00:00
[2024-09-19T08:13:50.715+0500] {processor.py:208} INFO - Processing /home/nicolaspc/airflow/dags/train_dag.py took 1.090 seconds
[2024-09-19T08:14:21.604+0500] {processor.py:186} INFO - Started process (PID=11297) to work on /home/nicolaspc/airflow/dags/train_dag.py
[2024-09-19T08:14:21.613+0500] {processor.py:914} INFO - Processing file /home/nicolaspc/airflow/dags/train_dag.py for tasks to queue
[2024-09-19T08:14:21.615+0500] {logging_mixin.py:190} INFO - [2024-09-19T08:14:21.614+0500] {dagbag.py:587} INFO - Filling up the DagBag from /home/nicolaspc/airflow/dags/train_dag.py
[2024-09-19T08:14:22.693+0500] {processor.py:925} INFO - DAG(s) 'train' retrieved from /home/nicolaspc/airflow/dags/train_dag.py
[2024-09-19T08:14:22.928+0500] {logging_mixin.py:190} INFO - [2024-09-19T08:14:22.927+0500] {dag.py:3211} INFO - Sync 1 DAGs
[2024-09-19T08:14:22.928+0500] {logging_mixin.py:190} WARNING - Sync 1 DAGs
[2024-09-19T08:14:22.947+0500] {logging_mixin.py:190} INFO - [2024-09-19T08:14:22.947+0500] {dag.py:4138} INFO - Setting next_dagrun for train to 2024-09-19 01:00:00+00:00, run_after=2024-09-20 01:00:00+00:00
[2024-09-19T08:14:22.947+0500] {logging_mixin.py:190} WARNING - Setting next_dagrun for train to 2024-09-19 01:00:00+00:00, run_after=2024-09-20 01:00:00+00:00
[2024-09-19T08:14:22.973+0500] {processor.py:208} INFO - Processing /home/nicolaspc/airflow/dags/train_dag.py took 1.376 seconds
[2024-09-19T08:14:53.604+0500] {processor.py:186} INFO - Started process (PID=11585) to work on /home/nicolaspc/airflow/dags/train_dag.py
[2024-09-19T08:14:53.605+0500] {processor.py:914} INFO - Processing file /home/nicolaspc/airflow/dags/train_dag.py for tasks to queue
[2024-09-19T08:14:53.607+0500] {logging_mixin.py:190} INFO - [2024-09-19T08:14:53.607+0500] {dagbag.py:587} INFO - Filling up the DagBag from /home/nicolaspc/airflow/dags/train_dag.py
[2024-09-19T08:14:54.610+0500] {processor.py:925} INFO - DAG(s) 'train' retrieved from /home/nicolaspc/airflow/dags/train_dag.py
[2024-09-19T08:14:54.636+0500] {logging_mixin.py:190} INFO - [2024-09-19T08:14:54.636+0500] {dag.py:3211} INFO - Sync 1 DAGs
[2024-09-19T08:14:54.636+0500] {logging_mixin.py:190} WARNING - Sync 1 DAGs
[2024-09-19T08:14:54.658+0500] {logging_mixin.py:190} INFO - [2024-09-19T08:14:54.658+0500] {dag.py:4138} INFO - Setting next_dagrun for train to 2024-09-19 01:00:00+00:00, run_after=2024-09-20 01:00:00+00:00
[2024-09-19T08:14:54.658+0500] {logging_mixin.py:190} WARNING - Setting next_dagrun for train to 2024-09-19 01:00:00+00:00, run_after=2024-09-20 01:00:00+00:00
[2024-09-19T08:14:54.681+0500] {processor.py:208} INFO - Processing /home/nicolaspc/airflow/dags/train_dag.py took 1.082 seconds
[2024-09-19T08:15:26.422+0500] {processor.py:186} INFO - Started process (PID=11869) to work on /home/nicolaspc/airflow/dags/train_dag.py
[2024-09-19T08:15:26.424+0500] {processor.py:914} INFO - Processing file /home/nicolaspc/airflow/dags/train_dag.py for tasks to queue
[2024-09-19T08:15:26.426+0500] {logging_mixin.py:190} INFO - [2024-09-19T08:15:26.425+0500] {dagbag.py:587} INFO - Filling up the DagBag from /home/nicolaspc/airflow/dags/train_dag.py
[2024-09-19T08:15:27.500+0500] {processor.py:925} INFO - DAG(s) 'train' retrieved from /home/nicolaspc/airflow/dags/train_dag.py
[2024-09-19T08:15:27.754+0500] {logging_mixin.py:190} INFO - [2024-09-19T08:15:27.753+0500] {dag.py:3211} INFO - Sync 1 DAGs
[2024-09-19T08:15:27.754+0500] {logging_mixin.py:190} WARNING - Sync 1 DAGs
[2024-09-19T08:15:27.782+0500] {logging_mixin.py:190} INFO - [2024-09-19T08:15:27.782+0500] {dag.py:4138} INFO - Setting next_dagrun for train to 2024-09-19 01:00:00+00:00, run_after=2024-09-20 01:00:00+00:00
[2024-09-19T08:15:27.782+0500] {logging_mixin.py:190} WARNING - Setting next_dagrun for train to 2024-09-19 01:00:00+00:00, run_after=2024-09-20 01:00:00+00:00
[2024-09-19T08:15:27.822+0500] {processor.py:208} INFO - Processing /home/nicolaspc/airflow/dags/train_dag.py took 1.406 seconds
[2024-09-19T08:15:58.638+0500] {processor.py:186} INFO - Started process (PID=12160) to work on /home/nicolaspc/airflow/dags/train_dag.py
[2024-09-19T08:15:58.642+0500] {processor.py:914} INFO - Processing file /home/nicolaspc/airflow/dags/train_dag.py for tasks to queue
[2024-09-19T08:15:58.644+0500] {logging_mixin.py:190} INFO - [2024-09-19T08:15:58.644+0500] {dagbag.py:587} INFO - Filling up the DagBag from /home/nicolaspc/airflow/dags/train_dag.py
[2024-09-19T08:15:59.792+0500] {processor.py:925} INFO - DAG(s) 'train' retrieved from /home/nicolaspc/airflow/dags/train_dag.py
[2024-09-19T08:15:59.818+0500] {logging_mixin.py:190} INFO - [2024-09-19T08:15:59.818+0500] {dag.py:3211} INFO - Sync 1 DAGs
[2024-09-19T08:15:59.819+0500] {logging_mixin.py:190} WARNING - Sync 1 DAGs
[2024-09-19T08:15:59.974+0500] {logging_mixin.py:190} INFO - [2024-09-19T08:15:59.974+0500] {dag.py:4138} INFO - Setting next_dagrun for train to 2024-09-19 01:00:00+00:00, run_after=2024-09-20 01:00:00+00:00
[2024-09-19T08:15:59.974+0500] {logging_mixin.py:190} WARNING - Setting next_dagrun for train to 2024-09-19 01:00:00+00:00, run_after=2024-09-20 01:00:00+00:00
[2024-09-19T08:16:00.003+0500] {processor.py:208} INFO - Processing /home/nicolaspc/airflow/dags/train_dag.py took 1.371 seconds
[2024-09-19T08:16:30.761+0500] {processor.py:186} INFO - Started process (PID=12430) to work on /home/nicolaspc/airflow/dags/train_dag.py
[2024-09-19T08:16:30.762+0500] {processor.py:914} INFO - Processing file /home/nicolaspc/airflow/dags/train_dag.py for tasks to queue
[2024-09-19T08:16:30.763+0500] {logging_mixin.py:190} INFO - [2024-09-19T08:16:30.763+0500] {dagbag.py:587} INFO - Filling up the DagBag from /home/nicolaspc/airflow/dags/train_dag.py
[2024-09-19T08:16:31.696+0500] {processor.py:925} INFO - DAG(s) 'train' retrieved from /home/nicolaspc/airflow/dags/train_dag.py
[2024-09-19T08:16:31.862+0500] {logging_mixin.py:190} INFO - [2024-09-19T08:16:31.862+0500] {dag.py:3211} INFO - Sync 1 DAGs
[2024-09-19T08:16:31.862+0500] {logging_mixin.py:190} WARNING - Sync 1 DAGs
[2024-09-19T08:16:31.881+0500] {logging_mixin.py:190} INFO - [2024-09-19T08:16:31.881+0500] {dag.py:4138} INFO - Setting next_dagrun for train to 2024-09-19 01:00:00+00:00, run_after=2024-09-20 01:00:00+00:00
[2024-09-19T08:16:31.881+0500] {logging_mixin.py:190} WARNING - Setting next_dagrun for train to 2024-09-19 01:00:00+00:00, run_after=2024-09-20 01:00:00+00:00
[2024-09-19T08:16:31.909+0500] {processor.py:208} INFO - Processing /home/nicolaspc/airflow/dags/train_dag.py took 1.153 seconds
[2024-09-19T08:17:02.029+0500] {processor.py:186} INFO - Started process (PID=12711) to work on /home/nicolaspc/airflow/dags/train_dag.py
[2024-09-19T08:17:02.030+0500] {processor.py:914} INFO - Processing file /home/nicolaspc/airflow/dags/train_dag.py for tasks to queue
[2024-09-19T08:17:02.032+0500] {logging_mixin.py:190} INFO - [2024-09-19T08:17:02.032+0500] {dagbag.py:587} INFO - Filling up the DagBag from /home/nicolaspc/airflow/dags/train_dag.py
[2024-09-19T08:17:03.112+0500] {processor.py:925} INFO - DAG(s) 'train' retrieved from /home/nicolaspc/airflow/dags/train_dag.py
[2024-09-19T08:17:03.133+0500] {logging_mixin.py:190} INFO - [2024-09-19T08:17:03.133+0500] {dag.py:3211} INFO - Sync 1 DAGs
[2024-09-19T08:17:03.133+0500] {logging_mixin.py:190} WARNING - Sync 1 DAGs
[2024-09-19T08:17:03.149+0500] {logging_mixin.py:190} INFO - [2024-09-19T08:17:03.149+0500] {dag.py:4138} INFO - Setting next_dagrun for train to 2024-09-19 01:00:00+00:00, run_after=2024-09-20 01:00:00+00:00
[2024-09-19T08:17:03.149+0500] {logging_mixin.py:190} WARNING - Setting next_dagrun for train to 2024-09-19 01:00:00+00:00, run_after=2024-09-20 01:00:00+00:00
[2024-09-19T08:17:03.174+0500] {processor.py:208} INFO - Processing /home/nicolaspc/airflow/dags/train_dag.py took 1.162 seconds
[2024-09-19T08:17:34.144+0500] {processor.py:186} INFO - Started process (PID=13011) to work on /home/nicolaspc/airflow/dags/train_dag.py
[2024-09-19T08:17:34.145+0500] {processor.py:914} INFO - Processing file /home/nicolaspc/airflow/dags/train_dag.py for tasks to queue
[2024-09-19T08:17:34.146+0500] {logging_mixin.py:190} INFO - [2024-09-19T08:17:34.146+0500] {dagbag.py:587} INFO - Filling up the DagBag from /home/nicolaspc/airflow/dags/train_dag.py
[2024-09-19T08:17:35.170+0500] {processor.py:925} INFO - DAG(s) 'train' retrieved from /home/nicolaspc/airflow/dags/train_dag.py
[2024-09-19T08:17:35.248+0500] {logging_mixin.py:190} INFO - [2024-09-19T08:17:35.247+0500] {dag.py:3211} INFO - Sync 1 DAGs
[2024-09-19T08:17:35.248+0500] {logging_mixin.py:190} WARNING - Sync 1 DAGs
[2024-09-19T08:17:35.267+0500] {logging_mixin.py:190} INFO - [2024-09-19T08:17:35.266+0500] {dag.py:4138} INFO - Setting next_dagrun for train to 2024-09-19 01:00:00+00:00, run_after=2024-09-20 01:00:00+00:00
[2024-09-19T08:17:35.267+0500] {logging_mixin.py:190} WARNING - Setting next_dagrun for train to 2024-09-19 01:00:00+00:00, run_after=2024-09-20 01:00:00+00:00
[2024-09-19T08:17:35.288+0500] {processor.py:208} INFO - Processing /home/nicolaspc/airflow/dags/train_dag.py took 1.148 seconds
[2024-09-19T08:18:06.221+0500] {processor.py:186} INFO - Started process (PID=13316) to work on /home/nicolaspc/airflow/dags/train_dag.py
[2024-09-19T08:18:06.221+0500] {processor.py:914} INFO - Processing file /home/nicolaspc/airflow/dags/train_dag.py for tasks to queue
[2024-09-19T08:18:06.223+0500] {logging_mixin.py:190} INFO - [2024-09-19T08:18:06.223+0500] {dagbag.py:587} INFO - Filling up the DagBag from /home/nicolaspc/airflow/dags/train_dag.py
[2024-09-19T08:18:07.166+0500] {processor.py:925} INFO - DAG(s) 'train' retrieved from /home/nicolaspc/airflow/dags/train_dag.py
[2024-09-19T08:18:07.185+0500] {logging_mixin.py:190} INFO - [2024-09-19T08:18:07.185+0500] {dag.py:3211} INFO - Sync 1 DAGs
[2024-09-19T08:18:07.185+0500] {logging_mixin.py:190} WARNING - Sync 1 DAGs
[2024-09-19T08:18:07.202+0500] {logging_mixin.py:190} INFO - [2024-09-19T08:18:07.202+0500] {dag.py:4138} INFO - Setting next_dagrun for train to 2024-09-19 01:00:00+00:00, run_after=2024-09-20 01:00:00+00:00
[2024-09-19T08:18:07.202+0500] {logging_mixin.py:190} WARNING - Setting next_dagrun for train to 2024-09-19 01:00:00+00:00, run_after=2024-09-20 01:00:00+00:00
[2024-09-19T08:18:07.225+0500] {processor.py:208} INFO - Processing /home/nicolaspc/airflow/dags/train_dag.py took 1.009 seconds
[2024-09-19T08:18:37.982+0500] {processor.py:186} INFO - Started process (PID=14425) to work on /home/nicolaspc/airflow/dags/train_dag.py
[2024-09-19T08:18:37.983+0500] {processor.py:914} INFO - Processing file /home/nicolaspc/airflow/dags/train_dag.py for tasks to queue
[2024-09-19T08:18:37.985+0500] {logging_mixin.py:190} INFO - [2024-09-19T08:18:37.985+0500] {dagbag.py:587} INFO - Filling up the DagBag from /home/nicolaspc/airflow/dags/train_dag.py
[2024-09-19T08:18:38.930+0500] {processor.py:925} INFO - DAG(s) 'train' retrieved from /home/nicolaspc/airflow/dags/train_dag.py
[2024-09-19T08:18:39.000+0500] {logging_mixin.py:190} INFO - [2024-09-19T08:18:39.000+0500] {dag.py:3211} INFO - Sync 1 DAGs
[2024-09-19T08:18:39.000+0500] {logging_mixin.py:190} WARNING - Sync 1 DAGs
[2024-09-19T08:18:39.016+0500] {logging_mixin.py:190} INFO - [2024-09-19T08:18:39.016+0500] {dag.py:4138} INFO - Setting next_dagrun for train to 2024-09-19 01:00:00+00:00, run_after=2024-09-20 01:00:00+00:00
[2024-09-19T08:18:39.016+0500] {logging_mixin.py:190} WARNING - Setting next_dagrun for train to 2024-09-19 01:00:00+00:00, run_after=2024-09-20 01:00:00+00:00
[2024-09-19T08:18:39.032+0500] {processor.py:208} INFO - Processing /home/nicolaspc/airflow/dags/train_dag.py took 1.057 seconds
[2024-09-19T08:19:09.764+0500] {processor.py:186} INFO - Started process (PID=14964) to work on /home/nicolaspc/airflow/dags/train_dag.py
[2024-09-19T08:19:09.764+0500] {processor.py:914} INFO - Processing file /home/nicolaspc/airflow/dags/train_dag.py for tasks to queue
[2024-09-19T08:19:09.766+0500] {logging_mixin.py:190} INFO - [2024-09-19T08:19:09.766+0500] {dagbag.py:587} INFO - Filling up the DagBag from /home/nicolaspc/airflow/dags/train_dag.py
[2024-09-19T08:19:10.709+0500] {processor.py:925} INFO - DAG(s) 'train' retrieved from /home/nicolaspc/airflow/dags/train_dag.py
[2024-09-19T08:19:10.730+0500] {logging_mixin.py:190} INFO - [2024-09-19T08:19:10.729+0500] {dag.py:3211} INFO - Sync 1 DAGs
[2024-09-19T08:19:10.730+0500] {logging_mixin.py:190} WARNING - Sync 1 DAGs
[2024-09-19T08:19:10.746+0500] {logging_mixin.py:190} INFO - [2024-09-19T08:19:10.746+0500] {dag.py:4138} INFO - Setting next_dagrun for train to 2024-09-19 01:00:00+00:00, run_after=2024-09-20 01:00:00+00:00
[2024-09-19T08:19:10.746+0500] {logging_mixin.py:190} WARNING - Setting next_dagrun for train to 2024-09-19 01:00:00+00:00, run_after=2024-09-20 01:00:00+00:00
[2024-09-19T08:19:10.769+0500] {processor.py:208} INFO - Processing /home/nicolaspc/airflow/dags/train_dag.py took 1.010 seconds
[2024-09-19T08:19:41.941+0500] {processor.py:186} INFO - Started process (PID=16110) to work on /home/nicolaspc/airflow/dags/train_dag.py
[2024-09-19T08:19:41.942+0500] {processor.py:914} INFO - Processing file /home/nicolaspc/airflow/dags/train_dag.py for tasks to queue
[2024-09-19T08:19:41.943+0500] {logging_mixin.py:190} INFO - [2024-09-19T08:19:41.943+0500] {dagbag.py:587} INFO - Filling up the DagBag from /home/nicolaspc/airflow/dags/train_dag.py
[2024-09-19T08:19:43.397+0500] {processor.py:925} INFO - DAG(s) 'train' retrieved from /home/nicolaspc/airflow/dags/train_dag.py
[2024-09-19T08:19:43.527+0500] {logging_mixin.py:190} INFO - [2024-09-19T08:19:43.526+0500] {dag.py:3211} INFO - Sync 1 DAGs
[2024-09-19T08:19:43.527+0500] {logging_mixin.py:190} WARNING - Sync 1 DAGs
[2024-09-19T08:19:43.556+0500] {logging_mixin.py:190} INFO - [2024-09-19T08:19:43.556+0500] {dag.py:4138} INFO - Setting next_dagrun for train to 2024-09-19 01:00:00+00:00, run_after=2024-09-20 01:00:00+00:00
[2024-09-19T08:19:43.556+0500] {logging_mixin.py:190} WARNING - Setting next_dagrun for train to 2024-09-19 01:00:00+00:00, run_after=2024-09-20 01:00:00+00:00
[2024-09-19T08:19:43.599+0500] {processor.py:208} INFO - Processing /home/nicolaspc/airflow/dags/train_dag.py took 1.663 seconds
[2024-09-19T08:20:14.525+0500] {processor.py:186} INFO - Started process (PID=16712) to work on /home/nicolaspc/airflow/dags/train_dag.py
[2024-09-19T08:20:14.526+0500] {processor.py:914} INFO - Processing file /home/nicolaspc/airflow/dags/train_dag.py for tasks to queue
[2024-09-19T08:20:14.527+0500] {logging_mixin.py:190} INFO - [2024-09-19T08:20:14.527+0500] {dagbag.py:587} INFO - Filling up the DagBag from /home/nicolaspc/airflow/dags/train_dag.py
[2024-09-19T08:20:15.452+0500] {processor.py:925} INFO - DAG(s) 'train' retrieved from /home/nicolaspc/airflow/dags/train_dag.py
[2024-09-19T08:20:15.474+0500] {logging_mixin.py:190} INFO - [2024-09-19T08:20:15.474+0500] {dag.py:3211} INFO - Sync 1 DAGs
[2024-09-19T08:20:15.474+0500] {logging_mixin.py:190} WARNING - Sync 1 DAGs
[2024-09-19T08:20:15.491+0500] {logging_mixin.py:190} INFO - [2024-09-19T08:20:15.491+0500] {dag.py:4138} INFO - Setting next_dagrun for train to 2024-09-19 01:00:00+00:00, run_after=2024-09-20 01:00:00+00:00
[2024-09-19T08:20:15.491+0500] {logging_mixin.py:190} WARNING - Setting next_dagrun for train to 2024-09-19 01:00:00+00:00, run_after=2024-09-20 01:00:00+00:00
[2024-09-19T08:20:15.511+0500] {processor.py:208} INFO - Processing /home/nicolaspc/airflow/dags/train_dag.py took 0.990 seconds
[2024-09-19T08:20:46.038+0500] {processor.py:186} INFO - Started process (PID=17257) to work on /home/nicolaspc/airflow/dags/train_dag.py
[2024-09-19T08:20:46.039+0500] {processor.py:914} INFO - Processing file /home/nicolaspc/airflow/dags/train_dag.py for tasks to queue
[2024-09-19T08:20:46.042+0500] {logging_mixin.py:190} INFO - [2024-09-19T08:20:46.042+0500] {dagbag.py:587} INFO - Filling up the DagBag from /home/nicolaspc/airflow/dags/train_dag.py
[2024-09-19T08:20:47.481+0500] {processor.py:925} INFO - DAG(s) 'train' retrieved from /home/nicolaspc/airflow/dags/train_dag.py
[2024-09-19T08:20:47.589+0500] {logging_mixin.py:190} INFO - [2024-09-19T08:20:47.588+0500] {dag.py:3211} INFO - Sync 1 DAGs
[2024-09-19T08:20:47.589+0500] {logging_mixin.py:190} WARNING - Sync 1 DAGs
[2024-09-19T08:20:47.612+0500] {logging_mixin.py:190} INFO - [2024-09-19T08:20:47.612+0500] {dag.py:4138} INFO - Setting next_dagrun for train to 2024-09-19 01:00:00+00:00, run_after=2024-09-20 01:00:00+00:00
[2024-09-19T08:20:47.612+0500] {logging_mixin.py:190} WARNING - Setting next_dagrun for train to 2024-09-19 01:00:00+00:00, run_after=2024-09-20 01:00:00+00:00
[2024-09-19T08:20:47.638+0500] {processor.py:208} INFO - Processing /home/nicolaspc/airflow/dags/train_dag.py took 1.605 seconds
[2024-09-19T08:21:18.544+0500] {processor.py:186} INFO - Started process (PID=17784) to work on /home/nicolaspc/airflow/dags/train_dag.py
[2024-09-19T08:21:18.544+0500] {processor.py:914} INFO - Processing file /home/nicolaspc/airflow/dags/train_dag.py for tasks to queue
[2024-09-19T08:21:18.546+0500] {logging_mixin.py:190} INFO - [2024-09-19T08:21:18.545+0500] {dagbag.py:587} INFO - Filling up the DagBag from /home/nicolaspc/airflow/dags/train_dag.py
[2024-09-19T08:21:19.426+0500] {processor.py:925} INFO - DAG(s) 'train' retrieved from /home/nicolaspc/airflow/dags/train_dag.py
[2024-09-19T08:21:19.446+0500] {logging_mixin.py:190} INFO - [2024-09-19T08:21:19.446+0500] {dag.py:3211} INFO - Sync 1 DAGs
[2024-09-19T08:21:19.446+0500] {logging_mixin.py:190} WARNING - Sync 1 DAGs
[2024-09-19T08:21:19.463+0500] {logging_mixin.py:190} INFO - [2024-09-19T08:21:19.463+0500] {dag.py:4138} INFO - Setting next_dagrun for train to 2024-09-19 01:00:00+00:00, run_after=2024-09-20 01:00:00+00:00
[2024-09-19T08:21:19.463+0500] {logging_mixin.py:190} WARNING - Setting next_dagrun for train to 2024-09-19 01:00:00+00:00, run_after=2024-09-20 01:00:00+00:00
[2024-09-19T08:21:19.487+0500] {processor.py:208} INFO - Processing /home/nicolaspc/airflow/dags/train_dag.py took 0.947 seconds
[2024-09-19T08:35:44.235+0500] {processor.py:186} INFO - Started process (PID=24369) to work on /home/nicolaspc/airflow/dags/train_dag.py
[2024-09-19T08:35:44.236+0500] {processor.py:914} INFO - Processing file /home/nicolaspc/airflow/dags/train_dag.py for tasks to queue
[2024-09-19T08:35:44.237+0500] {logging_mixin.py:190} INFO - [2024-09-19T08:35:44.237+0500] {dagbag.py:587} INFO - Filling up the DagBag from /home/nicolaspc/airflow/dags/train_dag.py
[2024-09-19T08:35:45.269+0500] {processor.py:925} INFO - DAG(s) 'train' retrieved from /home/nicolaspc/airflow/dags/train_dag.py
[2024-09-19T08:35:45.337+0500] {logging_mixin.py:190} INFO - [2024-09-19T08:35:45.337+0500] {dag.py:3211} INFO - Sync 1 DAGs
[2024-09-19T08:35:45.337+0500] {logging_mixin.py:190} WARNING - Sync 1 DAGs
[2024-09-19T08:35:45.352+0500] {logging_mixin.py:190} INFO - [2024-09-19T08:35:45.352+0500] {dag.py:4138} INFO - Setting next_dagrun for train to 2024-09-19 01:00:00+00:00, run_after=2024-09-20 01:00:00+00:00
[2024-09-19T08:35:45.352+0500] {logging_mixin.py:190} WARNING - Setting next_dagrun for train to 2024-09-19 01:00:00+00:00, run_after=2024-09-20 01:00:00+00:00
[2024-09-19T08:35:45.376+0500] {processor.py:208} INFO - Processing /home/nicolaspc/airflow/dags/train_dag.py took 1.145 seconds
