[2024-10-02T19:19:10.981+0500] {local_task_job_runner.py:123} INFO - ::group::Pre task execution logs
[2024-10-02T19:19:10.999+0500] {taskinstance.py:2603} INFO - Dependencies all met for dep_context=non-requeueable deps ti=<TaskInstance: lr_train.prepare_data manual__2024-10-02T14:19:03.757569+00:00 [queued]>
[2024-10-02T19:19:11.008+0500] {taskinstance.py:2603} INFO - Dependencies all met for dep_context=requeueable deps ti=<TaskInstance: lr_train.prepare_data manual__2024-10-02T14:19:03.757569+00:00 [queued]>
[2024-10-02T19:19:11.008+0500] {taskinstance.py:2856} INFO - Starting attempt 1 of 1
[2024-10-02T19:19:11.020+0500] {taskinstance.py:2879} INFO - Executing <Task(PythonOperator): prepare_data> on 2024-10-02 14:19:03.757569+00:00
[2024-10-02T19:19:11.035+0500] {logging_mixin.py:190} WARNING - /home/nicolaspc/anaconda3/envs/mlops_env/lib/python3.12/site-packages/***/task/task_runner/standard_task_runner.py:70 DeprecationWarning: This process (pid=19134) is multi-threaded, use of fork() may lead to deadlocks in the child.
[2024-10-02T19:19:11.036+0500] {standard_task_runner.py:72} INFO - Started process 19184 to run task
[2024-10-02T19:19:11.035+0500] {standard_task_runner.py:104} INFO - Running: ['***', 'tasks', 'run', 'lr_train', 'prepare_data', 'manual__2024-10-02T14:19:03.757569+00:00', '--job-id', '491', '--raw', '--subdir', 'DAGS_FOLDER/train_models.py', '--cfg-path', '/tmp/tmpbnrh3_c4']
[2024-10-02T19:19:11.037+0500] {standard_task_runner.py:105} INFO - Job 491: Subtask prepare_data
[2024-10-02T19:19:11.092+0500] {task_command.py:467} INFO - Running <TaskInstance: lr_train.prepare_data manual__2024-10-02T14:19:03.757569+00:00 [running]> on host nicolaspc-HP-Pavilion-Laptop-15-eh1xxx
[2024-10-02T19:19:11.181+0500] {taskinstance.py:3122} INFO - Exporting env vars: AIRFLOW_CTX_DAG_OWNER='Nicolas Pal' AIRFLOW_CTX_DAG_ID='lr_train' AIRFLOW_CTX_TASK_ID='prepare_data' AIRFLOW_CTX_EXECUTION_DATE='2024-10-02T14:19:03.757569+00:00' AIRFLOW_CTX_TRY_NUMBER='1' AIRFLOW_CTX_DAG_RUN_ID='manual__2024-10-02T14:19:03.757569+00:00'
[2024-10-02T19:19:11.182+0500] {taskinstance.py:731} INFO - ::endgroup::
[2024-10-02T19:19:11.210+0500] {s3.py:1387} INFO - Downloading source S3 file from Bucket test-bucket-nicolas-1 with path datasets/california_housing.pkl
[2024-10-02T19:19:11.225+0500] {base.py:84} INFO - Retrieving connection 'aws_default'
[2024-10-02T19:19:11.226+0500] {connection_wrapper.py:384} INFO - AWS Connection (conn_id='aws_default', conn_type='aws') credentials retrieved from login and password.
[2024-10-02T19:19:14.668+0500] {train_models.py:99} INFO - Данные для обработки из S3 загружены
[2024-10-02T19:19:14.700+0500] {base.py:84} INFO - Retrieving connection 'aws_default'
[2024-10-02T19:19:14.700+0500] {connection_wrapper.py:384} INFO - AWS Connection (conn_id='aws_default', conn_type='aws') credentials retrieved from login and password.
[2024-10-02T19:19:18.039+0500] {train_models.py:127} INFO - Данные подготовлены и сохранены на S3
[2024-10-02T19:19:18.042+0500] {python.py:240} INFO - Done. Returned value was: {'model': 'lr', 'start_tiemstamp': '20241002 19:19', 'prepare_data_time,sec': 6.8}
[2024-10-02T19:19:18.079+0500] {taskinstance.py:340} INFO - ::group::Post task execution logs
[2024-10-02T19:19:18.080+0500] {taskinstance.py:352} INFO - Marking task as SUCCESS. dag_id=lr_train, task_id=prepare_data, run_id=manual__2024-10-02T14:19:03.757569+00:00, execution_date=20241002T141903, start_date=20241002T141910, end_date=20241002T141918
[2024-10-02T19:19:18.135+0500] {local_task_job_runner.py:261} INFO - Task exited with return code 0
[2024-10-02T19:19:18.160+0500] {taskinstance.py:3891} INFO - 1 downstream tasks scheduled from follow-on schedule check
[2024-10-02T19:19:18.163+0500] {local_task_job_runner.py:240} INFO - ::endgroup::
