[2024-10-10T06:00:21.822+0500] {local_task_job_runner.py:123} INFO - ::group::Pre task execution logs
[2024-10-10T06:00:21.858+0500] {taskinstance.py:2603} INFO - Dependencies all met for dep_context=non-requeueable deps ti=<TaskInstance: rf_train.train_model scheduled__2024-10-09T01:00:00+00:00 [queued]>
[2024-10-10T06:00:21.870+0500] {taskinstance.py:2603} INFO - Dependencies all met for dep_context=requeueable deps ti=<TaskInstance: rf_train.train_model scheduled__2024-10-09T01:00:00+00:00 [queued]>
[2024-10-10T06:00:21.870+0500] {taskinstance.py:2856} INFO - Starting attempt 1 of 1
[2024-10-10T06:00:21.898+0500] {taskinstance.py:2879} INFO - Executing <Task(PythonOperator): train_model> on 2024-10-09 01:00:00+00:00
[2024-10-10T06:00:21.918+0500] {logging_mixin.py:190} WARNING - /home/nicolaspc/anaconda3/envs/mlops_env/lib/python3.12/site-packages/***/task/task_runner/standard_task_runner.py:70 DeprecationWarning: This process (pid=19545) is multi-threaded, use of fork() may lead to deadlocks in the child.
[2024-10-10T06:00:21.919+0500] {standard_task_runner.py:72} INFO - Started process 19626 to run task
[2024-10-10T06:00:21.918+0500] {standard_task_runner.py:104} INFO - Running: ['***', 'tasks', 'run', 'rf_train', 'train_model', 'scheduled__2024-10-09T01:00:00+00:00', '--job-id', '1094', '--raw', '--subdir', 'DAGS_FOLDER/train_models.py', '--cfg-path', '/tmp/tmp0kas6jh4']
[2024-10-10T06:00:21.921+0500] {standard_task_runner.py:105} INFO - Job 1094: Subtask train_model
[2024-10-10T06:00:22.039+0500] {task_command.py:467} INFO - Running <TaskInstance: rf_train.train_model scheduled__2024-10-09T01:00:00+00:00 [running]> on host nicolaspc-HP-Pavilion-Laptop-15-eh1xxx
[2024-10-10T06:00:22.191+0500] {taskinstance.py:3122} INFO - Exporting env vars: AIRFLOW_CTX_DAG_OWNER='Nicolas Pal' AIRFLOW_CTX_DAG_ID='rf_train' AIRFLOW_CTX_TASK_ID='train_model' AIRFLOW_CTX_EXECUTION_DATE='2024-10-09T01:00:00+00:00' AIRFLOW_CTX_TRY_NUMBER='1' AIRFLOW_CTX_DAG_RUN_ID='scheduled__2024-10-09T01:00:00+00:00'
[2024-10-10T06:00:22.192+0500] {taskinstance.py:731} INFO - ::endgroup::
[2024-10-10T06:00:22.244+0500] {s3.py:1387} INFO - Downloading source S3 file from Bucket test-bucket-nicolas-1 with path NicolasPal/rf/datasets/X_train.pkl
[2024-10-10T06:00:22.270+0500] {base.py:84} INFO - Retrieving connection 's3_connection'
[2024-10-10T06:00:22.271+0500] {connection_wrapper.py:384} INFO - AWS Connection (conn_id='s3_connection', conn_type='aws') credentials retrieved from login and password.
[2024-10-10T06:00:24.232+0500] {s3.py:1387} INFO - Downloading source S3 file from Bucket test-bucket-nicolas-1 with path NicolasPal/rf/datasets/X_test.pkl
[2024-10-10T06:00:24.678+0500] {s3.py:1387} INFO - Downloading source S3 file from Bucket test-bucket-nicolas-1 with path NicolasPal/rf/datasets/y_train.pkl
[2024-10-10T06:00:25.196+0500] {s3.py:1387} INFO - Downloading source S3 file from Bucket test-bucket-nicolas-1 with path NicolasPal/rf/datasets/y_test.pkl
[2024-10-10T06:00:25.662+0500] {train_models.py:155} INFO - Данные для обучения модели из S3 загружены
[2024-10-10T06:00:43.748+0500] {train_models.py:176} INFO - Модели обучены, метрики сохранены
[2024-10-10T06:00:43.750+0500] {python.py:240} INFO - Done. Returned value was: {'model': 'rf', 'start_timestamp': '20241010 06:00', 'get_data_start': '20241010 06:00', 'get_data_end': '20241010 06:00', 'data_shape': [20640, 9], 'prepare_data_start': '20241010 06:00', 'prepare_data_end': '20241010 06:00', 'features_name': ['MedInc', 'HouseAge', 'AveRooms', 'AveBedrms', 'Population', 'AveOccup', 'Latitude', 'Longitude'], 'train_model_start': '20241010 06:00', 'train_model_end': '20241010 06:00', 'R^2_score': 0.8, 'rmse': 0.51, 'mae': 0.2}
[2024-10-10T06:00:43.802+0500] {taskinstance.py:340} INFO - ::group::Post task execution logs
[2024-10-10T06:00:43.803+0500] {taskinstance.py:352} INFO - Marking task as SUCCESS. dag_id=rf_train, task_id=train_model, run_id=scheduled__2024-10-09T01:00:00+00:00, execution_date=20241009T010000, start_date=20241010T010021, end_date=20241010T010043
[2024-10-10T06:00:43.873+0500] {local_task_job_runner.py:261} INFO - Task exited with return code 0
[2024-10-10T06:00:43.904+0500] {taskinstance.py:3891} INFO - 1 downstream tasks scheduled from follow-on schedule check
[2024-10-10T06:00:43.908+0500] {local_task_job_runner.py:240} INFO - ::endgroup::
