[2024-07-20T20:43:49.130+0500] {local_task_job_runner.py:120} INFO - ::group::Pre task execution logs
[2024-07-20T20:43:49.148+0500] {taskinstance.py:2076} INFO - Dependencies all met for dep_context=non-requeueable deps ti=<TaskInstance: rf_train.save_results manual__2024-07-20T15:43:23.159413+00:00 [queued]>
[2024-07-20T20:43:49.155+0500] {taskinstance.py:2076} INFO - Dependencies all met for dep_context=requeueable deps ti=<TaskInstance: rf_train.save_results manual__2024-07-20T15:43:23.159413+00:00 [queued]>
[2024-07-20T20:43:49.156+0500] {taskinstance.py:2306} INFO - Starting attempt 1 of 1
[2024-07-20T20:43:49.167+0500] {taskinstance.py:2330} INFO - Executing <Task(PythonOperator): save_results> on 2024-07-20 15:43:23.159413+00:00
[2024-07-20T20:43:49.179+0500] {standard_task_runner.py:90} INFO - Running: ['airflow', 'tasks', 'run', 'rf_train', 'save_results', 'manual__2024-07-20T15:43:23.159413+00:00', '--job-id', '216', '--raw', '--subdir', 'DAGS_FOLDER/train_models.py', '--cfg-path', '/tmp/tmphmkgllxx']
[2024-07-20T20:43:49.181+0500] {standard_task_runner.py:91} INFO - Job 216: Subtask save_results
[2024-07-20T20:43:49.182+0500] {logging_mixin.py:188} WARNING - /home/nicolaspc/anaconda3/envs/mlops_env/lib/python3.12/site-packages/airflow/task/task_runner/standard_task_runner.py:62 DeprecationWarning: This process (pid=25896) is multi-threaded, use of fork() may lead to deadlocks in the child.
[2024-07-20T20:43:49.183+0500] {standard_task_runner.py:64} INFO - Started process 25919 to run task
[2024-07-20T20:43:49.234+0500] {task_command.py:426} INFO - Running <TaskInstance: rf_train.save_results manual__2024-07-20T15:43:23.159413+00:00 [running]> on host nicolaspc-HP-Pavilion-Laptop-15-eh1xxx
[2024-07-20T20:43:49.322+0500] {taskinstance.py:2648} INFO - Exporting env vars: AIRFLOW_CTX_DAG_OWNER='Nicolas Pal' AIRFLOW_CTX_DAG_ID='rf_train' AIRFLOW_CTX_TASK_ID='save_results' AIRFLOW_CTX_EXECUTION_DATE='2024-07-20T15:43:23.159413+00:00' AIRFLOW_CTX_TRY_NUMBER='1' AIRFLOW_CTX_DAG_RUN_ID='manual__2024-07-20T15:43:23.159413+00:00'
[2024-07-20T20:43:49.323+0500] {taskinstance.py:430} INFO - ::endgroup::
[2024-07-20T20:43:49.358+0500] {base.py:84} INFO - Using connection ID 'aws_default' for task execution.
[2024-07-20T20:43:49.358+0500] {connection_wrapper.py:384} INFO - AWS Connection (conn_id='aws_default', conn_type='aws') credentials retrieved from login and password.
[2024-07-20T20:43:50.467+0500] {python.py:237} INFO - Done. Returned value was: None
[2024-07-20T20:43:50.467+0500] {taskinstance.py:441} INFO - ::group::Post task execution logs
[2024-07-20T20:43:50.478+0500] {taskinstance.py:1206} INFO - Marking task as SUCCESS. dag_id=rf_train, task_id=save_results, run_id=manual__2024-07-20T15:43:23.159413+00:00, execution_date=20240720T154323, start_date=20240720T154349, end_date=20240720T154350
[2024-07-20T20:43:50.523+0500] {local_task_job_runner.py:243} INFO - Task exited with return code 0
[2024-07-20T20:43:50.540+0500] {taskinstance.py:3503} INFO - 0 downstream tasks scheduled from follow-on schedule check
[2024-07-20T20:43:50.543+0500] {local_task_job_runner.py:222} INFO - ::endgroup::
