[2024-08-19T08:45:22.154+0500] {local_task_job_runner.py:120} INFO - ::group::Pre task execution logs
[2024-08-19T08:45:22.171+0500] {taskinstance.py:2076} INFO - Dependencies all met for dep_context=non-requeueable deps ti=<TaskInstance: rf_train.save_results scheduled__2024-08-18T01:00:00+00:00 [queued]>
[2024-08-19T08:45:22.177+0500] {taskinstance.py:2076} INFO - Dependencies all met for dep_context=requeueable deps ti=<TaskInstance: rf_train.save_results scheduled__2024-08-18T01:00:00+00:00 [queued]>
[2024-08-19T08:45:22.178+0500] {taskinstance.py:2306} INFO - Starting attempt 1 of 1
[2024-08-19T08:45:22.189+0500] {taskinstance.py:2330} INFO - Executing <Task(PythonOperator): save_results> on 2024-08-18 01:00:00+00:00
[2024-08-19T08:45:22.199+0500] {standard_task_runner.py:90} INFO - Running: ['airflow', 'tasks', 'run', 'rf_train', 'save_results', 'scheduled__2024-08-18T01:00:00+00:00', '--job-id', '276', '--raw', '--subdir', 'DAGS_FOLDER/.ipynb_checkpoints/train_models-checkpoint.py', '--cfg-path', '/tmp/tmp9ar5lsq2']
[2024-08-19T08:45:22.201+0500] {standard_task_runner.py:91} INFO - Job 276: Subtask save_results
[2024-08-19T08:45:22.201+0500] {logging_mixin.py:188} WARNING - /home/nicolaspc/anaconda3/envs/mlops_env/lib/python3.12/site-packages/airflow/task/task_runner/standard_task_runner.py:62 DeprecationWarning: This process (pid=38007) is multi-threaded, use of fork() may lead to deadlocks in the child.
[2024-08-19T08:45:22.201+0500] {standard_task_runner.py:64} INFO - Started process 38031 to run task
[2024-08-19T08:45:22.256+0500] {task_command.py:426} INFO - Running <TaskInstance: rf_train.save_results scheduled__2024-08-18T01:00:00+00:00 [running]> on host nicolaspc-HP-Pavilion-Laptop-15-eh1xxx
[2024-08-19T08:45:22.349+0500] {taskinstance.py:2648} INFO - Exporting env vars: AIRFLOW_CTX_DAG_OWNER='Nicolas Pal' AIRFLOW_CTX_DAG_ID='rf_train' AIRFLOW_CTX_TASK_ID='save_results' AIRFLOW_CTX_EXECUTION_DATE='2024-08-18T01:00:00+00:00' AIRFLOW_CTX_TRY_NUMBER='1' AIRFLOW_CTX_DAG_RUN_ID='scheduled__2024-08-18T01:00:00+00:00'
[2024-08-19T08:45:22.349+0500] {taskinstance.py:430} INFO - ::endgroup::
[2024-08-19T08:45:22.386+0500] {base.py:84} INFO - Using connection ID 'aws_default' for task execution.
[2024-08-19T08:45:22.386+0500] {connection_wrapper.py:384} INFO - AWS Connection (conn_id='aws_default', conn_type='aws') credentials retrieved from login and password.
[2024-08-19T08:45:23.532+0500] {python.py:237} INFO - Done. Returned value was: None
[2024-08-19T08:45:23.533+0500] {taskinstance.py:441} INFO - ::group::Post task execution logs
[2024-08-19T08:45:23.544+0500] {taskinstance.py:1206} INFO - Marking task as SUCCESS. dag_id=rf_train, task_id=save_results, run_id=scheduled__2024-08-18T01:00:00+00:00, execution_date=20240818T010000, start_date=20240819T034522, end_date=20240819T034523
[2024-08-19T08:45:23.580+0500] {local_task_job_runner.py:243} INFO - Task exited with return code 0
[2024-08-19T08:45:23.598+0500] {taskinstance.py:3503} INFO - 0 downstream tasks scheduled from follow-on schedule check
[2024-08-19T08:45:23.601+0500] {local_task_job_runner.py:222} INFO - ::endgroup::
