[2024-08-19T08:45:06.087+0500] {local_task_job_runner.py:120} INFO - ::group::Pre task execution logs
[2024-08-19T08:45:06.105+0500] {taskinstance.py:2076} INFO - Dependencies all met for dep_context=non-requeueable deps ti=<TaskInstance: hgb_train.train_model scheduled__2024-08-18T01:00:00+00:00 [queued]>
[2024-08-19T08:45:06.114+0500] {taskinstance.py:2076} INFO - Dependencies all met for dep_context=requeueable deps ti=<TaskInstance: hgb_train.train_model scheduled__2024-08-18T01:00:00+00:00 [queued]>
[2024-08-19T08:45:06.114+0500] {taskinstance.py:2306} INFO - Starting attempt 1 of 1
[2024-08-19T08:45:06.126+0500] {taskinstance.py:2330} INFO - Executing <Task(PythonOperator): train_model> on 2024-08-18 01:00:00+00:00
[2024-08-19T08:45:06.138+0500] {standard_task_runner.py:90} INFO - Running: ['airflow', 'tasks', 'run', 'hgb_train', 'train_model', 'scheduled__2024-08-18T01:00:00+00:00', '--job-id', '269', '--raw', '--subdir', 'DAGS_FOLDER/.ipynb_checkpoints/train_models-checkpoint.py', '--cfg-path', '/tmp/tmpg_cnedde']
[2024-08-19T08:45:06.140+0500] {standard_task_runner.py:91} INFO - Job 269: Subtask train_model
[2024-08-19T08:45:06.140+0500] {logging_mixin.py:188} WARNING - /home/nicolaspc/anaconda3/envs/mlops_env/lib/python3.12/site-packages/airflow/task/task_runner/standard_task_runner.py:62 DeprecationWarning: This process (pid=37664) is multi-threaded, use of fork() may lead to deadlocks in the child.
[2024-08-19T08:45:06.140+0500] {standard_task_runner.py:64} INFO - Started process 37756 to run task
[2024-08-19T08:45:06.193+0500] {task_command.py:426} INFO - Running <TaskInstance: hgb_train.train_model scheduled__2024-08-18T01:00:00+00:00 [running]> on host nicolaspc-HP-Pavilion-Laptop-15-eh1xxx
[2024-08-19T08:45:06.281+0500] {taskinstance.py:2648} INFO - Exporting env vars: AIRFLOW_CTX_DAG_OWNER='Nicolas Pal' AIRFLOW_CTX_DAG_ID='hgb_train' AIRFLOW_CTX_TASK_ID='train_model' AIRFLOW_CTX_EXECUTION_DATE='2024-08-18T01:00:00+00:00' AIRFLOW_CTX_TRY_NUMBER='1' AIRFLOW_CTX_DAG_RUN_ID='scheduled__2024-08-18T01:00:00+00:00'
[2024-08-19T08:45:06.281+0500] {taskinstance.py:430} INFO - ::endgroup::
[2024-08-19T08:45:06.306+0500] {s3.py:1387} INFO - Downloading source S3 file from Bucket test-bucket-nicolas-1 with path dataset/X_train.pkl
[2024-08-19T08:45:06.317+0500] {base.py:84} INFO - Using connection ID 'aws_default' for task execution.
[2024-08-19T08:45:06.318+0500] {connection_wrapper.py:384} INFO - AWS Connection (conn_id='aws_default', conn_type='aws') credentials retrieved from login and password.
[2024-08-19T08:45:08.401+0500] {s3.py:1387} INFO - Downloading source S3 file from Bucket test-bucket-nicolas-1 with path dataset/X_test.pkl
[2024-08-19T08:45:08.843+0500] {s3.py:1387} INFO - Downloading source S3 file from Bucket test-bucket-nicolas-1 with path dataset/y_train.pkl
[2024-08-19T08:45:09.298+0500] {s3.py:1387} INFO - Downloading source S3 file from Bucket test-bucket-nicolas-1 with path dataset/y_test.pkl
[2024-08-19T08:45:09.712+0500] {train_models-checkpoint.py:112} INFO - Данные загружены
[2024-08-19T08:45:09.964+0500] {python.py:237} INFO - Done. Returned value was: {'model': 'hgb', 'start_tiemstamp': '20240819 08:45', 'train_start': '20240819 08:45', 'train_end': '20240819 08:45', 'R^2_score': 0.8361535958717007, 'rmse': 0.46336357109963905, 'mae': 0.2013705881915986}
[2024-08-19T08:45:09.964+0500] {taskinstance.py:441} INFO - ::group::Post task execution logs
[2024-08-19T08:45:09.990+0500] {taskinstance.py:1206} INFO - Marking task as SUCCESS. dag_id=hgb_train, task_id=train_model, run_id=scheduled__2024-08-18T01:00:00+00:00, execution_date=20240818T010000, start_date=20240819T034506, end_date=20240819T034509
[2024-08-19T08:45:10.049+0500] {local_task_job_runner.py:243} INFO - Task exited with return code 0
[2024-08-19T08:45:10.071+0500] {taskinstance.py:3503} INFO - 1 downstream tasks scheduled from follow-on schedule check
[2024-08-19T08:45:10.074+0500] {local_task_job_runner.py:222} INFO - ::endgroup::
