[2024-07-17T04:05:14.220+0500] {local_task_job_runner.py:120} INFO - ::group::Pre task execution logs
[2024-07-17T04:05:14.241+0500] {taskinstance.py:2076} INFO - Dependencies all met for dep_context=non-requeueable deps ti=<TaskInstance: train.prepare_data scheduled__2024-07-15T01:00:00+00:00 [queued]>
[2024-07-17T04:05:14.250+0500] {taskinstance.py:2076} INFO - Dependencies all met for dep_context=requeueable deps ti=<TaskInstance: train.prepare_data scheduled__2024-07-15T01:00:00+00:00 [queued]>
[2024-07-17T04:05:14.250+0500] {taskinstance.py:2306} INFO - Starting attempt 1 of 1
[2024-07-17T04:05:14.264+0500] {taskinstance.py:2330} INFO - Executing <Task(PythonOperator): prepare_data> on 2024-07-15 01:00:00+00:00
[2024-07-17T04:05:14.280+0500] {logging_mixin.py:188} WARNING - /home/nicolaspc/anaconda3/envs/mlops_env/lib/python3.12/site-packages/airflow/task/task_runner/standard_task_runner.py:61 DeprecationWarning: This process (pid=32812) is multi-threaded, use of fork() may lead to deadlocks in the child.
[2024-07-17T04:05:14.278+0500] {standard_task_runner.py:90} INFO - Running: ['airflow', 'tasks', 'run', 'train', 'prepare_data', 'scheduled__2024-07-15T01:00:00+00:00', '--job-id', '162', '--raw', '--subdir', 'DAGS_FOLDER/train_dag.py', '--cfg-path', '/tmp/tmpmfdur3qe']
[2024-07-17T04:05:14.280+0500] {standard_task_runner.py:91} INFO - Job 162: Subtask prepare_data
[2024-07-17T04:05:14.280+0500] {standard_task_runner.py:63} INFO - Started process 32835 to run task
[2024-07-17T04:05:14.341+0500] {task_command.py:426} INFO - Running <TaskInstance: train.prepare_data scheduled__2024-07-15T01:00:00+00:00 [running]> on host nicolaspc-HP-Pavilion-Laptop-15-eh1xxx
[2024-07-17T04:05:14.448+0500] {taskinstance.py:2648} INFO - Exporting env vars: AIRFLOW_CTX_DAG_OWNER='Nicolas Pal' AIRFLOW_CTX_DAG_ID='train' AIRFLOW_CTX_TASK_ID='prepare_data' AIRFLOW_CTX_EXECUTION_DATE='2024-07-15T01:00:00+00:00' AIRFLOW_CTX_TRY_NUMBER='1' AIRFLOW_CTX_DAG_RUN_ID='scheduled__2024-07-15T01:00:00+00:00'
[2024-07-17T04:05:14.449+0500] {taskinstance.py:430} INFO - ::endgroup::
[2024-07-17T04:05:14.459+0500] {s3.py:1387} INFO - Downloading source S3 file from Bucket test-bucket-nicolas-1 with path datasets/california_housing.pkl
[2024-07-17T04:05:14.476+0500] {base.py:84} INFO - Using connection ID 'aws_default' for task execution.
[2024-07-17T04:05:14.476+0500] {connection_wrapper.py:384} INFO - AWS Connection (conn_id='aws_default', conn_type='aws') credentials retrieved from login and password.
[2024-07-17T04:05:20.249+0500] {train_dag.py:117} INFO - Data preparation finished.
[2024-07-17T04:05:20.253+0500] {python.py:237} INFO - Done. Returned value was: None
[2024-07-17T04:05:20.254+0500] {taskinstance.py:441} INFO - ::group::Post task execution logs
[2024-07-17T04:05:20.270+0500] {taskinstance.py:1206} INFO - Marking task as SUCCESS. dag_id=train, task_id=prepare_data, run_id=scheduled__2024-07-15T01:00:00+00:00, execution_date=20240715T010000, start_date=20240716T230514, end_date=20240716T230520
[2024-07-17T04:05:20.338+0500] {local_task_job_runner.py:240} INFO - Task exited with return code 0
[2024-07-17T04:05:20.368+0500] {taskinstance.py:3503} INFO - 1 downstream tasks scheduled from follow-on schedule check
[2024-07-17T04:05:20.371+0500] {local_task_job_runner.py:222} INFO - ::endgroup::
