[2024-10-08T21:42:37.816+0500] {local_task_job_runner.py:123} INFO - ::group::Pre task execution logs
[2024-10-08T21:42:37.837+0500] {taskinstance.py:2603} INFO - Dependencies all met for dep_context=non-requeueable deps ti=<TaskInstance: hgb_train.get_data manual__2024-10-08T16:42:33.929437+00:00 [queued]>
[2024-10-08T21:42:37.854+0500] {taskinstance.py:2603} INFO - Dependencies all met for dep_context=requeueable deps ti=<TaskInstance: hgb_train.get_data manual__2024-10-08T16:42:33.929437+00:00 [queued]>
[2024-10-08T21:42:37.854+0500] {taskinstance.py:2856} INFO - Starting attempt 1 of 1
[2024-10-08T21:42:37.867+0500] {taskinstance.py:2879} INFO - Executing <Task(PythonOperator): get_data> on 2024-10-08 16:42:33.929437+00:00
[2024-10-08T21:42:37.886+0500] {logging_mixin.py:190} WARNING - /home/nicolaspc/anaconda3/envs/mlops_env/lib/python3.12/site-packages/***/task/task_runner/standard_task_runner.py:70 DeprecationWarning: This process (pid=56104) is multi-threaded, use of fork() may lead to deadlocks in the child.
[2024-10-08T21:42:37.887+0500] {standard_task_runner.py:72} INFO - Started process 56158 to run task
[2024-10-08T21:42:37.886+0500] {standard_task_runner.py:104} INFO - Running: ['***', 'tasks', 'run', 'hgb_train', 'get_data', 'manual__2024-10-08T16:42:33.929437+00:00', '--job-id', '901', '--raw', '--subdir', 'DAGS_FOLDER/train_models.py', '--cfg-path', '/tmp/tmp3_ui7nt9']
[2024-10-08T21:42:37.889+0500] {standard_task_runner.py:105} INFO - Job 901: Subtask get_data
[2024-10-08T21:42:37.955+0500] {task_command.py:467} INFO - Running <TaskInstance: hgb_train.get_data manual__2024-10-08T16:42:33.929437+00:00 [running]> on host nicolaspc-HP-Pavilion-Laptop-15-eh1xxx
[2024-10-08T21:42:38.065+0500] {taskinstance.py:3122} INFO - Exporting env vars: AIRFLOW_CTX_DAG_OWNER='Nicolas Pal' AIRFLOW_CTX_DAG_ID='hgb_train' AIRFLOW_CTX_TASK_ID='get_data' AIRFLOW_CTX_EXECUTION_DATE='2024-10-08T16:42:33.929437+00:00' AIRFLOW_CTX_TRY_NUMBER='1' AIRFLOW_CTX_DAG_RUN_ID='manual__2024-10-08T16:42:33.929437+00:00'
[2024-10-08T21:42:38.066+0500] {taskinstance.py:731} INFO - ::endgroup::
[2024-10-08T21:42:38.299+0500] {base.py:84} INFO - Retrieving connection 'pg_connection'
[2024-10-08T21:42:38.327+0500] {base.py:84} INFO - Retrieving connection 's3_connection'
[2024-10-08T21:42:38.328+0500] {connection_wrapper.py:384} INFO - AWS Connection (conn_id='s3_connection', conn_type='aws') credentials retrieved from login and password.
[2024-10-08T21:42:42.039+0500] {train_models.py:108} INFO - Данные загружены из б/д и сохранены на S3
[2024-10-08T21:42:42.041+0500] {python.py:240} INFO - Done. Returned value was: {'model': 'hgb', 'start_timestamp': '20241008 21:42', 'experiment_id': '132', 'get_data_start': '20241008 21:42', 'get_data_end': '20241008 21:42', 'data_shape': (20640, 9)}
[2024-10-08T21:42:42.103+0500] {taskinstance.py:340} INFO - ::group::Post task execution logs
[2024-10-08T21:42:42.104+0500] {taskinstance.py:352} INFO - Marking task as SUCCESS. dag_id=hgb_train, task_id=get_data, run_id=manual__2024-10-08T16:42:33.929437+00:00, execution_date=20241008T164233, start_date=20241008T164237, end_date=20241008T164242
[2024-10-08T21:42:42.189+0500] {local_task_job_runner.py:261} INFO - Task exited with return code 0
[2024-10-08T21:42:42.215+0500] {taskinstance.py:3891} INFO - 1 downstream tasks scheduled from follow-on schedule check
[2024-10-08T21:42:42.218+0500] {local_task_job_runner.py:240} INFO - ::endgroup::
