[2024-10-08T21:34:50.115+0500] {local_task_job_runner.py:123} INFO - ::group::Pre task execution logs
[2024-10-08T21:34:50.137+0500] {taskinstance.py:2603} INFO - Dependencies all met for dep_context=non-requeueable deps ti=<TaskInstance: lr_train.train_model manual__2024-10-08T16:34:13.348509+00:00 [queued]>
[2024-10-08T21:34:50.146+0500] {taskinstance.py:2603} INFO - Dependencies all met for dep_context=requeueable deps ti=<TaskInstance: lr_train.train_model manual__2024-10-08T16:34:13.348509+00:00 [queued]>
[2024-10-08T21:34:50.146+0500] {taskinstance.py:2856} INFO - Starting attempt 1 of 1
[2024-10-08T21:34:50.158+0500] {taskinstance.py:2879} INFO - Executing <Task(PythonOperator): train_model> on 2024-10-08 16:34:13.348509+00:00
[2024-10-08T21:34:50.171+0500] {logging_mixin.py:190} WARNING - /home/nicolaspc/anaconda3/envs/mlops_env/lib/python3.12/site-packages/***/task/task_runner/standard_task_runner.py:70 DeprecationWarning: This process (pid=48745) is multi-threaded, use of fork() may lead to deadlocks in the child.
[2024-10-08T21:34:50.172+0500] {standard_task_runner.py:72} INFO - Started process 48807 to run task
[2024-10-08T21:34:50.172+0500] {standard_task_runner.py:104} INFO - Running: ['***', 'tasks', 'run', 'lr_train', 'train_model', 'manual__2024-10-08T16:34:13.348509+00:00', '--job-id', '883', '--raw', '--subdir', 'DAGS_FOLDER/train_models.py', '--cfg-path', '/tmp/tmpb_xi260h']
[2024-10-08T21:34:50.173+0500] {standard_task_runner.py:105} INFO - Job 883: Subtask train_model
[2024-10-08T21:34:50.228+0500] {task_command.py:467} INFO - Running <TaskInstance: lr_train.train_model manual__2024-10-08T16:34:13.348509+00:00 [running]> on host nicolaspc-HP-Pavilion-Laptop-15-eh1xxx
[2024-10-08T21:34:50.310+0500] {taskinstance.py:3122} INFO - Exporting env vars: AIRFLOW_CTX_DAG_OWNER='Nicolas Pal' AIRFLOW_CTX_DAG_ID='lr_train' AIRFLOW_CTX_TASK_ID='train_model' AIRFLOW_CTX_EXECUTION_DATE='2024-10-08T16:34:13.348509+00:00' AIRFLOW_CTX_TRY_NUMBER='1' AIRFLOW_CTX_DAG_RUN_ID='manual__2024-10-08T16:34:13.348509+00:00'
[2024-10-08T21:34:50.311+0500] {taskinstance.py:731} INFO - ::endgroup::
[2024-10-08T21:34:50.501+0500] {s3.py:1387} INFO - Downloading source S3 file from Bucket test-bucket-nicolas-1 with path NicolasPal/project1/lr/datasets/X_train.pkl
[2024-10-08T21:34:50.516+0500] {base.py:84} INFO - Retrieving connection 's3_connection'
[2024-10-08T21:34:50.517+0500] {connection_wrapper.py:384} INFO - AWS Connection (conn_id='s3_connection', conn_type='aws') credentials retrieved from login and password.
[2024-10-08T21:34:54.719+0500] {s3.py:1387} INFO - Downloading source S3 file from Bucket test-bucket-nicolas-1 with path NicolasPal/project1/lr/datasets/X_test.pkl
[2024-10-08T21:34:55.263+0500] {s3.py:1387} INFO - Downloading source S3 file from Bucket test-bucket-nicolas-1 with path NicolasPal/project1/lr/datasets/X_val.pkl
[2024-10-08T21:34:55.807+0500] {s3.py:1387} INFO - Downloading source S3 file from Bucket test-bucket-nicolas-1 with path NicolasPal/project1/lr/datasets/y_train.pkl
[2024-10-08T21:34:56.477+0500] {s3.py:1387} INFO - Downloading source S3 file from Bucket test-bucket-nicolas-1 with path NicolasPal/project1/lr/datasets/y_test.pkl
[2024-10-08T21:34:56.970+0500] {s3.py:1387} INFO - Downloading source S3 file from Bucket test-bucket-nicolas-1 with path NicolasPal/project1/lr/datasets/y_val.pkl
[2024-10-08T21:34:57.490+0500] {train_models.py:193} INFO - Данные для обучения модели из S3 загружены
[2024-10-08T21:34:57.593+0500] {migration.py:216} INFO - Context impl PostgresqlImpl.
[2024-10-08T21:34:57.593+0500] {migration.py:219} INFO - Will assume transactional DDL.
[2024-10-08T21:34:57.842+0500] {taskinstance.py:3301} ERROR - Task failed with exception
Traceback (most recent call last):
  File "/home/nicolaspc/anaconda3/envs/mlops_env/lib/python3.12/site-packages/airflow/models/taskinstance.py", line 767, in _execute_task
    result = _execute_callable(context=context, **execute_callable_kwargs)
             ^^^^^^^^^^^^^^^^^^^^^^^^^^^^^^^^^^^^^^^^^^^^^^^^^^^^^^^^^^^^^
  File "/home/nicolaspc/anaconda3/envs/mlops_env/lib/python3.12/site-packages/airflow/models/taskinstance.py", line 733, in _execute_callable
    return ExecutionCallableRunner(
           ^^^^^^^^^^^^^^^^^^^^^^^^
  File "/home/nicolaspc/anaconda3/envs/mlops_env/lib/python3.12/site-packages/airflow/utils/operator_helpers.py", line 252, in run
    return self.func(*args, **kwargs)
           ^^^^^^^^^^^^^^^^^^^^^^^^^^
  File "/home/nicolaspc/anaconda3/envs/mlops_env/lib/python3.12/site-packages/airflow/models/baseoperator.py", line 406, in wrapper
    return func(self, *args, **kwargs)
           ^^^^^^^^^^^^^^^^^^^^^^^^^^^
  File "/home/nicolaspc/anaconda3/envs/mlops_env/lib/python3.12/site-packages/airflow/operators/python.py", line 238, in execute
    return_value = self.execute_callable()
                   ^^^^^^^^^^^^^^^^^^^^^^^
  File "/home/nicolaspc/anaconda3/envs/mlops_env/lib/python3.12/site-packages/airflow/operators/python.py", line 256, in execute_callable
    return runner.run(*self.op_args, **self.op_kwargs)
           ^^^^^^^^^^^^^^^^^^^^^^^^^^^^^^^^^^^^^^^^^^^
  File "/home/nicolaspc/anaconda3/envs/mlops_env/lib/python3.12/site-packages/airflow/utils/operator_helpers.py", line 252, in run
    return self.func(*args, **kwargs)
           ^^^^^^^^^^^^^^^^^^^^^^^^^^
  File "/home/nicolaspc/airflow/dags/train_models.py", line 219, in train_model
    model.fit(pd.DataFrame(X_train), y_train)
  File "/home/nicolaspc/anaconda3/envs/mlops_env/lib/python3.12/site-packages/sklearn/base.py", line 1473, in wrapper
    return fit_method(estimator, *args, **kwargs)
           ^^^^^^^^^^^^^^^^^^^^^^^^^^^^^^^^^^^^^^
  File "/home/nicolaspc/anaconda3/envs/mlops_env/lib/python3.12/site-packages/sklearn/linear_model/_base.py", line 609, in fit
    X, y = self._validate_data(
           ^^^^^^^^^^^^^^^^^^^^
  File "/home/nicolaspc/anaconda3/envs/mlops_env/lib/python3.12/site-packages/sklearn/base.py", line 650, in _validate_data
    X, y = check_X_y(X, y, **check_params)
           ^^^^^^^^^^^^^^^^^^^^^^^^^^^^^^^
  File "/home/nicolaspc/anaconda3/envs/mlops_env/lib/python3.12/site-packages/sklearn/utils/validation.py", line 1289, in check_X_y
    y = _check_y(y, multi_output=multi_output, y_numeric=y_numeric, estimator=estimator)
        ^^^^^^^^^^^^^^^^^^^^^^^^^^^^^^^^^^^^^^^^^^^^^^^^^^^^^^^^^^^^^^^^^^^^^^^^^^^^^^^^
  File "/home/nicolaspc/anaconda3/envs/mlops_env/lib/python3.12/site-packages/sklearn/utils/validation.py", line 1299, in _check_y
    y = check_array(
        ^^^^^^^^^^^^
  File "/home/nicolaspc/anaconda3/envs/mlops_env/lib/python3.12/site-packages/sklearn/utils/validation.py", line 1107, in check_array
    array.flags.writeable = True
    ^^^^^^^^^^^^^^^^^^^^^
ValueError: cannot set WRITEABLE flag to True of this array
[2024-10-08T21:34:57.855+0500] {taskinstance.py:1225} INFO - Marking task as FAILED. dag_id=lr_train, task_id=train_model, run_id=manual__2024-10-08T16:34:13.348509+00:00, execution_date=20241008T163413, start_date=20241008T163450, end_date=20241008T163457
[2024-10-08T21:34:57.866+0500] {taskinstance.py:340} INFO - ::group::Post task execution logs
[2024-10-08T21:34:57.866+0500] {standard_task_runner.py:124} ERROR - Failed to execute job 883 for task train_model (cannot set WRITEABLE flag to True of this array; 48807)
Traceback (most recent call last):
  File "/home/nicolaspc/anaconda3/envs/mlops_env/lib/python3.12/site-packages/airflow/task/task_runner/standard_task_runner.py", line 117, in _start_by_fork
    ret = args.func(args, dag=self.dag)
          ^^^^^^^^^^^^^^^^^^^^^^^^^^^^^
  File "/home/nicolaspc/anaconda3/envs/mlops_env/lib/python3.12/site-packages/airflow/cli/cli_config.py", line 49, in command
    return func(*args, **kwargs)
           ^^^^^^^^^^^^^^^^^^^^^
  File "/home/nicolaspc/anaconda3/envs/mlops_env/lib/python3.12/site-packages/airflow/utils/cli.py", line 115, in wrapper
    return f(*args, **kwargs)
           ^^^^^^^^^^^^^^^^^^
  File "/home/nicolaspc/anaconda3/envs/mlops_env/lib/python3.12/site-packages/airflow/cli/commands/task_command.py", line 483, in task_run
    task_return_code = _run_task_by_selected_method(args, _dag, ti)
                       ^^^^^^^^^^^^^^^^^^^^^^^^^^^^^^^^^^^^^^^^^^^^
  File "/home/nicolaspc/anaconda3/envs/mlops_env/lib/python3.12/site-packages/airflow/cli/commands/task_command.py", line 256, in _run_task_by_selected_method
    return _run_raw_task(args, ti)
           ^^^^^^^^^^^^^^^^^^^^^^^
  File "/home/nicolaspc/anaconda3/envs/mlops_env/lib/python3.12/site-packages/airflow/cli/commands/task_command.py", line 341, in _run_raw_task
    return ti._run_raw_task(
           ^^^^^^^^^^^^^^^^^
  File "/home/nicolaspc/anaconda3/envs/mlops_env/lib/python3.12/site-packages/airflow/utils/session.py", line 97, in wrapper
    return func(*args, session=session, **kwargs)
           ^^^^^^^^^^^^^^^^^^^^^^^^^^^^^^^^^^^^^^
  File "/home/nicolaspc/anaconda3/envs/mlops_env/lib/python3.12/site-packages/airflow/models/taskinstance.py", line 2995, in _run_raw_task
    return _run_raw_task(
           ^^^^^^^^^^^^^^
  File "/home/nicolaspc/anaconda3/envs/mlops_env/lib/python3.12/site-packages/airflow/models/taskinstance.py", line 273, in _run_raw_task
    TaskInstance._execute_task_with_callbacks(
  File "/home/nicolaspc/anaconda3/envs/mlops_env/lib/python3.12/site-packages/airflow/models/taskinstance.py", line 3149, in _execute_task_with_callbacks
    result = self._execute_task(context, task_orig)
             ^^^^^^^^^^^^^^^^^^^^^^^^^^^^^^^^^^^^^^
  File "/home/nicolaspc/anaconda3/envs/mlops_env/lib/python3.12/site-packages/airflow/models/taskinstance.py", line 3173, in _execute_task
    return _execute_task(self, context, task_orig)
           ^^^^^^^^^^^^^^^^^^^^^^^^^^^^^^^^^^^^^^^
  File "/home/nicolaspc/anaconda3/envs/mlops_env/lib/python3.12/site-packages/airflow/models/taskinstance.py", line 767, in _execute_task
    result = _execute_callable(context=context, **execute_callable_kwargs)
             ^^^^^^^^^^^^^^^^^^^^^^^^^^^^^^^^^^^^^^^^^^^^^^^^^^^^^^^^^^^^^
  File "/home/nicolaspc/anaconda3/envs/mlops_env/lib/python3.12/site-packages/airflow/models/taskinstance.py", line 733, in _execute_callable
    return ExecutionCallableRunner(
           ^^^^^^^^^^^^^^^^^^^^^^^^
  File "/home/nicolaspc/anaconda3/envs/mlops_env/lib/python3.12/site-packages/airflow/utils/operator_helpers.py", line 252, in run
    return self.func(*args, **kwargs)
           ^^^^^^^^^^^^^^^^^^^^^^^^^^
  File "/home/nicolaspc/anaconda3/envs/mlops_env/lib/python3.12/site-packages/airflow/models/baseoperator.py", line 406, in wrapper
    return func(self, *args, **kwargs)
           ^^^^^^^^^^^^^^^^^^^^^^^^^^^
  File "/home/nicolaspc/anaconda3/envs/mlops_env/lib/python3.12/site-packages/airflow/operators/python.py", line 238, in execute
    return_value = self.execute_callable()
                   ^^^^^^^^^^^^^^^^^^^^^^^
  File "/home/nicolaspc/anaconda3/envs/mlops_env/lib/python3.12/site-packages/airflow/operators/python.py", line 256, in execute_callable
    return runner.run(*self.op_args, **self.op_kwargs)
           ^^^^^^^^^^^^^^^^^^^^^^^^^^^^^^^^^^^^^^^^^^^
  File "/home/nicolaspc/anaconda3/envs/mlops_env/lib/python3.12/site-packages/airflow/utils/operator_helpers.py", line 252, in run
    return self.func(*args, **kwargs)
           ^^^^^^^^^^^^^^^^^^^^^^^^^^
  File "/home/nicolaspc/airflow/dags/train_models.py", line 219, in train_model
    model.fit(pd.DataFrame(X_train), y_train)
  File "/home/nicolaspc/anaconda3/envs/mlops_env/lib/python3.12/site-packages/sklearn/base.py", line 1473, in wrapper
    return fit_method(estimator, *args, **kwargs)
           ^^^^^^^^^^^^^^^^^^^^^^^^^^^^^^^^^^^^^^
  File "/home/nicolaspc/anaconda3/envs/mlops_env/lib/python3.12/site-packages/sklearn/linear_model/_base.py", line 609, in fit
    X, y = self._validate_data(
           ^^^^^^^^^^^^^^^^^^^^
  File "/home/nicolaspc/anaconda3/envs/mlops_env/lib/python3.12/site-packages/sklearn/base.py", line 650, in _validate_data
    X, y = check_X_y(X, y, **check_params)
           ^^^^^^^^^^^^^^^^^^^^^^^^^^^^^^^
  File "/home/nicolaspc/anaconda3/envs/mlops_env/lib/python3.12/site-packages/sklearn/utils/validation.py", line 1289, in check_X_y
    y = _check_y(y, multi_output=multi_output, y_numeric=y_numeric, estimator=estimator)
        ^^^^^^^^^^^^^^^^^^^^^^^^^^^^^^^^^^^^^^^^^^^^^^^^^^^^^^^^^^^^^^^^^^^^^^^^^^^^^^^^
  File "/home/nicolaspc/anaconda3/envs/mlops_env/lib/python3.12/site-packages/sklearn/utils/validation.py", line 1299, in _check_y
    y = check_array(
        ^^^^^^^^^^^^
  File "/home/nicolaspc/anaconda3/envs/mlops_env/lib/python3.12/site-packages/sklearn/utils/validation.py", line 1107, in check_array
    array.flags.writeable = True
    ^^^^^^^^^^^^^^^^^^^^^
ValueError: cannot set WRITEABLE flag to True of this array
[2024-10-08T21:34:57.903+0500] {local_task_job_runner.py:261} INFO - Task exited with return code 1
[2024-10-08T21:34:57.926+0500] {taskinstance.py:3891} INFO - 0 downstream tasks scheduled from follow-on schedule check
[2024-10-08T21:34:57.931+0500] {local_task_job_runner.py:240} INFO - ::endgroup::
