[2024-07-07T23:35:19.089+0500] {processor.py:161} INFO - Started process (PID=13402) to work on /home/nicolaspc/anaconda3/envs/mlops_env/lib/python3.12/site-packages/airflow/example_dags/subdags/subdag.py
[2024-07-07T23:35:19.090+0500] {processor.py:830} INFO - Processing file /home/nicolaspc/anaconda3/envs/mlops_env/lib/python3.12/site-packages/airflow/example_dags/subdags/subdag.py for tasks to queue
[2024-07-07T23:35:19.090+0500] {logging_mixin.py:188} INFO - [2024-07-07T23:35:19.090+0500] {dagbag.py:545} INFO - Filling up the DagBag from /home/nicolaspc/anaconda3/envs/mlops_env/lib/python3.12/site-packages/airflow/example_dags/subdags/subdag.py
[2024-07-07T23:35:19.091+0500] {processor.py:842} WARNING - No viable dags retrieved from /home/nicolaspc/anaconda3/envs/mlops_env/lib/python3.12/site-packages/airflow/example_dags/subdags/subdag.py
[2024-07-07T23:35:19.107+0500] {processor.py:183} INFO - Processing /home/nicolaspc/anaconda3/envs/mlops_env/lib/python3.12/site-packages/airflow/example_dags/subdags/subdag.py took 0.023 seconds
[2024-07-07T23:35:49.819+0500] {processor.py:161} INFO - Started process (PID=13751) to work on /home/nicolaspc/anaconda3/envs/mlops_env/lib/python3.12/site-packages/airflow/example_dags/subdags/subdag.py
[2024-07-07T23:35:49.820+0500] {processor.py:830} INFO - Processing file /home/nicolaspc/anaconda3/envs/mlops_env/lib/python3.12/site-packages/airflow/example_dags/subdags/subdag.py for tasks to queue
[2024-07-07T23:35:49.821+0500] {logging_mixin.py:188} INFO - [2024-07-07T23:35:49.821+0500] {dagbag.py:545} INFO - Filling up the DagBag from /home/nicolaspc/anaconda3/envs/mlops_env/lib/python3.12/site-packages/airflow/example_dags/subdags/subdag.py
[2024-07-07T23:35:49.822+0500] {processor.py:842} WARNING - No viable dags retrieved from /home/nicolaspc/anaconda3/envs/mlops_env/lib/python3.12/site-packages/airflow/example_dags/subdags/subdag.py
[2024-07-07T23:35:49.838+0500] {processor.py:183} INFO - Processing /home/nicolaspc/anaconda3/envs/mlops_env/lib/python3.12/site-packages/airflow/example_dags/subdags/subdag.py took 0.024 seconds
[2024-07-07T23:36:20.526+0500] {processor.py:161} INFO - Started process (PID=14166) to work on /home/nicolaspc/anaconda3/envs/mlops_env/lib/python3.12/site-packages/airflow/example_dags/subdags/subdag.py
[2024-07-07T23:36:20.527+0500] {processor.py:830} INFO - Processing file /home/nicolaspc/anaconda3/envs/mlops_env/lib/python3.12/site-packages/airflow/example_dags/subdags/subdag.py for tasks to queue
[2024-07-07T23:36:20.527+0500] {logging_mixin.py:188} INFO - [2024-07-07T23:36:20.527+0500] {dagbag.py:545} INFO - Filling up the DagBag from /home/nicolaspc/anaconda3/envs/mlops_env/lib/python3.12/site-packages/airflow/example_dags/subdags/subdag.py
[2024-07-07T23:36:20.529+0500] {processor.py:842} WARNING - No viable dags retrieved from /home/nicolaspc/anaconda3/envs/mlops_env/lib/python3.12/site-packages/airflow/example_dags/subdags/subdag.py
[2024-07-07T23:36:20.544+0500] {processor.py:183} INFO - Processing /home/nicolaspc/anaconda3/envs/mlops_env/lib/python3.12/site-packages/airflow/example_dags/subdags/subdag.py took 0.023 seconds
[2024-07-07T23:36:30.094+0500] {processor.py:161} INFO - Started process (PID=14365) to work on /home/nicolaspc/anaconda3/envs/mlops_env/lib/python3.12/site-packages/airflow/example_dags/subdags/subdag.py
[2024-07-07T23:36:30.103+0500] {processor.py:830} INFO - Processing file /home/nicolaspc/anaconda3/envs/mlops_env/lib/python3.12/site-packages/airflow/example_dags/subdags/subdag.py for tasks to queue
[2024-07-07T23:36:30.104+0500] {logging_mixin.py:188} INFO - [2024-07-07T23:36:30.104+0500] {dagbag.py:545} INFO - Filling up the DagBag from /home/nicolaspc/anaconda3/envs/mlops_env/lib/python3.12/site-packages/airflow/example_dags/subdags/subdag.py
[2024-07-07T23:36:30.106+0500] {processor.py:842} WARNING - No viable dags retrieved from /home/nicolaspc/anaconda3/envs/mlops_env/lib/python3.12/site-packages/airflow/example_dags/subdags/subdag.py
[2024-07-07T23:36:30.113+0500] {processor.py:183} INFO - Processing /home/nicolaspc/anaconda3/envs/mlops_env/lib/python3.12/site-packages/airflow/example_dags/subdags/subdag.py took 0.023 seconds
[2024-07-07T23:36:51.178+0500] {processor.py:161} INFO - Started process (PID=14558) to work on /home/nicolaspc/anaconda3/envs/mlops_env/lib/python3.12/site-packages/airflow/example_dags/subdags/subdag.py
[2024-07-07T23:36:51.178+0500] {processor.py:830} INFO - Processing file /home/nicolaspc/anaconda3/envs/mlops_env/lib/python3.12/site-packages/airflow/example_dags/subdags/subdag.py for tasks to queue
[2024-07-07T23:36:51.179+0500] {logging_mixin.py:188} INFO - [2024-07-07T23:36:51.179+0500] {dagbag.py:545} INFO - Filling up the DagBag from /home/nicolaspc/anaconda3/envs/mlops_env/lib/python3.12/site-packages/airflow/example_dags/subdags/subdag.py
[2024-07-07T23:36:51.180+0500] {processor.py:842} WARNING - No viable dags retrieved from /home/nicolaspc/anaconda3/envs/mlops_env/lib/python3.12/site-packages/airflow/example_dags/subdags/subdag.py
[2024-07-07T23:36:51.197+0500] {processor.py:183} INFO - Processing /home/nicolaspc/anaconda3/envs/mlops_env/lib/python3.12/site-packages/airflow/example_dags/subdags/subdag.py took 0.025 seconds
[2024-07-07T23:37:21.561+0500] {processor.py:161} INFO - Started process (PID=14913) to work on /home/nicolaspc/anaconda3/envs/mlops_env/lib/python3.12/site-packages/airflow/example_dags/subdags/subdag.py
[2024-07-07T23:37:21.562+0500] {processor.py:830} INFO - Processing file /home/nicolaspc/anaconda3/envs/mlops_env/lib/python3.12/site-packages/airflow/example_dags/subdags/subdag.py for tasks to queue
[2024-07-07T23:37:21.562+0500] {logging_mixin.py:188} INFO - [2024-07-07T23:37:21.562+0500] {dagbag.py:545} INFO - Filling up the DagBag from /home/nicolaspc/anaconda3/envs/mlops_env/lib/python3.12/site-packages/airflow/example_dags/subdags/subdag.py
[2024-07-07T23:37:21.563+0500] {processor.py:842} WARNING - No viable dags retrieved from /home/nicolaspc/anaconda3/envs/mlops_env/lib/python3.12/site-packages/airflow/example_dags/subdags/subdag.py
[2024-07-07T23:37:21.578+0500] {processor.py:183} INFO - Processing /home/nicolaspc/anaconda3/envs/mlops_env/lib/python3.12/site-packages/airflow/example_dags/subdags/subdag.py took 0.023 seconds
[2024-07-07T23:37:21.760+0500] {processor.py:161} INFO - Started process (PID=14955) to work on /home/nicolaspc/anaconda3/envs/mlops_env/lib/python3.12/site-packages/airflow/example_dags/subdags/subdag.py
[2024-07-07T23:37:21.761+0500] {processor.py:830} INFO - Processing file /home/nicolaspc/anaconda3/envs/mlops_env/lib/python3.12/site-packages/airflow/example_dags/subdags/subdag.py for tasks to queue
[2024-07-07T23:37:21.762+0500] {logging_mixin.py:188} INFO - [2024-07-07T23:37:21.762+0500] {dagbag.py:545} INFO - Filling up the DagBag from /home/nicolaspc/anaconda3/envs/mlops_env/lib/python3.12/site-packages/airflow/example_dags/subdags/subdag.py
[2024-07-07T23:37:21.764+0500] {processor.py:842} WARNING - No viable dags retrieved from /home/nicolaspc/anaconda3/envs/mlops_env/lib/python3.12/site-packages/airflow/example_dags/subdags/subdag.py
[2024-07-07T23:37:21.771+0500] {processor.py:183} INFO - Processing /home/nicolaspc/anaconda3/envs/mlops_env/lib/python3.12/site-packages/airflow/example_dags/subdags/subdag.py took 0.014 seconds
[2024-07-07T23:37:51.989+0500] {processor.py:161} INFO - Started process (PID=15300) to work on /home/nicolaspc/anaconda3/envs/mlops_env/lib/python3.12/site-packages/airflow/example_dags/subdags/subdag.py
[2024-07-07T23:37:51.990+0500] {processor.py:830} INFO - Processing file /home/nicolaspc/anaconda3/envs/mlops_env/lib/python3.12/site-packages/airflow/example_dags/subdags/subdag.py for tasks to queue
[2024-07-07T23:37:51.991+0500] {logging_mixin.py:188} INFO - [2024-07-07T23:37:51.990+0500] {dagbag.py:545} INFO - Filling up the DagBag from /home/nicolaspc/anaconda3/envs/mlops_env/lib/python3.12/site-packages/airflow/example_dags/subdags/subdag.py
[2024-07-07T23:37:51.992+0500] {processor.py:842} WARNING - No viable dags retrieved from /home/nicolaspc/anaconda3/envs/mlops_env/lib/python3.12/site-packages/airflow/example_dags/subdags/subdag.py
[2024-07-07T23:37:52.008+0500] {processor.py:183} INFO - Processing /home/nicolaspc/anaconda3/envs/mlops_env/lib/python3.12/site-packages/airflow/example_dags/subdags/subdag.py took 0.025 seconds
[2024-07-07T23:38:09.408+0500] {processor.py:161} INFO - Started process (PID=15519) to work on /home/nicolaspc/anaconda3/envs/mlops_env/lib/python3.12/site-packages/airflow/example_dags/subdags/subdag.py
[2024-07-07T23:38:09.416+0500] {processor.py:830} INFO - Processing file /home/nicolaspc/anaconda3/envs/mlops_env/lib/python3.12/site-packages/airflow/example_dags/subdags/subdag.py for tasks to queue
[2024-07-07T23:38:09.418+0500] {logging_mixin.py:188} INFO - [2024-07-07T23:38:09.418+0500] {dagbag.py:545} INFO - Filling up the DagBag from /home/nicolaspc/anaconda3/envs/mlops_env/lib/python3.12/site-packages/airflow/example_dags/subdags/subdag.py
[2024-07-07T23:38:09.419+0500] {processor.py:842} WARNING - No viable dags retrieved from /home/nicolaspc/anaconda3/envs/mlops_env/lib/python3.12/site-packages/airflow/example_dags/subdags/subdag.py
[2024-07-07T23:38:09.426+0500] {processor.py:183} INFO - Processing /home/nicolaspc/anaconda3/envs/mlops_env/lib/python3.12/site-packages/airflow/example_dags/subdags/subdag.py took 0.022 seconds
[2024-07-07T23:38:22.675+0500] {processor.py:161} INFO - Started process (PID=15691) to work on /home/nicolaspc/anaconda3/envs/mlops_env/lib/python3.12/site-packages/airflow/example_dags/subdags/subdag.py
[2024-07-07T23:38:22.675+0500] {processor.py:830} INFO - Processing file /home/nicolaspc/anaconda3/envs/mlops_env/lib/python3.12/site-packages/airflow/example_dags/subdags/subdag.py for tasks to queue
[2024-07-07T23:38:22.676+0500] {logging_mixin.py:188} INFO - [2024-07-07T23:38:22.676+0500] {dagbag.py:545} INFO - Filling up the DagBag from /home/nicolaspc/anaconda3/envs/mlops_env/lib/python3.12/site-packages/airflow/example_dags/subdags/subdag.py
[2024-07-07T23:38:22.677+0500] {processor.py:842} WARNING - No viable dags retrieved from /home/nicolaspc/anaconda3/envs/mlops_env/lib/python3.12/site-packages/airflow/example_dags/subdags/subdag.py
[2024-07-07T23:38:22.692+0500] {processor.py:183} INFO - Processing /home/nicolaspc/anaconda3/envs/mlops_env/lib/python3.12/site-packages/airflow/example_dags/subdags/subdag.py took 0.023 seconds
[2024-07-07T23:38:53.454+0500] {processor.py:161} INFO - Started process (PID=16076) to work on /home/nicolaspc/anaconda3/envs/mlops_env/lib/python3.12/site-packages/airflow/example_dags/subdags/subdag.py
[2024-07-07T23:38:53.455+0500] {processor.py:830} INFO - Processing file /home/nicolaspc/anaconda3/envs/mlops_env/lib/python3.12/site-packages/airflow/example_dags/subdags/subdag.py for tasks to queue
[2024-07-07T23:38:53.455+0500] {logging_mixin.py:188} INFO - [2024-07-07T23:38:53.455+0500] {dagbag.py:545} INFO - Filling up the DagBag from /home/nicolaspc/anaconda3/envs/mlops_env/lib/python3.12/site-packages/airflow/example_dags/subdags/subdag.py
[2024-07-07T23:38:53.456+0500] {processor.py:842} WARNING - No viable dags retrieved from /home/nicolaspc/anaconda3/envs/mlops_env/lib/python3.12/site-packages/airflow/example_dags/subdags/subdag.py
[2024-07-07T23:38:53.471+0500] {processor.py:183} INFO - Processing /home/nicolaspc/anaconda3/envs/mlops_env/lib/python3.12/site-packages/airflow/example_dags/subdags/subdag.py took 0.023 seconds
[2024-07-07T23:39:09.717+0500] {processor.py:161} INFO - Started process (PID=16300) to work on /home/nicolaspc/anaconda3/envs/mlops_env/lib/python3.12/site-packages/airflow/example_dags/subdags/subdag.py
[2024-07-07T23:39:09.725+0500] {processor.py:830} INFO - Processing file /home/nicolaspc/anaconda3/envs/mlops_env/lib/python3.12/site-packages/airflow/example_dags/subdags/subdag.py for tasks to queue
[2024-07-07T23:39:09.727+0500] {logging_mixin.py:188} INFO - [2024-07-07T23:39:09.727+0500] {dagbag.py:545} INFO - Filling up the DagBag from /home/nicolaspc/anaconda3/envs/mlops_env/lib/python3.12/site-packages/airflow/example_dags/subdags/subdag.py
[2024-07-07T23:39:09.728+0500] {processor.py:842} WARNING - No viable dags retrieved from /home/nicolaspc/anaconda3/envs/mlops_env/lib/python3.12/site-packages/airflow/example_dags/subdags/subdag.py
[2024-07-07T23:39:09.735+0500] {processor.py:183} INFO - Processing /home/nicolaspc/anaconda3/envs/mlops_env/lib/python3.12/site-packages/airflow/example_dags/subdags/subdag.py took 0.022 seconds
[2024-07-07T23:39:24.058+0500] {processor.py:161} INFO - Started process (PID=16474) to work on /home/nicolaspc/anaconda3/envs/mlops_env/lib/python3.12/site-packages/airflow/example_dags/subdags/subdag.py
[2024-07-07T23:39:24.059+0500] {processor.py:830} INFO - Processing file /home/nicolaspc/anaconda3/envs/mlops_env/lib/python3.12/site-packages/airflow/example_dags/subdags/subdag.py for tasks to queue
[2024-07-07T23:39:24.059+0500] {logging_mixin.py:188} INFO - [2024-07-07T23:39:24.059+0500] {dagbag.py:545} INFO - Filling up the DagBag from /home/nicolaspc/anaconda3/envs/mlops_env/lib/python3.12/site-packages/airflow/example_dags/subdags/subdag.py
[2024-07-07T23:39:24.061+0500] {processor.py:842} WARNING - No viable dags retrieved from /home/nicolaspc/anaconda3/envs/mlops_env/lib/python3.12/site-packages/airflow/example_dags/subdags/subdag.py
[2024-07-07T23:39:24.076+0500] {processor.py:183} INFO - Processing /home/nicolaspc/anaconda3/envs/mlops_env/lib/python3.12/site-packages/airflow/example_dags/subdags/subdag.py took 0.023 seconds
[2024-07-07T23:39:50.616+0500] {processor.py:161} INFO - Started process (PID=16682) to work on /home/nicolaspc/anaconda3/envs/mlops_env/lib/python3.12/site-packages/airflow/example_dags/subdags/subdag.py
[2024-07-07T23:39:50.625+0500] {processor.py:830} INFO - Processing file /home/nicolaspc/anaconda3/envs/mlops_env/lib/python3.12/site-packages/airflow/example_dags/subdags/subdag.py for tasks to queue
[2024-07-07T23:39:50.627+0500] {logging_mixin.py:188} INFO - [2024-07-07T23:39:50.627+0500] {dagbag.py:545} INFO - Filling up the DagBag from /home/nicolaspc/anaconda3/envs/mlops_env/lib/python3.12/site-packages/airflow/example_dags/subdags/subdag.py
[2024-07-07T23:39:50.628+0500] {processor.py:842} WARNING - No viable dags retrieved from /home/nicolaspc/anaconda3/envs/mlops_env/lib/python3.12/site-packages/airflow/example_dags/subdags/subdag.py
[2024-07-07T23:39:50.636+0500] {processor.py:183} INFO - Processing /home/nicolaspc/anaconda3/envs/mlops_env/lib/python3.12/site-packages/airflow/example_dags/subdags/subdag.py took 0.023 seconds
[2024-07-07T23:39:54.718+0500] {processor.py:161} INFO - Started process (PID=16830) to work on /home/nicolaspc/anaconda3/envs/mlops_env/lib/python3.12/site-packages/airflow/example_dags/subdags/subdag.py
[2024-07-07T23:39:54.718+0500] {processor.py:830} INFO - Processing file /home/nicolaspc/anaconda3/envs/mlops_env/lib/python3.12/site-packages/airflow/example_dags/subdags/subdag.py for tasks to queue
[2024-07-07T23:39:54.719+0500] {logging_mixin.py:188} INFO - [2024-07-07T23:39:54.719+0500] {dagbag.py:545} INFO - Filling up the DagBag from /home/nicolaspc/anaconda3/envs/mlops_env/lib/python3.12/site-packages/airflow/example_dags/subdags/subdag.py
[2024-07-07T23:39:54.720+0500] {processor.py:842} WARNING - No viable dags retrieved from /home/nicolaspc/anaconda3/envs/mlops_env/lib/python3.12/site-packages/airflow/example_dags/subdags/subdag.py
[2024-07-07T23:39:54.735+0500] {processor.py:183} INFO - Processing /home/nicolaspc/anaconda3/envs/mlops_env/lib/python3.12/site-packages/airflow/example_dags/subdags/subdag.py took 0.023 seconds
[2024-07-07T23:40:25.375+0500] {processor.py:161} INFO - Started process (PID=17260) to work on /home/nicolaspc/anaconda3/envs/mlops_env/lib/python3.12/site-packages/airflow/example_dags/subdags/subdag.py
[2024-07-07T23:40:25.376+0500] {processor.py:830} INFO - Processing file /home/nicolaspc/anaconda3/envs/mlops_env/lib/python3.12/site-packages/airflow/example_dags/subdags/subdag.py for tasks to queue
[2024-07-07T23:40:25.377+0500] {logging_mixin.py:188} INFO - [2024-07-07T23:40:25.377+0500] {dagbag.py:545} INFO - Filling up the DagBag from /home/nicolaspc/anaconda3/envs/mlops_env/lib/python3.12/site-packages/airflow/example_dags/subdags/subdag.py
[2024-07-07T23:40:25.378+0500] {processor.py:842} WARNING - No viable dags retrieved from /home/nicolaspc/anaconda3/envs/mlops_env/lib/python3.12/site-packages/airflow/example_dags/subdags/subdag.py
[2024-07-07T23:40:25.397+0500] {processor.py:183} INFO - Processing /home/nicolaspc/anaconda3/envs/mlops_env/lib/python3.12/site-packages/airflow/example_dags/subdags/subdag.py took 0.027 seconds
[2024-07-07T23:40:51.037+0500] {processor.py:161} INFO - Started process (PID=17474) to work on /home/nicolaspc/anaconda3/envs/mlops_env/lib/python3.12/site-packages/airflow/example_dags/subdags/subdag.py
[2024-07-07T23:40:51.046+0500] {processor.py:830} INFO - Processing file /home/nicolaspc/anaconda3/envs/mlops_env/lib/python3.12/site-packages/airflow/example_dags/subdags/subdag.py for tasks to queue
[2024-07-07T23:40:51.047+0500] {logging_mixin.py:188} INFO - [2024-07-07T23:40:51.047+0500] {dagbag.py:545} INFO - Filling up the DagBag from /home/nicolaspc/anaconda3/envs/mlops_env/lib/python3.12/site-packages/airflow/example_dags/subdags/subdag.py
[2024-07-07T23:40:51.049+0500] {processor.py:842} WARNING - No viable dags retrieved from /home/nicolaspc/anaconda3/envs/mlops_env/lib/python3.12/site-packages/airflow/example_dags/subdags/subdag.py
[2024-07-07T23:40:51.057+0500] {processor.py:183} INFO - Processing /home/nicolaspc/anaconda3/envs/mlops_env/lib/python3.12/site-packages/airflow/example_dags/subdags/subdag.py took 0.024 seconds
[2024-07-07T23:40:56.146+0500] {processor.py:161} INFO - Started process (PID=17626) to work on /home/nicolaspc/anaconda3/envs/mlops_env/lib/python3.12/site-packages/airflow/example_dags/subdags/subdag.py
[2024-07-07T23:40:56.147+0500] {processor.py:830} INFO - Processing file /home/nicolaspc/anaconda3/envs/mlops_env/lib/python3.12/site-packages/airflow/example_dags/subdags/subdag.py for tasks to queue
[2024-07-07T23:40:56.148+0500] {logging_mixin.py:188} INFO - [2024-07-07T23:40:56.148+0500] {dagbag.py:545} INFO - Filling up the DagBag from /home/nicolaspc/anaconda3/envs/mlops_env/lib/python3.12/site-packages/airflow/example_dags/subdags/subdag.py
[2024-07-07T23:40:56.149+0500] {processor.py:842} WARNING - No viable dags retrieved from /home/nicolaspc/anaconda3/envs/mlops_env/lib/python3.12/site-packages/airflow/example_dags/subdags/subdag.py
[2024-07-07T23:40:56.167+0500] {processor.py:183} INFO - Processing /home/nicolaspc/anaconda3/envs/mlops_env/lib/python3.12/site-packages/airflow/example_dags/subdags/subdag.py took 0.027 seconds
[2024-07-07T23:41:26.910+0500] {processor.py:161} INFO - Started process (PID=18040) to work on /home/nicolaspc/anaconda3/envs/mlops_env/lib/python3.12/site-packages/airflow/example_dags/subdags/subdag.py
[2024-07-07T23:41:26.911+0500] {processor.py:830} INFO - Processing file /home/nicolaspc/anaconda3/envs/mlops_env/lib/python3.12/site-packages/airflow/example_dags/subdags/subdag.py for tasks to queue
[2024-07-07T23:41:26.911+0500] {logging_mixin.py:188} INFO - [2024-07-07T23:41:26.911+0500] {dagbag.py:545} INFO - Filling up the DagBag from /home/nicolaspc/anaconda3/envs/mlops_env/lib/python3.12/site-packages/airflow/example_dags/subdags/subdag.py
[2024-07-07T23:41:26.913+0500] {processor.py:842} WARNING - No viable dags retrieved from /home/nicolaspc/anaconda3/envs/mlops_env/lib/python3.12/site-packages/airflow/example_dags/subdags/subdag.py
[2024-07-07T23:41:26.930+0500] {processor.py:183} INFO - Processing /home/nicolaspc/anaconda3/envs/mlops_env/lib/python3.12/site-packages/airflow/example_dags/subdags/subdag.py took 0.029 seconds
[2024-07-07T23:41:51.346+0500] {processor.py:161} INFO - Started process (PID=18262) to work on /home/nicolaspc/anaconda3/envs/mlops_env/lib/python3.12/site-packages/airflow/example_dags/subdags/subdag.py
[2024-07-07T23:41:51.355+0500] {processor.py:830} INFO - Processing file /home/nicolaspc/anaconda3/envs/mlops_env/lib/python3.12/site-packages/airflow/example_dags/subdags/subdag.py for tasks to queue
[2024-07-07T23:41:51.356+0500] {logging_mixin.py:188} INFO - [2024-07-07T23:41:51.356+0500] {dagbag.py:545} INFO - Filling up the DagBag from /home/nicolaspc/anaconda3/envs/mlops_env/lib/python3.12/site-packages/airflow/example_dags/subdags/subdag.py
[2024-07-07T23:41:51.358+0500] {processor.py:842} WARNING - No viable dags retrieved from /home/nicolaspc/anaconda3/envs/mlops_env/lib/python3.12/site-packages/airflow/example_dags/subdags/subdag.py
[2024-07-07T23:41:51.366+0500] {processor.py:183} INFO - Processing /home/nicolaspc/anaconda3/envs/mlops_env/lib/python3.12/site-packages/airflow/example_dags/subdags/subdag.py took 0.024 seconds
[2024-07-07T23:41:57.875+0500] {processor.py:161} INFO - Started process (PID=18415) to work on /home/nicolaspc/anaconda3/envs/mlops_env/lib/python3.12/site-packages/airflow/example_dags/subdags/subdag.py
[2024-07-07T23:41:57.875+0500] {processor.py:830} INFO - Processing file /home/nicolaspc/anaconda3/envs/mlops_env/lib/python3.12/site-packages/airflow/example_dags/subdags/subdag.py for tasks to queue
[2024-07-07T23:41:57.876+0500] {logging_mixin.py:188} INFO - [2024-07-07T23:41:57.876+0500] {dagbag.py:545} INFO - Filling up the DagBag from /home/nicolaspc/anaconda3/envs/mlops_env/lib/python3.12/site-packages/airflow/example_dags/subdags/subdag.py
[2024-07-07T23:41:57.877+0500] {processor.py:842} WARNING - No viable dags retrieved from /home/nicolaspc/anaconda3/envs/mlops_env/lib/python3.12/site-packages/airflow/example_dags/subdags/subdag.py
[2024-07-07T23:41:57.893+0500] {processor.py:183} INFO - Processing /home/nicolaspc/anaconda3/envs/mlops_env/lib/python3.12/site-packages/airflow/example_dags/subdags/subdag.py took 0.024 seconds
[2024-07-07T23:42:28.806+0500] {processor.py:161} INFO - Started process (PID=18829) to work on /home/nicolaspc/anaconda3/envs/mlops_env/lib/python3.12/site-packages/airflow/example_dags/subdags/subdag.py
[2024-07-07T23:42:28.806+0500] {processor.py:830} INFO - Processing file /home/nicolaspc/anaconda3/envs/mlops_env/lib/python3.12/site-packages/airflow/example_dags/subdags/subdag.py for tasks to queue
[2024-07-07T23:42:28.807+0500] {logging_mixin.py:188} INFO - [2024-07-07T23:42:28.807+0500] {dagbag.py:545} INFO - Filling up the DagBag from /home/nicolaspc/anaconda3/envs/mlops_env/lib/python3.12/site-packages/airflow/example_dags/subdags/subdag.py
[2024-07-07T23:42:28.808+0500] {processor.py:842} WARNING - No viable dags retrieved from /home/nicolaspc/anaconda3/envs/mlops_env/lib/python3.12/site-packages/airflow/example_dags/subdags/subdag.py
[2024-07-07T23:42:28.822+0500] {processor.py:183} INFO - Processing /home/nicolaspc/anaconda3/envs/mlops_env/lib/python3.12/site-packages/airflow/example_dags/subdags/subdag.py took 0.022 seconds
[2024-07-07T23:42:59.697+0500] {processor.py:161} INFO - Started process (PID=19192) to work on /home/nicolaspc/anaconda3/envs/mlops_env/lib/python3.12/site-packages/airflow/example_dags/subdags/subdag.py
[2024-07-07T23:42:59.699+0500] {processor.py:830} INFO - Processing file /home/nicolaspc/anaconda3/envs/mlops_env/lib/python3.12/site-packages/airflow/example_dags/subdags/subdag.py for tasks to queue
[2024-07-07T23:42:59.699+0500] {logging_mixin.py:188} INFO - [2024-07-07T23:42:59.699+0500] {dagbag.py:545} INFO - Filling up the DagBag from /home/nicolaspc/anaconda3/envs/mlops_env/lib/python3.12/site-packages/airflow/example_dags/subdags/subdag.py
[2024-07-07T23:42:59.701+0500] {processor.py:842} WARNING - No viable dags retrieved from /home/nicolaspc/anaconda3/envs/mlops_env/lib/python3.12/site-packages/airflow/example_dags/subdags/subdag.py
[2024-07-07T23:42:59.718+0500] {processor.py:183} INFO - Processing /home/nicolaspc/anaconda3/envs/mlops_env/lib/python3.12/site-packages/airflow/example_dags/subdags/subdag.py took 0.028 seconds
[2024-07-07T23:43:30.478+0500] {processor.py:161} INFO - Started process (PID=19521) to work on /home/nicolaspc/anaconda3/envs/mlops_env/lib/python3.12/site-packages/airflow/example_dags/subdags/subdag.py
[2024-07-07T23:43:30.479+0500] {processor.py:830} INFO - Processing file /home/nicolaspc/anaconda3/envs/mlops_env/lib/python3.12/site-packages/airflow/example_dags/subdags/subdag.py for tasks to queue
[2024-07-07T23:43:30.479+0500] {logging_mixin.py:188} INFO - [2024-07-07T23:43:30.479+0500] {dagbag.py:545} INFO - Filling up the DagBag from /home/nicolaspc/anaconda3/envs/mlops_env/lib/python3.12/site-packages/airflow/example_dags/subdags/subdag.py
[2024-07-07T23:43:30.480+0500] {processor.py:842} WARNING - No viable dags retrieved from /home/nicolaspc/anaconda3/envs/mlops_env/lib/python3.12/site-packages/airflow/example_dags/subdags/subdag.py
[2024-07-07T23:43:30.495+0500] {processor.py:183} INFO - Processing /home/nicolaspc/anaconda3/envs/mlops_env/lib/python3.12/site-packages/airflow/example_dags/subdags/subdag.py took 0.022 seconds
[2024-07-07T23:44:01.064+0500] {processor.py:161} INFO - Started process (PID=19887) to work on /home/nicolaspc/anaconda3/envs/mlops_env/lib/python3.12/site-packages/airflow/example_dags/subdags/subdag.py
[2024-07-07T23:44:01.065+0500] {processor.py:830} INFO - Processing file /home/nicolaspc/anaconda3/envs/mlops_env/lib/python3.12/site-packages/airflow/example_dags/subdags/subdag.py for tasks to queue
[2024-07-07T23:44:01.065+0500] {logging_mixin.py:188} INFO - [2024-07-07T23:44:01.065+0500] {dagbag.py:545} INFO - Filling up the DagBag from /home/nicolaspc/anaconda3/envs/mlops_env/lib/python3.12/site-packages/airflow/example_dags/subdags/subdag.py
[2024-07-07T23:44:01.066+0500] {processor.py:842} WARNING - No viable dags retrieved from /home/nicolaspc/anaconda3/envs/mlops_env/lib/python3.12/site-packages/airflow/example_dags/subdags/subdag.py
[2024-07-07T23:44:01.082+0500] {processor.py:183} INFO - Processing /home/nicolaspc/anaconda3/envs/mlops_env/lib/python3.12/site-packages/airflow/example_dags/subdags/subdag.py took 0.024 seconds
[2024-07-07T23:44:31.562+0500] {processor.py:161} INFO - Started process (PID=20251) to work on /home/nicolaspc/anaconda3/envs/mlops_env/lib/python3.12/site-packages/airflow/example_dags/subdags/subdag.py
[2024-07-07T23:44:31.563+0500] {processor.py:830} INFO - Processing file /home/nicolaspc/anaconda3/envs/mlops_env/lib/python3.12/site-packages/airflow/example_dags/subdags/subdag.py for tasks to queue
[2024-07-07T23:44:31.563+0500] {logging_mixin.py:188} INFO - [2024-07-07T23:44:31.563+0500] {dagbag.py:545} INFO - Filling up the DagBag from /home/nicolaspc/anaconda3/envs/mlops_env/lib/python3.12/site-packages/airflow/example_dags/subdags/subdag.py
[2024-07-07T23:44:31.564+0500] {processor.py:842} WARNING - No viable dags retrieved from /home/nicolaspc/anaconda3/envs/mlops_env/lib/python3.12/site-packages/airflow/example_dags/subdags/subdag.py
[2024-07-07T23:44:31.580+0500] {processor.py:183} INFO - Processing /home/nicolaspc/anaconda3/envs/mlops_env/lib/python3.12/site-packages/airflow/example_dags/subdags/subdag.py took 0.023 seconds
[2024-07-07T23:45:02.162+0500] {processor.py:161} INFO - Started process (PID=20617) to work on /home/nicolaspc/anaconda3/envs/mlops_env/lib/python3.12/site-packages/airflow/example_dags/subdags/subdag.py
[2024-07-07T23:45:02.163+0500] {processor.py:830} INFO - Processing file /home/nicolaspc/anaconda3/envs/mlops_env/lib/python3.12/site-packages/airflow/example_dags/subdags/subdag.py for tasks to queue
[2024-07-07T23:45:02.164+0500] {logging_mixin.py:188} INFO - [2024-07-07T23:45:02.163+0500] {dagbag.py:545} INFO - Filling up the DagBag from /home/nicolaspc/anaconda3/envs/mlops_env/lib/python3.12/site-packages/airflow/example_dags/subdags/subdag.py
[2024-07-07T23:45:02.165+0500] {processor.py:842} WARNING - No viable dags retrieved from /home/nicolaspc/anaconda3/envs/mlops_env/lib/python3.12/site-packages/airflow/example_dags/subdags/subdag.py
[2024-07-07T23:45:02.180+0500] {processor.py:183} INFO - Processing /home/nicolaspc/anaconda3/envs/mlops_env/lib/python3.12/site-packages/airflow/example_dags/subdags/subdag.py took 0.023 seconds
[2024-07-07T23:45:32.928+0500] {processor.py:161} INFO - Started process (PID=20942) to work on /home/nicolaspc/anaconda3/envs/mlops_env/lib/python3.12/site-packages/airflow/example_dags/subdags/subdag.py
[2024-07-07T23:45:32.930+0500] {processor.py:830} INFO - Processing file /home/nicolaspc/anaconda3/envs/mlops_env/lib/python3.12/site-packages/airflow/example_dags/subdags/subdag.py for tasks to queue
[2024-07-07T23:45:32.930+0500] {logging_mixin.py:188} INFO - [2024-07-07T23:45:32.930+0500] {dagbag.py:545} INFO - Filling up the DagBag from /home/nicolaspc/anaconda3/envs/mlops_env/lib/python3.12/site-packages/airflow/example_dags/subdags/subdag.py
[2024-07-07T23:45:32.931+0500] {processor.py:842} WARNING - No viable dags retrieved from /home/nicolaspc/anaconda3/envs/mlops_env/lib/python3.12/site-packages/airflow/example_dags/subdags/subdag.py
[2024-07-07T23:45:32.946+0500] {processor.py:183} INFO - Processing /home/nicolaspc/anaconda3/envs/mlops_env/lib/python3.12/site-packages/airflow/example_dags/subdags/subdag.py took 0.024 seconds
[2024-07-07T23:46:03.618+0500] {processor.py:161} INFO - Started process (PID=21280) to work on /home/nicolaspc/anaconda3/envs/mlops_env/lib/python3.12/site-packages/airflow/example_dags/subdags/subdag.py
[2024-07-07T23:46:03.619+0500] {processor.py:830} INFO - Processing file /home/nicolaspc/anaconda3/envs/mlops_env/lib/python3.12/site-packages/airflow/example_dags/subdags/subdag.py for tasks to queue
[2024-07-07T23:46:03.620+0500] {logging_mixin.py:188} INFO - [2024-07-07T23:46:03.619+0500] {dagbag.py:545} INFO - Filling up the DagBag from /home/nicolaspc/anaconda3/envs/mlops_env/lib/python3.12/site-packages/airflow/example_dags/subdags/subdag.py
[2024-07-07T23:46:03.621+0500] {processor.py:842} WARNING - No viable dags retrieved from /home/nicolaspc/anaconda3/envs/mlops_env/lib/python3.12/site-packages/airflow/example_dags/subdags/subdag.py
[2024-07-07T23:46:03.636+0500] {processor.py:183} INFO - Processing /home/nicolaspc/anaconda3/envs/mlops_env/lib/python3.12/site-packages/airflow/example_dags/subdags/subdag.py took 0.023 seconds
[2024-07-07T23:46:34.108+0500] {processor.py:161} INFO - Started process (PID=21646) to work on /home/nicolaspc/anaconda3/envs/mlops_env/lib/python3.12/site-packages/airflow/example_dags/subdags/subdag.py
[2024-07-07T23:46:34.108+0500] {processor.py:830} INFO - Processing file /home/nicolaspc/anaconda3/envs/mlops_env/lib/python3.12/site-packages/airflow/example_dags/subdags/subdag.py for tasks to queue
[2024-07-07T23:46:34.109+0500] {logging_mixin.py:188} INFO - [2024-07-07T23:46:34.109+0500] {dagbag.py:545} INFO - Filling up the DagBag from /home/nicolaspc/anaconda3/envs/mlops_env/lib/python3.12/site-packages/airflow/example_dags/subdags/subdag.py
[2024-07-07T23:46:34.110+0500] {processor.py:842} WARNING - No viable dags retrieved from /home/nicolaspc/anaconda3/envs/mlops_env/lib/python3.12/site-packages/airflow/example_dags/subdags/subdag.py
[2024-07-07T23:46:34.126+0500] {processor.py:183} INFO - Processing /home/nicolaspc/anaconda3/envs/mlops_env/lib/python3.12/site-packages/airflow/example_dags/subdags/subdag.py took 0.025 seconds
[2024-07-07T23:47:04.895+0500] {processor.py:161} INFO - Started process (PID=21976) to work on /home/nicolaspc/anaconda3/envs/mlops_env/lib/python3.12/site-packages/airflow/example_dags/subdags/subdag.py
[2024-07-07T23:47:04.896+0500] {processor.py:830} INFO - Processing file /home/nicolaspc/anaconda3/envs/mlops_env/lib/python3.12/site-packages/airflow/example_dags/subdags/subdag.py for tasks to queue
[2024-07-07T23:47:04.896+0500] {logging_mixin.py:188} INFO - [2024-07-07T23:47:04.896+0500] {dagbag.py:545} INFO - Filling up the DagBag from /home/nicolaspc/anaconda3/envs/mlops_env/lib/python3.12/site-packages/airflow/example_dags/subdags/subdag.py
[2024-07-07T23:47:04.897+0500] {processor.py:842} WARNING - No viable dags retrieved from /home/nicolaspc/anaconda3/envs/mlops_env/lib/python3.12/site-packages/airflow/example_dags/subdags/subdag.py
[2024-07-07T23:47:04.913+0500] {processor.py:183} INFO - Processing /home/nicolaspc/anaconda3/envs/mlops_env/lib/python3.12/site-packages/airflow/example_dags/subdags/subdag.py took 0.024 seconds
[2024-07-07T23:47:35.418+0500] {processor.py:161} INFO - Started process (PID=22304) to work on /home/nicolaspc/anaconda3/envs/mlops_env/lib/python3.12/site-packages/airflow/example_dags/subdags/subdag.py
[2024-07-07T23:47:35.418+0500] {processor.py:830} INFO - Processing file /home/nicolaspc/anaconda3/envs/mlops_env/lib/python3.12/site-packages/airflow/example_dags/subdags/subdag.py for tasks to queue
[2024-07-07T23:47:35.419+0500] {logging_mixin.py:188} INFO - [2024-07-07T23:47:35.419+0500] {dagbag.py:545} INFO - Filling up the DagBag from /home/nicolaspc/anaconda3/envs/mlops_env/lib/python3.12/site-packages/airflow/example_dags/subdags/subdag.py
[2024-07-07T23:47:35.420+0500] {processor.py:842} WARNING - No viable dags retrieved from /home/nicolaspc/anaconda3/envs/mlops_env/lib/python3.12/site-packages/airflow/example_dags/subdags/subdag.py
[2024-07-07T23:47:35.437+0500] {processor.py:183} INFO - Processing /home/nicolaspc/anaconda3/envs/mlops_env/lib/python3.12/site-packages/airflow/example_dags/subdags/subdag.py took 0.026 seconds
[2024-07-07T23:48:06.018+0500] {processor.py:161} INFO - Started process (PID=22629) to work on /home/nicolaspc/anaconda3/envs/mlops_env/lib/python3.12/site-packages/airflow/example_dags/subdags/subdag.py
[2024-07-07T23:48:06.018+0500] {processor.py:830} INFO - Processing file /home/nicolaspc/anaconda3/envs/mlops_env/lib/python3.12/site-packages/airflow/example_dags/subdags/subdag.py for tasks to queue
[2024-07-07T23:48:06.019+0500] {logging_mixin.py:188} INFO - [2024-07-07T23:48:06.019+0500] {dagbag.py:545} INFO - Filling up the DagBag from /home/nicolaspc/anaconda3/envs/mlops_env/lib/python3.12/site-packages/airflow/example_dags/subdags/subdag.py
[2024-07-07T23:48:06.020+0500] {processor.py:842} WARNING - No viable dags retrieved from /home/nicolaspc/anaconda3/envs/mlops_env/lib/python3.12/site-packages/airflow/example_dags/subdags/subdag.py
[2024-07-07T23:48:06.036+0500] {processor.py:183} INFO - Processing /home/nicolaspc/anaconda3/envs/mlops_env/lib/python3.12/site-packages/airflow/example_dags/subdags/subdag.py took 0.024 seconds
[2024-07-07T23:48:36.631+0500] {processor.py:161} INFO - Started process (PID=22985) to work on /home/nicolaspc/anaconda3/envs/mlops_env/lib/python3.12/site-packages/airflow/example_dags/subdags/subdag.py
[2024-07-07T23:48:36.632+0500] {processor.py:830} INFO - Processing file /home/nicolaspc/anaconda3/envs/mlops_env/lib/python3.12/site-packages/airflow/example_dags/subdags/subdag.py for tasks to queue
[2024-07-07T23:48:36.632+0500] {logging_mixin.py:188} INFO - [2024-07-07T23:48:36.632+0500] {dagbag.py:545} INFO - Filling up the DagBag from /home/nicolaspc/anaconda3/envs/mlops_env/lib/python3.12/site-packages/airflow/example_dags/subdags/subdag.py
[2024-07-07T23:48:36.633+0500] {processor.py:842} WARNING - No viable dags retrieved from /home/nicolaspc/anaconda3/envs/mlops_env/lib/python3.12/site-packages/airflow/example_dags/subdags/subdag.py
[2024-07-07T23:48:36.648+0500] {processor.py:183} INFO - Processing /home/nicolaspc/anaconda3/envs/mlops_env/lib/python3.12/site-packages/airflow/example_dags/subdags/subdag.py took 0.023 seconds
[2024-07-07T23:49:08.174+0500] {processor.py:161} INFO - Started process (PID=23509) to work on /home/nicolaspc/anaconda3/envs/mlops_env/lib/python3.12/site-packages/airflow/example_dags/subdags/subdag.py
[2024-07-07T23:49:08.174+0500] {processor.py:830} INFO - Processing file /home/nicolaspc/anaconda3/envs/mlops_env/lib/python3.12/site-packages/airflow/example_dags/subdags/subdag.py for tasks to queue
[2024-07-07T23:49:08.175+0500] {logging_mixin.py:188} INFO - [2024-07-07T23:49:08.175+0500] {dagbag.py:545} INFO - Filling up the DagBag from /home/nicolaspc/anaconda3/envs/mlops_env/lib/python3.12/site-packages/airflow/example_dags/subdags/subdag.py
[2024-07-07T23:49:08.176+0500] {processor.py:842} WARNING - No viable dags retrieved from /home/nicolaspc/anaconda3/envs/mlops_env/lib/python3.12/site-packages/airflow/example_dags/subdags/subdag.py
[2024-07-07T23:49:08.192+0500] {processor.py:183} INFO - Processing /home/nicolaspc/anaconda3/envs/mlops_env/lib/python3.12/site-packages/airflow/example_dags/subdags/subdag.py took 0.024 seconds
[2024-07-07T23:49:38.247+0500] {processor.py:161} INFO - Started process (PID=23861) to work on /home/nicolaspc/anaconda3/envs/mlops_env/lib/python3.12/site-packages/airflow/example_dags/subdags/subdag.py
[2024-07-07T23:49:38.248+0500] {processor.py:830} INFO - Processing file /home/nicolaspc/anaconda3/envs/mlops_env/lib/python3.12/site-packages/airflow/example_dags/subdags/subdag.py for tasks to queue
[2024-07-07T23:49:38.248+0500] {logging_mixin.py:188} INFO - [2024-07-07T23:49:38.248+0500] {dagbag.py:545} INFO - Filling up the DagBag from /home/nicolaspc/anaconda3/envs/mlops_env/lib/python3.12/site-packages/airflow/example_dags/subdags/subdag.py
[2024-07-07T23:49:38.250+0500] {processor.py:842} WARNING - No viable dags retrieved from /home/nicolaspc/anaconda3/envs/mlops_env/lib/python3.12/site-packages/airflow/example_dags/subdags/subdag.py
[2024-07-07T23:49:38.266+0500] {processor.py:183} INFO - Processing /home/nicolaspc/anaconda3/envs/mlops_env/lib/python3.12/site-packages/airflow/example_dags/subdags/subdag.py took 0.024 seconds
