[2024-08-21T22:12:30.942+0500] {local_task_job_runner.py:123} INFO - ::group::Pre task execution logs
[2024-08-21T22:12:30.963+0500] {taskinstance.py:2603} INFO - Dependencies all met for dep_context=non-requeueable deps ti=<TaskInstance: 3_models_dag_home_2.train_lr manual__2024-08-21T17:12:11.392703+00:00 [queued]>
[2024-08-21T22:12:30.973+0500] {taskinstance.py:2603} INFO - Dependencies all met for dep_context=requeueable deps ti=<TaskInstance: 3_models_dag_home_2.train_lr manual__2024-08-21T17:12:11.392703+00:00 [queued]>
[2024-08-21T22:12:30.973+0500] {taskinstance.py:2856} INFO - Starting attempt 1 of 1
[2024-08-21T22:12:30.985+0500] {taskinstance.py:2879} INFO - Executing <Task(PythonOperator): train_lr> on 2024-08-21 17:12:11.392703+00:00
[2024-08-21T22:12:30.998+0500] {logging_mixin.py:190} WARNING - /home/nicolaspc/anaconda3/envs/mlops_env/lib/python3.12/site-packages/***/task/task_runner/standard_task_runner.py:70 DeprecationWarning: This process (pid=345871) is multi-threaded, use of fork() may lead to deadlocks in the child.
[2024-08-21T22:12:30.999+0500] {standard_task_runner.py:72} INFO - Started process 345974 to run task
[2024-08-21T22:12:30.998+0500] {standard_task_runner.py:104} INFO - Running: ['***', 'tasks', 'run', '3_models_dag_home_2', 'train_lr', 'manual__2024-08-21T17:12:11.392703+00:00', '--job-id', '230', '--raw', '--subdir', 'DAGS_FOLDER/.ipynb_checkpoints/homework_stepik_2-checkpoint.py', '--cfg-path', '/tmp/tmputvmoo0c']
[2024-08-21T22:12:31.004+0500] {standard_task_runner.py:105} INFO - Job 230: Subtask train_lr
[2024-08-21T22:12:31.061+0500] {task_command.py:467} INFO - Running <TaskInstance: 3_models_dag_home_2.train_lr manual__2024-08-21T17:12:11.392703+00:00 [running]> on host nicolaspc-HP-Pavilion-Laptop-15-eh1xxx
[2024-08-21T22:12:31.175+0500] {taskinstance.py:3122} INFO - Exporting env vars: AIRFLOW_CTX_DAG_OWNER='Nicolas Pal' AIRFLOW_CTX_DAG_ID='3_models_dag_home_2' AIRFLOW_CTX_TASK_ID='train_lr' AIRFLOW_CTX_EXECUTION_DATE='2024-08-21T17:12:11.392703+00:00' AIRFLOW_CTX_TRY_NUMBER='1' AIRFLOW_CTX_DAG_RUN_ID='manual__2024-08-21T17:12:11.392703+00:00'
[2024-08-21T22:12:31.176+0500] {taskinstance.py:731} INFO - ::endgroup::
[2024-08-21T22:12:31.387+0500] {s3.py:1387} INFO - Downloading source S3 file from Bucket test-bucket-nicolas-1 with path dataset/X_train.pkl
[2024-08-21T22:12:31.403+0500] {base.py:84} INFO - Retrieving connection 'aws_default'
[2024-08-21T22:12:31.404+0500] {connection_wrapper.py:384} INFO - AWS Connection (conn_id='aws_default', conn_type='aws') credentials retrieved from login and password.
[2024-08-21T22:12:35.788+0500] {s3.py:1387} INFO - Downloading source S3 file from Bucket test-bucket-nicolas-1 with path dataset/X_test.pkl
[2024-08-21T22:12:36.428+0500] {s3.py:1387} INFO - Downloading source S3 file from Bucket test-bucket-nicolas-1 with path dataset/y_train.pkl
[2024-08-21T22:12:37.199+0500] {s3.py:1387} INFO - Downloading source S3 file from Bucket test-bucket-nicolas-1 with path dataset/y_test.pkl
[2024-08-21T22:12:37.608+0500] {homework_stepik_2-checkpoint.py:209} INFO - Данные загружены
[2024-08-21T22:12:37.697+0500] {migration.py:216} INFO - Context impl PostgresqlImpl.
[2024-08-21T22:12:37.697+0500] {migration.py:219} INFO - Will assume transactional DDL.
[2024-08-21T22:12:54.537+0500] {logging_mixin.py:190} WARNING - 2024/08/21 22:12:54 INFO mlflow.models.evaluation.default_evaluator: Computing model predictions.
[2024-08-21T22:12:54.636+0500] {logging_mixin.py:190} WARNING - /home/nicolaspc/anaconda3/envs/mlops_env/lib/python3.12/site-packages/sklearn/base.py:486 UserWarning: X has feature names, but RandomForestRegressor was fitted without feature names
[2024-08-21T22:12:54.732+0500] {logging_mixin.py:190} WARNING - /home/nicolaspc/anaconda3/envs/mlops_env/lib/python3.12/site-packages/sklearn/metrics/_regression.py:492 FutureWarning: 'squared' is deprecated in version 1.4 and will be removed in 1.6. To calculate the root mean squared error, use the function'root_mean_squared_error'.
[2024-08-21T22:12:54.734+0500] {logging_mixin.py:190} WARNING - 2024/08/21 22:12:54 INFO mlflow.models.evaluation.default_evaluator: Testing metrics on first row...
[2024-08-21T22:12:54.736+0500] {logging_mixin.py:190} WARNING - 2024/08/21 22:12:54 WARNING mlflow.models.evaluation.default_evaluator: SHAP or matplotlib package is not installed, so model explainability insights will not be logged.
[2024-08-21T22:12:56.554+0500] {logging_mixin.py:190} WARNING - 2024/08/21 22:12:56 INFO mlflow.models.evaluation.default_evaluator: Computing model predictions.
[2024-08-21T22:12:56.556+0500] {logging_mixin.py:190} WARNING - /home/nicolaspc/anaconda3/envs/mlops_env/lib/python3.12/site-packages/sklearn/base.py:486 UserWarning: X has feature names, but LinearRegression was fitted without feature names
[2024-08-21T22:12:56.567+0500] {logging_mixin.py:190} WARNING - /home/nicolaspc/anaconda3/envs/mlops_env/lib/python3.12/site-packages/sklearn/metrics/_regression.py:492 FutureWarning: 'squared' is deprecated in version 1.4 and will be removed in 1.6. To calculate the root mean squared error, use the function'root_mean_squared_error'.
[2024-08-21T22:12:56.570+0500] {logging_mixin.py:190} WARNING - 2024/08/21 22:12:56 INFO mlflow.models.evaluation.default_evaluator: Testing metrics on first row...
[2024-08-21T22:12:56.572+0500] {logging_mixin.py:190} WARNING - 2024/08/21 22:12:56 WARNING mlflow.models.evaluation.default_evaluator: SHAP or matplotlib package is not installed, so model explainability insights will not be logged.
[2024-08-21T22:12:58.742+0500] {logging_mixin.py:190} WARNING - 2024/08/21 22:12:58 INFO mlflow.models.evaluation.default_evaluator: Computing model predictions.
[2024-08-21T22:12:58.750+0500] {logging_mixin.py:190} WARNING - /home/nicolaspc/anaconda3/envs/mlops_env/lib/python3.12/site-packages/sklearn/base.py:486 UserWarning: X has feature names, but HistGradientBoostingRegressor was fitted without feature names
[2024-08-21T22:12:58.760+0500] {logging_mixin.py:190} WARNING - /home/nicolaspc/anaconda3/envs/mlops_env/lib/python3.12/site-packages/sklearn/metrics/_regression.py:492 FutureWarning: 'squared' is deprecated in version 1.4 and will be removed in 1.6. To calculate the root mean squared error, use the function'root_mean_squared_error'.
[2024-08-21T22:12:58.762+0500] {logging_mixin.py:190} WARNING - 2024/08/21 22:12:58 INFO mlflow.models.evaluation.default_evaluator: Testing metrics on first row...
[2024-08-21T22:12:58.764+0500] {logging_mixin.py:190} WARNING - 2024/08/21 22:12:58 WARNING mlflow.models.evaluation.default_evaluator: SHAP or matplotlib package is not installed, so model explainability insights will not be logged.
[2024-08-21T22:12:58.797+0500] {python.py:240} INFO - Done. Returned value was: {'start_tiemstamp': '20240821 22:12', 'data_download_start': '20240821 22:12', 'data_download_end': '20240821 22:12', 'data_preparation_start': '20240821 22:12', 'data_preparation_end': '20240821 22:12', 'rf_train_start': '20240821 22:12', 'rf_train_end': '20240821 22:12', 'rf_R^2_score': 0.8070958215169992, 'rf_rmse': 0.5027756631185615, 'rf_mae': 0.19895499999999944, 'lr_train_start': '20240821 22:12', 'lr_train_end': '20240821 22:12', 'lr_R^2_score': 0.575787706032451, 'lr_rmse': 0.7455813830127763, 'lr_mae': 0.4102330008496219, 'hgb_train_start': '20240821 22:12', 'hgb_train_end': '20240821 22:12', 'hgb_R^2_score': 0.8346621392494595, 'hgb_rmse': 0.4654677402040359, 'hgb_mae': 0.20160187475574864}
[2024-08-21T22:12:58.830+0500] {taskinstance.py:340} INFO - ::group::Post task execution logs
[2024-08-21T22:12:58.830+0500] {taskinstance.py:352} INFO - Marking task as SUCCESS. dag_id=3_models_dag_home_2, task_id=train_lr, run_id=manual__2024-08-21T17:12:11.392703+00:00, execution_date=20240821T171211, start_date=20240821T171230, end_date=20240821T171258
[2024-08-21T22:12:58.915+0500] {local_task_job_runner.py:261} INFO - Task exited with return code 0
[2024-08-21T22:12:58.939+0500] {taskinstance.py:3891} INFO - 0 downstream tasks scheduled from follow-on schedule check
[2024-08-21T22:12:58.942+0500] {local_task_job_runner.py:240} INFO - ::endgroup::
