[2024-10-02T19:21:21.081+0500] {local_task_job_runner.py:123} INFO - ::group::Pre task execution logs
[2024-10-02T19:21:21.099+0500] {taskinstance.py:2603} INFO - Dependencies all met for dep_context=non-requeueable deps ti=<TaskInstance: lr_train.get_data manual__2024-10-02T14:21:17.785381+00:00 [queued]>
[2024-10-02T19:21:21.108+0500] {taskinstance.py:2603} INFO - Dependencies all met for dep_context=requeueable deps ti=<TaskInstance: lr_train.get_data manual__2024-10-02T14:21:17.785381+00:00 [queued]>
[2024-10-02T19:21:21.108+0500] {taskinstance.py:2856} INFO - Starting attempt 1 of 1
[2024-10-02T19:21:21.118+0500] {taskinstance.py:2879} INFO - Executing <Task(PythonOperator): get_data> on 2024-10-02 14:21:17.785381+00:00
[2024-10-02T19:21:21.132+0500] {logging_mixin.py:190} WARNING - /home/nicolaspc/anaconda3/envs/mlops_env/lib/python3.12/site-packages/***/task/task_runner/standard_task_runner.py:70 DeprecationWarning: This process (pid=21828) is multi-threaded, use of fork() may lead to deadlocks in the child.
[2024-10-02T19:21:21.133+0500] {standard_task_runner.py:72} INFO - Started process 21851 to run task
[2024-10-02T19:21:21.133+0500] {standard_task_runner.py:104} INFO - Running: ['***', 'tasks', 'run', 'lr_train', 'get_data', 'manual__2024-10-02T14:21:17.785381+00:00', '--job-id', '507', '--raw', '--subdir', 'DAGS_FOLDER/train_models.py', '--cfg-path', '/tmp/tmp9tbuxbao']
[2024-10-02T19:21:21.135+0500] {standard_task_runner.py:105} INFO - Job 507: Subtask get_data
[2024-10-02T19:21:21.185+0500] {task_command.py:467} INFO - Running <TaskInstance: lr_train.get_data manual__2024-10-02T14:21:17.785381+00:00 [running]> on host nicolaspc-HP-Pavilion-Laptop-15-eh1xxx
[2024-10-02T19:21:21.273+0500] {taskinstance.py:3122} INFO - Exporting env vars: AIRFLOW_CTX_DAG_OWNER='Nicolas Pal' AIRFLOW_CTX_DAG_ID='lr_train' AIRFLOW_CTX_TASK_ID='get_data' AIRFLOW_CTX_EXECUTION_DATE='2024-10-02T14:21:17.785381+00:00' AIRFLOW_CTX_TRY_NUMBER='1' AIRFLOW_CTX_DAG_RUN_ID='manual__2024-10-02T14:21:17.785381+00:00'
[2024-10-02T19:21:21.275+0500] {taskinstance.py:731} INFO - ::endgroup::
[2024-10-02T19:21:21.312+0500] {base.py:84} INFO - Retrieving connection 'pg_connection'
[2024-10-02T19:21:21.324+0500] {logging_mixin.py:190} WARNING - /home/nicolaspc/***/dags/train_models.py:66 UserWarning: pandas only supports SQLAlchemy connectable (engine/connection) or database string URI or sqlite3 DBAPI2 connection. Other DBAPI2 objects are not tested. Please consider using SQLAlchemy.
[2024-10-02T19:21:21.425+0500] {base.py:84} INFO - Retrieving connection 'aws_default'
[2024-10-02T19:21:21.426+0500] {connection_wrapper.py:384} INFO - AWS Connection (conn_id='aws_default', conn_type='aws') credentials retrieved from login and password.
[2024-10-02T19:21:29.704+0500] {train_models.py:77} INFO - Данные загружены из б/д и сохранены на S3
[2024-10-02T19:21:29.706+0500] {python.py:240} INFO - Done. Returned value was: {'model': 'lr', 'start_timestamp': '20241002 19:21', 'data_download_start': '20241002 19:21', 'data_download_end': '20241002 19:21', 'data_shape': (20640, 9)}
[2024-10-02T19:21:29.742+0500] {taskinstance.py:340} INFO - ::group::Post task execution logs
[2024-10-02T19:21:29.743+0500] {taskinstance.py:352} INFO - Marking task as SUCCESS. dag_id=lr_train, task_id=get_data, run_id=manual__2024-10-02T14:21:17.785381+00:00, execution_date=20241002T142117, start_date=20241002T142121, end_date=20241002T142129
[2024-10-02T19:21:29.787+0500] {local_task_job_runner.py:261} INFO - Task exited with return code 0
[2024-10-02T19:21:29.812+0500] {taskinstance.py:3891} INFO - 1 downstream tasks scheduled from follow-on schedule check
[2024-10-02T19:21:29.815+0500] {local_task_job_runner.py:240} INFO - ::endgroup::
