[2024-08-21T13:25:43.350+0500] {local_task_job_runner.py:123} INFO - ::group::Pre task execution logs
[2024-08-21T13:25:43.367+0500] {taskinstance.py:2603} INFO - Dependencies all met for dep_context=non-requeueable deps ti=<TaskInstance: 3_models_dag.get_data manual__2024-08-21T08:25:39.245307+00:00 [queued]>
[2024-08-21T13:25:43.374+0500] {taskinstance.py:2603} INFO - Dependencies all met for dep_context=requeueable deps ti=<TaskInstance: 3_models_dag.get_data manual__2024-08-21T08:25:39.245307+00:00 [queued]>
[2024-08-21T13:25:43.375+0500] {taskinstance.py:2856} INFO - Starting attempt 1 of 1
[2024-08-21T13:25:43.386+0500] {taskinstance.py:2879} INFO - Executing <Task(PythonOperator): get_data> on 2024-08-21 08:25:39.245307+00:00
[2024-08-21T13:25:43.398+0500] {logging_mixin.py:190} WARNING - /home/nicolaspc/anaconda3/envs/mlops_env/lib/python3.12/site-packages/***/task/task_runner/standard_task_runner.py:70 DeprecationWarning: This process (pid=10250) is multi-threaded, use of fork() may lead to deadlocks in the child.
[2024-08-21T13:25:43.398+0500] {standard_task_runner.py:72} INFO - Started process 10273 to run task
[2024-08-21T13:25:43.398+0500] {standard_task_runner.py:104} INFO - Running: ['***', 'tasks', 'run', '3_models_dag', 'get_data', 'manual__2024-08-21T08:25:39.245307+00:00', '--job-id', '102', '--raw', '--subdir', 'DAGS_FOLDER/.ipynb_checkpoints/train_models-2-checkpoint.py', '--cfg-path', '/tmp/tmp8c_efeew']
[2024-08-21T13:25:43.400+0500] {standard_task_runner.py:105} INFO - Job 102: Subtask get_data
[2024-08-21T13:25:43.456+0500] {task_command.py:467} INFO - Running <TaskInstance: 3_models_dag.get_data manual__2024-08-21T08:25:39.245307+00:00 [running]> on host nicolaspc-HP-Pavilion-Laptop-15-eh1xxx
[2024-08-21T13:25:43.539+0500] {taskinstance.py:3122} INFO - Exporting env vars: AIRFLOW_CTX_DAG_OWNER='Nicolas Pal' AIRFLOW_CTX_DAG_ID='3_models_dag' AIRFLOW_CTX_TASK_ID='get_data' AIRFLOW_CTX_EXECUTION_DATE='2024-08-21T08:25:39.245307+00:00' AIRFLOW_CTX_TRY_NUMBER='1' AIRFLOW_CTX_DAG_RUN_ID='manual__2024-08-21T08:25:39.245307+00:00'
[2024-08-21T13:25:43.540+0500] {taskinstance.py:731} INFO - ::endgroup::
[2024-08-21T13:25:43.577+0500] {base.py:84} INFO - Retrieving connection 'pg_connection'
[2024-08-21T13:25:43.589+0500] {logging_mixin.py:190} WARNING - /home/nicolaspc/***/dags/.ipynb_checkpoints/train_models-2-checkpoint.py:69 UserWarning: pandas only supports SQLAlchemy connectable (engine/connection) or database string URI or sqlite3 DBAPI2 connection. Other DBAPI2 objects are not tested. Please consider using SQLAlchemy.
[2024-08-21T13:25:43.687+0500] {base.py:84} INFO - Retrieving connection 'aws_default'
[2024-08-21T13:25:43.688+0500] {connection_wrapper.py:384} INFO - AWS Connection (conn_id='aws_default', conn_type='aws') credentials retrieved from login and password.
[2024-08-21T13:25:46.735+0500] {train_models-2-checkpoint.py:80} INFO - Data download finished.
[2024-08-21T13:25:46.738+0500] {python.py:240} INFO - Done. Returned value was: {'start_tiemstamp': '20240821 13:25', 'data_download_start': '20240821 13:25', 'data_download_end': '20240821 13:25'}
[2024-08-21T13:25:46.775+0500] {taskinstance.py:340} INFO - ::group::Post task execution logs
[2024-08-21T13:25:46.776+0500] {taskinstance.py:352} INFO - Marking task as SUCCESS. dag_id=3_models_dag, task_id=get_data, run_id=manual__2024-08-21T08:25:39.245307+00:00, execution_date=20240821T082539, start_date=20240821T082543, end_date=20240821T082546
[2024-08-21T13:25:46.824+0500] {local_task_job_runner.py:261} INFO - Task exited with return code 0
[2024-08-21T13:25:46.850+0500] {taskinstance.py:3891} INFO - 1 downstream tasks scheduled from follow-on schedule check
[2024-08-21T13:25:46.853+0500] {local_task_job_runner.py:240} INFO - ::endgroup::
