[2024-10-08T23:50:41.974+0500] {local_task_job_runner.py:123} INFO - ::group::Pre task execution logs
[2024-10-08T23:50:41.997+0500] {taskinstance.py:2603} INFO - Dependencies all met for dep_context=non-requeueable deps ti=<TaskInstance: 3_models_NicolasPal.train_hgb manual__2024-10-08T18:50:09.493288+00:00 [queued]>
[2024-10-08T23:50:42.009+0500] {taskinstance.py:2603} INFO - Dependencies all met for dep_context=requeueable deps ti=<TaskInstance: 3_models_NicolasPal.train_hgb manual__2024-10-08T18:50:09.493288+00:00 [queued]>
[2024-10-08T23:50:42.010+0500] {taskinstance.py:2856} INFO - Starting attempt 1 of 1
[2024-10-08T23:50:42.036+0500] {taskinstance.py:2879} INFO - Executing <Task(PythonOperator): train_hgb> on 2024-10-08 18:50:09.493288+00:00
[2024-10-08T23:50:42.052+0500] {logging_mixin.py:190} WARNING - /home/nicolaspc/anaconda3/envs/mlops_env/lib/python3.12/site-packages/***/task/task_runner/standard_task_runner.py:70 DeprecationWarning: This process (pid=67185) is multi-threaded, use of fork() may lead to deadlocks in the child.
[2024-10-08T23:50:42.053+0500] {standard_task_runner.py:72} INFO - Started process 67285 to run task
[2024-10-08T23:50:42.053+0500] {standard_task_runner.py:104} INFO - Running: ['***', 'tasks', 'run', '3_models_NicolasPal', 'train_hgb', 'manual__2024-10-08T18:50:09.493288+00:00', '--job-id', '959', '--raw', '--subdir', 'DAGS_FOLDER/project_2.py', '--cfg-path', '/tmp/tmpwzjyngu2']
[2024-10-08T23:50:42.055+0500] {standard_task_runner.py:105} INFO - Job 959: Subtask train_hgb
[2024-10-08T23:50:42.320+0500] {task_command.py:467} INFO - Running <TaskInstance: 3_models_NicolasPal.train_hgb manual__2024-10-08T18:50:09.493288+00:00 [running]> on host nicolaspc-HP-Pavilion-Laptop-15-eh1xxx
[2024-10-08T23:50:42.407+0500] {taskinstance.py:3122} INFO - Exporting env vars: AIRFLOW_CTX_DAG_OWNER='Nicolas Pal' AIRFLOW_CTX_DAG_ID='3_models_NicolasPal' AIRFLOW_CTX_TASK_ID='train_hgb' AIRFLOW_CTX_EXECUTION_DATE='2024-10-08T18:50:09.493288+00:00' AIRFLOW_CTX_TRY_NUMBER='1' AIRFLOW_CTX_DAG_RUN_ID='manual__2024-10-08T18:50:09.493288+00:00'
[2024-10-08T23:50:42.408+0500] {taskinstance.py:731} INFO - ::endgroup::
[2024-10-08T23:50:42.433+0500] {s3.py:1387} INFO - Downloading source S3 file from Bucket test-bucket-nicolas-1 with path NicolasPal/project1/hgb/datasets/X_train.pkl
[2024-10-08T23:50:42.447+0500] {base.py:84} INFO - Retrieving connection 's3_connection'
[2024-10-08T23:50:42.448+0500] {connection_wrapper.py:384} INFO - AWS Connection (conn_id='s3_connection', conn_type='aws') credentials retrieved from login and password.
[2024-10-08T23:50:46.284+0500] {s3.py:1387} INFO - Downloading source S3 file from Bucket test-bucket-nicolas-1 with path NicolasPal/project1/hgb/datasets/X_test.pkl
[2024-10-08T23:50:46.914+0500] {s3.py:1387} INFO - Downloading source S3 file from Bucket test-bucket-nicolas-1 with path NicolasPal/project1/hgb/datasets/X_val.pkl
[2024-10-08T23:50:47.513+0500] {s3.py:1387} INFO - Downloading source S3 file from Bucket test-bucket-nicolas-1 with path NicolasPal/project1/hgb/datasets/y_train.pkl
[2024-10-08T23:50:48.289+0500] {s3.py:1387} INFO - Downloading source S3 file from Bucket test-bucket-nicolas-1 with path NicolasPal/project1/hgb/datasets/y_test.pkl
[2024-10-08T23:50:48.739+0500] {s3.py:1387} INFO - Downloading source S3 file from Bucket test-bucket-nicolas-1 with path NicolasPal/project1/hgb/datasets/y_val.pkl
[2024-10-08T23:50:49.202+0500] {project_2.py:182} INFO - Данные для обучения модели из S3 загружены
[2024-10-08T23:50:49.318+0500] {migration.py:216} INFO - Context impl PostgresqlImpl.
[2024-10-08T23:50:49.318+0500] {migration.py:219} INFO - Will assume transactional DDL.
[2024-10-08T23:50:52.256+0500] {credentials.py:1147} INFO - Found credentials in environment variables.
[2024-10-08T23:50:56.325+0500] {logging_mixin.py:190} WARNING - Registered model 'sk-learn-hgb-reg-model' already exists. Creating a new version of this model...
[2024-10-08T23:50:56.346+0500] {logging_mixin.py:190} WARNING - Created version '9' of model 'sk-learn-hgb-reg-model'.
[2024-10-08T23:50:58.855+0500] {logging_mixin.py:190} WARNING - 2024/10/08 23:50:58 INFO mlflow.models.evaluation.default_evaluator: Computing model predictions.
[2024-10-08T23:50:58.883+0500] {logging_mixin.py:190} WARNING - /home/nicolaspc/anaconda3/envs/mlops_env/lib/python3.12/site-packages/sklearn/metrics/_regression.py:492 FutureWarning: 'squared' is deprecated in version 1.4 and will be removed in 1.6. To calculate the root mean squared error, use the function'root_mean_squared_error'.
[2024-10-08T23:50:58.886+0500] {logging_mixin.py:190} WARNING - 2024/10/08 23:50:58 INFO mlflow.models.evaluation.default_evaluator: Testing metrics on first row...
[2024-10-08T23:50:58.888+0500] {logging_mixin.py:190} WARNING - 2024/10/08 23:50:58 WARNING mlflow.models.evaluation.default_evaluator: SHAP or matplotlib package is not installed, so model explainability insights will not be logged.
[2024-10-08T23:50:58.914+0500] {project_2.py:222} INFO - Модели обучены, метрики сохранены
[2024-10-08T23:50:58.916+0500] {python.py:240} INFO - Done. Returned value was: {'start_tiemstamp': '20241008 23:50', 'experiment_id': '170', 'parent_run_id': 'd06b457c226448d193ea902c9ffbc155', 'get_data_start': '20241008 23:50', 'get_data_end': '20241008 23:50', 'data_shape': [20640, 9], 'prepare_data_start': '20241008 23:50', 'prepare_data_end': '20241008 23:50', 'features_name': ['MedInc', 'HouseAge', 'AveRooms', 'AveBedrms', 'Population', 'AveOccup', 'Latitude', 'Longitude'], 'train_model_end': '20241008 23:50'}
[2024-10-08T23:50:58.950+0500] {taskinstance.py:340} INFO - ::group::Post task execution logs
[2024-10-08T23:50:58.950+0500] {taskinstance.py:352} INFO - Marking task as SUCCESS. dag_id=3_models_NicolasPal, task_id=train_hgb, run_id=manual__2024-10-08T18:50:09.493288+00:00, execution_date=20241008T185009, start_date=20241008T185041, end_date=20241008T185058
[2024-10-08T23:50:58.999+0500] {local_task_job_runner.py:261} INFO - Task exited with return code 0
[2024-10-08T23:50:59.020+0500] {taskinstance.py:3891} INFO - 0 downstream tasks scheduled from follow-on schedule check
[2024-10-08T23:50:59.029+0500] {local_task_job_runner.py:240} INFO - ::endgroup::
