[2024-10-08T21:40:01.932+0500] {local_task_job_runner.py:123} INFO - ::group::Pre task execution logs
[2024-10-08T21:40:01.949+0500] {taskinstance.py:2603} INFO - Dependencies all met for dep_context=non-requeueable deps ti=<TaskInstance: lr_train.save_results manual__2024-10-08T16:39:11.630313+00:00 [queued]>
[2024-10-08T21:40:01.956+0500] {taskinstance.py:2603} INFO - Dependencies all met for dep_context=requeueable deps ti=<TaskInstance: lr_train.save_results manual__2024-10-08T16:39:11.630313+00:00 [queued]>
[2024-10-08T21:40:01.956+0500] {taskinstance.py:2856} INFO - Starting attempt 1 of 1
[2024-10-08T21:40:01.968+0500] {taskinstance.py:2879} INFO - Executing <Task(PythonOperator): save_results> on 2024-10-08 16:39:11.630313+00:00
[2024-10-08T21:40:01.980+0500] {logging_mixin.py:190} WARNING - /home/nicolaspc/anaconda3/envs/mlops_env/lib/python3.12/site-packages/***/task/task_runner/standard_task_runner.py:70 DeprecationWarning: This process (pid=53723) is multi-threaded, use of fork() may lead to deadlocks in the child.
[2024-10-08T21:40:01.981+0500] {standard_task_runner.py:72} INFO - Started process 53766 to run task
[2024-10-08T21:40:01.980+0500] {standard_task_runner.py:104} INFO - Running: ['***', 'tasks', 'run', 'lr_train', 'save_results', 'manual__2024-10-08T16:39:11.630313+00:00', '--job-id', '897', '--raw', '--subdir', 'DAGS_FOLDER/train_models.py', '--cfg-path', '/tmp/tmptj6b6i4s']
[2024-10-08T21:40:01.983+0500] {standard_task_runner.py:105} INFO - Job 897: Subtask save_results
[2024-10-08T21:40:02.097+0500] {task_command.py:467} INFO - Running <TaskInstance: lr_train.save_results manual__2024-10-08T16:39:11.630313+00:00 [running]> on host nicolaspc-HP-Pavilion-Laptop-15-eh1xxx
[2024-10-08T21:40:02.209+0500] {taskinstance.py:3122} INFO - Exporting env vars: AIRFLOW_CTX_DAG_OWNER='Nicolas Pal' AIRFLOW_CTX_DAG_ID='lr_train' AIRFLOW_CTX_TASK_ID='save_results' AIRFLOW_CTX_EXECUTION_DATE='2024-10-08T16:39:11.630313+00:00' AIRFLOW_CTX_TRY_NUMBER='1' AIRFLOW_CTX_DAG_RUN_ID='manual__2024-10-08T16:39:11.630313+00:00'
[2024-10-08T21:40:02.210+0500] {taskinstance.py:731} INFO - ::endgroup::
[2024-10-08T21:40:02.437+0500] {base.py:84} INFO - Retrieving connection 's3_connection'
[2024-10-08T21:40:02.438+0500] {connection_wrapper.py:384} INFO - AWS Connection (conn_id='s3_connection', conn_type='aws') credentials retrieved from login and password.
[2024-10-08T21:40:09.364+0500] {train_models.py:273} INFO - Результаты сохранены в папку result
[2024-10-08T21:40:09.366+0500] {python.py:240} INFO - Done. Returned value was: None
[2024-10-08T21:40:09.379+0500] {taskinstance.py:340} INFO - ::group::Post task execution logs
[2024-10-08T21:40:09.379+0500] {taskinstance.py:352} INFO - Marking task as SUCCESS. dag_id=lr_train, task_id=save_results, run_id=manual__2024-10-08T16:39:11.630313+00:00, execution_date=20241008T163911, start_date=20241008T164001, end_date=20241008T164009
[2024-10-08T21:40:09.442+0500] {local_task_job_runner.py:261} INFO - Task exited with return code 0
[2024-10-08T21:40:09.457+0500] {taskinstance.py:3891} INFO - 0 downstream tasks scheduled from follow-on schedule check
[2024-10-08T21:40:09.460+0500] {local_task_job_runner.py:240} INFO - ::endgroup::
