[2024-10-02T19:19:59.039+0500] {local_task_job_runner.py:123} INFO - ::group::Pre task execution logs
[2024-10-02T19:19:59.059+0500] {taskinstance.py:2603} INFO - Dependencies all met for dep_context=non-requeueable deps ti=<TaskInstance: hgb_train.train_model scheduled__2024-10-01T01:00:00+00:00 [queued]>
[2024-10-02T19:19:59.066+0500] {taskinstance.py:2603} INFO - Dependencies all met for dep_context=requeueable deps ti=<TaskInstance: hgb_train.train_model scheduled__2024-10-01T01:00:00+00:00 [queued]>
[2024-10-02T19:19:59.066+0500] {taskinstance.py:2856} INFO - Starting attempt 1 of 1
[2024-10-02T19:19:59.078+0500] {taskinstance.py:2879} INFO - Executing <Task(PythonOperator): train_model> on 2024-10-01 01:00:00+00:00
[2024-10-02T19:19:59.091+0500] {logging_mixin.py:190} WARNING - /home/nicolaspc/anaconda3/envs/mlops_env/lib/python3.12/site-packages/***/task/task_runner/standard_task_runner.py:70 DeprecationWarning: This process (pid=20416) is multi-threaded, use of fork() may lead to deadlocks in the child.
[2024-10-02T19:19:59.092+0500] {standard_task_runner.py:72} INFO - Started process 20483 to run task
[2024-10-02T19:19:59.092+0500] {standard_task_runner.py:104} INFO - Running: ['***', 'tasks', 'run', 'hgb_train', 'train_model', 'scheduled__2024-10-01T01:00:00+00:00', '--job-id', '502', '--raw', '--subdir', 'DAGS_FOLDER/.ipynb_checkpoints/train_models-checkpoint.py', '--cfg-path', '/tmp/tmpfvwly5_1']
[2024-10-02T19:19:59.094+0500] {standard_task_runner.py:105} INFO - Job 502: Subtask train_model
[2024-10-02T19:19:59.151+0500] {task_command.py:467} INFO - Running <TaskInstance: hgb_train.train_model scheduled__2024-10-01T01:00:00+00:00 [running]> on host nicolaspc-HP-Pavilion-Laptop-15-eh1xxx
[2024-10-02T19:19:59.234+0500] {taskinstance.py:3122} INFO - Exporting env vars: AIRFLOW_CTX_DAG_OWNER='Nicolas Pal' AIRFLOW_CTX_DAG_ID='hgb_train' AIRFLOW_CTX_TASK_ID='train_model' AIRFLOW_CTX_EXECUTION_DATE='2024-10-01T01:00:00+00:00' AIRFLOW_CTX_TRY_NUMBER='1' AIRFLOW_CTX_DAG_RUN_ID='scheduled__2024-10-01T01:00:00+00:00'
[2024-10-02T19:19:59.234+0500] {taskinstance.py:731} INFO - ::endgroup::
[2024-10-02T19:19:59.260+0500] {s3.py:1387} INFO - Downloading source S3 file from Bucket test-bucket-nicolas-1 with path dataset/X_train.pkl
[2024-10-02T19:19:59.273+0500] {base.py:84} INFO - Retrieving connection 'aws_default'
[2024-10-02T19:19:59.274+0500] {connection_wrapper.py:384} INFO - AWS Connection (conn_id='aws_default', conn_type='aws') credentials retrieved from login and password.
[2024-10-02T19:20:12.720+0500] {s3.py:1387} INFO - Downloading source S3 file from Bucket test-bucket-nicolas-1 with path dataset/X_test.pkl
[2024-10-02T19:20:13.380+0500] {s3.py:1387} INFO - Downloading source S3 file from Bucket test-bucket-nicolas-1 with path dataset/y_train.pkl
[2024-10-02T19:20:14.221+0500] {s3.py:1387} INFO - Downloading source S3 file from Bucket test-bucket-nicolas-1 with path dataset/y_test.pkl
[2024-10-02T19:20:14.637+0500] {train_models-checkpoint.py:112} INFO - Данные загружены
[2024-10-02T19:20:15.114+0500] {python.py:240} INFO - Done. Returned value was: {'model': 'hgb', 'start_timestamp': '20241002 19:19', 'data_download_start': '20241002 19:19', 'data_download_end': '20241002 19:19', 'data_shape': [20640, 9], 'train_start': '20241002 19:20', 'train_end': '20241002 19:20', 'R^2_score': 0.8337129804626084, 'rmse': 0.4668018887780102, 'mae': 0.20557620658608655}
[2024-10-02T19:20:15.152+0500] {taskinstance.py:340} INFO - ::group::Post task execution logs
[2024-10-02T19:20:15.153+0500] {taskinstance.py:352} INFO - Marking task as SUCCESS. dag_id=hgb_train, task_id=train_model, run_id=scheduled__2024-10-01T01:00:00+00:00, execution_date=20241001T010000, start_date=20241002T141959, end_date=20241002T142015
[2024-10-02T19:20:15.184+0500] {local_task_job_runner.py:261} INFO - Task exited with return code 0
[2024-10-02T19:20:15.210+0500] {taskinstance.py:3891} INFO - 1 downstream tasks scheduled from follow-on schedule check
[2024-10-02T19:20:15.213+0500] {local_task_job_runner.py:240} INFO - ::endgroup::
