[2024-08-21T22:01:18.165+0500] {local_task_job_runner.py:123} INFO - ::group::Pre task execution logs
[2024-08-21T22:01:18.182+0500] {taskinstance.py:2603} INFO - Dependencies all met for dep_context=non-requeueable deps ti=<TaskInstance: 3_models_dag_home_2.get_data manual__2024-08-21T17:01:13.367123+00:00 [queued]>
[2024-08-21T22:01:18.189+0500] {taskinstance.py:2603} INFO - Dependencies all met for dep_context=requeueable deps ti=<TaskInstance: 3_models_dag_home_2.get_data manual__2024-08-21T17:01:13.367123+00:00 [queued]>
[2024-08-21T22:01:18.189+0500] {taskinstance.py:2856} INFO - Starting attempt 1 of 1
[2024-08-21T22:01:18.203+0500] {taskinstance.py:2879} INFO - Executing <Task(PythonOperator): get_data> on 2024-08-21 17:01:13.367123+00:00
[2024-08-21T22:01:18.217+0500] {logging_mixin.py:190} WARNING - /home/nicolaspc/anaconda3/envs/mlops_env/lib/python3.12/site-packages/***/task/task_runner/standard_task_runner.py:70 DeprecationWarning: This process (pid=338591) is multi-threaded, use of fork() may lead to deadlocks in the child.
[2024-08-21T22:01:18.218+0500] {standard_task_runner.py:72} INFO - Started process 338657 to run task
[2024-08-21T22:01:18.217+0500] {standard_task_runner.py:104} INFO - Running: ['***', 'tasks', 'run', '3_models_dag_home_2', 'get_data', 'manual__2024-08-21T17:01:13.367123+00:00', '--job-id', '214', '--raw', '--subdir', 'DAGS_FOLDER/.ipynb_checkpoints/homework_stepik_2-checkpoint.py', '--cfg-path', '/tmp/tmp9efnk3q3']
[2024-08-21T22:01:18.220+0500] {standard_task_runner.py:105} INFO - Job 214: Subtask get_data
[2024-08-21T22:01:18.317+0500] {task_command.py:467} INFO - Running <TaskInstance: 3_models_dag_home_2.get_data manual__2024-08-21T17:01:13.367123+00:00 [running]> on host nicolaspc-HP-Pavilion-Laptop-15-eh1xxx
[2024-08-21T22:01:18.415+0500] {taskinstance.py:3122} INFO - Exporting env vars: AIRFLOW_CTX_DAG_OWNER='Nicolas Pal' AIRFLOW_CTX_DAG_ID='3_models_dag_home_2' AIRFLOW_CTX_TASK_ID='get_data' AIRFLOW_CTX_EXECUTION_DATE='2024-08-21T17:01:13.367123+00:00' AIRFLOW_CTX_TRY_NUMBER='1' AIRFLOW_CTX_DAG_RUN_ID='manual__2024-08-21T17:01:13.367123+00:00'
[2024-08-21T22:01:18.416+0500] {taskinstance.py:731} INFO - ::endgroup::
[2024-08-21T22:01:18.454+0500] {base.py:84} INFO - Retrieving connection 'pg_connection'
[2024-08-21T22:01:18.466+0500] {logging_mixin.py:190} WARNING - /home/nicolaspc/***/dags/.ipynb_checkpoints/homework_stepik_2-checkpoint.py:94 UserWarning: pandas only supports SQLAlchemy connectable (engine/connection) or database string URI or sqlite3 DBAPI2 connection. Other DBAPI2 objects are not tested. Please consider using SQLAlchemy.
[2024-08-21T22:01:18.572+0500] {base.py:84} INFO - Retrieving connection 'aws_default'
[2024-08-21T22:01:18.572+0500] {connection_wrapper.py:384} INFO - AWS Connection (conn_id='aws_default', conn_type='aws') credentials retrieved from login and password.
[2024-08-21T22:01:27.841+0500] {homework_stepik_2-checkpoint.py:105} INFO - Data download finished.
[2024-08-21T22:01:27.844+0500] {python.py:240} INFO - Done. Returned value was: {'start_tiemstamp': '20240821 22:01', 'data_download_start': '20240821 22:01', 'data_download_end': '20240821 22:01'}
[2024-08-21T22:01:27.881+0500] {taskinstance.py:340} INFO - ::group::Post task execution logs
[2024-08-21T22:01:27.881+0500] {taskinstance.py:352} INFO - Marking task as SUCCESS. dag_id=3_models_dag_home_2, task_id=get_data, run_id=manual__2024-08-21T17:01:13.367123+00:00, execution_date=20240821T170113, start_date=20240821T170118, end_date=20240821T170127
[2024-08-21T22:01:27.952+0500] {local_task_job_runner.py:261} INFO - Task exited with return code 0
[2024-08-21T22:01:27.978+0500] {taskinstance.py:3891} INFO - 1 downstream tasks scheduled from follow-on schedule check
[2024-08-21T22:01:27.981+0500] {local_task_job_runner.py:240} INFO - ::endgroup::
