[2024-08-19T08:45:06.097+0500] {local_task_job_runner.py:120} INFO - ::group::Pre task execution logs
[2024-08-19T08:45:06.113+0500] {taskinstance.py:2076} INFO - Dependencies all met for dep_context=non-requeueable deps ti=<TaskInstance: train.prepare_data scheduled__2024-08-18T01:00:00+00:00 [queued]>
[2024-08-19T08:45:06.120+0500] {taskinstance.py:2076} INFO - Dependencies all met for dep_context=requeueable deps ti=<TaskInstance: train.prepare_data scheduled__2024-08-18T01:00:00+00:00 [queued]>
[2024-08-19T08:45:06.121+0500] {taskinstance.py:2306} INFO - Starting attempt 1 of 1
[2024-08-19T08:45:06.134+0500] {taskinstance.py:2330} INFO - Executing <Task(PythonOperator): prepare_data> on 2024-08-18 01:00:00+00:00
[2024-08-19T08:45:06.148+0500] {logging_mixin.py:188} WARNING - /home/nicolaspc/anaconda3/envs/mlops_env/lib/python3.12/site-packages/airflow/task/task_runner/standard_task_runner.py:62 DeprecationWarning: This process (pid=37663) is multi-threaded, use of fork() may lead to deadlocks in the child.
[2024-08-19T08:45:06.147+0500] {standard_task_runner.py:90} INFO - Running: ['airflow', 'tasks', 'run', 'train', 'prepare_data', 'scheduled__2024-08-18T01:00:00+00:00', '--job-id', '270', '--raw', '--subdir', 'DAGS_FOLDER/train_dag.py', '--cfg-path', '/tmp/tmp3wiha0c0']
[2024-08-19T08:45:06.149+0500] {standard_task_runner.py:91} INFO - Job 270: Subtask prepare_data
[2024-08-19T08:45:06.149+0500] {standard_task_runner.py:64} INFO - Started process 37758 to run task
[2024-08-19T08:45:06.199+0500] {task_command.py:426} INFO - Running <TaskInstance: train.prepare_data scheduled__2024-08-18T01:00:00+00:00 [running]> on host nicolaspc-HP-Pavilion-Laptop-15-eh1xxx
[2024-08-19T08:45:06.291+0500] {taskinstance.py:2648} INFO - Exporting env vars: AIRFLOW_CTX_DAG_OWNER='Nicolas Pal' AIRFLOW_CTX_DAG_ID='train' AIRFLOW_CTX_TASK_ID='prepare_data' AIRFLOW_CTX_EXECUTION_DATE='2024-08-18T01:00:00+00:00' AIRFLOW_CTX_TRY_NUMBER='1' AIRFLOW_CTX_DAG_RUN_ID='scheduled__2024-08-18T01:00:00+00:00'
[2024-08-19T08:45:06.292+0500] {taskinstance.py:430} INFO - ::endgroup::
[2024-08-19T08:45:06.302+0500] {s3.py:1387} INFO - Downloading source S3 file from Bucket test-bucket-nicolas-1 with path datasets/california_housing.pkl
[2024-08-19T08:45:06.312+0500] {base.py:84} INFO - Using connection ID 'aws_default' for task execution.
[2024-08-19T08:45:06.313+0500] {connection_wrapper.py:384} INFO - AWS Connection (conn_id='aws_default', conn_type='aws') credentials retrieved from login and password.
[2024-08-19T08:45:12.927+0500] {train_dag.py:117} INFO - Data preparation finished.
[2024-08-19T08:45:12.929+0500] {python.py:237} INFO - Done. Returned value was: None
[2024-08-19T08:45:12.930+0500] {taskinstance.py:441} INFO - ::group::Post task execution logs
[2024-08-19T08:45:12.940+0500] {taskinstance.py:1206} INFO - Marking task as SUCCESS. dag_id=train, task_id=prepare_data, run_id=scheduled__2024-08-18T01:00:00+00:00, execution_date=20240818T010000, start_date=20240819T034506, end_date=20240819T034512
[2024-08-19T08:45:12.974+0500] {local_task_job_runner.py:243} INFO - Task exited with return code 0
[2024-08-19T08:45:12.999+0500] {taskinstance.py:3503} INFO - 1 downstream tasks scheduled from follow-on schedule check
[2024-08-19T08:45:13.002+0500] {local_task_job_runner.py:222} INFO - ::endgroup::
[2024-08-19T17:22:07.079+0500] {local_task_job_runner.py:123} INFO - ::group::Pre task execution logs
[2024-08-19T17:22:07.101+0500] {taskinstance.py:2603} INFO - Dependencies all met for dep_context=non-requeueable deps ti=<TaskInstance: train.prepare_data scheduled__2024-08-18T01:00:00+00:00 [queued]>
[2024-08-19T17:22:07.108+0500] {taskinstance.py:2603} INFO - Dependencies all met for dep_context=requeueable deps ti=<TaskInstance: train.prepare_data scheduled__2024-08-18T01:00:00+00:00 [queued]>
[2024-08-19T17:22:07.108+0500] {taskinstance.py:2856} INFO - Starting attempt 1 of 1
[2024-08-19T17:22:07.123+0500] {taskinstance.py:2879} INFO - Executing <Task(PythonOperator): prepare_data> on 2024-08-18 01:00:00+00:00
[2024-08-19T17:22:07.134+0500] {logging_mixin.py:190} WARNING - /home/nicolaspc/anaconda3/envs/mlops_env/lib/python3.12/site-packages/***/task/task_runner/standard_task_runner.py:70 DeprecationWarning: This process (pid=10278) is multi-threaded, use of fork() may lead to deadlocks in the child.
[2024-08-19T17:22:07.135+0500] {standard_task_runner.py:72} INFO - Started process 10301 to run task
[2024-08-19T17:22:07.135+0500] {standard_task_runner.py:104} INFO - Running: ['***', 'tasks', 'run', 'train', 'prepare_data', 'scheduled__2024-08-18T01:00:00+00:00', '--job-id', '26', '--raw', '--subdir', 'DAGS_FOLDER/.ipynb_checkpoints/train_dag-checkpoint.py', '--cfg-path', '/tmp/tmp4o_r73e_']
[2024-08-19T17:22:07.136+0500] {standard_task_runner.py:105} INFO - Job 26: Subtask prepare_data
[2024-08-19T17:22:07.192+0500] {task_command.py:467} INFO - Running <TaskInstance: train.prepare_data scheduled__2024-08-18T01:00:00+00:00 [running]> on host nicolaspc-HP-Pavilion-Laptop-15-eh1xxx
[2024-08-19T17:22:07.273+0500] {taskinstance.py:3122} INFO - Exporting env vars: AIRFLOW_CTX_DAG_OWNER='Nicolas Pal' AIRFLOW_CTX_DAG_ID='train' AIRFLOW_CTX_TASK_ID='prepare_data' AIRFLOW_CTX_EXECUTION_DATE='2024-08-18T01:00:00+00:00' AIRFLOW_CTX_TRY_NUMBER='1' AIRFLOW_CTX_DAG_RUN_ID='scheduled__2024-08-18T01:00:00+00:00'
[2024-08-19T17:22:07.274+0500] {taskinstance.py:731} INFO - ::endgroup::
[2024-08-19T17:22:07.282+0500] {s3.py:1387} INFO - Downloading source S3 file from Bucket test-bucket-nicolas-1 with path datasets/california_housing.pkl
[2024-08-19T17:22:07.298+0500] {base.py:84} INFO - Retrieving connection 'aws_default'
[2024-08-19T17:22:07.317+0500] {credentials.py:1147} INFO - Found credentials in environment variables.
[2024-08-19T17:22:09.087+0500] {credentials.py:1147} INFO - Found credentials in environment variables.
[2024-08-19T17:22:11.498+0500] {train_dag-checkpoint.py:117} INFO - Data preparation finished.
[2024-08-19T17:22:11.501+0500] {python.py:240} INFO - Done. Returned value was: None
[2024-08-19T17:22:11.513+0500] {taskinstance.py:340} INFO - ::group::Post task execution logs
[2024-08-19T17:22:11.513+0500] {taskinstance.py:352} INFO - Marking task as SUCCESS. dag_id=train, task_id=prepare_data, run_id=scheduled__2024-08-18T01:00:00+00:00, execution_date=20240818T010000, start_date=20240819T122207, end_date=20240819T122211
[2024-08-19T17:22:11.564+0500] {local_task_job_runner.py:261} INFO - Task exited with return code 0
[2024-08-19T17:22:11.589+0500] {taskinstance.py:3891} INFO - 1 downstream tasks scheduled from follow-on schedule check
[2024-08-19T17:22:11.593+0500] {local_task_job_runner.py:240} INFO - ::endgroup::
