[2024-09-19T08:08:31.993+0500] {local_task_job_runner.py:123} INFO - ::group::Pre task execution logs
[2024-09-19T08:08:32.014+0500] {taskinstance.py:2603} INFO - Dependencies all met for dep_context=non-requeueable deps ti=<TaskInstance: 3_models_dag_home_2.get_data scheduled__2024-09-18T01:00:00+00:00 [queued]>
[2024-09-19T08:08:32.022+0500] {taskinstance.py:2603} INFO - Dependencies all met for dep_context=requeueable deps ti=<TaskInstance: 3_models_dag_home_2.get_data scheduled__2024-09-18T01:00:00+00:00 [queued]>
[2024-09-19T08:08:32.022+0500] {taskinstance.py:2856} INFO - Starting attempt 1 of 1
[2024-09-19T08:08:32.034+0500] {taskinstance.py:2879} INFO - Executing <Task(PythonOperator): get_data> on 2024-09-18 01:00:00+00:00
[2024-09-19T08:08:32.047+0500] {logging_mixin.py:190} WARNING - /home/nicolaspc/anaconda3/envs/mlops_env/lib/python3.12/site-packages/***/task/task_runner/standard_task_runner.py:70 DeprecationWarning: This process (pid=6103) is multi-threaded, use of fork() may lead to deadlocks in the child.
[2024-09-19T08:08:32.048+0500] {standard_task_runner.py:72} INFO - Started process 6222 to run task
[2024-09-19T08:08:32.048+0500] {standard_task_runner.py:104} INFO - Running: ['***', 'tasks', 'run', '3_models_dag_home_2', 'get_data', 'scheduled__2024-09-18T01:00:00+00:00', '--job-id', '252', '--raw', '--subdir', 'DAGS_FOLDER/.ipynb_checkpoints/homework_stepik_2-checkpoint.py', '--cfg-path', '/tmp/tmpidtk3ptt']
[2024-09-19T08:08:32.053+0500] {standard_task_runner.py:105} INFO - Job 252: Subtask get_data
[2024-09-19T08:08:32.109+0500] {task_command.py:467} INFO - Running <TaskInstance: 3_models_dag_home_2.get_data scheduled__2024-09-18T01:00:00+00:00 [running]> on host nicolaspc-HP-Pavilion-Laptop-15-eh1xxx
[2024-09-19T08:08:32.188+0500] {taskinstance.py:3122} INFO - Exporting env vars: AIRFLOW_CTX_DAG_OWNER='Nicolas Pal' AIRFLOW_CTX_DAG_ID='3_models_dag_home_2' AIRFLOW_CTX_TASK_ID='get_data' AIRFLOW_CTX_EXECUTION_DATE='2024-09-18T01:00:00+00:00' AIRFLOW_CTX_TRY_NUMBER='1' AIRFLOW_CTX_DAG_RUN_ID='scheduled__2024-09-18T01:00:00+00:00'
[2024-09-19T08:08:32.189+0500] {taskinstance.py:731} INFO - ::endgroup::
[2024-09-19T08:08:32.389+0500] {base.py:84} INFO - Retrieving connection 'pg_connection'
[2024-09-19T08:08:32.401+0500] {logging_mixin.py:190} WARNING - /home/nicolaspc/***/dags/.ipynb_checkpoints/homework_stepik_2-checkpoint.py:91 UserWarning: pandas only supports SQLAlchemy connectable (engine/connection) or database string URI or sqlite3 DBAPI2 connection. Other DBAPI2 objects are not tested. Please consider using SQLAlchemy.
[2024-09-19T08:08:32.518+0500] {base.py:84} INFO - Retrieving connection 'aws_default'
[2024-09-19T08:08:32.519+0500] {connection_wrapper.py:384} INFO - AWS Connection (conn_id='aws_default', conn_type='aws') credentials retrieved from login and password.
[2024-09-19T08:08:34.019+0500] {homework_stepik_2-checkpoint.py:102} INFO - Data download finished.
[2024-09-19T08:08:34.021+0500] {python.py:240} INFO - Done. Returned value was: {'start_tiemstamp': '20240919 08:08', 'data_download_start': '20240919 08:08', 'data_download_end': '20240919 08:08'}
[2024-09-19T08:08:34.051+0500] {taskinstance.py:340} INFO - ::group::Post task execution logs
[2024-09-19T08:08:34.051+0500] {taskinstance.py:352} INFO - Marking task as SUCCESS. dag_id=3_models_dag_home_2, task_id=get_data, run_id=scheduled__2024-09-18T01:00:00+00:00, execution_date=20240918T010000, start_date=20240919T030832, end_date=20240919T030834
[2024-09-19T08:08:34.120+0500] {local_task_job_runner.py:261} INFO - Task exited with return code 0
[2024-09-19T08:08:34.148+0500] {taskinstance.py:3891} INFO - 1 downstream tasks scheduled from follow-on schedule check
[2024-09-19T08:08:34.151+0500] {local_task_job_runner.py:240} INFO - ::endgroup::
