[2024-08-21T12:08:07.329+0500] {local_task_job_runner.py:123} INFO - ::group::Pre task execution logs
[2024-08-21T12:08:07.351+0500] {taskinstance.py:2603} INFO - Dependencies all met for dep_context=non-requeueable deps ti=<TaskInstance: 3_models_dag.train_rf scheduled__2024-08-19T01:00:00+00:00 [queued]>
[2024-08-21T12:08:07.359+0500] {taskinstance.py:2603} INFO - Dependencies all met for dep_context=requeueable deps ti=<TaskInstance: 3_models_dag.train_rf scheduled__2024-08-19T01:00:00+00:00 [queued]>
[2024-08-21T12:08:07.359+0500] {taskinstance.py:2856} INFO - Starting attempt 1 of 1
[2024-08-21T12:08:07.379+0500] {taskinstance.py:2879} INFO - Executing <Task(PythonOperator): train_rf> on 2024-08-19 01:00:00+00:00
[2024-08-21T12:08:07.396+0500] {logging_mixin.py:190} WARNING - /home/nicolaspc/anaconda3/envs/mlops_env/lib/python3.12/site-packages/***/task/task_runner/standard_task_runner.py:70 DeprecationWarning: This process (pid=18991) is multi-threaded, use of fork() may lead to deadlocks in the child.
[2024-08-21T12:08:07.397+0500] {standard_task_runner.py:72} INFO - Started process 19160 to run task
[2024-08-21T12:08:07.395+0500] {standard_task_runner.py:104} INFO - Running: ['***', 'tasks', 'run', '3_models_dag', 'train_rf', 'scheduled__2024-08-19T01:00:00+00:00', '--job-id', '72', '--raw', '--subdir', 'DAGS_FOLDER/.ipynb_checkpoints/train_models-2-checkpoint.py', '--cfg-path', '/tmp/tmp22dlskix']
[2024-08-21T12:08:07.399+0500] {standard_task_runner.py:105} INFO - Job 72: Subtask train_rf
[2024-08-21T12:08:07.464+0500] {task_command.py:467} INFO - Running <TaskInstance: 3_models_dag.train_rf scheduled__2024-08-19T01:00:00+00:00 [running]> on host nicolaspc-HP-Pavilion-Laptop-15-eh1xxx
[2024-08-21T12:08:07.569+0500] {taskinstance.py:3122} INFO - Exporting env vars: AIRFLOW_CTX_DAG_OWNER='Nicolas Pal' AIRFLOW_CTX_DAG_ID='3_models_dag' AIRFLOW_CTX_TASK_ID='train_rf' AIRFLOW_CTX_EXECUTION_DATE='2024-08-19T01:00:00+00:00' AIRFLOW_CTX_TRY_NUMBER='1' AIRFLOW_CTX_DAG_RUN_ID='scheduled__2024-08-19T01:00:00+00:00'
[2024-08-21T12:08:07.570+0500] {taskinstance.py:731} INFO - ::endgroup::
[2024-08-21T12:08:07.598+0500] {s3.py:1387} INFO - Downloading source S3 file from Bucket test-bucket-nicolas-1 with path dataset/X_train.pkl
[2024-08-21T12:08:07.612+0500] {base.py:84} INFO - Retrieving connection 'aws_default'
[2024-08-21T12:08:07.633+0500] {credentials.py:1147} INFO - Found credentials in environment variables.
[2024-08-21T12:08:17.357+0500] {s3.py:1387} INFO - Downloading source S3 file from Bucket test-bucket-nicolas-1 with path dataset/X_test.pkl
[2024-08-21T12:08:18.115+0500] {s3.py:1387} INFO - Downloading source S3 file from Bucket test-bucket-nicolas-1 with path dataset/y_train.pkl
[2024-08-21T12:08:19.018+0500] {s3.py:1387} INFO - Downloading source S3 file from Bucket test-bucket-nicolas-1 with path dataset/y_test.pkl
[2024-08-21T12:08:19.557+0500] {train_models-2-checkpoint.py:107} INFO - Данные загружены
[2024-08-21T12:08:33.302+0500] {python.py:240} INFO - Done. Returned value was: {'start_tiemstamp': '20240821 12:07', 'data_download_start': '20240821 12:08', 'data_download_end': '20240821 12:08', 'rf_train_start': '20240821 12:08', 'rf_train_end': '20240821 12:08', 'rf_R^2_score': 0.808217262937913, 'rf_rmse': 0.5013120989142118, 'rf_mae': 0.19732734999999763}
[2024-08-21T12:08:33.343+0500] {taskinstance.py:340} INFO - ::group::Post task execution logs
[2024-08-21T12:08:33.344+0500] {taskinstance.py:352} INFO - Marking task as SUCCESS. dag_id=3_models_dag, task_id=train_rf, run_id=scheduled__2024-08-19T01:00:00+00:00, execution_date=20240819T010000, start_date=20240821T070807, end_date=20240821T070833
[2024-08-21T12:08:33.391+0500] {local_task_job_runner.py:261} INFO - Task exited with return code 0
[2024-08-21T12:08:33.416+0500] {taskinstance.py:3891} INFO - 1 downstream tasks scheduled from follow-on schedule check
[2024-08-21T12:08:33.419+0500] {local_task_job_runner.py:240} INFO - ::endgroup::
