[2024-10-08T18:58:44.762+0500] {local_task_job_runner.py:123} INFO - ::group::Pre task execution logs
[2024-10-08T18:58:44.781+0500] {taskinstance.py:2603} INFO - Dependencies all met for dep_context=non-requeueable deps ti=<TaskInstance: hgb_train.prepare_data manual__2024-10-08T13:58:28.824824+00:00 [queued]>
[2024-10-08T18:58:44.788+0500] {taskinstance.py:2603} INFO - Dependencies all met for dep_context=requeueable deps ti=<TaskInstance: hgb_train.prepare_data manual__2024-10-08T13:58:28.824824+00:00 [queued]>
[2024-10-08T18:58:44.788+0500] {taskinstance.py:2856} INFO - Starting attempt 1 of 1
[2024-10-08T18:58:44.808+0500] {taskinstance.py:2879} INFO - Executing <Task(PythonOperator): prepare_data> on 2024-10-08 13:58:28.824824+00:00
[2024-10-08T18:58:44.822+0500] {logging_mixin.py:190} WARNING - /home/nicolaspc/anaconda3/envs/mlops_env/lib/python3.12/site-packages/***/task/task_runner/standard_task_runner.py:70 DeprecationWarning: This process (pid=242197) is multi-threaded, use of fork() may lead to deadlocks in the child.
[2024-10-08T18:58:44.823+0500] {standard_task_runner.py:72} INFO - Started process 242243 to run task
[2024-10-08T18:58:44.822+0500] {standard_task_runner.py:104} INFO - Running: ['***', 'tasks', 'run', 'hgb_train', 'prepare_data', 'manual__2024-10-08T13:58:28.824824+00:00', '--job-id', '751', '--raw', '--subdir', 'DAGS_FOLDER/train_models.py', '--cfg-path', '/tmp/tmpw28wj7tp']
[2024-10-08T18:58:44.824+0500] {standard_task_runner.py:105} INFO - Job 751: Subtask prepare_data
[2024-10-08T18:58:44.877+0500] {task_command.py:467} INFO - Running <TaskInstance: hgb_train.prepare_data manual__2024-10-08T13:58:28.824824+00:00 [running]> on host nicolaspc-HP-Pavilion-Laptop-15-eh1xxx
[2024-10-08T18:58:44.962+0500] {taskinstance.py:3122} INFO - Exporting env vars: AIRFLOW_CTX_DAG_OWNER='Nicolas Pal' AIRFLOW_CTX_DAG_ID='hgb_train' AIRFLOW_CTX_TASK_ID='prepare_data' AIRFLOW_CTX_EXECUTION_DATE='2024-10-08T13:58:28.824824+00:00' AIRFLOW_CTX_TRY_NUMBER='1' AIRFLOW_CTX_DAG_RUN_ID='manual__2024-10-08T13:58:28.824824+00:00'
[2024-10-08T18:58:44.963+0500] {taskinstance.py:731} INFO - ::endgroup::
[2024-10-08T18:58:45.154+0500] {s3.py:1387} INFO - Downloading source S3 file from Bucket test-bucket-nicolas-1 with path NicolasPal/project1/hgb/datasets/california_housing.pkl
[2024-10-08T18:58:45.167+0500] {base.py:84} INFO - Retrieving connection 's3_connection'
[2024-10-08T18:58:45.168+0500] {connection_wrapper.py:384} INFO - AWS Connection (conn_id='s3_connection', conn_type='aws') credentials retrieved from login and password.
[2024-10-08T18:58:52.924+0500] {train_models.py:130} INFO - Данные для обработки из S3 загружены
[2024-10-08T18:58:52.945+0500] {base.py:84} INFO - Retrieving connection 's3_connection'
[2024-10-08T18:58:52.945+0500] {connection_wrapper.py:384} INFO - AWS Connection (conn_id='s3_connection', conn_type='aws') credentials retrieved from login and password.
[2024-10-08T18:58:55.751+0500] {train_models.py:158} INFO - Данные подготовлены и сохранены на S3
[2024-10-08T18:58:55.753+0500] {python.py:240} INFO - Done. Returned value was: {'model': 'hgb', 'start_timestamp': '20241008 18:58', 'experiment_id': '132', 'get_data_start': '20241008 18:58', 'get_data_end': '20241008 18:58', 'data_shape': [20640, 9], 'prepare_data_start': '20241008 18:58', 'prepare_data_end': '20241008 18:58', 'features_name': ['MedInc', 'HouseAge', 'AveRooms', 'AveBedrms', 'Population', 'AveOccup', 'Latitude', 'Longitude']}
[2024-10-08T18:58:55.792+0500] {taskinstance.py:340} INFO - ::group::Post task execution logs
[2024-10-08T18:58:55.792+0500] {taskinstance.py:352} INFO - Marking task as SUCCESS. dag_id=hgb_train, task_id=prepare_data, run_id=manual__2024-10-08T13:58:28.824824+00:00, execution_date=20241008T135828, start_date=20241008T135844, end_date=20241008T135855
[2024-10-08T18:58:55.848+0500] {local_task_job_runner.py:261} INFO - Task exited with return code 0
[2024-10-08T18:58:55.870+0500] {taskinstance.py:3891} INFO - 1 downstream tasks scheduled from follow-on schedule check
[2024-10-08T18:58:55.873+0500] {local_task_job_runner.py:240} INFO - ::endgroup::
