[2024-08-21T12:08:07.333+0500] {local_task_job_runner.py:123} INFO - ::group::Pre task execution logs
[2024-08-21T12:08:07.354+0500] {taskinstance.py:2603} INFO - Dependencies all met for dep_context=non-requeueable deps ti=<TaskInstance: 3_models_dag.train_hgb scheduled__2024-08-20T01:00:00+00:00 [queued]>
[2024-08-21T12:08:07.364+0500] {taskinstance.py:2603} INFO - Dependencies all met for dep_context=requeueable deps ti=<TaskInstance: 3_models_dag.train_hgb scheduled__2024-08-20T01:00:00+00:00 [queued]>
[2024-08-21T12:08:07.365+0500] {taskinstance.py:2856} INFO - Starting attempt 1 of 1
[2024-08-21T12:08:07.383+0500] {taskinstance.py:2879} INFO - Executing <Task(PythonOperator): train_hgb> on 2024-08-20 01:00:00+00:00
[2024-08-21T12:08:07.402+0500] {logging_mixin.py:190} WARNING - /home/nicolaspc/anaconda3/envs/mlops_env/lib/python3.12/site-packages/***/task/task_runner/standard_task_runner.py:70 DeprecationWarning: This process (pid=18992) is multi-threaded, use of fork() may lead to deadlocks in the child.
[2024-08-21T12:08:07.401+0500] {standard_task_runner.py:104} INFO - Running: ['***', 'tasks', 'run', '3_models_dag', 'train_hgb', 'scheduled__2024-08-20T01:00:00+00:00', '--job-id', '73', '--raw', '--subdir', 'DAGS_FOLDER/.ipynb_checkpoints/train_models-2-checkpoint.py', '--cfg-path', '/tmp/tmpvybbm9xj']
[2024-08-21T12:08:07.403+0500] {standard_task_runner.py:105} INFO - Job 73: Subtask train_hgb
[2024-08-21T12:08:07.403+0500] {standard_task_runner.py:72} INFO - Started process 19163 to run task
[2024-08-21T12:08:07.471+0500] {task_command.py:467} INFO - Running <TaskInstance: 3_models_dag.train_hgb scheduled__2024-08-20T01:00:00+00:00 [running]> on host nicolaspc-HP-Pavilion-Laptop-15-eh1xxx
[2024-08-21T12:08:07.576+0500] {taskinstance.py:3122} INFO - Exporting env vars: AIRFLOW_CTX_DAG_OWNER='Nicolas Pal' AIRFLOW_CTX_DAG_ID='3_models_dag' AIRFLOW_CTX_TASK_ID='train_hgb' AIRFLOW_CTX_EXECUTION_DATE='2024-08-20T01:00:00+00:00' AIRFLOW_CTX_TRY_NUMBER='1' AIRFLOW_CTX_DAG_RUN_ID='scheduled__2024-08-20T01:00:00+00:00'
[2024-08-21T12:08:07.577+0500] {taskinstance.py:731} INFO - ::endgroup::
[2024-08-21T12:08:07.606+0500] {s3.py:1387} INFO - Downloading source S3 file from Bucket test-bucket-nicolas-1 with path dataset/X_train.pkl
[2024-08-21T12:08:07.621+0500] {base.py:84} INFO - Retrieving connection 'aws_default'
[2024-08-21T12:08:07.652+0500] {credentials.py:1147} INFO - Found credentials in environment variables.
[2024-08-21T12:08:15.748+0500] {s3.py:1387} INFO - Downloading source S3 file from Bucket test-bucket-nicolas-1 with path dataset/X_test.pkl
[2024-08-21T12:08:16.768+0500] {s3.py:1387} INFO - Downloading source S3 file from Bucket test-bucket-nicolas-1 with path dataset/y_train.pkl
[2024-08-21T12:08:17.989+0500] {s3.py:1387} INFO - Downloading source S3 file from Bucket test-bucket-nicolas-1 with path dataset/y_test.pkl
[2024-08-21T12:08:18.519+0500] {train_models-2-checkpoint.py:107} INFO - Данные загружены
[2024-08-21T12:08:18.996+0500] {python.py:240} INFO - Done. Returned value was: {'start_tiemstamp': '20240821 12:07', 'data_download_start': '20240821 12:08', 'data_download_end': '20240821 12:08', 'hgb_train_start': '20240821 12:08', 'hgb_train_end': '20240821 12:08', 'hgb_R^2_score': 0.8323123473974829, 'hgb_rmse': 0.4687636990110041, 'hgb_mae': 0.202154190362408}
[2024-08-21T12:08:19.034+0500] {taskinstance.py:340} INFO - ::group::Post task execution logs
[2024-08-21T12:08:19.035+0500] {taskinstance.py:352} INFO - Marking task as SUCCESS. dag_id=3_models_dag, task_id=train_hgb, run_id=scheduled__2024-08-20T01:00:00+00:00, execution_date=20240820T010000, start_date=20240821T070807, end_date=20240821T070819
[2024-08-21T12:08:19.083+0500] {local_task_job_runner.py:261} INFO - Task exited with return code 0
[2024-08-21T12:08:19.105+0500] {taskinstance.py:3891} INFO - 0 downstream tasks scheduled from follow-on schedule check
[2024-08-21T12:08:19.108+0500] {local_task_job_runner.py:240} INFO - ::endgroup::
