[2024-08-21T12:54:02.758+0500] {local_task_job_runner.py:123} INFO - ::group::Pre task execution logs
[2024-08-21T12:54:02.777+0500] {taskinstance.py:2603} INFO - Dependencies all met for dep_context=non-requeueable deps ti=<TaskInstance: 3_models_dag.train_lr manual__2024-08-21T07:53:46.188493+00:00 [queued]>
[2024-08-21T12:54:02.787+0500] {taskinstance.py:2603} INFO - Dependencies all met for dep_context=requeueable deps ti=<TaskInstance: 3_models_dag.train_lr manual__2024-08-21T07:53:46.188493+00:00 [queued]>
[2024-08-21T12:54:02.787+0500] {taskinstance.py:2856} INFO - Starting attempt 1 of 1
[2024-08-21T12:54:02.803+0500] {taskinstance.py:2879} INFO - Executing <Task(PythonOperator): train_lr> on 2024-08-21 07:53:46.188493+00:00
[2024-08-21T12:54:02.821+0500] {logging_mixin.py:190} WARNING - /home/nicolaspc/anaconda3/envs/mlops_env/lib/python3.12/site-packages/***/task/task_runner/standard_task_runner.py:70 DeprecationWarning: This process (pid=7819) is multi-threaded, use of fork() may lead to deadlocks in the child.
[2024-08-21T12:54:02.820+0500] {standard_task_runner.py:104} INFO - Running: ['***', 'tasks', 'run', '3_models_dag', 'train_lr', 'manual__2024-08-21T07:53:46.188493+00:00', '--job-id', '93', '--raw', '--subdir', 'DAGS_FOLDER/.ipynb_checkpoints/homework_stepik-checkpoint.py', '--cfg-path', '/tmp/tmplqg7_wcl']
[2024-08-21T12:54:02.822+0500] {standard_task_runner.py:105} INFO - Job 93: Subtask train_lr
[2024-08-21T12:54:02.822+0500] {standard_task_runner.py:72} INFO - Started process 7931 to run task
[2024-08-21T12:54:02.882+0500] {task_command.py:467} INFO - Running <TaskInstance: 3_models_dag.train_lr manual__2024-08-21T07:53:46.188493+00:00 [running]> on host nicolaspc-HP-Pavilion-Laptop-15-eh1xxx
[2024-08-21T12:54:02.976+0500] {taskinstance.py:3122} INFO - Exporting env vars: AIRFLOW_CTX_DAG_OWNER='Nicolas Pal' AIRFLOW_CTX_DAG_ID='3_models_dag' AIRFLOW_CTX_TASK_ID='train_lr' AIRFLOW_CTX_EXECUTION_DATE='2024-08-21T07:53:46.188493+00:00' AIRFLOW_CTX_TRY_NUMBER='1' AIRFLOW_CTX_DAG_RUN_ID='manual__2024-08-21T07:53:46.188493+00:00'
[2024-08-21T12:54:02.977+0500] {taskinstance.py:731} INFO - ::endgroup::
[2024-08-21T12:54:03.004+0500] {s3.py:1387} INFO - Downloading source S3 file from Bucket test-bucket-nicolas-1 with path dataset/X_train.pkl
[2024-08-21T12:54:03.020+0500] {base.py:84} INFO - Retrieving connection 'aws_default'
[2024-08-21T12:54:03.020+0500] {connection_wrapper.py:384} INFO - AWS Connection (conn_id='aws_default', conn_type='aws') credentials retrieved from login and password.
[2024-08-21T12:54:04.608+0500] {s3.py:1387} INFO - Downloading source S3 file from Bucket test-bucket-nicolas-1 with path dataset/X_test.pkl
[2024-08-21T12:54:05.074+0500] {s3.py:1387} INFO - Downloading source S3 file from Bucket test-bucket-nicolas-1 with path dataset/y_train.pkl
[2024-08-21T12:54:05.536+0500] {s3.py:1387} INFO - Downloading source S3 file from Bucket test-bucket-nicolas-1 with path dataset/y_test.pkl
[2024-08-21T12:54:05.997+0500] {homework_stepik-checkpoint.py:140} INFO - Данные загружены
[2024-08-21T12:54:06.024+0500] {python.py:240} INFO - Done. Returned value was: {'start_tiemstamp': '20240821 12:53', 'data_download_start': '20240821 12:53', 'data_download_end': '20240821 12:53', 'data_preparation_end': '20240821 12:54', 'lr_train_start': '20240821 12:54', 'lr_train_end': '20240821 12:54', 'lr_R^2_score': 0.575787706032451, 'lr_rmse': 0.7455813830127763, 'lr_mae': 0.4102330008496219}
[2024-08-21T12:54:06.099+0500] {taskinstance.py:340} INFO - ::group::Post task execution logs
[2024-08-21T12:54:06.099+0500] {taskinstance.py:352} INFO - Marking task as SUCCESS. dag_id=3_models_dag, task_id=train_lr, run_id=manual__2024-08-21T07:53:46.188493+00:00, execution_date=20240821T075346, start_date=20240821T075402, end_date=20240821T075406
[2024-08-21T12:54:06.166+0500] {local_task_job_runner.py:261} INFO - Task exited with return code 0
[2024-08-21T12:54:06.195+0500] {taskinstance.py:3891} INFO - 0 downstream tasks scheduled from follow-on schedule check
[2024-08-21T12:54:06.200+0500] {local_task_job_runner.py:240} INFO - ::endgroup::
