[2024-08-21T13:25:56.465+0500] {local_task_job_runner.py:123} INFO - ::group::Pre task execution logs
[2024-08-21T13:25:56.500+0500] {taskinstance.py:2603} INFO - Dependencies all met for dep_context=non-requeueable deps ti=<TaskInstance: 3_models_dag.train_rf manual__2024-08-21T08:25:39.245307+00:00 [queued]>
[2024-08-21T13:25:56.512+0500] {taskinstance.py:2603} INFO - Dependencies all met for dep_context=requeueable deps ti=<TaskInstance: 3_models_dag.train_rf manual__2024-08-21T08:25:39.245307+00:00 [queued]>
[2024-08-21T13:25:56.513+0500] {taskinstance.py:2856} INFO - Starting attempt 1 of 1
[2024-08-21T13:25:56.533+0500] {taskinstance.py:2879} INFO - Executing <Task(PythonOperator): train_rf> on 2024-08-21 08:25:39.245307+00:00
[2024-08-21T13:25:56.550+0500] {logging_mixin.py:190} WARNING - /home/nicolaspc/anaconda3/envs/mlops_env/lib/python3.12/site-packages/***/task/task_runner/standard_task_runner.py:70 DeprecationWarning: This process (pid=10417) is multi-threaded, use of fork() may lead to deadlocks in the child.
[2024-08-21T13:25:56.551+0500] {standard_task_runner.py:72} INFO - Started process 10506 to run task
[2024-08-21T13:25:56.550+0500] {standard_task_runner.py:104} INFO - Running: ['***', 'tasks', 'run', '3_models_dag', 'train_rf', 'manual__2024-08-21T08:25:39.245307+00:00', '--job-id', '106', '--raw', '--subdir', 'DAGS_FOLDER/.ipynb_checkpoints/train_models-2-checkpoint.py', '--cfg-path', '/tmp/tmpt1yof4au']
[2024-08-21T13:25:56.552+0500] {standard_task_runner.py:105} INFO - Job 106: Subtask train_rf
[2024-08-21T13:25:56.644+0500] {task_command.py:467} INFO - Running <TaskInstance: 3_models_dag.train_rf manual__2024-08-21T08:25:39.245307+00:00 [running]> on host nicolaspc-HP-Pavilion-Laptop-15-eh1xxx
[2024-08-21T13:25:56.803+0500] {taskinstance.py:3122} INFO - Exporting env vars: AIRFLOW_CTX_DAG_OWNER='Nicolas Pal' AIRFLOW_CTX_DAG_ID='3_models_dag' AIRFLOW_CTX_TASK_ID='train_rf' AIRFLOW_CTX_EXECUTION_DATE='2024-08-21T08:25:39.245307+00:00' AIRFLOW_CTX_TRY_NUMBER='1' AIRFLOW_CTX_DAG_RUN_ID='manual__2024-08-21T08:25:39.245307+00:00'
[2024-08-21T13:25:56.804+0500] {taskinstance.py:731} INFO - ::endgroup::
[2024-08-21T13:25:56.846+0500] {s3.py:1387} INFO - Downloading source S3 file from Bucket test-bucket-nicolas-1 with path dataset/X_train.pkl
[2024-08-21T13:25:56.881+0500] {base.py:84} INFO - Retrieving connection 'aws_default'
[2024-08-21T13:25:56.881+0500] {connection_wrapper.py:384} INFO - AWS Connection (conn_id='aws_default', conn_type='aws') credentials retrieved from login and password.
[2024-08-21T13:25:58.584+0500] {s3.py:1387} INFO - Downloading source S3 file from Bucket test-bucket-nicolas-1 with path dataset/X_test.pkl
[2024-08-21T13:25:59.063+0500] {s3.py:1387} INFO - Downloading source S3 file from Bucket test-bucket-nicolas-1 with path dataset/y_train.pkl
[2024-08-21T13:25:59.542+0500] {s3.py:1387} INFO - Downloading source S3 file from Bucket test-bucket-nicolas-1 with path dataset/y_test.pkl
[2024-08-21T13:26:00.001+0500] {train_models-2-checkpoint.py:140} INFO - Данные загружены
[2024-08-21T13:26:13.039+0500] {python.py:240} INFO - Done. Returned value was: {'start_tiemstamp': '20240821 13:25', 'data_download_start': '20240821 13:25', 'data_download_end': '20240821 13:25', 'data_preparation_end': '20240821 13:25', 'rf_train_start': '20240821 13:26', 'rf_train_end': '20240821 13:26', 'rf_R^2_score': 0.8073574988151856, 'rf_rmse': 0.502434536176967, 'rf_mae': 0.19928519999999983}
[2024-08-21T13:26:13.080+0500] {taskinstance.py:340} INFO - ::group::Post task execution logs
[2024-08-21T13:26:13.080+0500] {taskinstance.py:352} INFO - Marking task as SUCCESS. dag_id=3_models_dag, task_id=train_rf, run_id=manual__2024-08-21T08:25:39.245307+00:00, execution_date=20240821T082539, start_date=20240821T082556, end_date=20240821T082613
[2024-08-21T13:26:13.157+0500] {local_task_job_runner.py:261} INFO - Task exited with return code 0
[2024-08-21T13:26:13.176+0500] {taskinstance.py:3891} INFO - 1 downstream tasks scheduled from follow-on schedule check
[2024-08-21T13:26:13.179+0500] {local_task_job_runner.py:240} INFO - ::endgroup::
