[2024-08-12T13:20:07.341+0500] {local_task_job_runner.py:120} INFO - ::group::Pre task execution logs
[2024-08-12T13:20:07.359+0500] {taskinstance.py:2076} INFO - Dependencies all met for dep_context=non-requeueable deps ti=<TaskInstance: lr_train.train_model scheduled__2024-08-11T01:00:00+00:00 [queued]>
[2024-08-12T13:20:07.368+0500] {taskinstance.py:2076} INFO - Dependencies all met for dep_context=requeueable deps ti=<TaskInstance: lr_train.train_model scheduled__2024-08-11T01:00:00+00:00 [queued]>
[2024-08-12T13:20:07.368+0500] {taskinstance.py:2306} INFO - Starting attempt 1 of 1
[2024-08-12T13:20:07.383+0500] {taskinstance.py:2330} INFO - Executing <Task(PythonOperator): train_model> on 2024-08-11 01:00:00+00:00
[2024-08-12T13:20:07.395+0500] {standard_task_runner.py:90} INFO - Running: ['airflow', 'tasks', 'run', 'lr_train', 'train_model', 'scheduled__2024-08-11T01:00:00+00:00', '--job-id', '249', '--raw', '--subdir', 'DAGS_FOLDER/train_models.py', '--cfg-path', '/tmp/tmpa7bj5g3c']
[2024-08-12T13:20:07.397+0500] {standard_task_runner.py:91} INFO - Job 249: Subtask train_model
[2024-08-12T13:20:07.397+0500] {logging_mixin.py:188} WARNING - /home/nicolaspc/anaconda3/envs/mlops_env/lib/python3.12/site-packages/airflow/task/task_runner/standard_task_runner.py:62 DeprecationWarning: This process (pid=14775) is multi-threaded, use of fork() may lead to deadlocks in the child.
[2024-08-12T13:20:07.398+0500] {standard_task_runner.py:64} INFO - Started process 14871 to run task
[2024-08-12T13:20:07.453+0500] {task_command.py:426} INFO - Running <TaskInstance: lr_train.train_model scheduled__2024-08-11T01:00:00+00:00 [running]> on host nicolaspc-HP-Pavilion-Laptop-15-eh1xxx
[2024-08-12T13:20:07.549+0500] {taskinstance.py:2648} INFO - Exporting env vars: AIRFLOW_CTX_DAG_OWNER='Nicolas Pal' AIRFLOW_CTX_DAG_ID='lr_train' AIRFLOW_CTX_TASK_ID='train_model' AIRFLOW_CTX_EXECUTION_DATE='2024-08-11T01:00:00+00:00' AIRFLOW_CTX_TRY_NUMBER='1' AIRFLOW_CTX_DAG_RUN_ID='scheduled__2024-08-11T01:00:00+00:00'
[2024-08-12T13:20:07.550+0500] {taskinstance.py:430} INFO - ::endgroup::
[2024-08-12T13:20:07.587+0500] {s3.py:1387} INFO - Downloading source S3 file from Bucket test-bucket-nicolas-1 with path dataset/X_train.pkl
[2024-08-12T13:20:07.610+0500] {base.py:84} INFO - Using connection ID 'aws_default' for task execution.
[2024-08-12T13:20:07.610+0500] {connection_wrapper.py:384} INFO - AWS Connection (conn_id='aws_default', conn_type='aws') credentials retrieved from login and password.
[2024-08-12T13:20:12.480+0500] {s3.py:1387} INFO - Downloading source S3 file from Bucket test-bucket-nicolas-1 with path dataset/X_test.pkl
[2024-08-12T13:20:13.279+0500] {s3.py:1387} INFO - Downloading source S3 file from Bucket test-bucket-nicolas-1 with path dataset/y_train.pkl
[2024-08-12T13:20:14.185+0500] {s3.py:1387} INFO - Downloading source S3 file from Bucket test-bucket-nicolas-1 with path dataset/y_test.pkl
[2024-08-12T13:20:14.742+0500] {train_models.py:112} INFO - Данные загружены
[2024-08-12T13:20:14.758+0500] {python.py:237} INFO - Done. Returned value was: {'model': 'lr', 'start_tiemstamp': '20240812 13:20', 'train_start': '20240812 13:20', 'train_end': '20240812 13:20', 'R^2_score': 0.575787706032451, 'rmse': 0.7455813830127763, 'mae': 0.4102330008496219}
[2024-08-12T13:20:14.759+0500] {taskinstance.py:441} INFO - ::group::Post task execution logs
[2024-08-12T13:20:14.804+0500] {taskinstance.py:1206} INFO - Marking task as SUCCESS. dag_id=lr_train, task_id=train_model, run_id=scheduled__2024-08-11T01:00:00+00:00, execution_date=20240811T010000, start_date=20240812T082007, end_date=20240812T082014
[2024-08-12T13:20:14.858+0500] {local_task_job_runner.py:243} INFO - Task exited with return code 0
[2024-08-12T13:20:14.883+0500] {taskinstance.py:3503} INFO - 1 downstream tasks scheduled from follow-on schedule check
[2024-08-12T13:20:14.886+0500] {local_task_job_runner.py:222} INFO - ::endgroup::
