[2024-08-19T08:45:03.645+0500] {local_task_job_runner.py:120} INFO - ::group::Pre task execution logs
[2024-08-19T08:45:03.665+0500] {taskinstance.py:2076} INFO - Dependencies all met for dep_context=non-requeueable deps ti=<TaskInstance: train.get_data scheduled__2024-08-18T01:00:00+00:00 [queued]>
[2024-08-19T08:45:03.672+0500] {taskinstance.py:2076} INFO - Dependencies all met for dep_context=requeueable deps ti=<TaskInstance: train.get_data scheduled__2024-08-18T01:00:00+00:00 [queued]>
[2024-08-19T08:45:03.672+0500] {taskinstance.py:2306} INFO - Starting attempt 1 of 1
[2024-08-19T08:45:03.687+0500] {taskinstance.py:2330} INFO - Executing <Task(PythonOperator): get_data> on 2024-08-18 01:00:00+00:00
[2024-08-19T08:45:03.701+0500] {logging_mixin.py:188} WARNING - /home/nicolaspc/anaconda3/envs/mlops_env/lib/python3.12/site-packages/airflow/task/task_runner/standard_task_runner.py:62 DeprecationWarning: This process (pid=37516) is multi-threaded, use of fork() may lead to deadlocks in the child.
[2024-08-19T08:45:03.700+0500] {standard_task_runner.py:90} INFO - Running: ['airflow', 'tasks', 'run', 'train', 'get_data', 'scheduled__2024-08-18T01:00:00+00:00', '--job-id', '268', '--raw', '--subdir', 'DAGS_FOLDER/train_dag.py', '--cfg-path', '/tmp/tmpr95x3yeh']
[2024-08-19T08:45:03.702+0500] {standard_task_runner.py:64} INFO - Started process 37615 to run task
[2024-08-19T08:45:03.702+0500] {standard_task_runner.py:91} INFO - Job 268: Subtask get_data
[2024-08-19T08:45:03.761+0500] {task_command.py:426} INFO - Running <TaskInstance: train.get_data scheduled__2024-08-18T01:00:00+00:00 [running]> on host nicolaspc-HP-Pavilion-Laptop-15-eh1xxx
[2024-08-19T08:45:03.857+0500] {taskinstance.py:2648} INFO - Exporting env vars: AIRFLOW_CTX_DAG_OWNER='Nicolas Pal' AIRFLOW_CTX_DAG_ID='train' AIRFLOW_CTX_TASK_ID='get_data' AIRFLOW_CTX_EXECUTION_DATE='2024-08-18T01:00:00+00:00' AIRFLOW_CTX_TRY_NUMBER='1' AIRFLOW_CTX_DAG_RUN_ID='scheduled__2024-08-18T01:00:00+00:00'
[2024-08-19T08:45:03.857+0500] {taskinstance.py:430} INFO - ::endgroup::
[2024-08-19T08:45:03.867+0500] {train_dag.py:51} INFO - Train pipeline started.
[2024-08-19T08:45:03.867+0500] {python.py:237} INFO - Done. Returned value was: None
[2024-08-19T08:45:03.868+0500] {taskinstance.py:441} INFO - ::group::Post task execution logs
[2024-08-19T08:45:03.879+0500] {taskinstance.py:1206} INFO - Marking task as SUCCESS. dag_id=train, task_id=get_data, run_id=scheduled__2024-08-18T01:00:00+00:00, execution_date=20240818T010000, start_date=20240819T034503, end_date=20240819T034503
[2024-08-19T08:45:03.916+0500] {local_task_job_runner.py:243} INFO - Task exited with return code 0
[2024-08-19T08:45:03.941+0500] {taskinstance.py:3503} INFO - 1 downstream tasks scheduled from follow-on schedule check
[2024-08-19T08:45:03.943+0500] {local_task_job_runner.py:222} INFO - ::endgroup::
[2024-08-19T17:22:04.919+0500] {local_task_job_runner.py:123} INFO - ::group::Pre task execution logs
[2024-08-19T17:22:04.936+0500] {taskinstance.py:2603} INFO - Dependencies all met for dep_context=non-requeueable deps ti=<TaskInstance: train.get_data scheduled__2024-08-18T01:00:00+00:00 [queued]>
[2024-08-19T17:22:04.942+0500] {taskinstance.py:2603} INFO - Dependencies all met for dep_context=requeueable deps ti=<TaskInstance: train.get_data scheduled__2024-08-18T01:00:00+00:00 [queued]>
[2024-08-19T17:22:04.943+0500] {taskinstance.py:2856} INFO - Starting attempt 1 of 1
[2024-08-19T17:22:04.953+0500] {taskinstance.py:2879} INFO - Executing <Task(PythonOperator): get_data> on 2024-08-18 01:00:00+00:00
[2024-08-19T17:22:04.966+0500] {logging_mixin.py:190} WARNING - /home/nicolaspc/anaconda3/envs/mlops_env/lib/python3.12/site-packages/***/task/task_runner/standard_task_runner.py:70 DeprecationWarning: This process (pid=10228) is multi-threaded, use of fork() may lead to deadlocks in the child.
[2024-08-19T17:22:04.967+0500] {standard_task_runner.py:72} INFO - Started process 10265 to run task
[2024-08-19T17:22:04.966+0500] {standard_task_runner.py:104} INFO - Running: ['***', 'tasks', 'run', 'train', 'get_data', 'scheduled__2024-08-18T01:00:00+00:00', '--job-id', '25', '--raw', '--subdir', 'DAGS_FOLDER/.ipynb_checkpoints/train_dag-checkpoint.py', '--cfg-path', '/tmp/tmp7zng6qhh']
[2024-08-19T17:22:04.967+0500] {standard_task_runner.py:105} INFO - Job 25: Subtask get_data
[2024-08-19T17:22:05.019+0500] {task_command.py:467} INFO - Running <TaskInstance: train.get_data scheduled__2024-08-18T01:00:00+00:00 [running]> on host nicolaspc-HP-Pavilion-Laptop-15-eh1xxx
[2024-08-19T17:22:05.097+0500] {taskinstance.py:3122} INFO - Exporting env vars: AIRFLOW_CTX_DAG_OWNER='Nicolas Pal' AIRFLOW_CTX_DAG_ID='train' AIRFLOW_CTX_TASK_ID='get_data' AIRFLOW_CTX_EXECUTION_DATE='2024-08-18T01:00:00+00:00' AIRFLOW_CTX_TRY_NUMBER='1' AIRFLOW_CTX_DAG_RUN_ID='scheduled__2024-08-18T01:00:00+00:00'
[2024-08-19T17:22:05.098+0500] {taskinstance.py:731} INFO - ::endgroup::
[2024-08-19T17:22:05.107+0500] {train_dag-checkpoint.py:51} INFO - Train pipeline started.
[2024-08-19T17:22:05.107+0500] {python.py:240} INFO - Done. Returned value was: None
[2024-08-19T17:22:05.119+0500] {taskinstance.py:340} INFO - ::group::Post task execution logs
[2024-08-19T17:22:05.120+0500] {taskinstance.py:352} INFO - Marking task as SUCCESS. dag_id=train, task_id=get_data, run_id=scheduled__2024-08-18T01:00:00+00:00, execution_date=20240818T010000, start_date=20240819T122204, end_date=20240819T122205
[2024-08-19T17:22:05.181+0500] {local_task_job_runner.py:261} INFO - Task exited with return code 0
[2024-08-19T17:22:05.206+0500] {taskinstance.py:3891} INFO - 1 downstream tasks scheduled from follow-on schedule check
[2024-08-19T17:22:05.209+0500] {local_task_job_runner.py:240} INFO - ::endgroup::
