[2024-08-19T17:21:58.974+0500] {local_task_job_runner.py:123} INFO - ::group::Pre task execution logs
[2024-08-19T17:21:58.991+0500] {taskinstance.py:2603} INFO - Dependencies all met for dep_context=non-requeueable deps ti=<TaskInstance: train.init manual__2024-08-19T12:21:57.618782+00:00 [queued]>
[2024-08-19T17:21:58.998+0500] {taskinstance.py:2603} INFO - Dependencies all met for dep_context=requeueable deps ti=<TaskInstance: train.init manual__2024-08-19T12:21:57.618782+00:00 [queued]>
[2024-08-19T17:21:58.998+0500] {taskinstance.py:2856} INFO - Starting attempt 1 of 1
[2024-08-19T17:21:59.009+0500] {taskinstance.py:2879} INFO - Executing <Task(PythonOperator): init> on 2024-08-19 12:21:57.618782+00:00
[2024-08-19T17:21:59.020+0500] {logging_mixin.py:190} WARNING - /home/nicolaspc/anaconda3/envs/mlops_env/lib/python3.12/site-packages/***/task/task_runner/standard_task_runner.py:70 DeprecationWarning: This process (pid=10132) is multi-threaded, use of fork() may lead to deadlocks in the child.
[2024-08-19T17:21:59.021+0500] {standard_task_runner.py:72} INFO - Started process 10155 to run task
[2024-08-19T17:21:59.020+0500] {standard_task_runner.py:104} INFO - Running: ['***', 'tasks', 'run', 'train', 'init', 'manual__2024-08-19T12:21:57.618782+00:00', '--job-id', '22', '--raw', '--subdir', 'DAGS_FOLDER/.ipynb_checkpoints/train_dag-checkpoint.py', '--cfg-path', '/tmp/tmpqjsofg5s']
[2024-08-19T17:21:59.022+0500] {standard_task_runner.py:105} INFO - Job 22: Subtask init
[2024-08-19T17:21:59.071+0500] {task_command.py:467} INFO - Running <TaskInstance: train.init manual__2024-08-19T12:21:57.618782+00:00 [running]> on host nicolaspc-HP-Pavilion-Laptop-15-eh1xxx
[2024-08-19T17:21:59.147+0500] {taskinstance.py:3122} INFO - Exporting env vars: AIRFLOW_CTX_DAG_OWNER='Nicolas Pal' AIRFLOW_CTX_DAG_ID='train' AIRFLOW_CTX_TASK_ID='init' AIRFLOW_CTX_EXECUTION_DATE='2024-08-19T12:21:57.618782+00:00' AIRFLOW_CTX_TRY_NUMBER='1' AIRFLOW_CTX_DAG_RUN_ID='manual__2024-08-19T12:21:57.618782+00:00'
[2024-08-19T17:21:59.148+0500] {taskinstance.py:731} INFO - ::endgroup::
[2024-08-19T17:21:59.176+0500] {base.py:84} INFO - Retrieving connection 'aws_default'
[2024-08-19T17:21:59.194+0500] {credentials.py:1147} INFO - Found credentials in environment variables.
[2024-08-19T17:22:00.769+0500] {train_dag-checkpoint.py:84} INFO - Data download finished.
[2024-08-19T17:22:00.771+0500] {python.py:240} INFO - Done. Returned value was: None
[2024-08-19T17:22:00.782+0500] {taskinstance.py:340} INFO - ::group::Post task execution logs
[2024-08-19T17:22:00.783+0500] {taskinstance.py:352} INFO - Marking task as SUCCESS. dag_id=train, task_id=init, run_id=manual__2024-08-19T12:21:57.618782+00:00, execution_date=20240819T122157, start_date=20240819T122158, end_date=20240819T122200
[2024-08-19T17:22:00.841+0500] {local_task_job_runner.py:261} INFO - Task exited with return code 0
[2024-08-19T17:22:00.864+0500] {taskinstance.py:3891} INFO - 1 downstream tasks scheduled from follow-on schedule check
[2024-08-19T17:22:00.867+0500] {local_task_job_runner.py:240} INFO - ::endgroup::
