[2024-08-19T18:00:27.448+0500] {local_task_job_runner.py:123} INFO - ::group::Pre task execution logs
[2024-08-19T18:00:27.465+0500] {taskinstance.py:2603} INFO - Dependencies all met for dep_context=non-requeueable deps ti=<TaskInstance: 3_models_dag.get_data manual__2024-08-19T13:00:24.107836+00:00 [queued]>
[2024-08-19T18:00:27.471+0500] {taskinstance.py:2603} INFO - Dependencies all met for dep_context=requeueable deps ti=<TaskInstance: 3_models_dag.get_data manual__2024-08-19T13:00:24.107836+00:00 [queued]>
[2024-08-19T18:00:27.471+0500] {taskinstance.py:2856} INFO - Starting attempt 1 of 1
[2024-08-19T18:00:27.483+0500] {taskinstance.py:2879} INFO - Executing <Task(PythonOperator): get_data> on 2024-08-19 13:00:24.107836+00:00
[2024-08-19T18:00:27.495+0500] {logging_mixin.py:190} WARNING - /home/nicolaspc/anaconda3/envs/mlops_env/lib/python3.12/site-packages/***/task/task_runner/standard_task_runner.py:70 DeprecationWarning: This process (pid=24590) is multi-threaded, use of fork() may lead to deadlocks in the child.
[2024-08-19T18:00:27.496+0500] {standard_task_runner.py:72} INFO - Started process 24614 to run task
[2024-08-19T18:00:27.496+0500] {standard_task_runner.py:104} INFO - Running: ['***', 'tasks', 'run', '3_models_dag', 'get_data', 'manual__2024-08-19T13:00:24.107836+00:00', '--job-id', '50', '--raw', '--subdir', 'DAGS_FOLDER/.ipynb_checkpoints/train_models-2-checkpoint.py', '--cfg-path', '/tmp/tmpuo87d0c4']
[2024-08-19T18:00:27.498+0500] {standard_task_runner.py:105} INFO - Job 50: Subtask get_data
[2024-08-19T18:00:27.552+0500] {task_command.py:467} INFO - Running <TaskInstance: 3_models_dag.get_data manual__2024-08-19T13:00:24.107836+00:00 [running]> on host nicolaspc-HP-Pavilion-Laptop-15-eh1xxx
[2024-08-19T18:00:27.632+0500] {taskinstance.py:3122} INFO - Exporting env vars: AIRFLOW_CTX_DAG_OWNER='Nicolas Pal' AIRFLOW_CTX_DAG_ID='3_models_dag' AIRFLOW_CTX_TASK_ID='get_data' AIRFLOW_CTX_EXECUTION_DATE='2024-08-19T13:00:24.107836+00:00' AIRFLOW_CTX_TRY_NUMBER='1' AIRFLOW_CTX_DAG_RUN_ID='manual__2024-08-19T13:00:24.107836+00:00'
[2024-08-19T18:00:27.633+0500] {taskinstance.py:731} INFO - ::endgroup::
[2024-08-19T18:00:27.668+0500] {base.py:84} INFO - Retrieving connection 'pg_connection'
[2024-08-19T18:00:27.680+0500] {logging_mixin.py:190} WARNING - /home/nicolaspc/***/dags/.ipynb_checkpoints/train_models-2-checkpoint.py:69 UserWarning: pandas only supports SQLAlchemy connectable (engine/connection) or database string URI or sqlite3 DBAPI2 connection. Other DBAPI2 objects are not tested. Please consider using SQLAlchemy.
[2024-08-19T18:00:27.776+0500] {base.py:84} INFO - Retrieving connection 'aws_default'
[2024-08-19T18:00:27.796+0500] {credentials.py:1147} INFO - Found credentials in environment variables.
[2024-08-19T18:00:31.081+0500] {train_models-2-checkpoint.py:80} INFO - Data download finished.
[2024-08-19T18:00:31.083+0500] {python.py:240} INFO - Done. Returned value was: {'start_tiemstamp': '20240819 18:00', 'data_download_start': '20240819 18:00', 'data_download_end': '20240819 18:00'}
[2024-08-19T18:00:31.113+0500] {taskinstance.py:340} INFO - ::group::Post task execution logs
[2024-08-19T18:00:31.113+0500] {taskinstance.py:352} INFO - Marking task as SUCCESS. dag_id=3_models_dag, task_id=get_data, run_id=manual__2024-08-19T13:00:24.107836+00:00, execution_date=20240819T130024, start_date=20240819T130027, end_date=20240819T130031
[2024-08-19T18:00:31.165+0500] {local_task_job_runner.py:261} INFO - Task exited with return code 0
[2024-08-19T18:00:31.192+0500] {taskinstance.py:3891} INFO - 1 downstream tasks scheduled from follow-on schedule check
[2024-08-19T18:00:31.195+0500] {local_task_job_runner.py:240} INFO - ::endgroup::
