[2024-10-08T21:12:37.862+0500] {local_task_job_runner.py:123} INFO - ::group::Pre task execution logs
[2024-10-08T21:12:37.884+0500] {taskinstance.py:2603} INFO - Dependencies all met for dep_context=non-requeueable deps ti=<TaskInstance: hgb_train.init manual__2024-10-08T16:12:35.911846+00:00 [queued]>
[2024-10-08T21:12:37.891+0500] {taskinstance.py:2603} INFO - Dependencies all met for dep_context=requeueable deps ti=<TaskInstance: hgb_train.init manual__2024-10-08T16:12:35.911846+00:00 [queued]>
[2024-10-08T21:12:37.892+0500] {taskinstance.py:2856} INFO - Starting attempt 1 of 1
[2024-10-08T21:12:37.908+0500] {taskinstance.py:2879} INFO - Executing <Task(PythonOperator): init> on 2024-10-08 16:12:35.911846+00:00
[2024-10-08T21:12:37.925+0500] {logging_mixin.py:190} WARNING - /home/nicolaspc/anaconda3/envs/mlops_env/lib/python3.12/site-packages/***/task/task_runner/standard_task_runner.py:70 DeprecationWarning: This process (pid=28900) is multi-threaded, use of fork() may lead to deadlocks in the child.
[2024-10-08T21:12:37.927+0500] {standard_task_runner.py:72} INFO - Started process 28934 to run task
[2024-10-08T21:12:37.925+0500] {standard_task_runner.py:104} INFO - Running: ['***', 'tasks', 'run', 'hgb_train', 'init', 'manual__2024-10-08T16:12:35.911846+00:00', '--job-id', '834', '--raw', '--subdir', 'DAGS_FOLDER/train_models.py', '--cfg-path', '/tmp/tmpzbja70xa']
[2024-10-08T21:12:37.928+0500] {standard_task_runner.py:105} INFO - Job 834: Subtask init
[2024-10-08T21:12:37.999+0500] {task_command.py:467} INFO - Running <TaskInstance: hgb_train.init manual__2024-10-08T16:12:35.911846+00:00 [running]> on host nicolaspc-HP-Pavilion-Laptop-15-eh1xxx
[2024-10-08T21:12:38.107+0500] {taskinstance.py:3122} INFO - Exporting env vars: AIRFLOW_CTX_DAG_OWNER='Nicolas Pal' AIRFLOW_CTX_DAG_ID='hgb_train' AIRFLOW_CTX_TASK_ID='init' AIRFLOW_CTX_EXECUTION_DATE='2024-10-08T16:12:35.911846+00:00' AIRFLOW_CTX_TRY_NUMBER='1' AIRFLOW_CTX_DAG_RUN_ID='manual__2024-10-08T16:12:35.911846+00:00'
[2024-10-08T21:12:38.108+0500] {taskinstance.py:731} INFO - ::endgroup::
[2024-10-08T21:12:38.414+0500] {migration.py:216} INFO - Context impl PostgresqlImpl.
[2024-10-08T21:12:38.415+0500] {migration.py:219} INFO - Will assume transactional DDL.
[2024-10-08T21:12:38.449+0500] {python.py:240} INFO - Done. Returned value was: {'model': 'hgb', 'start_timestamp': '20241008 21:12', 'experiment_id': '132'}
[2024-10-08T21:12:38.493+0500] {taskinstance.py:340} INFO - ::group::Post task execution logs
[2024-10-08T21:12:38.493+0500] {taskinstance.py:352} INFO - Marking task as SUCCESS. dag_id=hgb_train, task_id=init, run_id=manual__2024-10-08T16:12:35.911846+00:00, execution_date=20241008T161235, start_date=20241008T161237, end_date=20241008T161238
[2024-10-08T21:12:38.553+0500] {local_task_job_runner.py:261} INFO - Task exited with return code 0
[2024-10-08T21:12:38.587+0500] {taskinstance.py:3891} INFO - 0 downstream tasks scheduled from follow-on schedule check
[2024-10-08T21:12:38.603+0500] {local_task_job_runner.py:240} INFO - ::endgroup::
