[2024-10-08T21:26:34.619+0500] {local_task_job_runner.py:123} INFO - ::group::Pre task execution logs
[2024-10-08T21:26:34.640+0500] {taskinstance.py:2603} INFO - Dependencies all met for dep_context=non-requeueable deps ti=<TaskInstance: lr_train.init manual__2024-10-08T16:26:32.205816+00:00 [queued]>
[2024-10-08T21:26:34.649+0500] {taskinstance.py:2603} INFO - Dependencies all met for dep_context=requeueable deps ti=<TaskInstance: lr_train.init manual__2024-10-08T16:26:32.205816+00:00 [queued]>
[2024-10-08T21:26:34.650+0500] {taskinstance.py:2856} INFO - Starting attempt 1 of 1
[2024-10-08T21:26:34.666+0500] {taskinstance.py:2879} INFO - Executing <Task(PythonOperator): init> on 2024-10-08 16:26:32.205816+00:00
[2024-10-08T21:26:34.685+0500] {logging_mixin.py:190} WARNING - /home/nicolaspc/anaconda3/envs/mlops_env/lib/python3.12/site-packages/***/task/task_runner/standard_task_runner.py:70 DeprecationWarning: This process (pid=40881) is multi-threaded, use of fork() may lead to deadlocks in the child.
[2024-10-08T21:26:34.686+0500] {standard_task_runner.py:72} INFO - Started process 40944 to run task
[2024-10-08T21:26:34.685+0500] {standard_task_runner.py:104} INFO - Running: ['***', 'tasks', 'run', 'lr_train', 'init', 'manual__2024-10-08T16:26:32.205816+00:00', '--job-id', '850', '--raw', '--subdir', 'DAGS_FOLDER/train_models.py', '--cfg-path', '/tmp/tmpx59a7aam']
[2024-10-08T21:26:34.687+0500] {standard_task_runner.py:105} INFO - Job 850: Subtask init
[2024-10-08T21:26:34.761+0500] {task_command.py:467} INFO - Running <TaskInstance: lr_train.init manual__2024-10-08T16:26:32.205816+00:00 [running]> on host nicolaspc-HP-Pavilion-Laptop-15-eh1xxx
[2024-10-08T21:26:34.866+0500] {taskinstance.py:3122} INFO - Exporting env vars: AIRFLOW_CTX_DAG_OWNER='Nicolas Pal' AIRFLOW_CTX_DAG_ID='lr_train' AIRFLOW_CTX_TASK_ID='init' AIRFLOW_CTX_EXECUTION_DATE='2024-10-08T16:26:32.205816+00:00' AIRFLOW_CTX_TRY_NUMBER='1' AIRFLOW_CTX_DAG_RUN_ID='manual__2024-10-08T16:26:32.205816+00:00'
[2024-10-08T21:26:34.868+0500] {taskinstance.py:731} INFO - ::endgroup::
[2024-10-08T21:26:35.268+0500] {migration.py:216} INFO - Context impl PostgresqlImpl.
[2024-10-08T21:26:35.269+0500] {migration.py:219} INFO - Will assume transactional DDL.
[2024-10-08T21:26:35.306+0500] {python.py:240} INFO - Done. Returned value was: {'model': 'lr', 'start_timestamp': '20241008 21:26', 'experiment_id': '141'}
[2024-10-08T21:26:35.339+0500] {taskinstance.py:340} INFO - ::group::Post task execution logs
[2024-10-08T21:26:35.339+0500] {taskinstance.py:352} INFO - Marking task as SUCCESS. dag_id=lr_train, task_id=init, run_id=manual__2024-10-08T16:26:32.205816+00:00, execution_date=20241008T162632, start_date=20241008T162634, end_date=20241008T162635
[2024-10-08T21:26:35.404+0500] {local_task_job_runner.py:261} INFO - Task exited with return code 0
[2024-10-08T21:26:35.439+0500] {taskinstance.py:3891} INFO - 1 downstream tasks scheduled from follow-on schedule check
[2024-10-08T21:26:35.442+0500] {local_task_job_runner.py:240} INFO - ::endgroup::
