[2024-10-10T06:00:21.821+0500] {local_task_job_runner.py:123} INFO - ::group::Pre task execution logs
[2024-10-10T06:00:21.848+0500] {taskinstance.py:2603} INFO - Dependencies all met for dep_context=non-requeueable deps ti=<TaskInstance: hgb_train.train_model scheduled__2024-10-09T01:00:00+00:00 [queued]>
[2024-10-10T06:00:21.861+0500] {taskinstance.py:2603} INFO - Dependencies all met for dep_context=requeueable deps ti=<TaskInstance: hgb_train.train_model scheduled__2024-10-09T01:00:00+00:00 [queued]>
[2024-10-10T06:00:21.862+0500] {taskinstance.py:2856} INFO - Starting attempt 1 of 1
[2024-10-10T06:00:21.892+0500] {taskinstance.py:2879} INFO - Executing <Task(PythonOperator): train_model> on 2024-10-09 01:00:00+00:00
[2024-10-10T06:00:21.916+0500] {logging_mixin.py:190} WARNING - /home/nicolaspc/anaconda3/envs/mlops_env/lib/python3.12/site-packages/***/task/task_runner/standard_task_runner.py:70 DeprecationWarning: This process (pid=19543) is multi-threaded, use of fork() may lead to deadlocks in the child.
[2024-10-10T06:00:21.917+0500] {standard_task_runner.py:72} INFO - Started process 19625 to run task
[2024-10-10T06:00:21.916+0500] {standard_task_runner.py:104} INFO - Running: ['***', 'tasks', 'run', 'hgb_train', 'train_model', 'scheduled__2024-10-09T01:00:00+00:00', '--job-id', '1093', '--raw', '--subdir', 'DAGS_FOLDER/train_models.py', '--cfg-path', '/tmp/tmpx382wk7e']
[2024-10-10T06:00:21.919+0500] {standard_task_runner.py:105} INFO - Job 1093: Subtask train_model
[2024-10-10T06:00:22.020+0500] {task_command.py:467} INFO - Running <TaskInstance: hgb_train.train_model scheduled__2024-10-09T01:00:00+00:00 [running]> on host nicolaspc-HP-Pavilion-Laptop-15-eh1xxx
[2024-10-10T06:00:22.188+0500] {taskinstance.py:3122} INFO - Exporting env vars: AIRFLOW_CTX_DAG_OWNER='Nicolas Pal' AIRFLOW_CTX_DAG_ID='hgb_train' AIRFLOW_CTX_TASK_ID='train_model' AIRFLOW_CTX_EXECUTION_DATE='2024-10-09T01:00:00+00:00' AIRFLOW_CTX_TRY_NUMBER='1' AIRFLOW_CTX_DAG_RUN_ID='scheduled__2024-10-09T01:00:00+00:00'
[2024-10-10T06:00:22.189+0500] {taskinstance.py:731} INFO - ::endgroup::
[2024-10-10T06:00:22.240+0500] {s3.py:1387} INFO - Downloading source S3 file from Bucket test-bucket-nicolas-1 with path NicolasPal/hgb/datasets/X_train.pkl
[2024-10-10T06:00:22.266+0500] {base.py:84} INFO - Retrieving connection 's3_connection'
[2024-10-10T06:00:22.267+0500] {connection_wrapper.py:384} INFO - AWS Connection (conn_id='s3_connection', conn_type='aws') credentials retrieved from login and password.
[2024-10-10T06:00:24.363+0500] {s3.py:1387} INFO - Downloading source S3 file from Bucket test-bucket-nicolas-1 with path NicolasPal/hgb/datasets/X_test.pkl
[2024-10-10T06:00:24.849+0500] {s3.py:1387} INFO - Downloading source S3 file from Bucket test-bucket-nicolas-1 with path NicolasPal/hgb/datasets/y_train.pkl
[2024-10-10T06:00:25.339+0500] {s3.py:1387} INFO - Downloading source S3 file from Bucket test-bucket-nicolas-1 with path NicolasPal/hgb/datasets/y_test.pkl
[2024-10-10T06:00:25.786+0500] {train_models.py:155} INFO - Данные для обучения модели из S3 загружены
[2024-10-10T06:00:26.304+0500] {train_models.py:176} INFO - Модели обучены, метрики сохранены
[2024-10-10T06:00:26.306+0500] {python.py:240} INFO - Done. Returned value was: {'model': 'hgb', 'start_timestamp': '20241010 06:00', 'get_data_start': '20241010 06:00', 'get_data_end': '20241010 06:00', 'data_shape': [20640, 9], 'prepare_data_start': '20241010 06:00', 'prepare_data_end': '20241010 06:00', 'features_name': ['MedInc', 'HouseAge', 'AveRooms', 'AveBedrms', 'Population', 'AveOccup', 'Latitude', 'Longitude'], 'train_model_start': '20241010 06:00', 'train_model_end': '20241010 06:00', 'R^2_score': 0.83, 'rmse': 0.47, 'mae': 0.21}
[2024-10-10T06:00:26.353+0500] {taskinstance.py:340} INFO - ::group::Post task execution logs
[2024-10-10T06:00:26.353+0500] {taskinstance.py:352} INFO - Marking task as SUCCESS. dag_id=hgb_train, task_id=train_model, run_id=scheduled__2024-10-09T01:00:00+00:00, execution_date=20241009T010000, start_date=20241010T010021, end_date=20241010T010026
[2024-10-10T06:00:26.403+0500] {local_task_job_runner.py:261} INFO - Task exited with return code 0
[2024-10-10T06:00:26.435+0500] {taskinstance.py:3891} INFO - 1 downstream tasks scheduled from follow-on schedule check
[2024-10-10T06:00:26.438+0500] {local_task_job_runner.py:240} INFO - ::endgroup::
