[2024-08-19T17:52:05.788+0500] {local_task_job_runner.py:123} INFO - ::group::Pre task execution logs
[2024-08-19T17:52:05.806+0500] {taskinstance.py:2603} INFO - Dependencies all met for dep_context=non-requeueable deps ti=<TaskInstance: 3_models_dag.train_hgb manual__2024-08-19T12:51:58.751130+00:00 [queued]>
[2024-08-19T17:52:05.813+0500] {taskinstance.py:2603} INFO - Dependencies all met for dep_context=requeueable deps ti=<TaskInstance: 3_models_dag.train_hgb manual__2024-08-19T12:51:58.751130+00:00 [queued]>
[2024-08-19T17:52:05.813+0500] {taskinstance.py:2856} INFO - Starting attempt 1 of 1
[2024-08-19T17:52:05.825+0500] {taskinstance.py:2879} INFO - Executing <Task(PythonOperator): train_hgb> on 2024-08-19 12:51:58.751130+00:00
[2024-08-19T17:52:05.837+0500] {logging_mixin.py:190} WARNING - /home/nicolaspc/anaconda3/envs/mlops_env/lib/python3.12/site-packages/***/task/task_runner/standard_task_runner.py:70 DeprecationWarning: This process (pid=21136) is multi-threaded, use of fork() may lead to deadlocks in the child.
[2024-08-19T17:52:05.837+0500] {standard_task_runner.py:72} INFO - Started process 21203 to run task
[2024-08-19T17:52:05.837+0500] {standard_task_runner.py:104} INFO - Running: ['***', 'tasks', 'run', '3_models_dag', 'train_hgb', 'manual__2024-08-19T12:51:58.751130+00:00', '--job-id', '38', '--raw', '--subdir', 'DAGS_FOLDER/.ipynb_checkpoints/train_models-2-checkpoint.py', '--cfg-path', '/tmp/tmph_7j0plt']
[2024-08-19T17:52:05.839+0500] {standard_task_runner.py:105} INFO - Job 38: Subtask train_hgb
[2024-08-19T17:52:05.891+0500] {task_command.py:467} INFO - Running <TaskInstance: 3_models_dag.train_hgb manual__2024-08-19T12:51:58.751130+00:00 [running]> on host nicolaspc-HP-Pavilion-Laptop-15-eh1xxx
[2024-08-19T17:52:05.978+0500] {taskinstance.py:3122} INFO - Exporting env vars: AIRFLOW_CTX_DAG_OWNER='Nicolas Pal' AIRFLOW_CTX_DAG_ID='3_models_dag' AIRFLOW_CTX_TASK_ID='train_hgb' AIRFLOW_CTX_EXECUTION_DATE='2024-08-19T12:51:58.751130+00:00' AIRFLOW_CTX_TRY_NUMBER='1' AIRFLOW_CTX_DAG_RUN_ID='manual__2024-08-19T12:51:58.751130+00:00'
[2024-08-19T17:52:05.978+0500] {taskinstance.py:731} INFO - ::endgroup::
[2024-08-19T17:52:06.003+0500] {s3.py:1387} INFO - Downloading source S3 file from Bucket test-bucket-nicolas-1 with path dataset/X_train.pkl
[2024-08-19T17:52:06.017+0500] {base.py:84} INFO - Retrieving connection 'aws_default'
[2024-08-19T17:52:06.037+0500] {credentials.py:1147} INFO - Found credentials in environment variables.
[2024-08-19T17:52:09.865+0500] {s3.py:1387} INFO - Downloading source S3 file from Bucket test-bucket-nicolas-1 with path dataset/X_test.pkl
[2024-08-19T17:52:10.809+0500] {s3.py:1387} INFO - Downloading source S3 file from Bucket test-bucket-nicolas-1 with path dataset/y_train.pkl
[2024-08-19T17:52:11.920+0500] {s3.py:1387} INFO - Downloading source S3 file from Bucket test-bucket-nicolas-1 with path dataset/y_test.pkl
[2024-08-19T17:52:12.520+0500] {train_models-2-checkpoint.py:109} INFO - Данные загружены
[2024-08-19T17:52:12.769+0500] {python.py:240} INFO - Done. Returned value was: {'start_tiemstamp': '20240819 17:52', 'data_download_start': '20240819 17:52', 'hgb_train_start': '20240819 17:52', 'hgb_train_end': '20240819 17:52', 'hgb_R^2_score': 0.8343041806164749, 'hgb_rmse': 0.46597133965207954, 'hgb_mae': 0.20544065503148157}
[2024-08-19T17:52:12.806+0500] {taskinstance.py:340} INFO - ::group::Post task execution logs
[2024-08-19T17:52:12.807+0500] {taskinstance.py:352} INFO - Marking task as SUCCESS. dag_id=3_models_dag, task_id=train_hgb, run_id=manual__2024-08-19T12:51:58.751130+00:00, execution_date=20240819T125158, start_date=20240819T125205, end_date=20240819T125212
[2024-08-19T17:52:12.844+0500] {local_task_job_runner.py:261} INFO - Task exited with return code 0
[2024-08-19T17:52:12.867+0500] {taskinstance.py:3891} INFO - 0 downstream tasks scheduled from follow-on schedule check
[2024-08-19T17:52:12.870+0500] {local_task_job_runner.py:240} INFO - ::endgroup::
