[2024-08-21T21:55:10.581+0500] {local_task_job_runner.py:123} INFO - ::group::Pre task execution logs
[2024-08-21T21:55:10.600+0500] {taskinstance.py:2603} INFO - Dependencies all met for dep_context=non-requeueable deps ti=<TaskInstance: 3_models_dag_home.init manual__2024-08-21T16:55:08.311991+00:00 [queued]>
[2024-08-21T21:55:10.606+0500] {taskinstance.py:2603} INFO - Dependencies all met for dep_context=requeueable deps ti=<TaskInstance: 3_models_dag_home.init manual__2024-08-21T16:55:08.311991+00:00 [queued]>
[2024-08-21T21:55:10.606+0500] {taskinstance.py:2856} INFO - Starting attempt 1 of 1
[2024-08-21T21:55:10.617+0500] {taskinstance.py:2879} INFO - Executing <Task(PythonOperator): init> on 2024-08-21 16:55:08.311991+00:00
[2024-08-21T21:55:10.629+0500] {logging_mixin.py:190} WARNING - /home/nicolaspc/anaconda3/envs/mlops_env/lib/python3.12/site-packages/***/task/task_runner/standard_task_runner.py:70 DeprecationWarning: This process (pid=334955) is multi-threaded, use of fork() may lead to deadlocks in the child.
[2024-08-21T21:55:10.630+0500] {standard_task_runner.py:72} INFO - Started process 334979 to run task
[2024-08-21T21:55:10.630+0500] {standard_task_runner.py:104} INFO - Running: ['***', 'tasks', 'run', '3_models_dag_home', 'init', 'manual__2024-08-21T16:55:08.311991+00:00', '--job-id', '204', '--raw', '--subdir', 'DAGS_FOLDER/.ipynb_checkpoints/homework_stepik-checkpoint.py', '--cfg-path', '/tmp/tmpgmz98219']
[2024-08-21T21:55:10.635+0500] {standard_task_runner.py:105} INFO - Job 204: Subtask init
[2024-08-21T21:55:10.686+0500] {task_command.py:467} INFO - Running <TaskInstance: 3_models_dag_home.init manual__2024-08-21T16:55:08.311991+00:00 [running]> on host nicolaspc-HP-Pavilion-Laptop-15-eh1xxx
[2024-08-21T21:55:10.770+0500] {taskinstance.py:3122} INFO - Exporting env vars: AIRFLOW_CTX_DAG_OWNER='Nicolas Pal' AIRFLOW_CTX_DAG_ID='3_models_dag_home' AIRFLOW_CTX_TASK_ID='init' AIRFLOW_CTX_EXECUTION_DATE='2024-08-21T16:55:08.311991+00:00' AIRFLOW_CTX_TRY_NUMBER='1' AIRFLOW_CTX_DAG_RUN_ID='manual__2024-08-21T16:55:08.311991+00:00'
[2024-08-21T21:55:10.771+0500] {taskinstance.py:731} INFO - ::endgroup::
[2024-08-21T21:55:11.015+0500] {migration.py:216} INFO - Context impl PostgresqlImpl.
[2024-08-21T21:55:11.016+0500] {migration.py:219} INFO - Will assume transactional DDL.
[2024-08-21T21:55:11.041+0500] {python.py:240} INFO - Done. Returned value was: {'start_tiemstamp': '20240821 21:55'}
[2024-08-21T21:55:11.078+0500] {taskinstance.py:340} INFO - ::group::Post task execution logs
[2024-08-21T21:55:11.079+0500] {taskinstance.py:352} INFO - Marking task as SUCCESS. dag_id=3_models_dag_home, task_id=init, run_id=manual__2024-08-21T16:55:08.311991+00:00, execution_date=20240821T165508, start_date=20240821T165510, end_date=20240821T165511
[2024-08-21T21:55:11.125+0500] {local_task_job_runner.py:261} INFO - Task exited with return code 0
[2024-08-21T21:55:11.154+0500] {taskinstance.py:3891} INFO - 1 downstream tasks scheduled from follow-on schedule check
[2024-08-21T21:55:11.157+0500] {local_task_job_runner.py:240} INFO - ::endgroup::
