[2024-10-08T23:36:37.951+0500] {local_task_job_runner.py:123} INFO - ::group::Pre task execution logs
[2024-10-08T23:36:37.978+0500] {taskinstance.py:2603} INFO - Dependencies all met for dep_context=non-requeueable deps ti=<TaskInstance: 3_models_NicolasPal.prepare_data scheduled__2024-10-07T01:00:00+00:00 [queued]>
[2024-10-08T23:36:37.989+0500] {taskinstance.py:2603} INFO - Dependencies all met for dep_context=requeueable deps ti=<TaskInstance: 3_models_NicolasPal.prepare_data scheduled__2024-10-07T01:00:00+00:00 [queued]>
[2024-10-08T23:36:37.989+0500] {taskinstance.py:2856} INFO - Starting attempt 1 of 1
[2024-10-08T23:36:38.011+0500] {taskinstance.py:2879} INFO - Executing <Task(PythonOperator): prepare_data> on 2024-10-07 01:00:00+00:00
[2024-10-08T23:36:38.029+0500] {logging_mixin.py:190} WARNING - /home/nicolaspc/anaconda3/envs/mlops_env/lib/python3.12/site-packages/***/task/task_runner/standard_task_runner.py:70 DeprecationWarning: This process (pid=55380) is multi-threaded, use of fork() may lead to deadlocks in the child.
[2024-10-08T23:36:38.030+0500] {standard_task_runner.py:72} INFO - Started process 55428 to run task
[2024-10-08T23:36:38.029+0500] {standard_task_runner.py:104} INFO - Running: ['***', 'tasks', 'run', '3_models_NicolasPal', 'prepare_data', 'scheduled__2024-10-07T01:00:00+00:00', '--job-id', '934', '--raw', '--subdir', 'DAGS_FOLDER/project_2.py', '--cfg-path', '/tmp/tmpa26jnny5']
[2024-10-08T23:36:38.032+0500] {standard_task_runner.py:105} INFO - Job 934: Subtask prepare_data
[2024-10-08T23:36:38.108+0500] {task_command.py:467} INFO - Running <TaskInstance: 3_models_NicolasPal.prepare_data scheduled__2024-10-07T01:00:00+00:00 [running]> on host nicolaspc-HP-Pavilion-Laptop-15-eh1xxx
[2024-10-08T23:36:38.213+0500] {taskinstance.py:3122} INFO - Exporting env vars: AIRFLOW_CTX_DAG_OWNER='Nicolas Pal' AIRFLOW_CTX_DAG_ID='3_models_NicolasPal' AIRFLOW_CTX_TASK_ID='prepare_data' AIRFLOW_CTX_EXECUTION_DATE='2024-10-07T01:00:00+00:00' AIRFLOW_CTX_TRY_NUMBER='1' AIRFLOW_CTX_DAG_RUN_ID='scheduled__2024-10-07T01:00:00+00:00'
[2024-10-08T23:36:38.214+0500] {taskinstance.py:731} INFO - ::endgroup::
[2024-10-08T23:36:38.247+0500] {s3.py:1387} INFO - Downloading source S3 file from Bucket test-bucket-nicolas-1 with path NicolasPal/project2/datasets/california_housing.pkl
[2024-10-08T23:36:38.477+0500] {base.py:84} INFO - Retrieving connection 's3_connection'
[2024-10-08T23:36:38.477+0500] {connection_wrapper.py:384} INFO - AWS Connection (conn_id='s3_connection', conn_type='aws') credentials retrieved from login and password.
[2024-10-08T23:36:40.194+0500] {project_2.py:137} INFO - Данные для обработки из S3 загружены
[2024-10-08T23:36:40.212+0500] {base.py:84} INFO - Retrieving connection 's3_connection'
[2024-10-08T23:36:40.212+0500] {connection_wrapper.py:384} INFO - AWS Connection (conn_id='s3_connection', conn_type='aws') credentials retrieved from login and password.
[2024-10-08T23:36:50.289+0500] {project_2.py:157} INFO - Данные подготовлены и сохранены на S3
[2024-10-08T23:36:50.291+0500] {python.py:240} INFO - Done. Returned value was: {'start_tiemstamp': '20241008 23:36', 'experiment_id': '170', 'parent_run_id': 'f38576cf0aa24bf8910b285b7cd3adad', 'get_data_start': '20241008 23:36', 'get_data_end': '20241008 23:36', 'data_shape': [20640, 9], 'prepare_data_start': '20241008 23:36', 'prepare_data_end': '20241008 23:36', 'features_name': ['MedInc', 'HouseAge', 'AveRooms', 'AveBedrms', 'Population', 'AveOccup', 'Latitude', 'Longitude']}
[2024-10-08T23:36:50.344+0500] {taskinstance.py:340} INFO - ::group::Post task execution logs
[2024-10-08T23:36:50.344+0500] {taskinstance.py:352} INFO - Marking task as SUCCESS. dag_id=3_models_NicolasPal, task_id=prepare_data, run_id=scheduled__2024-10-07T01:00:00+00:00, execution_date=20241007T010000, start_date=20241008T183637, end_date=20241008T183650
[2024-10-08T23:36:50.412+0500] {local_task_job_runner.py:261} INFO - Task exited with return code 0
[2024-10-08T23:36:50.438+0500] {taskinstance.py:3891} INFO - 0 downstream tasks scheduled from follow-on schedule check
[2024-10-08T23:36:50.441+0500] {local_task_job_runner.py:240} INFO - ::endgroup::
