[2024-10-02T19:19:30.792+0500] {local_task_job_runner.py:123} INFO - ::group::Pre task execution logs
[2024-10-02T19:19:30.810+0500] {taskinstance.py:2603} INFO - Dependencies all met for dep_context=non-requeueable deps ti=<TaskInstance: lr_train.save_results manual__2024-10-02T14:19:03.757569+00:00 [queued]>
[2024-10-02T19:19:30.818+0500] {taskinstance.py:2603} INFO - Dependencies all met for dep_context=requeueable deps ti=<TaskInstance: lr_train.save_results manual__2024-10-02T14:19:03.757569+00:00 [queued]>
[2024-10-02T19:19:30.819+0500] {taskinstance.py:2856} INFO - Starting attempt 1 of 1
[2024-10-02T19:19:30.831+0500] {taskinstance.py:2879} INFO - Executing <Task(PythonOperator): save_results> on 2024-10-02 14:19:03.757569+00:00
[2024-10-02T19:19:30.844+0500] {logging_mixin.py:190} WARNING - /home/nicolaspc/anaconda3/envs/mlops_env/lib/python3.12/site-packages/***/task/task_runner/standard_task_runner.py:70 DeprecationWarning: This process (pid=19651) is multi-threaded, use of fork() may lead to deadlocks in the child.
[2024-10-02T19:19:30.845+0500] {standard_task_runner.py:72} INFO - Started process 19700 to run task
[2024-10-02T19:19:30.844+0500] {standard_task_runner.py:104} INFO - Running: ['***', 'tasks', 'run', 'lr_train', 'save_results', 'manual__2024-10-02T14:19:03.757569+00:00', '--job-id', '494', '--raw', '--subdir', 'DAGS_FOLDER/.ipynb_checkpoints/train_models-checkpoint.py', '--cfg-path', '/tmp/tmpv7t9o2j6']
[2024-10-02T19:19:30.846+0500] {standard_task_runner.py:105} INFO - Job 494: Subtask save_results
[2024-10-02T19:19:30.901+0500] {task_command.py:467} INFO - Running <TaskInstance: lr_train.save_results manual__2024-10-02T14:19:03.757569+00:00 [running]> on host nicolaspc-HP-Pavilion-Laptop-15-eh1xxx
[2024-10-02T19:19:30.982+0500] {taskinstance.py:3122} INFO - Exporting env vars: AIRFLOW_CTX_DAG_OWNER='Nicolas Pal' AIRFLOW_CTX_DAG_ID='lr_train' AIRFLOW_CTX_TASK_ID='save_results' AIRFLOW_CTX_EXECUTION_DATE='2024-10-02T14:19:03.757569+00:00' AIRFLOW_CTX_TRY_NUMBER='1' AIRFLOW_CTX_DAG_RUN_ID='manual__2024-10-02T14:19:03.757569+00:00'
[2024-10-02T19:19:30.983+0500] {taskinstance.py:731} INFO - ::endgroup::
[2024-10-02T19:19:31.020+0500] {base.py:84} INFO - Retrieving connection 'aws_default'
[2024-10-02T19:19:31.021+0500] {connection_wrapper.py:384} INFO - AWS Connection (conn_id='aws_default', conn_type='aws') credentials retrieved from login and password.
[2024-10-02T19:19:36.653+0500] {python.py:240} INFO - Done. Returned value was: None
[2024-10-02T19:19:36.670+0500] {taskinstance.py:340} INFO - ::group::Post task execution logs
[2024-10-02T19:19:36.670+0500] {taskinstance.py:352} INFO - Marking task as SUCCESS. dag_id=lr_train, task_id=save_results, run_id=manual__2024-10-02T14:19:03.757569+00:00, execution_date=20241002T141903, start_date=20241002T141930, end_date=20241002T141936
[2024-10-02T19:19:36.736+0500] {local_task_job_runner.py:261} INFO - Task exited with return code 0
[2024-10-02T19:19:36.755+0500] {taskinstance.py:3891} INFO - 0 downstream tasks scheduled from follow-on schedule check
[2024-10-02T19:19:36.758+0500] {local_task_job_runner.py:240} INFO - ::endgroup::
