[2024-10-09T10:26:13.434+0500] {local_task_job_runner.py:123} INFO - ::group::Pre task execution logs
[2024-10-09T10:26:13.452+0500] {taskinstance.py:2603} INFO - Dependencies all met for dep_context=non-requeueable deps ti=<TaskInstance: hgb_train.prepare_data scheduled__2024-10-08T01:00:00+00:00 [queued]>
[2024-10-09T10:26:13.459+0500] {taskinstance.py:2603} INFO - Dependencies all met for dep_context=requeueable deps ti=<TaskInstance: hgb_train.prepare_data scheduled__2024-10-08T01:00:00+00:00 [queued]>
[2024-10-09T10:26:13.460+0500] {taskinstance.py:2856} INFO - Starting attempt 1 of 1
[2024-10-09T10:26:13.473+0500] {taskinstance.py:2879} INFO - Executing <Task(PythonOperator): prepare_data> on 2024-10-08 01:00:00+00:00
[2024-10-09T10:26:13.487+0500] {logging_mixin.py:190} WARNING - /home/nicolaspc/anaconda3/envs/mlops_env/lib/python3.12/site-packages/***/task/task_runner/standard_task_runner.py:70 DeprecationWarning: This process (pid=8567) is multi-threaded, use of fork() may lead to deadlocks in the child.
[2024-10-09T10:26:13.488+0500] {standard_task_runner.py:72} INFO - Started process 8659 to run task
[2024-10-09T10:26:13.487+0500] {standard_task_runner.py:104} INFO - Running: ['***', 'tasks', 'run', 'hgb_train', 'prepare_data', 'scheduled__2024-10-08T01:00:00+00:00', '--job-id', '990', '--raw', '--subdir', 'DAGS_FOLDER/project_1.py', '--cfg-path', '/tmp/tmpwi1wa017']
[2024-10-09T10:26:13.489+0500] {standard_task_runner.py:105} INFO - Job 990: Subtask prepare_data
[2024-10-09T10:26:13.562+0500] {task_command.py:467} INFO - Running <TaskInstance: hgb_train.prepare_data scheduled__2024-10-08T01:00:00+00:00 [running]> on host nicolaspc-HP-Pavilion-Laptop-15-eh1xxx
[2024-10-09T10:26:13.663+0500] {taskinstance.py:3122} INFO - Exporting env vars: AIRFLOW_CTX_DAG_OWNER='Nicolas Pal' AIRFLOW_CTX_DAG_ID='hgb_train' AIRFLOW_CTX_TASK_ID='prepare_data' AIRFLOW_CTX_EXECUTION_DATE='2024-10-08T01:00:00+00:00' AIRFLOW_CTX_TRY_NUMBER='1' AIRFLOW_CTX_DAG_RUN_ID='scheduled__2024-10-08T01:00:00+00:00'
[2024-10-09T10:26:13.664+0500] {taskinstance.py:731} INFO - ::endgroup::
[2024-10-09T10:26:13.902+0500] {s3.py:1387} INFO - Downloading source S3 file from Bucket test-bucket-nicolas-1 with path NicolasPal/project1/hgb/datasets/california_housing.pkl
[2024-10-09T10:26:13.915+0500] {base.py:84} INFO - Retrieving connection 's3_connection'
[2024-10-09T10:26:13.916+0500] {connection_wrapper.py:384} INFO - AWS Connection (conn_id='s3_connection', conn_type='aws') credentials retrieved from login and password.
[2024-10-09T10:26:16.643+0500] {project_1.py:130} INFO - Данные для обработки из S3 загружены
[2024-10-09T10:26:16.672+0500] {base.py:84} INFO - Retrieving connection 's3_connection'
[2024-10-09T10:26:16.672+0500] {connection_wrapper.py:384} INFO - AWS Connection (conn_id='s3_connection', conn_type='aws') credentials retrieved from login and password.
[2024-10-09T10:26:19.721+0500] {project_1.py:150} INFO - Данные подготовлены и сохранены на S3
[2024-10-09T10:26:19.725+0500] {python.py:240} INFO - Done. Returned value was: {'model': 'hgb', 'start_timestamp': '20241009 10:26', 'experiment_id': '132', 'get_data_start': '20241009 10:26', 'get_data_end': '20241009 10:26', 'data_shape': [20640, 9], 'prepare_data_start': '20241009 10:26', 'prepare_data_end': '20241009 10:26', 'features_name': ['MedInc', 'HouseAge', 'AveRooms', 'AveBedrms', 'Population', 'AveOccup', 'Latitude', 'Longitude']}
[2024-10-09T10:26:19.759+0500] {taskinstance.py:340} INFO - ::group::Post task execution logs
[2024-10-09T10:26:19.759+0500] {taskinstance.py:352} INFO - Marking task as SUCCESS. dag_id=hgb_train, task_id=prepare_data, run_id=scheduled__2024-10-08T01:00:00+00:00, execution_date=20241008T010000, start_date=20241009T052613, end_date=20241009T052619
[2024-10-09T10:26:19.801+0500] {local_task_job_runner.py:261} INFO - Task exited with return code 0
[2024-10-09T10:26:19.824+0500] {taskinstance.py:3891} INFO - 1 downstream tasks scheduled from follow-on schedule check
[2024-10-09T10:26:19.826+0500] {local_task_job_runner.py:240} INFO - ::endgroup::
