[2024-08-19T17:55:27.827+0500] {local_task_job_runner.py:123} INFO - ::group::Pre task execution logs
[2024-08-19T17:55:27.846+0500] {taskinstance.py:2603} INFO - Dependencies all met for dep_context=non-requeueable deps ti=<TaskInstance: 3_models_dag.train_rf manual__2024-08-19T12:55:17.479898+00:00 [queued]>
[2024-08-19T17:55:27.853+0500] {taskinstance.py:2603} INFO - Dependencies all met for dep_context=requeueable deps ti=<TaskInstance: 3_models_dag.train_rf manual__2024-08-19T12:55:17.479898+00:00 [queued]>
[2024-08-19T17:55:27.854+0500] {taskinstance.py:2856} INFO - Starting attempt 1 of 1
[2024-08-19T17:55:27.866+0500] {taskinstance.py:2879} INFO - Executing <Task(PythonOperator): train_rf> on 2024-08-19 12:55:17.479898+00:00
[2024-08-19T17:55:27.880+0500] {logging_mixin.py:190} WARNING - /home/nicolaspc/anaconda3/envs/mlops_env/lib/python3.12/site-packages/***/task/task_runner/standard_task_runner.py:70 DeprecationWarning: This process (pid=22680) is multi-threaded, use of fork() may lead to deadlocks in the child.
[2024-08-19T17:55:27.881+0500] {standard_task_runner.py:72} INFO - Started process 22749 to run task
[2024-08-19T17:55:27.880+0500] {standard_task_runner.py:104} INFO - Running: ['***', 'tasks', 'run', '3_models_dag', 'train_rf', 'manual__2024-08-19T12:55:17.479898+00:00', '--job-id', '45', '--raw', '--subdir', 'DAGS_FOLDER/.ipynb_checkpoints/train_models-2-checkpoint.py', '--cfg-path', '/tmp/tmpclqkf1w0']
[2024-08-19T17:55:27.882+0500] {standard_task_runner.py:105} INFO - Job 45: Subtask train_rf
[2024-08-19T17:55:27.939+0500] {task_command.py:467} INFO - Running <TaskInstance: 3_models_dag.train_rf manual__2024-08-19T12:55:17.479898+00:00 [running]> on host nicolaspc-HP-Pavilion-Laptop-15-eh1xxx
[2024-08-19T17:55:28.024+0500] {taskinstance.py:3122} INFO - Exporting env vars: AIRFLOW_CTX_DAG_OWNER='Nicolas Pal' AIRFLOW_CTX_DAG_ID='3_models_dag' AIRFLOW_CTX_TASK_ID='train_rf' AIRFLOW_CTX_EXECUTION_DATE='2024-08-19T12:55:17.479898+00:00' AIRFLOW_CTX_TRY_NUMBER='1' AIRFLOW_CTX_DAG_RUN_ID='manual__2024-08-19T12:55:17.479898+00:00'
[2024-08-19T17:55:28.025+0500] {taskinstance.py:731} INFO - ::endgroup::
[2024-08-19T17:55:28.049+0500] {s3.py:1387} INFO - Downloading source S3 file from Bucket test-bucket-nicolas-1 with path dataset/X_train.pkl
[2024-08-19T17:55:28.062+0500] {base.py:84} INFO - Retrieving connection 'aws_default'
[2024-08-19T17:55:28.081+0500] {credentials.py:1147} INFO - Found credentials in environment variables.
[2024-08-19T17:55:31.187+0500] {s3.py:1387} INFO - Downloading source S3 file from Bucket test-bucket-nicolas-1 with path dataset/X_test.pkl
[2024-08-19T17:55:31.851+0500] {s3.py:1387} INFO - Downloading source S3 file from Bucket test-bucket-nicolas-1 with path dataset/y_train.pkl
[2024-08-19T17:55:32.516+0500] {s3.py:1387} INFO - Downloading source S3 file from Bucket test-bucket-nicolas-1 with path dataset/y_test.pkl
[2024-08-19T17:55:32.967+0500] {train_models-2-checkpoint.py:107} INFO - Данные загружены
[2024-08-19T17:55:44.280+0500] {python.py:240} INFO - Done. Returned value was: {'start_tiemstamp': '20240819 17:55', 'data_download_start': '20240819 17:55', 'data_download_end': '20240819 17:55', 'rf_train_start': '20240819 17:55', 'rf_train_end': '20240819 17:55', 'rf_R^2_score': 0.8066895662078937, 'rf_rmse': 0.5033048062842429, 'rf_mae': 0.2025750500000001}
[2024-08-19T17:55:44.308+0500] {taskinstance.py:340} INFO - ::group::Post task execution logs
[2024-08-19T17:55:44.308+0500] {taskinstance.py:352} INFO - Marking task as SUCCESS. dag_id=3_models_dag, task_id=train_rf, run_id=manual__2024-08-19T12:55:17.479898+00:00, execution_date=20240819T125517, start_date=20240819T125527, end_date=20240819T125544
[2024-08-19T17:55:44.350+0500] {local_task_job_runner.py:261} INFO - Task exited with return code 0
[2024-08-19T17:55:44.369+0500] {taskinstance.py:3891} INFO - 1 downstream tasks scheduled from follow-on schedule check
[2024-08-19T17:55:44.371+0500] {local_task_job_runner.py:240} INFO - ::endgroup::
