[2024-10-08T23:52:49.939+0500] {local_task_job_runner.py:123} INFO - ::group::Pre task execution logs
[2024-10-08T23:52:49.957+0500] {taskinstance.py:2603} INFO - Dependencies all met for dep_context=non-requeueable deps ti=<TaskInstance: 3_models_NicolasPal.save_results manual__2024-10-08T18:50:09.493288+00:00 [queued]>
[2024-10-08T23:52:49.964+0500] {taskinstance.py:2603} INFO - Dependencies all met for dep_context=requeueable deps ti=<TaskInstance: 3_models_NicolasPal.save_results manual__2024-10-08T18:50:09.493288+00:00 [queued]>
[2024-10-08T23:52:49.964+0500] {taskinstance.py:2856} INFO - Starting attempt 1 of 1
[2024-10-08T23:52:49.976+0500] {taskinstance.py:2879} INFO - Executing <Task(PythonOperator): save_results> on 2024-10-08 18:50:09.493288+00:00
[2024-10-08T23:52:49.997+0500] {logging_mixin.py:190} WARNING - /home/nicolaspc/anaconda3/envs/mlops_env/lib/python3.12/site-packages/***/task/task_runner/standard_task_runner.py:70 DeprecationWarning: This process (pid=69222) is multi-threaded, use of fork() may lead to deadlocks in the child.
[2024-10-08T23:52:49.995+0500] {standard_task_runner.py:104} INFO - Running: ['***', 'tasks', 'run', '3_models_NicolasPal', 'save_results', 'manual__2024-10-08T18:50:09.493288+00:00', '--job-id', '960', '--raw', '--subdir', 'DAGS_FOLDER/project_2.py', '--cfg-path', '/tmp/tmpbg55nen8']
[2024-10-08T23:52:49.998+0500] {standard_task_runner.py:72} INFO - Started process 69265 to run task
[2024-10-08T23:52:49.998+0500] {standard_task_runner.py:105} INFO - Job 960: Subtask save_results
[2024-10-08T23:52:50.203+0500] {task_command.py:467} INFO - Running <TaskInstance: 3_models_NicolasPal.save_results manual__2024-10-08T18:50:09.493288+00:00 [running]> on host nicolaspc-HP-Pavilion-Laptop-15-eh1xxx
[2024-10-08T23:52:50.279+0500] {taskinstance.py:3122} INFO - Exporting env vars: AIRFLOW_CTX_DAG_OWNER='Nicolas Pal' AIRFLOW_CTX_DAG_ID='3_models_NicolasPal' AIRFLOW_CTX_TASK_ID='save_results' AIRFLOW_CTX_EXECUTION_DATE='2024-10-08T18:50:09.493288+00:00' AIRFLOW_CTX_TRY_NUMBER='1' AIRFLOW_CTX_DAG_RUN_ID='manual__2024-10-08T18:50:09.493288+00:00'
[2024-10-08T23:52:50.280+0500] {taskinstance.py:731} INFO - ::endgroup::
[2024-10-08T23:52:50.305+0500] {base.py:84} INFO - Retrieving connection 's3_connection'
[2024-10-08T23:52:50.305+0500] {connection_wrapper.py:384} INFO - AWS Connection (conn_id='s3_connection', conn_type='aws') credentials retrieved from login and password.
[2024-10-08T23:52:51.776+0500] {python.py:240} INFO - Done. Returned value was: None
[2024-10-08T23:52:51.787+0500] {taskinstance.py:340} INFO - ::group::Post task execution logs
[2024-10-08T23:52:51.787+0500] {taskinstance.py:352} INFO - Marking task as SUCCESS. dag_id=3_models_NicolasPal, task_id=save_results, run_id=manual__2024-10-08T18:50:09.493288+00:00, execution_date=20241008T185009, start_date=20241008T185249, end_date=20241008T185251
[2024-10-08T23:52:51.868+0500] {local_task_job_runner.py:261} INFO - Task exited with return code 0
[2024-10-08T23:52:52.004+0500] {taskinstance.py:3891} INFO - 0 downstream tasks scheduled from follow-on schedule check
[2024-10-08T23:52:52.007+0500] {local_task_job_runner.py:240} INFO - ::endgroup::
