[2024-07-20T20:40:27.521+0500] {local_task_job_runner.py:120} INFO - ::group::Pre task execution logs
[2024-07-20T20:40:27.539+0500] {taskinstance.py:2076} INFO - Dependencies all met for dep_context=non-requeueable deps ti=<TaskInstance: rf_train.train_model manual__2024-07-20T15:40:21.233830+00:00 [queued]>
[2024-07-20T20:40:27.546+0500] {taskinstance.py:2076} INFO - Dependencies all met for dep_context=requeueable deps ti=<TaskInstance: rf_train.train_model manual__2024-07-20T15:40:21.233830+00:00 [queued]>
[2024-07-20T20:40:27.546+0500] {taskinstance.py:2306} INFO - Starting attempt 1 of 1
[2024-07-20T20:40:27.557+0500] {taskinstance.py:2330} INFO - Executing <Task(PythonOperator): train_model> on 2024-07-20 15:40:21.233830+00:00
[2024-07-20T20:40:27.569+0500] {standard_task_runner.py:90} INFO - Running: ['airflow', 'tasks', 'run', 'rf_train', 'train_model', 'manual__2024-07-20T15:40:21.233830+00:00', '--job-id', '210', '--raw', '--subdir', 'DAGS_FOLDER/.ipynb_checkpoints/train_models-checkpoint.py', '--cfg-path', '/tmp/tmpcwf_m9ti']
[2024-07-20T20:40:27.571+0500] {standard_task_runner.py:91} INFO - Job 210: Subtask train_model
[2024-07-20T20:40:27.572+0500] {logging_mixin.py:188} WARNING - /home/nicolaspc/anaconda3/envs/mlops_env/lib/python3.12/site-packages/airflow/task/task_runner/standard_task_runner.py:62 DeprecationWarning: This process (pid=24783) is multi-threaded, use of fork() may lead to deadlocks in the child.
[2024-07-20T20:40:27.573+0500] {standard_task_runner.py:64} INFO - Started process 24811 to run task
[2024-07-20T20:40:27.627+0500] {task_command.py:426} INFO - Running <TaskInstance: rf_train.train_model manual__2024-07-20T15:40:21.233830+00:00 [running]> on host nicolaspc-HP-Pavilion-Laptop-15-eh1xxx
[2024-07-20T20:40:27.718+0500] {taskinstance.py:2648} INFO - Exporting env vars: AIRFLOW_CTX_DAG_OWNER='Nicolas Pal' AIRFLOW_CTX_DAG_ID='rf_train' AIRFLOW_CTX_TASK_ID='train_model' AIRFLOW_CTX_EXECUTION_DATE='2024-07-20T15:40:21.233830+00:00' AIRFLOW_CTX_TRY_NUMBER='1' AIRFLOW_CTX_DAG_RUN_ID='manual__2024-07-20T15:40:21.233830+00:00'
[2024-07-20T20:40:27.719+0500] {taskinstance.py:430} INFO - ::endgroup::
[2024-07-20T20:40:27.742+0500] {s3.py:1387} INFO - Downloading source S3 file from Bucket test-bucket-nicolas-1 with path dataset/X_train.pkl
[2024-07-20T20:40:27.754+0500] {base.py:84} INFO - Using connection ID 'aws_default' for task execution.
[2024-07-20T20:40:27.755+0500] {connection_wrapper.py:384} INFO - AWS Connection (conn_id='aws_default', conn_type='aws') credentials retrieved from login and password.
[2024-07-20T20:40:35.600+0500] {s3.py:1387} INFO - Downloading source S3 file from Bucket test-bucket-nicolas-1 with path dataset/X_test.pkl
[2024-07-20T20:40:36.135+0500] {s3.py:1387} INFO - Downloading source S3 file from Bucket test-bucket-nicolas-1 with path dataset/y_train.pkl
[2024-07-20T20:40:36.824+0500] {s3.py:1387} INFO - Downloading source S3 file from Bucket test-bucket-nicolas-1 with path dataset/y_test.pkl
[2024-07-20T20:40:37.256+0500] {train_models-checkpoint.py:112} INFO - Данные загружены
[2024-07-20T20:40:48.311+0500] {python.py:237} INFO - Done. Returned value was: {'model': 'rf', 'start_tiemstamp': '20240720 20:40', 'train_start': '20240720 20:40', 'train_end': '20240720 20:40', 'R^2_score': 0.8066439256910525, 'rmse': 0.5033642178103838, 'mae': 0.19804014999999986}
[2024-07-20T20:40:48.311+0500] {taskinstance.py:441} INFO - ::group::Post task execution logs
[2024-07-20T20:40:48.348+0500] {taskinstance.py:1206} INFO - Marking task as SUCCESS. dag_id=rf_train, task_id=train_model, run_id=manual__2024-07-20T15:40:21.233830+00:00, execution_date=20240720T154021, start_date=20240720T154027, end_date=20240720T154048
[2024-07-20T20:40:48.405+0500] {local_task_job_runner.py:243} INFO - Task exited with return code 0
[2024-07-20T20:40:48.425+0500] {taskinstance.py:3503} INFO - 1 downstream tasks scheduled from follow-on schedule check
[2024-07-20T20:40:48.428+0500] {local_task_job_runner.py:222} INFO - ::endgroup::
