[2024-08-21T21:35:52.891+0500] {local_task_job_runner.py:123} INFO - ::group::Pre task execution logs
[2024-08-21T21:35:52.908+0500] {taskinstance.py:2603} INFO - Dependencies all met for dep_context=non-requeueable deps ti=<TaskInstance: 3_models_dag_home.save_results manual__2024-08-21T16:35:10.013981+00:00 [queued]>
[2024-08-21T21:35:52.915+0500] {taskinstance.py:2603} INFO - Dependencies all met for dep_context=requeueable deps ti=<TaskInstance: 3_models_dag_home.save_results manual__2024-08-21T16:35:10.013981+00:00 [queued]>
[2024-08-21T21:35:52.915+0500] {taskinstance.py:2856} INFO - Starting attempt 1 of 1
[2024-08-21T21:35:52.927+0500] {taskinstance.py:2879} INFO - Executing <Task(PythonOperator): save_results> on 2024-08-21 16:35:10.013981+00:00
[2024-08-21T21:35:52.939+0500] {logging_mixin.py:190} WARNING - /home/nicolaspc/anaconda3/envs/mlops_env/lib/python3.12/site-packages/***/task/task_runner/standard_task_runner.py:70 DeprecationWarning: This process (pid=326310) is multi-threaded, use of fork() may lead to deadlocks in the child.
[2024-08-21T21:35:52.940+0500] {standard_task_runner.py:72} INFO - Started process 326333 to run task
[2024-08-21T21:35:52.939+0500] {standard_task_runner.py:104} INFO - Running: ['***', 'tasks', 'run', '3_models_dag_home', 'save_results', 'manual__2024-08-21T16:35:10.013981+00:00', '--job-id', '203', '--raw', '--subdir', 'DAGS_FOLDER/.ipynb_checkpoints/homework_stepik-checkpoint.py', '--cfg-path', '/tmp/tmp0ro_soxi']
[2024-08-21T21:35:52.944+0500] {standard_task_runner.py:105} INFO - Job 203: Subtask save_results
[2024-08-21T21:35:52.998+0500] {task_command.py:467} INFO - Running <TaskInstance: 3_models_dag_home.save_results manual__2024-08-21T16:35:10.013981+00:00 [running]> on host nicolaspc-HP-Pavilion-Laptop-15-eh1xxx
[2024-08-21T21:35:53.078+0500] {taskinstance.py:3122} INFO - Exporting env vars: AIRFLOW_CTX_DAG_OWNER='Nicolas Pal' AIRFLOW_CTX_DAG_ID='3_models_dag_home' AIRFLOW_CTX_TASK_ID='save_results' AIRFLOW_CTX_EXECUTION_DATE='2024-08-21T16:35:10.013981+00:00' AIRFLOW_CTX_TRY_NUMBER='1' AIRFLOW_CTX_DAG_RUN_ID='manual__2024-08-21T16:35:10.013981+00:00'
[2024-08-21T21:35:53.079+0500] {taskinstance.py:731} INFO - ::endgroup::
[2024-08-21T21:35:53.254+0500] {base.py:84} INFO - Retrieving connection 'aws_default'
[2024-08-21T21:35:53.254+0500] {connection_wrapper.py:384} INFO - AWS Connection (conn_id='aws_default', conn_type='aws') credentials retrieved from login and password.
[2024-08-21T21:35:54.722+0500] {python.py:240} INFO - Done. Returned value was: None
[2024-08-21T21:35:54.736+0500] {taskinstance.py:340} INFO - ::group::Post task execution logs
[2024-08-21T21:35:54.736+0500] {taskinstance.py:352} INFO - Marking task as SUCCESS. dag_id=3_models_dag_home, task_id=save_results, run_id=manual__2024-08-21T16:35:10.013981+00:00, execution_date=20240821T163510, start_date=20240821T163552, end_date=20240821T163554
[2024-08-21T21:35:54.802+0500] {local_task_job_runner.py:261} INFO - Task exited with return code 0
[2024-08-21T21:35:54.822+0500] {taskinstance.py:3891} INFO - 0 downstream tasks scheduled from follow-on schedule check
[2024-08-21T21:35:54.826+0500] {local_task_job_runner.py:240} INFO - ::endgroup::
