[2024-10-08T21:39:15.070+0500] {local_task_job_runner.py:123} INFO - ::group::Pre task execution logs
[2024-10-08T21:39:15.098+0500] {taskinstance.py:2603} INFO - Dependencies all met for dep_context=non-requeueable deps ti=<TaskInstance: hgb_train.get_data manual__2024-10-08T16:39:10.273104+00:00 [queued]>
[2024-10-08T21:39:15.111+0500] {taskinstance.py:2603} INFO - Dependencies all met for dep_context=requeueable deps ti=<TaskInstance: hgb_train.get_data manual__2024-10-08T16:39:10.273104+00:00 [queued]>
[2024-10-08T21:39:15.111+0500] {taskinstance.py:2856} INFO - Starting attempt 1 of 1
[2024-10-08T21:39:15.133+0500] {taskinstance.py:2879} INFO - Executing <Task(PythonOperator): get_data> on 2024-10-08 16:39:10.273104+00:00
[2024-10-08T21:39:15.153+0500] {logging_mixin.py:190} WARNING - /home/nicolaspc/anaconda3/envs/mlops_env/lib/python3.12/site-packages/***/task/task_runner/standard_task_runner.py:70 DeprecationWarning: This process (pid=52494) is multi-threaded, use of fork() may lead to deadlocks in the child.
[2024-10-08T21:39:15.155+0500] {standard_task_runner.py:72} INFO - Started process 52570 to run task
[2024-10-08T21:39:15.153+0500] {standard_task_runner.py:104} INFO - Running: ['***', 'tasks', 'run', 'hgb_train', 'get_data', 'manual__2024-10-08T16:39:10.273104+00:00', '--job-id', '887', '--raw', '--subdir', 'DAGS_FOLDER/train_models.py', '--cfg-path', '/tmp/tmpu3bone3r']
[2024-10-08T21:39:15.157+0500] {standard_task_runner.py:105} INFO - Job 887: Subtask get_data
[2024-10-08T21:39:15.237+0500] {task_command.py:467} INFO - Running <TaskInstance: hgb_train.get_data manual__2024-10-08T16:39:10.273104+00:00 [running]> on host nicolaspc-HP-Pavilion-Laptop-15-eh1xxx
[2024-10-08T21:39:15.350+0500] {taskinstance.py:3122} INFO - Exporting env vars: AIRFLOW_CTX_DAG_OWNER='Nicolas Pal' AIRFLOW_CTX_DAG_ID='hgb_train' AIRFLOW_CTX_TASK_ID='get_data' AIRFLOW_CTX_EXECUTION_DATE='2024-10-08T16:39:10.273104+00:00' AIRFLOW_CTX_TRY_NUMBER='1' AIRFLOW_CTX_DAG_RUN_ID='manual__2024-10-08T16:39:10.273104+00:00'
[2024-10-08T21:39:15.351+0500] {taskinstance.py:731} INFO - ::endgroup::
[2024-10-08T21:39:15.585+0500] {base.py:84} INFO - Retrieving connection 'pg_connection'
[2024-10-08T21:39:15.617+0500] {base.py:84} INFO - Retrieving connection 's3_connection'
[2024-10-08T21:39:15.618+0500] {connection_wrapper.py:384} INFO - AWS Connection (conn_id='s3_connection', conn_type='aws') credentials retrieved from login and password.
[2024-10-08T21:39:24.367+0500] {train_models.py:108} INFO - Данные загружены из б/д и сохранены на S3
[2024-10-08T21:39:24.369+0500] {python.py:240} INFO - Done. Returned value was: {'model': 'hgb', 'start_timestamp': '20241008 21:39', 'experiment_id': '132', 'get_data_start': '20241008 21:39', 'get_data_end': '20241008 21:39', 'data_shape': (20640, 9)}
[2024-10-08T21:39:24.407+0500] {taskinstance.py:340} INFO - ::group::Post task execution logs
[2024-10-08T21:39:24.407+0500] {taskinstance.py:352} INFO - Marking task as SUCCESS. dag_id=hgb_train, task_id=get_data, run_id=manual__2024-10-08T16:39:10.273104+00:00, execution_date=20241008T163910, start_date=20241008T163915, end_date=20241008T163924
[2024-10-08T21:39:24.466+0500] {local_task_job_runner.py:261} INFO - Task exited with return code 0
[2024-10-08T21:39:24.491+0500] {taskinstance.py:3891} INFO - 1 downstream tasks scheduled from follow-on schedule check
[2024-10-08T21:39:24.493+0500] {local_task_job_runner.py:240} INFO - ::endgroup::
