[2024-07-20T19:27:19.850+0500] {local_task_job_runner.py:120} INFO - ::group::Pre task execution logs
[2024-07-20T19:27:19.868+0500] {taskinstance.py:2076} INFO - Dependencies all met for dep_context=non-requeueable deps ti=<TaskInstance: train.init scheduled__2024-07-19T01:00:00+00:00 [queued]>
[2024-07-20T19:27:19.874+0500] {taskinstance.py:2076} INFO - Dependencies all met for dep_context=requeueable deps ti=<TaskInstance: train.init scheduled__2024-07-19T01:00:00+00:00 [queued]>
[2024-07-20T19:27:19.875+0500] {taskinstance.py:2306} INFO - Starting attempt 1 of 1
[2024-07-20T19:27:19.885+0500] {taskinstance.py:2330} INFO - Executing <Task(PythonOperator): init> on 2024-07-19 01:00:00+00:00
[2024-07-20T19:27:19.897+0500] {standard_task_runner.py:90} INFO - Running: ['airflow', 'tasks', 'run', 'train', 'init', 'scheduled__2024-07-19T01:00:00+00:00', '--job-id', '187', '--raw', '--subdir', 'DAGS_FOLDER/train_dag.py', '--cfg-path', '/tmp/tmplgc19l_m']
[2024-07-20T19:27:19.898+0500] {logging_mixin.py:188} WARNING - /home/nicolaspc/anaconda3/envs/mlops_env/lib/python3.12/site-packages/airflow/task/task_runner/standard_task_runner.py:62 DeprecationWarning: This process (pid=6853) is multi-threaded, use of fork() may lead to deadlocks in the child.
[2024-07-20T19:27:19.898+0500] {standard_task_runner.py:91} INFO - Job 187: Subtask init
[2024-07-20T19:27:19.898+0500] {standard_task_runner.py:64} INFO - Started process 6961 to run task
[2024-07-20T19:27:19.951+0500] {task_command.py:426} INFO - Running <TaskInstance: train.init scheduled__2024-07-19T01:00:00+00:00 [running]> on host nicolaspc-HP-Pavilion-Laptop-15-eh1xxx
[2024-07-20T19:27:20.037+0500] {taskinstance.py:2648} INFO - Exporting env vars: AIRFLOW_CTX_DAG_OWNER='Nicolas Pal' AIRFLOW_CTX_DAG_ID='train' AIRFLOW_CTX_TASK_ID='init' AIRFLOW_CTX_EXECUTION_DATE='2024-07-19T01:00:00+00:00' AIRFLOW_CTX_TRY_NUMBER='1' AIRFLOW_CTX_DAG_RUN_ID='scheduled__2024-07-19T01:00:00+00:00'
[2024-07-20T19:27:20.038+0500] {taskinstance.py:430} INFO - ::endgroup::
[2024-07-20T19:27:20.068+0500] {base.py:84} INFO - Using connection ID 'aws_default' for task execution.
[2024-07-20T19:27:20.068+0500] {connection_wrapper.py:384} INFO - AWS Connection (conn_id='aws_default', conn_type='aws') credentials retrieved from login and password.
[2024-07-20T19:27:23.506+0500] {train_dag.py:84} INFO - Data download finished.
[2024-07-20T19:27:23.508+0500] {python.py:237} INFO - Done. Returned value was: None
[2024-07-20T19:27:23.509+0500] {taskinstance.py:441} INFO - ::group::Post task execution logs
[2024-07-20T19:27:23.519+0500] {taskinstance.py:1206} INFO - Marking task as SUCCESS. dag_id=train, task_id=init, run_id=scheduled__2024-07-19T01:00:00+00:00, execution_date=20240719T010000, start_date=20240720T142719, end_date=20240720T142723
[2024-07-20T19:27:23.547+0500] {local_task_job_runner.py:243} INFO - Task exited with return code 0
[2024-07-20T19:27:23.573+0500] {taskinstance.py:3503} INFO - 1 downstream tasks scheduled from follow-on schedule check
[2024-07-20T19:27:23.576+0500] {local_task_job_runner.py:222} INFO - ::endgroup::
