[2024-08-19T09:41:05.287+0500] {local_task_job_runner.py:120} INFO - ::group::Pre task execution logs
[2024-08-19T09:41:05.307+0500] {taskinstance.py:2076} INFO - Dependencies all met for dep_context=non-requeueable deps ti=<TaskInstance: 3_models_dag.get_data scheduled__2024-08-18T01:00:00+00:00 [queued]>
[2024-08-19T09:41:05.315+0500] {taskinstance.py:2076} INFO - Dependencies all met for dep_context=requeueable deps ti=<TaskInstance: 3_models_dag.get_data scheduled__2024-08-18T01:00:00+00:00 [queued]>
[2024-08-19T09:41:05.315+0500] {taskinstance.py:2306} INFO - Starting attempt 1 of 1
[2024-08-19T09:41:05.326+0500] {taskinstance.py:2330} INFO - Executing <Task(PythonOperator): get_data> on 2024-08-18 01:00:00+00:00
[2024-08-19T09:41:05.338+0500] {standard_task_runner.py:90} INFO - Running: ['airflow', 'tasks', 'run', '3_models_dag', 'get_data', 'scheduled__2024-08-18T01:00:00+00:00', '--job-id', '279', '--raw', '--subdir', 'DAGS_FOLDER/train_models-2.py', '--cfg-path', '/tmp/tmpr0lcppmd']
[2024-08-19T09:41:05.340+0500] {standard_task_runner.py:91} INFO - Job 279: Subtask get_data
[2024-08-19T09:41:05.342+0500] {logging_mixin.py:188} WARNING - /home/nicolaspc/anaconda3/envs/mlops_env/lib/python3.12/site-packages/airflow/task/task_runner/standard_task_runner.py:62 DeprecationWarning: This process (pid=56820) is multi-threaded, use of fork() may lead to deadlocks in the child.
[2024-08-19T09:41:05.342+0500] {standard_task_runner.py:64} INFO - Started process 56843 to run task
[2024-08-19T09:41:05.394+0500] {task_command.py:426} INFO - Running <TaskInstance: 3_models_dag.get_data scheduled__2024-08-18T01:00:00+00:00 [running]> on host nicolaspc-HP-Pavilion-Laptop-15-eh1xxx
[2024-08-19T09:41:05.481+0500] {taskinstance.py:2648} INFO - Exporting env vars: AIRFLOW_CTX_DAG_OWNER='Nicolas Pal' AIRFLOW_CTX_DAG_ID='3_models_dag' AIRFLOW_CTX_TASK_ID='get_data' AIRFLOW_CTX_EXECUTION_DATE='2024-08-18T01:00:00+00:00' AIRFLOW_CTX_TRY_NUMBER='1' AIRFLOW_CTX_DAG_RUN_ID='scheduled__2024-08-18T01:00:00+00:00'
[2024-08-19T09:41:05.482+0500] {taskinstance.py:430} INFO - ::endgroup::
[2024-08-19T09:41:05.491+0500] {taskinstance.py:441} INFO - ::group::Post task execution logs
[2024-08-19T09:41:05.491+0500] {taskinstance.py:2905} ERROR - Task failed with exception
Traceback (most recent call last):
  File "/home/nicolaspc/anaconda3/envs/mlops_env/lib/python3.12/site-packages/airflow/models/taskinstance.py", line 465, in _execute_task
    result = _execute_callable(context=context, **execute_callable_kwargs)
             ^^^^^^^^^^^^^^^^^^^^^^^^^^^^^^^^^^^^^^^^^^^^^^^^^^^^^^^^^^^^^
  File "/home/nicolaspc/anaconda3/envs/mlops_env/lib/python3.12/site-packages/airflow/models/taskinstance.py", line 432, in _execute_callable
    return execute_callable(context=context, **execute_callable_kwargs)
           ^^^^^^^^^^^^^^^^^^^^^^^^^^^^^^^^^^^^^^^^^^^^^^^^^^^^^^^^^^^^
  File "/home/nicolaspc/anaconda3/envs/mlops_env/lib/python3.12/site-packages/airflow/models/baseoperator.py", line 401, in wrapper
    return func(self, *args, **kwargs)
           ^^^^^^^^^^^^^^^^^^^^^^^^^^^
  File "/home/nicolaspc/anaconda3/envs/mlops_env/lib/python3.12/site-packages/airflow/operators/python.py", line 235, in execute
    return_value = self.execute_callable()
                   ^^^^^^^^^^^^^^^^^^^^^^^
  File "/home/nicolaspc/anaconda3/envs/mlops_env/lib/python3.12/site-packages/airflow/operators/python.py", line 252, in execute_callable
    return self.python_callable(*self.op_args, **self.op_kwargs)
           ^^^^^^^^^^^^^^^^^^^^^^^^^^^^^^^^^^^^^^^^^^^^^^^^^^^^^
  File "/home/nicolaspc/airflow/dags/train_models-2.py", line 54, in init
    metrics["model"] = m_name
                       ^^^^^^
NameError: name 'm_name' is not defined
[2024-08-19T09:41:05.514+0500] {taskinstance.py:1206} INFO - Marking task as FAILED. dag_id=3_models_dag, task_id=get_data, run_id=scheduled__2024-08-18T01:00:00+00:00, execution_date=20240818T010000, start_date=20240819T044105, end_date=20240819T044105
[2024-08-19T09:41:05.535+0500] {standard_task_runner.py:110} ERROR - Failed to execute job 279 for task get_data (name 'm_name' is not defined; 56843)
[2024-08-19T09:41:05.555+0500] {local_task_job_runner.py:243} INFO - Task exited with return code 1
[2024-08-19T09:41:05.578+0500] {taskinstance.py:3503} INFO - 0 downstream tasks scheduled from follow-on schedule check
[2024-08-19T09:41:05.583+0500] {local_task_job_runner.py:222} INFO - ::endgroup::
[2024-08-19T17:19:02.301+0500] {local_task_job_runner.py:123} INFO - ::group::Pre task execution logs
[2024-08-19T17:19:02.323+0500] {taskinstance.py:2603} INFO - Dependencies all met for dep_context=non-requeueable deps ti=<TaskInstance: 3_models_dag.get_data scheduled__2024-08-18T01:00:00+00:00 [queued]>
[2024-08-19T17:19:02.330+0500] {taskinstance.py:2603} INFO - Dependencies all met for dep_context=requeueable deps ti=<TaskInstance: 3_models_dag.get_data scheduled__2024-08-18T01:00:00+00:00 [queued]>
[2024-08-19T17:19:02.330+0500] {taskinstance.py:2856} INFO - Starting attempt 1 of 1
[2024-08-19T17:19:02.342+0500] {taskinstance.py:2879} INFO - Executing <Task(PythonOperator): get_data> on 2024-08-18 01:00:00+00:00
[2024-08-19T17:19:02.353+0500] {logging_mixin.py:190} WARNING - /home/nicolaspc/anaconda3/envs/mlops_env/lib/python3.12/site-packages/***/task/task_runner/standard_task_runner.py:70 DeprecationWarning: This process (pid=8250) is multi-threaded, use of fork() may lead to deadlocks in the child.
[2024-08-19T17:19:02.354+0500] {standard_task_runner.py:72} INFO - Started process 8297 to run task
[2024-08-19T17:19:02.354+0500] {standard_task_runner.py:104} INFO - Running: ['***', 'tasks', 'run', '3_models_dag', 'get_data', 'scheduled__2024-08-18T01:00:00+00:00', '--job-id', '9', '--raw', '--subdir', 'DAGS_FOLDER/train_models-2.py', '--cfg-path', '/tmp/tmp3d7bhc0v']
[2024-08-19T17:19:02.355+0500] {standard_task_runner.py:105} INFO - Job 9: Subtask get_data
[2024-08-19T17:19:02.407+0500] {task_command.py:467} INFO - Running <TaskInstance: 3_models_dag.get_data scheduled__2024-08-18T01:00:00+00:00 [running]> on host nicolaspc-HP-Pavilion-Laptop-15-eh1xxx
[2024-08-19T17:19:02.490+0500] {taskinstance.py:3122} INFO - Exporting env vars: AIRFLOW_CTX_DAG_OWNER='Nicolas Pal' AIRFLOW_CTX_DAG_ID='3_models_dag' AIRFLOW_CTX_TASK_ID='get_data' AIRFLOW_CTX_EXECUTION_DATE='2024-08-18T01:00:00+00:00' AIRFLOW_CTX_TRY_NUMBER='1' AIRFLOW_CTX_DAG_RUN_ID='scheduled__2024-08-18T01:00:00+00:00'
[2024-08-19T17:19:02.491+0500] {taskinstance.py:731} INFO - ::endgroup::
[2024-08-19T17:19:02.516+0500] {python.py:240} INFO - Done. Returned value was: {'start_tiemstamp': '20240819 17:19'}
[2024-08-19T17:19:02.548+0500] {taskinstance.py:340} INFO - ::group::Post task execution logs
[2024-08-19T17:19:02.548+0500] {taskinstance.py:352} INFO - Marking task as SUCCESS. dag_id=3_models_dag, task_id=get_data, run_id=scheduled__2024-08-18T01:00:00+00:00, execution_date=20240818T010000, start_date=20240819T121902, end_date=20240819T121902
[2024-08-19T17:19:02.608+0500] {local_task_job_runner.py:261} INFO - Task exited with return code 0
[2024-08-19T17:19:02.634+0500] {taskinstance.py:3891} INFO - 1 downstream tasks scheduled from follow-on schedule check
[2024-08-19T17:19:02.637+0500] {local_task_job_runner.py:240} INFO - ::endgroup::
