[2024-10-08T14:31:30.837+0500] {local_task_job_runner.py:123} INFO - ::group::Pre task execution logs
[2024-10-08T14:31:30.861+0500] {taskinstance.py:2603} INFO - Dependencies all met for dep_context=non-requeueable deps ti=<TaskInstance: hgb_train.save_results scheduled__2024-10-07T01:00:00+00:00 [queued]>
[2024-10-08T14:31:30.870+0500] {taskinstance.py:2603} INFO - Dependencies all met for dep_context=requeueable deps ti=<TaskInstance: hgb_train.save_results scheduled__2024-10-07T01:00:00+00:00 [queued]>
[2024-10-08T14:31:30.870+0500] {taskinstance.py:2856} INFO - Starting attempt 1 of 1
[2024-10-08T14:31:30.881+0500] {taskinstance.py:2879} INFO - Executing <Task(PythonOperator): save_results> on 2024-10-07 01:00:00+00:00
[2024-10-08T14:31:30.894+0500] {logging_mixin.py:190} WARNING - /home/nicolaspc/anaconda3/envs/mlops_env/lib/python3.12/site-packages/***/task/task_runner/standard_task_runner.py:70 DeprecationWarning: This process (pid=48898) is multi-threaded, use of fork() may lead to deadlocks in the child.
[2024-10-08T14:31:30.895+0500] {standard_task_runner.py:72} INFO - Started process 48978 to run task
[2024-10-08T14:31:30.894+0500] {standard_task_runner.py:104} INFO - Running: ['***', 'tasks', 'run', 'hgb_train', 'save_results', 'scheduled__2024-10-07T01:00:00+00:00', '--job-id', '746', '--raw', '--subdir', 'DAGS_FOLDER/train_models.py', '--cfg-path', '/tmp/tmpkzqv8xlw']
[2024-10-08T14:31:30.896+0500] {standard_task_runner.py:105} INFO - Job 746: Subtask save_results
[2024-10-08T14:31:30.947+0500] {task_command.py:467} INFO - Running <TaskInstance: hgb_train.save_results scheduled__2024-10-07T01:00:00+00:00 [running]> on host nicolaspc-HP-Pavilion-Laptop-15-eh1xxx
[2024-10-08T14:31:31.035+0500] {taskinstance.py:3122} INFO - Exporting env vars: AIRFLOW_CTX_DAG_OWNER='Nicolas Pal' AIRFLOW_CTX_DAG_ID='hgb_train' AIRFLOW_CTX_TASK_ID='save_results' AIRFLOW_CTX_EXECUTION_DATE='2024-10-07T01:00:00+00:00' AIRFLOW_CTX_TRY_NUMBER='1' AIRFLOW_CTX_DAG_RUN_ID='scheduled__2024-10-07T01:00:00+00:00'
[2024-10-08T14:31:31.036+0500] {taskinstance.py:731} INFO - ::endgroup::
[2024-10-08T14:31:31.071+0500] {base.py:84} INFO - Retrieving connection 's3_connection'
[2024-10-08T14:31:31.072+0500] {connection_wrapper.py:384} INFO - AWS Connection (conn_id='s3_connection', conn_type='aws') credentials retrieved from login and password.
[2024-10-08T14:31:31.913+0500] {train_models.py:204} INFO - Результаты сохранены в папку result
[2024-10-08T14:31:31.915+0500] {python.py:240} INFO - Done. Returned value was: None
[2024-10-08T14:31:31.930+0500] {taskinstance.py:340} INFO - ::group::Post task execution logs
[2024-10-08T14:31:31.931+0500] {taskinstance.py:352} INFO - Marking task as SUCCESS. dag_id=hgb_train, task_id=save_results, run_id=scheduled__2024-10-07T01:00:00+00:00, execution_date=20241007T010000, start_date=20241008T093130, end_date=20241008T093131
[2024-10-08T14:31:31.995+0500] {local_task_job_runner.py:261} INFO - Task exited with return code 0
[2024-10-08T14:31:32.015+0500] {taskinstance.py:3891} INFO - 0 downstream tasks scheduled from follow-on schedule check
[2024-10-08T14:31:32.017+0500] {local_task_job_runner.py:240} INFO - ::endgroup::
