[2024-10-02T18:57:26.523+0500] {local_task_job_runner.py:123} INFO - ::group::Pre task execution logs
[2024-10-02T18:57:26.548+0500] {taskinstance.py:2603} INFO - Dependencies all met for dep_context=non-requeueable deps ti=<TaskInstance: lr_train.init scheduled__2024-10-01T01:00:00+00:00 [queued]>
[2024-10-02T18:57:26.559+0500] {taskinstance.py:2603} INFO - Dependencies all met for dep_context=requeueable deps ti=<TaskInstance: lr_train.init scheduled__2024-10-01T01:00:00+00:00 [queued]>
[2024-10-02T18:57:26.559+0500] {taskinstance.py:2856} INFO - Starting attempt 1 of 1
[2024-10-02T18:57:26.577+0500] {taskinstance.py:2879} INFO - Executing <Task(PythonOperator): init> on 2024-10-01 01:00:00+00:00
[2024-10-02T18:57:26.595+0500] {logging_mixin.py:190} WARNING - /home/nicolaspc/anaconda3/envs/mlops_env/lib/python3.12/site-packages/***/task/task_runner/standard_task_runner.py:70 DeprecationWarning: This process (pid=274667) is multi-threaded, use of fork() may lead to deadlocks in the child.
[2024-10-02T18:57:26.596+0500] {standard_task_runner.py:72} INFO - Started process 274748 to run task
[2024-10-02T18:57:26.595+0500] {standard_task_runner.py:104} INFO - Running: ['***', 'tasks', 'run', 'lr_train', 'init', 'scheduled__2024-10-01T01:00:00+00:00', '--job-id', '456', '--raw', '--subdir', 'DAGS_FOLDER/.ipynb_checkpoints/train_models-checkpoint.py', '--cfg-path', '/tmp/tmpot4h1roz']
[2024-10-02T18:57:26.597+0500] {standard_task_runner.py:105} INFO - Job 456: Subtask init
[2024-10-02T18:57:26.662+0500] {task_command.py:467} INFO - Running <TaskInstance: lr_train.init scheduled__2024-10-01T01:00:00+00:00 [running]> on host nicolaspc-HP-Pavilion-Laptop-15-eh1xxx
[2024-10-02T18:57:26.757+0500] {taskinstance.py:3122} INFO - Exporting env vars: AIRFLOW_CTX_DAG_OWNER='Nicolas Pal' AIRFLOW_CTX_DAG_ID='lr_train' AIRFLOW_CTX_TASK_ID='init' AIRFLOW_CTX_EXECUTION_DATE='2024-10-01T01:00:00+00:00' AIRFLOW_CTX_TRY_NUMBER='1' AIRFLOW_CTX_DAG_RUN_ID='scheduled__2024-10-01T01:00:00+00:00'
[2024-10-02T18:57:26.758+0500] {taskinstance.py:731} INFO - ::endgroup::
[2024-10-02T18:57:26.786+0500] {python.py:240} INFO - Done. Returned value was: None
[2024-10-02T18:57:26.799+0500] {taskinstance.py:340} INFO - ::group::Post task execution logs
[2024-10-02T18:57:26.799+0500] {taskinstance.py:352} INFO - Marking task as SUCCESS. dag_id=lr_train, task_id=init, run_id=scheduled__2024-10-01T01:00:00+00:00, execution_date=20241001T010000, start_date=20241002T135726, end_date=20241002T135726
[2024-10-02T18:57:26.851+0500] {local_task_job_runner.py:261} INFO - Task exited with return code 0
[2024-10-02T18:57:26.877+0500] {taskinstance.py:3891} INFO - 1 downstream tasks scheduled from follow-on schedule check
[2024-10-02T18:57:26.880+0500] {local_task_job_runner.py:240} INFO - ::endgroup::
[2024-10-02T19:19:05.739+0500] {local_task_job_runner.py:123} INFO - ::group::Pre task execution logs
[2024-10-02T19:19:05.756+0500] {taskinstance.py:2603} INFO - Dependencies all met for dep_context=non-requeueable deps ti=<TaskInstance: lr_train.init scheduled__2024-10-01T01:00:00+00:00 [queued]>
[2024-10-02T19:19:05.762+0500] {taskinstance.py:2603} INFO - Dependencies all met for dep_context=requeueable deps ti=<TaskInstance: lr_train.init scheduled__2024-10-01T01:00:00+00:00 [queued]>
[2024-10-02T19:19:05.763+0500] {taskinstance.py:2856} INFO - Starting attempt 1 of 1
[2024-10-02T19:19:05.773+0500] {taskinstance.py:2879} INFO - Executing <Task(PythonOperator): init> on 2024-10-01 01:00:00+00:00
[2024-10-02T19:19:05.787+0500] {logging_mixin.py:190} WARNING - /home/nicolaspc/anaconda3/envs/mlops_env/lib/python3.12/site-packages/***/task/task_runner/standard_task_runner.py:70 DeprecationWarning: This process (pid=18863) is multi-threaded, use of fork() may lead to deadlocks in the child.
[2024-10-02T19:19:05.788+0500] {standard_task_runner.py:72} INFO - Started process 18932 to run task
[2024-10-02T19:19:05.787+0500] {standard_task_runner.py:104} INFO - Running: ['***', 'tasks', 'run', 'lr_train', 'init', 'scheduled__2024-10-01T01:00:00+00:00', '--job-id', '486', '--raw', '--subdir', 'DAGS_FOLDER/.ipynb_checkpoints/train_models-checkpoint.py', '--cfg-path', '/tmp/tmpffgy6fk4']
[2024-10-02T19:19:05.789+0500] {standard_task_runner.py:105} INFO - Job 486: Subtask init
[2024-10-02T19:19:05.845+0500] {task_command.py:467} INFO - Running <TaskInstance: lr_train.init scheduled__2024-10-01T01:00:00+00:00 [running]> on host nicolaspc-HP-Pavilion-Laptop-15-eh1xxx
[2024-10-02T19:19:05.941+0500] {taskinstance.py:3122} INFO - Exporting env vars: AIRFLOW_CTX_DAG_OWNER='Nicolas Pal' AIRFLOW_CTX_DAG_ID='lr_train' AIRFLOW_CTX_TASK_ID='init' AIRFLOW_CTX_EXECUTION_DATE='2024-10-01T01:00:00+00:00' AIRFLOW_CTX_TRY_NUMBER='1' AIRFLOW_CTX_DAG_RUN_ID='scheduled__2024-10-01T01:00:00+00:00'
[2024-10-02T19:19:05.942+0500] {taskinstance.py:731} INFO - ::endgroup::
[2024-10-02T19:19:05.969+0500] {python.py:240} INFO - Done. Returned value was: None
[2024-10-02T19:19:05.982+0500] {taskinstance.py:340} INFO - ::group::Post task execution logs
[2024-10-02T19:19:05.982+0500] {taskinstance.py:352} INFO - Marking task as SUCCESS. dag_id=lr_train, task_id=init, run_id=scheduled__2024-10-01T01:00:00+00:00, execution_date=20241001T010000, start_date=20241002T141905, end_date=20241002T141905
[2024-10-02T19:19:06.042+0500] {local_task_job_runner.py:261} INFO - Task exited with return code 0
[2024-10-02T19:19:06.070+0500] {taskinstance.py:3891} INFO - 1 downstream tasks scheduled from follow-on schedule check
[2024-10-02T19:19:06.073+0500] {local_task_job_runner.py:240} INFO - ::endgroup::
