[2024-10-08T19:24:26.125+0500] {local_task_job_runner.py:123} INFO - ::group::Pre task execution logs
[2024-10-08T19:24:26.143+0500] {taskinstance.py:2603} INFO - Dependencies all met for dep_context=non-requeueable deps ti=<TaskInstance: nicolas_pal_rf_train.prepare_data manual__2024-10-08T14:24:15.703135+00:00 [queued]>
[2024-10-08T19:24:26.151+0500] {taskinstance.py:2603} INFO - Dependencies all met for dep_context=requeueable deps ti=<TaskInstance: nicolas_pal_rf_train.prepare_data manual__2024-10-08T14:24:15.703135+00:00 [queued]>
[2024-10-08T19:24:26.151+0500] {taskinstance.py:2856} INFO - Starting attempt 1 of 1
[2024-10-08T19:24:26.165+0500] {taskinstance.py:2879} INFO - Executing <Task(PythonOperator): prepare_data> on 2024-10-08 14:24:15.703135+00:00
[2024-10-08T19:24:26.178+0500] {logging_mixin.py:190} WARNING - /home/nicolaspc/anaconda3/envs/mlops_env/lib/python3.12/site-packages/***/task/task_runner/standard_task_runner.py:70 DeprecationWarning: This process (pid=262124) is multi-threaded, use of fork() may lead to deadlocks in the child.
[2024-10-08T19:24:26.179+0500] {standard_task_runner.py:72} INFO - Started process 262171 to run task
[2024-10-08T19:24:26.178+0500] {standard_task_runner.py:104} INFO - Running: ['***', 'tasks', 'run', 'nicolas_pal_rf_train', 'prepare_data', 'manual__2024-10-08T14:24:15.703135+00:00', '--job-id', '763', '--raw', '--subdir', 'DAGS_FOLDER/train_models.py', '--cfg-path', '/tmp/tmpg3ij_aie']
[2024-10-08T19:24:26.180+0500] {standard_task_runner.py:105} INFO - Job 763: Subtask prepare_data
[2024-10-08T19:24:26.236+0500] {task_command.py:467} INFO - Running <TaskInstance: nicolas_pal_rf_train.prepare_data manual__2024-10-08T14:24:15.703135+00:00 [running]> on host nicolaspc-HP-Pavilion-Laptop-15-eh1xxx
[2024-10-08T19:24:26.313+0500] {taskinstance.py:3122} INFO - Exporting env vars: AIRFLOW_CTX_DAG_OWNER='Nicolas Pal' AIRFLOW_CTX_DAG_ID='nicolas_pal_rf_train' AIRFLOW_CTX_TASK_ID='prepare_data' AIRFLOW_CTX_EXECUTION_DATE='2024-10-08T14:24:15.703135+00:00' AIRFLOW_CTX_TRY_NUMBER='1' AIRFLOW_CTX_DAG_RUN_ID='manual__2024-10-08T14:24:15.703135+00:00'
[2024-10-08T19:24:26.314+0500] {taskinstance.py:731} INFO - ::endgroup::
[2024-10-08T19:24:26.340+0500] {s3.py:1387} INFO - Downloading source S3 file from Bucket test-bucket-nicolas-1 with path NicolasPal/project1/nicolas_pal_rf/datasets/california_housing.pkl
[2024-10-08T19:24:26.497+0500] {base.py:84} INFO - Retrieving connection 's3_connection'
[2024-10-08T19:24:26.497+0500] {connection_wrapper.py:384} INFO - AWS Connection (conn_id='s3_connection', conn_type='aws') credentials retrieved from login and password.
[2024-10-08T19:24:33.421+0500] {train_models.py:130} INFO - Данные для обработки из S3 загружены
[2024-10-08T19:24:33.450+0500] {base.py:84} INFO - Retrieving connection 's3_connection'
[2024-10-08T19:24:33.451+0500] {connection_wrapper.py:384} INFO - AWS Connection (conn_id='s3_connection', conn_type='aws') credentials retrieved from login and password.
[2024-10-08T19:24:36.553+0500] {train_models.py:163} INFO - Данные подготовлены и сохранены на S3
[2024-10-08T19:24:36.556+0500] {python.py:240} INFO - Done. Returned value was: {'model': 'nicolas_pal_rf', 'start_timestamp': '20241008 19:24', 'experiment_id': '133', 'get_data_start': '20241008 19:24', 'get_data_end': '20241008 19:24', 'data_shape': [20640, 9], 'prepare_data_start': '20241008 19:24', 'prepare_data_end': '20241008 19:24', 'features_name': ['MedInc', 'HouseAge', 'AveRooms', 'AveBedrms', 'Population', 'AveOccup', 'Latitude', 'Longitude']}
[2024-10-08T19:24:36.591+0500] {taskinstance.py:340} INFO - ::group::Post task execution logs
[2024-10-08T19:24:36.591+0500] {taskinstance.py:352} INFO - Marking task as SUCCESS. dag_id=nicolas_pal_rf_train, task_id=prepare_data, run_id=manual__2024-10-08T14:24:15.703135+00:00, execution_date=20241008T142415, start_date=20241008T142426, end_date=20241008T142436
[2024-10-08T19:24:36.645+0500] {local_task_job_runner.py:261} INFO - Task exited with return code 0
[2024-10-08T19:24:36.668+0500] {taskinstance.py:3891} INFO - 1 downstream tasks scheduled from follow-on schedule check
[2024-10-08T19:24:36.671+0500] {local_task_job_runner.py:240} INFO - ::endgroup::
