[2024-07-20T20:46:55.443+0500] {local_task_job_runner.py:120} INFO - ::group::Pre task execution logs
[2024-07-20T20:46:55.468+0500] {taskinstance.py:2076} INFO - Dependencies all met for dep_context=non-requeueable deps ti=<TaskInstance: hgb_train.train_model scheduled__2024-07-19T01:00:00+00:00 [queued]>
[2024-07-20T20:46:55.481+0500] {taskinstance.py:2076} INFO - Dependencies all met for dep_context=requeueable deps ti=<TaskInstance: hgb_train.train_model scheduled__2024-07-19T01:00:00+00:00 [queued]>
[2024-07-20T20:46:55.482+0500] {taskinstance.py:2306} INFO - Starting attempt 1 of 1
[2024-07-20T20:46:55.498+0500] {taskinstance.py:2330} INFO - Executing <Task(PythonOperator): train_model> on 2024-07-19 01:00:00+00:00
[2024-07-20T20:46:55.515+0500] {logging_mixin.py:188} WARNING - /home/nicolaspc/anaconda3/envs/mlops_env/lib/python3.12/site-packages/airflow/task/task_runner/standard_task_runner.py:62 DeprecationWarning: This process (pid=27306) is multi-threaded, use of fork() may lead to deadlocks in the child.
[2024-07-20T20:46:55.516+0500] {standard_task_runner.py:64} INFO - Started process 27354 to run task
[2024-07-20T20:46:55.521+0500] {standard_task_runner.py:90} INFO - Running: ['airflow', 'tasks', 'run', 'hgb_train', 'train_model', 'scheduled__2024-07-19T01:00:00+00:00', '--job-id', '230', '--raw', '--subdir', 'DAGS_FOLDER/.ipynb_checkpoints/train_models-checkpoint.py', '--cfg-path', '/tmp/tmpp2refxpu']
[2024-07-20T20:46:55.523+0500] {standard_task_runner.py:91} INFO - Job 230: Subtask train_model
[2024-07-20T20:46:55.612+0500] {task_command.py:426} INFO - Running <TaskInstance: hgb_train.train_model scheduled__2024-07-19T01:00:00+00:00 [running]> on host nicolaspc-HP-Pavilion-Laptop-15-eh1xxx
[2024-07-20T20:46:55.731+0500] {taskinstance.py:2648} INFO - Exporting env vars: AIRFLOW_CTX_DAG_OWNER='Nicolas Pal' AIRFLOW_CTX_DAG_ID='hgb_train' AIRFLOW_CTX_TASK_ID='train_model' AIRFLOW_CTX_EXECUTION_DATE='2024-07-19T01:00:00+00:00' AIRFLOW_CTX_TRY_NUMBER='1' AIRFLOW_CTX_DAG_RUN_ID='scheduled__2024-07-19T01:00:00+00:00'
[2024-07-20T20:46:55.732+0500] {taskinstance.py:430} INFO - ::endgroup::
[2024-07-20T20:46:55.760+0500] {s3.py:1387} INFO - Downloading source S3 file from Bucket test-bucket-nicolas-1 with path dataset/X_train.pkl
[2024-07-20T20:46:55.779+0500] {base.py:84} INFO - Using connection ID 'aws_default' for task execution.
[2024-07-20T20:46:55.780+0500] {connection_wrapper.py:384} INFO - AWS Connection (conn_id='aws_default', conn_type='aws') credentials retrieved from login and password.
[2024-07-20T20:46:58.602+0500] {s3.py:1387} INFO - Downloading source S3 file from Bucket test-bucket-nicolas-1 with path dataset/X_test.pkl
[2024-07-20T20:46:59.241+0500] {s3.py:1387} INFO - Downloading source S3 file from Bucket test-bucket-nicolas-1 with path dataset/y_train.pkl
[2024-07-20T20:46:59.952+0500] {s3.py:1387} INFO - Downloading source S3 file from Bucket test-bucket-nicolas-1 with path dataset/y_test.pkl
[2024-07-20T20:47:00.415+0500] {train_models-checkpoint.py:112} INFO - Данные загружены
[2024-07-20T20:47:00.659+0500] {python.py:237} INFO - Done. Returned value was: {'model': 'hgb', 'start_tiemstamp': '20240720 20:46', 'train_start': '20240720 20:47', 'train_end': '20240720 20:47', 'R^2_score': 0.835020907907744, 'rmse': 0.46496245386022794, 'mae': 0.19923516268852703}
[2024-07-20T20:47:00.659+0500] {taskinstance.py:441} INFO - ::group::Post task execution logs
[2024-07-20T20:47:00.686+0500] {taskinstance.py:1206} INFO - Marking task as SUCCESS. dag_id=hgb_train, task_id=train_model, run_id=scheduled__2024-07-19T01:00:00+00:00, execution_date=20240719T010000, start_date=20240720T154655, end_date=20240720T154700
[2024-07-20T20:47:00.723+0500] {local_task_job_runner.py:243} INFO - Task exited with return code 0
[2024-07-20T20:47:00.743+0500] {taskinstance.py:3503} INFO - 1 downstream tasks scheduled from follow-on schedule check
[2024-07-20T20:47:00.745+0500] {local_task_job_runner.py:222} INFO - ::endgroup::
