[2024-09-19T08:12:56.375+0500] {local_task_job_runner.py:123} INFO - ::group::Pre task execution logs
[2024-09-19T08:12:56.399+0500] {taskinstance.py:2603} INFO - Dependencies all met for dep_context=non-requeueable deps ti=<TaskInstance: 3_models_dag.train_hgb manual__2024-09-19T03:12:40.326569+00:00 [queued]>
[2024-09-19T08:12:56.410+0500] {taskinstance.py:2603} INFO - Dependencies all met for dep_context=requeueable deps ti=<TaskInstance: 3_models_dag.train_hgb manual__2024-09-19T03:12:40.326569+00:00 [queued]>
[2024-09-19T08:12:56.411+0500] {taskinstance.py:2856} INFO - Starting attempt 1 of 1
[2024-09-19T08:12:56.427+0500] {taskinstance.py:2879} INFO - Executing <Task(PythonOperator): train_hgb> on 2024-09-19 03:12:40.326569+00:00
[2024-09-19T08:12:56.444+0500] {logging_mixin.py:190} WARNING - /home/nicolaspc/anaconda3/envs/mlops_env/lib/python3.12/site-packages/***/task/task_runner/standard_task_runner.py:70 DeprecationWarning: This process (pid=10094) is multi-threaded, use of fork() may lead to deadlocks in the child.
[2024-09-19T08:12:56.444+0500] {standard_task_runner.py:72} INFO - Started process 10240 to run task
[2024-09-19T08:12:56.444+0500] {standard_task_runner.py:104} INFO - Running: ['***', 'tasks', 'run', '3_models_dag', 'train_hgb', 'manual__2024-09-19T03:12:40.326569+00:00', '--job-id', '279', '--raw', '--subdir', 'DAGS_FOLDER/.ipynb_checkpoints/train_models-2-checkpoint.py', '--cfg-path', '/tmp/tmpm4z_i0lz']
[2024-09-19T08:12:56.446+0500] {standard_task_runner.py:105} INFO - Job 279: Subtask train_hgb
[2024-09-19T08:12:56.519+0500] {task_command.py:467} INFO - Running <TaskInstance: 3_models_dag.train_hgb manual__2024-09-19T03:12:40.326569+00:00 [running]> on host nicolaspc-HP-Pavilion-Laptop-15-eh1xxx
[2024-09-19T08:12:56.630+0500] {taskinstance.py:3122} INFO - Exporting env vars: AIRFLOW_CTX_DAG_OWNER='Nicolas Pal' AIRFLOW_CTX_DAG_ID='3_models_dag' AIRFLOW_CTX_TASK_ID='train_hgb' AIRFLOW_CTX_EXECUTION_DATE='2024-09-19T03:12:40.326569+00:00' AIRFLOW_CTX_TRY_NUMBER='1' AIRFLOW_CTX_DAG_RUN_ID='manual__2024-09-19T03:12:40.326569+00:00'
[2024-09-19T08:12:56.631+0500] {taskinstance.py:731} INFO - ::endgroup::
[2024-09-19T08:12:56.660+0500] {s3.py:1387} INFO - Downloading source S3 file from Bucket test-bucket-nicolas-1 with path dataset/X_train.pkl
[2024-09-19T08:12:56.676+0500] {base.py:84} INFO - Retrieving connection 'aws_default'
[2024-09-19T08:12:56.677+0500] {connection_wrapper.py:384} INFO - AWS Connection (conn_id='aws_default', conn_type='aws') credentials retrieved from login and password.
[2024-09-19T08:13:00.365+0500] {s3.py:1387} INFO - Downloading source S3 file from Bucket test-bucket-nicolas-1 with path dataset/X_test.pkl
[2024-09-19T08:13:01.016+0500] {s3.py:1387} INFO - Downloading source S3 file from Bucket test-bucket-nicolas-1 with path dataset/y_train.pkl
[2024-09-19T08:13:01.895+0500] {s3.py:1387} INFO - Downloading source S3 file from Bucket test-bucket-nicolas-1 with path dataset/y_test.pkl
[2024-09-19T08:13:02.425+0500] {train_models-2-checkpoint.py:140} INFO - Данные загружены
[2024-09-19T08:13:03.155+0500] {python.py:240} INFO - Done. Returned value was: {'start_tiemstamp': '20240919 08:12', 'data_download_start': '20240919 08:12', 'data_download_end': '20240919 08:12', 'data_preparation_end': '20240919 08:12', 'hgb_train_start': '20240919 08:13', 'hgb_train_end': '20240919 08:13', 'hgb_R^2_score': 0.8384600628100339, 'hgb_rmse': 0.46009062589690153, 'hgb_mae': 0.20415436858200164}
[2024-09-19T08:13:03.195+0500] {taskinstance.py:340} INFO - ::group::Post task execution logs
[2024-09-19T08:13:03.196+0500] {taskinstance.py:352} INFO - Marking task as SUCCESS. dag_id=3_models_dag, task_id=train_hgb, run_id=manual__2024-09-19T03:12:40.326569+00:00, execution_date=20240919T031240, start_date=20240919T031256, end_date=20240919T031303
[2024-09-19T08:13:03.239+0500] {local_task_job_runner.py:261} INFO - Task exited with return code 0
[2024-09-19T08:13:03.265+0500] {taskinstance.py:3891} INFO - 0 downstream tasks scheduled from follow-on schedule check
[2024-09-19T08:13:03.268+0500] {local_task_job_runner.py:240} INFO - ::endgroup::
