[2024-08-21T13:25:56.458+0500] {local_task_job_runner.py:123} INFO - ::group::Pre task execution logs
[2024-08-21T13:25:56.498+0500] {taskinstance.py:2603} INFO - Dependencies all met for dep_context=non-requeueable deps ti=<TaskInstance: 3_models_dag.train_lr manual__2024-08-21T08:25:39.245307+00:00 [queued]>
[2024-08-21T13:25:56.519+0500] {taskinstance.py:2603} INFO - Dependencies all met for dep_context=requeueable deps ti=<TaskInstance: 3_models_dag.train_lr manual__2024-08-21T08:25:39.245307+00:00 [queued]>
[2024-08-21T13:25:56.520+0500] {taskinstance.py:2856} INFO - Starting attempt 1 of 1
[2024-08-21T13:25:56.553+0500] {taskinstance.py:2879} INFO - Executing <Task(PythonOperator): train_lr> on 2024-08-21 08:25:39.245307+00:00
[2024-08-21T13:25:56.580+0500] {logging_mixin.py:190} WARNING - /home/nicolaspc/anaconda3/envs/mlops_env/lib/python3.12/site-packages/***/task/task_runner/standard_task_runner.py:70 DeprecationWarning: This process (pid=10419) is multi-threaded, use of fork() may lead to deadlocks in the child.
[2024-08-21T13:25:56.581+0500] {standard_task_runner.py:72} INFO - Started process 10512 to run task
[2024-08-21T13:25:56.580+0500] {standard_task_runner.py:104} INFO - Running: ['***', 'tasks', 'run', '3_models_dag', 'train_lr', 'manual__2024-08-21T08:25:39.245307+00:00', '--job-id', '104', '--raw', '--subdir', 'DAGS_FOLDER/.ipynb_checkpoints/train_models-2-checkpoint.py', '--cfg-path', '/tmp/tmp56rrhjr1']
[2024-08-21T13:25:56.582+0500] {standard_task_runner.py:105} INFO - Job 104: Subtask train_lr
[2024-08-21T13:25:56.678+0500] {task_command.py:467} INFO - Running <TaskInstance: 3_models_dag.train_lr manual__2024-08-21T08:25:39.245307+00:00 [running]> on host nicolaspc-HP-Pavilion-Laptop-15-eh1xxx
[2024-08-21T13:25:56.824+0500] {taskinstance.py:3122} INFO - Exporting env vars: AIRFLOW_CTX_DAG_OWNER='Nicolas Pal' AIRFLOW_CTX_DAG_ID='3_models_dag' AIRFLOW_CTX_TASK_ID='train_lr' AIRFLOW_CTX_EXECUTION_DATE='2024-08-21T08:25:39.245307+00:00' AIRFLOW_CTX_TRY_NUMBER='1' AIRFLOW_CTX_DAG_RUN_ID='manual__2024-08-21T08:25:39.245307+00:00'
[2024-08-21T13:25:56.825+0500] {taskinstance.py:731} INFO - ::endgroup::
[2024-08-21T13:25:56.889+0500] {s3.py:1387} INFO - Downloading source S3 file from Bucket test-bucket-nicolas-1 with path dataset/X_train.pkl
[2024-08-21T13:25:56.920+0500] {base.py:84} INFO - Retrieving connection 'aws_default'
[2024-08-21T13:25:56.921+0500] {connection_wrapper.py:384} INFO - AWS Connection (conn_id='aws_default', conn_type='aws') credentials retrieved from login and password.
[2024-08-21T13:25:58.569+0500] {s3.py:1387} INFO - Downloading source S3 file from Bucket test-bucket-nicolas-1 with path dataset/X_test.pkl
[2024-08-21T13:25:59.024+0500] {s3.py:1387} INFO - Downloading source S3 file from Bucket test-bucket-nicolas-1 with path dataset/y_train.pkl
[2024-08-21T13:25:59.488+0500] {s3.py:1387} INFO - Downloading source S3 file from Bucket test-bucket-nicolas-1 with path dataset/y_test.pkl
[2024-08-21T13:25:59.973+0500] {train_models-2-checkpoint.py:140} INFO - Данные загружены
[2024-08-21T13:26:00.008+0500] {python.py:240} INFO - Done. Returned value was: {'start_tiemstamp': '20240821 13:25', 'data_download_start': '20240821 13:25', 'data_download_end': '20240821 13:25', 'data_preparation_end': '20240821 13:25', 'lr_train_start': '20240821 13:25', 'lr_train_end': '20240821 13:26', 'lr_R^2_score': 0.575787706032451, 'lr_rmse': 0.7455813830127763, 'lr_mae': 0.4102330008496219}
[2024-08-21T13:26:00.096+0500] {taskinstance.py:340} INFO - ::group::Post task execution logs
[2024-08-21T13:26:00.097+0500] {taskinstance.py:352} INFO - Marking task as SUCCESS. dag_id=3_models_dag, task_id=train_lr, run_id=manual__2024-08-21T08:25:39.245307+00:00, execution_date=20240821T082539, start_date=20240821T082556, end_date=20240821T082600
[2024-08-21T13:26:00.174+0500] {local_task_job_runner.py:261} INFO - Task exited with return code 0
[2024-08-21T13:26:00.204+0500] {taskinstance.py:3891} INFO - 0 downstream tasks scheduled from follow-on schedule check
[2024-08-21T13:26:00.207+0500] {local_task_job_runner.py:240} INFO - ::endgroup::
