[2024-10-08T23:46:09.803+0500] {local_task_job_runner.py:123} INFO - ::group::Pre task execution logs
[2024-10-08T23:46:09.824+0500] {taskinstance.py:2603} INFO - Dependencies all met for dep_context=non-requeueable deps ti=<TaskInstance: 3_models_NicolasPal.init manual__2024-10-08T18:46:07.961740+00:00 [queued]>
[2024-10-08T23:46:09.832+0500] {taskinstance.py:2603} INFO - Dependencies all met for dep_context=requeueable deps ti=<TaskInstance: 3_models_NicolasPal.init manual__2024-10-08T18:46:07.961740+00:00 [queued]>
[2024-10-08T23:46:09.833+0500] {taskinstance.py:2856} INFO - Starting attempt 1 of 1
[2024-10-08T23:46:09.853+0500] {taskinstance.py:2879} INFO - Executing <Task(PythonOperator): init> on 2024-10-08 18:46:07.961740+00:00
[2024-10-08T23:46:09.870+0500] {logging_mixin.py:190} WARNING - /home/nicolaspc/anaconda3/envs/mlops_env/lib/python3.12/site-packages/***/task/task_runner/standard_task_runner.py:70 DeprecationWarning: This process (pid=63101) is multi-threaded, use of fork() may lead to deadlocks in the child.
[2024-10-08T23:46:09.871+0500] {standard_task_runner.py:72} INFO - Started process 63151 to run task
[2024-10-08T23:46:09.870+0500] {standard_task_runner.py:104} INFO - Running: ['***', 'tasks', 'run', '3_models_NicolasPal', 'init', 'manual__2024-10-08T18:46:07.961740+00:00', '--job-id', '947', '--raw', '--subdir', 'DAGS_FOLDER/project_2.py', '--cfg-path', '/tmp/tmpsvlm91e2']
[2024-10-08T23:46:09.873+0500] {standard_task_runner.py:105} INFO - Job 947: Subtask init
[2024-10-08T23:46:09.935+0500] {task_command.py:467} INFO - Running <TaskInstance: 3_models_NicolasPal.init manual__2024-10-08T18:46:07.961740+00:00 [running]> on host nicolaspc-HP-Pavilion-Laptop-15-eh1xxx
[2024-10-08T23:46:10.024+0500] {taskinstance.py:3122} INFO - Exporting env vars: AIRFLOW_CTX_DAG_OWNER='Nicolas Pal' AIRFLOW_CTX_DAG_ID='3_models_NicolasPal' AIRFLOW_CTX_TASK_ID='init' AIRFLOW_CTX_EXECUTION_DATE='2024-10-08T18:46:07.961740+00:00' AIRFLOW_CTX_TRY_NUMBER='1' AIRFLOW_CTX_DAG_RUN_ID='manual__2024-10-08T18:46:07.961740+00:00'
[2024-10-08T23:46:10.026+0500] {taskinstance.py:731} INFO - ::endgroup::
[2024-10-08T23:46:10.305+0500] {migration.py:216} INFO - Context impl PostgresqlImpl.
[2024-10-08T23:46:10.305+0500] {migration.py:219} INFO - Will assume transactional DDL.
[2024-10-08T23:46:10.556+0500] {python.py:240} INFO - Done. Returned value was: {'start_tiemstamp': '20241008 23:46', 'experiment_id': '170', 'parent_run_id': '87d4bcf76a274503a104922c1dc1e6bf'}
[2024-10-08T23:46:10.588+0500] {taskinstance.py:340} INFO - ::group::Post task execution logs
[2024-10-08T23:46:10.588+0500] {taskinstance.py:352} INFO - Marking task as SUCCESS. dag_id=3_models_NicolasPal, task_id=init, run_id=manual__2024-10-08T18:46:07.961740+00:00, execution_date=20241008T184607, start_date=20241008T184609, end_date=20241008T184610
[2024-10-08T23:46:10.648+0500] {local_task_job_runner.py:261} INFO - Task exited with return code 0
[2024-10-08T23:46:10.676+0500] {taskinstance.py:3891} INFO - 1 downstream tasks scheduled from follow-on schedule check
[2024-10-08T23:46:10.679+0500] {local_task_job_runner.py:240} INFO - ::endgroup::
