[2024-10-08T14:31:26.157+0500] {local_task_job_runner.py:123} INFO - ::group::Pre task execution logs
[2024-10-08T14:31:26.181+0500] {taskinstance.py:2603} INFO - Dependencies all met for dep_context=non-requeueable deps ti=<TaskInstance: hgb_train.train_model scheduled__2024-10-07T01:00:00+00:00 [queued]>
[2024-10-08T14:31:26.187+0500] {taskinstance.py:2603} INFO - Dependencies all met for dep_context=requeueable deps ti=<TaskInstance: hgb_train.train_model scheduled__2024-10-07T01:00:00+00:00 [queued]>
[2024-10-08T14:31:26.188+0500] {taskinstance.py:2856} INFO - Starting attempt 1 of 1
[2024-10-08T14:31:26.203+0500] {taskinstance.py:2879} INFO - Executing <Task(PythonOperator): train_model> on 2024-10-07 01:00:00+00:00
[2024-10-08T14:31:26.219+0500] {logging_mixin.py:190} WARNING - /home/nicolaspc/anaconda3/envs/mlops_env/lib/python3.12/site-packages/***/task/task_runner/standard_task_runner.py:70 DeprecationWarning: This process (pid=48763) is multi-threaded, use of fork() may lead to deadlocks in the child.
[2024-10-08T14:31:26.220+0500] {standard_task_runner.py:72} INFO - Started process 48831 to run task
[2024-10-08T14:31:26.219+0500] {standard_task_runner.py:104} INFO - Running: ['***', 'tasks', 'run', 'hgb_train', 'train_model', 'scheduled__2024-10-07T01:00:00+00:00', '--job-id', '745', '--raw', '--subdir', 'DAGS_FOLDER/train_models.py', '--cfg-path', '/tmp/tmp6q20xnzw']
[2024-10-08T14:31:26.221+0500] {standard_task_runner.py:105} INFO - Job 745: Subtask train_model
[2024-10-08T14:31:26.281+0500] {task_command.py:467} INFO - Running <TaskInstance: hgb_train.train_model scheduled__2024-10-07T01:00:00+00:00 [running]> on host nicolaspc-HP-Pavilion-Laptop-15-eh1xxx
[2024-10-08T14:31:26.379+0500] {taskinstance.py:3122} INFO - Exporting env vars: AIRFLOW_CTX_DAG_OWNER='Nicolas Pal' AIRFLOW_CTX_DAG_ID='hgb_train' AIRFLOW_CTX_TASK_ID='train_model' AIRFLOW_CTX_EXECUTION_DATE='2024-10-07T01:00:00+00:00' AIRFLOW_CTX_TRY_NUMBER='1' AIRFLOW_CTX_DAG_RUN_ID='scheduled__2024-10-07T01:00:00+00:00'
[2024-10-08T14:31:26.380+0500] {taskinstance.py:731} INFO - ::endgroup::
[2024-10-08T14:31:26.407+0500] {s3.py:1387} INFO - Downloading source S3 file from Bucket test-bucket-nicolas-1 with path NicolasPal/hgb/datasets/X_train.pkl
[2024-10-08T14:31:26.420+0500] {base.py:84} INFO - Retrieving connection 's3_connection'
[2024-10-08T14:31:26.421+0500] {connection_wrapper.py:384} INFO - AWS Connection (conn_id='s3_connection', conn_type='aws') credentials retrieved from login and password.
[2024-10-08T14:31:27.894+0500] {s3.py:1387} INFO - Downloading source S3 file from Bucket test-bucket-nicolas-1 with path NicolasPal/hgb/datasets/X_test.pkl
[2024-10-08T14:31:28.329+0500] {s3.py:1387} INFO - Downloading source S3 file from Bucket test-bucket-nicolas-1 with path NicolasPal/hgb/datasets/y_train.pkl
[2024-10-08T14:31:28.791+0500] {s3.py:1387} INFO - Downloading source S3 file from Bucket test-bucket-nicolas-1 with path NicolasPal/hgb/datasets/y_test.pkl
[2024-10-08T14:31:29.279+0500] {train_models.py:160} INFO - Данные для обучения модели из S3 загружены
[2024-10-08T14:31:29.547+0500] {train_models.py:181} INFO - Модели обучены, метрики сохранены
[2024-10-08T14:31:29.549+0500] {python.py:240} INFO - Done. Returned value was: {'model': 'hgb', 'start_timestamp': '20241008 14:31', 'get_data_start': '20241008 14:31', 'get_data_end': '20241008 14:31', 'data_shape': [20640, 9], 'prepare_data_start': '20241008 14:31', 'prepare_data_end': '20241008 14:31', 'features_name': ['MedInc', 'HouseAge', 'AveRooms', 'AveBedrms', 'Population', 'AveOccup', 'Latitude', 'Longitude'], 'train_model_start': '20241008 14:31', 'train_model_end': '20241008 14:31', 'R^2_score': 0.84, 'rmse': 0.46, 'mae': 0.2}
[2024-10-08T14:31:29.589+0500] {taskinstance.py:340} INFO - ::group::Post task execution logs
[2024-10-08T14:31:29.589+0500] {taskinstance.py:352} INFO - Marking task as SUCCESS. dag_id=hgb_train, task_id=train_model, run_id=scheduled__2024-10-07T01:00:00+00:00, execution_date=20241007T010000, start_date=20241008T093126, end_date=20241008T093129
[2024-10-08T14:31:29.616+0500] {local_task_job_runner.py:261} INFO - Task exited with return code 0
[2024-10-08T14:31:29.637+0500] {taskinstance.py:3891} INFO - 1 downstream tasks scheduled from follow-on schedule check
[2024-10-08T14:31:29.639+0500] {local_task_job_runner.py:240} INFO - ::endgroup::
