[2024-08-19T11:10:43.881+0500] {local_task_job_runner.py:120} INFO - ::group::Pre task execution logs
[2024-08-19T11:10:43.900+0500] {taskinstance.py:2076} INFO - Dependencies all met for dep_context=non-requeueable deps ti=<TaskInstance: 3_models_dag.save_results manual__2024-08-19T06:10:12.653147+00:00 [queued]>
[2024-08-19T11:10:43.907+0500] {taskinstance.py:2076} INFO - Dependencies all met for dep_context=requeueable deps ti=<TaskInstance: 3_models_dag.save_results manual__2024-08-19T06:10:12.653147+00:00 [queued]>
[2024-08-19T11:10:43.908+0500] {taskinstance.py:2306} INFO - Starting attempt 1 of 1
[2024-08-19T11:10:43.919+0500] {taskinstance.py:2330} INFO - Executing <Task(PythonOperator): save_results> on 2024-08-19 06:10:12.653147+00:00
[2024-08-19T11:10:43.930+0500] {standard_task_runner.py:90} INFO - Running: ['airflow', 'tasks', 'run', '3_models_dag', 'save_results', 'manual__2024-08-19T06:10:12.653147+00:00', '--job-id', '332', '--raw', '--subdir', 'DAGS_FOLDER/train_models-2.py', '--cfg-path', '/tmp/tmpe1vrxae0']
[2024-08-19T11:10:43.932+0500] {standard_task_runner.py:91} INFO - Job 332: Subtask save_results
[2024-08-19T11:10:43.934+0500] {logging_mixin.py:188} WARNING - /home/nicolaspc/anaconda3/envs/mlops_env/lib/python3.12/site-packages/airflow/task/task_runner/standard_task_runner.py:62 DeprecationWarning: This process (pid=7510) is multi-threaded, use of fork() may lead to deadlocks in the child.
[2024-08-19T11:10:43.934+0500] {standard_task_runner.py:64} INFO - Started process 7533 to run task
[2024-08-19T11:10:43.984+0500] {task_command.py:426} INFO - Running <TaskInstance: 3_models_dag.save_results manual__2024-08-19T06:10:12.653147+00:00 [running]> on host nicolaspc-HP-Pavilion-Laptop-15-eh1xxx
[2024-08-19T11:10:44.067+0500] {taskinstance.py:2648} INFO - Exporting env vars: AIRFLOW_CTX_DAG_OWNER='Nicolas Pal' AIRFLOW_CTX_DAG_ID='3_models_dag' AIRFLOW_CTX_TASK_ID='save_results' AIRFLOW_CTX_EXECUTION_DATE='2024-08-19T06:10:12.653147+00:00' AIRFLOW_CTX_TRY_NUMBER='1' AIRFLOW_CTX_DAG_RUN_ID='manual__2024-08-19T06:10:12.653147+00:00'
[2024-08-19T11:10:44.068+0500] {taskinstance.py:430} INFO - ::endgroup::
[2024-08-19T11:10:44.093+0500] {base.py:84} INFO - Using connection ID 'aws_default' for task execution.
[2024-08-19T11:10:44.093+0500] {connection_wrapper.py:384} INFO - AWS Connection (conn_id='aws_default', conn_type='aws') credentials retrieved from login and password.
[2024-08-19T11:10:45.293+0500] {python.py:237} INFO - Done. Returned value was: None
[2024-08-19T11:10:45.294+0500] {taskinstance.py:441} INFO - ::group::Post task execution logs
[2024-08-19T11:10:45.323+0500] {taskinstance.py:1206} INFO - Marking task as SUCCESS. dag_id=3_models_dag, task_id=save_results, run_id=manual__2024-08-19T06:10:12.653147+00:00, execution_date=20240819T061012, start_date=20240819T061043, end_date=20240819T061045
[2024-08-19T11:10:45.393+0500] {local_task_job_runner.py:243} INFO - Task exited with return code 0
[2024-08-19T11:10:45.409+0500] {taskinstance.py:3503} INFO - 0 downstream tasks scheduled from follow-on schedule check
[2024-08-19T11:10:45.412+0500] {local_task_job_runner.py:222} INFO - ::endgroup::
