[2024-07-07T23:55:11.517+0500] {processor.py:161} INFO - Started process (PID=3565) to work on /home/nicolaspc/airflow/dags/dag_1.py
[2024-07-07T23:55:11.518+0500] {processor.py:830} INFO - Processing file /home/nicolaspc/airflow/dags/dag_1.py for tasks to queue
[2024-07-07T23:55:11.519+0500] {logging_mixin.py:188} INFO - [2024-07-07T23:55:11.519+0500] {dagbag.py:545} INFO - Filling up the DagBag from /home/nicolaspc/airflow/dags/dag_1.py
[2024-07-07T23:55:11.528+0500] {processor.py:840} INFO - DAG(s) 'mlops_dag_1' retrieved from /home/nicolaspc/airflow/dags/dag_1.py
[2024-07-07T23:55:11.543+0500] {logging_mixin.py:188} INFO - [2024-07-07T23:55:11.543+0500] {dag.py:3096} INFO - Sync 1 DAGs
[2024-07-07T23:55:11.560+0500] {logging_mixin.py:188} INFO - [2024-07-07T23:55:11.560+0500] {dag.py:3954} INFO - Setting next_dagrun for mlops_dag_1 to 2024-07-07 01:00:00+00:00, run_after=2024-07-08 01:00:00+00:00
[2024-07-07T23:55:11.574+0500] {processor.py:183} INFO - Processing /home/nicolaspc/airflow/dags/dag_1.py took 0.061 seconds
[2024-07-07T23:55:42.594+0500] {processor.py:161} INFO - Started process (PID=3640) to work on /home/nicolaspc/airflow/dags/dag_1.py
[2024-07-07T23:55:42.602+0500] {processor.py:830} INFO - Processing file /home/nicolaspc/airflow/dags/dag_1.py for tasks to queue
[2024-07-07T23:55:42.604+0500] {logging_mixin.py:188} INFO - [2024-07-07T23:55:42.604+0500] {dagbag.py:545} INFO - Filling up the DagBag from /home/nicolaspc/airflow/dags/dag_1.py
[2024-07-07T23:55:42.612+0500] {processor.py:840} INFO - DAG(s) 'mlops_dag_1' retrieved from /home/nicolaspc/airflow/dags/dag_1.py
[2024-07-07T23:55:42.685+0500] {logging_mixin.py:188} INFO - [2024-07-07T23:55:42.685+0500] {dag.py:3096} INFO - Sync 1 DAGs
[2024-07-07T23:55:42.699+0500] {logging_mixin.py:188} INFO - [2024-07-07T23:55:42.699+0500] {dag.py:3954} INFO - Setting next_dagrun for mlops_dag_1 to 2024-07-07 01:00:00+00:00, run_after=2024-07-08 01:00:00+00:00
[2024-07-07T23:55:42.722+0500] {processor.py:183} INFO - Processing /home/nicolaspc/airflow/dags/dag_1.py took 0.132 seconds
[2024-07-07T23:56:07.384+0500] {processor.py:161} INFO - Started process (PID=3707) to work on /home/nicolaspc/airflow/dags/dag_1.py
[2024-07-07T23:56:07.384+0500] {processor.py:830} INFO - Processing file /home/nicolaspc/airflow/dags/dag_1.py for tasks to queue
[2024-07-07T23:56:07.385+0500] {logging_mixin.py:188} INFO - [2024-07-07T23:56:07.385+0500] {dagbag.py:545} INFO - Filling up the DagBag from /home/nicolaspc/airflow/dags/dag_1.py
[2024-07-07T23:56:07.394+0500] {processor.py:840} INFO - DAG(s) 'mlops_dag_1' retrieved from /home/nicolaspc/airflow/dags/dag_1.py
[2024-07-07T23:56:07.409+0500] {logging_mixin.py:188} INFO - [2024-07-07T23:56:07.409+0500] {dag.py:3096} INFO - Sync 1 DAGs
[2024-07-07T23:56:07.426+0500] {logging_mixin.py:188} INFO - [2024-07-07T23:56:07.426+0500] {dag.py:3954} INFO - Setting next_dagrun for mlops_dag_1 to 2024-07-07 01:00:00+00:00, run_after=2024-07-08 01:00:00+00:00
[2024-07-07T23:56:07.444+0500] {processor.py:183} INFO - Processing /home/nicolaspc/airflow/dags/dag_1.py took 0.065 seconds
[2024-07-07T23:56:13.774+0500] {processor.py:161} INFO - Started process (PID=3753) to work on /home/nicolaspc/airflow/dags/dag_1.py
[2024-07-07T23:56:13.775+0500] {processor.py:830} INFO - Processing file /home/nicolaspc/airflow/dags/dag_1.py for tasks to queue
[2024-07-07T23:56:13.776+0500] {logging_mixin.py:188} INFO - [2024-07-07T23:56:13.775+0500] {dagbag.py:545} INFO - Filling up the DagBag from /home/nicolaspc/airflow/dags/dag_1.py
[2024-07-07T23:56:13.784+0500] {processor.py:840} INFO - DAG(s) 'mlops_dag_1' retrieved from /home/nicolaspc/airflow/dags/dag_1.py
[2024-07-07T23:56:13.806+0500] {logging_mixin.py:188} INFO - [2024-07-07T23:56:13.806+0500] {dag.py:3096} INFO - Sync 1 DAGs
[2024-07-07T23:56:13.824+0500] {logging_mixin.py:188} INFO - [2024-07-07T23:56:13.824+0500] {dag.py:3954} INFO - Setting next_dagrun for mlops_dag_1 to 2024-07-07 01:00:00+00:00, run_after=2024-07-08 01:00:00+00:00
[2024-07-07T23:56:13.839+0500] {processor.py:183} INFO - Processing /home/nicolaspc/airflow/dags/dag_1.py took 0.069 seconds
[2024-07-07T23:56:38.492+0500] {processor.py:161} INFO - Started process (PID=3920) to work on /home/nicolaspc/airflow/dags/dag_1.py
[2024-07-07T23:56:38.500+0500] {processor.py:830} INFO - Processing file /home/nicolaspc/airflow/dags/dag_1.py for tasks to queue
[2024-07-07T23:56:38.502+0500] {logging_mixin.py:188} INFO - [2024-07-07T23:56:38.502+0500] {dagbag.py:545} INFO - Filling up the DagBag from /home/nicolaspc/airflow/dags/dag_1.py
[2024-07-07T23:56:38.511+0500] {processor.py:840} INFO - DAG(s) 'mlops_dag_1' retrieved from /home/nicolaspc/airflow/dags/dag_1.py
[2024-07-07T23:56:38.532+0500] {logging_mixin.py:188} INFO - [2024-07-07T23:56:38.532+0500] {dag.py:3096} INFO - Sync 1 DAGs
[2024-07-07T23:56:38.550+0500] {logging_mixin.py:188} INFO - [2024-07-07T23:56:38.550+0500] {dag.py:3954} INFO - Setting next_dagrun for mlops_dag_1 to 2024-07-07 01:00:00+00:00, run_after=2024-07-08 01:00:00+00:00
[2024-07-07T23:56:38.564+0500] {processor.py:183} INFO - Processing /home/nicolaspc/airflow/dags/dag_1.py took 0.076 seconds
[2024-07-07T23:56:44.895+0500] {processor.py:161} INFO - Started process (PID=3984) to work on /home/nicolaspc/airflow/dags/dag_1.py
[2024-07-07T23:56:44.896+0500] {processor.py:830} INFO - Processing file /home/nicolaspc/airflow/dags/dag_1.py for tasks to queue
[2024-07-07T23:56:44.897+0500] {logging_mixin.py:188} INFO - [2024-07-07T23:56:44.896+0500] {dagbag.py:545} INFO - Filling up the DagBag from /home/nicolaspc/airflow/dags/dag_1.py
[2024-07-07T23:56:44.906+0500] {processor.py:840} INFO - DAG(s) 'mlops_dag_1' retrieved from /home/nicolaspc/airflow/dags/dag_1.py
[2024-07-07T23:56:44.928+0500] {logging_mixin.py:188} INFO - [2024-07-07T23:56:44.927+0500] {dag.py:3096} INFO - Sync 1 DAGs
[2024-07-07T23:56:44.944+0500] {logging_mixin.py:188} INFO - [2024-07-07T23:56:44.943+0500] {dag.py:3954} INFO - Setting next_dagrun for mlops_dag_1 to 2024-07-07 01:00:00+00:00, run_after=2024-07-08 01:00:00+00:00
[2024-07-07T23:56:44.959+0500] {processor.py:183} INFO - Processing /home/nicolaspc/airflow/dags/dag_1.py took 0.068 seconds
[2024-07-07T23:57:09.566+0500] {processor.py:161} INFO - Started process (PID=4131) to work on /home/nicolaspc/airflow/dags/dag_1.py
[2024-07-07T23:57:09.574+0500] {processor.py:830} INFO - Processing file /home/nicolaspc/airflow/dags/dag_1.py for tasks to queue
[2024-07-07T23:57:09.576+0500] {logging_mixin.py:188} INFO - [2024-07-07T23:57:09.576+0500] {dagbag.py:545} INFO - Filling up the DagBag from /home/nicolaspc/airflow/dags/dag_1.py
[2024-07-07T23:57:09.585+0500] {processor.py:840} INFO - DAG(s) 'mlops_dag_1' retrieved from /home/nicolaspc/airflow/dags/dag_1.py
[2024-07-07T23:57:09.607+0500] {logging_mixin.py:188} INFO - [2024-07-07T23:57:09.607+0500] {dag.py:3096} INFO - Sync 1 DAGs
[2024-07-07T23:57:09.624+0500] {logging_mixin.py:188} INFO - [2024-07-07T23:57:09.623+0500] {dag.py:3954} INFO - Setting next_dagrun for mlops_dag_1 to 2024-07-07 01:00:00+00:00, run_after=2024-07-08 01:00:00+00:00
[2024-07-07T23:57:09.639+0500] {processor.py:183} INFO - Processing /home/nicolaspc/airflow/dags/dag_1.py took 0.077 seconds
[2024-07-07T23:57:15.935+0500] {processor.py:161} INFO - Started process (PID=4177) to work on /home/nicolaspc/airflow/dags/dag_1.py
[2024-07-07T23:57:15.943+0500] {processor.py:830} INFO - Processing file /home/nicolaspc/airflow/dags/dag_1.py for tasks to queue
[2024-07-07T23:57:15.945+0500] {logging_mixin.py:188} INFO - [2024-07-07T23:57:15.945+0500] {dagbag.py:545} INFO - Filling up the DagBag from /home/nicolaspc/airflow/dags/dag_1.py
[2024-07-07T23:57:15.954+0500] {processor.py:840} INFO - DAG(s) 'mlops_dag_1' retrieved from /home/nicolaspc/airflow/dags/dag_1.py
[2024-07-07T23:57:15.979+0500] {logging_mixin.py:188} INFO - [2024-07-07T23:57:15.979+0500] {dag.py:3096} INFO - Sync 1 DAGs
[2024-07-07T23:57:15.995+0500] {logging_mixin.py:188} INFO - [2024-07-07T23:57:15.995+0500] {dag.py:3954} INFO - Setting next_dagrun for mlops_dag_1 to 2024-07-07 01:00:00+00:00, run_after=2024-07-08 01:00:00+00:00
[2024-07-07T23:57:16.011+0500] {processor.py:183} INFO - Processing /home/nicolaspc/airflow/dags/dag_1.py took 0.080 seconds
[2024-07-07T23:57:40.647+0500] {processor.py:161} INFO - Started process (PID=4224) to work on /home/nicolaspc/airflow/dags/dag_1.py
[2024-07-07T23:57:40.651+0500] {processor.py:830} INFO - Processing file /home/nicolaspc/airflow/dags/dag_1.py for tasks to queue
[2024-07-07T23:57:40.652+0500] {logging_mixin.py:188} INFO - [2024-07-07T23:57:40.652+0500] {dagbag.py:545} INFO - Filling up the DagBag from /home/nicolaspc/airflow/dags/dag_1.py
[2024-07-07T23:57:40.661+0500] {processor.py:840} INFO - DAG(s) 'mlops_dag_1' retrieved from /home/nicolaspc/airflow/dags/dag_1.py
[2024-07-07T23:57:40.683+0500] {logging_mixin.py:188} INFO - [2024-07-07T23:57:40.683+0500] {dag.py:3096} INFO - Sync 1 DAGs
[2024-07-07T23:57:40.701+0500] {logging_mixin.py:188} INFO - [2024-07-07T23:57:40.700+0500] {dag.py:3954} INFO - Setting next_dagrun for mlops_dag_1 to 2024-07-07 01:00:00+00:00, run_after=2024-07-08 01:00:00+00:00
[2024-07-07T23:57:40.807+0500] {processor.py:183} INFO - Processing /home/nicolaspc/airflow/dags/dag_1.py took 0.164 seconds
[2024-07-07T23:57:47.001+0500] {processor.py:161} INFO - Started process (PID=4271) to work on /home/nicolaspc/airflow/dags/dag_1.py
[2024-07-07T23:57:47.010+0500] {processor.py:830} INFO - Processing file /home/nicolaspc/airflow/dags/dag_1.py for tasks to queue
[2024-07-07T23:57:47.012+0500] {logging_mixin.py:188} INFO - [2024-07-07T23:57:47.011+0500] {dagbag.py:545} INFO - Filling up the DagBag from /home/nicolaspc/airflow/dags/dag_1.py
[2024-07-07T23:57:47.020+0500] {processor.py:840} INFO - DAG(s) 'mlops_dag_1' retrieved from /home/nicolaspc/airflow/dags/dag_1.py
[2024-07-07T23:57:47.041+0500] {logging_mixin.py:188} INFO - [2024-07-07T23:57:47.041+0500] {dag.py:3096} INFO - Sync 1 DAGs
[2024-07-07T23:57:47.059+0500] {logging_mixin.py:188} INFO - [2024-07-07T23:57:47.059+0500] {dag.py:3954} INFO - Setting next_dagrun for mlops_dag_1 to 2024-07-07 01:00:00+00:00, run_after=2024-07-08 01:00:00+00:00
[2024-07-07T23:57:47.074+0500] {processor.py:183} INFO - Processing /home/nicolaspc/airflow/dags/dag_1.py took 0.077 seconds
[2024-07-07T23:58:11.733+0500] {processor.py:161} INFO - Started process (PID=4332) to work on /home/nicolaspc/airflow/dags/dag_1.py
[2024-07-07T23:58:11.738+0500] {processor.py:830} INFO - Processing file /home/nicolaspc/airflow/dags/dag_1.py for tasks to queue
[2024-07-07T23:58:11.740+0500] {logging_mixin.py:188} INFO - [2024-07-07T23:58:11.739+0500] {dagbag.py:545} INFO - Filling up the DagBag from /home/nicolaspc/airflow/dags/dag_1.py
[2024-07-07T23:58:11.749+0500] {processor.py:840} INFO - DAG(s) 'mlops_dag_1' retrieved from /home/nicolaspc/airflow/dags/dag_1.py
[2024-07-07T23:58:11.855+0500] {logging_mixin.py:188} INFO - [2024-07-07T23:58:11.855+0500] {dag.py:3096} INFO - Sync 1 DAGs
[2024-07-07T23:58:11.871+0500] {logging_mixin.py:188} INFO - [2024-07-07T23:58:11.870+0500] {dag.py:3954} INFO - Setting next_dagrun for mlops_dag_1 to 2024-07-07 01:00:00+00:00, run_after=2024-07-08 01:00:00+00:00
[2024-07-07T23:58:11.894+0500] {processor.py:183} INFO - Processing /home/nicolaspc/airflow/dags/dag_1.py took 0.164 seconds
[2024-07-07T23:58:18.071+0500] {processor.py:161} INFO - Started process (PID=4378) to work on /home/nicolaspc/airflow/dags/dag_1.py
[2024-07-07T23:58:18.079+0500] {processor.py:830} INFO - Processing file /home/nicolaspc/airflow/dags/dag_1.py for tasks to queue
[2024-07-07T23:58:18.080+0500] {logging_mixin.py:188} INFO - [2024-07-07T23:58:18.080+0500] {dagbag.py:545} INFO - Filling up the DagBag from /home/nicolaspc/airflow/dags/dag_1.py
[2024-07-07T23:58:18.089+0500] {processor.py:840} INFO - DAG(s) 'mlops_dag_1' retrieved from /home/nicolaspc/airflow/dags/dag_1.py
[2024-07-07T23:58:18.111+0500] {logging_mixin.py:188} INFO - [2024-07-07T23:58:18.111+0500] {dag.py:3096} INFO - Sync 1 DAGs
[2024-07-07T23:58:18.128+0500] {logging_mixin.py:188} INFO - [2024-07-07T23:58:18.128+0500] {dag.py:3954} INFO - Setting next_dagrun for mlops_dag_1 to 2024-07-07 01:00:00+00:00, run_after=2024-07-08 01:00:00+00:00
[2024-07-07T23:58:18.145+0500] {processor.py:183} INFO - Processing /home/nicolaspc/airflow/dags/dag_1.py took 0.078 seconds
[2024-07-07T23:58:42.820+0500] {processor.py:161} INFO - Started process (PID=4425) to work on /home/nicolaspc/airflow/dags/dag_1.py
[2024-07-07T23:58:42.820+0500] {processor.py:830} INFO - Processing file /home/nicolaspc/airflow/dags/dag_1.py for tasks to queue
[2024-07-07T23:58:42.821+0500] {logging_mixin.py:188} INFO - [2024-07-07T23:58:42.821+0500] {dagbag.py:545} INFO - Filling up the DagBag from /home/nicolaspc/airflow/dags/dag_1.py
[2024-07-07T23:58:42.831+0500] {processor.py:840} INFO - DAG(s) 'mlops_dag_1' retrieved from /home/nicolaspc/airflow/dags/dag_1.py
[2024-07-07T23:58:42.854+0500] {logging_mixin.py:188} INFO - [2024-07-07T23:58:42.854+0500] {dag.py:3096} INFO - Sync 1 DAGs
[2024-07-07T23:58:42.870+0500] {logging_mixin.py:188} INFO - [2024-07-07T23:58:42.870+0500] {dag.py:3954} INFO - Setting next_dagrun for mlops_dag_1 to 2024-07-07 01:00:00+00:00, run_after=2024-07-08 01:00:00+00:00
[2024-07-07T23:58:42.885+0500] {processor.py:183} INFO - Processing /home/nicolaspc/airflow/dags/dag_1.py took 0.070 seconds
[2024-07-07T23:58:49.172+0500] {processor.py:161} INFO - Started process (PID=4472) to work on /home/nicolaspc/airflow/dags/dag_1.py
[2024-07-07T23:58:49.181+0500] {processor.py:830} INFO - Processing file /home/nicolaspc/airflow/dags/dag_1.py for tasks to queue
[2024-07-07T23:58:49.182+0500] {logging_mixin.py:188} INFO - [2024-07-07T23:58:49.182+0500] {dagbag.py:545} INFO - Filling up the DagBag from /home/nicolaspc/airflow/dags/dag_1.py
[2024-07-07T23:58:49.192+0500] {processor.py:840} INFO - DAG(s) 'mlops_dag_1' retrieved from /home/nicolaspc/airflow/dags/dag_1.py
[2024-07-07T23:58:49.213+0500] {logging_mixin.py:188} INFO - [2024-07-07T23:58:49.212+0500] {dag.py:3096} INFO - Sync 1 DAGs
[2024-07-07T23:58:49.229+0500] {logging_mixin.py:188} INFO - [2024-07-07T23:58:49.229+0500] {dag.py:3954} INFO - Setting next_dagrun for mlops_dag_1 to 2024-07-07 01:00:00+00:00, run_after=2024-07-08 01:00:00+00:00
[2024-07-07T23:58:49.245+0500] {processor.py:183} INFO - Processing /home/nicolaspc/airflow/dags/dag_1.py took 0.076 seconds
[2024-07-07T23:59:13.777+0500] {processor.py:161} INFO - Started process (PID=4521) to work on /home/nicolaspc/airflow/dags/dag_1.py
[2024-07-07T23:59:13.786+0500] {processor.py:830} INFO - Processing file /home/nicolaspc/airflow/dags/dag_1.py for tasks to queue
[2024-07-07T23:59:13.787+0500] {logging_mixin.py:188} INFO - [2024-07-07T23:59:13.787+0500] {dagbag.py:545} INFO - Filling up the DagBag from /home/nicolaspc/airflow/dags/dag_1.py
[2024-07-07T23:59:13.796+0500] {processor.py:840} INFO - DAG(s) 'mlops_dag_1' retrieved from /home/nicolaspc/airflow/dags/dag_1.py
[2024-07-07T23:59:13.816+0500] {logging_mixin.py:188} INFO - [2024-07-07T23:59:13.816+0500] {dag.py:3096} INFO - Sync 1 DAGs
[2024-07-07T23:59:13.833+0500] {logging_mixin.py:188} INFO - [2024-07-07T23:59:13.833+0500] {dag.py:3954} INFO - Setting next_dagrun for mlops_dag_1 to 2024-07-07 01:00:00+00:00, run_after=2024-07-08 01:00:00+00:00
[2024-07-07T23:59:13.849+0500] {processor.py:183} INFO - Processing /home/nicolaspc/airflow/dags/dag_1.py took 0.075 seconds
[2024-07-07T23:59:20.275+0500] {processor.py:161} INFO - Started process (PID=4567) to work on /home/nicolaspc/airflow/dags/dag_1.py
[2024-07-07T23:59:20.281+0500] {processor.py:830} INFO - Processing file /home/nicolaspc/airflow/dags/dag_1.py for tasks to queue
[2024-07-07T23:59:20.283+0500] {logging_mixin.py:188} INFO - [2024-07-07T23:59:20.283+0500] {dagbag.py:545} INFO - Filling up the DagBag from /home/nicolaspc/airflow/dags/dag_1.py
[2024-07-07T23:59:20.292+0500] {processor.py:840} INFO - DAG(s) 'mlops_dag_1' retrieved from /home/nicolaspc/airflow/dags/dag_1.py
[2024-07-07T23:59:20.312+0500] {logging_mixin.py:188} INFO - [2024-07-07T23:59:20.311+0500] {dag.py:3096} INFO - Sync 1 DAGs
[2024-07-07T23:59:20.329+0500] {logging_mixin.py:188} INFO - [2024-07-07T23:59:20.329+0500] {dag.py:3954} INFO - Setting next_dagrun for mlops_dag_1 to 2024-07-07 01:00:00+00:00, run_after=2024-07-08 01:00:00+00:00
[2024-07-07T23:59:20.433+0500] {processor.py:183} INFO - Processing /home/nicolaspc/airflow/dags/dag_1.py took 0.162 seconds
[2024-07-07T23:59:44.802+0500] {processor.py:161} INFO - Started process (PID=4614) to work on /home/nicolaspc/airflow/dags/dag_1.py
[2024-07-07T23:59:44.806+0500] {processor.py:830} INFO - Processing file /home/nicolaspc/airflow/dags/dag_1.py for tasks to queue
[2024-07-07T23:59:44.808+0500] {logging_mixin.py:188} INFO - [2024-07-07T23:59:44.807+0500] {dagbag.py:545} INFO - Filling up the DagBag from /home/nicolaspc/airflow/dags/dag_1.py
[2024-07-07T23:59:44.817+0500] {processor.py:840} INFO - DAG(s) 'mlops_dag_1' retrieved from /home/nicolaspc/airflow/dags/dag_1.py
[2024-07-07T23:59:44.839+0500] {logging_mixin.py:188} INFO - [2024-07-07T23:59:44.839+0500] {dag.py:3096} INFO - Sync 1 DAGs
[2024-07-07T23:59:44.854+0500] {logging_mixin.py:188} INFO - [2024-07-07T23:59:44.854+0500] {dag.py:3954} INFO - Setting next_dagrun for mlops_dag_1 to 2024-07-07 01:00:00+00:00, run_after=2024-07-08 01:00:00+00:00
[2024-07-07T23:59:44.869+0500] {processor.py:183} INFO - Processing /home/nicolaspc/airflow/dags/dag_1.py took 0.071 seconds
[2024-07-07T23:59:51.352+0500] {processor.py:161} INFO - Started process (PID=4661) to work on /home/nicolaspc/airflow/dags/dag_1.py
[2024-07-07T23:59:51.361+0500] {processor.py:830} INFO - Processing file /home/nicolaspc/airflow/dags/dag_1.py for tasks to queue
[2024-07-07T23:59:51.362+0500] {logging_mixin.py:188} INFO - [2024-07-07T23:59:51.362+0500] {dagbag.py:545} INFO - Filling up the DagBag from /home/nicolaspc/airflow/dags/dag_1.py
[2024-07-07T23:59:51.371+0500] {processor.py:840} INFO - DAG(s) 'mlops_dag_1' retrieved from /home/nicolaspc/airflow/dags/dag_1.py
[2024-07-07T23:59:51.476+0500] {logging_mixin.py:188} INFO - [2024-07-07T23:59:51.476+0500] {dag.py:3096} INFO - Sync 1 DAGs
[2024-07-07T23:59:51.491+0500] {logging_mixin.py:188} INFO - [2024-07-07T23:59:51.491+0500] {dag.py:3954} INFO - Setting next_dagrun for mlops_dag_1 to 2024-07-07 01:00:00+00:00, run_after=2024-07-08 01:00:00+00:00
[2024-07-07T23:59:51.514+0500] {processor.py:183} INFO - Processing /home/nicolaspc/airflow/dags/dag_1.py took 0.165 seconds
[2024-07-08T00:00:15.784+0500] {processor.py:161} INFO - Started process (PID=4713) to work on /home/nicolaspc/airflow/dags/dag_1.py
[2024-07-08T00:00:15.792+0500] {processor.py:830} INFO - Processing file /home/nicolaspc/airflow/dags/dag_1.py for tasks to queue
[2024-07-08T00:00:15.794+0500] {logging_mixin.py:188} INFO - [2024-07-08T00:00:15.794+0500] {dagbag.py:545} INFO - Filling up the DagBag from /home/nicolaspc/airflow/dags/dag_1.py
[2024-07-08T00:00:15.803+0500] {processor.py:840} INFO - DAG(s) 'mlops_dag_1' retrieved from /home/nicolaspc/airflow/dags/dag_1.py
[2024-07-08T00:00:15.823+0500] {logging_mixin.py:188} INFO - [2024-07-08T00:00:15.823+0500] {dag.py:3096} INFO - Sync 1 DAGs
[2024-07-08T00:00:15.840+0500] {logging_mixin.py:188} INFO - [2024-07-08T00:00:15.839+0500] {dag.py:3954} INFO - Setting next_dagrun for mlops_dag_1 to 2024-07-07 01:00:00+00:00, run_after=2024-07-08 01:00:00+00:00
[2024-07-08T00:00:15.855+0500] {processor.py:183} INFO - Processing /home/nicolaspc/airflow/dags/dag_1.py took 0.076 seconds
[2024-07-08T00:00:22.450+0500] {processor.py:161} INFO - Started process (PID=4772) to work on /home/nicolaspc/airflow/dags/dag_1.py
[2024-07-08T00:00:22.459+0500] {processor.py:830} INFO - Processing file /home/nicolaspc/airflow/dags/dag_1.py for tasks to queue
[2024-07-08T00:00:22.461+0500] {logging_mixin.py:188} INFO - [2024-07-08T00:00:22.461+0500] {dagbag.py:545} INFO - Filling up the DagBag from /home/nicolaspc/airflow/dags/dag_1.py
[2024-07-08T00:00:22.470+0500] {processor.py:840} INFO - DAG(s) 'mlops_dag_1' retrieved from /home/nicolaspc/airflow/dags/dag_1.py
[2024-07-08T00:00:22.490+0500] {logging_mixin.py:188} INFO - [2024-07-08T00:00:22.490+0500] {dag.py:3096} INFO - Sync 1 DAGs
[2024-07-08T00:00:22.507+0500] {logging_mixin.py:188} INFO - [2024-07-08T00:00:22.506+0500] {dag.py:3954} INFO - Setting next_dagrun for mlops_dag_1 to 2024-07-07 01:00:00+00:00, run_after=2024-07-08 01:00:00+00:00
[2024-07-08T00:00:22.523+0500] {processor.py:183} INFO - Processing /home/nicolaspc/airflow/dags/dag_1.py took 0.077 seconds
[2024-07-08T00:00:46.795+0500] {processor.py:161} INFO - Started process (PID=4971) to work on /home/nicolaspc/airflow/dags/dag_1.py
[2024-07-08T00:00:46.796+0500] {processor.py:830} INFO - Processing file /home/nicolaspc/airflow/dags/dag_1.py for tasks to queue
[2024-07-08T00:00:46.797+0500] {logging_mixin.py:188} INFO - [2024-07-08T00:00:46.796+0500] {dagbag.py:545} INFO - Filling up the DagBag from /home/nicolaspc/airflow/dags/dag_1.py
[2024-07-08T00:00:46.806+0500] {processor.py:840} INFO - DAG(s) 'mlops_dag_1' retrieved from /home/nicolaspc/airflow/dags/dag_1.py
[2024-07-08T00:00:46.826+0500] {logging_mixin.py:188} INFO - [2024-07-08T00:00:46.826+0500] {dag.py:3096} INFO - Sync 1 DAGs
[2024-07-08T00:00:46.842+0500] {logging_mixin.py:188} INFO - [2024-07-08T00:00:46.842+0500] {dag.py:3954} INFO - Setting next_dagrun for mlops_dag_1 to 2024-07-07 01:00:00+00:00, run_after=2024-07-08 01:00:00+00:00
[2024-07-08T00:00:46.859+0500] {processor.py:183} INFO - Processing /home/nicolaspc/airflow/dags/dag_1.py took 0.068 seconds
[2024-07-08T00:00:53.464+0500] {processor.py:161} INFO - Started process (PID=5030) to work on /home/nicolaspc/airflow/dags/dag_1.py
[2024-07-08T00:00:53.464+0500] {processor.py:830} INFO - Processing file /home/nicolaspc/airflow/dags/dag_1.py for tasks to queue
[2024-07-08T00:00:53.465+0500] {logging_mixin.py:188} INFO - [2024-07-08T00:00:53.465+0500] {dagbag.py:545} INFO - Filling up the DagBag from /home/nicolaspc/airflow/dags/dag_1.py
[2024-07-08T00:00:53.475+0500] {processor.py:840} INFO - DAG(s) 'mlops_dag_1' retrieved from /home/nicolaspc/airflow/dags/dag_1.py
[2024-07-08T00:00:53.496+0500] {logging_mixin.py:188} INFO - [2024-07-08T00:00:53.495+0500] {dag.py:3096} INFO - Sync 1 DAGs
[2024-07-08T00:00:53.514+0500] {logging_mixin.py:188} INFO - [2024-07-08T00:00:53.513+0500] {dag.py:3954} INFO - Setting next_dagrun for mlops_dag_1 to 2024-07-07 01:00:00+00:00, run_after=2024-07-08 01:00:00+00:00
[2024-07-08T00:00:53.530+0500] {processor.py:183} INFO - Processing /home/nicolaspc/airflow/dags/dag_1.py took 0.071 seconds
[2024-07-08T00:01:17.805+0500] {processor.py:161} INFO - Started process (PID=5497) to work on /home/nicolaspc/airflow/dags/dag_1.py
[2024-07-08T00:01:17.806+0500] {processor.py:830} INFO - Processing file /home/nicolaspc/airflow/dags/dag_1.py for tasks to queue
[2024-07-08T00:01:17.807+0500] {logging_mixin.py:188} INFO - [2024-07-08T00:01:17.807+0500] {dagbag.py:545} INFO - Filling up the DagBag from /home/nicolaspc/airflow/dags/dag_1.py
[2024-07-08T00:01:17.816+0500] {processor.py:840} INFO - DAG(s) 'mlops_dag_1' retrieved from /home/nicolaspc/airflow/dags/dag_1.py
[2024-07-08T00:01:17.837+0500] {logging_mixin.py:188} INFO - [2024-07-08T00:01:17.837+0500] {dag.py:3096} INFO - Sync 1 DAGs
[2024-07-08T00:01:17.853+0500] {logging_mixin.py:188} INFO - [2024-07-08T00:01:17.853+0500] {dag.py:3954} INFO - Setting next_dagrun for mlops_dag_1 to 2024-07-07 01:00:00+00:00, run_after=2024-07-08 01:00:00+00:00
[2024-07-08T00:01:17.868+0500] {processor.py:183} INFO - Processing /home/nicolaspc/airflow/dags/dag_1.py took 0.068 seconds
[2024-07-08T00:01:24.470+0500] {processor.py:161} INFO - Started process (PID=5599) to work on /home/nicolaspc/airflow/dags/dag_1.py
[2024-07-08T00:01:24.477+0500] {processor.py:830} INFO - Processing file /home/nicolaspc/airflow/dags/dag_1.py for tasks to queue
[2024-07-08T00:01:24.479+0500] {logging_mixin.py:188} INFO - [2024-07-08T00:01:24.479+0500] {dagbag.py:545} INFO - Filling up the DagBag from /home/nicolaspc/airflow/dags/dag_1.py
[2024-07-08T00:01:24.488+0500] {processor.py:840} INFO - DAG(s) 'mlops_dag_1' retrieved from /home/nicolaspc/airflow/dags/dag_1.py
[2024-07-08T00:01:24.508+0500] {logging_mixin.py:188} INFO - [2024-07-08T00:01:24.508+0500] {dag.py:3096} INFO - Sync 1 DAGs
[2024-07-08T00:01:24.525+0500] {logging_mixin.py:188} INFO - [2024-07-08T00:01:24.524+0500] {dag.py:3954} INFO - Setting next_dagrun for mlops_dag_1 to 2024-07-07 01:00:00+00:00, run_after=2024-07-08 01:00:00+00:00
[2024-07-08T00:01:24.540+0500] {processor.py:183} INFO - Processing /home/nicolaspc/airflow/dags/dag_1.py took 0.074 seconds
[2024-07-08T00:01:48.832+0500] {processor.py:161} INFO - Started process (PID=5649) to work on /home/nicolaspc/airflow/dags/dag_1.py
[2024-07-08T00:01:48.833+0500] {processor.py:830} INFO - Processing file /home/nicolaspc/airflow/dags/dag_1.py for tasks to queue
[2024-07-08T00:01:48.834+0500] {logging_mixin.py:188} INFO - [2024-07-08T00:01:48.834+0500] {dagbag.py:545} INFO - Filling up the DagBag from /home/nicolaspc/airflow/dags/dag_1.py
[2024-07-08T00:01:48.843+0500] {processor.py:840} INFO - DAG(s) 'mlops_dag_1' retrieved from /home/nicolaspc/airflow/dags/dag_1.py
[2024-07-08T00:01:48.863+0500] {logging_mixin.py:188} INFO - [2024-07-08T00:01:48.863+0500] {dag.py:3096} INFO - Sync 1 DAGs
[2024-07-08T00:01:48.880+0500] {logging_mixin.py:188} INFO - [2024-07-08T00:01:48.880+0500] {dag.py:3954} INFO - Setting next_dagrun for mlops_dag_1 to 2024-07-07 01:00:00+00:00, run_after=2024-07-08 01:00:00+00:00
[2024-07-08T00:01:48.895+0500] {processor.py:183} INFO - Processing /home/nicolaspc/airflow/dags/dag_1.py took 0.067 seconds
[2024-07-08T00:01:55.469+0500] {processor.py:161} INFO - Started process (PID=5699) to work on /home/nicolaspc/airflow/dags/dag_1.py
[2024-07-08T00:01:55.470+0500] {processor.py:830} INFO - Processing file /home/nicolaspc/airflow/dags/dag_1.py for tasks to queue
[2024-07-08T00:01:55.471+0500] {logging_mixin.py:188} INFO - [2024-07-08T00:01:55.471+0500] {dagbag.py:545} INFO - Filling up the DagBag from /home/nicolaspc/airflow/dags/dag_1.py
[2024-07-08T00:01:55.480+0500] {processor.py:840} INFO - DAG(s) 'mlops_dag_1' retrieved from /home/nicolaspc/airflow/dags/dag_1.py
[2024-07-08T00:01:55.500+0500] {logging_mixin.py:188} INFO - [2024-07-08T00:01:55.500+0500] {dag.py:3096} INFO - Sync 1 DAGs
[2024-07-08T00:01:55.517+0500] {logging_mixin.py:188} INFO - [2024-07-08T00:01:55.517+0500] {dag.py:3954} INFO - Setting next_dagrun for mlops_dag_1 to 2024-07-07 01:00:00+00:00, run_after=2024-07-08 01:00:00+00:00
[2024-07-08T00:01:55.533+0500] {processor.py:183} INFO - Processing /home/nicolaspc/airflow/dags/dag_1.py took 0.068 seconds
[2024-07-08T00:02:19.810+0500] {processor.py:161} INFO - Started process (PID=5746) to work on /home/nicolaspc/airflow/dags/dag_1.py
[2024-07-08T00:02:19.816+0500] {processor.py:830} INFO - Processing file /home/nicolaspc/airflow/dags/dag_1.py for tasks to queue
[2024-07-08T00:02:19.818+0500] {logging_mixin.py:188} INFO - [2024-07-08T00:02:19.817+0500] {dagbag.py:545} INFO - Filling up the DagBag from /home/nicolaspc/airflow/dags/dag_1.py
[2024-07-08T00:02:19.827+0500] {processor.py:840} INFO - DAG(s) 'mlops_dag_1' retrieved from /home/nicolaspc/airflow/dags/dag_1.py
[2024-07-08T00:02:19.847+0500] {logging_mixin.py:188} INFO - [2024-07-08T00:02:19.847+0500] {dag.py:3096} INFO - Sync 1 DAGs
[2024-07-08T00:02:19.864+0500] {logging_mixin.py:188} INFO - [2024-07-08T00:02:19.863+0500] {dag.py:3954} INFO - Setting next_dagrun for mlops_dag_1 to 2024-07-07 01:00:00+00:00, run_after=2024-07-08 01:00:00+00:00
[2024-07-08T00:02:19.878+0500] {processor.py:183} INFO - Processing /home/nicolaspc/airflow/dags/dag_1.py took 0.073 seconds
[2024-07-08T00:02:26.451+0500] {processor.py:161} INFO - Started process (PID=5793) to work on /home/nicolaspc/airflow/dags/dag_1.py
[2024-07-08T00:02:26.460+0500] {processor.py:830} INFO - Processing file /home/nicolaspc/airflow/dags/dag_1.py for tasks to queue
[2024-07-08T00:02:26.461+0500] {logging_mixin.py:188} INFO - [2024-07-08T00:02:26.461+0500] {dagbag.py:545} INFO - Filling up the DagBag from /home/nicolaspc/airflow/dags/dag_1.py
[2024-07-08T00:02:26.470+0500] {processor.py:840} INFO - DAG(s) 'mlops_dag_1' retrieved from /home/nicolaspc/airflow/dags/dag_1.py
[2024-07-08T00:02:26.492+0500] {logging_mixin.py:188} INFO - [2024-07-08T00:02:26.492+0500] {dag.py:3096} INFO - Sync 1 DAGs
[2024-07-08T00:02:26.508+0500] {logging_mixin.py:188} INFO - [2024-07-08T00:02:26.508+0500] {dag.py:3954} INFO - Setting next_dagrun for mlops_dag_1 to 2024-07-07 01:00:00+00:00, run_after=2024-07-08 01:00:00+00:00
[2024-07-08T00:02:26.524+0500] {processor.py:183} INFO - Processing /home/nicolaspc/airflow/dags/dag_1.py took 0.076 seconds
[2024-07-08T00:02:50.820+0500] {processor.py:161} INFO - Started process (PID=5853) to work on /home/nicolaspc/airflow/dags/dag_1.py
[2024-07-08T00:02:50.821+0500] {processor.py:830} INFO - Processing file /home/nicolaspc/airflow/dags/dag_1.py for tasks to queue
[2024-07-08T00:02:50.822+0500] {logging_mixin.py:188} INFO - [2024-07-08T00:02:50.822+0500] {dagbag.py:545} INFO - Filling up the DagBag from /home/nicolaspc/airflow/dags/dag_1.py
[2024-07-08T00:02:50.832+0500] {processor.py:840} INFO - DAG(s) 'mlops_dag_1' retrieved from /home/nicolaspc/airflow/dags/dag_1.py
[2024-07-08T00:02:50.855+0500] {logging_mixin.py:188} INFO - [2024-07-08T00:02:50.855+0500] {dag.py:3096} INFO - Sync 1 DAGs
[2024-07-08T00:02:50.872+0500] {logging_mixin.py:188} INFO - [2024-07-08T00:02:50.872+0500] {dag.py:3954} INFO - Setting next_dagrun for mlops_dag_1 to 2024-07-07 01:00:00+00:00, run_after=2024-07-08 01:00:00+00:00
[2024-07-08T00:02:50.887+0500] {processor.py:183} INFO - Processing /home/nicolaspc/airflow/dags/dag_1.py took 0.071 seconds
[2024-07-08T00:02:57.451+0500] {processor.py:161} INFO - Started process (PID=5899) to work on /home/nicolaspc/airflow/dags/dag_1.py
[2024-07-08T00:02:57.459+0500] {processor.py:830} INFO - Processing file /home/nicolaspc/airflow/dags/dag_1.py for tasks to queue
[2024-07-08T00:02:57.460+0500] {logging_mixin.py:188} INFO - [2024-07-08T00:02:57.460+0500] {dagbag.py:545} INFO - Filling up the DagBag from /home/nicolaspc/airflow/dags/dag_1.py
[2024-07-08T00:02:57.469+0500] {processor.py:840} INFO - DAG(s) 'mlops_dag_1' retrieved from /home/nicolaspc/airflow/dags/dag_1.py
[2024-07-08T00:02:57.490+0500] {logging_mixin.py:188} INFO - [2024-07-08T00:02:57.490+0500] {dag.py:3096} INFO - Sync 1 DAGs
[2024-07-08T00:02:57.507+0500] {logging_mixin.py:188} INFO - [2024-07-08T00:02:57.507+0500] {dag.py:3954} INFO - Setting next_dagrun for mlops_dag_1 to 2024-07-07 01:00:00+00:00, run_after=2024-07-08 01:00:00+00:00
[2024-07-08T00:02:57.523+0500] {processor.py:183} INFO - Processing /home/nicolaspc/airflow/dags/dag_1.py took 0.076 seconds
[2024-07-08T00:03:21.820+0500] {processor.py:161} INFO - Started process (PID=5958) to work on /home/nicolaspc/airflow/dags/dag_1.py
[2024-07-08T00:03:21.821+0500] {processor.py:830} INFO - Processing file /home/nicolaspc/airflow/dags/dag_1.py for tasks to queue
[2024-07-08T00:03:21.822+0500] {logging_mixin.py:188} INFO - [2024-07-08T00:03:21.822+0500] {dagbag.py:545} INFO - Filling up the DagBag from /home/nicolaspc/airflow/dags/dag_1.py
[2024-07-08T00:03:21.832+0500] {processor.py:840} INFO - DAG(s) 'mlops_dag_1' retrieved from /home/nicolaspc/airflow/dags/dag_1.py
[2024-07-08T00:03:21.854+0500] {logging_mixin.py:188} INFO - [2024-07-08T00:03:21.854+0500] {dag.py:3096} INFO - Sync 1 DAGs
[2024-07-08T00:03:21.870+0500] {logging_mixin.py:188} INFO - [2024-07-08T00:03:21.870+0500] {dag.py:3954} INFO - Setting next_dagrun for mlops_dag_1 to 2024-07-07 01:00:00+00:00, run_after=2024-07-08 01:00:00+00:00
[2024-07-08T00:03:21.884+0500] {processor.py:183} INFO - Processing /home/nicolaspc/airflow/dags/dag_1.py took 0.068 seconds
[2024-07-08T00:03:28.476+0500] {processor.py:161} INFO - Started process (PID=6005) to work on /home/nicolaspc/airflow/dags/dag_1.py
[2024-07-08T00:03:28.478+0500] {processor.py:830} INFO - Processing file /home/nicolaspc/airflow/dags/dag_1.py for tasks to queue
[2024-07-08T00:03:28.480+0500] {logging_mixin.py:188} INFO - [2024-07-08T00:03:28.480+0500] {dagbag.py:545} INFO - Filling up the DagBag from /home/nicolaspc/airflow/dags/dag_1.py
[2024-07-08T00:03:28.489+0500] {processor.py:840} INFO - DAG(s) 'mlops_dag_1' retrieved from /home/nicolaspc/airflow/dags/dag_1.py
[2024-07-08T00:03:28.510+0500] {logging_mixin.py:188} INFO - [2024-07-08T00:03:28.510+0500] {dag.py:3096} INFO - Sync 1 DAGs
[2024-07-08T00:03:28.527+0500] {logging_mixin.py:188} INFO - [2024-07-08T00:03:28.527+0500] {dag.py:3954} INFO - Setting next_dagrun for mlops_dag_1 to 2024-07-07 01:00:00+00:00, run_after=2024-07-08 01:00:00+00:00
[2024-07-08T00:03:28.543+0500] {processor.py:183} INFO - Processing /home/nicolaspc/airflow/dags/dag_1.py took 0.072 seconds
[2024-07-08T00:03:52.839+0500] {processor.py:161} INFO - Started process (PID=6065) to work on /home/nicolaspc/airflow/dags/dag_1.py
[2024-07-08T00:03:52.841+0500] {processor.py:830} INFO - Processing file /home/nicolaspc/airflow/dags/dag_1.py for tasks to queue
[2024-07-08T00:03:52.842+0500] {logging_mixin.py:188} INFO - [2024-07-08T00:03:52.842+0500] {dagbag.py:545} INFO - Filling up the DagBag from /home/nicolaspc/airflow/dags/dag_1.py
[2024-07-08T00:03:52.852+0500] {processor.py:840} INFO - DAG(s) 'mlops_dag_1' retrieved from /home/nicolaspc/airflow/dags/dag_1.py
[2024-07-08T00:03:52.876+0500] {logging_mixin.py:188} INFO - [2024-07-08T00:03:52.876+0500] {dag.py:3096} INFO - Sync 1 DAGs
[2024-07-08T00:03:52.893+0500] {logging_mixin.py:188} INFO - [2024-07-08T00:03:52.893+0500] {dag.py:3954} INFO - Setting next_dagrun for mlops_dag_1 to 2024-07-07 01:00:00+00:00, run_after=2024-07-08 01:00:00+00:00
[2024-07-08T00:03:52.908+0500] {processor.py:183} INFO - Processing /home/nicolaspc/airflow/dags/dag_1.py took 0.074 seconds
[2024-07-08T00:03:59.471+0500] {processor.py:161} INFO - Started process (PID=6111) to work on /home/nicolaspc/airflow/dags/dag_1.py
[2024-07-08T00:03:59.480+0500] {processor.py:830} INFO - Processing file /home/nicolaspc/airflow/dags/dag_1.py for tasks to queue
[2024-07-08T00:03:59.482+0500] {logging_mixin.py:188} INFO - [2024-07-08T00:03:59.482+0500] {dagbag.py:545} INFO - Filling up the DagBag from /home/nicolaspc/airflow/dags/dag_1.py
[2024-07-08T00:03:59.491+0500] {processor.py:840} INFO - DAG(s) 'mlops_dag_1' retrieved from /home/nicolaspc/airflow/dags/dag_1.py
[2024-07-08T00:03:59.513+0500] {logging_mixin.py:188} INFO - [2024-07-08T00:03:59.513+0500] {dag.py:3096} INFO - Sync 1 DAGs
[2024-07-08T00:03:59.531+0500] {logging_mixin.py:188} INFO - [2024-07-08T00:03:59.531+0500] {dag.py:3954} INFO - Setting next_dagrun for mlops_dag_1 to 2024-07-07 01:00:00+00:00, run_after=2024-07-08 01:00:00+00:00
[2024-07-08T00:03:59.547+0500] {processor.py:183} INFO - Processing /home/nicolaspc/airflow/dags/dag_1.py took 0.080 seconds
[2024-07-08T00:04:23.853+0500] {processor.py:161} INFO - Started process (PID=6157) to work on /home/nicolaspc/airflow/dags/dag_1.py
[2024-07-08T00:04:23.854+0500] {processor.py:830} INFO - Processing file /home/nicolaspc/airflow/dags/dag_1.py for tasks to queue
[2024-07-08T00:04:23.855+0500] {logging_mixin.py:188} INFO - [2024-07-08T00:04:23.855+0500] {dagbag.py:545} INFO - Filling up the DagBag from /home/nicolaspc/airflow/dags/dag_1.py
[2024-07-08T00:04:23.864+0500] {processor.py:840} INFO - DAG(s) 'mlops_dag_1' retrieved from /home/nicolaspc/airflow/dags/dag_1.py
[2024-07-08T00:04:23.886+0500] {logging_mixin.py:188} INFO - [2024-07-08T00:04:23.886+0500] {dag.py:3096} INFO - Sync 1 DAGs
[2024-07-08T00:04:23.903+0500] {logging_mixin.py:188} INFO - [2024-07-08T00:04:23.903+0500] {dag.py:3954} INFO - Setting next_dagrun for mlops_dag_1 to 2024-07-07 01:00:00+00:00, run_after=2024-07-08 01:00:00+00:00
[2024-07-08T00:04:23.918+0500] {processor.py:183} INFO - Processing /home/nicolaspc/airflow/dags/dag_1.py took 0.070 seconds
[2024-07-08T00:04:30.482+0500] {processor.py:161} INFO - Started process (PID=6204) to work on /home/nicolaspc/airflow/dags/dag_1.py
[2024-07-08T00:04:30.488+0500] {processor.py:830} INFO - Processing file /home/nicolaspc/airflow/dags/dag_1.py for tasks to queue
[2024-07-08T00:04:30.490+0500] {logging_mixin.py:188} INFO - [2024-07-08T00:04:30.490+0500] {dagbag.py:545} INFO - Filling up the DagBag from /home/nicolaspc/airflow/dags/dag_1.py
[2024-07-08T00:04:30.500+0500] {processor.py:840} INFO - DAG(s) 'mlops_dag_1' retrieved from /home/nicolaspc/airflow/dags/dag_1.py
[2024-07-08T00:04:30.521+0500] {logging_mixin.py:188} INFO - [2024-07-08T00:04:30.521+0500] {dag.py:3096} INFO - Sync 1 DAGs
[2024-07-08T00:04:30.537+0500] {logging_mixin.py:188} INFO - [2024-07-08T00:04:30.537+0500] {dag.py:3954} INFO - Setting next_dagrun for mlops_dag_1 to 2024-07-07 01:00:00+00:00, run_after=2024-07-08 01:00:00+00:00
[2024-07-08T00:04:30.553+0500] {processor.py:183} INFO - Processing /home/nicolaspc/airflow/dags/dag_1.py took 0.075 seconds
[2024-07-08T00:04:54.860+0500] {processor.py:161} INFO - Started process (PID=6251) to work on /home/nicolaspc/airflow/dags/dag_1.py
[2024-07-08T00:04:54.860+0500] {processor.py:830} INFO - Processing file /home/nicolaspc/airflow/dags/dag_1.py for tasks to queue
[2024-07-08T00:04:54.861+0500] {logging_mixin.py:188} INFO - [2024-07-08T00:04:54.861+0500] {dagbag.py:545} INFO - Filling up the DagBag from /home/nicolaspc/airflow/dags/dag_1.py
[2024-07-08T00:04:54.871+0500] {processor.py:840} INFO - DAG(s) 'mlops_dag_1' retrieved from /home/nicolaspc/airflow/dags/dag_1.py
[2024-07-08T00:04:54.891+0500] {logging_mixin.py:188} INFO - [2024-07-08T00:04:54.891+0500] {dag.py:3096} INFO - Sync 1 DAGs
[2024-07-08T00:04:54.908+0500] {logging_mixin.py:188} INFO - [2024-07-08T00:04:54.908+0500] {dag.py:3954} INFO - Setting next_dagrun for mlops_dag_1 to 2024-07-07 01:00:00+00:00, run_after=2024-07-08 01:00:00+00:00
[2024-07-08T00:04:54.923+0500] {processor.py:183} INFO - Processing /home/nicolaspc/airflow/dags/dag_1.py took 0.068 seconds
[2024-07-08T00:05:01.480+0500] {processor.py:161} INFO - Started process (PID=6297) to work on /home/nicolaspc/airflow/dags/dag_1.py
[2024-07-08T00:05:01.481+0500] {processor.py:830} INFO - Processing file /home/nicolaspc/airflow/dags/dag_1.py for tasks to queue
[2024-07-08T00:05:01.482+0500] {logging_mixin.py:188} INFO - [2024-07-08T00:05:01.482+0500] {dagbag.py:545} INFO - Filling up the DagBag from /home/nicolaspc/airflow/dags/dag_1.py
[2024-07-08T00:05:01.490+0500] {processor.py:840} INFO - DAG(s) 'mlops_dag_1' retrieved from /home/nicolaspc/airflow/dags/dag_1.py
[2024-07-08T00:05:01.512+0500] {logging_mixin.py:188} INFO - [2024-07-08T00:05:01.512+0500] {dag.py:3096} INFO - Sync 1 DAGs
[2024-07-08T00:05:01.529+0500] {logging_mixin.py:188} INFO - [2024-07-08T00:05:01.529+0500] {dag.py:3954} INFO - Setting next_dagrun for mlops_dag_1 to 2024-07-07 01:00:00+00:00, run_after=2024-07-08 01:00:00+00:00
[2024-07-08T00:05:01.545+0500] {processor.py:183} INFO - Processing /home/nicolaspc/airflow/dags/dag_1.py took 0.069 seconds
[2024-07-08T00:05:25.820+0500] {processor.py:161} INFO - Started process (PID=6347) to work on /home/nicolaspc/airflow/dags/dag_1.py
[2024-07-08T00:05:25.828+0500] {processor.py:830} INFO - Processing file /home/nicolaspc/airflow/dags/dag_1.py for tasks to queue
[2024-07-08T00:05:25.830+0500] {logging_mixin.py:188} INFO - [2024-07-08T00:05:25.830+0500] {dagbag.py:545} INFO - Filling up the DagBag from /home/nicolaspc/airflow/dags/dag_1.py
[2024-07-08T00:05:25.839+0500] {processor.py:840} INFO - DAG(s) 'mlops_dag_1' retrieved from /home/nicolaspc/airflow/dags/dag_1.py
[2024-07-08T00:05:25.861+0500] {logging_mixin.py:188} INFO - [2024-07-08T00:05:25.861+0500] {dag.py:3096} INFO - Sync 1 DAGs
[2024-07-08T00:05:25.878+0500] {logging_mixin.py:188} INFO - [2024-07-08T00:05:25.877+0500] {dag.py:3954} INFO - Setting next_dagrun for mlops_dag_1 to 2024-07-07 01:00:00+00:00, run_after=2024-07-08 01:00:00+00:00
[2024-07-08T00:05:25.896+0500] {processor.py:183} INFO - Processing /home/nicolaspc/airflow/dags/dag_1.py took 0.080 seconds
[2024-07-08T00:05:32.533+0500] {processor.py:161} INFO - Started process (PID=6394) to work on /home/nicolaspc/airflow/dags/dag_1.py
[2024-07-08T00:05:32.534+0500] {processor.py:830} INFO - Processing file /home/nicolaspc/airflow/dags/dag_1.py for tasks to queue
[2024-07-08T00:05:32.535+0500] {logging_mixin.py:188} INFO - [2024-07-08T00:05:32.535+0500] {dagbag.py:545} INFO - Filling up the DagBag from /home/nicolaspc/airflow/dags/dag_1.py
[2024-07-08T00:05:32.544+0500] {processor.py:840} INFO - DAG(s) 'mlops_dag_1' retrieved from /home/nicolaspc/airflow/dags/dag_1.py
[2024-07-08T00:05:32.565+0500] {logging_mixin.py:188} INFO - [2024-07-08T00:05:32.565+0500] {dag.py:3096} INFO - Sync 1 DAGs
[2024-07-08T00:05:32.581+0500] {logging_mixin.py:188} INFO - [2024-07-08T00:05:32.581+0500] {dag.py:3954} INFO - Setting next_dagrun for mlops_dag_1 to 2024-07-07 01:00:00+00:00, run_after=2024-07-08 01:00:00+00:00
[2024-07-08T00:05:32.600+0500] {processor.py:183} INFO - Processing /home/nicolaspc/airflow/dags/dag_1.py took 0.072 seconds
[2024-07-08T00:05:56.807+0500] {processor.py:161} INFO - Started process (PID=6441) to work on /home/nicolaspc/airflow/dags/dag_1.py
[2024-07-08T00:05:56.808+0500] {processor.py:830} INFO - Processing file /home/nicolaspc/airflow/dags/dag_1.py for tasks to queue
[2024-07-08T00:05:56.809+0500] {logging_mixin.py:188} INFO - [2024-07-08T00:05:56.808+0500] {dagbag.py:545} INFO - Filling up the DagBag from /home/nicolaspc/airflow/dags/dag_1.py
[2024-07-08T00:05:56.818+0500] {processor.py:840} INFO - DAG(s) 'mlops_dag_1' retrieved from /home/nicolaspc/airflow/dags/dag_1.py
[2024-07-08T00:05:56.838+0500] {logging_mixin.py:188} INFO - [2024-07-08T00:05:56.838+0500] {dag.py:3096} INFO - Sync 1 DAGs
[2024-07-08T00:05:56.854+0500] {logging_mixin.py:188} INFO - [2024-07-08T00:05:56.854+0500] {dag.py:3954} INFO - Setting next_dagrun for mlops_dag_1 to 2024-07-07 01:00:00+00:00, run_after=2024-07-08 01:00:00+00:00
[2024-07-08T00:05:56.869+0500] {processor.py:183} INFO - Processing /home/nicolaspc/airflow/dags/dag_1.py took 0.066 seconds
[2024-07-08T00:06:03.537+0500] {processor.py:161} INFO - Started process (PID=6487) to work on /home/nicolaspc/airflow/dags/dag_1.py
[2024-07-08T00:06:03.545+0500] {processor.py:830} INFO - Processing file /home/nicolaspc/airflow/dags/dag_1.py for tasks to queue
[2024-07-08T00:06:03.546+0500] {logging_mixin.py:188} INFO - [2024-07-08T00:06:03.546+0500] {dagbag.py:545} INFO - Filling up the DagBag from /home/nicolaspc/airflow/dags/dag_1.py
[2024-07-08T00:06:03.556+0500] {processor.py:840} INFO - DAG(s) 'mlops_dag_1' retrieved from /home/nicolaspc/airflow/dags/dag_1.py
[2024-07-08T00:06:03.578+0500] {logging_mixin.py:188} INFO - [2024-07-08T00:06:03.578+0500] {dag.py:3096} INFO - Sync 1 DAGs
[2024-07-08T00:06:03.596+0500] {logging_mixin.py:188} INFO - [2024-07-08T00:06:03.596+0500] {dag.py:3954} INFO - Setting next_dagrun for mlops_dag_1 to 2024-07-07 01:00:00+00:00, run_after=2024-07-08 01:00:00+00:00
[2024-07-08T00:06:03.612+0500] {processor.py:183} INFO - Processing /home/nicolaspc/airflow/dags/dag_1.py took 0.079 seconds
[2024-07-08T00:06:27.823+0500] {processor.py:161} INFO - Started process (PID=6534) to work on /home/nicolaspc/airflow/dags/dag_1.py
[2024-07-08T00:06:27.826+0500] {processor.py:830} INFO - Processing file /home/nicolaspc/airflow/dags/dag_1.py for tasks to queue
[2024-07-08T00:06:27.829+0500] {logging_mixin.py:188} INFO - [2024-07-08T00:06:27.829+0500] {dagbag.py:545} INFO - Filling up the DagBag from /home/nicolaspc/airflow/dags/dag_1.py
[2024-07-08T00:06:27.838+0500] {processor.py:840} INFO - DAG(s) 'mlops_dag_1' retrieved from /home/nicolaspc/airflow/dags/dag_1.py
[2024-07-08T00:06:27.859+0500] {logging_mixin.py:188} INFO - [2024-07-08T00:06:27.858+0500] {dag.py:3096} INFO - Sync 1 DAGs
[2024-07-08T00:06:27.875+0500] {logging_mixin.py:188} INFO - [2024-07-08T00:06:27.875+0500] {dag.py:3954} INFO - Setting next_dagrun for mlops_dag_1 to 2024-07-07 01:00:00+00:00, run_after=2024-07-08 01:00:00+00:00
[2024-07-08T00:06:27.891+0500] {processor.py:183} INFO - Processing /home/nicolaspc/airflow/dags/dag_1.py took 0.072 seconds
[2024-07-08T00:06:34.552+0500] {processor.py:161} INFO - Started process (PID=6580) to work on /home/nicolaspc/airflow/dags/dag_1.py
[2024-07-08T00:06:34.554+0500] {processor.py:830} INFO - Processing file /home/nicolaspc/airflow/dags/dag_1.py for tasks to queue
[2024-07-08T00:06:34.556+0500] {logging_mixin.py:188} INFO - [2024-07-08T00:06:34.556+0500] {dagbag.py:545} INFO - Filling up the DagBag from /home/nicolaspc/airflow/dags/dag_1.py
[2024-07-08T00:06:34.565+0500] {processor.py:840} INFO - DAG(s) 'mlops_dag_1' retrieved from /home/nicolaspc/airflow/dags/dag_1.py
[2024-07-08T00:06:34.587+0500] {logging_mixin.py:188} INFO - [2024-07-08T00:06:34.587+0500] {dag.py:3096} INFO - Sync 1 DAGs
[2024-07-08T00:06:34.605+0500] {logging_mixin.py:188} INFO - [2024-07-08T00:06:34.605+0500] {dag.py:3954} INFO - Setting next_dagrun for mlops_dag_1 to 2024-07-07 01:00:00+00:00, run_after=2024-07-08 01:00:00+00:00
[2024-07-08T00:06:34.622+0500] {processor.py:183} INFO - Processing /home/nicolaspc/airflow/dags/dag_1.py took 0.074 seconds
[2024-07-08T00:06:58.814+0500] {processor.py:161} INFO - Started process (PID=6628) to work on /home/nicolaspc/airflow/dags/dag_1.py
[2024-07-08T00:06:58.815+0500] {processor.py:830} INFO - Processing file /home/nicolaspc/airflow/dags/dag_1.py for tasks to queue
[2024-07-08T00:06:58.816+0500] {logging_mixin.py:188} INFO - [2024-07-08T00:06:58.816+0500] {dagbag.py:545} INFO - Filling up the DagBag from /home/nicolaspc/airflow/dags/dag_1.py
[2024-07-08T00:06:58.825+0500] {processor.py:840} INFO - DAG(s) 'mlops_dag_1' retrieved from /home/nicolaspc/airflow/dags/dag_1.py
[2024-07-08T00:06:58.846+0500] {logging_mixin.py:188} INFO - [2024-07-08T00:06:58.846+0500] {dag.py:3096} INFO - Sync 1 DAGs
[2024-07-08T00:06:58.863+0500] {logging_mixin.py:188} INFO - [2024-07-08T00:06:58.863+0500] {dag.py:3954} INFO - Setting next_dagrun for mlops_dag_1 to 2024-07-07 01:00:00+00:00, run_after=2024-07-08 01:00:00+00:00
[2024-07-08T00:06:58.878+0500] {processor.py:183} INFO - Processing /home/nicolaspc/airflow/dags/dag_1.py took 0.069 seconds
[2024-07-08T00:07:05.567+0500] {processor.py:161} INFO - Started process (PID=6674) to work on /home/nicolaspc/airflow/dags/dag_1.py
[2024-07-08T00:07:05.568+0500] {processor.py:830} INFO - Processing file /home/nicolaspc/airflow/dags/dag_1.py for tasks to queue
[2024-07-08T00:07:05.569+0500] {logging_mixin.py:188} INFO - [2024-07-08T00:07:05.568+0500] {dagbag.py:545} INFO - Filling up the DagBag from /home/nicolaspc/airflow/dags/dag_1.py
[2024-07-08T00:07:05.578+0500] {processor.py:840} INFO - DAG(s) 'mlops_dag_1' retrieved from /home/nicolaspc/airflow/dags/dag_1.py
[2024-07-08T00:07:05.600+0500] {logging_mixin.py:188} INFO - [2024-07-08T00:07:05.600+0500] {dag.py:3096} INFO - Sync 1 DAGs
[2024-07-08T00:07:05.616+0500] {logging_mixin.py:188} INFO - [2024-07-08T00:07:05.616+0500] {dag.py:3954} INFO - Setting next_dagrun for mlops_dag_1 to 2024-07-07 01:00:00+00:00, run_after=2024-07-08 01:00:00+00:00
[2024-07-08T00:07:05.632+0500] {processor.py:183} INFO - Processing /home/nicolaspc/airflow/dags/dag_1.py took 0.069 seconds
[2024-07-08T00:07:29.808+0500] {processor.py:161} INFO - Started process (PID=6721) to work on /home/nicolaspc/airflow/dags/dag_1.py
[2024-07-08T00:07:29.813+0500] {processor.py:830} INFO - Processing file /home/nicolaspc/airflow/dags/dag_1.py for tasks to queue
[2024-07-08T00:07:29.814+0500] {logging_mixin.py:188} INFO - [2024-07-08T00:07:29.814+0500] {dagbag.py:545} INFO - Filling up the DagBag from /home/nicolaspc/airflow/dags/dag_1.py
[2024-07-08T00:07:29.825+0500] {processor.py:840} INFO - DAG(s) 'mlops_dag_1' retrieved from /home/nicolaspc/airflow/dags/dag_1.py
[2024-07-08T00:07:29.845+0500] {logging_mixin.py:188} INFO - [2024-07-08T00:07:29.845+0500] {dag.py:3096} INFO - Sync 1 DAGs
[2024-07-08T00:07:29.862+0500] {logging_mixin.py:188} INFO - [2024-07-08T00:07:29.861+0500] {dag.py:3954} INFO - Setting next_dagrun for mlops_dag_1 to 2024-07-07 01:00:00+00:00, run_after=2024-07-08 01:00:00+00:00
[2024-07-08T00:07:29.876+0500] {processor.py:183} INFO - Processing /home/nicolaspc/airflow/dags/dag_1.py took 0.073 seconds
[2024-07-08T00:07:36.547+0500] {processor.py:161} INFO - Started process (PID=6767) to work on /home/nicolaspc/airflow/dags/dag_1.py
[2024-07-08T00:07:36.556+0500] {processor.py:830} INFO - Processing file /home/nicolaspc/airflow/dags/dag_1.py for tasks to queue
[2024-07-08T00:07:36.558+0500] {logging_mixin.py:188} INFO - [2024-07-08T00:07:36.557+0500] {dagbag.py:545} INFO - Filling up the DagBag from /home/nicolaspc/airflow/dags/dag_1.py
[2024-07-08T00:07:36.567+0500] {processor.py:840} INFO - DAG(s) 'mlops_dag_1' retrieved from /home/nicolaspc/airflow/dags/dag_1.py
[2024-07-08T00:07:36.589+0500] {logging_mixin.py:188} INFO - [2024-07-08T00:07:36.589+0500] {dag.py:3096} INFO - Sync 1 DAGs
[2024-07-08T00:07:36.607+0500] {logging_mixin.py:188} INFO - [2024-07-08T00:07:36.606+0500] {dag.py:3954} INFO - Setting next_dagrun for mlops_dag_1 to 2024-07-07 01:00:00+00:00, run_after=2024-07-08 01:00:00+00:00
[2024-07-08T00:07:36.622+0500] {processor.py:183} INFO - Processing /home/nicolaspc/airflow/dags/dag_1.py took 0.079 seconds
[2024-07-08T00:08:00.818+0500] {processor.py:161} INFO - Started process (PID=6827) to work on /home/nicolaspc/airflow/dags/dag_1.py
[2024-07-08T00:08:00.818+0500] {processor.py:830} INFO - Processing file /home/nicolaspc/airflow/dags/dag_1.py for tasks to queue
[2024-07-08T00:08:00.819+0500] {logging_mixin.py:188} INFO - [2024-07-08T00:08:00.819+0500] {dagbag.py:545} INFO - Filling up the DagBag from /home/nicolaspc/airflow/dags/dag_1.py
[2024-07-08T00:08:00.829+0500] {processor.py:840} INFO - DAG(s) 'mlops_dag_1' retrieved from /home/nicolaspc/airflow/dags/dag_1.py
[2024-07-08T00:08:00.850+0500] {logging_mixin.py:188} INFO - [2024-07-08T00:08:00.850+0500] {dag.py:3096} INFO - Sync 1 DAGs
[2024-07-08T00:08:00.866+0500] {logging_mixin.py:188} INFO - [2024-07-08T00:08:00.866+0500] {dag.py:3954} INFO - Setting next_dagrun for mlops_dag_1 to 2024-07-07 01:00:00+00:00, run_after=2024-07-08 01:00:00+00:00
[2024-07-08T00:08:00.881+0500] {processor.py:183} INFO - Processing /home/nicolaspc/airflow/dags/dag_1.py took 0.067 seconds
[2024-07-08T00:08:07.567+0500] {processor.py:161} INFO - Started process (PID=6873) to work on /home/nicolaspc/airflow/dags/dag_1.py
[2024-07-08T00:08:07.567+0500] {processor.py:830} INFO - Processing file /home/nicolaspc/airflow/dags/dag_1.py for tasks to queue
[2024-07-08T00:08:07.568+0500] {logging_mixin.py:188} INFO - [2024-07-08T00:08:07.568+0500] {dagbag.py:545} INFO - Filling up the DagBag from /home/nicolaspc/airflow/dags/dag_1.py
[2024-07-08T00:08:07.577+0500] {processor.py:840} INFO - DAG(s) 'mlops_dag_1' retrieved from /home/nicolaspc/airflow/dags/dag_1.py
[2024-07-08T00:08:07.599+0500] {logging_mixin.py:188} INFO - [2024-07-08T00:08:07.599+0500] {dag.py:3096} INFO - Sync 1 DAGs
[2024-07-08T00:08:07.615+0500] {logging_mixin.py:188} INFO - [2024-07-08T00:08:07.615+0500] {dag.py:3954} INFO - Setting next_dagrun for mlops_dag_1 to 2024-07-07 01:00:00+00:00, run_after=2024-07-08 01:00:00+00:00
[2024-07-08T00:08:07.631+0500] {processor.py:183} INFO - Processing /home/nicolaspc/airflow/dags/dag_1.py took 0.069 seconds
[2024-07-08T00:08:31.811+0500] {processor.py:161} INFO - Started process (PID=6920) to work on /home/nicolaspc/airflow/dags/dag_1.py
[2024-07-08T00:08:31.812+0500] {processor.py:830} INFO - Processing file /home/nicolaspc/airflow/dags/dag_1.py for tasks to queue
[2024-07-08T00:08:31.813+0500] {logging_mixin.py:188} INFO - [2024-07-08T00:08:31.812+0500] {dagbag.py:545} INFO - Filling up the DagBag from /home/nicolaspc/airflow/dags/dag_1.py
[2024-07-08T00:08:31.822+0500] {processor.py:840} INFO - DAG(s) 'mlops_dag_1' retrieved from /home/nicolaspc/airflow/dags/dag_1.py
[2024-07-08T00:08:31.842+0500] {logging_mixin.py:188} INFO - [2024-07-08T00:08:31.842+0500] {dag.py:3096} INFO - Sync 1 DAGs
[2024-07-08T00:08:31.859+0500] {logging_mixin.py:188} INFO - [2024-07-08T00:08:31.859+0500] {dag.py:3954} INFO - Setting next_dagrun for mlops_dag_1 to 2024-07-07 01:00:00+00:00, run_after=2024-07-08 01:00:00+00:00
[2024-07-08T00:08:31.874+0500] {processor.py:183} INFO - Processing /home/nicolaspc/airflow/dags/dag_1.py took 0.068 seconds
[2024-07-08T00:08:38.554+0500] {processor.py:161} INFO - Started process (PID=6966) to work on /home/nicolaspc/airflow/dags/dag_1.py
[2024-07-08T00:08:38.560+0500] {processor.py:830} INFO - Processing file /home/nicolaspc/airflow/dags/dag_1.py for tasks to queue
[2024-07-08T00:08:38.562+0500] {logging_mixin.py:188} INFO - [2024-07-08T00:08:38.561+0500] {dagbag.py:545} INFO - Filling up the DagBag from /home/nicolaspc/airflow/dags/dag_1.py
[2024-07-08T00:08:38.571+0500] {processor.py:840} INFO - DAG(s) 'mlops_dag_1' retrieved from /home/nicolaspc/airflow/dags/dag_1.py
[2024-07-08T00:08:38.594+0500] {logging_mixin.py:188} INFO - [2024-07-08T00:08:38.594+0500] {dag.py:3096} INFO - Sync 1 DAGs
[2024-07-08T00:08:38.611+0500] {logging_mixin.py:188} INFO - [2024-07-08T00:08:38.610+0500] {dag.py:3954} INFO - Setting next_dagrun for mlops_dag_1 to 2024-07-07 01:00:00+00:00, run_after=2024-07-08 01:00:00+00:00
[2024-07-08T00:08:38.627+0500] {processor.py:183} INFO - Processing /home/nicolaspc/airflow/dags/dag_1.py took 0.076 seconds
[2024-07-08T00:09:02.772+0500] {processor.py:161} INFO - Started process (PID=7026) to work on /home/nicolaspc/airflow/dags/dag_1.py
[2024-07-08T00:09:02.780+0500] {processor.py:830} INFO - Processing file /home/nicolaspc/airflow/dags/dag_1.py for tasks to queue
[2024-07-08T00:09:02.781+0500] {logging_mixin.py:188} INFO - [2024-07-08T00:09:02.781+0500] {dagbag.py:545} INFO - Filling up the DagBag from /home/nicolaspc/airflow/dags/dag_1.py
[2024-07-08T00:09:02.790+0500] {processor.py:840} INFO - DAG(s) 'mlops_dag_1' retrieved from /home/nicolaspc/airflow/dags/dag_1.py
[2024-07-08T00:09:02.812+0500] {logging_mixin.py:188} INFO - [2024-07-08T00:09:02.812+0500] {dag.py:3096} INFO - Sync 1 DAGs
[2024-07-08T00:09:02.828+0500] {logging_mixin.py:188} INFO - [2024-07-08T00:09:02.828+0500] {dag.py:3954} INFO - Setting next_dagrun for mlops_dag_1 to 2024-07-07 01:00:00+00:00, run_after=2024-07-08 01:00:00+00:00
[2024-07-08T00:09:02.843+0500] {processor.py:183} INFO - Processing /home/nicolaspc/airflow/dags/dag_1.py took 0.076 seconds
[2024-07-08T00:09:09.541+0500] {processor.py:161} INFO - Started process (PID=7072) to work on /home/nicolaspc/airflow/dags/dag_1.py
[2024-07-08T00:09:09.550+0500] {processor.py:830} INFO - Processing file /home/nicolaspc/airflow/dags/dag_1.py for tasks to queue
[2024-07-08T00:09:09.551+0500] {logging_mixin.py:188} INFO - [2024-07-08T00:09:09.551+0500] {dagbag.py:545} INFO - Filling up the DagBag from /home/nicolaspc/airflow/dags/dag_1.py
[2024-07-08T00:09:09.560+0500] {processor.py:840} INFO - DAG(s) 'mlops_dag_1' retrieved from /home/nicolaspc/airflow/dags/dag_1.py
[2024-07-08T00:09:09.582+0500] {logging_mixin.py:188} INFO - [2024-07-08T00:09:09.582+0500] {dag.py:3096} INFO - Sync 1 DAGs
[2024-07-08T00:09:09.599+0500] {logging_mixin.py:188} INFO - [2024-07-08T00:09:09.599+0500] {dag.py:3954} INFO - Setting next_dagrun for mlops_dag_1 to 2024-07-07 01:00:00+00:00, run_after=2024-07-08 01:00:00+00:00
[2024-07-08T00:09:09.616+0500] {processor.py:183} INFO - Processing /home/nicolaspc/airflow/dags/dag_1.py took 0.078 seconds
[2024-07-08T00:09:33.779+0500] {processor.py:161} INFO - Started process (PID=7132) to work on /home/nicolaspc/airflow/dags/dag_1.py
[2024-07-08T00:09:33.780+0500] {processor.py:830} INFO - Processing file /home/nicolaspc/airflow/dags/dag_1.py for tasks to queue
[2024-07-08T00:09:33.781+0500] {logging_mixin.py:188} INFO - [2024-07-08T00:09:33.781+0500] {dagbag.py:545} INFO - Filling up the DagBag from /home/nicolaspc/airflow/dags/dag_1.py
[2024-07-08T00:09:33.790+0500] {processor.py:840} INFO - DAG(s) 'mlops_dag_1' retrieved from /home/nicolaspc/airflow/dags/dag_1.py
[2024-07-08T00:09:33.811+0500] {logging_mixin.py:188} INFO - [2024-07-08T00:09:33.811+0500] {dag.py:3096} INFO - Sync 1 DAGs
[2024-07-08T00:09:33.827+0500] {logging_mixin.py:188} INFO - [2024-07-08T00:09:33.827+0500] {dag.py:3954} INFO - Setting next_dagrun for mlops_dag_1 to 2024-07-07 01:00:00+00:00, run_after=2024-07-08 01:00:00+00:00
[2024-07-08T00:09:33.843+0500] {processor.py:183} INFO - Processing /home/nicolaspc/airflow/dags/dag_1.py took 0.068 seconds
[2024-07-08T00:09:40.574+0500] {processor.py:161} INFO - Started process (PID=7178) to work on /home/nicolaspc/airflow/dags/dag_1.py
[2024-07-08T00:09:40.581+0500] {processor.py:830} INFO - Processing file /home/nicolaspc/airflow/dags/dag_1.py for tasks to queue
[2024-07-08T00:09:40.582+0500] {logging_mixin.py:188} INFO - [2024-07-08T00:09:40.582+0500] {dagbag.py:545} INFO - Filling up the DagBag from /home/nicolaspc/airflow/dags/dag_1.py
[2024-07-08T00:09:40.591+0500] {processor.py:840} INFO - DAG(s) 'mlops_dag_1' retrieved from /home/nicolaspc/airflow/dags/dag_1.py
[2024-07-08T00:09:40.614+0500] {logging_mixin.py:188} INFO - [2024-07-08T00:09:40.614+0500] {dag.py:3096} INFO - Sync 1 DAGs
[2024-07-08T00:09:40.630+0500] {logging_mixin.py:188} INFO - [2024-07-08T00:09:40.630+0500] {dag.py:3954} INFO - Setting next_dagrun for mlops_dag_1 to 2024-07-07 01:00:00+00:00, run_after=2024-07-08 01:00:00+00:00
[2024-07-08T00:09:40.645+0500] {processor.py:183} INFO - Processing /home/nicolaspc/airflow/dags/dag_1.py took 0.076 seconds
[2024-07-08T00:10:04.794+0500] {processor.py:161} INFO - Started process (PID=7238) to work on /home/nicolaspc/airflow/dags/dag_1.py
[2024-07-08T00:10:04.803+0500] {processor.py:830} INFO - Processing file /home/nicolaspc/airflow/dags/dag_1.py for tasks to queue
[2024-07-08T00:10:04.805+0500] {logging_mixin.py:188} INFO - [2024-07-08T00:10:04.805+0500] {dagbag.py:545} INFO - Filling up the DagBag from /home/nicolaspc/airflow/dags/dag_1.py
[2024-07-08T00:10:04.814+0500] {processor.py:840} INFO - DAG(s) 'mlops_dag_1' retrieved from /home/nicolaspc/airflow/dags/dag_1.py
[2024-07-08T00:10:04.836+0500] {logging_mixin.py:188} INFO - [2024-07-08T00:10:04.836+0500] {dag.py:3096} INFO - Sync 1 DAGs
[2024-07-08T00:10:04.854+0500] {logging_mixin.py:188} INFO - [2024-07-08T00:10:04.853+0500] {dag.py:3954} INFO - Setting next_dagrun for mlops_dag_1 to 2024-07-07 01:00:00+00:00, run_after=2024-07-08 01:00:00+00:00
[2024-07-08T00:10:04.870+0500] {processor.py:183} INFO - Processing /home/nicolaspc/airflow/dags/dag_1.py took 0.080 seconds
[2024-07-08T00:10:11.602+0500] {processor.py:161} INFO - Started process (PID=7284) to work on /home/nicolaspc/airflow/dags/dag_1.py
[2024-07-08T00:10:11.603+0500] {processor.py:830} INFO - Processing file /home/nicolaspc/airflow/dags/dag_1.py for tasks to queue
[2024-07-08T00:10:11.604+0500] {logging_mixin.py:188} INFO - [2024-07-08T00:10:11.604+0500] {dagbag.py:545} INFO - Filling up the DagBag from /home/nicolaspc/airflow/dags/dag_1.py
[2024-07-08T00:10:11.614+0500] {processor.py:840} INFO - DAG(s) 'mlops_dag_1' retrieved from /home/nicolaspc/airflow/dags/dag_1.py
[2024-07-08T00:10:11.636+0500] {logging_mixin.py:188} INFO - [2024-07-08T00:10:11.635+0500] {dag.py:3096} INFO - Sync 1 DAGs
[2024-07-08T00:10:11.652+0500] {logging_mixin.py:188} INFO - [2024-07-08T00:10:11.652+0500] {dag.py:3954} INFO - Setting next_dagrun for mlops_dag_1 to 2024-07-07 01:00:00+00:00, run_after=2024-07-08 01:00:00+00:00
[2024-07-08T00:10:11.668+0500] {processor.py:183} INFO - Processing /home/nicolaspc/airflow/dags/dag_1.py took 0.070 seconds
[2024-07-08T00:10:35.778+0500] {processor.py:161} INFO - Started process (PID=7332) to work on /home/nicolaspc/airflow/dags/dag_1.py
[2024-07-08T00:10:35.778+0500] {processor.py:830} INFO - Processing file /home/nicolaspc/airflow/dags/dag_1.py for tasks to queue
[2024-07-08T00:10:35.780+0500] {logging_mixin.py:188} INFO - [2024-07-08T00:10:35.779+0500] {dagbag.py:545} INFO - Filling up the DagBag from /home/nicolaspc/airflow/dags/dag_1.py
[2024-07-08T00:10:35.789+0500] {processor.py:840} INFO - DAG(s) 'mlops_dag_1' retrieved from /home/nicolaspc/airflow/dags/dag_1.py
[2024-07-08T00:10:35.811+0500] {logging_mixin.py:188} INFO - [2024-07-08T00:10:35.810+0500] {dag.py:3096} INFO - Sync 1 DAGs
[2024-07-08T00:10:35.828+0500] {logging_mixin.py:188} INFO - [2024-07-08T00:10:35.828+0500] {dag.py:3954} INFO - Setting next_dagrun for mlops_dag_1 to 2024-07-07 01:00:00+00:00, run_after=2024-07-08 01:00:00+00:00
[2024-07-08T00:10:35.843+0500] {processor.py:183} INFO - Processing /home/nicolaspc/airflow/dags/dag_1.py took 0.069 seconds
[2024-07-08T00:10:42.620+0500] {processor.py:161} INFO - Started process (PID=7378) to work on /home/nicolaspc/airflow/dags/dag_1.py
[2024-07-08T00:10:42.623+0500] {processor.py:830} INFO - Processing file /home/nicolaspc/airflow/dags/dag_1.py for tasks to queue
[2024-07-08T00:10:42.624+0500] {logging_mixin.py:188} INFO - [2024-07-08T00:10:42.624+0500] {dagbag.py:545} INFO - Filling up the DagBag from /home/nicolaspc/airflow/dags/dag_1.py
[2024-07-08T00:10:42.634+0500] {processor.py:840} INFO - DAG(s) 'mlops_dag_1' retrieved from /home/nicolaspc/airflow/dags/dag_1.py
[2024-07-08T00:10:42.655+0500] {logging_mixin.py:188} INFO - [2024-07-08T00:10:42.654+0500] {dag.py:3096} INFO - Sync 1 DAGs
[2024-07-08T00:10:42.671+0500] {logging_mixin.py:188} INFO - [2024-07-08T00:10:42.671+0500] {dag.py:3954} INFO - Setting next_dagrun for mlops_dag_1 to 2024-07-07 01:00:00+00:00, run_after=2024-07-08 01:00:00+00:00
[2024-07-08T00:10:42.687+0500] {processor.py:183} INFO - Processing /home/nicolaspc/airflow/dags/dag_1.py took 0.071 seconds
[2024-07-08T00:11:06.813+0500] {processor.py:161} INFO - Started process (PID=7426) to work on /home/nicolaspc/airflow/dags/dag_1.py
[2024-07-08T00:11:06.813+0500] {processor.py:830} INFO - Processing file /home/nicolaspc/airflow/dags/dag_1.py for tasks to queue
[2024-07-08T00:11:06.814+0500] {logging_mixin.py:188} INFO - [2024-07-08T00:11:06.814+0500] {dagbag.py:545} INFO - Filling up the DagBag from /home/nicolaspc/airflow/dags/dag_1.py
[2024-07-08T00:11:06.823+0500] {processor.py:840} INFO - DAG(s) 'mlops_dag_1' retrieved from /home/nicolaspc/airflow/dags/dag_1.py
[2024-07-08T00:11:06.844+0500] {logging_mixin.py:188} INFO - [2024-07-08T00:11:06.844+0500] {dag.py:3096} INFO - Sync 1 DAGs
[2024-07-08T00:11:06.860+0500] {logging_mixin.py:188} INFO - [2024-07-08T00:11:06.860+0500] {dag.py:3954} INFO - Setting next_dagrun for mlops_dag_1 to 2024-07-07 01:00:00+00:00, run_after=2024-07-08 01:00:00+00:00
[2024-07-08T00:11:06.875+0500] {processor.py:183} INFO - Processing /home/nicolaspc/airflow/dags/dag_1.py took 0.067 seconds
[2024-07-08T00:11:13.630+0500] {processor.py:161} INFO - Started process (PID=7472) to work on /home/nicolaspc/airflow/dags/dag_1.py
[2024-07-08T00:11:13.631+0500] {processor.py:830} INFO - Processing file /home/nicolaspc/airflow/dags/dag_1.py for tasks to queue
[2024-07-08T00:11:13.632+0500] {logging_mixin.py:188} INFO - [2024-07-08T00:11:13.632+0500] {dagbag.py:545} INFO - Filling up the DagBag from /home/nicolaspc/airflow/dags/dag_1.py
[2024-07-08T00:11:13.641+0500] {processor.py:840} INFO - DAG(s) 'mlops_dag_1' retrieved from /home/nicolaspc/airflow/dags/dag_1.py
[2024-07-08T00:11:13.662+0500] {logging_mixin.py:188} INFO - [2024-07-08T00:11:13.662+0500] {dag.py:3096} INFO - Sync 1 DAGs
[2024-07-08T00:11:13.679+0500] {logging_mixin.py:188} INFO - [2024-07-08T00:11:13.679+0500] {dag.py:3954} INFO - Setting next_dagrun for mlops_dag_1 to 2024-07-07 01:00:00+00:00, run_after=2024-07-08 01:00:00+00:00
[2024-07-08T00:11:13.694+0500] {processor.py:183} INFO - Processing /home/nicolaspc/airflow/dags/dag_1.py took 0.068 seconds
[2024-07-08T00:11:37.814+0500] {processor.py:161} INFO - Started process (PID=7532) to work on /home/nicolaspc/airflow/dags/dag_1.py
[2024-07-08T00:11:37.815+0500] {processor.py:830} INFO - Processing file /home/nicolaspc/airflow/dags/dag_1.py for tasks to queue
[2024-07-08T00:11:37.816+0500] {logging_mixin.py:188} INFO - [2024-07-08T00:11:37.816+0500] {dagbag.py:545} INFO - Filling up the DagBag from /home/nicolaspc/airflow/dags/dag_1.py
[2024-07-08T00:11:37.825+0500] {processor.py:840} INFO - DAG(s) 'mlops_dag_1' retrieved from /home/nicolaspc/airflow/dags/dag_1.py
[2024-07-08T00:11:37.847+0500] {logging_mixin.py:188} INFO - [2024-07-08T00:11:37.847+0500] {dag.py:3096} INFO - Sync 1 DAGs
[2024-07-08T00:11:37.864+0500] {logging_mixin.py:188} INFO - [2024-07-08T00:11:37.864+0500] {dag.py:3954} INFO - Setting next_dagrun for mlops_dag_1 to 2024-07-07 01:00:00+00:00, run_after=2024-07-08 01:00:00+00:00
[2024-07-08T00:11:37.879+0500] {processor.py:183} INFO - Processing /home/nicolaspc/airflow/dags/dag_1.py took 0.069 seconds
[2024-07-08T00:11:44.609+0500] {processor.py:161} INFO - Started process (PID=7578) to work on /home/nicolaspc/airflow/dags/dag_1.py
[2024-07-08T00:11:44.618+0500] {processor.py:830} INFO - Processing file /home/nicolaspc/airflow/dags/dag_1.py for tasks to queue
[2024-07-08T00:11:44.620+0500] {logging_mixin.py:188} INFO - [2024-07-08T00:11:44.619+0500] {dagbag.py:545} INFO - Filling up the DagBag from /home/nicolaspc/airflow/dags/dag_1.py
[2024-07-08T00:11:44.629+0500] {processor.py:840} INFO - DAG(s) 'mlops_dag_1' retrieved from /home/nicolaspc/airflow/dags/dag_1.py
[2024-07-08T00:11:44.650+0500] {logging_mixin.py:188} INFO - [2024-07-08T00:11:44.650+0500] {dag.py:3096} INFO - Sync 1 DAGs
[2024-07-08T00:11:44.667+0500] {logging_mixin.py:188} INFO - [2024-07-08T00:11:44.667+0500] {dag.py:3954} INFO - Setting next_dagrun for mlops_dag_1 to 2024-07-07 01:00:00+00:00, run_after=2024-07-08 01:00:00+00:00
[2024-07-08T00:11:44.682+0500] {processor.py:183} INFO - Processing /home/nicolaspc/airflow/dags/dag_1.py took 0.077 seconds
[2024-07-08T00:12:08.815+0500] {processor.py:161} INFO - Started process (PID=7638) to work on /home/nicolaspc/airflow/dags/dag_1.py
[2024-07-08T00:12:08.816+0500] {processor.py:830} INFO - Processing file /home/nicolaspc/airflow/dags/dag_1.py for tasks to queue
[2024-07-08T00:12:08.817+0500] {logging_mixin.py:188} INFO - [2024-07-08T00:12:08.817+0500] {dagbag.py:545} INFO - Filling up the DagBag from /home/nicolaspc/airflow/dags/dag_1.py
[2024-07-08T00:12:08.826+0500] {processor.py:840} INFO - DAG(s) 'mlops_dag_1' retrieved from /home/nicolaspc/airflow/dags/dag_1.py
[2024-07-08T00:12:08.847+0500] {logging_mixin.py:188} INFO - [2024-07-08T00:12:08.847+0500] {dag.py:3096} INFO - Sync 1 DAGs
[2024-07-08T00:12:08.864+0500] {logging_mixin.py:188} INFO - [2024-07-08T00:12:08.864+0500] {dag.py:3954} INFO - Setting next_dagrun for mlops_dag_1 to 2024-07-07 01:00:00+00:00, run_after=2024-07-08 01:00:00+00:00
[2024-07-08T00:12:08.879+0500] {processor.py:183} INFO - Processing /home/nicolaspc/airflow/dags/dag_1.py took 0.068 seconds
[2024-07-08T00:12:15.643+0500] {processor.py:161} INFO - Started process (PID=7684) to work on /home/nicolaspc/airflow/dags/dag_1.py
[2024-07-08T00:12:15.644+0500] {processor.py:830} INFO - Processing file /home/nicolaspc/airflow/dags/dag_1.py for tasks to queue
[2024-07-08T00:12:15.645+0500] {logging_mixin.py:188} INFO - [2024-07-08T00:12:15.645+0500] {dagbag.py:545} INFO - Filling up the DagBag from /home/nicolaspc/airflow/dags/dag_1.py
[2024-07-08T00:12:15.654+0500] {processor.py:840} INFO - DAG(s) 'mlops_dag_1' retrieved from /home/nicolaspc/airflow/dags/dag_1.py
[2024-07-08T00:12:15.676+0500] {logging_mixin.py:188} INFO - [2024-07-08T00:12:15.676+0500] {dag.py:3096} INFO - Sync 1 DAGs
[2024-07-08T00:12:15.692+0500] {logging_mixin.py:188} INFO - [2024-07-08T00:12:15.692+0500] {dag.py:3954} INFO - Setting next_dagrun for mlops_dag_1 to 2024-07-07 01:00:00+00:00, run_after=2024-07-08 01:00:00+00:00
[2024-07-08T00:12:15.707+0500] {processor.py:183} INFO - Processing /home/nicolaspc/airflow/dags/dag_1.py took 0.068 seconds
[2024-07-08T00:12:39.798+0500] {processor.py:161} INFO - Started process (PID=7744) to work on /home/nicolaspc/airflow/dags/dag_1.py
[2024-07-08T00:12:39.799+0500] {processor.py:830} INFO - Processing file /home/nicolaspc/airflow/dags/dag_1.py for tasks to queue
[2024-07-08T00:12:39.800+0500] {logging_mixin.py:188} INFO - [2024-07-08T00:12:39.800+0500] {dagbag.py:545} INFO - Filling up the DagBag from /home/nicolaspc/airflow/dags/dag_1.py
[2024-07-08T00:12:39.809+0500] {processor.py:840} INFO - DAG(s) 'mlops_dag_1' retrieved from /home/nicolaspc/airflow/dags/dag_1.py
[2024-07-08T00:12:39.829+0500] {logging_mixin.py:188} INFO - [2024-07-08T00:12:39.829+0500] {dag.py:3096} INFO - Sync 1 DAGs
[2024-07-08T00:12:39.846+0500] {logging_mixin.py:188} INFO - [2024-07-08T00:12:39.845+0500] {dag.py:3954} INFO - Setting next_dagrun for mlops_dag_1 to 2024-07-07 01:00:00+00:00, run_after=2024-07-08 01:00:00+00:00
[2024-07-08T00:12:39.861+0500] {processor.py:183} INFO - Processing /home/nicolaspc/airflow/dags/dag_1.py took 0.067 seconds
[2024-07-08T00:12:46.641+0500] {processor.py:161} INFO - Started process (PID=7791) to work on /home/nicolaspc/airflow/dags/dag_1.py
[2024-07-08T00:12:46.642+0500] {processor.py:830} INFO - Processing file /home/nicolaspc/airflow/dags/dag_1.py for tasks to queue
[2024-07-08T00:12:46.643+0500] {logging_mixin.py:188} INFO - [2024-07-08T00:12:46.642+0500] {dagbag.py:545} INFO - Filling up the DagBag from /home/nicolaspc/airflow/dags/dag_1.py
[2024-07-08T00:12:46.652+0500] {processor.py:840} INFO - DAG(s) 'mlops_dag_1' retrieved from /home/nicolaspc/airflow/dags/dag_1.py
[2024-07-08T00:12:46.673+0500] {logging_mixin.py:188} INFO - [2024-07-08T00:12:46.673+0500] {dag.py:3096} INFO - Sync 1 DAGs
[2024-07-08T00:12:46.689+0500] {logging_mixin.py:188} INFO - [2024-07-08T00:12:46.689+0500] {dag.py:3954} INFO - Setting next_dagrun for mlops_dag_1 to 2024-07-07 01:00:00+00:00, run_after=2024-07-08 01:00:00+00:00
[2024-07-08T00:12:46.704+0500] {processor.py:183} INFO - Processing /home/nicolaspc/airflow/dags/dag_1.py took 0.068 seconds
[2024-07-08T00:13:10.804+0500] {processor.py:161} INFO - Started process (PID=7874) to work on /home/nicolaspc/airflow/dags/dag_1.py
[2024-07-08T00:13:10.805+0500] {processor.py:830} INFO - Processing file /home/nicolaspc/airflow/dags/dag_1.py for tasks to queue
[2024-07-08T00:13:10.806+0500] {logging_mixin.py:188} INFO - [2024-07-08T00:13:10.806+0500] {dagbag.py:545} INFO - Filling up the DagBag from /home/nicolaspc/airflow/dags/dag_1.py
[2024-07-08T00:13:10.815+0500] {processor.py:840} INFO - DAG(s) 'mlops_dag_1' retrieved from /home/nicolaspc/airflow/dags/dag_1.py
[2024-07-08T00:13:10.836+0500] {logging_mixin.py:188} INFO - [2024-07-08T00:13:10.836+0500] {dag.py:3096} INFO - Sync 1 DAGs
[2024-07-08T00:13:10.853+0500] {logging_mixin.py:188} INFO - [2024-07-08T00:13:10.853+0500] {dag.py:3954} INFO - Setting next_dagrun for mlops_dag_1 to 2024-07-07 01:00:00+00:00, run_after=2024-07-08 01:00:00+00:00
[2024-07-08T00:13:10.869+0500] {processor.py:183} INFO - Processing /home/nicolaspc/airflow/dags/dag_1.py took 0.069 seconds
[2024-07-08T00:13:17.642+0500] {processor.py:161} INFO - Started process (PID=7921) to work on /home/nicolaspc/airflow/dags/dag_1.py
[2024-07-08T00:13:17.650+0500] {processor.py:830} INFO - Processing file /home/nicolaspc/airflow/dags/dag_1.py for tasks to queue
[2024-07-08T00:13:17.652+0500] {logging_mixin.py:188} INFO - [2024-07-08T00:13:17.651+0500] {dagbag.py:545} INFO - Filling up the DagBag from /home/nicolaspc/airflow/dags/dag_1.py
[2024-07-08T00:13:17.661+0500] {processor.py:840} INFO - DAG(s) 'mlops_dag_1' retrieved from /home/nicolaspc/airflow/dags/dag_1.py
[2024-07-08T00:13:17.682+0500] {logging_mixin.py:188} INFO - [2024-07-08T00:13:17.682+0500] {dag.py:3096} INFO - Sync 1 DAGs
[2024-07-08T00:13:17.700+0500] {logging_mixin.py:188} INFO - [2024-07-08T00:13:17.700+0500] {dag.py:3954} INFO - Setting next_dagrun for mlops_dag_1 to 2024-07-07 01:00:00+00:00, run_after=2024-07-08 01:00:00+00:00
[2024-07-08T00:13:17.715+0500] {processor.py:183} INFO - Processing /home/nicolaspc/airflow/dags/dag_1.py took 0.077 seconds
[2024-07-08T00:15:10.806+0500] {processor.py:161} INFO - Started process (PID=8554) to work on /home/nicolaspc/airflow/dags/dag_1.py
[2024-07-08T00:15:10.807+0500] {processor.py:830} INFO - Processing file /home/nicolaspc/airflow/dags/dag_1.py for tasks to queue
[2024-07-08T00:15:10.808+0500] {logging_mixin.py:188} INFO - [2024-07-08T00:15:10.808+0500] {dagbag.py:545} INFO - Filling up the DagBag from /home/nicolaspc/airflow/dags/dag_1.py
[2024-07-08T00:15:10.818+0500] {processor.py:840} INFO - DAG(s) 'mlops_dag_1' retrieved from /home/nicolaspc/airflow/dags/dag_1.py
[2024-07-08T00:15:10.894+0500] {logging_mixin.py:188} INFO - [2024-07-08T00:15:10.894+0500] {dag.py:3096} INFO - Sync 1 DAGs
[2024-07-08T00:15:10.911+0500] {logging_mixin.py:188} INFO - [2024-07-08T00:15:10.911+0500] {dag.py:3954} INFO - Setting next_dagrun for mlops_dag_1 to 2024-07-07 01:00:00+00:00, run_after=2024-07-08 01:00:00+00:00
[2024-07-08T00:15:10.936+0500] {processor.py:183} INFO - Processing /home/nicolaspc/airflow/dags/dag_1.py took 0.134 seconds
[2024-07-08T00:15:41.771+0500] {processor.py:161} INFO - Started process (PID=8721) to work on /home/nicolaspc/airflow/dags/dag_1.py
[2024-07-08T00:15:41.772+0500] {processor.py:830} INFO - Processing file /home/nicolaspc/airflow/dags/dag_1.py for tasks to queue
[2024-07-08T00:15:41.772+0500] {logging_mixin.py:188} INFO - [2024-07-08T00:15:41.772+0500] {dagbag.py:545} INFO - Filling up the DagBag from /home/nicolaspc/airflow/dags/dag_1.py
[2024-07-08T00:15:41.783+0500] {processor.py:840} INFO - DAG(s) 'mlops_dag_1' retrieved from /home/nicolaspc/airflow/dags/dag_1.py
[2024-07-08T00:15:41.798+0500] {logging_mixin.py:188} INFO - [2024-07-08T00:15:41.798+0500] {dag.py:3096} INFO - Sync 1 DAGs
[2024-07-08T00:15:41.814+0500] {logging_mixin.py:188} INFO - [2024-07-08T00:15:41.814+0500] {dag.py:3954} INFO - Setting next_dagrun for mlops_dag_1 to 2024-07-07 01:00:00+00:00, run_after=2024-07-08 01:00:00+00:00
[2024-07-08T00:15:41.830+0500] {processor.py:183} INFO - Processing /home/nicolaspc/airflow/dags/dag_1.py took 0.063 seconds
[2024-07-08T00:15:44.479+0500] {processor.py:161} INFO - Started process (PID=8927) to work on /home/nicolaspc/airflow/dags/dag_1.py
[2024-07-08T00:15:44.480+0500] {processor.py:830} INFO - Processing file /home/nicolaspc/airflow/dags/dag_1.py for tasks to queue
[2024-07-08T00:15:44.481+0500] {logging_mixin.py:188} INFO - [2024-07-08T00:15:44.481+0500] {dagbag.py:545} INFO - Filling up the DagBag from /home/nicolaspc/airflow/dags/dag_1.py
[2024-07-08T00:15:44.490+0500] {processor.py:840} INFO - DAG(s) 'mlops_dag_1' retrieved from /home/nicolaspc/airflow/dags/dag_1.py
[2024-07-08T00:15:44.505+0500] {logging_mixin.py:188} INFO - [2024-07-08T00:15:44.505+0500] {dag.py:3096} INFO - Sync 1 DAGs
[2024-07-08T00:15:44.525+0500] {logging_mixin.py:188} INFO - [2024-07-08T00:15:44.525+0500] {dag.py:3954} INFO - Setting next_dagrun for mlops_dag_1 to 2024-07-07 01:00:00+00:00, run_after=2024-07-08 01:00:00+00:00
[2024-07-08T00:15:44.543+0500] {processor.py:183} INFO - Processing /home/nicolaspc/airflow/dags/dag_1.py took 0.068 seconds
[2024-07-08T00:16:08.920+0500] {processor.py:161} INFO - Started process (PID=9093) to work on /home/nicolaspc/airflow/dags/dag_1.py
[2024-07-08T00:16:08.929+0500] {processor.py:830} INFO - Processing file /home/nicolaspc/airflow/dags/dag_1.py for tasks to queue
[2024-07-08T00:16:08.929+0500] {logging_mixin.py:188} INFO - [2024-07-08T00:16:08.929+0500] {dagbag.py:545} INFO - Filling up the DagBag from /home/nicolaspc/airflow/dags/dag_1.py
[2024-07-08T00:16:08.939+0500] {processor.py:840} INFO - DAG(s) 'mlops_dag_1' retrieved from /home/nicolaspc/airflow/dags/dag_1.py
[2024-07-08T00:16:08.951+0500] {logging_mixin.py:188} INFO - [2024-07-08T00:16:08.951+0500] {dag.py:3096} INFO - Sync 1 DAGs
[2024-07-08T00:16:08.966+0500] {logging_mixin.py:188} INFO - [2024-07-08T00:16:08.966+0500] {dag.py:3954} INFO - Setting next_dagrun for mlops_dag_1 to 2024-07-07 01:00:00+00:00, run_after=2024-07-08 01:00:00+00:00
[2024-07-08T00:16:08.980+0500] {processor.py:183} INFO - Processing /home/nicolaspc/airflow/dags/dag_1.py took 0.064 seconds
