[2024-07-07T23:55:10.583+0500] {processor.py:161} INFO - Started process (PID=3519) to work on /home/nicolaspc/airflow/dags/train_models.py
[2024-07-07T23:55:10.583+0500] {processor.py:830} INFO - Processing file /home/nicolaspc/airflow/dags/train_models.py for tasks to queue
[2024-07-07T23:55:10.584+0500] {logging_mixin.py:188} INFO - [2024-07-07T23:55:10.584+0500] {dagbag.py:545} INFO - Filling up the DagBag from /home/nicolaspc/airflow/dags/train_models.py
[2024-07-07T23:55:11.463+0500] {processor.py:842} WARNING - No viable dags retrieved from /home/nicolaspc/airflow/dags/train_models.py
[2024-07-07T23:55:11.477+0500] {processor.py:183} INFO - Processing /home/nicolaspc/airflow/dags/train_models.py took 0.899 seconds
[2024-07-07T23:55:41.687+0500] {processor.py:161} INFO - Started process (PID=3597) to work on /home/nicolaspc/airflow/dags/train_models.py
[2024-07-07T23:55:41.688+0500] {processor.py:830} INFO - Processing file /home/nicolaspc/airflow/dags/train_models.py for tasks to queue
[2024-07-07T23:55:41.689+0500] {logging_mixin.py:188} INFO - [2024-07-07T23:55:41.689+0500] {dagbag.py:545} INFO - Filling up the DagBag from /home/nicolaspc/airflow/dags/train_models.py
[2024-07-07T23:55:42.543+0500] {processor.py:842} WARNING - No viable dags retrieved from /home/nicolaspc/airflow/dags/train_models.py
[2024-07-07T23:55:42.557+0500] {processor.py:183} INFO - Processing /home/nicolaspc/airflow/dags/train_models.py took 0.873 seconds
[2024-07-07T23:56:06.479+0500] {processor.py:161} INFO - Started process (PID=3669) to work on /home/nicolaspc/airflow/dags/train_models.py
[2024-07-07T23:56:06.487+0500] {processor.py:830} INFO - Processing file /home/nicolaspc/airflow/dags/train_models.py for tasks to queue
[2024-07-07T23:56:06.488+0500] {logging_mixin.py:188} INFO - [2024-07-07T23:56:06.488+0500] {dagbag.py:545} INFO - Filling up the DagBag from /home/nicolaspc/airflow/dags/train_models.py
[2024-07-07T23:56:07.338+0500] {processor.py:842} WARNING - No viable dags retrieved from /home/nicolaspc/airflow/dags/train_models.py
[2024-07-07T23:56:07.351+0500] {processor.py:183} INFO - Processing /home/nicolaspc/airflow/dags/train_models.py took 0.876 seconds
[2024-07-07T23:56:12.822+0500] {processor.py:161} INFO - Started process (PID=3709) to work on /home/nicolaspc/airflow/dags/train_models.py
[2024-07-07T23:56:12.830+0500] {processor.py:830} INFO - Processing file /home/nicolaspc/airflow/dags/train_models.py for tasks to queue
[2024-07-07T23:56:12.832+0500] {logging_mixin.py:188} INFO - [2024-07-07T23:56:12.832+0500] {dagbag.py:545} INFO - Filling up the DagBag from /home/nicolaspc/airflow/dags/train_models.py
[2024-07-07T23:56:13.725+0500] {processor.py:842} WARNING - No viable dags retrieved from /home/nicolaspc/airflow/dags/train_models.py
[2024-07-07T23:56:13.738+0500] {processor.py:183} INFO - Processing /home/nicolaspc/airflow/dags/train_models.py took 0.919 seconds
[2024-07-07T23:56:37.540+0500] {processor.py:161} INFO - Started process (PID=3864) to work on /home/nicolaspc/airflow/dags/train_models.py
[2024-07-07T23:56:37.548+0500] {processor.py:830} INFO - Processing file /home/nicolaspc/airflow/dags/train_models.py for tasks to queue
[2024-07-07T23:56:37.550+0500] {logging_mixin.py:188} INFO - [2024-07-07T23:56:37.549+0500] {dagbag.py:545} INFO - Filling up the DagBag from /home/nicolaspc/airflow/dags/train_models.py
[2024-07-07T23:56:38.425+0500] {processor.py:842} WARNING - No viable dags retrieved from /home/nicolaspc/airflow/dags/train_models.py
[2024-07-07T23:56:38.452+0500] {processor.py:183} INFO - Processing /home/nicolaspc/airflow/dags/train_models.py took 0.916 seconds
[2024-07-07T23:56:43.934+0500] {processor.py:161} INFO - Started process (PID=3938) to work on /home/nicolaspc/airflow/dags/train_models.py
[2024-07-07T23:56:43.943+0500] {processor.py:830} INFO - Processing file /home/nicolaspc/airflow/dags/train_models.py for tasks to queue
[2024-07-07T23:56:43.945+0500] {logging_mixin.py:188} INFO - [2024-07-07T23:56:43.945+0500] {dagbag.py:545} INFO - Filling up the DagBag from /home/nicolaspc/airflow/dags/train_models.py
[2024-07-07T23:56:44.845+0500] {processor.py:842} WARNING - No viable dags retrieved from /home/nicolaspc/airflow/dags/train_models.py
[2024-07-07T23:56:44.859+0500] {processor.py:183} INFO - Processing /home/nicolaspc/airflow/dags/train_models.py took 0.928 seconds
[2024-07-07T23:57:08.657+0500] {processor.py:161} INFO - Started process (PID=4093) to work on /home/nicolaspc/airflow/dags/train_models.py
[2024-07-07T23:57:08.665+0500] {processor.py:830} INFO - Processing file /home/nicolaspc/airflow/dags/train_models.py for tasks to queue
[2024-07-07T23:57:08.667+0500] {logging_mixin.py:188} INFO - [2024-07-07T23:57:08.667+0500] {dagbag.py:545} INFO - Filling up the DagBag from /home/nicolaspc/airflow/dags/train_models.py
[2024-07-07T23:57:09.518+0500] {processor.py:842} WARNING - No viable dags retrieved from /home/nicolaspc/airflow/dags/train_models.py
[2024-07-07T23:57:09.531+0500] {processor.py:183} INFO - Processing /home/nicolaspc/airflow/dags/train_models.py took 0.878 seconds
[2024-07-07T23:57:15.042+0500] {processor.py:161} INFO - Started process (PID=4133) to work on /home/nicolaspc/airflow/dags/train_models.py
[2024-07-07T23:57:15.050+0500] {processor.py:830} INFO - Processing file /home/nicolaspc/airflow/dags/train_models.py for tasks to queue
[2024-07-07T23:57:15.053+0500] {logging_mixin.py:188} INFO - [2024-07-07T23:57:15.052+0500] {dagbag.py:545} INFO - Filling up the DagBag from /home/nicolaspc/airflow/dags/train_models.py
[2024-07-07T23:57:15.887+0500] {processor.py:842} WARNING - No viable dags retrieved from /home/nicolaspc/airflow/dags/train_models.py
[2024-07-07T23:57:15.900+0500] {processor.py:183} INFO - Processing /home/nicolaspc/airflow/dags/train_models.py took 0.861 seconds
[2024-07-07T23:57:39.741+0500] {processor.py:161} INFO - Started process (PID=4186) to work on /home/nicolaspc/airflow/dags/train_models.py
[2024-07-07T23:57:39.749+0500] {processor.py:830} INFO - Processing file /home/nicolaspc/airflow/dags/train_models.py for tasks to queue
[2024-07-07T23:57:39.751+0500] {logging_mixin.py:188} INFO - [2024-07-07T23:57:39.751+0500] {dagbag.py:545} INFO - Filling up the DagBag from /home/nicolaspc/airflow/dags/train_models.py
[2024-07-07T23:57:40.603+0500] {processor.py:842} WARNING - No viable dags retrieved from /home/nicolaspc/airflow/dags/train_models.py
[2024-07-07T23:57:40.615+0500] {processor.py:183} INFO - Processing /home/nicolaspc/airflow/dags/train_models.py took 0.878 seconds
[2024-07-07T23:57:46.108+0500] {processor.py:161} INFO - Started process (PID=4227) to work on /home/nicolaspc/airflow/dags/train_models.py
[2024-07-07T23:57:46.117+0500] {processor.py:830} INFO - Processing file /home/nicolaspc/airflow/dags/train_models.py for tasks to queue
[2024-07-07T23:57:46.119+0500] {logging_mixin.py:188} INFO - [2024-07-07T23:57:46.118+0500] {dagbag.py:545} INFO - Filling up the DagBag from /home/nicolaspc/airflow/dags/train_models.py
[2024-07-07T23:57:46.953+0500] {processor.py:842} WARNING - No viable dags retrieved from /home/nicolaspc/airflow/dags/train_models.py
[2024-07-07T23:57:46.966+0500] {processor.py:183} INFO - Processing /home/nicolaspc/airflow/dags/train_models.py took 0.862 seconds
[2024-07-07T23:58:10.822+0500] {processor.py:161} INFO - Started process (PID=4294) to work on /home/nicolaspc/airflow/dags/train_models.py
[2024-07-07T23:58:10.831+0500] {processor.py:830} INFO - Processing file /home/nicolaspc/airflow/dags/train_models.py for tasks to queue
[2024-07-07T23:58:10.832+0500] {logging_mixin.py:188} INFO - [2024-07-07T23:58:10.832+0500] {dagbag.py:545} INFO - Filling up the DagBag from /home/nicolaspc/airflow/dags/train_models.py
[2024-07-07T23:58:11.685+0500] {processor.py:842} WARNING - No viable dags retrieved from /home/nicolaspc/airflow/dags/train_models.py
[2024-07-07T23:58:11.699+0500] {processor.py:183} INFO - Processing /home/nicolaspc/airflow/dags/train_models.py took 0.881 seconds
[2024-07-07T23:58:17.184+0500] {processor.py:161} INFO - Started process (PID=4334) to work on /home/nicolaspc/airflow/dags/train_models.py
[2024-07-07T23:58:17.184+0500] {processor.py:830} INFO - Processing file /home/nicolaspc/airflow/dags/train_models.py for tasks to queue
[2024-07-07T23:58:17.185+0500] {logging_mixin.py:188} INFO - [2024-07-07T23:58:17.185+0500] {dagbag.py:545} INFO - Filling up the DagBag from /home/nicolaspc/airflow/dags/train_models.py
[2024-07-07T23:58:18.020+0500] {processor.py:842} WARNING - No viable dags retrieved from /home/nicolaspc/airflow/dags/train_models.py
[2024-07-07T23:58:18.034+0500] {processor.py:183} INFO - Processing /home/nicolaspc/airflow/dags/train_models.py took 0.854 seconds
[2024-07-07T23:58:41.904+0500] {processor.py:161} INFO - Started process (PID=4387) to work on /home/nicolaspc/airflow/dags/train_models.py
[2024-07-07T23:58:41.912+0500] {processor.py:830} INFO - Processing file /home/nicolaspc/airflow/dags/train_models.py for tasks to queue
[2024-07-07T23:58:41.915+0500] {logging_mixin.py:188} INFO - [2024-07-07T23:58:41.914+0500] {dagbag.py:545} INFO - Filling up the DagBag from /home/nicolaspc/airflow/dags/train_models.py
[2024-07-07T23:58:42.773+0500] {processor.py:842} WARNING - No viable dags retrieved from /home/nicolaspc/airflow/dags/train_models.py
[2024-07-07T23:58:42.787+0500] {processor.py:183} INFO - Processing /home/nicolaspc/airflow/dags/train_models.py took 0.887 seconds
[2024-07-07T23:58:48.259+0500] {processor.py:161} INFO - Started process (PID=4428) to work on /home/nicolaspc/airflow/dags/train_models.py
[2024-07-07T23:58:48.268+0500] {processor.py:830} INFO - Processing file /home/nicolaspc/airflow/dags/train_models.py for tasks to queue
[2024-07-07T23:58:48.269+0500] {logging_mixin.py:188} INFO - [2024-07-07T23:58:48.269+0500] {dagbag.py:545} INFO - Filling up the DagBag from /home/nicolaspc/airflow/dags/train_models.py
[2024-07-07T23:58:49.123+0500] {processor.py:842} WARNING - No viable dags retrieved from /home/nicolaspc/airflow/dags/train_models.py
[2024-07-07T23:58:49.137+0500] {processor.py:183} INFO - Processing /home/nicolaspc/airflow/dags/train_models.py took 0.882 seconds
[2024-07-07T23:59:12.972+0500] {processor.py:161} INFO - Started process (PID=4483) to work on /home/nicolaspc/airflow/dags/train_models.py
[2024-07-07T23:59:12.980+0500] {processor.py:830} INFO - Processing file /home/nicolaspc/airflow/dags/train_models.py for tasks to queue
[2024-07-07T23:59:12.982+0500] {logging_mixin.py:188} INFO - [2024-07-07T23:59:12.981+0500] {dagbag.py:545} INFO - Filling up the DagBag from /home/nicolaspc/airflow/dags/train_models.py
[2024-07-07T23:59:13.731+0500] {processor.py:842} WARNING - No viable dags retrieved from /home/nicolaspc/airflow/dags/train_models.py
[2024-07-07T23:59:13.744+0500] {processor.py:183} INFO - Processing /home/nicolaspc/airflow/dags/train_models.py took 0.776 seconds
[2024-07-07T23:59:19.360+0500] {processor.py:161} INFO - Started process (PID=4523) to work on /home/nicolaspc/airflow/dags/train_models.py
[2024-07-07T23:59:19.369+0500] {processor.py:830} INFO - Processing file /home/nicolaspc/airflow/dags/train_models.py for tasks to queue
[2024-07-07T23:59:19.370+0500] {logging_mixin.py:188} INFO - [2024-07-07T23:59:19.370+0500] {dagbag.py:545} INFO - Filling up the DagBag from /home/nicolaspc/airflow/dags/train_models.py
[2024-07-07T23:59:20.226+0500] {processor.py:842} WARNING - No viable dags retrieved from /home/nicolaspc/airflow/dags/train_models.py
[2024-07-07T23:59:20.238+0500] {processor.py:183} INFO - Processing /home/nicolaspc/airflow/dags/train_models.py took 0.882 seconds
[2024-07-07T23:59:43.970+0500] {processor.py:161} INFO - Started process (PID=4576) to work on /home/nicolaspc/airflow/dags/train_models.py
[2024-07-07T23:59:43.978+0500] {processor.py:830} INFO - Processing file /home/nicolaspc/airflow/dags/train_models.py for tasks to queue
[2024-07-07T23:59:43.980+0500] {logging_mixin.py:188} INFO - [2024-07-07T23:59:43.980+0500] {dagbag.py:545} INFO - Filling up the DagBag from /home/nicolaspc/airflow/dags/train_models.py
[2024-07-07T23:59:44.754+0500] {processor.py:842} WARNING - No viable dags retrieved from /home/nicolaspc/airflow/dags/train_models.py
[2024-07-07T23:59:44.767+0500] {processor.py:183} INFO - Processing /home/nicolaspc/airflow/dags/train_models.py took 0.801 seconds
[2024-07-07T23:59:50.454+0500] {processor.py:161} INFO - Started process (PID=4617) to work on /home/nicolaspc/airflow/dags/train_models.py
[2024-07-07T23:59:50.463+0500] {processor.py:830} INFO - Processing file /home/nicolaspc/airflow/dags/train_models.py for tasks to queue
[2024-07-07T23:59:50.465+0500] {logging_mixin.py:188} INFO - [2024-07-07T23:59:50.465+0500] {dagbag.py:545} INFO - Filling up the DagBag from /home/nicolaspc/airflow/dags/train_models.py
[2024-07-07T23:59:51.304+0500] {processor.py:842} WARNING - No viable dags retrieved from /home/nicolaspc/airflow/dags/train_models.py
[2024-07-07T23:59:51.317+0500] {processor.py:183} INFO - Processing /home/nicolaspc/airflow/dags/train_models.py took 0.867 seconds
[2024-07-08T00:00:14.971+0500] {processor.py:161} INFO - Started process (PID=4675) to work on /home/nicolaspc/airflow/dags/train_models.py
[2024-07-08T00:00:14.979+0500] {processor.py:830} INFO - Processing file /home/nicolaspc/airflow/dags/train_models.py for tasks to queue
[2024-07-08T00:00:14.980+0500] {logging_mixin.py:188} INFO - [2024-07-08T00:00:14.980+0500] {dagbag.py:545} INFO - Filling up the DagBag from /home/nicolaspc/airflow/dags/train_models.py
[2024-07-08T00:00:15.735+0500] {processor.py:842} WARNING - No viable dags retrieved from /home/nicolaspc/airflow/dags/train_models.py
[2024-07-08T00:00:15.749+0500] {processor.py:183} INFO - Processing /home/nicolaspc/airflow/dags/train_models.py took 0.781 seconds
[2024-07-08T00:00:21.623+0500] {processor.py:161} INFO - Started process (PID=4728) to work on /home/nicolaspc/airflow/dags/train_models.py
[2024-07-08T00:00:21.631+0500] {processor.py:830} INFO - Processing file /home/nicolaspc/airflow/dags/train_models.py for tasks to queue
[2024-07-08T00:00:21.632+0500] {logging_mixin.py:188} INFO - [2024-07-08T00:00:21.632+0500] {dagbag.py:545} INFO - Filling up the DagBag from /home/nicolaspc/airflow/dags/train_models.py
[2024-07-08T00:00:22.402+0500] {processor.py:842} WARNING - No viable dags retrieved from /home/nicolaspc/airflow/dags/train_models.py
[2024-07-08T00:00:22.414+0500] {processor.py:183} INFO - Processing /home/nicolaspc/airflow/dags/train_models.py took 0.796 seconds
[2024-07-08T00:00:45.965+0500] {processor.py:161} INFO - Started process (PID=4897) to work on /home/nicolaspc/airflow/dags/train_models.py
[2024-07-08T00:00:45.970+0500] {processor.py:830} INFO - Processing file /home/nicolaspc/airflow/dags/train_models.py for tasks to queue
[2024-07-08T00:00:45.971+0500] {logging_mixin.py:188} INFO - [2024-07-08T00:00:45.971+0500] {dagbag.py:545} INFO - Filling up the DagBag from /home/nicolaspc/airflow/dags/train_models.py
[2024-07-08T00:00:46.750+0500] {processor.py:842} WARNING - No viable dags retrieved from /home/nicolaspc/airflow/dags/train_models.py
[2024-07-08T00:00:46.763+0500] {processor.py:183} INFO - Processing /home/nicolaspc/airflow/dags/train_models.py took 0.802 seconds
[2024-07-08T00:00:52.627+0500] {processor.py:161} INFO - Started process (PID=4986) to work on /home/nicolaspc/airflow/dags/train_models.py
[2024-07-08T00:00:52.636+0500] {processor.py:830} INFO - Processing file /home/nicolaspc/airflow/dags/train_models.py for tasks to queue
[2024-07-08T00:00:52.637+0500] {logging_mixin.py:188} INFO - [2024-07-08T00:00:52.637+0500] {dagbag.py:545} INFO - Filling up the DagBag from /home/nicolaspc/airflow/dags/train_models.py
[2024-07-08T00:00:53.415+0500] {processor.py:842} WARNING - No viable dags retrieved from /home/nicolaspc/airflow/dags/train_models.py
[2024-07-08T00:00:53.427+0500] {processor.py:183} INFO - Processing /home/nicolaspc/airflow/dags/train_models.py took 0.804 seconds
[2024-07-08T00:01:16.987+0500] {processor.py:161} INFO - Started process (PID=5446) to work on /home/nicolaspc/airflow/dags/train_models.py
[2024-07-08T00:01:16.988+0500] {processor.py:830} INFO - Processing file /home/nicolaspc/airflow/dags/train_models.py for tasks to queue
[2024-07-08T00:01:16.989+0500] {logging_mixin.py:188} INFO - [2024-07-08T00:01:16.989+0500] {dagbag.py:545} INFO - Filling up the DagBag from /home/nicolaspc/airflow/dags/train_models.py
[2024-07-08T00:01:17.756+0500] {processor.py:842} WARNING - No viable dags retrieved from /home/nicolaspc/airflow/dags/train_models.py
[2024-07-08T00:01:17.771+0500] {processor.py:183} INFO - Processing /home/nicolaspc/airflow/dags/train_models.py took 0.788 seconds
[2024-07-08T00:01:23.628+0500] {processor.py:161} INFO - Started process (PID=5554) to work on /home/nicolaspc/airflow/dags/train_models.py
[2024-07-08T00:01:23.629+0500] {processor.py:830} INFO - Processing file /home/nicolaspc/airflow/dags/train_models.py for tasks to queue
[2024-07-08T00:01:23.630+0500] {logging_mixin.py:188} INFO - [2024-07-08T00:01:23.630+0500] {dagbag.py:545} INFO - Filling up the DagBag from /home/nicolaspc/airflow/dags/train_models.py
[2024-07-08T00:01:24.420+0500] {processor.py:842} WARNING - No viable dags retrieved from /home/nicolaspc/airflow/dags/train_models.py
[2024-07-08T00:01:24.434+0500] {processor.py:183} INFO - Processing /home/nicolaspc/airflow/dags/train_models.py took 0.810 seconds
[2024-07-08T00:01:47.993+0500] {processor.py:161} INFO - Started process (PID=5611) to work on /home/nicolaspc/airflow/dags/train_models.py
[2024-07-08T00:01:48.002+0500] {processor.py:830} INFO - Processing file /home/nicolaspc/airflow/dags/train_models.py for tasks to queue
[2024-07-08T00:01:48.004+0500] {logging_mixin.py:188} INFO - [2024-07-08T00:01:48.004+0500] {dagbag.py:545} INFO - Filling up the DagBag from /home/nicolaspc/airflow/dags/train_models.py
[2024-07-08T00:01:48.786+0500] {processor.py:842} WARNING - No viable dags retrieved from /home/nicolaspc/airflow/dags/train_models.py
[2024-07-08T00:01:48.800+0500] {processor.py:183} INFO - Processing /home/nicolaspc/airflow/dags/train_models.py took 0.810 seconds
[2024-07-08T00:01:54.644+0500] {processor.py:161} INFO - Started process (PID=5655) to work on /home/nicolaspc/airflow/dags/train_models.py
[2024-07-08T00:01:54.653+0500] {processor.py:830} INFO - Processing file /home/nicolaspc/airflow/dags/train_models.py for tasks to queue
[2024-07-08T00:01:54.655+0500] {logging_mixin.py:188} INFO - [2024-07-08T00:01:54.655+0500] {dagbag.py:545} INFO - Filling up the DagBag from /home/nicolaspc/airflow/dags/train_models.py
[2024-07-08T00:01:55.419+0500] {processor.py:842} WARNING - No viable dags retrieved from /home/nicolaspc/airflow/dags/train_models.py
[2024-07-08T00:01:55.433+0500] {processor.py:183} INFO - Processing /home/nicolaspc/airflow/dags/train_models.py took 0.793 seconds
[2024-07-08T00:02:18.982+0500] {processor.py:161} INFO - Started process (PID=5708) to work on /home/nicolaspc/airflow/dags/train_models.py
[2024-07-08T00:02:18.991+0500] {processor.py:830} INFO - Processing file /home/nicolaspc/airflow/dags/train_models.py for tasks to queue
[2024-07-08T00:02:18.992+0500] {logging_mixin.py:188} INFO - [2024-07-08T00:02:18.992+0500] {dagbag.py:545} INFO - Filling up the DagBag from /home/nicolaspc/airflow/dags/train_models.py
[2024-07-08T00:02:19.762+0500] {processor.py:842} WARNING - No viable dags retrieved from /home/nicolaspc/airflow/dags/train_models.py
[2024-07-08T00:02:19.775+0500] {processor.py:183} INFO - Processing /home/nicolaspc/airflow/dags/train_models.py took 0.797 seconds
[2024-07-08T00:02:25.631+0500] {processor.py:161} INFO - Started process (PID=5748) to work on /home/nicolaspc/airflow/dags/train_models.py
[2024-07-08T00:02:25.639+0500] {processor.py:830} INFO - Processing file /home/nicolaspc/airflow/dags/train_models.py for tasks to queue
[2024-07-08T00:02:25.640+0500] {logging_mixin.py:188} INFO - [2024-07-08T00:02:25.640+0500] {dagbag.py:545} INFO - Filling up the DagBag from /home/nicolaspc/airflow/dags/train_models.py
[2024-07-08T00:02:26.402+0500] {processor.py:842} WARNING - No viable dags retrieved from /home/nicolaspc/airflow/dags/train_models.py
[2024-07-08T00:02:26.415+0500] {processor.py:183} INFO - Processing /home/nicolaspc/airflow/dags/train_models.py took 0.788 seconds
[2024-07-08T00:02:49.986+0500] {processor.py:161} INFO - Started process (PID=5815) to work on /home/nicolaspc/airflow/dags/train_models.py
[2024-07-08T00:02:49.995+0500] {processor.py:830} INFO - Processing file /home/nicolaspc/airflow/dags/train_models.py for tasks to queue
[2024-07-08T00:02:49.996+0500] {logging_mixin.py:188} INFO - [2024-07-08T00:02:49.996+0500] {dagbag.py:545} INFO - Filling up the DagBag from /home/nicolaspc/airflow/dags/train_models.py
[2024-07-08T00:02:50.771+0500] {processor.py:842} WARNING - No viable dags retrieved from /home/nicolaspc/airflow/dags/train_models.py
[2024-07-08T00:02:50.785+0500] {processor.py:183} INFO - Processing /home/nicolaspc/airflow/dags/train_models.py took 0.803 seconds
[2024-07-08T00:02:56.633+0500] {processor.py:161} INFO - Started process (PID=5855) to work on /home/nicolaspc/airflow/dags/train_models.py
[2024-07-08T00:02:56.634+0500] {processor.py:830} INFO - Processing file /home/nicolaspc/airflow/dags/train_models.py for tasks to queue
[2024-07-08T00:02:56.635+0500] {logging_mixin.py:188} INFO - [2024-07-08T00:02:56.635+0500] {dagbag.py:545} INFO - Filling up the DagBag from /home/nicolaspc/airflow/dags/train_models.py
[2024-07-08T00:02:57.403+0500] {processor.py:842} WARNING - No viable dags retrieved from /home/nicolaspc/airflow/dags/train_models.py
[2024-07-08T00:02:57.415+0500] {processor.py:183} INFO - Processing /home/nicolaspc/airflow/dags/train_models.py took 0.786 seconds
[2024-07-08T00:03:20.979+0500] {processor.py:161} INFO - Started process (PID=5920) to work on /home/nicolaspc/airflow/dags/train_models.py
[2024-07-08T00:03:20.988+0500] {processor.py:830} INFO - Processing file /home/nicolaspc/airflow/dags/train_models.py for tasks to queue
[2024-07-08T00:03:20.989+0500] {logging_mixin.py:188} INFO - [2024-07-08T00:03:20.989+0500] {dagbag.py:545} INFO - Filling up the DagBag from /home/nicolaspc/airflow/dags/train_models.py
[2024-07-08T00:03:21.774+0500] {processor.py:842} WARNING - No viable dags retrieved from /home/nicolaspc/airflow/dags/train_models.py
[2024-07-08T00:03:21.786+0500] {processor.py:183} INFO - Processing /home/nicolaspc/airflow/dags/train_models.py took 0.811 seconds
[2024-07-08T00:03:27.630+0500] {processor.py:161} INFO - Started process (PID=5961) to work on /home/nicolaspc/airflow/dags/train_models.py
[2024-07-08T00:03:27.638+0500] {processor.py:830} INFO - Processing file /home/nicolaspc/airflow/dags/train_models.py for tasks to queue
[2024-07-08T00:03:27.640+0500] {logging_mixin.py:188} INFO - [2024-07-08T00:03:27.639+0500] {dagbag.py:545} INFO - Filling up the DagBag from /home/nicolaspc/airflow/dags/train_models.py
[2024-07-08T00:03:28.419+0500] {processor.py:842} WARNING - No viable dags retrieved from /home/nicolaspc/airflow/dags/train_models.py
[2024-07-08T00:03:28.434+0500] {processor.py:183} INFO - Processing /home/nicolaspc/airflow/dags/train_models.py took 0.808 seconds
[2024-07-08T00:03:51.997+0500] {processor.py:161} INFO - Started process (PID=6027) to work on /home/nicolaspc/airflow/dags/train_models.py
[2024-07-08T00:03:52.006+0500] {processor.py:830} INFO - Processing file /home/nicolaspc/airflow/dags/train_models.py for tasks to queue
[2024-07-08T00:03:52.007+0500] {logging_mixin.py:188} INFO - [2024-07-08T00:03:52.007+0500] {dagbag.py:545} INFO - Filling up the DagBag from /home/nicolaspc/airflow/dags/train_models.py
[2024-07-08T00:03:52.792+0500] {processor.py:842} WARNING - No viable dags retrieved from /home/nicolaspc/airflow/dags/train_models.py
[2024-07-08T00:03:52.805+0500] {processor.py:183} INFO - Processing /home/nicolaspc/airflow/dags/train_models.py took 0.812 seconds
[2024-07-08T00:03:58.638+0500] {processor.py:161} INFO - Started process (PID=6067) to work on /home/nicolaspc/airflow/dags/train_models.py
[2024-07-08T00:03:58.647+0500] {processor.py:830} INFO - Processing file /home/nicolaspc/airflow/dags/train_models.py for tasks to queue
[2024-07-08T00:03:58.648+0500] {logging_mixin.py:188} INFO - [2024-07-08T00:03:58.648+0500] {dagbag.py:545} INFO - Filling up the DagBag from /home/nicolaspc/airflow/dags/train_models.py
[2024-07-08T00:03:59.421+0500] {processor.py:842} WARNING - No viable dags retrieved from /home/nicolaspc/airflow/dags/train_models.py
[2024-07-08T00:03:59.434+0500] {processor.py:183} INFO - Processing /home/nicolaspc/airflow/dags/train_models.py took 0.800 seconds
[2024-07-08T00:04:23.010+0500] {processor.py:161} INFO - Started process (PID=6119) to work on /home/nicolaspc/airflow/dags/train_models.py
[2024-07-08T00:04:23.018+0500] {processor.py:830} INFO - Processing file /home/nicolaspc/airflow/dags/train_models.py for tasks to queue
[2024-07-08T00:04:23.020+0500] {logging_mixin.py:188} INFO - [2024-07-08T00:04:23.019+0500] {dagbag.py:545} INFO - Filling up the DagBag from /home/nicolaspc/airflow/dags/train_models.py
[2024-07-08T00:04:23.807+0500] {processor.py:842} WARNING - No viable dags retrieved from /home/nicolaspc/airflow/dags/train_models.py
[2024-07-08T00:04:23.819+0500] {processor.py:183} INFO - Processing /home/nicolaspc/airflow/dags/train_models.py took 0.814 seconds
[2024-07-08T00:04:29.645+0500] {processor.py:161} INFO - Started process (PID=6160) to work on /home/nicolaspc/airflow/dags/train_models.py
[2024-07-08T00:04:29.654+0500] {processor.py:830} INFO - Processing file /home/nicolaspc/airflow/dags/train_models.py for tasks to queue
[2024-07-08T00:04:29.655+0500] {logging_mixin.py:188} INFO - [2024-07-08T00:04:29.655+0500] {dagbag.py:545} INFO - Filling up the DagBag from /home/nicolaspc/airflow/dags/train_models.py
[2024-07-08T00:04:30.432+0500] {processor.py:842} WARNING - No viable dags retrieved from /home/nicolaspc/airflow/dags/train_models.py
[2024-07-08T00:04:30.447+0500] {processor.py:183} INFO - Processing /home/nicolaspc/airflow/dags/train_models.py took 0.806 seconds
[2024-07-08T00:04:54.025+0500] {processor.py:161} INFO - Started process (PID=6213) to work on /home/nicolaspc/airflow/dags/train_models.py
[2024-07-08T00:04:54.033+0500] {processor.py:830} INFO - Processing file /home/nicolaspc/airflow/dags/train_models.py for tasks to queue
[2024-07-08T00:04:54.036+0500] {logging_mixin.py:188} INFO - [2024-07-08T00:04:54.035+0500] {dagbag.py:545} INFO - Filling up the DagBag from /home/nicolaspc/airflow/dags/train_models.py
[2024-07-08T00:04:54.814+0500] {processor.py:842} WARNING - No viable dags retrieved from /home/nicolaspc/airflow/dags/train_models.py
[2024-07-08T00:04:54.827+0500] {processor.py:183} INFO - Processing /home/nicolaspc/airflow/dags/train_models.py took 0.806 seconds
[2024-07-08T00:05:00.659+0500] {processor.py:161} INFO - Started process (PID=6253) to work on /home/nicolaspc/airflow/dags/train_models.py
[2024-07-08T00:05:00.668+0500] {processor.py:830} INFO - Processing file /home/nicolaspc/airflow/dags/train_models.py for tasks to queue
[2024-07-08T00:05:00.670+0500] {logging_mixin.py:188} INFO - [2024-07-08T00:05:00.669+0500] {dagbag.py:545} INFO - Filling up the DagBag from /home/nicolaspc/airflow/dags/train_models.py
[2024-07-08T00:05:01.430+0500] {processor.py:842} WARNING - No viable dags retrieved from /home/nicolaspc/airflow/dags/train_models.py
[2024-07-08T00:05:01.443+0500] {processor.py:183} INFO - Processing /home/nicolaspc/airflow/dags/train_models.py took 0.788 seconds
[2024-07-08T00:05:25.007+0500] {processor.py:161} INFO - Started process (PID=6308) to work on /home/nicolaspc/airflow/dags/train_models.py
[2024-07-08T00:05:25.008+0500] {processor.py:830} INFO - Processing file /home/nicolaspc/airflow/dags/train_models.py for tasks to queue
[2024-07-08T00:05:25.009+0500] {logging_mixin.py:188} INFO - [2024-07-08T00:05:25.009+0500] {dagbag.py:545} INFO - Filling up the DagBag from /home/nicolaspc/airflow/dags/train_models.py
[2024-07-08T00:05:25.775+0500] {processor.py:842} WARNING - No viable dags retrieved from /home/nicolaspc/airflow/dags/train_models.py
[2024-07-08T00:05:25.787+0500] {processor.py:183} INFO - Processing /home/nicolaspc/airflow/dags/train_models.py took 0.785 seconds
[2024-07-08T00:05:31.665+0500] {processor.py:161} INFO - Started process (PID=6350) to work on /home/nicolaspc/airflow/dags/train_models.py
[2024-07-08T00:05:31.674+0500] {processor.py:830} INFO - Processing file /home/nicolaspc/airflow/dags/train_models.py for tasks to queue
[2024-07-08T00:05:31.675+0500] {logging_mixin.py:188} INFO - [2024-07-08T00:05:31.675+0500] {dagbag.py:545} INFO - Filling up the DagBag from /home/nicolaspc/airflow/dags/train_models.py
[2024-07-08T00:05:32.477+0500] {processor.py:842} WARNING - No viable dags retrieved from /home/nicolaspc/airflow/dags/train_models.py
[2024-07-08T00:05:32.490+0500] {processor.py:183} INFO - Processing /home/nicolaspc/airflow/dags/train_models.py took 0.829 seconds
[2024-07-08T00:05:55.998+0500] {processor.py:161} INFO - Started process (PID=6403) to work on /home/nicolaspc/airflow/dags/train_models.py
[2024-07-08T00:05:55.999+0500] {processor.py:830} INFO - Processing file /home/nicolaspc/airflow/dags/train_models.py for tasks to queue
[2024-07-08T00:05:56.000+0500] {logging_mixin.py:188} INFO - [2024-07-08T00:05:55.999+0500] {dagbag.py:545} INFO - Filling up the DagBag from /home/nicolaspc/airflow/dags/train_models.py
[2024-07-08T00:05:56.759+0500] {processor.py:842} WARNING - No viable dags retrieved from /home/nicolaspc/airflow/dags/train_models.py
[2024-07-08T00:05:56.772+0500] {processor.py:183} INFO - Processing /home/nicolaspc/airflow/dags/train_models.py took 0.779 seconds
[2024-07-08T00:06:02.701+0500] {processor.py:161} INFO - Started process (PID=6443) to work on /home/nicolaspc/airflow/dags/train_models.py
[2024-07-08T00:06:02.709+0500] {processor.py:830} INFO - Processing file /home/nicolaspc/airflow/dags/train_models.py for tasks to queue
[2024-07-08T00:06:02.711+0500] {logging_mixin.py:188} INFO - [2024-07-08T00:06:02.711+0500] {dagbag.py:545} INFO - Filling up the DagBag from /home/nicolaspc/airflow/dags/train_models.py
[2024-07-08T00:06:03.488+0500] {processor.py:842} WARNING - No viable dags retrieved from /home/nicolaspc/airflow/dags/train_models.py
[2024-07-08T00:06:03.501+0500] {processor.py:183} INFO - Processing /home/nicolaspc/airflow/dags/train_models.py took 0.804 seconds
[2024-07-08T00:06:26.989+0500] {processor.py:161} INFO - Started process (PID=6496) to work on /home/nicolaspc/airflow/dags/train_models.py
[2024-07-08T00:06:26.998+0500] {processor.py:830} INFO - Processing file /home/nicolaspc/airflow/dags/train_models.py for tasks to queue
[2024-07-08T00:06:26.999+0500] {logging_mixin.py:188} INFO - [2024-07-08T00:06:26.999+0500] {dagbag.py:545} INFO - Filling up the DagBag from /home/nicolaspc/airflow/dags/train_models.py
[2024-07-08T00:06:27.777+0500] {processor.py:842} WARNING - No viable dags retrieved from /home/nicolaspc/airflow/dags/train_models.py
[2024-07-08T00:06:27.791+0500] {processor.py:183} INFO - Processing /home/nicolaspc/airflow/dags/train_models.py took 0.805 seconds
[2024-07-08T00:06:33.714+0500] {processor.py:161} INFO - Started process (PID=6536) to work on /home/nicolaspc/airflow/dags/train_models.py
[2024-07-08T00:06:33.723+0500] {processor.py:830} INFO - Processing file /home/nicolaspc/airflow/dags/train_models.py for tasks to queue
[2024-07-08T00:06:33.725+0500] {logging_mixin.py:188} INFO - [2024-07-08T00:06:33.725+0500] {dagbag.py:545} INFO - Filling up the DagBag from /home/nicolaspc/airflow/dags/train_models.py
[2024-07-08T00:06:34.502+0500] {processor.py:842} WARNING - No viable dags retrieved from /home/nicolaspc/airflow/dags/train_models.py
[2024-07-08T00:06:34.516+0500] {processor.py:183} INFO - Processing /home/nicolaspc/airflow/dags/train_models.py took 0.805 seconds
[2024-07-08T00:06:57.988+0500] {processor.py:161} INFO - Started process (PID=6590) to work on /home/nicolaspc/airflow/dags/train_models.py
[2024-07-08T00:06:57.997+0500] {processor.py:830} INFO - Processing file /home/nicolaspc/airflow/dags/train_models.py for tasks to queue
[2024-07-08T00:06:57.999+0500] {logging_mixin.py:188} INFO - [2024-07-08T00:06:57.999+0500] {dagbag.py:545} INFO - Filling up the DagBag from /home/nicolaspc/airflow/dags/train_models.py
[2024-07-08T00:06:58.768+0500] {processor.py:842} WARNING - No viable dags retrieved from /home/nicolaspc/airflow/dags/train_models.py
[2024-07-08T00:06:58.780+0500] {processor.py:183} INFO - Processing /home/nicolaspc/airflow/dags/train_models.py took 0.796 seconds
[2024-07-08T00:07:04.721+0500] {processor.py:161} INFO - Started process (PID=6630) to work on /home/nicolaspc/airflow/dags/train_models.py
[2024-07-08T00:07:04.729+0500] {processor.py:830} INFO - Processing file /home/nicolaspc/airflow/dags/train_models.py for tasks to queue
[2024-07-08T00:07:04.731+0500] {logging_mixin.py:188} INFO - [2024-07-08T00:07:04.731+0500] {dagbag.py:545} INFO - Filling up the DagBag from /home/nicolaspc/airflow/dags/train_models.py
[2024-07-08T00:07:05.518+0500] {processor.py:842} WARNING - No viable dags retrieved from /home/nicolaspc/airflow/dags/train_models.py
[2024-07-08T00:07:05.531+0500] {processor.py:183} INFO - Processing /home/nicolaspc/airflow/dags/train_models.py took 0.814 seconds
[2024-07-08T00:07:28.972+0500] {processor.py:161} INFO - Started process (PID=6683) to work on /home/nicolaspc/airflow/dags/train_models.py
[2024-07-08T00:07:28.980+0500] {processor.py:830} INFO - Processing file /home/nicolaspc/airflow/dags/train_models.py for tasks to queue
[2024-07-08T00:07:28.982+0500] {logging_mixin.py:188} INFO - [2024-07-08T00:07:28.982+0500] {dagbag.py:545} INFO - Filling up the DagBag from /home/nicolaspc/airflow/dags/train_models.py
[2024-07-08T00:07:29.759+0500] {processor.py:842} WARNING - No viable dags retrieved from /home/nicolaspc/airflow/dags/train_models.py
[2024-07-08T00:07:29.773+0500] {processor.py:183} INFO - Processing /home/nicolaspc/airflow/dags/train_models.py took 0.806 seconds
[2024-07-08T00:07:35.736+0500] {processor.py:161} INFO - Started process (PID=6723) to work on /home/nicolaspc/airflow/dags/train_models.py
[2024-07-08T00:07:35.744+0500] {processor.py:830} INFO - Processing file /home/nicolaspc/airflow/dags/train_models.py for tasks to queue
[2024-07-08T00:07:35.745+0500] {logging_mixin.py:188} INFO - [2024-07-08T00:07:35.745+0500] {dagbag.py:545} INFO - Filling up the DagBag from /home/nicolaspc/airflow/dags/train_models.py
[2024-07-08T00:07:36.498+0500] {processor.py:842} WARNING - No viable dags retrieved from /home/nicolaspc/airflow/dags/train_models.py
[2024-07-08T00:07:36.511+0500] {processor.py:183} INFO - Processing /home/nicolaspc/airflow/dags/train_models.py took 0.779 seconds
[2024-07-08T00:07:59.983+0500] {processor.py:161} INFO - Started process (PID=6789) to work on /home/nicolaspc/airflow/dags/train_models.py
[2024-07-08T00:07:59.991+0500] {processor.py:830} INFO - Processing file /home/nicolaspc/airflow/dags/train_models.py for tasks to queue
[2024-07-08T00:07:59.993+0500] {logging_mixin.py:188} INFO - [2024-07-08T00:07:59.993+0500] {dagbag.py:545} INFO - Filling up the DagBag from /home/nicolaspc/airflow/dags/train_models.py
[2024-07-08T00:08:00.771+0500] {processor.py:842} WARNING - No viable dags retrieved from /home/nicolaspc/airflow/dags/train_models.py
[2024-07-08T00:08:00.784+0500] {processor.py:183} INFO - Processing /home/nicolaspc/airflow/dags/train_models.py took 0.806 seconds
[2024-07-08T00:08:06.734+0500] {processor.py:161} INFO - Started process (PID=6829) to work on /home/nicolaspc/airflow/dags/train_models.py
[2024-07-08T00:08:06.742+0500] {processor.py:830} INFO - Processing file /home/nicolaspc/airflow/dags/train_models.py for tasks to queue
[2024-07-08T00:08:06.744+0500] {logging_mixin.py:188} INFO - [2024-07-08T00:08:06.744+0500] {dagbag.py:545} INFO - Filling up the DagBag from /home/nicolaspc/airflow/dags/train_models.py
[2024-07-08T00:08:07.516+0500] {processor.py:842} WARNING - No viable dags retrieved from /home/nicolaspc/airflow/dags/train_models.py
[2024-07-08T00:08:07.529+0500] {processor.py:183} INFO - Processing /home/nicolaspc/airflow/dags/train_models.py took 0.800 seconds
[2024-07-08T00:08:30.974+0500] {processor.py:161} INFO - Started process (PID=6882) to work on /home/nicolaspc/airflow/dags/train_models.py
[2024-07-08T00:08:30.983+0500] {processor.py:830} INFO - Processing file /home/nicolaspc/airflow/dags/train_models.py for tasks to queue
[2024-07-08T00:08:30.985+0500] {logging_mixin.py:188} INFO - [2024-07-08T00:08:30.985+0500] {dagbag.py:545} INFO - Filling up the DagBag from /home/nicolaspc/airflow/dags/train_models.py
[2024-07-08T00:08:31.764+0500] {processor.py:842} WARNING - No viable dags retrieved from /home/nicolaspc/airflow/dags/train_models.py
[2024-07-08T00:08:31.776+0500] {processor.py:183} INFO - Processing /home/nicolaspc/airflow/dags/train_models.py took 0.806 seconds
[2024-07-08T00:08:37.720+0500] {processor.py:161} INFO - Started process (PID=6922) to work on /home/nicolaspc/airflow/dags/train_models.py
[2024-07-08T00:08:37.729+0500] {processor.py:830} INFO - Processing file /home/nicolaspc/airflow/dags/train_models.py for tasks to queue
[2024-07-08T00:08:37.730+0500] {logging_mixin.py:188} INFO - [2024-07-08T00:08:37.730+0500] {dagbag.py:545} INFO - Filling up the DagBag from /home/nicolaspc/airflow/dags/train_models.py
[2024-07-08T00:08:38.505+0500] {processor.py:842} WARNING - No viable dags retrieved from /home/nicolaspc/airflow/dags/train_models.py
[2024-07-08T00:08:38.518+0500] {processor.py:183} INFO - Processing /home/nicolaspc/airflow/dags/train_models.py took 0.802 seconds
[2024-07-08T00:09:01.959+0500] {processor.py:161} INFO - Started process (PID=6988) to work on /home/nicolaspc/airflow/dags/train_models.py
[2024-07-08T00:09:01.968+0500] {processor.py:830} INFO - Processing file /home/nicolaspc/airflow/dags/train_models.py for tasks to queue
[2024-07-08T00:09:01.969+0500] {logging_mixin.py:188} INFO - [2024-07-08T00:09:01.969+0500] {dagbag.py:545} INFO - Filling up the DagBag from /home/nicolaspc/airflow/dags/train_models.py
[2024-07-08T00:09:02.726+0500] {processor.py:842} WARNING - No viable dags retrieved from /home/nicolaspc/airflow/dags/train_models.py
[2024-07-08T00:09:02.739+0500] {processor.py:183} INFO - Processing /home/nicolaspc/airflow/dags/train_models.py took 0.783 seconds
[2024-07-08T00:09:08.731+0500] {processor.py:161} INFO - Started process (PID=7028) to work on /home/nicolaspc/airflow/dags/train_models.py
[2024-07-08T00:09:08.732+0500] {processor.py:830} INFO - Processing file /home/nicolaspc/airflow/dags/train_models.py for tasks to queue
[2024-07-08T00:09:08.733+0500] {logging_mixin.py:188} INFO - [2024-07-08T00:09:08.733+0500] {dagbag.py:545} INFO - Filling up the DagBag from /home/nicolaspc/airflow/dags/train_models.py
[2024-07-08T00:09:09.492+0500] {processor.py:842} WARNING - No viable dags retrieved from /home/nicolaspc/airflow/dags/train_models.py
[2024-07-08T00:09:09.505+0500] {processor.py:183} INFO - Processing /home/nicolaspc/airflow/dags/train_models.py took 0.778 seconds
[2024-07-08T00:09:32.950+0500] {processor.py:161} INFO - Started process (PID=7094) to work on /home/nicolaspc/airflow/dags/train_models.py
[2024-07-08T00:09:32.958+0500] {processor.py:830} INFO - Processing file /home/nicolaspc/airflow/dags/train_models.py for tasks to queue
[2024-07-08T00:09:32.961+0500] {logging_mixin.py:188} INFO - [2024-07-08T00:09:32.960+0500] {dagbag.py:545} INFO - Filling up the DagBag from /home/nicolaspc/airflow/dags/train_models.py
[2024-07-08T00:09:33.732+0500] {processor.py:842} WARNING - No viable dags retrieved from /home/nicolaspc/airflow/dags/train_models.py
[2024-07-08T00:09:33.745+0500] {processor.py:183} INFO - Processing /home/nicolaspc/airflow/dags/train_models.py took 0.800 seconds
[2024-07-08T00:09:39.728+0500] {processor.py:161} INFO - Started process (PID=7134) to work on /home/nicolaspc/airflow/dags/train_models.py
[2024-07-08T00:09:39.737+0500] {processor.py:830} INFO - Processing file /home/nicolaspc/airflow/dags/train_models.py for tasks to queue
[2024-07-08T00:09:39.738+0500] {logging_mixin.py:188} INFO - [2024-07-08T00:09:39.737+0500] {dagbag.py:545} INFO - Filling up the DagBag from /home/nicolaspc/airflow/dags/train_models.py
[2024-07-08T00:09:40.525+0500] {processor.py:842} WARNING - No viable dags retrieved from /home/nicolaspc/airflow/dags/train_models.py
[2024-07-08T00:09:40.538+0500] {processor.py:183} INFO - Processing /home/nicolaspc/airflow/dags/train_models.py took 0.814 seconds
[2024-07-08T00:10:03.947+0500] {processor.py:161} INFO - Started process (PID=7200) to work on /home/nicolaspc/airflow/dags/train_models.py
[2024-07-08T00:10:03.956+0500] {processor.py:830} INFO - Processing file /home/nicolaspc/airflow/dags/train_models.py for tasks to queue
[2024-07-08T00:10:03.958+0500] {logging_mixin.py:188} INFO - [2024-07-08T00:10:03.957+0500] {dagbag.py:545} INFO - Filling up the DagBag from /home/nicolaspc/airflow/dags/train_models.py
[2024-07-08T00:10:04.749+0500] {processor.py:842} WARNING - No viable dags retrieved from /home/nicolaspc/airflow/dags/train_models.py
[2024-07-08T00:10:04.762+0500] {processor.py:183} INFO - Processing /home/nicolaspc/airflow/dags/train_models.py took 0.819 seconds
[2024-07-08T00:10:10.762+0500] {processor.py:161} INFO - Started process (PID=7240) to work on /home/nicolaspc/airflow/dags/train_models.py
[2024-07-08T00:10:10.771+0500] {processor.py:830} INFO - Processing file /home/nicolaspc/airflow/dags/train_models.py for tasks to queue
[2024-07-08T00:10:10.772+0500] {logging_mixin.py:188} INFO - [2024-07-08T00:10:10.772+0500] {dagbag.py:545} INFO - Filling up the DagBag from /home/nicolaspc/airflow/dags/train_models.py
[2024-07-08T00:10:11.544+0500] {processor.py:842} WARNING - No viable dags retrieved from /home/nicolaspc/airflow/dags/train_models.py
[2024-07-08T00:10:11.558+0500] {processor.py:183} INFO - Processing /home/nicolaspc/airflow/dags/train_models.py took 0.800 seconds
[2024-07-08T00:10:34.976+0500] {processor.py:161} INFO - Started process (PID=7294) to work on /home/nicolaspc/airflow/dags/train_models.py
[2024-07-08T00:10:34.977+0500] {processor.py:830} INFO - Processing file /home/nicolaspc/airflow/dags/train_models.py for tasks to queue
[2024-07-08T00:10:34.978+0500] {logging_mixin.py:188} INFO - [2024-07-08T00:10:34.978+0500] {dagbag.py:545} INFO - Filling up the DagBag from /home/nicolaspc/airflow/dags/train_models.py
[2024-07-08T00:10:35.731+0500] {processor.py:842} WARNING - No viable dags retrieved from /home/nicolaspc/airflow/dags/train_models.py
[2024-07-08T00:10:35.744+0500] {processor.py:183} INFO - Processing /home/nicolaspc/airflow/dags/train_models.py took 0.772 seconds
[2024-07-08T00:10:41.776+0500] {processor.py:161} INFO - Started process (PID=7334) to work on /home/nicolaspc/airflow/dags/train_models.py
[2024-07-08T00:10:41.785+0500] {processor.py:830} INFO - Processing file /home/nicolaspc/airflow/dags/train_models.py for tasks to queue
[2024-07-08T00:10:41.786+0500] {logging_mixin.py:188} INFO - [2024-07-08T00:10:41.786+0500] {dagbag.py:545} INFO - Filling up the DagBag from /home/nicolaspc/airflow/dags/train_models.py
[2024-07-08T00:10:42.569+0500] {processor.py:842} WARNING - No viable dags retrieved from /home/nicolaspc/airflow/dags/train_models.py
[2024-07-08T00:10:42.582+0500] {processor.py:183} INFO - Processing /home/nicolaspc/airflow/dags/train_models.py took 0.810 seconds
[2024-07-08T00:11:05.960+0500] {processor.py:161} INFO - Started process (PID=7388) to work on /home/nicolaspc/airflow/dags/train_models.py
[2024-07-08T00:11:05.968+0500] {processor.py:830} INFO - Processing file /home/nicolaspc/airflow/dags/train_models.py for tasks to queue
[2024-07-08T00:11:05.970+0500] {logging_mixin.py:188} INFO - [2024-07-08T00:11:05.970+0500] {dagbag.py:545} INFO - Filling up the DagBag from /home/nicolaspc/airflow/dags/train_models.py
[2024-07-08T00:11:06.756+0500] {processor.py:842} WARNING - No viable dags retrieved from /home/nicolaspc/airflow/dags/train_models.py
[2024-07-08T00:11:06.778+0500] {processor.py:183} INFO - Processing /home/nicolaspc/airflow/dags/train_models.py took 0.822 seconds
[2024-07-08T00:11:12.785+0500] {processor.py:161} INFO - Started process (PID=7428) to work on /home/nicolaspc/airflow/dags/train_models.py
[2024-07-08T00:11:12.794+0500] {processor.py:830} INFO - Processing file /home/nicolaspc/airflow/dags/train_models.py for tasks to queue
[2024-07-08T00:11:12.795+0500] {logging_mixin.py:188} INFO - [2024-07-08T00:11:12.795+0500] {dagbag.py:545} INFO - Filling up the DagBag from /home/nicolaspc/airflow/dags/train_models.py
[2024-07-08T00:11:13.581+0500] {processor.py:842} WARNING - No viable dags retrieved from /home/nicolaspc/airflow/dags/train_models.py
[2024-07-08T00:11:13.594+0500] {processor.py:183} INFO - Processing /home/nicolaspc/airflow/dags/train_models.py took 0.813 seconds
[2024-07-08T00:11:36.975+0500] {processor.py:161} INFO - Started process (PID=7494) to work on /home/nicolaspc/airflow/dags/train_models.py
[2024-07-08T00:11:36.984+0500] {processor.py:830} INFO - Processing file /home/nicolaspc/airflow/dags/train_models.py for tasks to queue
[2024-07-08T00:11:36.986+0500] {logging_mixin.py:188} INFO - [2024-07-08T00:11:36.986+0500] {dagbag.py:545} INFO - Filling up the DagBag from /home/nicolaspc/airflow/dags/train_models.py
[2024-07-08T00:11:37.769+0500] {processor.py:842} WARNING - No viable dags retrieved from /home/nicolaspc/airflow/dags/train_models.py
[2024-07-08T00:11:37.782+0500] {processor.py:183} INFO - Processing /home/nicolaspc/airflow/dags/train_models.py took 0.810 seconds
[2024-07-08T00:11:43.802+0500] {processor.py:161} INFO - Started process (PID=7534) to work on /home/nicolaspc/airflow/dags/train_models.py
[2024-07-08T00:11:43.802+0500] {processor.py:830} INFO - Processing file /home/nicolaspc/airflow/dags/train_models.py for tasks to queue
[2024-07-08T00:11:43.804+0500] {logging_mixin.py:188} INFO - [2024-07-08T00:11:43.804+0500] {dagbag.py:545} INFO - Filling up the DagBag from /home/nicolaspc/airflow/dags/train_models.py
[2024-07-08T00:11:44.559+0500] {processor.py:842} WARNING - No viable dags retrieved from /home/nicolaspc/airflow/dags/train_models.py
[2024-07-08T00:11:44.571+0500] {processor.py:183} INFO - Processing /home/nicolaspc/airflow/dags/train_models.py took 0.774 seconds
[2024-07-08T00:12:07.974+0500] {processor.py:161} INFO - Started process (PID=7600) to work on /home/nicolaspc/airflow/dags/train_models.py
[2024-07-08T00:12:07.983+0500] {processor.py:830} INFO - Processing file /home/nicolaspc/airflow/dags/train_models.py for tasks to queue
[2024-07-08T00:12:07.985+0500] {logging_mixin.py:188} INFO - [2024-07-08T00:12:07.984+0500] {dagbag.py:545} INFO - Filling up the DagBag from /home/nicolaspc/airflow/dags/train_models.py
[2024-07-08T00:12:08.769+0500] {processor.py:842} WARNING - No viable dags retrieved from /home/nicolaspc/airflow/dags/train_models.py
[2024-07-08T00:12:08.782+0500] {processor.py:183} INFO - Processing /home/nicolaspc/airflow/dags/train_models.py took 0.812 seconds
[2024-07-08T00:12:14.789+0500] {processor.py:161} INFO - Started process (PID=7640) to work on /home/nicolaspc/airflow/dags/train_models.py
[2024-07-08T00:12:14.797+0500] {processor.py:830} INFO - Processing file /home/nicolaspc/airflow/dags/train_models.py for tasks to queue
[2024-07-08T00:12:14.798+0500] {logging_mixin.py:188} INFO - [2024-07-08T00:12:14.798+0500] {dagbag.py:545} INFO - Filling up the DagBag from /home/nicolaspc/airflow/dags/train_models.py
[2024-07-08T00:12:15.595+0500] {processor.py:842} WARNING - No viable dags retrieved from /home/nicolaspc/airflow/dags/train_models.py
[2024-07-08T00:12:15.608+0500] {processor.py:183} INFO - Processing /home/nicolaspc/airflow/dags/train_models.py took 0.823 seconds
[2024-07-08T00:12:38.966+0500] {processor.py:161} INFO - Started process (PID=7706) to work on /home/nicolaspc/airflow/dags/train_models.py
[2024-07-08T00:12:38.975+0500] {processor.py:830} INFO - Processing file /home/nicolaspc/airflow/dags/train_models.py for tasks to queue
[2024-07-08T00:12:38.976+0500] {logging_mixin.py:188} INFO - [2024-07-08T00:12:38.976+0500] {dagbag.py:545} INFO - Filling up the DagBag from /home/nicolaspc/airflow/dags/train_models.py
[2024-07-08T00:12:39.749+0500] {processor.py:842} WARNING - No viable dags retrieved from /home/nicolaspc/airflow/dags/train_models.py
[2024-07-08T00:12:39.763+0500] {processor.py:183} INFO - Processing /home/nicolaspc/airflow/dags/train_models.py took 0.801 seconds
[2024-07-08T00:12:45.806+0500] {processor.py:161} INFO - Started process (PID=7746) to work on /home/nicolaspc/airflow/dags/train_models.py
[2024-07-08T00:12:45.815+0500] {processor.py:830} INFO - Processing file /home/nicolaspc/airflow/dags/train_models.py for tasks to queue
[2024-07-08T00:12:45.817+0500] {logging_mixin.py:188} INFO - [2024-07-08T00:12:45.816+0500] {dagbag.py:545} INFO - Filling up the DagBag from /home/nicolaspc/airflow/dags/train_models.py
[2024-07-08T00:12:46.589+0500] {processor.py:842} WARNING - No viable dags retrieved from /home/nicolaspc/airflow/dags/train_models.py
[2024-07-08T00:12:46.602+0500] {processor.py:183} INFO - Processing /home/nicolaspc/airflow/dags/train_models.py took 0.800 seconds
[2024-07-08T00:13:09.961+0500] {processor.py:161} INFO - Started process (PID=7836) to work on /home/nicolaspc/airflow/dags/train_models.py
[2024-07-08T00:13:09.969+0500] {processor.py:830} INFO - Processing file /home/nicolaspc/airflow/dags/train_models.py for tasks to queue
[2024-07-08T00:13:09.971+0500] {logging_mixin.py:188} INFO - [2024-07-08T00:13:09.970+0500] {dagbag.py:545} INFO - Filling up the DagBag from /home/nicolaspc/airflow/dags/train_models.py
[2024-07-08T00:13:10.758+0500] {processor.py:842} WARNING - No viable dags retrieved from /home/nicolaspc/airflow/dags/train_models.py
[2024-07-08T00:13:10.771+0500] {processor.py:183} INFO - Processing /home/nicolaspc/airflow/dags/train_models.py took 0.815 seconds
[2024-07-08T00:13:16.807+0500] {processor.py:161} INFO - Started process (PID=7877) to work on /home/nicolaspc/airflow/dags/train_models.py
[2024-07-08T00:13:16.816+0500] {processor.py:830} INFO - Processing file /home/nicolaspc/airflow/dags/train_models.py for tasks to queue
[2024-07-08T00:13:16.817+0500] {logging_mixin.py:188} INFO - [2024-07-08T00:13:16.817+0500] {dagbag.py:545} INFO - Filling up the DagBag from /home/nicolaspc/airflow/dags/train_models.py
[2024-07-08T00:13:17.594+0500] {processor.py:842} WARNING - No viable dags retrieved from /home/nicolaspc/airflow/dags/train_models.py
[2024-07-08T00:13:17.607+0500] {processor.py:183} INFO - Processing /home/nicolaspc/airflow/dags/train_models.py took 0.805 seconds
[2024-07-08T00:13:40.958+0500] {processor.py:161} INFO - Started process (PID=7940) to work on /home/nicolaspc/airflow/dags/train_models.py
[2024-07-08T00:13:40.967+0500] {processor.py:830} INFO - Processing file /home/nicolaspc/airflow/dags/train_models.py for tasks to queue
[2024-07-08T00:13:40.967+0500] {logging_mixin.py:188} INFO - [2024-07-08T00:13:40.967+0500] {dagbag.py:545} INFO - Filling up the DagBag from /home/nicolaspc/airflow/dags/train_models.py
[2024-07-08T00:13:41.800+0500] {processor.py:842} WARNING - No viable dags retrieved from /home/nicolaspc/airflow/dags/train_models.py
[2024-07-08T00:13:41.813+0500] {processor.py:183} INFO - Processing /home/nicolaspc/airflow/dags/train_models.py took 0.860 seconds
[2024-07-08T00:13:47.818+0500] {processor.py:161} INFO - Started process (PID=7989) to work on /home/nicolaspc/airflow/dags/train_models.py
[2024-07-08T00:13:47.826+0500] {processor.py:830} INFO - Processing file /home/nicolaspc/airflow/dags/train_models.py for tasks to queue
[2024-07-08T00:13:47.827+0500] {logging_mixin.py:188} INFO - [2024-07-08T00:13:47.826+0500] {dagbag.py:545} INFO - Filling up the DagBag from /home/nicolaspc/airflow/dags/train_models.py
[2024-07-08T00:13:48.635+0500] {processor.py:842} WARNING - No viable dags retrieved from /home/nicolaspc/airflow/dags/train_models.py
[2024-07-08T00:13:48.648+0500] {processor.py:183} INFO - Processing /home/nicolaspc/airflow/dags/train_models.py took 0.835 seconds
[2024-07-08T00:14:11.965+0500] {processor.py:161} INFO - Started process (PID=8055) to work on /home/nicolaspc/airflow/dags/train_models.py
[2024-07-08T00:14:11.974+0500] {processor.py:830} INFO - Processing file /home/nicolaspc/airflow/dags/train_models.py for tasks to queue
[2024-07-08T00:14:11.975+0500] {logging_mixin.py:188} INFO - [2024-07-08T00:14:11.974+0500] {dagbag.py:545} INFO - Filling up the DagBag from /home/nicolaspc/airflow/dags/train_models.py
[2024-07-08T00:14:12.769+0500] {processor.py:842} WARNING - No viable dags retrieved from /home/nicolaspc/airflow/dags/train_models.py
[2024-07-08T00:14:12.782+0500] {processor.py:183} INFO - Processing /home/nicolaspc/airflow/dags/train_models.py took 0.821 seconds
[2024-07-08T00:14:18.803+0500] {processor.py:161} INFO - Started process (PID=8115) to work on /home/nicolaspc/airflow/dags/train_models.py
[2024-07-08T00:14:18.811+0500] {processor.py:830} INFO - Processing file /home/nicolaspc/airflow/dags/train_models.py for tasks to queue
[2024-07-08T00:14:18.812+0500] {logging_mixin.py:188} INFO - [2024-07-08T00:14:18.812+0500] {dagbag.py:545} INFO - Filling up the DagBag from /home/nicolaspc/airflow/dags/train_models.py
[2024-07-08T00:14:19.639+0500] {processor.py:842} WARNING - No viable dags retrieved from /home/nicolaspc/airflow/dags/train_models.py
[2024-07-08T00:14:19.652+0500] {processor.py:183} INFO - Processing /home/nicolaspc/airflow/dags/train_models.py took 0.853 seconds
[2024-07-08T00:14:24.631+0500] {processor.py:161} INFO - Started process (PID=8334) to work on /home/nicolaspc/airflow/dags/train_models.py
[2024-07-08T00:14:24.631+0500] {processor.py:830} INFO - Processing file /home/nicolaspc/airflow/dags/train_models.py for tasks to queue
[2024-07-08T00:14:24.632+0500] {logging_mixin.py:188} INFO - [2024-07-08T00:14:24.632+0500] {dagbag.py:545} INFO - Filling up the DagBag from /home/nicolaspc/airflow/dags/train_models.py
[2024-07-08T00:14:25.544+0500] {processor.py:842} WARNING - No viable dags retrieved from /home/nicolaspc/airflow/dags/train_models.py
[2024-07-08T00:14:25.558+0500] {processor.py:183} INFO - Processing /home/nicolaspc/airflow/dags/train_models.py took 0.931 seconds
[2024-07-08T00:14:42.933+0500] {processor.py:161} INFO - Started process (PID=8392) to work on /home/nicolaspc/airflow/dags/train_models.py
[2024-07-08T00:14:42.934+0500] {processor.py:830} INFO - Processing file /home/nicolaspc/airflow/dags/train_models.py for tasks to queue
[2024-07-08T00:14:42.935+0500] {logging_mixin.py:188} INFO - [2024-07-08T00:14:42.934+0500] {dagbag.py:545} INFO - Filling up the DagBag from /home/nicolaspc/airflow/dags/train_models.py
[2024-07-08T00:14:43.803+0500] {processor.py:842} WARNING - No viable dags retrieved from /home/nicolaspc/airflow/dags/train_models.py
[2024-07-08T00:14:43.817+0500] {processor.py:183} INFO - Processing /home/nicolaspc/airflow/dags/train_models.py took 0.887 seconds
[2024-07-08T00:14:49.800+0500] {processor.py:161} INFO - Started process (PID=8454) to work on /home/nicolaspc/airflow/dags/train_models.py
[2024-07-08T00:14:49.808+0500] {processor.py:830} INFO - Processing file /home/nicolaspc/airflow/dags/train_models.py for tasks to queue
[2024-07-08T00:14:49.809+0500] {logging_mixin.py:188} INFO - [2024-07-08T00:14:49.809+0500] {dagbag.py:545} INFO - Filling up the DagBag from /home/nicolaspc/airflow/dags/train_models.py
[2024-07-08T00:14:50.624+0500] {processor.py:842} WARNING - No viable dags retrieved from /home/nicolaspc/airflow/dags/train_models.py
[2024-07-08T00:14:50.640+0500] {processor.py:183} INFO - Processing /home/nicolaspc/airflow/dags/train_models.py took 0.844 seconds
[2024-07-08T00:14:55.711+0500] {processor.py:161} INFO - Started process (PID=8494) to work on /home/nicolaspc/airflow/dags/train_models.py
[2024-07-08T00:14:55.711+0500] {processor.py:830} INFO - Processing file /home/nicolaspc/airflow/dags/train_models.py for tasks to queue
[2024-07-08T00:14:55.712+0500] {logging_mixin.py:188} INFO - [2024-07-08T00:14:55.712+0500] {dagbag.py:545} INFO - Filling up the DagBag from /home/nicolaspc/airflow/dags/train_models.py
[2024-07-08T00:14:56.587+0500] {processor.py:842} WARNING - No viable dags retrieved from /home/nicolaspc/airflow/dags/train_models.py
[2024-07-08T00:14:56.601+0500] {processor.py:183} INFO - Processing /home/nicolaspc/airflow/dags/train_models.py took 0.895 seconds
[2024-07-08T00:15:13.966+0500] {processor.py:161} INFO - Started process (PID=8556) to work on /home/nicolaspc/airflow/dags/train_models.py
[2024-07-08T00:15:13.967+0500] {processor.py:830} INFO - Processing file /home/nicolaspc/airflow/dags/train_models.py for tasks to queue
[2024-07-08T00:15:13.968+0500] {logging_mixin.py:188} INFO - [2024-07-08T00:15:13.968+0500] {dagbag.py:545} INFO - Filling up the DagBag from /home/nicolaspc/airflow/dags/train_models.py
[2024-07-08T00:15:14.740+0500] {processor.py:842} WARNING - No viable dags retrieved from /home/nicolaspc/airflow/dags/train_models.py
[2024-07-08T00:15:14.754+0500] {processor.py:183} INFO - Processing /home/nicolaspc/airflow/dags/train_models.py took 0.792 seconds
[2024-07-08T00:15:20.853+0500] {processor.py:161} INFO - Started process (PID=8595) to work on /home/nicolaspc/airflow/dags/train_models.py
[2024-07-08T00:15:20.861+0500] {processor.py:830} INFO - Processing file /home/nicolaspc/airflow/dags/train_models.py for tasks to queue
[2024-07-08T00:15:20.863+0500] {logging_mixin.py:188} INFO - [2024-07-08T00:15:20.862+0500] {dagbag.py:545} INFO - Filling up the DagBag from /home/nicolaspc/airflow/dags/train_models.py
[2024-07-08T00:15:21.645+0500] {processor.py:842} WARNING - No viable dags retrieved from /home/nicolaspc/airflow/dags/train_models.py
[2024-07-08T00:15:21.658+0500] {processor.py:183} INFO - Processing /home/nicolaspc/airflow/dags/train_models.py took 0.810 seconds
[2024-07-08T00:15:26.840+0500] {processor.py:161} INFO - Started process (PID=8634) to work on /home/nicolaspc/airflow/dags/train_models.py
[2024-07-08T00:15:26.848+0500] {processor.py:830} INFO - Processing file /home/nicolaspc/airflow/dags/train_models.py for tasks to queue
[2024-07-08T00:15:26.849+0500] {logging_mixin.py:188} INFO - [2024-07-08T00:15:26.849+0500] {dagbag.py:545} INFO - Filling up the DagBag from /home/nicolaspc/airflow/dags/train_models.py
[2024-07-08T00:15:27.704+0500] {processor.py:842} WARNING - No viable dags retrieved from /home/nicolaspc/airflow/dags/train_models.py
[2024-07-08T00:15:27.719+0500] {processor.py:183} INFO - Processing /home/nicolaspc/airflow/dags/train_models.py took 0.883 seconds
[2024-07-08T00:15:43.400+0500] {processor.py:161} INFO - Started process (PID=8879) to work on /home/nicolaspc/airflow/dags/train_models.py
[2024-07-08T00:15:43.401+0500] {processor.py:830} INFO - Processing file /home/nicolaspc/airflow/dags/train_models.py for tasks to queue
[2024-07-08T00:15:43.402+0500] {logging_mixin.py:188} INFO - [2024-07-08T00:15:43.401+0500] {dagbag.py:545} INFO - Filling up the DagBag from /home/nicolaspc/airflow/dags/train_models.py
[2024-07-08T00:15:44.425+0500] {processor.py:842} WARNING - No viable dags retrieved from /home/nicolaspc/airflow/dags/train_models.py
[2024-07-08T00:15:44.441+0500] {processor.py:183} INFO - Processing /home/nicolaspc/airflow/dags/train_models.py took 1.045 seconds
[2024-07-08T00:15:44.899+0500] {processor.py:161} INFO - Started process (PID=8933) to work on /home/nicolaspc/airflow/dags/train_models.py
[2024-07-08T00:15:44.900+0500] {processor.py:830} INFO - Processing file /home/nicolaspc/airflow/dags/train_models.py for tasks to queue
[2024-07-08T00:15:44.900+0500] {logging_mixin.py:188} INFO - [2024-07-08T00:15:44.900+0500] {dagbag.py:545} INFO - Filling up the DagBag from /home/nicolaspc/airflow/dags/train_models.py
[2024-07-08T00:15:45.781+0500] {processor.py:842} WARNING - No viable dags retrieved from /home/nicolaspc/airflow/dags/train_models.py
[2024-07-08T00:15:45.796+0500] {processor.py:183} INFO - Processing /home/nicolaspc/airflow/dags/train_models.py took 0.901 seconds
[2024-07-08T00:15:51.843+0500] {processor.py:161} INFO - Started process (PID=8996) to work on /home/nicolaspc/airflow/dags/train_models.py
[2024-07-08T00:15:51.852+0500] {processor.py:830} INFO - Processing file /home/nicolaspc/airflow/dags/train_models.py for tasks to queue
[2024-07-08T00:15:51.853+0500] {logging_mixin.py:188} INFO - [2024-07-08T00:15:51.853+0500] {dagbag.py:545} INFO - Filling up the DagBag from /home/nicolaspc/airflow/dags/train_models.py
[2024-07-08T00:15:52.659+0500] {processor.py:842} WARNING - No viable dags retrieved from /home/nicolaspc/airflow/dags/train_models.py
[2024-07-08T00:15:52.673+0500] {processor.py:183} INFO - Processing /home/nicolaspc/airflow/dags/train_models.py took 0.834 seconds
[2024-07-08T00:15:57.863+0500] {processor.py:161} INFO - Started process (PID=9034) to work on /home/nicolaspc/airflow/dags/train_models.py
[2024-07-08T00:15:57.872+0500] {processor.py:830} INFO - Processing file /home/nicolaspc/airflow/dags/train_models.py for tasks to queue
[2024-07-08T00:15:57.873+0500] {logging_mixin.py:188} INFO - [2024-07-08T00:15:57.873+0500] {dagbag.py:545} INFO - Filling up the DagBag from /home/nicolaspc/airflow/dags/train_models.py
[2024-07-08T00:15:58.750+0500] {processor.py:842} WARNING - No viable dags retrieved from /home/nicolaspc/airflow/dags/train_models.py
[2024-07-08T00:15:58.763+0500] {processor.py:183} INFO - Processing /home/nicolaspc/airflow/dags/train_models.py took 0.904 seconds
