[2024-08-19T18:00:34.589+0500] {local_task_job_runner.py:123} INFO - ::group::Pre task execution logs
[2024-08-19T18:00:34.628+0500] {taskinstance.py:2603} INFO - Dependencies all met for dep_context=non-requeueable deps ti=<TaskInstance: 3_models_dag.train_hgb manual__2024-08-19T13:00:24.107836+00:00 [queued]>
[2024-08-19T18:00:34.636+0500] {taskinstance.py:2603} INFO - Dependencies all met for dep_context=requeueable deps ti=<TaskInstance: 3_models_dag.train_hgb manual__2024-08-19T13:00:24.107836+00:00 [queued]>
[2024-08-19T18:00:34.636+0500] {taskinstance.py:2856} INFO - Starting attempt 1 of 1
[2024-08-19T18:00:34.648+0500] {taskinstance.py:2879} INFO - Executing <Task(PythonOperator): train_hgb> on 2024-08-19 13:00:24.107836+00:00
[2024-08-19T18:00:34.662+0500] {logging_mixin.py:190} WARNING - /home/nicolaspc/anaconda3/envs/mlops_env/lib/python3.12/site-packages/***/task/task_runner/standard_task_runner.py:70 DeprecationWarning: This process (pid=24694) is multi-threaded, use of fork() may lead to deadlocks in the child.
[2024-08-19T18:00:34.663+0500] {standard_task_runner.py:72} INFO - Started process 24831 to run task
[2024-08-19T18:00:34.663+0500] {standard_task_runner.py:104} INFO - Running: ['***', 'tasks', 'run', '3_models_dag', 'train_hgb', 'manual__2024-08-19T13:00:24.107836+00:00', '--job-id', '54', '--raw', '--subdir', 'DAGS_FOLDER/train_models-2.py', '--cfg-path', '/tmp/tmpihuogjvf']
[2024-08-19T18:00:34.664+0500] {standard_task_runner.py:105} INFO - Job 54: Subtask train_hgb
[2024-08-19T18:00:34.721+0500] {task_command.py:467} INFO - Running <TaskInstance: 3_models_dag.train_hgb manual__2024-08-19T13:00:24.107836+00:00 [running]> on host nicolaspc-HP-Pavilion-Laptop-15-eh1xxx
[2024-08-19T18:00:34.814+0500] {taskinstance.py:3122} INFO - Exporting env vars: AIRFLOW_CTX_DAG_OWNER='Nicolas Pal' AIRFLOW_CTX_DAG_ID='3_models_dag' AIRFLOW_CTX_TASK_ID='train_hgb' AIRFLOW_CTX_EXECUTION_DATE='2024-08-19T13:00:24.107836+00:00' AIRFLOW_CTX_TRY_NUMBER='1' AIRFLOW_CTX_DAG_RUN_ID='manual__2024-08-19T13:00:24.107836+00:00'
[2024-08-19T18:00:34.815+0500] {taskinstance.py:731} INFO - ::endgroup::
[2024-08-19T18:00:34.843+0500] {s3.py:1387} INFO - Downloading source S3 file from Bucket test-bucket-nicolas-1 with path dataset/X_train.pkl
[2024-08-19T18:00:34.858+0500] {base.py:84} INFO - Retrieving connection 'aws_default'
[2024-08-19T18:00:34.877+0500] {credentials.py:1147} INFO - Found credentials in environment variables.
[2024-08-19T18:00:39.564+0500] {s3.py:1387} INFO - Downloading source S3 file from Bucket test-bucket-nicolas-1 with path dataset/X_test.pkl
[2024-08-19T18:00:40.346+0500] {s3.py:1387} INFO - Downloading source S3 file from Bucket test-bucket-nicolas-1 with path dataset/y_train.pkl
[2024-08-19T18:00:41.393+0500] {s3.py:1387} INFO - Downloading source S3 file from Bucket test-bucket-nicolas-1 with path dataset/y_test.pkl
[2024-08-19T18:00:41.955+0500] {train_models-2.py:112} INFO - Данные загружены
[2024-08-19T18:00:42.206+0500] {python.py:240} INFO - Done. Returned value was: {'start_tiemstamp': '20240819 18:00', 'data_download_start': '20240819 18:00', 'data_download_end': '20240819 18:00', 'hgb_train_start': '20240819 18:00', 'hgb_train_end': '20240819 18:00', 'hgb_R^2_score': 0.8367621449863936, 'hgb_rmse': 0.46250227112806275, 'hgb_mae': 0.20106668681003204}
[2024-08-19T18:00:42.243+0500] {taskinstance.py:340} INFO - ::group::Post task execution logs
[2024-08-19T18:00:42.244+0500] {taskinstance.py:352} INFO - Marking task as SUCCESS. dag_id=3_models_dag, task_id=train_hgb, run_id=manual__2024-08-19T13:00:24.107836+00:00, execution_date=20240819T130024, start_date=20240819T130034, end_date=20240819T130042
[2024-08-19T18:00:42.310+0500] {local_task_job_runner.py:261} INFO - Task exited with return code 0
[2024-08-19T18:00:42.331+0500] {taskinstance.py:3891} INFO - 0 downstream tasks scheduled from follow-on schedule check
[2024-08-19T18:00:42.334+0500] {local_task_job_runner.py:240} INFO - ::endgroup::
