[2024-08-21T22:12:15.524+0500] {local_task_job_runner.py:123} INFO - ::group::Pre task execution logs
[2024-08-21T22:12:15.541+0500] {taskinstance.py:2603} INFO - Dependencies all met for dep_context=non-requeueable deps ti=<TaskInstance: 3_models_dag_home_2.get_data manual__2024-08-21T17:12:11.392703+00:00 [queued]>
[2024-08-21T22:12:15.547+0500] {taskinstance.py:2603} INFO - Dependencies all met for dep_context=requeueable deps ti=<TaskInstance: 3_models_dag_home_2.get_data manual__2024-08-21T17:12:11.392703+00:00 [queued]>
[2024-08-21T22:12:15.548+0500] {taskinstance.py:2856} INFO - Starting attempt 1 of 1
[2024-08-21T22:12:15.560+0500] {taskinstance.py:2879} INFO - Executing <Task(PythonOperator): get_data> on 2024-08-21 17:12:11.392703+00:00
[2024-08-21T22:12:15.572+0500] {logging_mixin.py:190} WARNING - /home/nicolaspc/anaconda3/envs/mlops_env/lib/python3.12/site-packages/***/task/task_runner/standard_task_runner.py:70 DeprecationWarning: This process (pid=345701) is multi-threaded, use of fork() may lead to deadlocks in the child.
[2024-08-21T22:12:15.573+0500] {standard_task_runner.py:72} INFO - Started process 345734 to run task
[2024-08-21T22:12:15.573+0500] {standard_task_runner.py:104} INFO - Running: ['***', 'tasks', 'run', '3_models_dag_home_2', 'get_data', 'manual__2024-08-21T17:12:11.392703+00:00', '--job-id', '226', '--raw', '--subdir', 'DAGS_FOLDER/.ipynb_checkpoints/homework_stepik_2-checkpoint.py', '--cfg-path', '/tmp/tmp935u1p6k']
[2024-08-21T22:12:15.728+0500] {standard_task_runner.py:105} INFO - Job 226: Subtask get_data
[2024-08-21T22:12:15.784+0500] {task_command.py:467} INFO - Running <TaskInstance: 3_models_dag_home_2.get_data manual__2024-08-21T17:12:11.392703+00:00 [running]> on host nicolaspc-HP-Pavilion-Laptop-15-eh1xxx
[2024-08-21T22:12:15.865+0500] {taskinstance.py:3122} INFO - Exporting env vars: AIRFLOW_CTX_DAG_OWNER='Nicolas Pal' AIRFLOW_CTX_DAG_ID='3_models_dag_home_2' AIRFLOW_CTX_TASK_ID='get_data' AIRFLOW_CTX_EXECUTION_DATE='2024-08-21T17:12:11.392703+00:00' AIRFLOW_CTX_TRY_NUMBER='1' AIRFLOW_CTX_DAG_RUN_ID='manual__2024-08-21T17:12:11.392703+00:00'
[2024-08-21T22:12:15.866+0500] {taskinstance.py:731} INFO - ::endgroup::
[2024-08-21T22:12:15.903+0500] {base.py:84} INFO - Retrieving connection 'pg_connection'
[2024-08-21T22:12:15.914+0500] {logging_mixin.py:190} WARNING - /home/nicolaspc/***/dags/.ipynb_checkpoints/homework_stepik_2-checkpoint.py:91 UserWarning: pandas only supports SQLAlchemy connectable (engine/connection) or database string URI or sqlite3 DBAPI2 connection. Other DBAPI2 objects are not tested. Please consider using SQLAlchemy.
[2024-08-21T22:12:16.008+0500] {base.py:84} INFO - Retrieving connection 'aws_default'
[2024-08-21T22:12:16.008+0500] {connection_wrapper.py:384} INFO - AWS Connection (conn_id='aws_default', conn_type='aws') credentials retrieved from login and password.
[2024-08-21T22:12:20.232+0500] {homework_stepik_2-checkpoint.py:102} INFO - Data download finished.
[2024-08-21T22:12:20.235+0500] {python.py:240} INFO - Done. Returned value was: {'start_tiemstamp': '20240821 22:12', 'data_download_start': '20240821 22:12', 'data_download_end': '20240821 22:12'}
[2024-08-21T22:12:20.279+0500] {taskinstance.py:340} INFO - ::group::Post task execution logs
[2024-08-21T22:12:20.279+0500] {taskinstance.py:352} INFO - Marking task as SUCCESS. dag_id=3_models_dag_home_2, task_id=get_data, run_id=manual__2024-08-21T17:12:11.392703+00:00, execution_date=20240821T171211, start_date=20240821T171215, end_date=20240821T171220
[2024-08-21T22:12:20.323+0500] {local_task_job_runner.py:261} INFO - Task exited with return code 0
[2024-08-21T22:12:20.483+0500] {taskinstance.py:3891} INFO - 1 downstream tasks scheduled from follow-on schedule check
[2024-08-21T22:12:20.493+0500] {local_task_job_runner.py:240} INFO - ::endgroup::
