[2024-10-10T06:00:45.847+0500] {local_task_job_runner.py:123} INFO - ::group::Pre task execution logs
[2024-10-10T06:00:45.871+0500] {taskinstance.py:2603} INFO - Dependencies all met for dep_context=non-requeueable deps ti=<TaskInstance: rf_train.save_results scheduled__2024-10-09T01:00:00+00:00 [queued]>
[2024-10-10T06:00:45.886+0500] {taskinstance.py:2603} INFO - Dependencies all met for dep_context=requeueable deps ti=<TaskInstance: rf_train.save_results scheduled__2024-10-09T01:00:00+00:00 [queued]>
[2024-10-10T06:00:45.887+0500] {taskinstance.py:2856} INFO - Starting attempt 1 of 1
[2024-10-10T06:00:45.902+0500] {taskinstance.py:2879} INFO - Executing <Task(PythonOperator): save_results> on 2024-10-09 01:00:00+00:00
[2024-10-10T06:00:45.918+0500] {logging_mixin.py:190} WARNING - /home/nicolaspc/anaconda3/envs/mlops_env/lib/python3.12/site-packages/***/task/task_runner/standard_task_runner.py:70 DeprecationWarning: This process (pid=19977) is multi-threaded, use of fork() may lead to deadlocks in the child.
[2024-10-10T06:00:45.920+0500] {standard_task_runner.py:72} INFO - Started process 20000 to run task
[2024-10-10T06:00:45.919+0500] {standard_task_runner.py:104} INFO - Running: ['***', 'tasks', 'run', 'rf_train', 'save_results', 'scheduled__2024-10-09T01:00:00+00:00', '--job-id', '1097', '--raw', '--subdir', 'DAGS_FOLDER/train_models.py', '--cfg-path', '/tmp/tmp7w9n23yi']
[2024-10-10T06:00:45.921+0500] {standard_task_runner.py:105} INFO - Job 1097: Subtask save_results
[2024-10-10T06:00:46.002+0500] {task_command.py:467} INFO - Running <TaskInstance: rf_train.save_results scheduled__2024-10-09T01:00:00+00:00 [running]> on host nicolaspc-HP-Pavilion-Laptop-15-eh1xxx
[2024-10-10T06:00:46.131+0500] {taskinstance.py:3122} INFO - Exporting env vars: AIRFLOW_CTX_DAG_OWNER='Nicolas Pal' AIRFLOW_CTX_DAG_ID='rf_train' AIRFLOW_CTX_TASK_ID='save_results' AIRFLOW_CTX_EXECUTION_DATE='2024-10-09T01:00:00+00:00' AIRFLOW_CTX_TRY_NUMBER='1' AIRFLOW_CTX_DAG_RUN_ID='scheduled__2024-10-09T01:00:00+00:00'
[2024-10-10T06:00:46.132+0500] {taskinstance.py:731} INFO - ::endgroup::
[2024-10-10T06:00:46.182+0500] {base.py:84} INFO - Retrieving connection 's3_connection'
[2024-10-10T06:00:46.182+0500] {connection_wrapper.py:384} INFO - AWS Connection (conn_id='s3_connection', conn_type='aws') credentials retrieved from login and password.
[2024-10-10T06:00:47.327+0500] {train_models.py:199} INFO - Результаты сохранены в папку result
[2024-10-10T06:00:47.329+0500] {python.py:240} INFO - Done. Returned value was: None
[2024-10-10T06:00:47.345+0500] {taskinstance.py:340} INFO - ::group::Post task execution logs
[2024-10-10T06:00:47.346+0500] {taskinstance.py:352} INFO - Marking task as SUCCESS. dag_id=rf_train, task_id=save_results, run_id=scheduled__2024-10-09T01:00:00+00:00, execution_date=20241009T010000, start_date=20241010T010045, end_date=20241010T010047
[2024-10-10T06:00:47.396+0500] {local_task_job_runner.py:261} INFO - Task exited with return code 0
[2024-10-10T06:00:47.435+0500] {taskinstance.py:3891} INFO - 0 downstream tasks scheduled from follow-on schedule check
[2024-10-10T06:00:47.438+0500] {local_task_job_runner.py:240} INFO - ::endgroup::
