[2024-10-08T23:39:55.965+0500] {local_task_job_runner.py:123} INFO - ::group::Pre task execution logs
[2024-10-08T23:39:55.985+0500] {taskinstance.py:2603} INFO - Dependencies all met for dep_context=non-requeueable deps ti=<TaskInstance: 3_models_NicolasPal.init manual__2024-10-08T18:39:54.209575+00:00 [queued]>
[2024-10-08T23:39:55.991+0500] {taskinstance.py:2603} INFO - Dependencies all met for dep_context=requeueable deps ti=<TaskInstance: 3_models_NicolasPal.init manual__2024-10-08T18:39:54.209575+00:00 [queued]>
[2024-10-08T23:39:55.992+0500] {taskinstance.py:2856} INFO - Starting attempt 1 of 1
[2024-10-08T23:39:56.009+0500] {taskinstance.py:2879} INFO - Executing <Task(PythonOperator): init> on 2024-10-08 18:39:54.209575+00:00
[2024-10-08T23:39:56.023+0500] {logging_mixin.py:190} WARNING - /home/nicolaspc/anaconda3/envs/mlops_env/lib/python3.12/site-packages/***/task/task_runner/standard_task_runner.py:70 DeprecationWarning: This process (pid=58181) is multi-threaded, use of fork() may lead to deadlocks in the child.
[2024-10-08T23:39:56.024+0500] {standard_task_runner.py:72} INFO - Started process 58227 to run task
[2024-10-08T23:39:56.024+0500] {standard_task_runner.py:104} INFO - Running: ['***', 'tasks', 'run', '3_models_NicolasPal', 'init', 'manual__2024-10-08T18:39:54.209575+00:00', '--job-id', '941', '--raw', '--subdir', 'DAGS_FOLDER/project_2.py', '--cfg-path', '/tmp/tmp6sg7toal']
[2024-10-08T23:39:56.026+0500] {standard_task_runner.py:105} INFO - Job 941: Subtask init
[2024-10-08T23:39:56.084+0500] {task_command.py:467} INFO - Running <TaskInstance: 3_models_NicolasPal.init manual__2024-10-08T18:39:54.209575+00:00 [running]> on host nicolaspc-HP-Pavilion-Laptop-15-eh1xxx
[2024-10-08T23:39:56.167+0500] {taskinstance.py:3122} INFO - Exporting env vars: AIRFLOW_CTX_DAG_OWNER='Nicolas Pal' AIRFLOW_CTX_DAG_ID='3_models_NicolasPal' AIRFLOW_CTX_TASK_ID='init' AIRFLOW_CTX_EXECUTION_DATE='2024-10-08T18:39:54.209575+00:00' AIRFLOW_CTX_TRY_NUMBER='1' AIRFLOW_CTX_DAG_RUN_ID='manual__2024-10-08T18:39:54.209575+00:00'
[2024-10-08T23:39:56.168+0500] {taskinstance.py:731} INFO - ::endgroup::
[2024-10-08T23:39:56.443+0500] {migration.py:216} INFO - Context impl PostgresqlImpl.
[2024-10-08T23:39:56.443+0500] {migration.py:219} INFO - Will assume transactional DDL.
[2024-10-08T23:39:56.727+0500] {python.py:240} INFO - Done. Returned value was: {'start_tiemstamp': '20241008 23:39', 'experiment_id': '170', 'parent_run_id': '8f2d6607a87c4adf94ad17fb93acb447'}
[2024-10-08T23:39:56.758+0500] {taskinstance.py:340} INFO - ::group::Post task execution logs
[2024-10-08T23:39:56.758+0500] {taskinstance.py:352} INFO - Marking task as SUCCESS. dag_id=3_models_NicolasPal, task_id=init, run_id=manual__2024-10-08T18:39:54.209575+00:00, execution_date=20241008T183954, start_date=20241008T183955, end_date=20241008T183956
[2024-10-08T23:39:56.804+0500] {local_task_job_runner.py:261} INFO - Task exited with return code 0
[2024-10-08T23:39:56.834+0500] {taskinstance.py:3891} INFO - 1 downstream tasks scheduled from follow-on schedule check
[2024-10-08T23:39:56.837+0500] {local_task_job_runner.py:240} INFO - ::endgroup::
