[2024-10-08T21:39:40.159+0500] {local_task_job_runner.py:123} INFO - ::group::Pre task execution logs
[2024-10-08T21:39:40.181+0500] {taskinstance.py:2603} INFO - Dependencies all met for dep_context=non-requeueable deps ti=<TaskInstance: rf_train.train_model manual__2024-10-08T16:39:13.516590+00:00 [queued]>
[2024-10-08T21:39:40.188+0500] {taskinstance.py:2603} INFO - Dependencies all met for dep_context=requeueable deps ti=<TaskInstance: rf_train.train_model manual__2024-10-08T16:39:13.516590+00:00 [queued]>
[2024-10-08T21:39:40.188+0500] {taskinstance.py:2856} INFO - Starting attempt 1 of 1
[2024-10-08T21:39:40.202+0500] {taskinstance.py:2879} INFO - Executing <Task(PythonOperator): train_model> on 2024-10-08 16:39:13.516590+00:00
[2024-10-08T21:39:40.216+0500] {logging_mixin.py:190} WARNING - /home/nicolaspc/anaconda3/envs/mlops_env/lib/python3.12/site-packages/***/task/task_runner/standard_task_runner.py:70 DeprecationWarning: This process (pid=53109) is multi-threaded, use of fork() may lead to deadlocks in the child.
[2024-10-08T21:39:40.217+0500] {standard_task_runner.py:72} INFO - Started process 53164 to run task
[2024-10-08T21:39:40.216+0500] {standard_task_runner.py:104} INFO - Running: ['***', 'tasks', 'run', 'rf_train', 'train_model', 'manual__2024-10-08T16:39:13.516590+00:00', '--job-id', '894', '--raw', '--subdir', 'DAGS_FOLDER/train_models.py', '--cfg-path', '/tmp/tmpl97bdsr1']
[2024-10-08T21:39:40.218+0500] {standard_task_runner.py:105} INFO - Job 894: Subtask train_model
[2024-10-08T21:39:40.274+0500] {task_command.py:467} INFO - Running <TaskInstance: rf_train.train_model manual__2024-10-08T16:39:13.516590+00:00 [running]> on host nicolaspc-HP-Pavilion-Laptop-15-eh1xxx
[2024-10-08T21:39:40.355+0500] {taskinstance.py:3122} INFO - Exporting env vars: AIRFLOW_CTX_DAG_OWNER='Nicolas Pal' AIRFLOW_CTX_DAG_ID='rf_train' AIRFLOW_CTX_TASK_ID='train_model' AIRFLOW_CTX_EXECUTION_DATE='2024-10-08T16:39:13.516590+00:00' AIRFLOW_CTX_TRY_NUMBER='1' AIRFLOW_CTX_DAG_RUN_ID='manual__2024-10-08T16:39:13.516590+00:00'
[2024-10-08T21:39:40.356+0500] {taskinstance.py:731} INFO - ::endgroup::
[2024-10-08T21:39:40.526+0500] {s3.py:1387} INFO - Downloading source S3 file from Bucket test-bucket-nicolas-1 with path NicolasPal/project1/rf/datasets/X_train.pkl
[2024-10-08T21:39:40.538+0500] {base.py:84} INFO - Retrieving connection 's3_connection'
[2024-10-08T21:39:40.539+0500] {connection_wrapper.py:384} INFO - AWS Connection (conn_id='s3_connection', conn_type='aws') credentials retrieved from login and password.
[2024-10-08T21:39:43.389+0500] {s3.py:1387} INFO - Downloading source S3 file from Bucket test-bucket-nicolas-1 with path NicolasPal/project1/rf/datasets/X_test.pkl
[2024-10-08T21:39:43.941+0500] {s3.py:1387} INFO - Downloading source S3 file from Bucket test-bucket-nicolas-1 with path NicolasPal/project1/rf/datasets/X_val.pkl
[2024-10-08T21:39:44.523+0500] {s3.py:1387} INFO - Downloading source S3 file from Bucket test-bucket-nicolas-1 with path NicolasPal/project1/rf/datasets/y_train.pkl
[2024-10-08T21:39:45.212+0500] {s3.py:1387} INFO - Downloading source S3 file from Bucket test-bucket-nicolas-1 with path NicolasPal/project1/rf/datasets/y_test.pkl
[2024-10-08T21:39:45.669+0500] {s3.py:1387} INFO - Downloading source S3 file from Bucket test-bucket-nicolas-1 with path NicolasPal/project1/rf/datasets/y_val.pkl
[2024-10-08T21:39:46.116+0500] {train_models.py:193} INFO - Данные для обучения модели из S3 загружены
[2024-10-08T21:39:46.210+0500] {migration.py:216} INFO - Context impl PostgresqlImpl.
[2024-10-08T21:39:46.210+0500] {migration.py:219} INFO - Will assume transactional DDL.
[2024-10-08T21:39:59.706+0500] {credentials.py:1147} INFO - Found credentials in environment variables.
[2024-10-08T21:41:25.843+0500] {logging_mixin.py:190} WARNING - Registered model 'sk-learn-rf-reg-model' already exists. Creating a new version of this model...
[2024-10-08T21:41:25.868+0500] {logging_mixin.py:190} WARNING - Created version '2' of model 'sk-learn-rf-reg-model'.
[2024-10-08T21:42:00.490+0500] {connectionpool.py:330} WARNING - Connection pool is full, discarding connection: s3.eu-north-1.amazonaws.com. Connection pool size: 10
[2024-10-08T21:42:00.697+0500] {connectionpool.py:330} WARNING - Connection pool is full, discarding connection: s3.eu-north-1.amazonaws.com. Connection pool size: 10
[2024-10-08T21:42:02.837+0500] {connectionpool.py:330} WARNING - Connection pool is full, discarding connection: s3.eu-north-1.amazonaws.com. Connection pool size: 10
[2024-10-08T21:42:03.174+0500] {connectionpool.py:330} WARNING - Connection pool is full, discarding connection: s3.eu-north-1.amazonaws.com. Connection pool size: 10
[2024-10-08T21:42:03.830+0500] {logging_mixin.py:190} WARNING - 2024/10/08 21:42:03 INFO mlflow.models.evaluation.default_evaluator: Computing model predictions.
[2024-10-08T21:42:03.959+0500] {logging_mixin.py:190} WARNING - /home/nicolaspc/anaconda3/envs/mlops_env/lib/python3.12/site-packages/sklearn/metrics/_regression.py:492 FutureWarning: 'squared' is deprecated in version 1.4 and will be removed in 1.6. To calculate the root mean squared error, use the function'root_mean_squared_error'.
[2024-10-08T21:42:03.961+0500] {logging_mixin.py:190} WARNING - 2024/10/08 21:42:03 INFO mlflow.models.evaluation.default_evaluator: Testing metrics on first row...
[2024-10-08T21:42:03.962+0500] {logging_mixin.py:190} WARNING - 2024/10/08 21:42:03 WARNING mlflow.models.evaluation.default_evaluator: SHAP or matplotlib package is not installed, so model explainability insights will not be logged.
[2024-10-08T21:42:03.991+0500] {train_models.py:250} INFO - Модели обучены, метрики сохранены
[2024-10-08T21:42:03.994+0500] {python.py:240} INFO - Done. Returned value was: {'model': 'rf', 'start_timestamp': '20241008 21:39', 'experiment_id': '142', 'get_data_start': '20241008 21:39', 'get_data_end': '20241008 21:39', 'data_shape': [20640, 9], 'prepare_data_start': '20241008 21:39', 'prepare_data_end': '20241008 21:39', 'features_name': ['MedInc', 'HouseAge', 'AveRooms', 'AveBedrms', 'Population', 'AveOccup', 'Latitude', 'Longitude'], 'train_model_start': '20241008 21:39', 'train_model_end': '20241008 21:42'}
[2024-10-08T21:42:04.025+0500] {taskinstance.py:340} INFO - ::group::Post task execution logs
[2024-10-08T21:42:04.026+0500] {taskinstance.py:352} INFO - Marking task as SUCCESS. dag_id=rf_train, task_id=train_model, run_id=manual__2024-10-08T16:39:13.516590+00:00, execution_date=20241008T163913, start_date=20241008T163940, end_date=20241008T164204
[2024-10-08T21:42:04.107+0500] {local_task_job_runner.py:261} INFO - Task exited with return code 0
[2024-10-08T21:42:04.128+0500] {taskinstance.py:3891} INFO - 1 downstream tasks scheduled from follow-on schedule check
[2024-10-08T21:42:04.131+0500] {local_task_job_runner.py:240} INFO - ::endgroup::
