[2024-10-10T05:47:07.854+0500] {local_task_job_runner.py:123} INFO - ::group::Pre task execution logs
[2024-10-10T05:47:07.870+0500] {taskinstance.py:2603} INFO - Dependencies all met for dep_context=non-requeueable deps ti=<TaskInstance: hgb_train.save_results manual__2024-10-10T00:46:46.534092+00:00 [queued]>
[2024-10-10T05:47:07.877+0500] {taskinstance.py:2603} INFO - Dependencies all met for dep_context=requeueable deps ti=<TaskInstance: hgb_train.save_results manual__2024-10-10T00:46:46.534092+00:00 [queued]>
[2024-10-10T05:47:07.878+0500] {taskinstance.py:2856} INFO - Starting attempt 1 of 1
[2024-10-10T05:47:07.888+0500] {taskinstance.py:2879} INFO - Executing <Task(PythonOperator): save_results> on 2024-10-10 00:46:46.534092+00:00
[2024-10-10T05:47:07.902+0500] {logging_mixin.py:190} WARNING - /home/nicolaspc/anaconda3/envs/mlops_env/lib/python3.12/site-packages/***/task/task_runner/standard_task_runner.py:70 DeprecationWarning: This process (pid=11297) is multi-threaded, use of fork() may lead to deadlocks in the child.
[2024-10-10T05:47:07.903+0500] {standard_task_runner.py:72} INFO - Started process 11325 to run task
[2024-10-10T05:47:07.903+0500] {standard_task_runner.py:104} INFO - Running: ['***', 'tasks', 'run', 'hgb_train', 'save_results', 'manual__2024-10-10T00:46:46.534092+00:00', '--job-id', '1035', '--raw', '--subdir', 'DAGS_FOLDER/train_models.py', '--cfg-path', '/tmp/tmpnvd7kyl5']
[2024-10-10T05:47:07.904+0500] {standard_task_runner.py:105} INFO - Job 1035: Subtask save_results
[2024-10-10T05:47:07.954+0500] {task_command.py:467} INFO - Running <TaskInstance: hgb_train.save_results manual__2024-10-10T00:46:46.534092+00:00 [running]> on host nicolaspc-HP-Pavilion-Laptop-15-eh1xxx
[2024-10-10T05:47:08.040+0500] {taskinstance.py:3122} INFO - Exporting env vars: AIRFLOW_CTX_DAG_OWNER='Nicolas Pal' AIRFLOW_CTX_DAG_ID='hgb_train' AIRFLOW_CTX_TASK_ID='save_results' AIRFLOW_CTX_EXECUTION_DATE='2024-10-10T00:46:46.534092+00:00' AIRFLOW_CTX_TRY_NUMBER='1' AIRFLOW_CTX_DAG_RUN_ID='manual__2024-10-10T00:46:46.534092+00:00'
[2024-10-10T05:47:08.041+0500] {taskinstance.py:731} INFO - ::endgroup::
[2024-10-10T05:47:08.091+0500] {base.py:84} INFO - Retrieving connection 's3_connection'
[2024-10-10T05:47:08.092+0500] {connection_wrapper.py:384} INFO - AWS Connection (conn_id='s3_connection', conn_type='aws') credentials retrieved from login and password.
[2024-10-10T05:47:08.792+0500] {train_models.py:204} INFO - Результаты сохранены в папку result
[2024-10-10T05:47:08.794+0500] {python.py:240} INFO - Done. Returned value was: None
[2024-10-10T05:47:08.806+0500] {taskinstance.py:340} INFO - ::group::Post task execution logs
[2024-10-10T05:47:08.806+0500] {taskinstance.py:352} INFO - Marking task as SUCCESS. dag_id=hgb_train, task_id=save_results, run_id=manual__2024-10-10T00:46:46.534092+00:00, execution_date=20241010T004646, start_date=20241010T004707, end_date=20241010T004708
[2024-10-10T05:47:08.845+0500] {local_task_job_runner.py:261} INFO - Task exited with return code 0
[2024-10-10T05:47:08.864+0500] {taskinstance.py:3891} INFO - 0 downstream tasks scheduled from follow-on schedule check
[2024-10-10T05:47:08.867+0500] {local_task_job_runner.py:240} INFO - ::endgroup::
