[2024-10-10T05:47:09.564+0500] {local_task_job_runner.py:123} INFO - ::group::Pre task execution logs
[2024-10-10T05:47:09.581+0500] {taskinstance.py:2603} INFO - Dependencies all met for dep_context=non-requeueable deps ti=<TaskInstance: lr_train.save_results manual__2024-10-10T00:46:48.565688+00:00 [queued]>
[2024-10-10T05:47:09.588+0500] {taskinstance.py:2603} INFO - Dependencies all met for dep_context=requeueable deps ti=<TaskInstance: lr_train.save_results manual__2024-10-10T00:46:48.565688+00:00 [queued]>
[2024-10-10T05:47:09.589+0500] {taskinstance.py:2856} INFO - Starting attempt 1 of 1
[2024-10-10T05:47:09.602+0500] {taskinstance.py:2879} INFO - Executing <Task(PythonOperator): save_results> on 2024-10-10 00:46:48.565688+00:00
[2024-10-10T05:47:09.620+0500] {logging_mixin.py:190} WARNING - /home/nicolaspc/anaconda3/envs/mlops_env/lib/python3.12/site-packages/***/task/task_runner/standard_task_runner.py:70 DeprecationWarning: This process (pid=11367) is multi-threaded, use of fork() may lead to deadlocks in the child.
[2024-10-10T05:47:09.621+0500] {standard_task_runner.py:72} INFO - Started process 11396 to run task
[2024-10-10T05:47:09.620+0500] {standard_task_runner.py:104} INFO - Running: ['***', 'tasks', 'run', 'lr_train', 'save_results', 'manual__2024-10-10T00:46:48.565688+00:00', '--job-id', '1036', '--raw', '--subdir', 'DAGS_FOLDER/train_models.py', '--cfg-path', '/tmp/tmpp8p5jo2v']
[2024-10-10T05:47:09.622+0500] {standard_task_runner.py:105} INFO - Job 1036: Subtask save_results
[2024-10-10T05:47:09.677+0500] {task_command.py:467} INFO - Running <TaskInstance: lr_train.save_results manual__2024-10-10T00:46:48.565688+00:00 [running]> on host nicolaspc-HP-Pavilion-Laptop-15-eh1xxx
[2024-10-10T05:47:09.767+0500] {taskinstance.py:3122} INFO - Exporting env vars: AIRFLOW_CTX_DAG_OWNER='Nicolas Pal' AIRFLOW_CTX_DAG_ID='lr_train' AIRFLOW_CTX_TASK_ID='save_results' AIRFLOW_CTX_EXECUTION_DATE='2024-10-10T00:46:48.565688+00:00' AIRFLOW_CTX_TRY_NUMBER='1' AIRFLOW_CTX_DAG_RUN_ID='manual__2024-10-10T00:46:48.565688+00:00'
[2024-10-10T05:47:09.768+0500] {taskinstance.py:731} INFO - ::endgroup::
[2024-10-10T05:47:09.805+0500] {base.py:84} INFO - Retrieving connection 's3_connection'
[2024-10-10T05:47:09.805+0500] {connection_wrapper.py:384} INFO - AWS Connection (conn_id='s3_connection', conn_type='aws') credentials retrieved from login and password.
[2024-10-10T05:47:10.590+0500] {train_models.py:204} INFO - Результаты сохранены в папку result
[2024-10-10T05:47:10.592+0500] {python.py:240} INFO - Done. Returned value was: None
[2024-10-10T05:47:10.603+0500] {taskinstance.py:340} INFO - ::group::Post task execution logs
[2024-10-10T05:47:10.604+0500] {taskinstance.py:352} INFO - Marking task as SUCCESS. dag_id=lr_train, task_id=save_results, run_id=manual__2024-10-10T00:46:48.565688+00:00, execution_date=20241010T004648, start_date=20241010T004709, end_date=20241010T004710
[2024-10-10T05:47:10.637+0500] {local_task_job_runner.py:261} INFO - Task exited with return code 0
[2024-10-10T05:47:10.655+0500] {taskinstance.py:3891} INFO - 0 downstream tasks scheduled from follow-on schedule check
[2024-10-10T05:47:10.658+0500] {local_task_job_runner.py:240} INFO - ::endgroup::
