[2024-08-21T20:50:26.657+0500] {local_task_job_runner.py:123} INFO - ::group::Pre task execution logs
[2024-08-21T20:50:26.680+0500] {taskinstance.py:2603} INFO - Dependencies all met for dep_context=non-requeueable deps ti=<TaskInstance: 3_models_dag_home.train_hgb manual__2024-08-21T15:50:01.954215+00:00 [queued]>
[2024-08-21T20:50:26.686+0500] {taskinstance.py:2603} INFO - Dependencies all met for dep_context=requeueable deps ti=<TaskInstance: 3_models_dag_home.train_hgb manual__2024-08-21T15:50:01.954215+00:00 [queued]>
[2024-08-21T20:50:26.687+0500] {taskinstance.py:2856} INFO - Starting attempt 1 of 1
[2024-08-21T20:50:26.700+0500] {taskinstance.py:2879} INFO - Executing <Task(PythonOperator): train_hgb> on 2024-08-21 15:50:01.954215+00:00
[2024-08-21T20:50:26.714+0500] {logging_mixin.py:190} WARNING - /home/nicolaspc/anaconda3/envs/mlops_env/lib/python3.12/site-packages/***/task/task_runner/standard_task_runner.py:70 DeprecationWarning: This process (pid=306135) is multi-threaded, use of fork() may lead to deadlocks in the child.
[2024-08-21T20:50:26.715+0500] {standard_task_runner.py:72} INFO - Started process 306206 to run task
[2024-08-21T20:50:26.714+0500] {standard_task_runner.py:104} INFO - Running: ['***', 'tasks', 'run', '3_models_dag_home', 'train_hgb', 'manual__2024-08-21T15:50:01.954215+00:00', '--job-id', '191', '--raw', '--subdir', 'DAGS_FOLDER/.ipynb_checkpoints/homework_stepik-checkpoint.py', '--cfg-path', '/tmp/tmp122y078m']
[2024-08-21T20:50:26.716+0500] {standard_task_runner.py:105} INFO - Job 191: Subtask train_hgb
[2024-08-21T20:50:26.990+0500] {task_command.py:467} INFO - Running <TaskInstance: 3_models_dag_home.train_hgb manual__2024-08-21T15:50:01.954215+00:00 [running]> on host nicolaspc-HP-Pavilion-Laptop-15-eh1xxx
[2024-08-21T20:50:27.074+0500] {taskinstance.py:3122} INFO - Exporting env vars: AIRFLOW_CTX_DAG_OWNER='Nicolas Pal' AIRFLOW_CTX_DAG_ID='3_models_dag_home' AIRFLOW_CTX_TASK_ID='train_hgb' AIRFLOW_CTX_EXECUTION_DATE='2024-08-21T15:50:01.954215+00:00' AIRFLOW_CTX_TRY_NUMBER='1' AIRFLOW_CTX_DAG_RUN_ID='manual__2024-08-21T15:50:01.954215+00:00'
[2024-08-21T20:50:27.074+0500] {taskinstance.py:731} INFO - ::endgroup::
[2024-08-21T20:50:27.113+0500] {s3.py:1387} INFO - Downloading source S3 file from Bucket test-bucket-nicolas-1 with path dataset/X_train.pkl
[2024-08-21T20:50:27.135+0500] {base.py:84} INFO - Retrieving connection 'aws_default'
[2024-08-21T20:50:27.136+0500] {connection_wrapper.py:384} INFO - AWS Connection (conn_id='aws_default', conn_type='aws') credentials retrieved from login and password.
[2024-08-21T20:50:29.880+0500] {s3.py:1387} INFO - Downloading source S3 file from Bucket test-bucket-nicolas-1 with path dataset/X_test.pkl
[2024-08-21T20:50:30.547+0500] {s3.py:1387} INFO - Downloading source S3 file from Bucket test-bucket-nicolas-1 with path dataset/y_train.pkl
[2024-08-21T20:50:31.212+0500] {s3.py:1387} INFO - Downloading source S3 file from Bucket test-bucket-nicolas-1 with path dataset/y_test.pkl
[2024-08-21T20:50:31.684+0500] {homework_stepik-checkpoint.py:217} INFO - Данные загружены
[2024-08-21T20:50:31.799+0500] {migration.py:216} INFO - Context impl PostgresqlImpl.
[2024-08-21T20:50:31.799+0500] {migration.py:219} INFO - Will assume transactional DDL.
[2024-08-21T20:50:35.004+0500] {credentials.py:1147} INFO - Found credentials in environment variables.
[2024-08-21T20:50:42.492+0500] {logging_mixin.py:190} WARNING - 2024/08/21 20:50:42 INFO mlflow.models.evaluation.default_evaluator: Computing model predictions.
[2024-08-21T20:50:42.506+0500] {logging_mixin.py:190} WARNING - /home/nicolaspc/anaconda3/envs/mlops_env/lib/python3.12/site-packages/sklearn/base.py:486 UserWarning: X has feature names, but HistGradientBoostingRegressor was fitted without feature names
[2024-08-21T20:50:42.515+0500] {logging_mixin.py:190} WARNING - /home/nicolaspc/anaconda3/envs/mlops_env/lib/python3.12/site-packages/sklearn/metrics/_regression.py:492 FutureWarning: 'squared' is deprecated in version 1.4 and will be removed in 1.6. To calculate the root mean squared error, use the function'root_mean_squared_error'.
[2024-08-21T20:50:42.518+0500] {logging_mixin.py:190} WARNING - 2024/08/21 20:50:42 INFO mlflow.models.evaluation.default_evaluator: Testing metrics on first row...
[2024-08-21T20:50:42.520+0500] {logging_mixin.py:190} WARNING - 2024/08/21 20:50:42 WARNING mlflow.models.evaluation.default_evaluator: SHAP or matplotlib package is not installed, so model explainability insights will not be logged.
[2024-08-21T20:50:42.552+0500] {python.py:240} INFO - Done. Returned value was: {'start_tiemstamp': '20240821 20:50', 'data_download_start': '20240821 20:50', 'data_download_end': '20240821 20:50', 'data_preparation_start': '20240821 20:50', 'data_preparation_end': '20240821 20:50', 'hgb_train_start': '20240821 20:50', 'hgb_train_end': '20240821 20:50', 'hgb_R^2_score': 0.8360886783538232, 'hgb_rmse': 0.46345535655603554, 'hgb_mae': 0.19976103732604228}
[2024-08-21T20:50:42.580+0500] {taskinstance.py:340} INFO - ::group::Post task execution logs
[2024-08-21T20:50:42.580+0500] {taskinstance.py:352} INFO - Marking task as SUCCESS. dag_id=3_models_dag_home, task_id=train_hgb, run_id=manual__2024-08-21T15:50:01.954215+00:00, execution_date=20240821T155001, start_date=20240821T155026, end_date=20240821T155042
[2024-08-21T20:50:42.642+0500] {local_task_job_runner.py:261} INFO - Task exited with return code 0
[2024-08-21T20:50:42.661+0500] {taskinstance.py:3891} INFO - 0 downstream tasks scheduled from follow-on schedule check
[2024-08-21T20:50:42.664+0500] {local_task_job_runner.py:240} INFO - ::endgroup::
