[2024-08-21T22:12:30.847+0500] {local_task_job_runner.py:123} INFO - ::group::Pre task execution logs
[2024-08-21T22:12:30.867+0500] {taskinstance.py:2603} INFO - Dependencies all met for dep_context=non-requeueable deps ti=<TaskInstance: 3_models_dag_home_2.train_rf manual__2024-08-21T17:12:11.392703+00:00 [queued]>
[2024-08-21T22:12:30.875+0500] {taskinstance.py:2603} INFO - Dependencies all met for dep_context=requeueable deps ti=<TaskInstance: 3_models_dag_home_2.train_rf manual__2024-08-21T17:12:11.392703+00:00 [queued]>
[2024-08-21T22:12:30.875+0500] {taskinstance.py:2856} INFO - Starting attempt 1 of 1
[2024-08-21T22:12:30.887+0500] {taskinstance.py:2879} INFO - Executing <Task(PythonOperator): train_rf> on 2024-08-21 17:12:11.392703+00:00
[2024-08-21T22:12:30.902+0500] {logging_mixin.py:190} WARNING - /home/nicolaspc/anaconda3/envs/mlops_env/lib/python3.12/site-packages/***/task/task_runner/standard_task_runner.py:70 DeprecationWarning: This process (pid=345869) is multi-threaded, use of fork() may lead to deadlocks in the child.
[2024-08-21T22:12:30.903+0500] {standard_task_runner.py:72} INFO - Started process 345960 to run task
[2024-08-21T22:12:30.902+0500] {standard_task_runner.py:104} INFO - Running: ['***', 'tasks', 'run', '3_models_dag_home_2', 'train_rf', 'manual__2024-08-21T17:12:11.392703+00:00', '--job-id', '229', '--raw', '--subdir', 'DAGS_FOLDER/.ipynb_checkpoints/homework_stepik_2-checkpoint.py', '--cfg-path', '/tmp/tmpv7_n71mr']
[2024-08-21T22:12:30.907+0500] {standard_task_runner.py:105} INFO - Job 229: Subtask train_rf
[2024-08-21T22:12:30.962+0500] {task_command.py:467} INFO - Running <TaskInstance: 3_models_dag_home_2.train_rf manual__2024-08-21T17:12:11.392703+00:00 [running]> on host nicolaspc-HP-Pavilion-Laptop-15-eh1xxx
[2024-08-21T22:12:31.055+0500] {taskinstance.py:3122} INFO - Exporting env vars: AIRFLOW_CTX_DAG_OWNER='Nicolas Pal' AIRFLOW_CTX_DAG_ID='3_models_dag_home_2' AIRFLOW_CTX_TASK_ID='train_rf' AIRFLOW_CTX_EXECUTION_DATE='2024-08-21T17:12:11.392703+00:00' AIRFLOW_CTX_TRY_NUMBER='1' AIRFLOW_CTX_DAG_RUN_ID='manual__2024-08-21T17:12:11.392703+00:00'
[2024-08-21T22:12:31.056+0500] {taskinstance.py:731} INFO - ::endgroup::
[2024-08-21T22:12:31.289+0500] {s3.py:1387} INFO - Downloading source S3 file from Bucket test-bucket-nicolas-1 with path dataset/X_train.pkl
[2024-08-21T22:12:31.303+0500] {base.py:84} INFO - Retrieving connection 'aws_default'
[2024-08-21T22:12:31.304+0500] {connection_wrapper.py:384} INFO - AWS Connection (conn_id='aws_default', conn_type='aws') credentials retrieved from login and password.
[2024-08-21T22:12:35.924+0500] {s3.py:1387} INFO - Downloading source S3 file from Bucket test-bucket-nicolas-1 with path dataset/X_test.pkl
[2024-08-21T22:12:36.689+0500] {s3.py:1387} INFO - Downloading source S3 file from Bucket test-bucket-nicolas-1 with path dataset/y_train.pkl
[2024-08-21T22:12:37.587+0500] {s3.py:1387} INFO - Downloading source S3 file from Bucket test-bucket-nicolas-1 with path dataset/y_test.pkl
[2024-08-21T22:12:38.302+0500] {homework_stepik_2-checkpoint.py:209} INFO - Данные загружены
[2024-08-21T22:12:38.396+0500] {migration.py:216} INFO - Context impl PostgresqlImpl.
[2024-08-21T22:12:38.396+0500] {migration.py:219} INFO - Will assume transactional DDL.
[2024-08-21T22:12:55.259+0500] {logging_mixin.py:190} WARNING - 2024/08/21 22:12:55 INFO mlflow.models.evaluation.default_evaluator: Computing model predictions.
[2024-08-21T22:12:55.393+0500] {logging_mixin.py:190} WARNING - /home/nicolaspc/anaconda3/envs/mlops_env/lib/python3.12/site-packages/sklearn/base.py:486 UserWarning: X has feature names, but RandomForestRegressor was fitted without feature names
[2024-08-21T22:12:55.489+0500] {logging_mixin.py:190} WARNING - /home/nicolaspc/anaconda3/envs/mlops_env/lib/python3.12/site-packages/sklearn/metrics/_regression.py:492 FutureWarning: 'squared' is deprecated in version 1.4 and will be removed in 1.6. To calculate the root mean squared error, use the function'root_mean_squared_error'.
[2024-08-21T22:12:55.491+0500] {logging_mixin.py:190} WARNING - 2024/08/21 22:12:55 INFO mlflow.models.evaluation.default_evaluator: Testing metrics on first row...
[2024-08-21T22:12:55.493+0500] {logging_mixin.py:190} WARNING - 2024/08/21 22:12:55 WARNING mlflow.models.evaluation.default_evaluator: SHAP or matplotlib package is not installed, so model explainability insights will not be logged.
[2024-08-21T22:12:57.455+0500] {logging_mixin.py:190} WARNING - 2024/08/21 22:12:57 INFO mlflow.models.evaluation.default_evaluator: Computing model predictions.
[2024-08-21T22:12:57.457+0500] {logging_mixin.py:190} WARNING - /home/nicolaspc/anaconda3/envs/mlops_env/lib/python3.12/site-packages/sklearn/base.py:486 UserWarning: X has feature names, but LinearRegression was fitted without feature names
[2024-08-21T22:12:57.461+0500] {logging_mixin.py:190} WARNING - /home/nicolaspc/anaconda3/envs/mlops_env/lib/python3.12/site-packages/sklearn/metrics/_regression.py:492 FutureWarning: 'squared' is deprecated in version 1.4 and will be removed in 1.6. To calculate the root mean squared error, use the function'root_mean_squared_error'.
[2024-08-21T22:12:57.463+0500] {logging_mixin.py:190} WARNING - 2024/08/21 22:12:57 INFO mlflow.models.evaluation.default_evaluator: Testing metrics on first row...
[2024-08-21T22:12:57.465+0500] {logging_mixin.py:190} WARNING - 2024/08/21 22:12:57 WARNING mlflow.models.evaluation.default_evaluator: SHAP or matplotlib package is not installed, so model explainability insights will not be logged.
[2024-08-21T22:12:59.372+0500] {logging_mixin.py:190} WARNING - 2024/08/21 22:12:59 INFO mlflow.models.evaluation.default_evaluator: Computing model predictions.
[2024-08-21T22:12:59.382+0500] {logging_mixin.py:190} WARNING - /home/nicolaspc/anaconda3/envs/mlops_env/lib/python3.12/site-packages/sklearn/base.py:486 UserWarning: X has feature names, but HistGradientBoostingRegressor was fitted without feature names
[2024-08-21T22:12:59.391+0500] {logging_mixin.py:190} WARNING - /home/nicolaspc/anaconda3/envs/mlops_env/lib/python3.12/site-packages/sklearn/metrics/_regression.py:492 FutureWarning: 'squared' is deprecated in version 1.4 and will be removed in 1.6. To calculate the root mean squared error, use the function'root_mean_squared_error'.
[2024-08-21T22:12:59.393+0500] {logging_mixin.py:190} WARNING - 2024/08/21 22:12:59 INFO mlflow.models.evaluation.default_evaluator: Testing metrics on first row...
[2024-08-21T22:12:59.395+0500] {logging_mixin.py:190} WARNING - 2024/08/21 22:12:59 WARNING mlflow.models.evaluation.default_evaluator: SHAP or matplotlib package is not installed, so model explainability insights will not be logged.
[2024-08-21T22:12:59.418+0500] {python.py:240} INFO - Done. Returned value was: {'start_tiemstamp': '20240821 22:12', 'data_download_start': '20240821 22:12', 'data_download_end': '20240821 22:12', 'data_preparation_start': '20240821 22:12', 'data_preparation_end': '20240821 22:12', 'rf_train_start': '20240821 22:12', 'rf_train_end': '20240821 22:12', 'rf_R^2_score': 0.8050794879659754, 'rf_rmse': 0.5053964671549448, 'rf_mae': 0.20252630000000416, 'lr_train_start': '20240821 22:12', 'lr_train_end': '20240821 22:12', 'lr_R^2_score': 0.575787706032451, 'lr_rmse': 0.7455813830127763, 'lr_mae': 0.4102330008496219, 'hgb_train_start': '20240821 22:12', 'hgb_train_end': '20240821 22:12', 'hgb_R^2_score': 0.8366749481136934, 'hgb_rmse': 0.4626257822079062, 'hgb_mae': 0.20036446262156116}
[2024-08-21T22:12:59.450+0500] {taskinstance.py:340} INFO - ::group::Post task execution logs
[2024-08-21T22:12:59.450+0500] {taskinstance.py:352} INFO - Marking task as SUCCESS. dag_id=3_models_dag_home_2, task_id=train_rf, run_id=manual__2024-08-21T17:12:11.392703+00:00, execution_date=20240821T171211, start_date=20240821T171230, end_date=20240821T171259
[2024-08-21T22:12:59.550+0500] {local_task_job_runner.py:261} INFO - Task exited with return code 0
[2024-08-21T22:12:59.574+0500] {taskinstance.py:3891} INFO - 1 downstream tasks scheduled from follow-on schedule check
[2024-08-21T22:12:59.578+0500] {local_task_job_runner.py:240} INFO - ::endgroup::
