[2024-10-08T19:42:54.549+0500] {local_task_job_runner.py:123} INFO - ::group::Pre task execution logs
[2024-10-08T19:42:54.567+0500] {taskinstance.py:2603} INFO - Dependencies all met for dep_context=non-requeueable deps ti=<TaskInstance: nicolas_pal_hgb_train.train_model scheduled__2024-10-07T01:00:00+00:00 [queued]>
[2024-10-08T19:42:54.574+0500] {taskinstance.py:2603} INFO - Dependencies all met for dep_context=requeueable deps ti=<TaskInstance: nicolas_pal_hgb_train.train_model scheduled__2024-10-07T01:00:00+00:00 [queued]>
[2024-10-08T19:42:54.574+0500] {taskinstance.py:2856} INFO - Starting attempt 1 of 1
[2024-10-08T19:42:54.597+0500] {taskinstance.py:2879} INFO - Executing <Task(PythonOperator): train_model> on 2024-10-07 01:00:00+00:00
[2024-10-08T19:42:54.611+0500] {logging_mixin.py:190} WARNING - /home/nicolaspc/anaconda3/envs/mlops_env/lib/python3.12/site-packages/***/task/task_runner/standard_task_runner.py:70 DeprecationWarning: This process (pid=276132) is multi-threaded, use of fork() may lead to deadlocks in the child.
[2024-10-08T19:42:54.612+0500] {standard_task_runner.py:72} INFO - Started process 276187 to run task
[2024-10-08T19:42:54.612+0500] {standard_task_runner.py:104} INFO - Running: ['***', 'tasks', 'run', 'nicolas_pal_hgb_train', 'train_model', 'scheduled__2024-10-07T01:00:00+00:00', '--job-id', '779', '--raw', '--subdir', 'DAGS_FOLDER/train_models.py', '--cfg-path', '/tmp/tmp6oy635ju']
[2024-10-08T19:42:54.614+0500] {standard_task_runner.py:105} INFO - Job 779: Subtask train_model
[2024-10-08T19:42:54.694+0500] {task_command.py:467} INFO - Running <TaskInstance: nicolas_pal_hgb_train.train_model scheduled__2024-10-07T01:00:00+00:00 [running]> on host nicolaspc-HP-Pavilion-Laptop-15-eh1xxx
[2024-10-08T19:42:54.794+0500] {taskinstance.py:3122} INFO - Exporting env vars: AIRFLOW_CTX_DAG_OWNER='Nicolas Pal' AIRFLOW_CTX_DAG_ID='nicolas_pal_hgb_train' AIRFLOW_CTX_TASK_ID='train_model' AIRFLOW_CTX_EXECUTION_DATE='2024-10-07T01:00:00+00:00' AIRFLOW_CTX_TRY_NUMBER='1' AIRFLOW_CTX_DAG_RUN_ID='scheduled__2024-10-07T01:00:00+00:00'
[2024-10-08T19:42:54.796+0500] {taskinstance.py:731} INFO - ::endgroup::
[2024-10-08T19:42:54.821+0500] {s3.py:1387} INFO - Downloading source S3 file from Bucket test-bucket-nicolas-1 with path NicolasPal/project1/nicolas_pal_hgb/datasets/X_train.pkl
[2024-10-08T19:42:54.991+0500] {base.py:84} INFO - Retrieving connection 's3_connection'
[2024-10-08T19:42:54.991+0500] {connection_wrapper.py:384} INFO - AWS Connection (conn_id='s3_connection', conn_type='aws') credentials retrieved from login and password.
[2024-10-08T19:43:02.619+0500] {s3.py:1387} INFO - Downloading source S3 file from Bucket test-bucket-nicolas-1 with path NicolasPal/project1/nicolas_pal_hgb/datasets/X_test.pkl
[2024-10-08T19:43:03.198+0500] {s3.py:1387} INFO - Downloading source S3 file from Bucket test-bucket-nicolas-1 with path NicolasPal/project1/nicolas_pal_hgb/datasets/X_val.pkl
[2024-10-08T19:43:03.883+0500] {s3.py:1387} INFO - Downloading source S3 file from Bucket test-bucket-nicolas-1 with path NicolasPal/project1/nicolas_pal_hgb/datasets/y_train.pkl
[2024-10-08T19:43:04.606+0500] {s3.py:1387} INFO - Downloading source S3 file from Bucket test-bucket-nicolas-1 with path NicolasPal/project1/nicolas_pal_hgb/datasets/y_test.pkl
[2024-10-08T19:43:05.056+0500] {s3.py:1387} INFO - Downloading source S3 file from Bucket test-bucket-nicolas-1 with path NicolasPal/project1/nicolas_pal_hgb/datasets/y_val.pkl
[2024-10-08T19:43:05.493+0500] {train_models.py:189} INFO - Данные для обучения модели из S3 загружены
[2024-10-08T19:43:05.595+0500] {migration.py:216} INFO - Context impl PostgresqlImpl.
[2024-10-08T19:43:05.595+0500] {migration.py:219} INFO - Will assume transactional DDL.
[2024-10-08T19:43:08.733+0500] {credentials.py:1147} INFO - Found credentials in environment variables.
[2024-10-08T19:43:15.259+0500] {logging_mixin.py:190} WARNING - 2024/10/08 19:43:15 INFO mlflow.models.evaluation.default_evaluator: Computing model predictions.
[2024-10-08T19:43:15.289+0500] {logging_mixin.py:190} WARNING - /home/nicolaspc/anaconda3/envs/mlops_env/lib/python3.12/site-packages/sklearn/metrics/_regression.py:492 FutureWarning: 'squared' is deprecated in version 1.4 and will be removed in 1.6. To calculate the root mean squared error, use the function'root_mean_squared_error'.
[2024-10-08T19:43:15.291+0500] {logging_mixin.py:190} WARNING - 2024/10/08 19:43:15 INFO mlflow.models.evaluation.default_evaluator: Testing metrics on first row...
[2024-10-08T19:43:15.293+0500] {logging_mixin.py:190} WARNING - 2024/10/08 19:43:15 WARNING mlflow.models.evaluation.default_evaluator: SHAP or matplotlib package is not installed, so model explainability insights will not be logged.
[2024-10-08T19:43:15.320+0500] {train_models.py:246} INFO - Модели обучены, метрики сохранены
[2024-10-08T19:43:15.322+0500] {python.py:240} INFO - Done. Returned value was: {'model': 'nicolas_pal_hgb', 'start_timestamp': '20241008 19:42', 'experiment_id': '138', 'get_data_start': '20241008 19:42', 'get_data_end': '20241008 19:42', 'data_shape': [20640, 9], 'prepare_data_start': '20241008 19:42', 'prepare_data_end': '20241008 19:42', 'features_name': ['MedInc', 'HouseAge', 'AveRooms', 'AveBedrms', 'Population', 'AveOccup', 'Latitude', 'Longitude'], 'train_model_start': '20241008 19:42', 'train_model_end': '20241008 19:43'}
[2024-10-08T19:43:15.353+0500] {taskinstance.py:340} INFO - ::group::Post task execution logs
[2024-10-08T19:43:15.354+0500] {taskinstance.py:352} INFO - Marking task as SUCCESS. dag_id=nicolas_pal_hgb_train, task_id=train_model, run_id=scheduled__2024-10-07T01:00:00+00:00, execution_date=20241007T010000, start_date=20241008T144254, end_date=20241008T144315
[2024-10-08T19:43:15.405+0500] {local_task_job_runner.py:261} INFO - Task exited with return code 0
[2024-10-08T19:43:15.425+0500] {taskinstance.py:3891} INFO - 1 downstream tasks scheduled from follow-on schedule check
[2024-10-08T19:43:15.428+0500] {local_task_job_runner.py:240} INFO - ::endgroup::
