[2024-08-19T17:52:05.800+0500] {local_task_job_runner.py:123} INFO - ::group::Pre task execution logs
[2024-08-19T17:52:05.820+0500] {taskinstance.py:2603} INFO - Dependencies all met for dep_context=non-requeueable deps ti=<TaskInstance: 3_models_dag.train_rf manual__2024-08-19T12:51:58.751130+00:00 [queued]>
[2024-08-19T17:52:05.828+0500] {taskinstance.py:2603} INFO - Dependencies all met for dep_context=requeueable deps ti=<TaskInstance: 3_models_dag.train_rf manual__2024-08-19T12:51:58.751130+00:00 [queued]>
[2024-08-19T17:52:05.828+0500] {taskinstance.py:2856} INFO - Starting attempt 1 of 1
[2024-08-19T17:52:05.839+0500] {taskinstance.py:2879} INFO - Executing <Task(PythonOperator): train_rf> on 2024-08-19 12:51:58.751130+00:00
[2024-08-19T17:52:05.851+0500] {logging_mixin.py:190} WARNING - /home/nicolaspc/anaconda3/envs/mlops_env/lib/python3.12/site-packages/***/task/task_runner/standard_task_runner.py:70 DeprecationWarning: This process (pid=21134) is multi-threaded, use of fork() may lead to deadlocks in the child.
[2024-08-19T17:52:05.851+0500] {standard_task_runner.py:72} INFO - Started process 21206 to run task
[2024-08-19T17:52:05.851+0500] {standard_task_runner.py:104} INFO - Running: ['***', 'tasks', 'run', '3_models_dag', 'train_rf', 'manual__2024-08-19T12:51:58.751130+00:00', '--job-id', '39', '--raw', '--subdir', 'DAGS_FOLDER/.ipynb_checkpoints/train_models-2-checkpoint.py', '--cfg-path', '/tmp/tmpzfwwf_a3']
[2024-08-19T17:52:05.853+0500] {standard_task_runner.py:105} INFO - Job 39: Subtask train_rf
[2024-08-19T17:52:05.906+0500] {task_command.py:467} INFO - Running <TaskInstance: 3_models_dag.train_rf manual__2024-08-19T12:51:58.751130+00:00 [running]> on host nicolaspc-HP-Pavilion-Laptop-15-eh1xxx
[2024-08-19T17:52:05.989+0500] {taskinstance.py:3122} INFO - Exporting env vars: AIRFLOW_CTX_DAG_OWNER='Nicolas Pal' AIRFLOW_CTX_DAG_ID='3_models_dag' AIRFLOW_CTX_TASK_ID='train_rf' AIRFLOW_CTX_EXECUTION_DATE='2024-08-19T12:51:58.751130+00:00' AIRFLOW_CTX_TRY_NUMBER='1' AIRFLOW_CTX_DAG_RUN_ID='manual__2024-08-19T12:51:58.751130+00:00'
[2024-08-19T17:52:05.990+0500] {taskinstance.py:731} INFO - ::endgroup::
[2024-08-19T17:52:06.013+0500] {s3.py:1387} INFO - Downloading source S3 file from Bucket test-bucket-nicolas-1 with path dataset/X_train.pkl
[2024-08-19T17:52:06.028+0500] {base.py:84} INFO - Retrieving connection 'aws_default'
[2024-08-19T17:52:06.047+0500] {credentials.py:1147} INFO - Found credentials in environment variables.
[2024-08-19T17:52:10.651+0500] {s3.py:1387} INFO - Downloading source S3 file from Bucket test-bucket-nicolas-1 with path dataset/X_test.pkl
[2024-08-19T17:52:11.566+0500] {s3.py:1387} INFO - Downloading source S3 file from Bucket test-bucket-nicolas-1 with path dataset/y_train.pkl
[2024-08-19T17:52:12.750+0500] {s3.py:1387} INFO - Downloading source S3 file from Bucket test-bucket-nicolas-1 with path dataset/y_test.pkl
[2024-08-19T17:52:13.320+0500] {train_models-2-checkpoint.py:109} INFO - Данные загружены
[2024-08-19T17:52:24.527+0500] {python.py:240} INFO - Done. Returned value was: {'start_tiemstamp': '20240819 17:52', 'data_download_start': '20240819 17:52', 'rf_train_start': '20240819 17:52', 'rf_train_end': '20240819 17:52', 'rf_R^2_score': 0.8081193861291003, 'rf_rmse': 0.5014400055508159, 'rf_mae': 0.19946500000000045}
[2024-08-19T17:52:24.555+0500] {taskinstance.py:340} INFO - ::group::Post task execution logs
[2024-08-19T17:52:24.555+0500] {taskinstance.py:352} INFO - Marking task as SUCCESS. dag_id=3_models_dag, task_id=train_rf, run_id=manual__2024-08-19T12:51:58.751130+00:00, execution_date=20240819T125158, start_date=20240819T125205, end_date=20240819T125224
[2024-08-19T17:52:24.629+0500] {local_task_job_runner.py:261} INFO - Task exited with return code 0
[2024-08-19T17:52:24.648+0500] {taskinstance.py:3891} INFO - 1 downstream tasks scheduled from follow-on schedule check
[2024-08-19T17:52:24.650+0500] {local_task_job_runner.py:240} INFO - ::endgroup::
