[2024-10-08T18:58:31.332+0500] {local_task_job_runner.py:123} INFO - ::group::Pre task execution logs
[2024-10-08T18:58:31.349+0500] {taskinstance.py:2603} INFO - Dependencies all met for dep_context=non-requeueable deps ti=<TaskInstance: hgb_train.init manual__2024-10-08T13:58:28.824824+00:00 [queued]>
[2024-10-08T18:58:31.355+0500] {taskinstance.py:2603} INFO - Dependencies all met for dep_context=requeueable deps ti=<TaskInstance: hgb_train.init manual__2024-10-08T13:58:28.824824+00:00 [queued]>
[2024-10-08T18:58:31.356+0500] {taskinstance.py:2856} INFO - Starting attempt 1 of 1
[2024-10-08T18:58:31.367+0500] {taskinstance.py:2879} INFO - Executing <Task(PythonOperator): init> on 2024-10-08 13:58:28.824824+00:00
[2024-10-08T18:58:31.379+0500] {logging_mixin.py:190} WARNING - /home/nicolaspc/anaconda3/envs/mlops_env/lib/python3.12/site-packages/***/task/task_runner/standard_task_runner.py:70 DeprecationWarning: This process (pid=241945) is multi-threaded, use of fork() may lead to deadlocks in the child.
[2024-10-08T18:58:31.380+0500] {standard_task_runner.py:72} INFO - Started process 241980 to run task
[2024-10-08T18:58:31.380+0500] {standard_task_runner.py:104} INFO - Running: ['***', 'tasks', 'run', 'hgb_train', 'init', 'manual__2024-10-08T13:58:28.824824+00:00', '--job-id', '749', '--raw', '--subdir', 'DAGS_FOLDER/train_models.py', '--cfg-path', '/tmp/tmp6kcl641e']
[2024-10-08T18:58:31.382+0500] {standard_task_runner.py:105} INFO - Job 749: Subtask init
[2024-10-08T18:58:31.434+0500] {task_command.py:467} INFO - Running <TaskInstance: hgb_train.init manual__2024-10-08T13:58:28.824824+00:00 [running]> on host nicolaspc-HP-Pavilion-Laptop-15-eh1xxx
[2024-10-08T18:58:31.517+0500] {taskinstance.py:3122} INFO - Exporting env vars: AIRFLOW_CTX_DAG_OWNER='Nicolas Pal' AIRFLOW_CTX_DAG_ID='hgb_train' AIRFLOW_CTX_TASK_ID='init' AIRFLOW_CTX_EXECUTION_DATE='2024-10-08T13:58:28.824824+00:00' AIRFLOW_CTX_TRY_NUMBER='1' AIRFLOW_CTX_DAG_RUN_ID='manual__2024-10-08T13:58:28.824824+00:00'
[2024-10-08T18:58:31.518+0500] {taskinstance.py:731} INFO - ::endgroup::
[2024-10-08T18:58:31.820+0500] {migration.py:216} INFO - Context impl PostgresqlImpl.
[2024-10-08T18:58:31.821+0500] {migration.py:219} INFO - Will assume transactional DDL.
[2024-10-08T18:58:31.855+0500] {python.py:240} INFO - Done. Returned value was: {'model': 'hgb', 'start_timestamp': '20241008 18:58', 'experiment_id': '132'}
[2024-10-08T18:58:31.894+0500] {taskinstance.py:340} INFO - ::group::Post task execution logs
[2024-10-08T18:58:31.894+0500] {taskinstance.py:352} INFO - Marking task as SUCCESS. dag_id=hgb_train, task_id=init, run_id=manual__2024-10-08T13:58:28.824824+00:00, execution_date=20241008T135828, start_date=20241008T135831, end_date=20241008T135831
[2024-10-08T18:58:31.958+0500] {local_task_job_runner.py:261} INFO - Task exited with return code 0
[2024-10-08T18:58:31.983+0500] {taskinstance.py:3891} INFO - 1 downstream tasks scheduled from follow-on schedule check
[2024-10-08T18:58:31.986+0500] {local_task_job_runner.py:240} INFO - ::endgroup::
