[2024-10-08T21:02:49.384+0500] {local_task_job_runner.py:123} INFO - ::group::Pre task execution logs
[2024-10-08T21:02:49.405+0500] {taskinstance.py:2603} INFO - Dependencies all met for dep_context=non-requeueable deps ti=<TaskInstance: lr_train.init manual__2024-10-08T16:02:47.532334+00:00 [queued]>
[2024-10-08T21:02:49.413+0500] {taskinstance.py:2603} INFO - Dependencies all met for dep_context=requeueable deps ti=<TaskInstance: lr_train.init manual__2024-10-08T16:02:47.532334+00:00 [queued]>
[2024-10-08T21:02:49.414+0500] {taskinstance.py:2856} INFO - Starting attempt 1 of 1
[2024-10-08T21:02:49.436+0500] {taskinstance.py:2879} INFO - Executing <Task(PythonOperator): init> on 2024-10-08 16:02:47.532334+00:00
[2024-10-08T21:02:49.454+0500] {logging_mixin.py:190} WARNING - /home/nicolaspc/anaconda3/envs/mlops_env/lib/python3.12/site-packages/***/task/task_runner/standard_task_runner.py:70 DeprecationWarning: This process (pid=20430) is multi-threaded, use of fork() may lead to deadlocks in the child.
[2024-10-08T21:02:49.455+0500] {standard_task_runner.py:72} INFO - Started process 20484 to run task
[2024-10-08T21:02:49.457+0500] {standard_task_runner.py:104} INFO - Running: ['***', 'tasks', 'run', 'lr_train', 'init', 'manual__2024-10-08T16:02:47.532334+00:00', '--job-id', '820', '--raw', '--subdir', 'DAGS_FOLDER/train_models.py', '--cfg-path', '/tmp/tmpsa85pc0p']
[2024-10-08T21:02:49.460+0500] {standard_task_runner.py:105} INFO - Job 820: Subtask init
[2024-10-08T21:02:49.530+0500] {task_command.py:467} INFO - Running <TaskInstance: lr_train.init manual__2024-10-08T16:02:47.532334+00:00 [running]> on host nicolaspc-HP-Pavilion-Laptop-15-eh1xxx
[2024-10-08T21:02:49.664+0500] {taskinstance.py:3122} INFO - Exporting env vars: AIRFLOW_CTX_DAG_OWNER='Nicolas Pal' AIRFLOW_CTX_DAG_ID='lr_train' AIRFLOW_CTX_TASK_ID='init' AIRFLOW_CTX_EXECUTION_DATE='2024-10-08T16:02:47.532334+00:00' AIRFLOW_CTX_TRY_NUMBER='1' AIRFLOW_CTX_DAG_RUN_ID='manual__2024-10-08T16:02:47.532334+00:00'
[2024-10-08T21:02:49.665+0500] {taskinstance.py:731} INFO - ::endgroup::
[2024-10-08T21:02:50.010+0500] {migration.py:216} INFO - Context impl PostgresqlImpl.
[2024-10-08T21:02:50.011+0500] {migration.py:219} INFO - Will assume transactional DDL.
[2024-10-08T21:02:50.056+0500] {python.py:240} INFO - Done. Returned value was: {'model': 'lr', 'start_timestamp': '20241008 21:02', 'experiment_id': '141'}
[2024-10-08T21:02:50.109+0500] {taskinstance.py:340} INFO - ::group::Post task execution logs
[2024-10-08T21:02:50.110+0500] {taskinstance.py:352} INFO - Marking task as SUCCESS. dag_id=lr_train, task_id=init, run_id=manual__2024-10-08T16:02:47.532334+00:00, execution_date=20241008T160247, start_date=20241008T160249, end_date=20241008T160250
[2024-10-08T21:02:50.164+0500] {local_task_job_runner.py:261} INFO - Task exited with return code 0
[2024-10-08T21:02:50.196+0500] {taskinstance.py:3891} INFO - 1 downstream tasks scheduled from follow-on schedule check
[2024-10-08T21:02:50.199+0500] {local_task_job_runner.py:240} INFO - ::endgroup::
