[2024-07-20T20:46:11.801+0500] {local_task_job_runner.py:120} INFO - ::group::Pre task execution logs
[2024-07-20T20:46:11.818+0500] {taskinstance.py:2076} INFO - Dependencies all met for dep_context=non-requeueable deps ti=<TaskInstance: lr_train.train_model manual__2024-07-20T15:46:03.574791+00:00 [queued]>
[2024-07-20T20:46:11.824+0500] {taskinstance.py:2076} INFO - Dependencies all met for dep_context=requeueable deps ti=<TaskInstance: lr_train.train_model manual__2024-07-20T15:46:03.574791+00:00 [queued]>
[2024-07-20T20:46:11.824+0500] {taskinstance.py:2306} INFO - Starting attempt 1 of 1
[2024-07-20T20:46:11.836+0500] {taskinstance.py:2330} INFO - Executing <Task(PythonOperator): train_model> on 2024-07-20 15:46:03.574791+00:00
[2024-07-20T20:46:11.847+0500] {logging_mixin.py:188} WARNING - /home/nicolaspc/anaconda3/envs/mlops_env/lib/python3.12/site-packages/airflow/task/task_runner/standard_task_runner.py:62 DeprecationWarning: This process (pid=26777) is multi-threaded, use of fork() may lead to deadlocks in the child.
[2024-07-20T20:46:11.848+0500] {standard_task_runner.py:64} INFO - Started process 26823 to run task
[2024-07-20T20:46:11.849+0500] {standard_task_runner.py:90} INFO - Running: ['airflow', 'tasks', 'run', 'lr_train', 'train_model', 'manual__2024-07-20T15:46:03.574791+00:00', '--job-id', '223', '--raw', '--subdir', 'DAGS_FOLDER/.ipynb_checkpoints/train_models-checkpoint.py', '--cfg-path', '/tmp/tmpk3dl_qib']
[2024-07-20T20:46:11.850+0500] {standard_task_runner.py:91} INFO - Job 223: Subtask train_model
[2024-07-20T20:46:11.906+0500] {task_command.py:426} INFO - Running <TaskInstance: lr_train.train_model manual__2024-07-20T15:46:03.574791+00:00 [running]> on host nicolaspc-HP-Pavilion-Laptop-15-eh1xxx
[2024-07-20T20:46:11.993+0500] {taskinstance.py:2648} INFO - Exporting env vars: AIRFLOW_CTX_DAG_OWNER='Nicolas Pal' AIRFLOW_CTX_DAG_ID='lr_train' AIRFLOW_CTX_TASK_ID='train_model' AIRFLOW_CTX_EXECUTION_DATE='2024-07-20T15:46:03.574791+00:00' AIRFLOW_CTX_TRY_NUMBER='1' AIRFLOW_CTX_DAG_RUN_ID='manual__2024-07-20T15:46:03.574791+00:00'
[2024-07-20T20:46:11.993+0500] {taskinstance.py:430} INFO - ::endgroup::
[2024-07-20T20:46:12.020+0500] {s3.py:1387} INFO - Downloading source S3 file from Bucket test-bucket-nicolas-1 with path dataset/X_train.pkl
[2024-07-20T20:46:12.033+0500] {base.py:84} INFO - Using connection ID 'aws_default' for task execution.
[2024-07-20T20:46:12.033+0500] {connection_wrapper.py:384} INFO - AWS Connection (conn_id='aws_default', conn_type='aws') credentials retrieved from login and password.
[2024-07-20T20:46:34.715+0500] {s3.py:1387} INFO - Downloading source S3 file from Bucket test-bucket-nicolas-1 with path dataset/X_test.pkl
[2024-07-20T20:46:35.391+0500] {s3.py:1387} INFO - Downloading source S3 file from Bucket test-bucket-nicolas-1 with path dataset/y_train.pkl
[2024-07-20T20:46:36.091+0500] {s3.py:1387} INFO - Downloading source S3 file from Bucket test-bucket-nicolas-1 with path dataset/y_test.pkl
[2024-07-20T20:46:36.549+0500] {train_models-checkpoint.py:112} INFO - Данные загружены
[2024-07-20T20:46:36.560+0500] {python.py:237} INFO - Done. Returned value was: {'model': 'lr', 'start_tiemstamp': '20240720 20:46', 'train_start': '20240720 20:46', 'train_end': '20240720 20:46', 'R^2_score': 0.575787706032451, 'rmse': 0.7455813830127763, 'mae': 0.4102330008496219}
[2024-07-20T20:46:36.561+0500] {taskinstance.py:441} INFO - ::group::Post task execution logs
[2024-07-20T20:46:36.596+0500] {taskinstance.py:1206} INFO - Marking task as SUCCESS. dag_id=lr_train, task_id=train_model, run_id=manual__2024-07-20T15:46:03.574791+00:00, execution_date=20240720T154603, start_date=20240720T154611, end_date=20240720T154636
[2024-07-20T20:46:36.633+0500] {local_task_job_runner.py:243} INFO - Task exited with return code 0
[2024-07-20T20:46:36.644+0500] {local_task_job_runner.py:222} INFO - ::endgroup::
