[2024-07-17T04:32:35.627+0500] {local_task_job_runner.py:120} INFO - ::group::Pre task execution logs
[2024-07-17T04:32:35.645+0500] {taskinstance.py:2076} INFO - Dependencies all met for dep_context=non-requeueable deps ti=<TaskInstance: train.init manual__2024-07-16T23:32:33.694553+00:00 [queued]>
[2024-07-17T04:32:35.651+0500] {taskinstance.py:2076} INFO - Dependencies all met for dep_context=requeueable deps ti=<TaskInstance: train.init manual__2024-07-16T23:32:33.694553+00:00 [queued]>
[2024-07-17T04:32:35.651+0500] {taskinstance.py:2306} INFO - Starting attempt 1 of 1
[2024-07-17T04:32:35.662+0500] {taskinstance.py:2330} INFO - Executing <Task(PythonOperator): init> on 2024-07-16 23:32:33.694553+00:00
[2024-07-17T04:32:35.675+0500] {logging_mixin.py:188} WARNING - /home/nicolaspc/anaconda3/envs/mlops_env/lib/python3.12/site-packages/airflow/task/task_runner/standard_task_runner.py:62 DeprecationWarning: This process (pid=37857) is multi-threaded, use of fork() may lead to deadlocks in the child.
[2024-07-17T04:32:35.674+0500] {standard_task_runner.py:90} INFO - Running: ['airflow', 'tasks', 'run', 'train', 'init', 'manual__2024-07-16T23:32:33.694553+00:00', '--job-id', '173', '--raw', '--subdir', 'DAGS_FOLDER/train_dag.py', '--cfg-path', '/tmp/tmpqhd0kw1m']
[2024-07-17T04:32:35.676+0500] {standard_task_runner.py:64} INFO - Started process 37880 to run task
[2024-07-17T04:32:35.676+0500] {standard_task_runner.py:91} INFO - Job 173: Subtask init
[2024-07-17T04:32:35.730+0500] {task_command.py:426} INFO - Running <TaskInstance: train.init manual__2024-07-16T23:32:33.694553+00:00 [running]> on host nicolaspc-HP-Pavilion-Laptop-15-eh1xxx
[2024-07-17T04:32:35.820+0500] {taskinstance.py:2648} INFO - Exporting env vars: AIRFLOW_CTX_DAG_OWNER='Nicolas Pal' AIRFLOW_CTX_DAG_ID='train' AIRFLOW_CTX_TASK_ID='init' AIRFLOW_CTX_EXECUTION_DATE='2024-07-16T23:32:33.694553+00:00' AIRFLOW_CTX_TRY_NUMBER='1' AIRFLOW_CTX_DAG_RUN_ID='manual__2024-07-16T23:32:33.694553+00:00'
[2024-07-17T04:32:35.821+0500] {taskinstance.py:430} INFO - ::endgroup::
[2024-07-17T04:32:35.849+0500] {base.py:84} INFO - Using connection ID 'aws_default' for task execution.
[2024-07-17T04:32:35.849+0500] {connection_wrapper.py:384} INFO - AWS Connection (conn_id='aws_default', conn_type='aws') credentials retrieved from login and password.
[2024-07-17T04:32:39.156+0500] {train_dag.py:84} INFO - Data download finished.
[2024-07-17T04:32:39.159+0500] {python.py:237} INFO - Done. Returned value was: None
[2024-07-17T04:32:39.160+0500] {taskinstance.py:441} INFO - ::group::Post task execution logs
[2024-07-17T04:32:39.174+0500] {taskinstance.py:1206} INFO - Marking task as SUCCESS. dag_id=train, task_id=init, run_id=manual__2024-07-16T23:32:33.694553+00:00, execution_date=20240716T233233, start_date=20240716T233235, end_date=20240716T233239
[2024-07-17T04:32:39.235+0500] {local_task_job_runner.py:243} INFO - Task exited with return code 0
[2024-07-17T04:32:39.266+0500] {taskinstance.py:3503} INFO - 1 downstream tasks scheduled from follow-on schedule check
[2024-07-17T04:32:39.276+0500] {local_task_job_runner.py:222} INFO - ::endgroup::
