[2024-10-08T23:48:07.791+0500] {local_task_job_runner.py:123} INFO - ::group::Pre task execution logs
[2024-10-08T23:48:07.809+0500] {taskinstance.py:2603} INFO - Dependencies all met for dep_context=non-requeueable deps ti=<TaskInstance: 3_models_NicolasPal.save_results manual__2024-10-08T18:46:07.961740+00:00 [queued]>
[2024-10-08T23:48:07.817+0500] {taskinstance.py:2603} INFO - Dependencies all met for dep_context=requeueable deps ti=<TaskInstance: 3_models_NicolasPal.save_results manual__2024-10-08T18:46:07.961740+00:00 [queued]>
[2024-10-08T23:48:07.817+0500] {taskinstance.py:2856} INFO - Starting attempt 1 of 1
[2024-10-08T23:48:07.832+0500] {taskinstance.py:2879} INFO - Executing <Task(PythonOperator): save_results> on 2024-10-08 18:46:07.961740+00:00
[2024-10-08T23:48:07.847+0500] {logging_mixin.py:190} WARNING - /home/nicolaspc/anaconda3/envs/mlops_env/lib/python3.12/site-packages/***/task/task_runner/standard_task_runner.py:70 DeprecationWarning: This process (pid=65123) is multi-threaded, use of fork() may lead to deadlocks in the child.
[2024-10-08T23:48:07.848+0500] {standard_task_runner.py:72} INFO - Started process 65146 to run task
[2024-10-08T23:48:07.851+0500] {standard_task_runner.py:104} INFO - Running: ['***', 'tasks', 'run', '3_models_NicolasPal', 'save_results', 'manual__2024-10-08T18:46:07.961740+00:00', '--job-id', '953', '--raw', '--subdir', 'DAGS_FOLDER/project_2.py', '--cfg-path', '/tmp/tmpzk4vzhuq']
[2024-10-08T23:48:07.853+0500] {standard_task_runner.py:105} INFO - Job 953: Subtask save_results
[2024-10-08T23:48:08.063+0500] {task_command.py:467} INFO - Running <TaskInstance: 3_models_NicolasPal.save_results manual__2024-10-08T18:46:07.961740+00:00 [running]> on host nicolaspc-HP-Pavilion-Laptop-15-eh1xxx
[2024-10-08T23:48:08.135+0500] {taskinstance.py:3122} INFO - Exporting env vars: AIRFLOW_CTX_DAG_OWNER='Nicolas Pal' AIRFLOW_CTX_DAG_ID='3_models_NicolasPal' AIRFLOW_CTX_TASK_ID='save_results' AIRFLOW_CTX_EXECUTION_DATE='2024-10-08T18:46:07.961740+00:00' AIRFLOW_CTX_TRY_NUMBER='1' AIRFLOW_CTX_DAG_RUN_ID='manual__2024-10-08T18:46:07.961740+00:00'
[2024-10-08T23:48:08.135+0500] {taskinstance.py:731} INFO - ::endgroup::
[2024-10-08T23:48:08.162+0500] {base.py:84} INFO - Retrieving connection 's3_connection'
[2024-10-08T23:48:08.162+0500] {connection_wrapper.py:384} INFO - AWS Connection (conn_id='s3_connection', conn_type='aws') credentials retrieved from login and password.
[2024-10-08T23:48:09.359+0500] {python.py:240} INFO - Done. Returned value was: None
[2024-10-08T23:48:09.371+0500] {taskinstance.py:340} INFO - ::group::Post task execution logs
[2024-10-08T23:48:09.371+0500] {taskinstance.py:352} INFO - Marking task as SUCCESS. dag_id=3_models_NicolasPal, task_id=save_results, run_id=manual__2024-10-08T18:46:07.961740+00:00, execution_date=20241008T184607, start_date=20241008T184807, end_date=20241008T184809
[2024-10-08T23:48:09.437+0500] {local_task_job_runner.py:261} INFO - Task exited with return code 0
[2024-10-08T23:48:09.570+0500] {taskinstance.py:3891} INFO - 0 downstream tasks scheduled from follow-on schedule check
[2024-10-08T23:48:09.580+0500] {local_task_job_runner.py:240} INFO - ::endgroup::
