[2024-08-21T20:52:08.700+0500] {local_task_job_runner.py:123} INFO - ::group::Pre task execution logs
[2024-08-21T20:52:08.721+0500] {taskinstance.py:2603} INFO - Dependencies all met for dep_context=non-requeueable deps ti=<TaskInstance: 3_models_dag_home.save_results manual__2024-08-21T15:50:01.954215+00:00 [queued]>
[2024-08-21T20:52:08.732+0500] {taskinstance.py:2603} INFO - Dependencies all met for dep_context=requeueable deps ti=<TaskInstance: 3_models_dag_home.save_results manual__2024-08-21T15:50:01.954215+00:00 [queued]>
[2024-08-21T20:52:08.732+0500] {taskinstance.py:2856} INFO - Starting attempt 1 of 1
[2024-08-21T20:52:08.750+0500] {taskinstance.py:2879} INFO - Executing <Task(PythonOperator): save_results> on 2024-08-21 15:50:01.954215+00:00
[2024-08-21T20:52:08.767+0500] {logging_mixin.py:190} WARNING - /home/nicolaspc/anaconda3/envs/mlops_env/lib/python3.12/site-packages/***/task/task_runner/standard_task_runner.py:70 DeprecationWarning: This process (pid=307306) is multi-threaded, use of fork() may lead to deadlocks in the child.
[2024-08-21T20:52:08.769+0500] {standard_task_runner.py:72} INFO - Started process 307329 to run task
[2024-08-21T20:52:08.771+0500] {standard_task_runner.py:104} INFO - Running: ['***', 'tasks', 'run', '3_models_dag_home', 'save_results', 'manual__2024-08-21T15:50:01.954215+00:00', '--job-id', '193', '--raw', '--subdir', 'DAGS_FOLDER/.ipynb_checkpoints/homework_stepik-checkpoint.py', '--cfg-path', '/tmp/tmpmvo1hcks']
[2024-08-21T20:52:08.774+0500] {standard_task_runner.py:105} INFO - Job 193: Subtask save_results
[2024-08-21T20:52:09.074+0500] {task_command.py:467} INFO - Running <TaskInstance: 3_models_dag_home.save_results manual__2024-08-21T15:50:01.954215+00:00 [running]> on host nicolaspc-HP-Pavilion-Laptop-15-eh1xxx
[2024-08-21T20:52:09.192+0500] {taskinstance.py:3122} INFO - Exporting env vars: AIRFLOW_CTX_DAG_OWNER='Nicolas Pal' AIRFLOW_CTX_DAG_ID='3_models_dag_home' AIRFLOW_CTX_TASK_ID='save_results' AIRFLOW_CTX_EXECUTION_DATE='2024-08-21T15:50:01.954215+00:00' AIRFLOW_CTX_TRY_NUMBER='1' AIRFLOW_CTX_DAG_RUN_ID='manual__2024-08-21T15:50:01.954215+00:00'
[2024-08-21T20:52:09.192+0500] {taskinstance.py:731} INFO - ::endgroup::
[2024-08-21T20:52:09.230+0500] {base.py:84} INFO - Retrieving connection 'aws_default'
[2024-08-21T20:52:09.230+0500] {connection_wrapper.py:384} INFO - AWS Connection (conn_id='aws_default', conn_type='aws') credentials retrieved from login and password.
[2024-08-21T20:52:14.959+0500] {python.py:240} INFO - Done. Returned value was: None
[2024-08-21T20:52:14.977+0500] {taskinstance.py:340} INFO - ::group::Post task execution logs
[2024-08-21T20:52:14.978+0500] {taskinstance.py:352} INFO - Marking task as SUCCESS. dag_id=3_models_dag_home, task_id=save_results, run_id=manual__2024-08-21T15:50:01.954215+00:00, execution_date=20240821T155001, start_date=20240821T155208, end_date=20240821T155214
[2024-08-21T20:52:15.084+0500] {local_task_job_runner.py:261} INFO - Task exited with return code 0
[2024-08-21T20:52:15.105+0500] {taskinstance.py:3891} INFO - 0 downstream tasks scheduled from follow-on schedule check
[2024-08-21T20:52:15.108+0500] {local_task_job_runner.py:240} INFO - ::endgroup::
