[2024-08-19T08:45:06.095+0500] {local_task_job_runner.py:120} INFO - ::group::Pre task execution logs
[2024-08-19T08:45:06.115+0500] {taskinstance.py:2076} INFO - Dependencies all met for dep_context=non-requeueable deps ti=<TaskInstance: rf_train.train_model scheduled__2024-08-18T01:00:00+00:00 [queued]>
[2024-08-19T08:45:06.122+0500] {taskinstance.py:2076} INFO - Dependencies all met for dep_context=requeueable deps ti=<TaskInstance: rf_train.train_model scheduled__2024-08-18T01:00:00+00:00 [queued]>
[2024-08-19T08:45:06.122+0500] {taskinstance.py:2306} INFO - Starting attempt 1 of 1
[2024-08-19T08:45:06.135+0500] {taskinstance.py:2330} INFO - Executing <Task(PythonOperator): train_model> on 2024-08-18 01:00:00+00:00
[2024-08-19T08:45:06.147+0500] {standard_task_runner.py:90} INFO - Running: ['airflow', 'tasks', 'run', 'rf_train', 'train_model', 'scheduled__2024-08-18T01:00:00+00:00', '--job-id', '271', '--raw', '--subdir', 'DAGS_FOLDER/.ipynb_checkpoints/train_models-checkpoint.py', '--cfg-path', '/tmp/tmppaaos3y_']
[2024-08-19T08:45:06.149+0500] {standard_task_runner.py:91} INFO - Job 271: Subtask train_model
[2024-08-19T08:45:06.149+0500] {logging_mixin.py:188} WARNING - /home/nicolaspc/anaconda3/envs/mlops_env/lib/python3.12/site-packages/airflow/task/task_runner/standard_task_runner.py:62 DeprecationWarning: This process (pid=37666) is multi-threaded, use of fork() may lead to deadlocks in the child.
[2024-08-19T08:45:06.149+0500] {standard_task_runner.py:64} INFO - Started process 37759 to run task
[2024-08-19T08:45:06.202+0500] {task_command.py:426} INFO - Running <TaskInstance: rf_train.train_model scheduled__2024-08-18T01:00:00+00:00 [running]> on host nicolaspc-HP-Pavilion-Laptop-15-eh1xxx
[2024-08-19T08:45:06.289+0500] {taskinstance.py:2648} INFO - Exporting env vars: AIRFLOW_CTX_DAG_OWNER='Nicolas Pal' AIRFLOW_CTX_DAG_ID='rf_train' AIRFLOW_CTX_TASK_ID='train_model' AIRFLOW_CTX_EXECUTION_DATE='2024-08-18T01:00:00+00:00' AIRFLOW_CTX_TRY_NUMBER='1' AIRFLOW_CTX_DAG_RUN_ID='scheduled__2024-08-18T01:00:00+00:00'
[2024-08-19T08:45:06.290+0500] {taskinstance.py:430} INFO - ::endgroup::
[2024-08-19T08:45:06.313+0500] {s3.py:1387} INFO - Downloading source S3 file from Bucket test-bucket-nicolas-1 with path dataset/X_train.pkl
[2024-08-19T08:45:06.325+0500] {base.py:84} INFO - Using connection ID 'aws_default' for task execution.
[2024-08-19T08:45:06.325+0500] {connection_wrapper.py:384} INFO - AWS Connection (conn_id='aws_default', conn_type='aws') credentials retrieved from login and password.
[2024-08-19T08:45:08.326+0500] {s3.py:1387} INFO - Downloading source S3 file from Bucket test-bucket-nicolas-1 with path dataset/X_test.pkl
[2024-08-19T08:45:08.781+0500] {s3.py:1387} INFO - Downloading source S3 file from Bucket test-bucket-nicolas-1 with path dataset/y_train.pkl
[2024-08-19T08:45:09.256+0500] {s3.py:1387} INFO - Downloading source S3 file from Bucket test-bucket-nicolas-1 with path dataset/y_test.pkl
[2024-08-19T08:45:09.695+0500] {train_models-checkpoint.py:112} INFO - Данные загружены
[2024-08-19T08:45:20.833+0500] {python.py:237} INFO - Done. Returned value was: {'model': 'rf', 'start_tiemstamp': '20240819 08:45', 'train_start': '20240819 08:45', 'train_end': '20240819 08:45', 'R^2_score': 0.8064664995206108, 'rmse': 0.5035951117898, 'mae': 0.20184500000000027}
[2024-08-19T08:45:20.833+0500] {taskinstance.py:441} INFO - ::group::Post task execution logs
[2024-08-19T08:45:20.871+0500] {taskinstance.py:1206} INFO - Marking task as SUCCESS. dag_id=rf_train, task_id=train_model, run_id=scheduled__2024-08-18T01:00:00+00:00, execution_date=20240818T010000, start_date=20240819T034506, end_date=20240819T034520
[2024-08-19T08:45:20.928+0500] {local_task_job_runner.py:243} INFO - Task exited with return code 0
[2024-08-19T08:45:20.947+0500] {taskinstance.py:3503} INFO - 1 downstream tasks scheduled from follow-on schedule check
[2024-08-19T08:45:20.950+0500] {local_task_job_runner.py:222} INFO - ::endgroup::
