[2024-07-20T20:16:11.766+0500] {local_task_job_runner.py:120} INFO - ::group::Pre task execution logs
[2024-07-20T20:16:11.782+0500] {taskinstance.py:2076} INFO - Dependencies all met for dep_context=non-requeueable deps ti=<TaskInstance: train.train_model manual__2024-07-20T15:15:53.590095+00:00 [queued]>
[2024-07-20T20:16:11.789+0500] {taskinstance.py:2076} INFO - Dependencies all met for dep_context=requeueable deps ti=<TaskInstance: train.train_model manual__2024-07-20T15:15:53.590095+00:00 [queued]>
[2024-07-20T20:16:11.790+0500] {taskinstance.py:2306} INFO - Starting attempt 1 of 1
[2024-07-20T20:16:11.801+0500] {taskinstance.py:2330} INFO - Executing <Task(PythonOperator): train_model> on 2024-07-20 15:15:53.590095+00:00
[2024-07-20T20:16:11.813+0500] {standard_task_runner.py:90} INFO - Running: ['airflow', 'tasks', 'run', 'train', 'train_model', 'manual__2024-07-20T15:15:53.590095+00:00', '--job-id', '200', '--raw', '--subdir', 'DAGS_FOLDER/train_dag.py', '--cfg-path', '/tmp/tmpnqaninbi']
[2024-07-20T20:16:11.814+0500] {logging_mixin.py:188} WARNING - /home/nicolaspc/anaconda3/envs/mlops_env/lib/python3.12/site-packages/airflow/task/task_runner/standard_task_runner.py:62 DeprecationWarning: This process (pid=18217) is multi-threaded, use of fork() may lead to deadlocks in the child.
[2024-07-20T20:16:11.815+0500] {standard_task_runner.py:91} INFO - Job 200: Subtask train_model
[2024-07-20T20:16:11.815+0500] {standard_task_runner.py:64} INFO - Started process 18243 to run task
[2024-07-20T20:16:11.909+0500] {task_command.py:426} INFO - Running <TaskInstance: train.train_model manual__2024-07-20T15:15:53.590095+00:00 [running]> on host nicolaspc-HP-Pavilion-Laptop-15-eh1xxx
[2024-07-20T20:16:12.019+0500] {taskinstance.py:2648} INFO - Exporting env vars: AIRFLOW_CTX_DAG_OWNER='Nicolas Pal' AIRFLOW_CTX_DAG_ID='train' AIRFLOW_CTX_TASK_ID='train_model' AIRFLOW_CTX_EXECUTION_DATE='2024-07-20T15:15:53.590095+00:00' AIRFLOW_CTX_TRY_NUMBER='1' AIRFLOW_CTX_DAG_RUN_ID='manual__2024-07-20T15:15:53.590095+00:00'
[2024-07-20T20:16:12.019+0500] {taskinstance.py:430} INFO - ::endgroup::
[2024-07-20T20:16:12.030+0500] {s3.py:1387} INFO - Downloading source S3 file from Bucket test-bucket-nicolas-1 with path dataset/X_train.pkl
[2024-07-20T20:16:12.043+0500] {base.py:84} INFO - Using connection ID 'aws_default' for task execution.
[2024-07-20T20:16:12.044+0500] {connection_wrapper.py:384} INFO - AWS Connection (conn_id='aws_default', conn_type='aws') credentials retrieved from login and password.
[2024-07-20T20:16:19.853+0500] {s3.py:1387} INFO - Downloading source S3 file from Bucket test-bucket-nicolas-1 with path dataset/X_test.pkl
[2024-07-20T20:16:20.408+0500] {s3.py:1387} INFO - Downloading source S3 file from Bucket test-bucket-nicolas-1 with path dataset/y_train.pkl
[2024-07-20T20:16:21.099+0500] {s3.py:1387} INFO - Downloading source S3 file from Bucket test-bucket-nicolas-1 with path dataset/y_test.pkl
[2024-07-20T20:16:21.514+0500] {train_dag.py:130} INFO - Данные загружены
[2024-07-20T20:16:21.515+0500] {train_dag.py:134} INFO - Модель подгружена
[2024-07-20T20:16:32.649+0500] {train_dag.py:140} INFO - Модель обучена
[2024-07-20T20:16:32.738+0500] {train_dag.py:143} INFO - Данные предсказаны
[2024-07-20T20:16:32.740+0500] {train_dag.py:152} INFO - Считаем метрики
[2024-07-20T20:16:33.708+0500] {train_dag.py:164} INFO - Model training finished.
[2024-07-20T20:16:33.725+0500] {python.py:237} INFO - Done. Returned value was: None
[2024-07-20T20:16:33.725+0500] {taskinstance.py:441} INFO - ::group::Post task execution logs
[2024-07-20T20:16:33.737+0500] {taskinstance.py:1206} INFO - Marking task as SUCCESS. dag_id=train, task_id=train_model, run_id=manual__2024-07-20T15:15:53.590095+00:00, execution_date=20240720T151553, start_date=20240720T151611, end_date=20240720T151633
[2024-07-20T20:16:33.781+0500] {local_task_job_runner.py:243} INFO - Task exited with return code 0
[2024-07-20T20:16:33.801+0500] {taskinstance.py:3503} INFO - 1 downstream tasks scheduled from follow-on schedule check
[2024-07-20T20:16:33.806+0500] {local_task_job_runner.py:222} INFO - ::endgroup::
