[2024-08-21T12:28:18.824+0500] {local_task_job_runner.py:123} INFO - ::group::Pre task execution logs
[2024-08-21T12:28:18.842+0500] {taskinstance.py:2603} INFO - Dependencies all met for dep_context=non-requeueable deps ti=<TaskInstance: 3_models_dag.get_data manual__2024-08-21T07:28:15.456744+00:00 [queued]>
[2024-08-21T12:28:18.849+0500] {taskinstance.py:2603} INFO - Dependencies all met for dep_context=requeueable deps ti=<TaskInstance: 3_models_dag.get_data manual__2024-08-21T07:28:15.456744+00:00 [queued]>
[2024-08-21T12:28:18.849+0500] {taskinstance.py:2856} INFO - Starting attempt 1 of 1
[2024-08-21T12:28:18.860+0500] {taskinstance.py:2879} INFO - Executing <Task(PythonOperator): get_data> on 2024-08-21 07:28:15.456744+00:00
[2024-08-21T12:28:18.872+0500] {logging_mixin.py:190} WARNING - /home/nicolaspc/anaconda3/envs/mlops_env/lib/python3.12/site-packages/***/task/task_runner/standard_task_runner.py:70 DeprecationWarning: This process (pid=28196) is multi-threaded, use of fork() may lead to deadlocks in the child.
[2024-08-21T12:28:18.873+0500] {standard_task_runner.py:72} INFO - Started process 28219 to run task
[2024-08-21T12:28:18.872+0500] {standard_task_runner.py:104} INFO - Running: ['***', 'tasks', 'run', '3_models_dag', 'get_data', 'manual__2024-08-21T07:28:15.456744+00:00', '--job-id', '86', '--raw', '--subdir', 'DAGS_FOLDER/train_models-2.py', '--cfg-path', '/tmp/tmpamkkapln']
[2024-08-21T12:28:18.874+0500] {standard_task_runner.py:105} INFO - Job 86: Subtask get_data
[2024-08-21T12:28:18.925+0500] {task_command.py:467} INFO - Running <TaskInstance: 3_models_dag.get_data manual__2024-08-21T07:28:15.456744+00:00 [running]> on host nicolaspc-HP-Pavilion-Laptop-15-eh1xxx
[2024-08-21T12:28:19.007+0500] {taskinstance.py:3122} INFO - Exporting env vars: AIRFLOW_CTX_DAG_OWNER='Nicolas Pal' AIRFLOW_CTX_DAG_ID='3_models_dag' AIRFLOW_CTX_TASK_ID='get_data' AIRFLOW_CTX_EXECUTION_DATE='2024-08-21T07:28:15.456744+00:00' AIRFLOW_CTX_TRY_NUMBER='1' AIRFLOW_CTX_DAG_RUN_ID='manual__2024-08-21T07:28:15.456744+00:00'
[2024-08-21T12:28:19.008+0500] {taskinstance.py:731} INFO - ::endgroup::
[2024-08-21T12:28:19.044+0500] {base.py:84} INFO - Retrieving connection 'pg_connection'
[2024-08-21T12:28:19.056+0500] {logging_mixin.py:190} WARNING - /home/nicolaspc/***/dags/train_models-2.py:69 UserWarning: pandas only supports SQLAlchemy connectable (engine/connection) or database string URI or sqlite3 DBAPI2 connection. Other DBAPI2 objects are not tested. Please consider using SQLAlchemy.
[2024-08-21T12:28:19.138+0500] {base.py:84} INFO - Retrieving connection 'aws_default'
[2024-08-21T12:28:19.139+0500] {connection_wrapper.py:384} INFO - AWS Connection (conn_id='aws_default', conn_type='aws') credentials retrieved from login and password.
[2024-08-21T12:28:22.936+0500] {train_models-2.py:80} INFO - Data download finished.
[2024-08-21T12:28:22.939+0500] {python.py:240} INFO - Done. Returned value was: {'start_tiemstamp': '20240821 12:28', 'data_download_start': '20240821 12:28', 'data_download_end': '20240821 12:28'}
[2024-08-21T12:28:22.965+0500] {taskinstance.py:340} INFO - ::group::Post task execution logs
[2024-08-21T12:28:22.966+0500] {taskinstance.py:352} INFO - Marking task as SUCCESS. dag_id=3_models_dag, task_id=get_data, run_id=manual__2024-08-21T07:28:15.456744+00:00, execution_date=20240821T072815, start_date=20240821T072818, end_date=20240821T072822
[2024-08-21T12:28:23.023+0500] {local_task_job_runner.py:261} INFO - Task exited with return code 0
[2024-08-21T12:28:23.051+0500] {taskinstance.py:3891} INFO - 1 downstream tasks scheduled from follow-on schedule check
[2024-08-21T12:28:23.053+0500] {local_task_job_runner.py:240} INFO - ::endgroup::
