[2024-10-02T19:21:33.515+0500] {local_task_job_runner.py:123} INFO - ::group::Pre task execution logs
[2024-10-02T19:21:33.535+0500] {taskinstance.py:2603} INFO - Dependencies all met for dep_context=non-requeueable deps ti=<TaskInstance: lr_train.train_model manual__2024-10-02T14:21:17.785381+00:00 [queued]>
[2024-10-02T19:21:33.542+0500] {taskinstance.py:2603} INFO - Dependencies all met for dep_context=requeueable deps ti=<TaskInstance: lr_train.train_model manual__2024-10-02T14:21:17.785381+00:00 [queued]>
[2024-10-02T19:21:33.543+0500] {taskinstance.py:2856} INFO - Starting attempt 1 of 1
[2024-10-02T19:21:33.555+0500] {taskinstance.py:2879} INFO - Executing <Task(PythonOperator): train_model> on 2024-10-02 14:21:17.785381+00:00
[2024-10-02T19:21:33.569+0500] {logging_mixin.py:190} WARNING - /home/nicolaspc/anaconda3/envs/mlops_env/lib/python3.12/site-packages/***/task/task_runner/standard_task_runner.py:70 DeprecationWarning: This process (pid=22156) is multi-threaded, use of fork() may lead to deadlocks in the child.
[2024-10-02T19:21:33.570+0500] {standard_task_runner.py:72} INFO - Started process 22181 to run task
[2024-10-02T19:21:33.570+0500] {standard_task_runner.py:104} INFO - Running: ['***', 'tasks', 'run', 'lr_train', 'train_model', 'manual__2024-10-02T14:21:17.785381+00:00', '--job-id', '509', '--raw', '--subdir', 'DAGS_FOLDER/.ipynb_checkpoints/train_models-checkpoint.py', '--cfg-path', '/tmp/tmpc_mbldj3']
[2024-10-02T19:21:33.571+0500] {standard_task_runner.py:105} INFO - Job 509: Subtask train_model
[2024-10-02T19:21:33.629+0500] {task_command.py:467} INFO - Running <TaskInstance: lr_train.train_model manual__2024-10-02T14:21:17.785381+00:00 [running]> on host nicolaspc-HP-Pavilion-Laptop-15-eh1xxx
[2024-10-02T19:21:33.728+0500] {taskinstance.py:3122} INFO - Exporting env vars: AIRFLOW_CTX_DAG_OWNER='Nicolas Pal' AIRFLOW_CTX_DAG_ID='lr_train' AIRFLOW_CTX_TASK_ID='train_model' AIRFLOW_CTX_EXECUTION_DATE='2024-10-02T14:21:17.785381+00:00' AIRFLOW_CTX_TRY_NUMBER='1' AIRFLOW_CTX_DAG_RUN_ID='manual__2024-10-02T14:21:17.785381+00:00'
[2024-10-02T19:21:33.729+0500] {taskinstance.py:731} INFO - ::endgroup::
[2024-10-02T19:21:33.753+0500] {s3.py:1387} INFO - Downloading source S3 file from Bucket test-bucket-nicolas-1 with path dataset/X_train.pkl
[2024-10-02T19:21:33.768+0500] {base.py:84} INFO - Retrieving connection 'aws_default'
[2024-10-02T19:21:33.768+0500] {connection_wrapper.py:384} INFO - AWS Connection (conn_id='aws_default', conn_type='aws') credentials retrieved from login and password.
[2024-10-02T19:21:42.184+0500] {s3.py:1387} INFO - Downloading source S3 file from Bucket test-bucket-nicolas-1 with path dataset/X_test.pkl
[2024-10-02T19:21:42.875+0500] {s3.py:1387} INFO - Downloading source S3 file from Bucket test-bucket-nicolas-1 with path dataset/y_train.pkl
[2024-10-02T19:21:43.638+0500] {s3.py:1387} INFO - Downloading source S3 file from Bucket test-bucket-nicolas-1 with path dataset/y_test.pkl
[2024-10-02T19:21:44.055+0500] {train_models-checkpoint.py:112} INFO - Данные загружены
[2024-10-02T19:21:44.076+0500] {python.py:240} INFO - Done. Returned value was: {'model': 'lr', 'start_timestamp': '20241002 19:21', 'data_download_start': '20241002 19:21', 'data_download_end': '20241002 19:21', 'data_shape': [20640, 9], 'train_start': '20241002 19:21', 'train_end': '20241002 19:21', 'R^2_score': 0.575787706032451, 'rmse': 0.7455813830127763, 'mae': 0.4102330008496219}
[2024-10-02T19:21:44.121+0500] {taskinstance.py:340} INFO - ::group::Post task execution logs
[2024-10-02T19:21:44.122+0500] {taskinstance.py:352} INFO - Marking task as SUCCESS. dag_id=lr_train, task_id=train_model, run_id=manual__2024-10-02T14:21:17.785381+00:00, execution_date=20241002T142117, start_date=20241002T142133, end_date=20241002T142144
[2024-10-02T19:21:44.188+0500] {local_task_job_runner.py:261} INFO - Task exited with return code 0
[2024-10-02T19:21:44.214+0500] {taskinstance.py:3891} INFO - 1 downstream tasks scheduled from follow-on schedule check
[2024-10-02T19:21:44.216+0500] {local_task_job_runner.py:240} INFO - ::endgroup::
