[2024-10-08T21:30:23.511+0500] {local_task_job_runner.py:123} INFO - ::group::Pre task execution logs
[2024-10-08T21:30:23.532+0500] {taskinstance.py:2603} INFO - Dependencies all met for dep_context=non-requeueable deps ti=<TaskInstance: rf_train.prepare_data manual__2024-10-08T16:30:15.410791+00:00 [queued]>
[2024-10-08T21:30:23.540+0500] {taskinstance.py:2603} INFO - Dependencies all met for dep_context=requeueable deps ti=<TaskInstance: rf_train.prepare_data manual__2024-10-08T16:30:15.410791+00:00 [queued]>
[2024-10-08T21:30:23.540+0500] {taskinstance.py:2856} INFO - Starting attempt 1 of 1
[2024-10-08T21:30:23.556+0500] {taskinstance.py:2879} INFO - Executing <Task(PythonOperator): prepare_data> on 2024-10-08 16:30:15.410791+00:00
[2024-10-08T21:30:23.571+0500] {logging_mixin.py:190} WARNING - /home/nicolaspc/anaconda3/envs/mlops_env/lib/python3.12/site-packages/***/task/task_runner/standard_task_runner.py:70 DeprecationWarning: This process (pid=44553) is multi-threaded, use of fork() may lead to deadlocks in the child.
[2024-10-08T21:30:23.572+0500] {standard_task_runner.py:72} INFO - Started process 44629 to run task
[2024-10-08T21:30:23.572+0500] {standard_task_runner.py:104} INFO - Running: ['***', 'tasks', 'run', 'rf_train', 'prepare_data', 'manual__2024-10-08T16:30:15.410791+00:00', '--job-id', '867', '--raw', '--subdir', 'DAGS_FOLDER/train_models.py', '--cfg-path', '/tmp/tmphkgc8nkx']
[2024-10-08T21:30:23.574+0500] {standard_task_runner.py:105} INFO - Job 867: Subtask prepare_data
[2024-10-08T21:30:23.634+0500] {task_command.py:467} INFO - Running <TaskInstance: rf_train.prepare_data manual__2024-10-08T16:30:15.410791+00:00 [running]> on host nicolaspc-HP-Pavilion-Laptop-15-eh1xxx
[2024-10-08T21:30:23.725+0500] {taskinstance.py:3122} INFO - Exporting env vars: AIRFLOW_CTX_DAG_OWNER='Nicolas Pal' AIRFLOW_CTX_DAG_ID='rf_train' AIRFLOW_CTX_TASK_ID='prepare_data' AIRFLOW_CTX_EXECUTION_DATE='2024-10-08T16:30:15.410791+00:00' AIRFLOW_CTX_TRY_NUMBER='1' AIRFLOW_CTX_DAG_RUN_ID='manual__2024-10-08T16:30:15.410791+00:00'
[2024-10-08T21:30:23.726+0500] {taskinstance.py:731} INFO - ::endgroup::
[2024-10-08T21:30:23.948+0500] {s3.py:1387} INFO - Downloading source S3 file from Bucket test-bucket-nicolas-1 with path NicolasPal/project1/rf/datasets/california_housing.pkl
[2024-10-08T21:30:23.962+0500] {base.py:84} INFO - Retrieving connection 's3_connection'
[2024-10-08T21:30:23.962+0500] {connection_wrapper.py:384} INFO - AWS Connection (conn_id='s3_connection', conn_type='aws') credentials retrieved from login and password.
[2024-10-08T21:30:28.699+0500] {train_models.py:130} INFO - Данные для обработки из S3 загружены
[2024-10-08T21:30:28.722+0500] {base.py:84} INFO - Retrieving connection 's3_connection'
[2024-10-08T21:30:28.722+0500] {connection_wrapper.py:384} INFO - AWS Connection (conn_id='s3_connection', conn_type='aws') credentials retrieved from login and password.
[2024-10-08T21:30:34.039+0500] {train_models.py:163} INFO - Данные подготовлены и сохранены на S3
[2024-10-08T21:30:34.041+0500] {python.py:240} INFO - Done. Returned value was: {'model': 'rf', 'start_timestamp': '20241008 21:30', 'experiment_id': '142', 'get_data_start': '20241008 21:30', 'get_data_end': '20241008 21:30', 'data_shape': [20640, 9], 'prepare_data_start': '20241008 21:30', 'prepare_data_end': '20241008 21:30', 'features_name': ['MedInc', 'HouseAge', 'AveRooms', 'AveBedrms', 'Population', 'AveOccup', 'Latitude', 'Longitude']}
[2024-10-08T21:30:34.081+0500] {taskinstance.py:340} INFO - ::group::Post task execution logs
[2024-10-08T21:30:34.082+0500] {taskinstance.py:352} INFO - Marking task as SUCCESS. dag_id=rf_train, task_id=prepare_data, run_id=manual__2024-10-08T16:30:15.410791+00:00, execution_date=20241008T163015, start_date=20241008T163023, end_date=20241008T163034
[2024-10-08T21:30:34.153+0500] {local_task_job_runner.py:261} INFO - Task exited with return code 0
[2024-10-08T21:30:34.178+0500] {taskinstance.py:3891} INFO - 1 downstream tasks scheduled from follow-on schedule check
[2024-10-08T21:30:34.181+0500] {local_task_job_runner.py:240} INFO - ::endgroup::
