[2024-10-08T19:42:55.995+0500] {local_task_job_runner.py:123} INFO - ::group::Pre task execution logs
[2024-10-08T19:42:56.015+0500] {taskinstance.py:2603} INFO - Dependencies all met for dep_context=non-requeueable deps ti=<TaskInstance: nicolas_pal_lr_train.train_model scheduled__2024-10-07T01:00:00+00:00 [queued]>
[2024-10-08T19:42:56.026+0500] {taskinstance.py:2603} INFO - Dependencies all met for dep_context=requeueable deps ti=<TaskInstance: nicolas_pal_lr_train.train_model scheduled__2024-10-07T01:00:00+00:00 [queued]>
[2024-10-08T19:42:56.026+0500] {taskinstance.py:2856} INFO - Starting attempt 1 of 1
[2024-10-08T19:42:56.038+0500] {taskinstance.py:2879} INFO - Executing <Task(PythonOperator): train_model> on 2024-10-07 01:00:00+00:00
[2024-10-08T19:42:56.052+0500] {logging_mixin.py:190} WARNING - /home/nicolaspc/anaconda3/envs/mlops_env/lib/python3.12/site-packages/***/task/task_runner/standard_task_runner.py:70 DeprecationWarning: This process (pid=276182) is multi-threaded, use of fork() may lead to deadlocks in the child.
[2024-10-08T19:42:56.052+0500] {standard_task_runner.py:72} INFO - Started process 276241 to run task
[2024-10-08T19:42:56.052+0500] {standard_task_runner.py:104} INFO - Running: ['***', 'tasks', 'run', 'nicolas_pal_lr_train', 'train_model', 'scheduled__2024-10-07T01:00:00+00:00', '--job-id', '780', '--raw', '--subdir', 'DAGS_FOLDER/train_models.py', '--cfg-path', '/tmp/tmprh48nvkh']
[2024-10-08T19:42:56.054+0500] {standard_task_runner.py:105} INFO - Job 780: Subtask train_model
[2024-10-08T19:42:56.116+0500] {task_command.py:467} INFO - Running <TaskInstance: nicolas_pal_lr_train.train_model scheduled__2024-10-07T01:00:00+00:00 [running]> on host nicolaspc-HP-Pavilion-Laptop-15-eh1xxx
[2024-10-08T19:42:56.203+0500] {taskinstance.py:3122} INFO - Exporting env vars: AIRFLOW_CTX_DAG_OWNER='Nicolas Pal' AIRFLOW_CTX_DAG_ID='nicolas_pal_lr_train' AIRFLOW_CTX_TASK_ID='train_model' AIRFLOW_CTX_EXECUTION_DATE='2024-10-07T01:00:00+00:00' AIRFLOW_CTX_TRY_NUMBER='1' AIRFLOW_CTX_DAG_RUN_ID='scheduled__2024-10-07T01:00:00+00:00'
[2024-10-08T19:42:56.203+0500] {taskinstance.py:731} INFO - ::endgroup::
[2024-10-08T19:42:56.230+0500] {s3.py:1387} INFO - Downloading source S3 file from Bucket test-bucket-nicolas-1 with path NicolasPal/project1/nicolas_pal_lr/datasets/X_train.pkl
[2024-10-08T19:42:56.416+0500] {base.py:84} INFO - Retrieving connection 's3_connection'
[2024-10-08T19:42:56.416+0500] {connection_wrapper.py:384} INFO - AWS Connection (conn_id='s3_connection', conn_type='aws') credentials retrieved from login and password.
[2024-10-08T19:43:02.691+0500] {s3.py:1387} INFO - Downloading source S3 file from Bucket test-bucket-nicolas-1 with path NicolasPal/project1/nicolas_pal_lr/datasets/X_test.pkl
[2024-10-08T19:43:03.302+0500] {s3.py:1387} INFO - Downloading source S3 file from Bucket test-bucket-nicolas-1 with path NicolasPal/project1/nicolas_pal_lr/datasets/X_val.pkl
[2024-10-08T19:43:03.954+0500] {s3.py:1387} INFO - Downloading source S3 file from Bucket test-bucket-nicolas-1 with path NicolasPal/project1/nicolas_pal_lr/datasets/y_train.pkl
[2024-10-08T19:43:04.682+0500] {s3.py:1387} INFO - Downloading source S3 file from Bucket test-bucket-nicolas-1 with path NicolasPal/project1/nicolas_pal_lr/datasets/y_test.pkl
[2024-10-08T19:43:05.134+0500] {s3.py:1387} INFO - Downloading source S3 file from Bucket test-bucket-nicolas-1 with path NicolasPal/project1/nicolas_pal_lr/datasets/y_val.pkl
[2024-10-08T19:43:05.563+0500] {train_models.py:189} INFO - Данные для обучения модели из S3 загружены
[2024-10-08T19:43:05.676+0500] {migration.py:216} INFO - Context impl PostgresqlImpl.
[2024-10-08T19:43:05.676+0500] {migration.py:219} INFO - Will assume transactional DDL.
[2024-10-08T19:43:08.472+0500] {credentials.py:1147} INFO - Found credentials in environment variables.
[2024-10-08T19:43:13.899+0500] {logging_mixin.py:190} WARNING - 2024/10/08 19:43:13 INFO mlflow.models.evaluation.default_evaluator: Computing model predictions.
[2024-10-08T19:43:13.918+0500] {logging_mixin.py:190} WARNING - /home/nicolaspc/anaconda3/envs/mlops_env/lib/python3.12/site-packages/sklearn/metrics/_regression.py:492 FutureWarning: 'squared' is deprecated in version 1.4 and will be removed in 1.6. To calculate the root mean squared error, use the function'root_mean_squared_error'.
[2024-10-08T19:43:13.920+0500] {logging_mixin.py:190} WARNING - 2024/10/08 19:43:13 INFO mlflow.models.evaluation.default_evaluator: Testing metrics on first row...
[2024-10-08T19:43:13.921+0500] {logging_mixin.py:190} WARNING - 2024/10/08 19:43:13 WARNING mlflow.models.evaluation.default_evaluator: SHAP or matplotlib package is not installed, so model explainability insights will not be logged.
[2024-10-08T19:43:13.945+0500] {train_models.py:246} INFO - Модели обучены, метрики сохранены
[2024-10-08T19:43:13.948+0500] {python.py:240} INFO - Done. Returned value was: {'model': 'nicolas_pal_lr', 'start_timestamp': '20241008 19:42', 'experiment_id': '137', 'get_data_start': '20241008 19:42', 'get_data_end': '20241008 19:42', 'data_shape': [20640, 9], 'prepare_data_start': '20241008 19:42', 'prepare_data_end': '20241008 19:42', 'features_name': ['MedInc', 'HouseAge', 'AveRooms', 'AveBedrms', 'Population', 'AveOccup', 'Latitude', 'Longitude'], 'train_model_start': '20241008 19:42', 'train_model_end': '20241008 19:43'}
[2024-10-08T19:43:13.978+0500] {taskinstance.py:340} INFO - ::group::Post task execution logs
[2024-10-08T19:43:13.978+0500] {taskinstance.py:352} INFO - Marking task as SUCCESS. dag_id=nicolas_pal_lr_train, task_id=train_model, run_id=scheduled__2024-10-07T01:00:00+00:00, execution_date=20241007T010000, start_date=20241008T144256, end_date=20241008T144313
[2024-10-08T19:43:14.043+0500] {local_task_job_runner.py:261} INFO - Task exited with return code 0
[2024-10-08T19:43:14.066+0500] {taskinstance.py:3891} INFO - 1 downstream tasks scheduled from follow-on schedule check
[2024-10-08T19:43:14.069+0500] {local_task_job_runner.py:240} INFO - ::endgroup::
