[2024-08-19T09:48:59.926+0500] {local_task_job_runner.py:120} INFO - ::group::Pre task execution logs
[2024-08-19T09:48:59.947+0500] {taskinstance.py:2076} INFO - Dependencies all met for dep_context=non-requeueable deps ti=<TaskInstance: 3_models_dag.save_results manual__2024-08-19T04:48:32.140249+00:00 [queued]>
[2024-08-19T09:48:59.957+0500] {taskinstance.py:2076} INFO - Dependencies all met for dep_context=requeueable deps ti=<TaskInstance: 3_models_dag.save_results manual__2024-08-19T04:48:32.140249+00:00 [queued]>
[2024-08-19T09:48:59.958+0500] {taskinstance.py:2306} INFO - Starting attempt 1 of 1
[2024-08-19T09:48:59.972+0500] {taskinstance.py:2330} INFO - Executing <Task(PythonOperator): save_results> on 2024-08-19 04:48:32.140249+00:00
[2024-08-19T09:48:59.997+0500] {logging_mixin.py:188} WARNING - /home/nicolaspc/anaconda3/envs/mlops_env/lib/python3.12/site-packages/airflow/task/task_runner/standard_task_runner.py:62 DeprecationWarning: This process (pid=60122) is multi-threaded, use of fork() may lead to deadlocks in the child.
[2024-08-19T09:48:59.998+0500] {standard_task_runner.py:64} INFO - Started process 60145 to run task
[2024-08-19T09:49:00.001+0500] {standard_task_runner.py:90} INFO - Running: ['airflow', 'tasks', 'run', '3_models_dag', 'save_results', 'manual__2024-08-19T04:48:32.140249+00:00', '--job-id', '288', '--raw', '--subdir', 'DAGS_FOLDER/.ipynb_checkpoints/train_models-2-checkpoint.py', '--cfg-path', '/tmp/tmpf55k_na4']
[2024-08-19T09:49:00.003+0500] {standard_task_runner.py:91} INFO - Job 288: Subtask save_results
[2024-08-19T09:49:00.078+0500] {task_command.py:426} INFO - Running <TaskInstance: 3_models_dag.save_results manual__2024-08-19T04:48:32.140249+00:00 [running]> on host nicolaspc-HP-Pavilion-Laptop-15-eh1xxx
[2024-08-19T09:49:00.201+0500] {taskinstance.py:2648} INFO - Exporting env vars: AIRFLOW_CTX_DAG_OWNER='Nicolas Pal' AIRFLOW_CTX_DAG_ID='3_models_dag' AIRFLOW_CTX_TASK_ID='save_results' AIRFLOW_CTX_EXECUTION_DATE='2024-08-19T04:48:32.140249+00:00' AIRFLOW_CTX_TRY_NUMBER='1' AIRFLOW_CTX_DAG_RUN_ID='manual__2024-08-19T04:48:32.140249+00:00'
[2024-08-19T09:49:00.202+0500] {taskinstance.py:430} INFO - ::endgroup::
[2024-08-19T09:49:00.219+0500] {taskinstance.py:441} INFO - ::group::Post task execution logs
[2024-08-19T09:49:00.220+0500] {taskinstance.py:2905} ERROR - Task failed with exception
Traceback (most recent call last):
  File "/home/nicolaspc/anaconda3/envs/mlops_env/lib/python3.12/site-packages/airflow/models/taskinstance.py", line 465, in _execute_task
    result = _execute_callable(context=context, **execute_callable_kwargs)
             ^^^^^^^^^^^^^^^^^^^^^^^^^^^^^^^^^^^^^^^^^^^^^^^^^^^^^^^^^^^^^
  File "/home/nicolaspc/anaconda3/envs/mlops_env/lib/python3.12/site-packages/airflow/models/taskinstance.py", line 432, in _execute_callable
    return execute_callable(context=context, **execute_callable_kwargs)
           ^^^^^^^^^^^^^^^^^^^^^^^^^^^^^^^^^^^^^^^^^^^^^^^^^^^^^^^^^^^^
  File "/home/nicolaspc/anaconda3/envs/mlops_env/lib/python3.12/site-packages/airflow/models/baseoperator.py", line 401, in wrapper
    return func(self, *args, **kwargs)
           ^^^^^^^^^^^^^^^^^^^^^^^^^^^
  File "/home/nicolaspc/anaconda3/envs/mlops_env/lib/python3.12/site-packages/airflow/operators/python.py", line 235, in execute
    return_value = self.execute_callable()
                   ^^^^^^^^^^^^^^^^^^^^^^^
  File "/home/nicolaspc/anaconda3/envs/mlops_env/lib/python3.12/site-packages/airflow/operators/python.py", line 252, in execute_callable
    return self.python_callable(*self.op_args, **self.op_kwargs)
           ^^^^^^^^^^^^^^^^^^^^^^^^^^^^^^^^^^^^^^^^^^^^^^^^^^^^^
  File "/home/nicolaspc/airflow/dags/.ipynb_checkpoints/train_models-2-checkpoint.py", line 145, in save_results
    metrics["end_tiemstamp"] = datetime.now().strftime("%Y%m%d %H:%M")
    ~~~~~~~^^^^^^^^^^^^^^^^^
TypeError: 'LazyXComAccess' object does not support item assignment
[2024-08-19T09:49:00.242+0500] {taskinstance.py:1206} INFO - Marking task as FAILED. dag_id=3_models_dag, task_id=save_results, run_id=manual__2024-08-19T04:48:32.140249+00:00, execution_date=20240819T044832, start_date=20240819T044859, end_date=20240819T044900
[2024-08-19T09:49:00.260+0500] {standard_task_runner.py:110} ERROR - Failed to execute job 288 for task save_results ('LazyXComAccess' object does not support item assignment; 60145)
[2024-08-19T09:49:00.293+0500] {local_task_job_runner.py:243} INFO - Task exited with return code 1
[2024-08-19T09:49:00.322+0500] {taskinstance.py:3503} INFO - 0 downstream tasks scheduled from follow-on schedule check
[2024-08-19T09:49:00.326+0500] {local_task_job_runner.py:222} INFO - ::endgroup::
