[2024-10-09T00:03:32.337+0500] {local_task_job_runner.py:123} INFO - ::group::Pre task execution logs
[2024-10-09T00:03:32.359+0500] {taskinstance.py:2603} INFO - Dependencies all met for dep_context=non-requeueable deps ti=<TaskInstance: 3_models_NicolasPal.init manual__2024-10-08T19:03:29.840585+00:00 [queued]>
[2024-10-09T00:03:32.367+0500] {taskinstance.py:2603} INFO - Dependencies all met for dep_context=requeueable deps ti=<TaskInstance: 3_models_NicolasPal.init manual__2024-10-08T19:03:29.840585+00:00 [queued]>
[2024-10-09T00:03:32.367+0500] {taskinstance.py:2856} INFO - Starting attempt 1 of 1
[2024-10-09T00:03:32.380+0500] {taskinstance.py:2879} INFO - Executing <Task(PythonOperator): init> on 2024-10-08 19:03:29.840585+00:00
[2024-10-09T00:03:32.394+0500] {logging_mixin.py:190} WARNING - /home/nicolaspc/anaconda3/envs/mlops_env/lib/python3.12/site-packages/***/task/task_runner/standard_task_runner.py:70 DeprecationWarning: This process (pid=77828) is multi-threaded, use of fork() may lead to deadlocks in the child.
[2024-10-09T00:03:32.395+0500] {standard_task_runner.py:72} INFO - Started process 77880 to run task
[2024-10-09T00:03:32.395+0500] {standard_task_runner.py:104} INFO - Running: ['***', 'tasks', 'run', '3_models_NicolasPal', 'init', 'manual__2024-10-08T19:03:29.840585+00:00', '--job-id', '967', '--raw', '--subdir', 'DAGS_FOLDER/project_2.py', '--cfg-path', '/tmp/tmprtzl_9t0']
[2024-10-09T00:03:32.397+0500] {standard_task_runner.py:105} INFO - Job 967: Subtask init
[2024-10-09T00:03:32.460+0500] {task_command.py:467} INFO - Running <TaskInstance: 3_models_NicolasPal.init manual__2024-10-08T19:03:29.840585+00:00 [running]> on host nicolaspc-HP-Pavilion-Laptop-15-eh1xxx
[2024-10-09T00:03:32.552+0500] {taskinstance.py:3122} INFO - Exporting env vars: AIRFLOW_CTX_DAG_OWNER='Nicolas Pal' AIRFLOW_CTX_DAG_ID='3_models_NicolasPal' AIRFLOW_CTX_TASK_ID='init' AIRFLOW_CTX_EXECUTION_DATE='2024-10-08T19:03:29.840585+00:00' AIRFLOW_CTX_TRY_NUMBER='1' AIRFLOW_CTX_DAG_RUN_ID='manual__2024-10-08T19:03:29.840585+00:00'
[2024-10-09T00:03:32.552+0500] {taskinstance.py:731} INFO - ::endgroup::
[2024-10-09T00:03:32.831+0500] {migration.py:216} INFO - Context impl PostgresqlImpl.
[2024-10-09T00:03:32.831+0500] {migration.py:219} INFO - Will assume transactional DDL.
[2024-10-09T00:03:33.110+0500] {python.py:240} INFO - Done. Returned value was: {'start_tiemstamp': '20241009 00:03', 'experiment_id': '170', 'parent_run_id': '6293aee12b044be7a20408c404a79218'}
[2024-10-09T00:03:33.141+0500] {taskinstance.py:340} INFO - ::group::Post task execution logs
[2024-10-09T00:03:33.142+0500] {taskinstance.py:352} INFO - Marking task as SUCCESS. dag_id=3_models_NicolasPal, task_id=init, run_id=manual__2024-10-08T19:03:29.840585+00:00, execution_date=20241008T190329, start_date=20241008T190332, end_date=20241008T190333
[2024-10-09T00:03:33.210+0500] {local_task_job_runner.py:261} INFO - Task exited with return code 0
[2024-10-09T00:03:33.242+0500] {taskinstance.py:3891} INFO - 1 downstream tasks scheduled from follow-on schedule check
[2024-10-09T00:03:33.245+0500] {local_task_job_runner.py:240} INFO - ::endgroup::
