[2024-10-10T05:49:02.256+0500] {local_task_job_runner.py:123} INFO - ::group::Pre task execution logs
[2024-10-10T05:49:02.285+0500] {taskinstance.py:2603} INFO - Dependencies all met for dep_context=non-requeueable deps ti=<TaskInstance: hgb_train.get_data manual__2024-10-10T00:48:57.653237+00:00 [queued]>
[2024-10-10T05:49:02.297+0500] {taskinstance.py:2603} INFO - Dependencies all met for dep_context=requeueable deps ti=<TaskInstance: hgb_train.get_data manual__2024-10-10T00:48:57.653237+00:00 [queued]>
[2024-10-10T05:49:02.297+0500] {taskinstance.py:2856} INFO - Starting attempt 1 of 1
[2024-10-10T05:49:02.316+0500] {taskinstance.py:2879} INFO - Executing <Task(PythonOperator): get_data> on 2024-10-10 00:48:57.653237+00:00
[2024-10-10T05:49:02.334+0500] {logging_mixin.py:190} WARNING - /home/nicolaspc/anaconda3/envs/mlops_env/lib/python3.12/site-packages/***/task/task_runner/standard_task_runner.py:70 DeprecationWarning: This process (pid=12315) is multi-threaded, use of fork() may lead to deadlocks in the child.
[2024-10-10T05:49:02.335+0500] {standard_task_runner.py:72} INFO - Started process 12390 to run task
[2024-10-10T05:49:02.334+0500] {standard_task_runner.py:104} INFO - Running: ['***', 'tasks', 'run', 'hgb_train', 'get_data', 'manual__2024-10-10T00:48:57.653237+00:00', '--job-id', '1039', '--raw', '--subdir', 'DAGS_FOLDER/train_models.py', '--cfg-path', '/tmp/tmp68lj3au_']
[2024-10-10T05:49:02.336+0500] {standard_task_runner.py:105} INFO - Job 1039: Subtask get_data
[2024-10-10T05:49:02.402+0500] {task_command.py:467} INFO - Running <TaskInstance: hgb_train.get_data manual__2024-10-10T00:48:57.653237+00:00 [running]> on host nicolaspc-HP-Pavilion-Laptop-15-eh1xxx
[2024-10-10T05:49:02.501+0500] {taskinstance.py:3122} INFO - Exporting env vars: AIRFLOW_CTX_DAG_OWNER='Nicolas Pal' AIRFLOW_CTX_DAG_ID='hgb_train' AIRFLOW_CTX_TASK_ID='get_data' AIRFLOW_CTX_EXECUTION_DATE='2024-10-10T00:48:57.653237+00:00' AIRFLOW_CTX_TRY_NUMBER='1' AIRFLOW_CTX_DAG_RUN_ID='manual__2024-10-10T00:48:57.653237+00:00'
[2024-10-10T05:49:02.503+0500] {taskinstance.py:731} INFO - ::endgroup::
[2024-10-10T05:49:02.556+0500] {base.py:84} INFO - Retrieving connection 's3_connection'
[2024-10-10T05:49:02.557+0500] {connection_wrapper.py:384} INFO - AWS Connection (conn_id='s3_connection', conn_type='aws') credentials retrieved from login and password.
[2024-10-10T05:49:06.371+0500] {train_models.py:77} INFO - Данные загружены из б/д и сохранены на S3
[2024-10-10T05:49:06.373+0500] {python.py:240} INFO - Done. Returned value was: {'model': 'hgb', 'start_timestamp': '20241010 05:48', 'get_data_start': '20241010 05:49', 'get_data_end': '20241010 05:49', 'data_shape': (20640, 9)}
[2024-10-10T05:49:06.401+0500] {taskinstance.py:340} INFO - ::group::Post task execution logs
[2024-10-10T05:49:06.401+0500] {taskinstance.py:352} INFO - Marking task as SUCCESS. dag_id=hgb_train, task_id=get_data, run_id=manual__2024-10-10T00:48:57.653237+00:00, execution_date=20241010T004857, start_date=20241010T004902, end_date=20241010T004906
[2024-10-10T05:49:06.426+0500] {local_task_job_runner.py:261} INFO - Task exited with return code 0
[2024-10-10T05:49:06.453+0500] {taskinstance.py:3891} INFO - 1 downstream tasks scheduled from follow-on schedule check
[2024-10-10T05:49:06.455+0500] {local_task_job_runner.py:240} INFO - ::endgroup::
