[2024-10-09T10:26:06.238+0500] {local_task_job_runner.py:123} INFO - ::group::Pre task execution logs
[2024-10-09T10:26:06.262+0500] {taskinstance.py:2603} INFO - Dependencies all met for dep_context=non-requeueable deps ti=<TaskInstance: lr_train.get_data scheduled__2024-10-08T01:00:00+00:00 [queued]>
[2024-10-09T10:26:06.274+0500] {taskinstance.py:2603} INFO - Dependencies all met for dep_context=requeueable deps ti=<TaskInstance: lr_train.get_data scheduled__2024-10-08T01:00:00+00:00 [queued]>
[2024-10-09T10:26:06.274+0500] {taskinstance.py:2856} INFO - Starting attempt 1 of 1
[2024-10-09T10:26:06.299+0500] {taskinstance.py:2879} INFO - Executing <Task(PythonOperator): get_data> on 2024-10-08 01:00:00+00:00
[2024-10-09T10:26:06.318+0500] {logging_mixin.py:190} WARNING - /home/nicolaspc/anaconda3/envs/mlops_env/lib/python3.12/site-packages/***/task/task_runner/standard_task_runner.py:70 DeprecationWarning: This process (pid=8363) is multi-threaded, use of fork() may lead to deadlocks in the child.
[2024-10-09T10:26:06.320+0500] {standard_task_runner.py:72} INFO - Started process 8491 to run task
[2024-10-09T10:26:06.323+0500] {standard_task_runner.py:104} INFO - Running: ['***', 'tasks', 'run', 'lr_train', 'get_data', 'scheduled__2024-10-08T01:00:00+00:00', '--job-id', '987', '--raw', '--subdir', 'DAGS_FOLDER/project_1.py', '--cfg-path', '/tmp/tmpw2ufzd28']
[2024-10-09T10:26:06.326+0500] {standard_task_runner.py:105} INFO - Job 987: Subtask get_data
[2024-10-09T10:26:06.419+0500] {task_command.py:467} INFO - Running <TaskInstance: lr_train.get_data scheduled__2024-10-08T01:00:00+00:00 [running]> on host nicolaspc-HP-Pavilion-Laptop-15-eh1xxx
[2024-10-09T10:26:06.565+0500] {taskinstance.py:3122} INFO - Exporting env vars: AIRFLOW_CTX_DAG_OWNER='Nicolas Pal' AIRFLOW_CTX_DAG_ID='lr_train' AIRFLOW_CTX_TASK_ID='get_data' AIRFLOW_CTX_EXECUTION_DATE='2024-10-08T01:00:00+00:00' AIRFLOW_CTX_TRY_NUMBER='1' AIRFLOW_CTX_DAG_RUN_ID='scheduled__2024-10-08T01:00:00+00:00'
[2024-10-09T10:26:06.566+0500] {taskinstance.py:731} INFO - ::endgroup::
[2024-10-09T10:26:06.797+0500] {base.py:84} INFO - Retrieving connection 'pg_connection'
[2024-10-09T10:26:06.836+0500] {base.py:84} INFO - Retrieving connection 's3_connection'
[2024-10-09T10:26:06.837+0500] {connection_wrapper.py:384} INFO - AWS Connection (conn_id='s3_connection', conn_type='aws') credentials retrieved from login and password.
[2024-10-09T10:26:10.705+0500] {project_1.py:108} INFO - Данные загружены из б/д и сохранены на S3
[2024-10-09T10:26:10.707+0500] {python.py:240} INFO - Done. Returned value was: {'model': 'lr', 'start_timestamp': '20241009 10:26', 'experiment_id': '141', 'get_data_start': '20241009 10:26', 'get_data_end': '20241009 10:26', 'data_shape': (20640, 9)}
[2024-10-09T10:26:10.745+0500] {taskinstance.py:340} INFO - ::group::Post task execution logs
[2024-10-09T10:26:10.746+0500] {taskinstance.py:352} INFO - Marking task as SUCCESS. dag_id=lr_train, task_id=get_data, run_id=scheduled__2024-10-08T01:00:00+00:00, execution_date=20241008T010000, start_date=20241009T052606, end_date=20241009T052610
[2024-10-09T10:26:10.786+0500] {local_task_job_runner.py:261} INFO - Task exited with return code 0
[2024-10-09T10:26:10.817+0500] {taskinstance.py:3891} INFO - 1 downstream tasks scheduled from follow-on schedule check
[2024-10-09T10:26:10.821+0500] {local_task_job_runner.py:240} INFO - ::endgroup::
