[2024-10-08T19:39:04.914+0500] {local_task_job_runner.py:123} INFO - ::group::Pre task execution logs
[2024-10-08T19:39:04.932+0500] {taskinstance.py:2603} INFO - Dependencies all met for dep_context=non-requeueable deps ti=<TaskInstance: nicolas_pal_rf_train.train_model manual__2024-10-08T14:38:44.913537+00:00 [queued]>
[2024-10-08T19:39:04.939+0500] {taskinstance.py:2603} INFO - Dependencies all met for dep_context=requeueable deps ti=<TaskInstance: nicolas_pal_rf_train.train_model manual__2024-10-08T14:38:44.913537+00:00 [queued]>
[2024-10-08T19:39:04.939+0500] {taskinstance.py:2856} INFO - Starting attempt 1 of 1
[2024-10-08T19:39:04.950+0500] {taskinstance.py:2879} INFO - Executing <Task(PythonOperator): train_model> on 2024-10-08 14:38:44.913537+00:00
[2024-10-08T19:39:04.963+0500] {logging_mixin.py:190} WARNING - /home/nicolaspc/anaconda3/envs/mlops_env/lib/python3.12/site-packages/***/task/task_runner/standard_task_runner.py:70 DeprecationWarning: This process (pid=272834) is multi-threaded, use of fork() may lead to deadlocks in the child.
[2024-10-08T19:39:04.964+0500] {standard_task_runner.py:72} INFO - Started process 272878 to run task
[2024-10-08T19:39:04.963+0500] {standard_task_runner.py:104} INFO - Running: ['***', 'tasks', 'run', 'nicolas_pal_rf_train', 'train_model', 'manual__2024-10-08T14:38:44.913537+00:00', '--job-id', '768', '--raw', '--subdir', 'DAGS_FOLDER/train_models.py', '--cfg-path', '/tmp/tmpwog9zwfv']
[2024-10-08T19:39:04.965+0500] {standard_task_runner.py:105} INFO - Job 768: Subtask train_model
[2024-10-08T19:39:05.023+0500] {task_command.py:467} INFO - Running <TaskInstance: nicolas_pal_rf_train.train_model manual__2024-10-08T14:38:44.913537+00:00 [running]> on host nicolaspc-HP-Pavilion-Laptop-15-eh1xxx
[2024-10-08T19:39:05.101+0500] {taskinstance.py:3122} INFO - Exporting env vars: AIRFLOW_CTX_DAG_OWNER='Nicolas Pal' AIRFLOW_CTX_DAG_ID='nicolas_pal_rf_train' AIRFLOW_CTX_TASK_ID='train_model' AIRFLOW_CTX_EXECUTION_DATE='2024-10-08T14:38:44.913537+00:00' AIRFLOW_CTX_TRY_NUMBER='1' AIRFLOW_CTX_DAG_RUN_ID='manual__2024-10-08T14:38:44.913537+00:00'
[2024-10-08T19:39:05.102+0500] {taskinstance.py:731} INFO - ::endgroup::
[2024-10-08T19:39:05.127+0500] {s3.py:1387} INFO - Downloading source S3 file from Bucket test-bucket-nicolas-1 with path NicolasPal/project1/nicolas_pal_rf/datasets/X_train.pkl
[2024-10-08T19:39:05.305+0500] {base.py:84} INFO - Retrieving connection 's3_connection'
[2024-10-08T19:39:05.305+0500] {connection_wrapper.py:384} INFO - AWS Connection (conn_id='s3_connection', conn_type='aws') credentials retrieved from login and password.
[2024-10-08T19:39:13.301+0500] {s3.py:1387} INFO - Downloading source S3 file from Bucket test-bucket-nicolas-1 with path NicolasPal/project1/nicolas_pal_rf/datasets/X_test.pkl
[2024-10-08T19:39:13.874+0500] {s3.py:1387} INFO - Downloading source S3 file from Bucket test-bucket-nicolas-1 with path NicolasPal/project1/nicolas_pal_rf/datasets/X_val.pkl
[2024-10-08T19:39:14.428+0500] {s3.py:1387} INFO - Downloading source S3 file from Bucket test-bucket-nicolas-1 with path NicolasPal/project1/nicolas_pal_rf/datasets/y_train.pkl
[2024-10-08T19:39:15.187+0500] {s3.py:1387} INFO - Downloading source S3 file from Bucket test-bucket-nicolas-1 with path NicolasPal/project1/nicolas_pal_rf/datasets/y_test.pkl
[2024-10-08T19:39:15.604+0500] {s3.py:1387} INFO - Downloading source S3 file from Bucket test-bucket-nicolas-1 with path NicolasPal/project1/nicolas_pal_rf/datasets/y_val.pkl
[2024-10-08T19:39:16.019+0500] {train_models.py:189} INFO - Данные для обучения модели из S3 загружены
[2024-10-08T19:39:16.153+0500] {migration.py:216} INFO - Context impl PostgresqlImpl.
[2024-10-08T19:39:16.153+0500] {migration.py:219} INFO - Will assume transactional DDL.
[2024-10-08T19:39:29.992+0500] {credentials.py:1147} INFO - Found credentials in environment variables.
[2024-10-08T19:41:38.309+0500] {connectionpool.py:330} WARNING - Connection pool is full, discarding connection: s3.eu-north-1.amazonaws.com. Connection pool size: 10
[2024-10-08T19:41:41.708+0500] {connectionpool.py:330} WARNING - Connection pool is full, discarding connection: s3.eu-north-1.amazonaws.com. Connection pool size: 10
[2024-10-08T19:41:42.103+0500] {connectionpool.py:330} WARNING - Connection pool is full, discarding connection: s3.eu-north-1.amazonaws.com. Connection pool size: 10
[2024-10-08T19:41:42.634+0500] {connectionpool.py:330} WARNING - Connection pool is full, discarding connection: s3.eu-north-1.amazonaws.com. Connection pool size: 10
[2024-10-08T19:41:43.159+0500] {logging_mixin.py:190} WARNING - 2024/10/08 19:41:43 INFO mlflow.models.evaluation.default_evaluator: Computing model predictions.
[2024-10-08T19:41:43.304+0500] {logging_mixin.py:190} WARNING - /home/nicolaspc/anaconda3/envs/mlops_env/lib/python3.12/site-packages/sklearn/metrics/_regression.py:492 FutureWarning: 'squared' is deprecated in version 1.4 and will be removed in 1.6. To calculate the root mean squared error, use the function'root_mean_squared_error'.
[2024-10-08T19:41:43.308+0500] {logging_mixin.py:190} WARNING - 2024/10/08 19:41:43 INFO mlflow.models.evaluation.default_evaluator: Testing metrics on first row...
[2024-10-08T19:41:43.310+0500] {logging_mixin.py:190} WARNING - 2024/10/08 19:41:43 WARNING mlflow.models.evaluation.default_evaluator: SHAP or matplotlib package is not installed, so model explainability insights will not be logged.
[2024-10-08T19:41:43.337+0500] {train_models.py:246} INFO - Модели обучены, метрики сохранены
[2024-10-08T19:41:43.339+0500] {python.py:240} INFO - Done. Returned value was: {'model': 'nicolas_pal_rf', 'start_timestamp': '20241008 19:38', 'experiment_id': '133', 'get_data_start': '20241008 19:38', 'get_data_end': '20241008 19:38', 'data_shape': [20640, 9], 'prepare_data_start': '20241008 19:38', 'prepare_data_end': '20241008 19:39', 'features_name': ['MedInc', 'HouseAge', 'AveRooms', 'AveBedrms', 'Population', 'AveOccup', 'Latitude', 'Longitude'], 'train_model_start': '20241008 19:39', 'train_model_end': '20241008 19:41'}
[2024-10-08T19:41:43.372+0500] {taskinstance.py:340} INFO - ::group::Post task execution logs
[2024-10-08T19:41:43.372+0500] {taskinstance.py:352} INFO - Marking task as SUCCESS. dag_id=nicolas_pal_rf_train, task_id=train_model, run_id=manual__2024-10-08T14:38:44.913537+00:00, execution_date=20241008T143844, start_date=20241008T143904, end_date=20241008T144143
[2024-10-08T19:41:43.472+0500] {local_task_job_runner.py:261} INFO - Task exited with return code 0
[2024-10-08T19:41:43.484+0500] {local_task_job_runner.py:240} INFO - ::endgroup::
