[2024-10-02T19:16:35.970+0500] {local_task_job_runner.py:123} INFO - ::group::Pre task execution logs
[2024-10-02T19:16:35.994+0500] {taskinstance.py:2603} INFO - Dependencies all met for dep_context=non-requeueable deps ti=<TaskInstance: rf_train.get_data manual__2024-10-02T14:16:31.817728+00:00 [queued]>
[2024-10-02T19:16:36.004+0500] {taskinstance.py:2603} INFO - Dependencies all met for dep_context=requeueable deps ti=<TaskInstance: rf_train.get_data manual__2024-10-02T14:16:31.817728+00:00 [queued]>
[2024-10-02T19:16:36.004+0500] {taskinstance.py:2856} INFO - Starting attempt 1 of 1
[2024-10-02T19:16:36.026+0500] {taskinstance.py:2879} INFO - Executing <Task(PythonOperator): get_data> on 2024-10-02 14:16:31.817728+00:00
[2024-10-02T19:16:36.055+0500] {logging_mixin.py:190} WARNING - /home/nicolaspc/anaconda3/envs/mlops_env/lib/python3.12/site-packages/***/task/task_runner/standard_task_runner.py:70 DeprecationWarning: This process (pid=16253) is multi-threaded, use of fork() may lead to deadlocks in the child.
[2024-10-02T19:16:36.056+0500] {standard_task_runner.py:72} INFO - Started process 16336 to run task
[2024-10-02T19:16:36.057+0500] {standard_task_runner.py:104} INFO - Running: ['***', 'tasks', 'run', 'rf_train', 'get_data', 'manual__2024-10-02T14:16:31.817728+00:00', '--job-id', '478', '--raw', '--subdir', 'DAGS_FOLDER/train_models.py', '--cfg-path', '/tmp/tmp17bh9viw']
[2024-10-02T19:16:36.060+0500] {standard_task_runner.py:105} INFO - Job 478: Subtask get_data
[2024-10-02T19:16:36.137+0500] {task_command.py:467} INFO - Running <TaskInstance: rf_train.get_data manual__2024-10-02T14:16:31.817728+00:00 [running]> on host nicolaspc-HP-Pavilion-Laptop-15-eh1xxx
[2024-10-02T19:16:36.232+0500] {taskinstance.py:3122} INFO - Exporting env vars: AIRFLOW_CTX_DAG_OWNER='Nicolas Pal' AIRFLOW_CTX_DAG_ID='rf_train' AIRFLOW_CTX_TASK_ID='get_data' AIRFLOW_CTX_EXECUTION_DATE='2024-10-02T14:16:31.817728+00:00' AIRFLOW_CTX_TRY_NUMBER='1' AIRFLOW_CTX_DAG_RUN_ID='manual__2024-10-02T14:16:31.817728+00:00'
[2024-10-02T19:16:36.233+0500] {taskinstance.py:731} INFO - ::endgroup::
[2024-10-02T19:16:36.272+0500] {base.py:84} INFO - Retrieving connection 'pg_connection'
[2024-10-02T19:16:36.285+0500] {logging_mixin.py:190} WARNING - /home/nicolaspc/***/dags/train_models.py:66 UserWarning: pandas only supports SQLAlchemy connectable (engine/connection) or database string URI or sqlite3 DBAPI2 connection. Other DBAPI2 objects are not tested. Please consider using SQLAlchemy.
[2024-10-02T19:16:36.407+0500] {base.py:84} INFO - Retrieving connection 'aws_default'
[2024-10-02T19:16:36.408+0500] {connection_wrapper.py:384} INFO - AWS Connection (conn_id='aws_default', conn_type='aws') credentials retrieved from login and password.
[2024-10-02T19:16:44.794+0500] {train_models.py:77} INFO - Данные загружены из б/д и сохранены на S3
[2024-10-02T19:16:44.797+0500] {python.py:240} INFO - Done. Returned value was: {'model': 'rf', 'start_timestamp': '20241002 19:16', 'data_download_start': '20241002 19:16', 'data_download_end': '20241002 19:16', 'data_shape': (20640, 9)}
[2024-10-02T19:16:44.825+0500] {taskinstance.py:340} INFO - ::group::Post task execution logs
[2024-10-02T19:16:44.826+0500] {taskinstance.py:352} INFO - Marking task as SUCCESS. dag_id=rf_train, task_id=get_data, run_id=manual__2024-10-02T14:16:31.817728+00:00, execution_date=20241002T141631, start_date=20241002T141635, end_date=20241002T141644
[2024-10-02T19:16:44.876+0500] {local_task_job_runner.py:261} INFO - Task exited with return code 0
[2024-10-02T19:16:44.903+0500] {taskinstance.py:3891} INFO - 1 downstream tasks scheduled from follow-on schedule check
[2024-10-02T19:16:44.906+0500] {local_task_job_runner.py:240} INFO - ::endgroup::
