[2024-10-02T18:57:28.357+0500] {local_task_job_runner.py:123} INFO - ::group::Pre task execution logs
[2024-10-02T18:57:28.377+0500] {taskinstance.py:2603} INFO - Dependencies all met for dep_context=non-requeueable deps ti=<TaskInstance: lr_train.get_data scheduled__2024-10-01T01:00:00+00:00 [queued]>
[2024-10-02T18:57:28.386+0500] {taskinstance.py:2603} INFO - Dependencies all met for dep_context=requeueable deps ti=<TaskInstance: lr_train.get_data scheduled__2024-10-01T01:00:00+00:00 [queued]>
[2024-10-02T18:57:28.387+0500] {taskinstance.py:2856} INFO - Starting attempt 1 of 1
[2024-10-02T18:57:28.398+0500] {taskinstance.py:2879} INFO - Executing <Task(PythonOperator): get_data> on 2024-10-01 01:00:00+00:00
[2024-10-02T18:57:28.412+0500] {logging_mixin.py:190} WARNING - /home/nicolaspc/anaconda3/envs/mlops_env/lib/python3.12/site-packages/***/task/task_runner/standard_task_runner.py:70 DeprecationWarning: This process (pid=274783) is multi-threaded, use of fork() may lead to deadlocks in the child.
[2024-10-02T18:57:28.413+0500] {standard_task_runner.py:72} INFO - Started process 274838 to run task
[2024-10-02T18:57:28.412+0500] {standard_task_runner.py:104} INFO - Running: ['***', 'tasks', 'run', 'lr_train', 'get_data', 'scheduled__2024-10-01T01:00:00+00:00', '--job-id', '457', '--raw', '--subdir', 'DAGS_FOLDER/.ipynb_checkpoints/train_models-checkpoint.py', '--cfg-path', '/tmp/tmptdbkf944']
[2024-10-02T18:57:28.414+0500] {standard_task_runner.py:105} INFO - Job 457: Subtask get_data
[2024-10-02T18:57:28.472+0500] {task_command.py:467} INFO - Running <TaskInstance: lr_train.get_data scheduled__2024-10-01T01:00:00+00:00 [running]> on host nicolaspc-HP-Pavilion-Laptop-15-eh1xxx
[2024-10-02T18:57:28.559+0500] {taskinstance.py:3122} INFO - Exporting env vars: AIRFLOW_CTX_DAG_OWNER='Nicolas Pal' AIRFLOW_CTX_DAG_ID='lr_train' AIRFLOW_CTX_TASK_ID='get_data' AIRFLOW_CTX_EXECUTION_DATE='2024-10-01T01:00:00+00:00' AIRFLOW_CTX_TRY_NUMBER='1' AIRFLOW_CTX_DAG_RUN_ID='scheduled__2024-10-01T01:00:00+00:00'
[2024-10-02T18:57:28.560+0500] {taskinstance.py:731} INFO - ::endgroup::
[2024-10-02T18:57:28.571+0500] {python.py:240} INFO - Done. Returned value was: {'model': 'lr', 'start_tiemstamp': '20241002 18:57'}
[2024-10-02T18:57:28.603+0500] {taskinstance.py:340} INFO - ::group::Post task execution logs
[2024-10-02T18:57:28.604+0500] {taskinstance.py:352} INFO - Marking task as SUCCESS. dag_id=lr_train, task_id=get_data, run_id=scheduled__2024-10-01T01:00:00+00:00, execution_date=20241001T010000, start_date=20241002T135728, end_date=20241002T135728
[2024-10-02T18:57:28.627+0500] {local_task_job_runner.py:261} INFO - Task exited with return code 0
[2024-10-02T18:57:28.658+0500] {taskinstance.py:3891} INFO - 1 downstream tasks scheduled from follow-on schedule check
[2024-10-02T18:57:28.661+0500] {local_task_job_runner.py:240} INFO - ::endgroup::
[2024-10-02T19:19:08.388+0500] {local_task_job_runner.py:123} INFO - ::group::Pre task execution logs
[2024-10-02T19:19:08.409+0500] {taskinstance.py:2603} INFO - Dependencies all met for dep_context=non-requeueable deps ti=<TaskInstance: lr_train.get_data scheduled__2024-10-01T01:00:00+00:00 [queued]>
[2024-10-02T19:19:08.419+0500] {taskinstance.py:2603} INFO - Dependencies all met for dep_context=requeueable deps ti=<TaskInstance: lr_train.get_data scheduled__2024-10-01T01:00:00+00:00 [queued]>
[2024-10-02T19:19:08.419+0500] {taskinstance.py:2856} INFO - Starting attempt 1 of 1
[2024-10-02T19:19:08.432+0500] {taskinstance.py:2879} INFO - Executing <Task(PythonOperator): get_data> on 2024-10-01 01:00:00+00:00
[2024-10-02T19:19:08.448+0500] {logging_mixin.py:190} WARNING - /home/nicolaspc/anaconda3/envs/mlops_env/lib/python3.12/site-packages/***/task/task_runner/standard_task_runner.py:70 DeprecationWarning: This process (pid=18959) is multi-threaded, use of fork() may lead to deadlocks in the child.
[2024-10-02T19:19:08.449+0500] {standard_task_runner.py:72} INFO - Started process 19084 to run task
[2024-10-02T19:19:08.448+0500] {standard_task_runner.py:104} INFO - Running: ['***', 'tasks', 'run', 'lr_train', 'get_data', 'scheduled__2024-10-01T01:00:00+00:00', '--job-id', '489', '--raw', '--subdir', 'DAGS_FOLDER/.ipynb_checkpoints/train_models-checkpoint.py', '--cfg-path', '/tmp/tmpayj43xlm']
[2024-10-02T19:19:08.450+0500] {standard_task_runner.py:105} INFO - Job 489: Subtask get_data
[2024-10-02T19:19:08.521+0500] {task_command.py:467} INFO - Running <TaskInstance: lr_train.get_data scheduled__2024-10-01T01:00:00+00:00 [running]> on host nicolaspc-HP-Pavilion-Laptop-15-eh1xxx
[2024-10-02T19:19:08.619+0500] {taskinstance.py:3122} INFO - Exporting env vars: AIRFLOW_CTX_DAG_OWNER='Nicolas Pal' AIRFLOW_CTX_DAG_ID='lr_train' AIRFLOW_CTX_TASK_ID='get_data' AIRFLOW_CTX_EXECUTION_DATE='2024-10-01T01:00:00+00:00' AIRFLOW_CTX_TRY_NUMBER='1' AIRFLOW_CTX_DAG_RUN_ID='scheduled__2024-10-01T01:00:00+00:00'
[2024-10-02T19:19:08.620+0500] {taskinstance.py:731} INFO - ::endgroup::
[2024-10-02T19:19:08.630+0500] {python.py:240} INFO - Done. Returned value was: {'model': 'lr', 'start_tiemstamp': '20241002 19:19'}
[2024-10-02T19:19:08.661+0500] {taskinstance.py:340} INFO - ::group::Post task execution logs
[2024-10-02T19:19:08.661+0500] {taskinstance.py:352} INFO - Marking task as SUCCESS. dag_id=lr_train, task_id=get_data, run_id=scheduled__2024-10-01T01:00:00+00:00, execution_date=20241001T010000, start_date=20241002T141908, end_date=20241002T141908
[2024-10-02T19:19:08.704+0500] {local_task_job_runner.py:261} INFO - Task exited with return code 0
[2024-10-02T19:19:08.734+0500] {taskinstance.py:3891} INFO - 1 downstream tasks scheduled from follow-on schedule check
[2024-10-02T19:19:08.737+0500] {local_task_job_runner.py:240} INFO - ::endgroup::
