[2024-10-02T19:19:51.493+0500] {local_task_job_runner.py:123} INFO - ::group::Pre task execution logs
[2024-10-02T19:19:51.515+0500] {taskinstance.py:2603} INFO - Dependencies all met for dep_context=non-requeueable deps ti=<TaskInstance: hgb_train.get_data manual__2024-10-02T14:19:46.925318+00:00 [queued]>
[2024-10-02T19:19:51.524+0500] {taskinstance.py:2603} INFO - Dependencies all met for dep_context=requeueable deps ti=<TaskInstance: hgb_train.get_data manual__2024-10-02T14:19:46.925318+00:00 [queued]>
[2024-10-02T19:19:51.525+0500] {taskinstance.py:2856} INFO - Starting attempt 1 of 1
[2024-10-02T19:19:51.537+0500] {taskinstance.py:2879} INFO - Executing <Task(PythonOperator): get_data> on 2024-10-02 14:19:46.925318+00:00
[2024-10-02T19:19:51.555+0500] {logging_mixin.py:190} WARNING - /home/nicolaspc/anaconda3/envs/mlops_env/lib/python3.12/site-packages/***/task/task_runner/standard_task_runner.py:70 DeprecationWarning: This process (pid=20164) is multi-threaded, use of fork() may lead to deadlocks in the child.
[2024-10-02T19:19:51.556+0500] {standard_task_runner.py:72} INFO - Started process 20237 to run task
[2024-10-02T19:19:51.555+0500] {standard_task_runner.py:104} INFO - Running: ['***', 'tasks', 'run', 'hgb_train', 'get_data', 'manual__2024-10-02T14:19:46.925318+00:00', '--job-id', '499', '--raw', '--subdir', 'DAGS_FOLDER/train_models.py', '--cfg-path', '/tmp/tmp5ackwcth']
[2024-10-02T19:19:51.558+0500] {standard_task_runner.py:105} INFO - Job 499: Subtask get_data
[2024-10-02T19:19:51.625+0500] {task_command.py:467} INFO - Running <TaskInstance: hgb_train.get_data manual__2024-10-02T14:19:46.925318+00:00 [running]> on host nicolaspc-HP-Pavilion-Laptop-15-eh1xxx
[2024-10-02T19:19:51.724+0500] {taskinstance.py:3122} INFO - Exporting env vars: AIRFLOW_CTX_DAG_OWNER='Nicolas Pal' AIRFLOW_CTX_DAG_ID='hgb_train' AIRFLOW_CTX_TASK_ID='get_data' AIRFLOW_CTX_EXECUTION_DATE='2024-10-02T14:19:46.925318+00:00' AIRFLOW_CTX_TRY_NUMBER='1' AIRFLOW_CTX_DAG_RUN_ID='manual__2024-10-02T14:19:46.925318+00:00'
[2024-10-02T19:19:51.725+0500] {taskinstance.py:731} INFO - ::endgroup::
[2024-10-02T19:19:51.767+0500] {base.py:84} INFO - Retrieving connection 'pg_connection'
[2024-10-02T19:19:51.782+0500] {logging_mixin.py:190} WARNING - /home/nicolaspc/***/dags/train_models.py:66 UserWarning: pandas only supports SQLAlchemy connectable (engine/connection) or database string URI or sqlite3 DBAPI2 connection. Other DBAPI2 objects are not tested. Please consider using SQLAlchemy.
[2024-10-02T19:19:51.907+0500] {base.py:84} INFO - Retrieving connection 'aws_default'
[2024-10-02T19:19:51.908+0500] {connection_wrapper.py:384} INFO - AWS Connection (conn_id='aws_default', conn_type='aws') credentials retrieved from login and password.
[2024-10-02T19:19:55.881+0500] {train_models.py:77} INFO - Данные загружены из б/д и сохранены на S3
[2024-10-02T19:19:55.883+0500] {python.py:240} INFO - Done. Returned value was: {'model': 'hgb', 'start_timestamp': '20241002 19:19', 'data_download_start': '20241002 19:19', 'data_download_end': '20241002 19:19', 'data_shape': (20640, 9)}
[2024-10-02T19:19:55.921+0500] {taskinstance.py:340} INFO - ::group::Post task execution logs
[2024-10-02T19:19:55.921+0500] {taskinstance.py:352} INFO - Marking task as SUCCESS. dag_id=hgb_train, task_id=get_data, run_id=manual__2024-10-02T14:19:46.925318+00:00, execution_date=20241002T141946, start_date=20241002T141951, end_date=20241002T141955
[2024-10-02T19:19:55.990+0500] {local_task_job_runner.py:261} INFO - Task exited with return code 0
[2024-10-02T19:19:56.016+0500] {taskinstance.py:3891} INFO - 1 downstream tasks scheduled from follow-on schedule check
[2024-10-02T19:19:56.018+0500] {local_task_job_runner.py:240} INFO - ::endgroup::
