[2024-10-09T10:26:22.011+0500] {local_task_job_runner.py:123} INFO - ::group::Pre task execution logs
[2024-10-09T10:26:22.033+0500] {taskinstance.py:2603} INFO - Dependencies all met for dep_context=non-requeueable deps ti=<TaskInstance: 3_models_NicolasPal.train_lr scheduled__2024-10-08T01:00:00+00:00 [queued]>
[2024-10-09T10:26:22.041+0500] {taskinstance.py:2603} INFO - Dependencies all met for dep_context=requeueable deps ti=<TaskInstance: 3_models_NicolasPal.train_lr scheduled__2024-10-08T01:00:00+00:00 [queued]>
[2024-10-09T10:26:22.041+0500] {taskinstance.py:2856} INFO - Starting attempt 1 of 1
[2024-10-09T10:26:22.053+0500] {taskinstance.py:2879} INFO - Executing <Task(PythonOperator): train_lr> on 2024-10-08 01:00:00+00:00
[2024-10-09T10:26:22.066+0500] {logging_mixin.py:190} WARNING - /home/nicolaspc/anaconda3/envs/mlops_env/lib/python3.12/site-packages/***/task/task_runner/standard_task_runner.py:70 DeprecationWarning: This process (pid=8754) is multi-threaded, use of fork() may lead to deadlocks in the child.
[2024-10-09T10:26:22.067+0500] {standard_task_runner.py:72} INFO - Started process 8857 to run task
[2024-10-09T10:26:22.067+0500] {standard_task_runner.py:104} INFO - Running: ['***', 'tasks', 'run', '3_models_NicolasPal', 'train_lr', 'scheduled__2024-10-08T01:00:00+00:00', '--job-id', '995', '--raw', '--subdir', 'DAGS_FOLDER/project_2.py', '--cfg-path', '/tmp/tmpihk4y035']
[2024-10-09T10:26:22.069+0500] {standard_task_runner.py:105} INFO - Job 995: Subtask train_lr
[2024-10-09T10:26:22.131+0500] {task_command.py:467} INFO - Running <TaskInstance: 3_models_NicolasPal.train_lr scheduled__2024-10-08T01:00:00+00:00 [running]> on host nicolaspc-HP-Pavilion-Laptop-15-eh1xxx
[2024-10-09T10:26:22.219+0500] {taskinstance.py:3122} INFO - Exporting env vars: AIRFLOW_CTX_DAG_OWNER='Nicolas Pal' AIRFLOW_CTX_DAG_ID='3_models_NicolasPal' AIRFLOW_CTX_TASK_ID='train_lr' AIRFLOW_CTX_EXECUTION_DATE='2024-10-08T01:00:00+00:00' AIRFLOW_CTX_TRY_NUMBER='1' AIRFLOW_CTX_DAG_RUN_ID='scheduled__2024-10-08T01:00:00+00:00'
[2024-10-09T10:26:22.220+0500] {taskinstance.py:731} INFO - ::endgroup::
[2024-10-09T10:26:22.245+0500] {s3.py:1387} INFO - Downloading source S3 file from Bucket test-bucket-nicolas-1 with path NicolasPal/project1/lr/datasets/X_train.pkl
[2024-10-09T10:26:22.491+0500] {base.py:84} INFO - Retrieving connection 's3_connection'
[2024-10-09T10:26:22.492+0500] {connection_wrapper.py:384} INFO - AWS Connection (conn_id='s3_connection', conn_type='aws') credentials retrieved from login and password.
[2024-10-09T10:26:24.226+0500] {s3.py:1387} INFO - Downloading source S3 file from Bucket test-bucket-nicolas-1 with path NicolasPal/project1/lr/datasets/X_test.pkl
[2024-10-09T10:26:24.672+0500] {s3.py:1387} INFO - Downloading source S3 file from Bucket test-bucket-nicolas-1 with path NicolasPal/project1/lr/datasets/X_val.pkl
[2024-10-09T10:26:25.104+0500] {s3.py:1387} INFO - Downloading source S3 file from Bucket test-bucket-nicolas-1 with path NicolasPal/project1/lr/datasets/y_train.pkl
[2024-10-09T10:26:25.851+0500] {s3.py:1387} INFO - Downloading source S3 file from Bucket test-bucket-nicolas-1 with path NicolasPal/project1/lr/datasets/y_test.pkl
[2024-10-09T10:26:26.273+0500] {s3.py:1387} INFO - Downloading source S3 file from Bucket test-bucket-nicolas-1 with path NicolasPal/project1/lr/datasets/y_val.pkl
[2024-10-09T10:26:26.693+0500] {project_2.py:183} INFO - Данные для обучения модели из S3 загружены
[2024-10-09T10:26:26.831+0500] {migration.py:216} INFO - Context impl PostgresqlImpl.
[2024-10-09T10:26:26.831+0500] {migration.py:219} INFO - Will assume transactional DDL.
[2024-10-09T10:26:34.926+0500] {credentials.py:1147} INFO - Found credentials in environment variables.
[2024-10-09T10:26:38.188+0500] {logging_mixin.py:190} WARNING - Registered model 'sk-learn-lr-reg-model' already exists. Creating a new version of this model...
[2024-10-09T10:26:38.234+0500] {logging_mixin.py:190} WARNING - Created version '8' of model 'sk-learn-lr-reg-model'.
[2024-10-09T10:26:40.901+0500] {logging_mixin.py:190} WARNING - 2024/10/09 10:26:40 INFO mlflow.models.evaluation.default_evaluator: Computing model predictions.
[2024-10-09T10:26:40.935+0500] {logging_mixin.py:190} WARNING - /home/nicolaspc/anaconda3/envs/mlops_env/lib/python3.12/site-packages/sklearn/metrics/_regression.py:492 FutureWarning: 'squared' is deprecated in version 1.4 and will be removed in 1.6. To calculate the root mean squared error, use the function'root_mean_squared_error'.
[2024-10-09T10:26:40.939+0500] {logging_mixin.py:190} WARNING - 2024/10/09 10:26:40 INFO mlflow.models.evaluation.default_evaluator: Testing metrics on first row...
[2024-10-09T10:26:40.945+0500] {logging_mixin.py:190} WARNING - 2024/10/09 10:26:40 WARNING mlflow.models.evaluation.default_evaluator: SHAP or matplotlib package is not installed, so model explainability insights will not be logged.
[2024-10-09T10:26:40.996+0500] {project_2.py:225} INFO - Модели обучены, метрики сохранены
[2024-10-09T10:26:41.001+0500] {python.py:240} INFO - Done. Returned value was: {'start_tiemstamp': '20241009 10:26', 'experiment_id': '170', 'parent_run_id': 'b77e74a1ea6642b58b318cbf55fe91ad', 'get_data_start': '20241009 10:26', 'get_data_end': '20241009 10:26', 'data_shape': [20640, 9], 'prepare_data_start': '20241009 10:26', 'prepare_data_end': '20241009 10:26', 'features_name': ['MedInc', 'HouseAge', 'AveRooms', 'AveBedrms', 'Population', 'AveOccup', 'Latitude', 'Longitude'], 'train_model_end': '20241009 10:26'}
[2024-10-09T10:26:41.058+0500] {taskinstance.py:340} INFO - ::group::Post task execution logs
[2024-10-09T10:26:41.059+0500] {taskinstance.py:352} INFO - Marking task as SUCCESS. dag_id=3_models_NicolasPal, task_id=train_lr, run_id=scheduled__2024-10-08T01:00:00+00:00, execution_date=20241008T010000, start_date=20241009T052622, end_date=20241009T052641
[2024-10-09T10:26:41.146+0500] {local_task_job_runner.py:261} INFO - Task exited with return code 0
[2024-10-09T10:26:41.187+0500] {taskinstance.py:3891} INFO - 0 downstream tasks scheduled from follow-on schedule check
[2024-10-09T10:26:41.192+0500] {local_task_job_runner.py:240} INFO - ::endgroup::
