[2024-07-07T23:56:47.212+0500] {local_task_job_runner.py:120} INFO - ::group::Pre task execution logs
[2024-07-07T23:56:47.229+0500] {taskinstance.py:2076} INFO - Dependencies all met for dep_context=non-requeueable deps ti=<TaskInstance: train.train_model manual__2024-07-07T18:56:30.303288+00:00 [queued]>
[2024-07-07T23:56:47.235+0500] {taskinstance.py:2076} INFO - Dependencies all met for dep_context=requeueable deps ti=<TaskInstance: train.train_model manual__2024-07-07T18:56:30.303288+00:00 [queued]>
[2024-07-07T23:56:47.236+0500] {taskinstance.py:2306} INFO - Starting attempt 1 of 1
[2024-07-07T23:56:47.246+0500] {taskinstance.py:2330} INFO - Executing <Task(PythonOperator): train_model> on 2024-07-07 18:56:30.303288+00:00
[2024-07-07T23:56:47.256+0500] {standard_task_runner.py:90} INFO - Running: ['airflow', 'tasks', 'run', 'train', 'train_model', 'manual__2024-07-07T18:56:30.303288+00:00', '--job-id', '151', '--raw', '--subdir', 'DAGS_FOLDER/train_dag.py', '--cfg-path', '/tmp/tmpc24nfdbf']
[2024-07-07T23:56:47.258+0500] {standard_task_runner.py:91} INFO - Job 151: Subtask train_model
[2024-07-07T23:56:47.258+0500] {logging_mixin.py:188} WARNING - /home/nicolaspc/anaconda3/envs/mlops_env/lib/python3.12/site-packages/airflow/task/task_runner/standard_task_runner.py:61 DeprecationWarning: This process (pid=3997) is multi-threaded, use of fork() may lead to deadlocks in the child.
[2024-07-07T23:56:47.258+0500] {standard_task_runner.py:63} INFO - Started process 4020 to run task
[2024-07-07T23:56:47.310+0500] {task_command.py:426} INFO - Running <TaskInstance: train.train_model manual__2024-07-07T18:56:30.303288+00:00 [running]> on host nicolaspc-HP-Pavilion-Laptop-15-eh1xxx
[2024-07-07T23:56:47.392+0500] {taskinstance.py:2648} INFO - Exporting env vars: AIRFLOW_CTX_DAG_OWNER='Nicolas Pal' AIRFLOW_CTX_DAG_ID='train' AIRFLOW_CTX_TASK_ID='train_model' AIRFLOW_CTX_EXECUTION_DATE='2024-07-07T18:56:30.303288+00:00' AIRFLOW_CTX_TRY_NUMBER='1' AIRFLOW_CTX_DAG_RUN_ID='manual__2024-07-07T18:56:30.303288+00:00'
[2024-07-07T23:56:47.393+0500] {taskinstance.py:430} INFO - ::endgroup::
[2024-07-07T23:56:47.401+0500] {s3.py:1387} INFO - Downloading source S3 file from Bucket test-bucket-nicolas-1 with path dataset/X_train.pkl
[2024-07-07T23:56:47.413+0500] {base.py:84} INFO - Using connection ID 'aws_default' for task execution.
[2024-07-07T23:56:47.413+0500] {connection_wrapper.py:384} INFO - AWS Connection (conn_id='aws_default', conn_type='aws') credentials retrieved from login and password.
[2024-07-07T23:56:48.899+0500] {s3.py:1387} INFO - Downloading source S3 file from Bucket test-bucket-nicolas-1 with path dataset/X_test.pkl
[2024-07-07T23:56:49.291+0500] {s3.py:1387} INFO - Downloading source S3 file from Bucket test-bucket-nicolas-1 with path dataset/y_train.pkl
[2024-07-07T23:56:49.713+0500] {s3.py:1387} INFO - Downloading source S3 file from Bucket test-bucket-nicolas-1 with path dataset/y_test.pkl
[2024-07-07T23:56:50.098+0500] {train_dag.py:130} INFO - Данные загружены
[2024-07-07T23:56:50.098+0500] {train_dag.py:134} INFO - Модель подгружена
[2024-07-07T23:57:00.453+0500] {train_dag.py:140} INFO - Модель обучена
[2024-07-07T23:57:00.534+0500] {train_dag.py:143} INFO - Данные предсказаны
[2024-07-07T23:57:00.536+0500] {train_dag.py:152} INFO - Считаем метрики
[2024-07-07T23:57:01.679+0500] {train_dag.py:164} INFO - Model training finished.
[2024-07-07T23:57:01.693+0500] {python.py:237} INFO - Done. Returned value was: None
[2024-07-07T23:57:01.693+0500] {taskinstance.py:441} INFO - ::group::Post task execution logs
[2024-07-07T23:57:01.705+0500] {taskinstance.py:1206} INFO - Marking task as SUCCESS. dag_id=train, task_id=train_model, run_id=manual__2024-07-07T18:56:30.303288+00:00, execution_date=20240707T185630, start_date=20240707T185647, end_date=20240707T185701
[2024-07-07T23:57:01.739+0500] {local_task_job_runner.py:240} INFO - Task exited with return code 0
[2024-07-07T23:57:01.758+0500] {taskinstance.py:3503} INFO - 1 downstream tasks scheduled from follow-on schedule check
[2024-07-07T23:57:01.761+0500] {local_task_job_runner.py:222} INFO - ::endgroup::
