[2024-08-21T22:04:40.790+0500] {local_task_job_runner.py:123} INFO - ::group::Pre task execution logs
[2024-08-21T22:04:40.810+0500] {taskinstance.py:2603} INFO - Dependencies all met for dep_context=non-requeueable deps ti=<TaskInstance: 3_models_dag_home_2.save_results scheduled__2024-08-20T01:00:00+00:00 [queued]>
[2024-08-21T22:04:40.818+0500] {taskinstance.py:2603} INFO - Dependencies all met for dep_context=requeueable deps ti=<TaskInstance: 3_models_dag_home_2.save_results scheduled__2024-08-20T01:00:00+00:00 [queued]>
[2024-08-21T22:04:40.818+0500] {taskinstance.py:2856} INFO - Starting attempt 1 of 1
[2024-08-21T22:04:40.838+0500] {taskinstance.py:2879} INFO - Executing <Task(PythonOperator): save_results> on 2024-08-20 01:00:00+00:00
[2024-08-21T22:04:40.855+0500] {logging_mixin.py:190} WARNING - /home/nicolaspc/anaconda3/envs/mlops_env/lib/python3.12/site-packages/***/task/task_runner/standard_task_runner.py:70 DeprecationWarning: This process (pid=341504) is multi-threaded, use of fork() may lead to deadlocks in the child.
[2024-08-21T22:04:40.856+0500] {standard_task_runner.py:72} INFO - Started process 341591 to run task
[2024-08-21T22:04:40.858+0500] {standard_task_runner.py:104} INFO - Running: ['***', 'tasks', 'run', '3_models_dag_home_2', 'save_results', 'scheduled__2024-08-20T01:00:00+00:00', '--job-id', '223', '--raw', '--subdir', 'DAGS_FOLDER/.ipynb_checkpoints/homework_stepik_2-checkpoint.py', '--cfg-path', '/tmp/tmpyh461chc']
[2024-08-21T22:04:40.860+0500] {standard_task_runner.py:105} INFO - Job 223: Subtask save_results
[2024-08-21T22:04:40.915+0500] {task_command.py:467} INFO - Running <TaskInstance: 3_models_dag_home_2.save_results scheduled__2024-08-20T01:00:00+00:00 [running]> on host nicolaspc-HP-Pavilion-Laptop-15-eh1xxx
[2024-08-21T22:04:40.999+0500] {taskinstance.py:3122} INFO - Exporting env vars: AIRFLOW_CTX_DAG_OWNER='Nicolas Pal' AIRFLOW_CTX_DAG_ID='3_models_dag_home_2' AIRFLOW_CTX_TASK_ID='save_results' AIRFLOW_CTX_EXECUTION_DATE='2024-08-20T01:00:00+00:00' AIRFLOW_CTX_TRY_NUMBER='1' AIRFLOW_CTX_DAG_RUN_ID='scheduled__2024-08-20T01:00:00+00:00'
[2024-08-21T22:04:41.000+0500] {taskinstance.py:731} INFO - ::endgroup::
[2024-08-21T22:04:41.034+0500] {base.py:84} INFO - Retrieving connection 'aws_default'
[2024-08-21T22:04:41.034+0500] {connection_wrapper.py:384} INFO - AWS Connection (conn_id='aws_default', conn_type='aws') credentials retrieved from login and password.
[2024-08-21T22:04:42.513+0500] {python.py:240} INFO - Done. Returned value was: None
[2024-08-21T22:04:42.526+0500] {taskinstance.py:340} INFO - ::group::Post task execution logs
[2024-08-21T22:04:42.527+0500] {taskinstance.py:352} INFO - Marking task as SUCCESS. dag_id=3_models_dag_home_2, task_id=save_results, run_id=scheduled__2024-08-20T01:00:00+00:00, execution_date=20240820T010000, start_date=20240821T170440, end_date=20240821T170442
[2024-08-21T22:04:42.600+0500] {local_task_job_runner.py:261} INFO - Task exited with return code 0
[2024-08-21T22:04:42.620+0500] {taskinstance.py:3891} INFO - 0 downstream tasks scheduled from follow-on schedule check
[2024-08-21T22:04:42.622+0500] {local_task_job_runner.py:240} INFO - ::endgroup::
