[2024-08-21T12:07:59.820+0500] {local_task_job_runner.py:123} INFO - ::group::Pre task execution logs
[2024-08-21T12:07:59.843+0500] {taskinstance.py:2603} INFO - Dependencies all met for dep_context=non-requeueable deps ti=<TaskInstance: 3_models_dag.get_data scheduled__2024-08-20T01:00:00+00:00 [queued]>
[2024-08-21T12:07:59.853+0500] {taskinstance.py:2603} INFO - Dependencies all met for dep_context=requeueable deps ti=<TaskInstance: 3_models_dag.get_data scheduled__2024-08-20T01:00:00+00:00 [queued]>
[2024-08-21T12:07:59.853+0500] {taskinstance.py:2856} INFO - Starting attempt 1 of 1
[2024-08-21T12:07:59.868+0500] {taskinstance.py:2879} INFO - Executing <Task(PythonOperator): get_data> on 2024-08-20 01:00:00+00:00
[2024-08-21T12:07:59.883+0500] {logging_mixin.py:190} WARNING - /home/nicolaspc/anaconda3/envs/mlops_env/lib/python3.12/site-packages/***/task/task_runner/standard_task_runner.py:70 DeprecationWarning: This process (pid=18612) is multi-threaded, use of fork() may lead to deadlocks in the child.
[2024-08-21T12:07:59.885+0500] {standard_task_runner.py:72} INFO - Started process 18705 to run task
[2024-08-21T12:07:59.884+0500] {standard_task_runner.py:104} INFO - Running: ['***', 'tasks', 'run', '3_models_dag', 'get_data', 'scheduled__2024-08-20T01:00:00+00:00', '--job-id', '63', '--raw', '--subdir', 'DAGS_FOLDER/.ipynb_checkpoints/homework_stepik-checkpoint.py', '--cfg-path', '/tmp/tmp0du927g9']
[2024-08-21T12:07:59.886+0500] {standard_task_runner.py:105} INFO - Job 63: Subtask get_data
[2024-08-21T12:07:59.945+0500] {task_command.py:467} INFO - Running <TaskInstance: 3_models_dag.get_data scheduled__2024-08-20T01:00:00+00:00 [running]> on host nicolaspc-HP-Pavilion-Laptop-15-eh1xxx
[2024-08-21T12:08:00.037+0500] {taskinstance.py:3122} INFO - Exporting env vars: AIRFLOW_CTX_DAG_OWNER='Nicolas Pal' AIRFLOW_CTX_DAG_ID='3_models_dag' AIRFLOW_CTX_TASK_ID='get_data' AIRFLOW_CTX_EXECUTION_DATE='2024-08-20T01:00:00+00:00' AIRFLOW_CTX_TRY_NUMBER='1' AIRFLOW_CTX_DAG_RUN_ID='scheduled__2024-08-20T01:00:00+00:00'
[2024-08-21T12:08:00.038+0500] {taskinstance.py:731} INFO - ::endgroup::
[2024-08-21T12:08:00.077+0500] {base.py:84} INFO - Retrieving connection 'pg_connection'
[2024-08-21T12:08:00.090+0500] {logging_mixin.py:190} WARNING - /home/nicolaspc/***/dags/.ipynb_checkpoints/homework_stepik-checkpoint.py:69 UserWarning: pandas only supports SQLAlchemy connectable (engine/connection) or database string URI or sqlite3 DBAPI2 connection. Other DBAPI2 objects are not tested. Please consider using SQLAlchemy.
[2024-08-21T12:08:00.179+0500] {base.py:84} INFO - Retrieving connection 'aws_default'
[2024-08-21T12:08:00.198+0500] {credentials.py:1147} INFO - Found credentials in environment variables.
[2024-08-21T12:08:02.337+0500] {homework_stepik-checkpoint.py:80} INFO - Data download finished.
[2024-08-21T12:08:02.340+0500] {python.py:240} INFO - Done. Returned value was: {'start_tiemstamp': '20240821 12:07', 'data_download_start': '20240821 12:08', 'data_download_end': '20240821 12:08'}
[2024-08-21T12:08:02.377+0500] {taskinstance.py:340} INFO - ::group::Post task execution logs
[2024-08-21T12:08:02.378+0500] {taskinstance.py:352} INFO - Marking task as SUCCESS. dag_id=3_models_dag, task_id=get_data, run_id=scheduled__2024-08-20T01:00:00+00:00, execution_date=20240820T010000, start_date=20240821T070759, end_date=20240821T070802
[2024-08-21T12:08:02.428+0500] {local_task_job_runner.py:261} INFO - Task exited with return code 0
[2024-08-21T12:08:02.460+0500] {taskinstance.py:3891} INFO - 1 downstream tasks scheduled from follow-on schedule check
[2024-08-21T12:08:02.463+0500] {local_task_job_runner.py:240} INFO - ::endgroup::
