[2024-08-21T12:08:19.674+0500] {local_task_job_runner.py:123} INFO - ::group::Pre task execution logs
[2024-08-21T12:08:19.692+0500] {taskinstance.py:2603} INFO - Dependencies all met for dep_context=non-requeueable deps ti=<TaskInstance: train.train_model scheduled__2024-08-19T01:00:00+00:00 [queued]>
[2024-08-21T12:08:19.700+0500] {taskinstance.py:2603} INFO - Dependencies all met for dep_context=requeueable deps ti=<TaskInstance: train.train_model scheduled__2024-08-19T01:00:00+00:00 [queued]>
[2024-08-21T12:08:19.700+0500] {taskinstance.py:2856} INFO - Starting attempt 1 of 1
[2024-08-21T12:08:19.710+0500] {taskinstance.py:2879} INFO - Executing <Task(PythonOperator): train_model> on 2024-08-19 01:00:00+00:00
[2024-08-21T12:08:19.723+0500] {logging_mixin.py:190} WARNING - /home/nicolaspc/anaconda3/envs/mlops_env/lib/python3.12/site-packages/***/task/task_runner/standard_task_runner.py:70 DeprecationWarning: This process (pid=19401) is multi-threaded, use of fork() may lead to deadlocks in the child.
[2024-08-21T12:08:19.724+0500] {standard_task_runner.py:72} INFO - Started process 19458 to run task
[2024-08-21T12:08:19.724+0500] {standard_task_runner.py:104} INFO - Running: ['***', 'tasks', 'run', 'train', 'train_model', 'scheduled__2024-08-19T01:00:00+00:00', '--job-id', '76', '--raw', '--subdir', 'DAGS_FOLDER/.ipynb_checkpoints/train_dag-checkpoint.py', '--cfg-path', '/tmp/tmpxkolbkgp']
[2024-08-21T12:08:19.726+0500] {standard_task_runner.py:105} INFO - Job 76: Subtask train_model
[2024-08-21T12:08:19.786+0500] {task_command.py:467} INFO - Running <TaskInstance: train.train_model scheduled__2024-08-19T01:00:00+00:00 [running]> on host nicolaspc-HP-Pavilion-Laptop-15-eh1xxx
[2024-08-21T12:08:19.876+0500] {taskinstance.py:3122} INFO - Exporting env vars: AIRFLOW_CTX_DAG_OWNER='Nicolas Pal' AIRFLOW_CTX_DAG_ID='train' AIRFLOW_CTX_TASK_ID='train_model' AIRFLOW_CTX_EXECUTION_DATE='2024-08-19T01:00:00+00:00' AIRFLOW_CTX_TRY_NUMBER='1' AIRFLOW_CTX_DAG_RUN_ID='scheduled__2024-08-19T01:00:00+00:00'
[2024-08-21T12:08:19.877+0500] {taskinstance.py:731} INFO - ::endgroup::
[2024-08-21T12:08:19.887+0500] {s3.py:1387} INFO - Downloading source S3 file from Bucket test-bucket-nicolas-1 with path dataset/X_train.pkl
[2024-08-21T12:08:19.903+0500] {base.py:84} INFO - Retrieving connection 'aws_default'
[2024-08-21T12:08:19.922+0500] {credentials.py:1147} INFO - Found credentials in environment variables.
[2024-08-21T12:08:21.647+0500] {s3.py:1387} INFO - Downloading source S3 file from Bucket test-bucket-nicolas-1 with path dataset/X_test.pkl
[2024-08-21T12:08:22.145+0500] {s3.py:1387} INFO - Downloading source S3 file from Bucket test-bucket-nicolas-1 with path dataset/y_train.pkl
[2024-08-21T12:08:22.764+0500] {s3.py:1387} INFO - Downloading source S3 file from Bucket test-bucket-nicolas-1 with path dataset/y_test.pkl
[2024-08-21T12:08:23.226+0500] {train_dag-checkpoint.py:130} INFO - Данные загружены
[2024-08-21T12:08:23.226+0500] {train_dag-checkpoint.py:134} INFO - Модель подгружена
[2024-08-21T12:08:36.659+0500] {train_dag-checkpoint.py:140} INFO - Модель обучена
[2024-08-21T12:08:36.751+0500] {train_dag-checkpoint.py:143} INFO - Данные предсказаны
[2024-08-21T12:08:36.753+0500] {train_dag-checkpoint.py:152} INFO - Считаем метрики
[2024-08-21T12:08:36.771+0500] {credentials.py:1147} INFO - Found credentials in environment variables.
[2024-08-21T12:08:37.474+0500] {train_dag-checkpoint.py:164} INFO - Model training finished.
[2024-08-21T12:08:37.489+0500] {python.py:240} INFO - Done. Returned value was: None
[2024-08-21T12:08:37.501+0500] {taskinstance.py:340} INFO - ::group::Post task execution logs
[2024-08-21T12:08:37.502+0500] {taskinstance.py:352} INFO - Marking task as SUCCESS. dag_id=train, task_id=train_model, run_id=scheduled__2024-08-19T01:00:00+00:00, execution_date=20240819T010000, start_date=20240821T070819, end_date=20240821T070837
[2024-08-21T12:08:37.534+0500] {local_task_job_runner.py:261} INFO - Task exited with return code 0
[2024-08-21T12:08:37.557+0500] {taskinstance.py:3891} INFO - 1 downstream tasks scheduled from follow-on schedule check
[2024-08-21T12:08:37.560+0500] {local_task_job_runner.py:240} INFO - ::endgroup::
