[2024-10-10T05:47:03.118+0500] {local_task_job_runner.py:123} INFO - ::group::Pre task execution logs
[2024-10-10T05:47:03.137+0500] {taskinstance.py:2603} INFO - Dependencies all met for dep_context=non-requeueable deps ti=<TaskInstance: lr_train.train_model manual__2024-10-10T00:46:48.565688+00:00 [queued]>
[2024-10-10T05:47:03.145+0500] {taskinstance.py:2603} INFO - Dependencies all met for dep_context=requeueable deps ti=<TaskInstance: lr_train.train_model manual__2024-10-10T00:46:48.565688+00:00 [queued]>
[2024-10-10T05:47:03.146+0500] {taskinstance.py:2856} INFO - Starting attempt 1 of 1
[2024-10-10T05:47:03.158+0500] {taskinstance.py:2879} INFO - Executing <Task(PythonOperator): train_model> on 2024-10-10 00:46:48.565688+00:00
[2024-10-10T05:47:03.171+0500] {logging_mixin.py:190} WARNING - /home/nicolaspc/anaconda3/envs/mlops_env/lib/python3.12/site-packages/***/task/task_runner/standard_task_runner.py:70 DeprecationWarning: This process (pid=11116) is multi-threaded, use of fork() may lead to deadlocks in the child.
[2024-10-10T05:47:03.172+0500] {standard_task_runner.py:72} INFO - Started process 11199 to run task
[2024-10-10T05:47:03.172+0500] {standard_task_runner.py:104} INFO - Running: ['***', 'tasks', 'run', 'lr_train', 'train_model', 'manual__2024-10-10T00:46:48.565688+00:00', '--job-id', '1032', '--raw', '--subdir', 'DAGS_FOLDER/train_models.py', '--cfg-path', '/tmp/tmpkpl4vx72']
[2024-10-10T05:47:03.174+0500] {standard_task_runner.py:105} INFO - Job 1032: Subtask train_model
[2024-10-10T05:47:03.234+0500] {task_command.py:467} INFO - Running <TaskInstance: lr_train.train_model manual__2024-10-10T00:46:48.565688+00:00 [running]> on host nicolaspc-HP-Pavilion-Laptop-15-eh1xxx
[2024-10-10T05:47:03.316+0500] {taskinstance.py:3122} INFO - Exporting env vars: AIRFLOW_CTX_DAG_OWNER='Nicolas Pal' AIRFLOW_CTX_DAG_ID='lr_train' AIRFLOW_CTX_TASK_ID='train_model' AIRFLOW_CTX_EXECUTION_DATE='2024-10-10T00:46:48.565688+00:00' AIRFLOW_CTX_TRY_NUMBER='1' AIRFLOW_CTX_DAG_RUN_ID='manual__2024-10-10T00:46:48.565688+00:00'
[2024-10-10T05:47:03.317+0500] {taskinstance.py:731} INFO - ::endgroup::
[2024-10-10T05:47:03.344+0500] {s3.py:1387} INFO - Downloading source S3 file from Bucket test-bucket-nicolas-1 with path NicolasPal/lr/datasets/X_train.pkl
[2024-10-10T05:47:03.359+0500] {base.py:84} INFO - Retrieving connection 's3_connection'
[2024-10-10T05:47:03.360+0500] {connection_wrapper.py:384} INFO - AWS Connection (conn_id='s3_connection', conn_type='aws') credentials retrieved from login and password.
[2024-10-10T05:47:06.130+0500] {s3.py:1387} INFO - Downloading source S3 file from Bucket test-bucket-nicolas-1 with path NicolasPal/lr/datasets/X_test.pkl
[2024-10-10T05:47:06.804+0500] {s3.py:1387} INFO - Downloading source S3 file from Bucket test-bucket-nicolas-1 with path NicolasPal/lr/datasets/y_train.pkl
[2024-10-10T05:47:07.613+0500] {s3.py:1387} INFO - Downloading source S3 file from Bucket test-bucket-nicolas-1 with path NicolasPal/lr/datasets/y_test.pkl
[2024-10-10T05:47:08.057+0500] {train_models.py:160} INFO - Данные для обучения модели из S3 загружены
[2024-10-10T05:47:08.098+0500] {train_models.py:181} INFO - Модели обучены, метрики сохранены
[2024-10-10T05:47:08.103+0500] {python.py:240} INFO - Done. Returned value was: {'model': 'lr', 'start_timestamp': '20241010 05:46', 'get_data_start': '20241010 05:46', 'get_data_end': '20241010 05:46', 'data_shape': [20640, 9], 'prepare_data_start': '20241010 05:46', 'prepare_data_end': '20241010 05:47', 'features_name': ['MedInc', 'HouseAge', 'AveRooms', 'AveBedrms', 'Population', 'AveOccup', 'Latitude', 'Longitude'], 'train_model_start': '20241010 05:47', 'train_model_end': '20241010 05:47', 'R^2_score': 0.58, 'rmse': 0.75, 'mae': 0.41}
[2024-10-10T05:47:08.162+0500] {taskinstance.py:340} INFO - ::group::Post task execution logs
[2024-10-10T05:47:08.163+0500] {taskinstance.py:352} INFO - Marking task as SUCCESS. dag_id=lr_train, task_id=train_model, run_id=manual__2024-10-10T00:46:48.565688+00:00, execution_date=20241010T004648, start_date=20241010T004703, end_date=20241010T004708
[2024-10-10T05:47:08.210+0500] {local_task_job_runner.py:261} INFO - Task exited with return code 0
[2024-10-10T05:47:08.232+0500] {taskinstance.py:3891} INFO - 1 downstream tasks scheduled from follow-on schedule check
[2024-10-10T05:47:08.235+0500] {local_task_job_runner.py:240} INFO - ::endgroup::
