[2024-08-19T09:41:03.410+0500] {local_task_job_runner.py:120} INFO - ::group::Pre task execution logs
[2024-08-19T09:41:03.429+0500] {taskinstance.py:2076} INFO - Dependencies all met for dep_context=non-requeueable deps ti=<TaskInstance: 3_models_dag.init scheduled__2024-08-18T01:00:00+00:00 [queued]>
[2024-08-19T09:41:03.435+0500] {taskinstance.py:2076} INFO - Dependencies all met for dep_context=requeueable deps ti=<TaskInstance: 3_models_dag.init scheduled__2024-08-18T01:00:00+00:00 [queued]>
[2024-08-19T09:41:03.436+0500] {taskinstance.py:2306} INFO - Starting attempt 1 of 1
[2024-08-19T09:41:03.445+0500] {taskinstance.py:2330} INFO - Executing <Task(PythonOperator): init> on 2024-08-18 01:00:00+00:00
[2024-08-19T09:41:03.457+0500] {standard_task_runner.py:90} INFO - Running: ['airflow', 'tasks', 'run', '3_models_dag', 'init', 'scheduled__2024-08-18T01:00:00+00:00', '--job-id', '278', '--raw', '--subdir', 'DAGS_FOLDER/train_models-2.py', '--cfg-path', '/tmp/tmpaxj6_3us']
[2024-08-19T09:41:03.459+0500] {standard_task_runner.py:91} INFO - Job 278: Subtask init
[2024-08-19T09:41:03.460+0500] {logging_mixin.py:188} WARNING - /home/nicolaspc/anaconda3/envs/mlops_env/lib/python3.12/site-packages/airflow/task/task_runner/standard_task_runner.py:62 DeprecationWarning: This process (pid=56784) is multi-threaded, use of fork() may lead to deadlocks in the child.
[2024-08-19T09:41:03.461+0500] {standard_task_runner.py:64} INFO - Started process 56807 to run task
[2024-08-19T09:41:03.512+0500] {task_command.py:426} INFO - Running <TaskInstance: 3_models_dag.init scheduled__2024-08-18T01:00:00+00:00 [running]> on host nicolaspc-HP-Pavilion-Laptop-15-eh1xxx
[2024-08-19T09:41:03.594+0500] {taskinstance.py:2648} INFO - Exporting env vars: AIRFLOW_CTX_DAG_OWNER='Nicolas Pal' AIRFLOW_CTX_DAG_ID='3_models_dag' AIRFLOW_CTX_TASK_ID='init' AIRFLOW_CTX_EXECUTION_DATE='2024-08-18T01:00:00+00:00' AIRFLOW_CTX_TRY_NUMBER='1' AIRFLOW_CTX_DAG_RUN_ID='scheduled__2024-08-18T01:00:00+00:00'
[2024-08-19T09:41:03.595+0500] {taskinstance.py:430} INFO - ::endgroup::
[2024-08-19T09:41:03.618+0500] {python.py:237} INFO - Done. Returned value was: None
[2024-08-19T09:41:03.618+0500] {taskinstance.py:441} INFO - ::group::Post task execution logs
[2024-08-19T09:41:03.629+0500] {taskinstance.py:1206} INFO - Marking task as SUCCESS. dag_id=3_models_dag, task_id=init, run_id=scheduled__2024-08-18T01:00:00+00:00, execution_date=20240818T010000, start_date=20240819T044103, end_date=20240819T044103
[2024-08-19T09:41:03.675+0500] {local_task_job_runner.py:243} INFO - Task exited with return code 0
[2024-08-19T09:41:03.699+0500] {taskinstance.py:3503} INFO - 1 downstream tasks scheduled from follow-on schedule check
[2024-08-19T09:41:03.702+0500] {local_task_job_runner.py:222} INFO - ::endgroup::
[2024-08-19T17:19:00.477+0500] {local_task_job_runner.py:123} INFO - ::group::Pre task execution logs
[2024-08-19T17:19:00.493+0500] {taskinstance.py:2603} INFO - Dependencies all met for dep_context=non-requeueable deps ti=<TaskInstance: 3_models_dag.init scheduled__2024-08-18T01:00:00+00:00 [queued]>
[2024-08-19T17:19:00.502+0500] {taskinstance.py:2603} INFO - Dependencies all met for dep_context=requeueable deps ti=<TaskInstance: 3_models_dag.init scheduled__2024-08-18T01:00:00+00:00 [queued]>
[2024-08-19T17:19:00.502+0500] {taskinstance.py:2856} INFO - Starting attempt 1 of 1
[2024-08-19T17:19:00.515+0500] {taskinstance.py:2879} INFO - Executing <Task(PythonOperator): init> on 2024-08-18 01:00:00+00:00
[2024-08-19T17:19:00.527+0500] {logging_mixin.py:190} WARNING - /home/nicolaspc/anaconda3/envs/mlops_env/lib/python3.12/site-packages/***/task/task_runner/standard_task_runner.py:70 DeprecationWarning: This process (pid=8179) is multi-threaded, use of fork() may lead to deadlocks in the child.
[2024-08-19T17:19:00.528+0500] {standard_task_runner.py:72} INFO - Started process 8226 to run task
[2024-08-19T17:19:00.527+0500] {standard_task_runner.py:104} INFO - Running: ['***', 'tasks', 'run', '3_models_dag', 'init', 'scheduled__2024-08-18T01:00:00+00:00', '--job-id', '8', '--raw', '--subdir', 'DAGS_FOLDER/train_models-2.py', '--cfg-path', '/tmp/tmp1uo90qkb']
[2024-08-19T17:19:00.529+0500] {standard_task_runner.py:105} INFO - Job 8: Subtask init
[2024-08-19T17:19:00.582+0500] {task_command.py:467} INFO - Running <TaskInstance: 3_models_dag.init scheduled__2024-08-18T01:00:00+00:00 [running]> on host nicolaspc-HP-Pavilion-Laptop-15-eh1xxx
[2024-08-19T17:19:00.663+0500] {taskinstance.py:3122} INFO - Exporting env vars: AIRFLOW_CTX_DAG_OWNER='Nicolas Pal' AIRFLOW_CTX_DAG_ID='3_models_dag' AIRFLOW_CTX_TASK_ID='init' AIRFLOW_CTX_EXECUTION_DATE='2024-08-18T01:00:00+00:00' AIRFLOW_CTX_TRY_NUMBER='1' AIRFLOW_CTX_DAG_RUN_ID='scheduled__2024-08-18T01:00:00+00:00'
[2024-08-19T17:19:00.664+0500] {taskinstance.py:731} INFO - ::endgroup::
[2024-08-19T17:19:00.674+0500] {python.py:240} INFO - Done. Returned value was: {'start_tiemstamp': '20240819 17:19'}
[2024-08-19T17:19:00.703+0500] {taskinstance.py:340} INFO - ::group::Post task execution logs
[2024-08-19T17:19:00.703+0500] {taskinstance.py:352} INFO - Marking task as SUCCESS. dag_id=3_models_dag, task_id=init, run_id=scheduled__2024-08-18T01:00:00+00:00, execution_date=20240818T010000, start_date=20240819T121900, end_date=20240819T121900
[2024-08-19T17:19:00.742+0500] {local_task_job_runner.py:261} INFO - Task exited with return code 0
[2024-08-19T17:19:00.768+0500] {taskinstance.py:3891} INFO - 1 downstream tasks scheduled from follow-on schedule check
[2024-08-19T17:19:00.771+0500] {local_task_job_runner.py:240} INFO - ::endgroup::
