[2024-10-09T10:26:02.534+0500] {local_task_job_runner.py:123} INFO - ::group::Pre task execution logs
[2024-10-09T10:26:02.556+0500] {taskinstance.py:2603} INFO - Dependencies all met for dep_context=non-requeueable deps ti=<TaskInstance: hgb_train.init scheduled__2024-10-08T01:00:00+00:00 [queued]>
[2024-10-09T10:26:02.564+0500] {taskinstance.py:2603} INFO - Dependencies all met for dep_context=requeueable deps ti=<TaskInstance: hgb_train.init scheduled__2024-10-08T01:00:00+00:00 [queued]>
[2024-10-09T10:26:02.565+0500] {taskinstance.py:2856} INFO - Starting attempt 1 of 1
[2024-10-09T10:26:02.579+0500] {taskinstance.py:2879} INFO - Executing <Task(PythonOperator): init> on 2024-10-08 01:00:00+00:00
[2024-10-09T10:26:02.593+0500] {logging_mixin.py:190} WARNING - /home/nicolaspc/anaconda3/envs/mlops_env/lib/python3.12/site-packages/***/task/task_runner/standard_task_runner.py:70 DeprecationWarning: This process (pid=8149) is multi-threaded, use of fork() may lead to deadlocks in the child.
[2024-10-09T10:26:02.594+0500] {standard_task_runner.py:72} INFO - Started process 8295 to run task
[2024-10-09T10:26:02.593+0500] {standard_task_runner.py:104} INFO - Running: ['***', 'tasks', 'run', 'hgb_train', 'init', 'scheduled__2024-10-08T01:00:00+00:00', '--job-id', '983', '--raw', '--subdir', 'DAGS_FOLDER/project_1.py', '--cfg-path', '/tmp/tmpssrw7cnd']
[2024-10-09T10:26:02.595+0500] {standard_task_runner.py:105} INFO - Job 983: Subtask init
[2024-10-09T10:26:02.665+0500] {task_command.py:467} INFO - Running <TaskInstance: hgb_train.init scheduled__2024-10-08T01:00:00+00:00 [running]> on host nicolaspc-HP-Pavilion-Laptop-15-eh1xxx
[2024-10-09T10:26:02.764+0500] {taskinstance.py:3122} INFO - Exporting env vars: AIRFLOW_CTX_DAG_OWNER='Nicolas Pal' AIRFLOW_CTX_DAG_ID='hgb_train' AIRFLOW_CTX_TASK_ID='init' AIRFLOW_CTX_EXECUTION_DATE='2024-10-08T01:00:00+00:00' AIRFLOW_CTX_TRY_NUMBER='1' AIRFLOW_CTX_DAG_RUN_ID='scheduled__2024-10-08T01:00:00+00:00'
[2024-10-09T10:26:02.765+0500] {taskinstance.py:731} INFO - ::endgroup::
[2024-10-09T10:26:03.053+0500] {migration.py:216} INFO - Context impl PostgresqlImpl.
[2024-10-09T10:26:03.054+0500] {migration.py:219} INFO - Will assume transactional DDL.
[2024-10-09T10:26:03.090+0500] {python.py:240} INFO - Done. Returned value was: {'model': 'hgb', 'start_timestamp': '20241009 10:26', 'experiment_id': '132'}
[2024-10-09T10:26:03.124+0500] {taskinstance.py:340} INFO - ::group::Post task execution logs
[2024-10-09T10:26:03.124+0500] {taskinstance.py:352} INFO - Marking task as SUCCESS. dag_id=hgb_train, task_id=init, run_id=scheduled__2024-10-08T01:00:00+00:00, execution_date=20241008T010000, start_date=20241009T052602, end_date=20241009T052603
[2024-10-09T10:26:03.172+0500] {local_task_job_runner.py:261} INFO - Task exited with return code 0
[2024-10-09T10:26:03.201+0500] {taskinstance.py:3891} INFO - 1 downstream tasks scheduled from follow-on schedule check
[2024-10-09T10:26:03.204+0500] {local_task_job_runner.py:240} INFO - ::endgroup::
