[2024-08-21T20:45:52.124+0500] {local_task_job_runner.py:123} INFO - ::group::Pre task execution logs
[2024-08-21T20:45:52.143+0500] {taskinstance.py:2603} INFO - Dependencies all met for dep_context=non-requeueable deps ti=<TaskInstance: 3_models_dag_home.prepare_data manual__2024-08-21T15:45:43.574001+00:00 [queued]>
[2024-08-21T20:45:52.150+0500] {taskinstance.py:2603} INFO - Dependencies all met for dep_context=requeueable deps ti=<TaskInstance: 3_models_dag_home.prepare_data manual__2024-08-21T15:45:43.574001+00:00 [queued]>
[2024-08-21T20:45:52.150+0500] {taskinstance.py:2856} INFO - Starting attempt 1 of 1
[2024-08-21T20:45:52.163+0500] {taskinstance.py:2879} INFO - Executing <Task(PythonOperator): prepare_data> on 2024-08-21 15:45:43.574001+00:00
[2024-08-21T20:45:52.178+0500] {logging_mixin.py:190} WARNING - /home/nicolaspc/anaconda3/envs/mlops_env/lib/python3.12/site-packages/***/task/task_runner/standard_task_runner.py:70 DeprecationWarning: This process (pid=303524) is multi-threaded, use of fork() may lead to deadlocks in the child.
[2024-08-21T20:45:52.179+0500] {standard_task_runner.py:72} INFO - Started process 303547 to run task
[2024-08-21T20:45:52.179+0500] {standard_task_runner.py:104} INFO - Running: ['***', 'tasks', 'run', '3_models_dag_home', 'prepare_data', 'manual__2024-08-21T15:45:43.574001+00:00', '--job-id', '177', '--raw', '--subdir', 'DAGS_FOLDER/.ipynb_checkpoints/homework_stepik-checkpoint.py', '--cfg-path', '/tmp/tmpzgx9lfvh']
[2024-08-21T20:45:52.180+0500] {standard_task_runner.py:105} INFO - Job 177: Subtask prepare_data
[2024-08-21T20:45:52.487+0500] {task_command.py:467} INFO - Running <TaskInstance: 3_models_dag_home.prepare_data manual__2024-08-21T15:45:43.574001+00:00 [running]> on host nicolaspc-HP-Pavilion-Laptop-15-eh1xxx
[2024-08-21T20:45:52.565+0500] {taskinstance.py:3122} INFO - Exporting env vars: AIRFLOW_CTX_DAG_OWNER='Nicolas Pal' AIRFLOW_CTX_DAG_ID='3_models_dag_home' AIRFLOW_CTX_TASK_ID='prepare_data' AIRFLOW_CTX_EXECUTION_DATE='2024-08-21T15:45:43.574001+00:00' AIRFLOW_CTX_TRY_NUMBER='1' AIRFLOW_CTX_DAG_RUN_ID='manual__2024-08-21T15:45:43.574001+00:00'
[2024-08-21T20:45:52.566+0500] {taskinstance.py:731} INFO - ::endgroup::
[2024-08-21T20:45:52.591+0500] {s3.py:1387} INFO - Downloading source S3 file from Bucket test-bucket-nicolas-1 with path nikolai022022/datasets/california_housing.pkl
[2024-08-21T20:45:52.606+0500] {base.py:84} INFO - Retrieving connection 'aws_default'
[2024-08-21T20:45:52.606+0500] {connection_wrapper.py:384} INFO - AWS Connection (conn_id='aws_default', conn_type='aws') credentials retrieved from login and password.
[2024-08-21T20:46:20.848+0500] {homework_stepik-checkpoint.py:153} INFO - Data preparation finished.
[2024-08-21T20:46:20.851+0500] {python.py:240} INFO - Done. Returned value was: {'start_tiemstamp': '20240821 20:45', 'data_download_start': '20240821 20:45', 'data_download_end': '20240821 20:45', 'data_preparation_start': '20240821 20:45', 'data_preparation_end': '20240821 20:46'}
[2024-08-21T20:46:20.881+0500] {taskinstance.py:340} INFO - ::group::Post task execution logs
[2024-08-21T20:46:20.882+0500] {taskinstance.py:352} INFO - Marking task as SUCCESS. dag_id=3_models_dag_home, task_id=prepare_data, run_id=manual__2024-08-21T15:45:43.574001+00:00, execution_date=20240821T154543, start_date=20240821T154552, end_date=20240821T154620
[2024-08-21T20:46:20.916+0500] {local_task_job_runner.py:261} INFO - Task exited with return code 0
[2024-08-21T20:46:20.939+0500] {taskinstance.py:3891} INFO - 3 downstream tasks scheduled from follow-on schedule check
[2024-08-21T20:46:20.942+0500] {local_task_job_runner.py:240} INFO - ::endgroup::
