[2024-10-02T19:35:49.269+0500] {processor.py:186} INFO - Started process (PID=36663) to work on /home/nicolaspc/airflow/dags/.ipynb_checkpoints/homework_stepik_2-checkpoint.py
[2024-10-02T19:35:49.270+0500] {processor.py:914} INFO - Processing file /home/nicolaspc/airflow/dags/.ipynb_checkpoints/homework_stepik_2-checkpoint.py for tasks to queue
[2024-10-02T19:35:49.271+0500] {logging_mixin.py:190} INFO - [2024-10-02T19:35:49.271+0500] {dagbag.py:587} INFO - Filling up the DagBag from /home/nicolaspc/airflow/dags/.ipynb_checkpoints/homework_stepik_2-checkpoint.py
[2024-10-02T19:35:50.390+0500] {processor.py:925} INFO - DAG(s) '3_models_dag_home_2' retrieved from /home/nicolaspc/airflow/dags/.ipynb_checkpoints/homework_stepik_2-checkpoint.py
[2024-10-02T19:35:50.493+0500] {logging_mixin.py:190} INFO - [2024-10-02T19:35:50.493+0500] {dag.py:3211} INFO - Sync 1 DAGs
[2024-10-02T19:35:50.493+0500] {logging_mixin.py:190} WARNING - Sync 1 DAGs
[2024-10-02T19:35:50.500+0500] {logging_mixin.py:190} INFO - [2024-10-02T19:35:50.500+0500] {dag.py:3234} INFO - Creating ORM DAG for 3_models_dag_home_2
[2024-10-02T19:35:50.501+0500] {logging_mixin.py:190} WARNING - Creating ORM DAG for 3_models_dag_home_2
[2024-10-02T19:35:50.509+0500] {logging_mixin.py:190} INFO - [2024-10-02T19:35:50.509+0500] {dag.py:4138} INFO - Setting next_dagrun for 3_models_dag_home_2 to 2024-10-01 01:00:00+00:00, run_after=2024-10-02 01:00:00+00:00
[2024-10-02T19:35:50.509+0500] {logging_mixin.py:190} WARNING - Setting next_dagrun for 3_models_dag_home_2 to 2024-10-01 01:00:00+00:00, run_after=2024-10-02 01:00:00+00:00
[2024-10-02T19:35:50.526+0500] {processor.py:208} INFO - Processing /home/nicolaspc/airflow/dags/.ipynb_checkpoints/homework_stepik_2-checkpoint.py took 1.261 seconds
[2024-10-02T19:36:20.981+0500] {processor.py:186} INFO - Started process (PID=37164) to work on /home/nicolaspc/airflow/dags/.ipynb_checkpoints/homework_stepik_2-checkpoint.py
[2024-10-02T19:36:20.982+0500] {processor.py:914} INFO - Processing file /home/nicolaspc/airflow/dags/.ipynb_checkpoints/homework_stepik_2-checkpoint.py for tasks to queue
[2024-10-02T19:36:20.983+0500] {logging_mixin.py:190} INFO - [2024-10-02T19:36:20.983+0500] {dagbag.py:587} INFO - Filling up the DagBag from /home/nicolaspc/airflow/dags/.ipynb_checkpoints/homework_stepik_2-checkpoint.py
[2024-10-02T19:36:21.975+0500] {processor.py:925} INFO - DAG(s) '3_models_dag_home_2' retrieved from /home/nicolaspc/airflow/dags/.ipynb_checkpoints/homework_stepik_2-checkpoint.py
[2024-10-02T19:36:21.996+0500] {logging_mixin.py:190} INFO - [2024-10-02T19:36:21.995+0500] {dag.py:3211} INFO - Sync 1 DAGs
[2024-10-02T19:36:21.996+0500] {logging_mixin.py:190} WARNING - Sync 1 DAGs
[2024-10-02T19:36:22.011+0500] {logging_mixin.py:190} INFO - [2024-10-02T19:36:22.011+0500] {dag.py:4138} INFO - Setting next_dagrun for 3_models_dag_home_2 to 2024-10-01 01:00:00+00:00, run_after=2024-10-02 01:00:00+00:00
[2024-10-02T19:36:22.012+0500] {logging_mixin.py:190} WARNING - Setting next_dagrun for 3_models_dag_home_2 to 2024-10-01 01:00:00+00:00, run_after=2024-10-02 01:00:00+00:00
[2024-10-02T19:36:22.026+0500] {processor.py:208} INFO - Processing /home/nicolaspc/airflow/dags/.ipynb_checkpoints/homework_stepik_2-checkpoint.py took 1.049 seconds
[2024-10-02T19:36:52.228+0500] {processor.py:186} INFO - Started process (PID=37666) to work on /home/nicolaspc/airflow/dags/.ipynb_checkpoints/homework_stepik_2-checkpoint.py
[2024-10-02T19:36:52.231+0500] {processor.py:914} INFO - Processing file /home/nicolaspc/airflow/dags/.ipynb_checkpoints/homework_stepik_2-checkpoint.py for tasks to queue
[2024-10-02T19:36:52.233+0500] {logging_mixin.py:190} INFO - [2024-10-02T19:36:52.232+0500] {dagbag.py:587} INFO - Filling up the DagBag from /home/nicolaspc/airflow/dags/.ipynb_checkpoints/homework_stepik_2-checkpoint.py
[2024-10-02T19:36:53.347+0500] {processor.py:925} INFO - DAG(s) '3_models_dag_home_2' retrieved from /home/nicolaspc/airflow/dags/.ipynb_checkpoints/homework_stepik_2-checkpoint.py
[2024-10-02T19:36:53.370+0500] {logging_mixin.py:190} INFO - [2024-10-02T19:36:53.370+0500] {dag.py:3211} INFO - Sync 1 DAGs
[2024-10-02T19:36:53.370+0500] {logging_mixin.py:190} WARNING - Sync 1 DAGs
[2024-10-02T19:36:53.387+0500] {logging_mixin.py:190} INFO - [2024-10-02T19:36:53.387+0500] {dag.py:4138} INFO - Setting next_dagrun for 3_models_dag_home_2 to 2024-10-01 01:00:00+00:00, run_after=2024-10-02 01:00:00+00:00
[2024-10-02T19:36:53.387+0500] {logging_mixin.py:190} WARNING - Setting next_dagrun for 3_models_dag_home_2 to 2024-10-01 01:00:00+00:00, run_after=2024-10-02 01:00:00+00:00
[2024-10-02T19:36:53.403+0500] {processor.py:208} INFO - Processing /home/nicolaspc/airflow/dags/.ipynb_checkpoints/homework_stepik_2-checkpoint.py took 1.181 seconds
[2024-10-02T19:37:24.257+0500] {processor.py:186} INFO - Started process (PID=38286) to work on /home/nicolaspc/airflow/dags/.ipynb_checkpoints/homework_stepik_2-checkpoint.py
[2024-10-02T19:37:24.257+0500] {processor.py:914} INFO - Processing file /home/nicolaspc/airflow/dags/.ipynb_checkpoints/homework_stepik_2-checkpoint.py for tasks to queue
[2024-10-02T19:37:24.259+0500] {logging_mixin.py:190} INFO - [2024-10-02T19:37:24.259+0500] {dagbag.py:587} INFO - Filling up the DagBag from /home/nicolaspc/airflow/dags/.ipynb_checkpoints/homework_stepik_2-checkpoint.py
[2024-10-02T19:37:25.227+0500] {processor.py:925} INFO - DAG(s) '3_models_dag_home_2' retrieved from /home/nicolaspc/airflow/dags/.ipynb_checkpoints/homework_stepik_2-checkpoint.py
[2024-10-02T19:37:25.248+0500] {logging_mixin.py:190} INFO - [2024-10-02T19:37:25.248+0500] {dag.py:3211} INFO - Sync 1 DAGs
[2024-10-02T19:37:25.248+0500] {logging_mixin.py:190} WARNING - Sync 1 DAGs
[2024-10-02T19:37:25.264+0500] {logging_mixin.py:190} INFO - [2024-10-02T19:37:25.264+0500] {dag.py:4138} INFO - Setting next_dagrun for 3_models_dag_home_2 to 2024-10-01 01:00:00+00:00, run_after=2024-10-02 01:00:00+00:00
[2024-10-02T19:37:25.264+0500] {logging_mixin.py:190} WARNING - Setting next_dagrun for 3_models_dag_home_2 to 2024-10-01 01:00:00+00:00, run_after=2024-10-02 01:00:00+00:00
[2024-10-02T19:37:25.280+0500] {processor.py:208} INFO - Processing /home/nicolaspc/airflow/dags/.ipynb_checkpoints/homework_stepik_2-checkpoint.py took 1.028 seconds
[2024-10-02T19:37:55.612+0500] {processor.py:186} INFO - Started process (PID=38801) to work on /home/nicolaspc/airflow/dags/.ipynb_checkpoints/homework_stepik_2-checkpoint.py
[2024-10-02T19:37:55.613+0500] {processor.py:914} INFO - Processing file /home/nicolaspc/airflow/dags/.ipynb_checkpoints/homework_stepik_2-checkpoint.py for tasks to queue
[2024-10-02T19:37:55.614+0500] {logging_mixin.py:190} INFO - [2024-10-02T19:37:55.614+0500] {dagbag.py:587} INFO - Filling up the DagBag from /home/nicolaspc/airflow/dags/.ipynb_checkpoints/homework_stepik_2-checkpoint.py
[2024-10-02T19:37:56.560+0500] {processor.py:925} INFO - DAG(s) '3_models_dag_home_2' retrieved from /home/nicolaspc/airflow/dags/.ipynb_checkpoints/homework_stepik_2-checkpoint.py
[2024-10-02T19:37:56.580+0500] {logging_mixin.py:190} INFO - [2024-10-02T19:37:56.579+0500] {dag.py:3211} INFO - Sync 1 DAGs
[2024-10-02T19:37:56.580+0500] {logging_mixin.py:190} WARNING - Sync 1 DAGs
[2024-10-02T19:37:56.594+0500] {logging_mixin.py:190} INFO - [2024-10-02T19:37:56.594+0500] {dag.py:4138} INFO - Setting next_dagrun for 3_models_dag_home_2 to 2024-10-01 01:00:00+00:00, run_after=2024-10-02 01:00:00+00:00
[2024-10-02T19:37:56.595+0500] {logging_mixin.py:190} WARNING - Setting next_dagrun for 3_models_dag_home_2 to 2024-10-01 01:00:00+00:00, run_after=2024-10-02 01:00:00+00:00
[2024-10-02T19:37:56.709+0500] {processor.py:208} INFO - Processing /home/nicolaspc/airflow/dags/.ipynb_checkpoints/homework_stepik_2-checkpoint.py took 1.101 seconds
[2024-10-02T19:38:26.767+0500] {processor.py:186} INFO - Started process (PID=39518) to work on /home/nicolaspc/airflow/dags/.ipynb_checkpoints/homework_stepik_2-checkpoint.py
[2024-10-02T19:38:26.767+0500] {processor.py:914} INFO - Processing file /home/nicolaspc/airflow/dags/.ipynb_checkpoints/homework_stepik_2-checkpoint.py for tasks to queue
[2024-10-02T19:38:26.768+0500] {logging_mixin.py:190} INFO - [2024-10-02T19:38:26.768+0500] {dagbag.py:587} INFO - Filling up the DagBag from /home/nicolaspc/airflow/dags/.ipynb_checkpoints/homework_stepik_2-checkpoint.py
[2024-10-02T19:38:27.793+0500] {processor.py:925} INFO - DAG(s) '3_models_dag_home_2' retrieved from /home/nicolaspc/airflow/dags/.ipynb_checkpoints/homework_stepik_2-checkpoint.py
[2024-10-02T19:38:27.823+0500] {logging_mixin.py:190} INFO - [2024-10-02T19:38:27.822+0500] {dag.py:3211} INFO - Sync 1 DAGs
[2024-10-02T19:38:27.823+0500] {logging_mixin.py:190} WARNING - Sync 1 DAGs
[2024-10-02T19:38:27.969+0500] {logging_mixin.py:190} INFO - [2024-10-02T19:38:27.969+0500] {dag.py:4138} INFO - Setting next_dagrun for 3_models_dag_home_2 to 2024-10-01 01:00:00+00:00, run_after=2024-10-02 01:00:00+00:00
[2024-10-02T19:38:27.969+0500] {logging_mixin.py:190} WARNING - Setting next_dagrun for 3_models_dag_home_2 to 2024-10-01 01:00:00+00:00, run_after=2024-10-02 01:00:00+00:00
[2024-10-02T19:38:27.995+0500] {processor.py:208} INFO - Processing /home/nicolaspc/airflow/dags/.ipynb_checkpoints/homework_stepik_2-checkpoint.py took 1.233 seconds
[2024-10-02T19:38:58.095+0500] {processor.py:186} INFO - Started process (PID=40032) to work on /home/nicolaspc/airflow/dags/.ipynb_checkpoints/homework_stepik_2-checkpoint.py
[2024-10-02T19:38:58.096+0500] {processor.py:914} INFO - Processing file /home/nicolaspc/airflow/dags/.ipynb_checkpoints/homework_stepik_2-checkpoint.py for tasks to queue
[2024-10-02T19:38:58.097+0500] {logging_mixin.py:190} INFO - [2024-10-02T19:38:58.097+0500] {dagbag.py:587} INFO - Filling up the DagBag from /home/nicolaspc/airflow/dags/.ipynb_checkpoints/homework_stepik_2-checkpoint.py
[2024-10-02T19:38:59.079+0500] {processor.py:925} INFO - DAG(s) '3_models_dag_home_2' retrieved from /home/nicolaspc/airflow/dags/.ipynb_checkpoints/homework_stepik_2-checkpoint.py
[2024-10-02T19:38:59.102+0500] {logging_mixin.py:190} INFO - [2024-10-02T19:38:59.101+0500] {dag.py:3211} INFO - Sync 1 DAGs
[2024-10-02T19:38:59.102+0500] {logging_mixin.py:190} WARNING - Sync 1 DAGs
[2024-10-02T19:38:59.118+0500] {logging_mixin.py:190} INFO - [2024-10-02T19:38:59.118+0500] {dag.py:4138} INFO - Setting next_dagrun for 3_models_dag_home_2 to 2024-10-01 01:00:00+00:00, run_after=2024-10-02 01:00:00+00:00
[2024-10-02T19:38:59.118+0500] {logging_mixin.py:190} WARNING - Setting next_dagrun for 3_models_dag_home_2 to 2024-10-01 01:00:00+00:00, run_after=2024-10-02 01:00:00+00:00
[2024-10-02T19:38:59.234+0500] {processor.py:208} INFO - Processing /home/nicolaspc/airflow/dags/.ipynb_checkpoints/homework_stepik_2-checkpoint.py took 1.143 seconds
[2024-10-02T19:39:29.588+0500] {processor.py:186} INFO - Started process (PID=40532) to work on /home/nicolaspc/airflow/dags/.ipynb_checkpoints/homework_stepik_2-checkpoint.py
[2024-10-02T19:39:29.589+0500] {processor.py:914} INFO - Processing file /home/nicolaspc/airflow/dags/.ipynb_checkpoints/homework_stepik_2-checkpoint.py for tasks to queue
[2024-10-02T19:39:29.590+0500] {logging_mixin.py:190} INFO - [2024-10-02T19:39:29.590+0500] {dagbag.py:587} INFO - Filling up the DagBag from /home/nicolaspc/airflow/dags/.ipynb_checkpoints/homework_stepik_2-checkpoint.py
[2024-10-02T19:39:30.747+0500] {processor.py:925} INFO - DAG(s) '3_models_dag_home_2' retrieved from /home/nicolaspc/airflow/dags/.ipynb_checkpoints/homework_stepik_2-checkpoint.py
[2024-10-02T19:39:30.781+0500] {logging_mixin.py:190} INFO - [2024-10-02T19:39:30.780+0500] {dag.py:3211} INFO - Sync 1 DAGs
[2024-10-02T19:39:30.781+0500] {logging_mixin.py:190} WARNING - Sync 1 DAGs
[2024-10-02T19:39:30.917+0500] {logging_mixin.py:190} INFO - [2024-10-02T19:39:30.917+0500] {dag.py:4138} INFO - Setting next_dagrun for 3_models_dag_home_2 to 2024-10-01 01:00:00+00:00, run_after=2024-10-02 01:00:00+00:00
[2024-10-02T19:39:30.917+0500] {logging_mixin.py:190} WARNING - Setting next_dagrun for 3_models_dag_home_2 to 2024-10-01 01:00:00+00:00, run_after=2024-10-02 01:00:00+00:00
[2024-10-02T19:39:30.945+0500] {processor.py:208} INFO - Processing /home/nicolaspc/airflow/dags/.ipynb_checkpoints/homework_stepik_2-checkpoint.py took 1.361 seconds
[2024-10-02T19:40:01.257+0500] {processor.py:186} INFO - Started process (PID=41056) to work on /home/nicolaspc/airflow/dags/.ipynb_checkpoints/homework_stepik_2-checkpoint.py
[2024-10-02T19:40:01.265+0500] {processor.py:914} INFO - Processing file /home/nicolaspc/airflow/dags/.ipynb_checkpoints/homework_stepik_2-checkpoint.py for tasks to queue
[2024-10-02T19:40:01.267+0500] {logging_mixin.py:190} INFO - [2024-10-02T19:40:01.267+0500] {dagbag.py:587} INFO - Filling up the DagBag from /home/nicolaspc/airflow/dags/.ipynb_checkpoints/homework_stepik_2-checkpoint.py
[2024-10-02T19:40:02.325+0500] {processor.py:925} INFO - DAG(s) '3_models_dag_home_2' retrieved from /home/nicolaspc/airflow/dags/.ipynb_checkpoints/homework_stepik_2-checkpoint.py
[2024-10-02T19:40:02.345+0500] {logging_mixin.py:190} INFO - [2024-10-02T19:40:02.345+0500] {dag.py:3211} INFO - Sync 1 DAGs
[2024-10-02T19:40:02.345+0500] {logging_mixin.py:190} WARNING - Sync 1 DAGs
[2024-10-02T19:40:02.361+0500] {logging_mixin.py:190} INFO - [2024-10-02T19:40:02.360+0500] {dag.py:4138} INFO - Setting next_dagrun for 3_models_dag_home_2 to 2024-10-01 01:00:00+00:00, run_after=2024-10-02 01:00:00+00:00
[2024-10-02T19:40:02.361+0500] {logging_mixin.py:190} WARNING - Setting next_dagrun for 3_models_dag_home_2 to 2024-10-01 01:00:00+00:00, run_after=2024-10-02 01:00:00+00:00
[2024-10-02T19:40:02.378+0500] {processor.py:208} INFO - Processing /home/nicolaspc/airflow/dags/.ipynb_checkpoints/homework_stepik_2-checkpoint.py took 1.125 seconds
[2024-10-02T19:40:32.852+0500] {processor.py:186} INFO - Started process (PID=41560) to work on /home/nicolaspc/airflow/dags/.ipynb_checkpoints/homework_stepik_2-checkpoint.py
[2024-10-02T19:40:32.853+0500] {processor.py:914} INFO - Processing file /home/nicolaspc/airflow/dags/.ipynb_checkpoints/homework_stepik_2-checkpoint.py for tasks to queue
[2024-10-02T19:40:32.854+0500] {logging_mixin.py:190} INFO - [2024-10-02T19:40:32.854+0500] {dagbag.py:587} INFO - Filling up the DagBag from /home/nicolaspc/airflow/dags/.ipynb_checkpoints/homework_stepik_2-checkpoint.py
[2024-10-02T19:40:33.964+0500] {processor.py:925} INFO - DAG(s) '3_models_dag_home_2' retrieved from /home/nicolaspc/airflow/dags/.ipynb_checkpoints/homework_stepik_2-checkpoint.py
[2024-10-02T19:40:33.985+0500] {logging_mixin.py:190} INFO - [2024-10-02T19:40:33.985+0500] {dag.py:3211} INFO - Sync 1 DAGs
[2024-10-02T19:40:33.985+0500] {logging_mixin.py:190} WARNING - Sync 1 DAGs
[2024-10-02T19:40:34.004+0500] {logging_mixin.py:190} INFO - [2024-10-02T19:40:34.004+0500] {dag.py:4138} INFO - Setting next_dagrun for 3_models_dag_home_2 to 2024-10-01 01:00:00+00:00, run_after=2024-10-02 01:00:00+00:00
[2024-10-02T19:40:34.004+0500] {logging_mixin.py:190} WARNING - Setting next_dagrun for 3_models_dag_home_2 to 2024-10-01 01:00:00+00:00, run_after=2024-10-02 01:00:00+00:00
[2024-10-02T19:40:34.020+0500] {processor.py:208} INFO - Processing /home/nicolaspc/airflow/dags/.ipynb_checkpoints/homework_stepik_2-checkpoint.py took 1.172 seconds
[2024-10-02T19:41:04.116+0500] {processor.py:186} INFO - Started process (PID=42084) to work on /home/nicolaspc/airflow/dags/.ipynb_checkpoints/homework_stepik_2-checkpoint.py
[2024-10-02T19:41:04.117+0500] {processor.py:914} INFO - Processing file /home/nicolaspc/airflow/dags/.ipynb_checkpoints/homework_stepik_2-checkpoint.py for tasks to queue
[2024-10-02T19:41:04.118+0500] {logging_mixin.py:190} INFO - [2024-10-02T19:41:04.118+0500] {dagbag.py:587} INFO - Filling up the DagBag from /home/nicolaspc/airflow/dags/.ipynb_checkpoints/homework_stepik_2-checkpoint.py
[2024-10-02T19:41:05.236+0500] {processor.py:925} INFO - DAG(s) '3_models_dag_home_2' retrieved from /home/nicolaspc/airflow/dags/.ipynb_checkpoints/homework_stepik_2-checkpoint.py
[2024-10-02T19:41:05.256+0500] {logging_mixin.py:190} INFO - [2024-10-02T19:41:05.255+0500] {dag.py:3211} INFO - Sync 1 DAGs
[2024-10-02T19:41:05.256+0500] {logging_mixin.py:190} WARNING - Sync 1 DAGs
[2024-10-02T19:41:05.272+0500] {logging_mixin.py:190} INFO - [2024-10-02T19:41:05.272+0500] {dag.py:4138} INFO - Setting next_dagrun for 3_models_dag_home_2 to 2024-10-01 01:00:00+00:00, run_after=2024-10-02 01:00:00+00:00
[2024-10-02T19:41:05.272+0500] {logging_mixin.py:190} WARNING - Setting next_dagrun for 3_models_dag_home_2 to 2024-10-01 01:00:00+00:00, run_after=2024-10-02 01:00:00+00:00
[2024-10-02T19:41:05.289+0500] {processor.py:208} INFO - Processing /home/nicolaspc/airflow/dags/.ipynb_checkpoints/homework_stepik_2-checkpoint.py took 1.178 seconds
[2024-10-02T19:41:35.348+0500] {processor.py:186} INFO - Started process (PID=42583) to work on /home/nicolaspc/airflow/dags/.ipynb_checkpoints/homework_stepik_2-checkpoint.py
[2024-10-02T19:41:35.353+0500] {processor.py:914} INFO - Processing file /home/nicolaspc/airflow/dags/.ipynb_checkpoints/homework_stepik_2-checkpoint.py for tasks to queue
[2024-10-02T19:41:35.355+0500] {logging_mixin.py:190} INFO - [2024-10-02T19:41:35.354+0500] {dagbag.py:587} INFO - Filling up the DagBag from /home/nicolaspc/airflow/dags/.ipynb_checkpoints/homework_stepik_2-checkpoint.py
[2024-10-02T19:41:36.411+0500] {processor.py:925} INFO - DAG(s) '3_models_dag_home_2' retrieved from /home/nicolaspc/airflow/dags/.ipynb_checkpoints/homework_stepik_2-checkpoint.py
[2024-10-02T19:41:36.431+0500] {logging_mixin.py:190} INFO - [2024-10-02T19:41:36.431+0500] {dag.py:3211} INFO - Sync 1 DAGs
[2024-10-02T19:41:36.431+0500] {logging_mixin.py:190} WARNING - Sync 1 DAGs
[2024-10-02T19:41:36.448+0500] {logging_mixin.py:190} INFO - [2024-10-02T19:41:36.448+0500] {dag.py:4138} INFO - Setting next_dagrun for 3_models_dag_home_2 to 2024-10-01 01:00:00+00:00, run_after=2024-10-02 01:00:00+00:00
[2024-10-02T19:41:36.448+0500] {logging_mixin.py:190} WARNING - Setting next_dagrun for 3_models_dag_home_2 to 2024-10-01 01:00:00+00:00, run_after=2024-10-02 01:00:00+00:00
[2024-10-02T19:41:36.463+0500] {processor.py:208} INFO - Processing /home/nicolaspc/airflow/dags/.ipynb_checkpoints/homework_stepik_2-checkpoint.py took 1.119 seconds
[2024-10-02T19:42:07.347+0500] {processor.py:186} INFO - Started process (PID=43054) to work on /home/nicolaspc/airflow/dags/.ipynb_checkpoints/homework_stepik_2-checkpoint.py
[2024-10-02T19:42:07.356+0500] {processor.py:914} INFO - Processing file /home/nicolaspc/airflow/dags/.ipynb_checkpoints/homework_stepik_2-checkpoint.py for tasks to queue
[2024-10-02T19:42:07.358+0500] {logging_mixin.py:190} INFO - [2024-10-02T19:42:07.358+0500] {dagbag.py:587} INFO - Filling up the DagBag from /home/nicolaspc/airflow/dags/.ipynb_checkpoints/homework_stepik_2-checkpoint.py
[2024-10-02T19:42:08.412+0500] {processor.py:925} INFO - DAG(s) '3_models_dag_home_2' retrieved from /home/nicolaspc/airflow/dags/.ipynb_checkpoints/homework_stepik_2-checkpoint.py
[2024-10-02T19:42:08.432+0500] {logging_mixin.py:190} INFO - [2024-10-02T19:42:08.431+0500] {dag.py:3211} INFO - Sync 1 DAGs
[2024-10-02T19:42:08.432+0500] {logging_mixin.py:190} WARNING - Sync 1 DAGs
[2024-10-02T19:42:08.449+0500] {logging_mixin.py:190} INFO - [2024-10-02T19:42:08.449+0500] {dag.py:4138} INFO - Setting next_dagrun for 3_models_dag_home_2 to 2024-10-01 01:00:00+00:00, run_after=2024-10-02 01:00:00+00:00
[2024-10-02T19:42:08.449+0500] {logging_mixin.py:190} WARNING - Setting next_dagrun for 3_models_dag_home_2 to 2024-10-01 01:00:00+00:00, run_after=2024-10-02 01:00:00+00:00
[2024-10-02T19:42:08.465+0500] {processor.py:208} INFO - Processing /home/nicolaspc/airflow/dags/.ipynb_checkpoints/homework_stepik_2-checkpoint.py took 1.122 seconds
[2024-10-02T19:42:39.240+0500] {processor.py:186} INFO - Started process (PID=43541) to work on /home/nicolaspc/airflow/dags/.ipynb_checkpoints/homework_stepik_2-checkpoint.py
[2024-10-02T19:42:39.241+0500] {processor.py:914} INFO - Processing file /home/nicolaspc/airflow/dags/.ipynb_checkpoints/homework_stepik_2-checkpoint.py for tasks to queue
[2024-10-02T19:42:39.242+0500] {logging_mixin.py:190} INFO - [2024-10-02T19:42:39.242+0500] {dagbag.py:587} INFO - Filling up the DagBag from /home/nicolaspc/airflow/dags/.ipynb_checkpoints/homework_stepik_2-checkpoint.py
[2024-10-02T19:42:40.298+0500] {processor.py:925} INFO - DAG(s) '3_models_dag_home_2' retrieved from /home/nicolaspc/airflow/dags/.ipynb_checkpoints/homework_stepik_2-checkpoint.py
[2024-10-02T19:42:40.318+0500] {logging_mixin.py:190} INFO - [2024-10-02T19:42:40.317+0500] {dag.py:3211} INFO - Sync 1 DAGs
[2024-10-02T19:42:40.318+0500] {logging_mixin.py:190} WARNING - Sync 1 DAGs
[2024-10-02T19:42:40.334+0500] {logging_mixin.py:190} INFO - [2024-10-02T19:42:40.334+0500] {dag.py:4138} INFO - Setting next_dagrun for 3_models_dag_home_2 to 2024-10-01 01:00:00+00:00, run_after=2024-10-02 01:00:00+00:00
[2024-10-02T19:42:40.334+0500] {logging_mixin.py:190} WARNING - Setting next_dagrun for 3_models_dag_home_2 to 2024-10-01 01:00:00+00:00, run_after=2024-10-02 01:00:00+00:00
[2024-10-02T19:42:40.349+0500] {processor.py:208} INFO - Processing /home/nicolaspc/airflow/dags/.ipynb_checkpoints/homework_stepik_2-checkpoint.py took 1.113 seconds
[2024-10-02T19:43:10.510+0500] {processor.py:186} INFO - Started process (PID=44005) to work on /home/nicolaspc/airflow/dags/.ipynb_checkpoints/homework_stepik_2-checkpoint.py
[2024-10-02T19:43:10.519+0500] {processor.py:914} INFO - Processing file /home/nicolaspc/airflow/dags/.ipynb_checkpoints/homework_stepik_2-checkpoint.py for tasks to queue
[2024-10-02T19:43:10.521+0500] {logging_mixin.py:190} INFO - [2024-10-02T19:43:10.521+0500] {dagbag.py:587} INFO - Filling up the DagBag from /home/nicolaspc/airflow/dags/.ipynb_checkpoints/homework_stepik_2-checkpoint.py
[2024-10-02T19:43:11.597+0500] {processor.py:925} INFO - DAG(s) '3_models_dag_home_2' retrieved from /home/nicolaspc/airflow/dags/.ipynb_checkpoints/homework_stepik_2-checkpoint.py
[2024-10-02T19:43:11.616+0500] {logging_mixin.py:190} INFO - [2024-10-02T19:43:11.616+0500] {dag.py:3211} INFO - Sync 1 DAGs
[2024-10-02T19:43:11.617+0500] {logging_mixin.py:190} WARNING - Sync 1 DAGs
[2024-10-02T19:43:11.631+0500] {logging_mixin.py:190} INFO - [2024-10-02T19:43:11.630+0500] {dag.py:4138} INFO - Setting next_dagrun for 3_models_dag_home_2 to 2024-10-01 01:00:00+00:00, run_after=2024-10-02 01:00:00+00:00
[2024-10-02T19:43:11.631+0500] {logging_mixin.py:190} WARNING - Setting next_dagrun for 3_models_dag_home_2 to 2024-10-01 01:00:00+00:00, run_after=2024-10-02 01:00:00+00:00
[2024-10-02T19:43:11.646+0500] {processor.py:208} INFO - Processing /home/nicolaspc/airflow/dags/.ipynb_checkpoints/homework_stepik_2-checkpoint.py took 1.140 seconds
[2024-10-02T19:43:42.423+0500] {processor.py:186} INFO - Started process (PID=44498) to work on /home/nicolaspc/airflow/dags/.ipynb_checkpoints/homework_stepik_2-checkpoint.py
[2024-10-02T19:43:42.424+0500] {processor.py:914} INFO - Processing file /home/nicolaspc/airflow/dags/.ipynb_checkpoints/homework_stepik_2-checkpoint.py for tasks to queue
[2024-10-02T19:43:42.425+0500] {logging_mixin.py:190} INFO - [2024-10-02T19:43:42.425+0500] {dagbag.py:587} INFO - Filling up the DagBag from /home/nicolaspc/airflow/dags/.ipynb_checkpoints/homework_stepik_2-checkpoint.py
[2024-10-02T19:43:43.481+0500] {processor.py:925} INFO - DAG(s) '3_models_dag_home_2' retrieved from /home/nicolaspc/airflow/dags/.ipynb_checkpoints/homework_stepik_2-checkpoint.py
[2024-10-02T19:43:43.510+0500] {logging_mixin.py:190} INFO - [2024-10-02T19:43:43.509+0500] {dag.py:3211} INFO - Sync 1 DAGs
[2024-10-02T19:43:43.510+0500] {logging_mixin.py:190} WARNING - Sync 1 DAGs
[2024-10-02T19:43:43.526+0500] {logging_mixin.py:190} INFO - [2024-10-02T19:43:43.526+0500] {dag.py:4138} INFO - Setting next_dagrun for 3_models_dag_home_2 to 2024-10-01 01:00:00+00:00, run_after=2024-10-02 01:00:00+00:00
[2024-10-02T19:43:43.526+0500] {logging_mixin.py:190} WARNING - Setting next_dagrun for 3_models_dag_home_2 to 2024-10-01 01:00:00+00:00, run_after=2024-10-02 01:00:00+00:00
[2024-10-02T19:43:43.540+0500] {processor.py:208} INFO - Processing /home/nicolaspc/airflow/dags/.ipynb_checkpoints/homework_stepik_2-checkpoint.py took 1.127 seconds
[2024-10-02T19:44:14.410+0500] {processor.py:186} INFO - Started process (PID=44977) to work on /home/nicolaspc/airflow/dags/.ipynb_checkpoints/homework_stepik_2-checkpoint.py
[2024-10-02T19:44:14.410+0500] {processor.py:914} INFO - Processing file /home/nicolaspc/airflow/dags/.ipynb_checkpoints/homework_stepik_2-checkpoint.py for tasks to queue
[2024-10-02T19:44:14.412+0500] {logging_mixin.py:190} INFO - [2024-10-02T19:44:14.412+0500] {dagbag.py:587} INFO - Filling up the DagBag from /home/nicolaspc/airflow/dags/.ipynb_checkpoints/homework_stepik_2-checkpoint.py
[2024-10-02T19:44:15.474+0500] {processor.py:925} INFO - DAG(s) '3_models_dag_home_2' retrieved from /home/nicolaspc/airflow/dags/.ipynb_checkpoints/homework_stepik_2-checkpoint.py
[2024-10-02T19:44:15.493+0500] {logging_mixin.py:190} INFO - [2024-10-02T19:44:15.492+0500] {dag.py:3211} INFO - Sync 1 DAGs
[2024-10-02T19:44:15.493+0500] {logging_mixin.py:190} WARNING - Sync 1 DAGs
[2024-10-02T19:44:15.507+0500] {logging_mixin.py:190} INFO - [2024-10-02T19:44:15.507+0500] {dag.py:4138} INFO - Setting next_dagrun for 3_models_dag_home_2 to 2024-10-01 01:00:00+00:00, run_after=2024-10-02 01:00:00+00:00
[2024-10-02T19:44:15.507+0500] {logging_mixin.py:190} WARNING - Setting next_dagrun for 3_models_dag_home_2 to 2024-10-01 01:00:00+00:00, run_after=2024-10-02 01:00:00+00:00
[2024-10-02T19:44:15.522+0500] {processor.py:208} INFO - Processing /home/nicolaspc/airflow/dags/.ipynb_checkpoints/homework_stepik_2-checkpoint.py took 1.116 seconds
[2024-10-02T19:44:45.761+0500] {processor.py:186} INFO - Started process (PID=45455) to work on /home/nicolaspc/airflow/dags/.ipynb_checkpoints/homework_stepik_2-checkpoint.py
[2024-10-02T19:44:45.770+0500] {processor.py:914} INFO - Processing file /home/nicolaspc/airflow/dags/.ipynb_checkpoints/homework_stepik_2-checkpoint.py for tasks to queue
[2024-10-02T19:44:45.772+0500] {logging_mixin.py:190} INFO - [2024-10-02T19:44:45.772+0500] {dagbag.py:587} INFO - Filling up the DagBag from /home/nicolaspc/airflow/dags/.ipynb_checkpoints/homework_stepik_2-checkpoint.py
[2024-10-02T19:44:46.830+0500] {processor.py:925} INFO - DAG(s) '3_models_dag_home_2' retrieved from /home/nicolaspc/airflow/dags/.ipynb_checkpoints/homework_stepik_2-checkpoint.py
[2024-10-02T19:44:46.851+0500] {logging_mixin.py:190} INFO - [2024-10-02T19:44:46.851+0500] {dag.py:3211} INFO - Sync 1 DAGs
[2024-10-02T19:44:46.851+0500] {logging_mixin.py:190} WARNING - Sync 1 DAGs
[2024-10-02T19:44:46.873+0500] {logging_mixin.py:190} INFO - [2024-10-02T19:44:46.873+0500] {dag.py:4138} INFO - Setting next_dagrun for 3_models_dag_home_2 to 2024-10-01 01:00:00+00:00, run_after=2024-10-02 01:00:00+00:00
[2024-10-02T19:44:46.873+0500] {logging_mixin.py:190} WARNING - Setting next_dagrun for 3_models_dag_home_2 to 2024-10-01 01:00:00+00:00, run_after=2024-10-02 01:00:00+00:00
[2024-10-02T19:44:46.888+0500] {processor.py:208} INFO - Processing /home/nicolaspc/airflow/dags/.ipynb_checkpoints/homework_stepik_2-checkpoint.py took 1.131 seconds
[2024-10-02T19:45:17.663+0500] {processor.py:186} INFO - Started process (PID=45933) to work on /home/nicolaspc/airflow/dags/.ipynb_checkpoints/homework_stepik_2-checkpoint.py
[2024-10-02T19:45:17.664+0500] {processor.py:914} INFO - Processing file /home/nicolaspc/airflow/dags/.ipynb_checkpoints/homework_stepik_2-checkpoint.py for tasks to queue
[2024-10-02T19:45:17.665+0500] {logging_mixin.py:190} INFO - [2024-10-02T19:45:17.665+0500] {dagbag.py:587} INFO - Filling up the DagBag from /home/nicolaspc/airflow/dags/.ipynb_checkpoints/homework_stepik_2-checkpoint.py
[2024-10-02T19:45:18.714+0500] {processor.py:925} INFO - DAG(s) '3_models_dag_home_2' retrieved from /home/nicolaspc/airflow/dags/.ipynb_checkpoints/homework_stepik_2-checkpoint.py
[2024-10-02T19:45:18.735+0500] {logging_mixin.py:190} INFO - [2024-10-02T19:45:18.735+0500] {dag.py:3211} INFO - Sync 1 DAGs
[2024-10-02T19:45:18.735+0500] {logging_mixin.py:190} WARNING - Sync 1 DAGs
[2024-10-02T19:45:18.750+0500] {logging_mixin.py:190} INFO - [2024-10-02T19:45:18.750+0500] {dag.py:4138} INFO - Setting next_dagrun for 3_models_dag_home_2 to 2024-10-01 01:00:00+00:00, run_after=2024-10-02 01:00:00+00:00
[2024-10-02T19:45:18.750+0500] {logging_mixin.py:190} WARNING - Setting next_dagrun for 3_models_dag_home_2 to 2024-10-01 01:00:00+00:00, run_after=2024-10-02 01:00:00+00:00
[2024-10-02T19:45:18.766+0500] {processor.py:208} INFO - Processing /home/nicolaspc/airflow/dags/.ipynb_checkpoints/homework_stepik_2-checkpoint.py took 1.107 seconds
[2024-10-02T19:45:49.646+0500] {processor.py:186} INFO - Started process (PID=46399) to work on /home/nicolaspc/airflow/dags/.ipynb_checkpoints/homework_stepik_2-checkpoint.py
[2024-10-02T19:45:49.655+0500] {processor.py:914} INFO - Processing file /home/nicolaspc/airflow/dags/.ipynb_checkpoints/homework_stepik_2-checkpoint.py for tasks to queue
[2024-10-02T19:45:49.657+0500] {logging_mixin.py:190} INFO - [2024-10-02T19:45:49.656+0500] {dagbag.py:587} INFO - Filling up the DagBag from /home/nicolaspc/airflow/dags/.ipynb_checkpoints/homework_stepik_2-checkpoint.py
[2024-10-02T19:45:50.717+0500] {processor.py:925} INFO - DAG(s) '3_models_dag_home_2' retrieved from /home/nicolaspc/airflow/dags/.ipynb_checkpoints/homework_stepik_2-checkpoint.py
[2024-10-02T19:45:50.742+0500] {logging_mixin.py:190} INFO - [2024-10-02T19:45:50.742+0500] {dag.py:3211} INFO - Sync 1 DAGs
[2024-10-02T19:45:50.742+0500] {logging_mixin.py:190} WARNING - Sync 1 DAGs
[2024-10-02T19:45:50.763+0500] {logging_mixin.py:190} INFO - [2024-10-02T19:45:50.763+0500] {dag.py:4138} INFO - Setting next_dagrun for 3_models_dag_home_2 to 2024-10-01 01:00:00+00:00, run_after=2024-10-02 01:00:00+00:00
[2024-10-02T19:45:50.763+0500] {logging_mixin.py:190} WARNING - Setting next_dagrun for 3_models_dag_home_2 to 2024-10-01 01:00:00+00:00, run_after=2024-10-02 01:00:00+00:00
[2024-10-02T19:45:50.787+0500] {processor.py:208} INFO - Processing /home/nicolaspc/airflow/dags/.ipynb_checkpoints/homework_stepik_2-checkpoint.py took 1.146 seconds
[2024-10-02T19:46:20.845+0500] {processor.py:186} INFO - Started process (PID=46939) to work on /home/nicolaspc/airflow/dags/.ipynb_checkpoints/homework_stepik_2-checkpoint.py
[2024-10-02T19:46:20.846+0500] {processor.py:914} INFO - Processing file /home/nicolaspc/airflow/dags/.ipynb_checkpoints/homework_stepik_2-checkpoint.py for tasks to queue
[2024-10-02T19:46:20.847+0500] {logging_mixin.py:190} INFO - [2024-10-02T19:46:20.847+0500] {dagbag.py:587} INFO - Filling up the DagBag from /home/nicolaspc/airflow/dags/.ipynb_checkpoints/homework_stepik_2-checkpoint.py
[2024-10-02T19:46:21.899+0500] {processor.py:925} INFO - DAG(s) '3_models_dag_home_2' retrieved from /home/nicolaspc/airflow/dags/.ipynb_checkpoints/homework_stepik_2-checkpoint.py
[2024-10-02T19:46:21.918+0500] {logging_mixin.py:190} INFO - [2024-10-02T19:46:21.918+0500] {dag.py:3211} INFO - Sync 1 DAGs
[2024-10-02T19:46:21.918+0500] {logging_mixin.py:190} WARNING - Sync 1 DAGs
[2024-10-02T19:46:21.932+0500] {logging_mixin.py:190} INFO - [2024-10-02T19:46:21.932+0500] {dag.py:4138} INFO - Setting next_dagrun for 3_models_dag_home_2 to 2024-10-01 01:00:00+00:00, run_after=2024-10-02 01:00:00+00:00
[2024-10-02T19:46:21.932+0500] {logging_mixin.py:190} WARNING - Setting next_dagrun for 3_models_dag_home_2 to 2024-10-01 01:00:00+00:00, run_after=2024-10-02 01:00:00+00:00
[2024-10-02T19:46:21.947+0500] {processor.py:208} INFO - Processing /home/nicolaspc/airflow/dags/.ipynb_checkpoints/homework_stepik_2-checkpoint.py took 1.107 seconds
[2024-10-02T19:46:52.161+0500] {processor.py:186} INFO - Started process (PID=47408) to work on /home/nicolaspc/airflow/dags/.ipynb_checkpoints/homework_stepik_2-checkpoint.py
[2024-10-02T19:46:52.171+0500] {processor.py:914} INFO - Processing file /home/nicolaspc/airflow/dags/.ipynb_checkpoints/homework_stepik_2-checkpoint.py for tasks to queue
[2024-10-02T19:46:52.173+0500] {logging_mixin.py:190} INFO - [2024-10-02T19:46:52.173+0500] {dagbag.py:587} INFO - Filling up the DagBag from /home/nicolaspc/airflow/dags/.ipynb_checkpoints/homework_stepik_2-checkpoint.py
[2024-10-02T19:46:53.298+0500] {processor.py:925} INFO - DAG(s) '3_models_dag_home_2' retrieved from /home/nicolaspc/airflow/dags/.ipynb_checkpoints/homework_stepik_2-checkpoint.py
[2024-10-02T19:46:53.320+0500] {logging_mixin.py:190} INFO - [2024-10-02T19:46:53.320+0500] {dag.py:3211} INFO - Sync 1 DAGs
[2024-10-02T19:46:53.320+0500] {logging_mixin.py:190} WARNING - Sync 1 DAGs
[2024-10-02T19:46:53.337+0500] {logging_mixin.py:190} INFO - [2024-10-02T19:46:53.337+0500] {dag.py:4138} INFO - Setting next_dagrun for 3_models_dag_home_2 to 2024-10-01 01:00:00+00:00, run_after=2024-10-02 01:00:00+00:00
[2024-10-02T19:46:53.337+0500] {logging_mixin.py:190} WARNING - Setting next_dagrun for 3_models_dag_home_2 to 2024-10-01 01:00:00+00:00, run_after=2024-10-02 01:00:00+00:00
[2024-10-02T19:46:53.353+0500] {processor.py:208} INFO - Processing /home/nicolaspc/airflow/dags/.ipynb_checkpoints/homework_stepik_2-checkpoint.py took 1.196 seconds
[2024-10-02T19:47:23.653+0500] {processor.py:186} INFO - Started process (PID=47910) to work on /home/nicolaspc/airflow/dags/.ipynb_checkpoints/homework_stepik_2-checkpoint.py
[2024-10-02T19:47:23.661+0500] {processor.py:914} INFO - Processing file /home/nicolaspc/airflow/dags/.ipynb_checkpoints/homework_stepik_2-checkpoint.py for tasks to queue
[2024-10-02T19:47:23.664+0500] {logging_mixin.py:190} INFO - [2024-10-02T19:47:23.664+0500] {dagbag.py:587} INFO - Filling up the DagBag from /home/nicolaspc/airflow/dags/.ipynb_checkpoints/homework_stepik_2-checkpoint.py
[2024-10-02T19:47:24.725+0500] {processor.py:925} INFO - DAG(s) '3_models_dag_home_2' retrieved from /home/nicolaspc/airflow/dags/.ipynb_checkpoints/homework_stepik_2-checkpoint.py
[2024-10-02T19:47:24.746+0500] {logging_mixin.py:190} INFO - [2024-10-02T19:47:24.746+0500] {dag.py:3211} INFO - Sync 1 DAGs
[2024-10-02T19:47:24.746+0500] {logging_mixin.py:190} WARNING - Sync 1 DAGs
[2024-10-02T19:47:24.763+0500] {logging_mixin.py:190} INFO - [2024-10-02T19:47:24.763+0500] {dag.py:4138} INFO - Setting next_dagrun for 3_models_dag_home_2 to 2024-10-01 01:00:00+00:00, run_after=2024-10-02 01:00:00+00:00
[2024-10-02T19:47:24.763+0500] {logging_mixin.py:190} WARNING - Setting next_dagrun for 3_models_dag_home_2 to 2024-10-01 01:00:00+00:00, run_after=2024-10-02 01:00:00+00:00
[2024-10-02T19:47:24.778+0500] {processor.py:208} INFO - Processing /home/nicolaspc/airflow/dags/.ipynb_checkpoints/homework_stepik_2-checkpoint.py took 1.129 seconds
[2024-10-02T19:47:54.994+0500] {processor.py:186} INFO - Started process (PID=48389) to work on /home/nicolaspc/airflow/dags/.ipynb_checkpoints/homework_stepik_2-checkpoint.py
[2024-10-02T19:47:54.994+0500] {processor.py:914} INFO - Processing file /home/nicolaspc/airflow/dags/.ipynb_checkpoints/homework_stepik_2-checkpoint.py for tasks to queue
[2024-10-02T19:47:54.997+0500] {logging_mixin.py:190} INFO - [2024-10-02T19:47:54.996+0500] {dagbag.py:587} INFO - Filling up the DagBag from /home/nicolaspc/airflow/dags/.ipynb_checkpoints/homework_stepik_2-checkpoint.py
[2024-10-02T19:47:56.057+0500] {processor.py:925} INFO - DAG(s) '3_models_dag_home_2' retrieved from /home/nicolaspc/airflow/dags/.ipynb_checkpoints/homework_stepik_2-checkpoint.py
[2024-10-02T19:47:56.078+0500] {logging_mixin.py:190} INFO - [2024-10-02T19:47:56.078+0500] {dag.py:3211} INFO - Sync 1 DAGs
[2024-10-02T19:47:56.078+0500] {logging_mixin.py:190} WARNING - Sync 1 DAGs
[2024-10-02T19:47:56.095+0500] {logging_mixin.py:190} INFO - [2024-10-02T19:47:56.095+0500] {dag.py:4138} INFO - Setting next_dagrun for 3_models_dag_home_2 to 2024-10-01 01:00:00+00:00, run_after=2024-10-02 01:00:00+00:00
[2024-10-02T19:47:56.095+0500] {logging_mixin.py:190} WARNING - Setting next_dagrun for 3_models_dag_home_2 to 2024-10-01 01:00:00+00:00, run_after=2024-10-02 01:00:00+00:00
[2024-10-02T19:47:56.110+0500] {processor.py:208} INFO - Processing /home/nicolaspc/airflow/dags/.ipynb_checkpoints/homework_stepik_2-checkpoint.py took 1.123 seconds
[2024-10-02T19:48:26.163+0500] {processor.py:186} INFO - Started process (PID=48891) to work on /home/nicolaspc/airflow/dags/.ipynb_checkpoints/homework_stepik_2-checkpoint.py
[2024-10-02T19:48:26.171+0500] {processor.py:914} INFO - Processing file /home/nicolaspc/airflow/dags/.ipynb_checkpoints/homework_stepik_2-checkpoint.py for tasks to queue
[2024-10-02T19:48:26.174+0500] {logging_mixin.py:190} INFO - [2024-10-02T19:48:26.174+0500] {dagbag.py:587} INFO - Filling up the DagBag from /home/nicolaspc/airflow/dags/.ipynb_checkpoints/homework_stepik_2-checkpoint.py
[2024-10-02T19:48:27.361+0500] {processor.py:925} INFO - DAG(s) '3_models_dag_home_2' retrieved from /home/nicolaspc/airflow/dags/.ipynb_checkpoints/homework_stepik_2-checkpoint.py
[2024-10-02T19:48:27.391+0500] {logging_mixin.py:190} INFO - [2024-10-02T19:48:27.390+0500] {dag.py:3211} INFO - Sync 1 DAGs
[2024-10-02T19:48:27.391+0500] {logging_mixin.py:190} WARNING - Sync 1 DAGs
[2024-10-02T19:48:27.419+0500] {logging_mixin.py:190} INFO - [2024-10-02T19:48:27.419+0500] {dag.py:4138} INFO - Setting next_dagrun for 3_models_dag_home_2 to 2024-10-01 01:00:00+00:00, run_after=2024-10-02 01:00:00+00:00
[2024-10-02T19:48:27.420+0500] {logging_mixin.py:190} WARNING - Setting next_dagrun for 3_models_dag_home_2 to 2024-10-01 01:00:00+00:00, run_after=2024-10-02 01:00:00+00:00
[2024-10-02T19:48:27.445+0500] {processor.py:208} INFO - Processing /home/nicolaspc/airflow/dags/.ipynb_checkpoints/homework_stepik_2-checkpoint.py took 1.287 seconds
[2024-10-02T19:48:57.532+0500] {processor.py:186} INFO - Started process (PID=49387) to work on /home/nicolaspc/airflow/dags/.ipynb_checkpoints/homework_stepik_2-checkpoint.py
[2024-10-02T19:48:57.532+0500] {processor.py:914} INFO - Processing file /home/nicolaspc/airflow/dags/.ipynb_checkpoints/homework_stepik_2-checkpoint.py for tasks to queue
[2024-10-02T19:48:57.534+0500] {logging_mixin.py:190} INFO - [2024-10-02T19:48:57.533+0500] {dagbag.py:587} INFO - Filling up the DagBag from /home/nicolaspc/airflow/dags/.ipynb_checkpoints/homework_stepik_2-checkpoint.py
[2024-10-02T19:48:58.666+0500] {processor.py:925} INFO - DAG(s) '3_models_dag_home_2' retrieved from /home/nicolaspc/airflow/dags/.ipynb_checkpoints/homework_stepik_2-checkpoint.py
[2024-10-02T19:48:58.686+0500] {logging_mixin.py:190} INFO - [2024-10-02T19:48:58.686+0500] {dag.py:3211} INFO - Sync 1 DAGs
[2024-10-02T19:48:58.686+0500] {logging_mixin.py:190} WARNING - Sync 1 DAGs
[2024-10-02T19:48:58.703+0500] {logging_mixin.py:190} INFO - [2024-10-02T19:48:58.703+0500] {dag.py:4138} INFO - Setting next_dagrun for 3_models_dag_home_2 to 2024-10-01 01:00:00+00:00, run_after=2024-10-02 01:00:00+00:00
[2024-10-02T19:48:58.703+0500] {logging_mixin.py:190} WARNING - Setting next_dagrun for 3_models_dag_home_2 to 2024-10-01 01:00:00+00:00, run_after=2024-10-02 01:00:00+00:00
[2024-10-02T19:48:58.720+0500] {processor.py:208} INFO - Processing /home/nicolaspc/airflow/dags/.ipynb_checkpoints/homework_stepik_2-checkpoint.py took 1.193 seconds
[2024-10-02T19:49:28.870+0500] {processor.py:186} INFO - Started process (PID=49864) to work on /home/nicolaspc/airflow/dags/.ipynb_checkpoints/homework_stepik_2-checkpoint.py
[2024-10-02T19:49:28.879+0500] {processor.py:914} INFO - Processing file /home/nicolaspc/airflow/dags/.ipynb_checkpoints/homework_stepik_2-checkpoint.py for tasks to queue
[2024-10-02T19:49:28.880+0500] {logging_mixin.py:190} INFO - [2024-10-02T19:49:28.880+0500] {dagbag.py:587} INFO - Filling up the DagBag from /home/nicolaspc/airflow/dags/.ipynb_checkpoints/homework_stepik_2-checkpoint.py
[2024-10-02T19:49:29.996+0500] {processor.py:925} INFO - DAG(s) '3_models_dag_home_2' retrieved from /home/nicolaspc/airflow/dags/.ipynb_checkpoints/homework_stepik_2-checkpoint.py
[2024-10-02T19:49:30.017+0500] {logging_mixin.py:190} INFO - [2024-10-02T19:49:30.017+0500] {dag.py:3211} INFO - Sync 1 DAGs
[2024-10-02T19:49:30.017+0500] {logging_mixin.py:190} WARNING - Sync 1 DAGs
[2024-10-02T19:49:30.033+0500] {logging_mixin.py:190} INFO - [2024-10-02T19:49:30.033+0500] {dag.py:4138} INFO - Setting next_dagrun for 3_models_dag_home_2 to 2024-10-01 01:00:00+00:00, run_after=2024-10-02 01:00:00+00:00
[2024-10-02T19:49:30.034+0500] {logging_mixin.py:190} WARNING - Setting next_dagrun for 3_models_dag_home_2 to 2024-10-01 01:00:00+00:00, run_after=2024-10-02 01:00:00+00:00
[2024-10-02T19:49:30.052+0500] {processor.py:208} INFO - Processing /home/nicolaspc/airflow/dags/.ipynb_checkpoints/homework_stepik_2-checkpoint.py took 1.186 seconds
[2024-10-02T19:50:00.135+0500] {processor.py:186} INFO - Started process (PID=50363) to work on /home/nicolaspc/airflow/dags/.ipynb_checkpoints/homework_stepik_2-checkpoint.py
[2024-10-02T19:50:00.136+0500] {processor.py:914} INFO - Processing file /home/nicolaspc/airflow/dags/.ipynb_checkpoints/homework_stepik_2-checkpoint.py for tasks to queue
[2024-10-02T19:50:00.137+0500] {logging_mixin.py:190} INFO - [2024-10-02T19:50:00.137+0500] {dagbag.py:587} INFO - Filling up the DagBag from /home/nicolaspc/airflow/dags/.ipynb_checkpoints/homework_stepik_2-checkpoint.py
[2024-10-02T19:50:01.310+0500] {processor.py:925} INFO - DAG(s) '3_models_dag_home_2' retrieved from /home/nicolaspc/airflow/dags/.ipynb_checkpoints/homework_stepik_2-checkpoint.py
[2024-10-02T19:50:01.331+0500] {logging_mixin.py:190} INFO - [2024-10-02T19:50:01.330+0500] {dag.py:3211} INFO - Sync 1 DAGs
[2024-10-02T19:50:01.331+0500] {logging_mixin.py:190} WARNING - Sync 1 DAGs
[2024-10-02T19:50:01.348+0500] {logging_mixin.py:190} INFO - [2024-10-02T19:50:01.348+0500] {dag.py:4138} INFO - Setting next_dagrun for 3_models_dag_home_2 to 2024-10-01 01:00:00+00:00, run_after=2024-10-02 01:00:00+00:00
[2024-10-02T19:50:01.348+0500] {logging_mixin.py:190} WARNING - Setting next_dagrun for 3_models_dag_home_2 to 2024-10-01 01:00:00+00:00, run_after=2024-10-02 01:00:00+00:00
[2024-10-02T19:50:01.366+0500] {processor.py:208} INFO - Processing /home/nicolaspc/airflow/dags/.ipynb_checkpoints/homework_stepik_2-checkpoint.py took 1.235 seconds
[2024-10-02T19:50:31.439+0500] {processor.py:186} INFO - Started process (PID=50866) to work on /home/nicolaspc/airflow/dags/.ipynb_checkpoints/homework_stepik_2-checkpoint.py
[2024-10-02T19:50:31.448+0500] {processor.py:914} INFO - Processing file /home/nicolaspc/airflow/dags/.ipynb_checkpoints/homework_stepik_2-checkpoint.py for tasks to queue
[2024-10-02T19:50:31.450+0500] {logging_mixin.py:190} INFO - [2024-10-02T19:50:31.450+0500] {dagbag.py:587} INFO - Filling up the DagBag from /home/nicolaspc/airflow/dags/.ipynb_checkpoints/homework_stepik_2-checkpoint.py
[2024-10-02T19:50:32.498+0500] {processor.py:925} INFO - DAG(s) '3_models_dag_home_2' retrieved from /home/nicolaspc/airflow/dags/.ipynb_checkpoints/homework_stepik_2-checkpoint.py
[2024-10-02T19:50:32.522+0500] {logging_mixin.py:190} INFO - [2024-10-02T19:50:32.521+0500] {dag.py:3211} INFO - Sync 1 DAGs
[2024-10-02T19:50:32.522+0500] {logging_mixin.py:190} WARNING - Sync 1 DAGs
[2024-10-02T19:50:32.542+0500] {logging_mixin.py:190} INFO - [2024-10-02T19:50:32.542+0500] {dag.py:4138} INFO - Setting next_dagrun for 3_models_dag_home_2 to 2024-10-01 01:00:00+00:00, run_after=2024-10-02 01:00:00+00:00
[2024-10-02T19:50:32.542+0500] {logging_mixin.py:190} WARNING - Setting next_dagrun for 3_models_dag_home_2 to 2024-10-01 01:00:00+00:00, run_after=2024-10-02 01:00:00+00:00
[2024-10-02T19:50:32.558+0500] {processor.py:208} INFO - Processing /home/nicolaspc/airflow/dags/.ipynb_checkpoints/homework_stepik_2-checkpoint.py took 1.123 seconds
[2024-10-02T19:51:03.534+0500] {processor.py:186} INFO - Started process (PID=51378) to work on /home/nicolaspc/airflow/dags/.ipynb_checkpoints/homework_stepik_2-checkpoint.py
[2024-10-02T19:51:03.539+0500] {processor.py:914} INFO - Processing file /home/nicolaspc/airflow/dags/.ipynb_checkpoints/homework_stepik_2-checkpoint.py for tasks to queue
[2024-10-02T19:51:03.541+0500] {logging_mixin.py:190} INFO - [2024-10-02T19:51:03.540+0500] {dagbag.py:587} INFO - Filling up the DagBag from /home/nicolaspc/airflow/dags/.ipynb_checkpoints/homework_stepik_2-checkpoint.py
[2024-10-02T19:51:04.606+0500] {processor.py:925} INFO - DAG(s) '3_models_dag_home_2' retrieved from /home/nicolaspc/airflow/dags/.ipynb_checkpoints/homework_stepik_2-checkpoint.py
[2024-10-02T19:51:04.626+0500] {logging_mixin.py:190} INFO - [2024-10-02T19:51:04.626+0500] {dag.py:3211} INFO - Sync 1 DAGs
[2024-10-02T19:51:04.626+0500] {logging_mixin.py:190} WARNING - Sync 1 DAGs
[2024-10-02T19:51:04.643+0500] {logging_mixin.py:190} INFO - [2024-10-02T19:51:04.643+0500] {dag.py:4138} INFO - Setting next_dagrun for 3_models_dag_home_2 to 2024-10-01 01:00:00+00:00, run_after=2024-10-02 01:00:00+00:00
[2024-10-02T19:51:04.644+0500] {logging_mixin.py:190} WARNING - Setting next_dagrun for 3_models_dag_home_2 to 2024-10-01 01:00:00+00:00, run_after=2024-10-02 01:00:00+00:00
[2024-10-02T19:51:04.659+0500] {processor.py:208} INFO - Processing /home/nicolaspc/airflow/dags/.ipynb_checkpoints/homework_stepik_2-checkpoint.py took 1.129 seconds
[2024-10-02T19:51:34.894+0500] {processor.py:186} INFO - Started process (PID=52019) to work on /home/nicolaspc/airflow/dags/.ipynb_checkpoints/homework_stepik_2-checkpoint.py
[2024-10-02T19:51:34.902+0500] {processor.py:914} INFO - Processing file /home/nicolaspc/airflow/dags/.ipynb_checkpoints/homework_stepik_2-checkpoint.py for tasks to queue
[2024-10-02T19:51:34.905+0500] {logging_mixin.py:190} INFO - [2024-10-02T19:51:34.905+0500] {dagbag.py:587} INFO - Filling up the DagBag from /home/nicolaspc/airflow/dags/.ipynb_checkpoints/homework_stepik_2-checkpoint.py
[2024-10-02T19:51:35.948+0500] {processor.py:925} INFO - DAG(s) '3_models_dag_home_2' retrieved from /home/nicolaspc/airflow/dags/.ipynb_checkpoints/homework_stepik_2-checkpoint.py
[2024-10-02T19:51:35.967+0500] {logging_mixin.py:190} INFO - [2024-10-02T19:51:35.967+0500] {dag.py:3211} INFO - Sync 1 DAGs
[2024-10-02T19:51:35.968+0500] {logging_mixin.py:190} WARNING - Sync 1 DAGs
[2024-10-02T19:51:35.983+0500] {logging_mixin.py:190} INFO - [2024-10-02T19:51:35.983+0500] {dag.py:4138} INFO - Setting next_dagrun for 3_models_dag_home_2 to 2024-10-01 01:00:00+00:00, run_after=2024-10-02 01:00:00+00:00
[2024-10-02T19:51:35.983+0500] {logging_mixin.py:190} WARNING - Setting next_dagrun for 3_models_dag_home_2 to 2024-10-01 01:00:00+00:00, run_after=2024-10-02 01:00:00+00:00
[2024-10-02T19:51:35.998+0500] {processor.py:208} INFO - Processing /home/nicolaspc/airflow/dags/.ipynb_checkpoints/homework_stepik_2-checkpoint.py took 1.109 seconds
[2024-10-02T19:52:06.101+0500] {processor.py:186} INFO - Started process (PID=52481) to work on /home/nicolaspc/airflow/dags/.ipynb_checkpoints/homework_stepik_2-checkpoint.py
[2024-10-02T19:52:06.101+0500] {processor.py:914} INFO - Processing file /home/nicolaspc/airflow/dags/.ipynb_checkpoints/homework_stepik_2-checkpoint.py for tasks to queue
[2024-10-02T19:52:06.103+0500] {logging_mixin.py:190} INFO - [2024-10-02T19:52:06.103+0500] {dagbag.py:587} INFO - Filling up the DagBag from /home/nicolaspc/airflow/dags/.ipynb_checkpoints/homework_stepik_2-checkpoint.py
[2024-10-02T19:52:07.160+0500] {processor.py:925} INFO - DAG(s) '3_models_dag_home_2' retrieved from /home/nicolaspc/airflow/dags/.ipynb_checkpoints/homework_stepik_2-checkpoint.py
[2024-10-02T19:52:07.184+0500] {logging_mixin.py:190} INFO - [2024-10-02T19:52:07.184+0500] {dag.py:3211} INFO - Sync 1 DAGs
[2024-10-02T19:52:07.185+0500] {logging_mixin.py:190} WARNING - Sync 1 DAGs
[2024-10-02T19:52:07.202+0500] {logging_mixin.py:190} INFO - [2024-10-02T19:52:07.202+0500] {dag.py:4138} INFO - Setting next_dagrun for 3_models_dag_home_2 to 2024-10-01 01:00:00+00:00, run_after=2024-10-02 01:00:00+00:00
[2024-10-02T19:52:07.202+0500] {logging_mixin.py:190} WARNING - Setting next_dagrun for 3_models_dag_home_2 to 2024-10-01 01:00:00+00:00, run_after=2024-10-02 01:00:00+00:00
[2024-10-02T19:52:07.216+0500] {processor.py:208} INFO - Processing /home/nicolaspc/airflow/dags/.ipynb_checkpoints/homework_stepik_2-checkpoint.py took 1.119 seconds
[2024-10-02T19:52:37.606+0500] {processor.py:186} INFO - Started process (PID=52994) to work on /home/nicolaspc/airflow/dags/.ipynb_checkpoints/homework_stepik_2-checkpoint.py
[2024-10-02T19:52:37.615+0500] {processor.py:914} INFO - Processing file /home/nicolaspc/airflow/dags/.ipynb_checkpoints/homework_stepik_2-checkpoint.py for tasks to queue
[2024-10-02T19:52:37.617+0500] {logging_mixin.py:190} INFO - [2024-10-02T19:52:37.616+0500] {dagbag.py:587} INFO - Filling up the DagBag from /home/nicolaspc/airflow/dags/.ipynb_checkpoints/homework_stepik_2-checkpoint.py
[2024-10-02T19:52:38.668+0500] {processor.py:925} INFO - DAG(s) '3_models_dag_home_2' retrieved from /home/nicolaspc/airflow/dags/.ipynb_checkpoints/homework_stepik_2-checkpoint.py
[2024-10-02T19:52:38.688+0500] {logging_mixin.py:190} INFO - [2024-10-02T19:52:38.688+0500] {dag.py:3211} INFO - Sync 1 DAGs
[2024-10-02T19:52:38.689+0500] {logging_mixin.py:190} WARNING - Sync 1 DAGs
[2024-10-02T19:52:38.704+0500] {logging_mixin.py:190} INFO - [2024-10-02T19:52:38.704+0500] {dag.py:4138} INFO - Setting next_dagrun for 3_models_dag_home_2 to 2024-10-01 01:00:00+00:00, run_after=2024-10-02 01:00:00+00:00
[2024-10-02T19:52:38.705+0500] {logging_mixin.py:190} WARNING - Setting next_dagrun for 3_models_dag_home_2 to 2024-10-01 01:00:00+00:00, run_after=2024-10-02 01:00:00+00:00
[2024-10-02T19:52:38.721+0500] {processor.py:208} INFO - Processing /home/nicolaspc/airflow/dags/.ipynb_checkpoints/homework_stepik_2-checkpoint.py took 1.122 seconds
[2024-10-02T19:53:08.818+0500] {processor.py:186} INFO - Started process (PID=53631) to work on /home/nicolaspc/airflow/dags/.ipynb_checkpoints/homework_stepik_2-checkpoint.py
[2024-10-02T19:53:08.818+0500] {processor.py:914} INFO - Processing file /home/nicolaspc/airflow/dags/.ipynb_checkpoints/homework_stepik_2-checkpoint.py for tasks to queue
[2024-10-02T19:53:08.820+0500] {logging_mixin.py:190} INFO - [2024-10-02T19:53:08.820+0500] {dagbag.py:587} INFO - Filling up the DagBag from /home/nicolaspc/airflow/dags/.ipynb_checkpoints/homework_stepik_2-checkpoint.py
[2024-10-02T19:53:09.893+0500] {processor.py:925} INFO - DAG(s) '3_models_dag_home_2' retrieved from /home/nicolaspc/airflow/dags/.ipynb_checkpoints/homework_stepik_2-checkpoint.py
[2024-10-02T19:53:09.914+0500] {logging_mixin.py:190} INFO - [2024-10-02T19:53:09.913+0500] {dag.py:3211} INFO - Sync 1 DAGs
[2024-10-02T19:53:09.914+0500] {logging_mixin.py:190} WARNING - Sync 1 DAGs
[2024-10-02T19:53:09.930+0500] {logging_mixin.py:190} INFO - [2024-10-02T19:53:09.930+0500] {dag.py:4138} INFO - Setting next_dagrun for 3_models_dag_home_2 to 2024-10-01 01:00:00+00:00, run_after=2024-10-02 01:00:00+00:00
[2024-10-02T19:53:09.930+0500] {logging_mixin.py:190} WARNING - Setting next_dagrun for 3_models_dag_home_2 to 2024-10-01 01:00:00+00:00, run_after=2024-10-02 01:00:00+00:00
[2024-10-02T19:53:09.946+0500] {processor.py:208} INFO - Processing /home/nicolaspc/airflow/dags/.ipynb_checkpoints/homework_stepik_2-checkpoint.py took 1.132 seconds
[2024-10-02T19:53:40.859+0500] {processor.py:186} INFO - Started process (PID=54218) to work on /home/nicolaspc/airflow/dags/.ipynb_checkpoints/homework_stepik_2-checkpoint.py
[2024-10-02T19:53:40.867+0500] {processor.py:914} INFO - Processing file /home/nicolaspc/airflow/dags/.ipynb_checkpoints/homework_stepik_2-checkpoint.py for tasks to queue
[2024-10-02T19:53:40.869+0500] {logging_mixin.py:190} INFO - [2024-10-02T19:53:40.869+0500] {dagbag.py:587} INFO - Filling up the DagBag from /home/nicolaspc/airflow/dags/.ipynb_checkpoints/homework_stepik_2-checkpoint.py
[2024-10-02T19:53:41.925+0500] {processor.py:925} INFO - DAG(s) '3_models_dag_home_2' retrieved from /home/nicolaspc/airflow/dags/.ipynb_checkpoints/homework_stepik_2-checkpoint.py
[2024-10-02T19:53:41.947+0500] {logging_mixin.py:190} INFO - [2024-10-02T19:53:41.946+0500] {dag.py:3211} INFO - Sync 1 DAGs
[2024-10-02T19:53:41.947+0500] {logging_mixin.py:190} WARNING - Sync 1 DAGs
[2024-10-02T19:53:41.962+0500] {logging_mixin.py:190} INFO - [2024-10-02T19:53:41.962+0500] {dag.py:4138} INFO - Setting next_dagrun for 3_models_dag_home_2 to 2024-10-01 01:00:00+00:00, run_after=2024-10-02 01:00:00+00:00
[2024-10-02T19:53:41.963+0500] {logging_mixin.py:190} WARNING - Setting next_dagrun for 3_models_dag_home_2 to 2024-10-01 01:00:00+00:00, run_after=2024-10-02 01:00:00+00:00
[2024-10-02T19:53:41.977+0500] {processor.py:208} INFO - Processing /home/nicolaspc/airflow/dags/.ipynb_checkpoints/homework_stepik_2-checkpoint.py took 1.123 seconds
