[2024-10-02T19:35:52.325+0500] {processor.py:186} INFO - Started process (PID=36744) to work on /home/nicolaspc/airflow/dags/.ipynb_checkpoints/homework_stepik-checkpoint.py
[2024-10-02T19:35:52.328+0500] {processor.py:914} INFO - Processing file /home/nicolaspc/airflow/dags/.ipynb_checkpoints/homework_stepik-checkpoint.py for tasks to queue
[2024-10-02T19:35:52.330+0500] {logging_mixin.py:190} INFO - [2024-10-02T19:35:52.330+0500] {dagbag.py:587} INFO - Filling up the DagBag from /home/nicolaspc/airflow/dags/.ipynb_checkpoints/homework_stepik-checkpoint.py
[2024-10-02T19:35:53.493+0500] {processor.py:925} INFO - DAG(s) '3_models_dag_home' retrieved from /home/nicolaspc/airflow/dags/.ipynb_checkpoints/homework_stepik-checkpoint.py
[2024-10-02T19:35:53.594+0500] {logging_mixin.py:190} INFO - [2024-10-02T19:35:53.594+0500] {dag.py:3211} INFO - Sync 1 DAGs
[2024-10-02T19:35:53.594+0500] {logging_mixin.py:190} WARNING - Sync 1 DAGs
[2024-10-02T19:35:53.603+0500] {logging_mixin.py:190} INFO - [2024-10-02T19:35:53.602+0500] {dag.py:3234} INFO - Creating ORM DAG for 3_models_dag_home
[2024-10-02T19:35:53.603+0500] {logging_mixin.py:190} WARNING - Creating ORM DAG for 3_models_dag_home
[2024-10-02T19:35:53.613+0500] {logging_mixin.py:190} INFO - [2024-10-02T19:35:53.613+0500] {dag.py:4138} INFO - Setting next_dagrun for 3_models_dag_home to 2024-10-01 01:00:00+00:00, run_after=2024-10-02 01:00:00+00:00
[2024-10-02T19:35:53.613+0500] {logging_mixin.py:190} WARNING - Setting next_dagrun for 3_models_dag_home to 2024-10-01 01:00:00+00:00, run_after=2024-10-02 01:00:00+00:00
[2024-10-02T19:35:53.771+0500] {processor.py:208} INFO - Processing /home/nicolaspc/airflow/dags/.ipynb_checkpoints/homework_stepik-checkpoint.py took 1.450 seconds
[2024-10-02T19:36:24.003+0500] {processor.py:186} INFO - Started process (PID=37224) to work on /home/nicolaspc/airflow/dags/.ipynb_checkpoints/homework_stepik-checkpoint.py
[2024-10-02T19:36:24.004+0500] {processor.py:914} INFO - Processing file /home/nicolaspc/airflow/dags/.ipynb_checkpoints/homework_stepik-checkpoint.py for tasks to queue
[2024-10-02T19:36:24.005+0500] {logging_mixin.py:190} INFO - [2024-10-02T19:36:24.005+0500] {dagbag.py:587} INFO - Filling up the DagBag from /home/nicolaspc/airflow/dags/.ipynb_checkpoints/homework_stepik-checkpoint.py
[2024-10-02T19:36:24.977+0500] {processor.py:925} INFO - DAG(s) '3_models_dag_home' retrieved from /home/nicolaspc/airflow/dags/.ipynb_checkpoints/homework_stepik-checkpoint.py
[2024-10-02T19:36:25.000+0500] {logging_mixin.py:190} INFO - [2024-10-02T19:36:24.999+0500] {dag.py:3211} INFO - Sync 1 DAGs
[2024-10-02T19:36:25.000+0500] {logging_mixin.py:190} WARNING - Sync 1 DAGs
[2024-10-02T19:36:25.016+0500] {logging_mixin.py:190} INFO - [2024-10-02T19:36:25.016+0500] {dag.py:4138} INFO - Setting next_dagrun for 3_models_dag_home to 2024-10-01 01:00:00+00:00, run_after=2024-10-02 01:00:00+00:00
[2024-10-02T19:36:25.016+0500] {logging_mixin.py:190} WARNING - Setting next_dagrun for 3_models_dag_home to 2024-10-01 01:00:00+00:00, run_after=2024-10-02 01:00:00+00:00
[2024-10-02T19:36:25.032+0500] {processor.py:208} INFO - Processing /home/nicolaspc/airflow/dags/.ipynb_checkpoints/homework_stepik-checkpoint.py took 1.033 seconds
[2024-10-02T19:36:55.287+0500] {processor.py:186} INFO - Started process (PID=37742) to work on /home/nicolaspc/airflow/dags/.ipynb_checkpoints/homework_stepik-checkpoint.py
[2024-10-02T19:36:55.295+0500] {processor.py:914} INFO - Processing file /home/nicolaspc/airflow/dags/.ipynb_checkpoints/homework_stepik-checkpoint.py for tasks to queue
[2024-10-02T19:36:55.297+0500] {logging_mixin.py:190} INFO - [2024-10-02T19:36:55.297+0500] {dagbag.py:587} INFO - Filling up the DagBag from /home/nicolaspc/airflow/dags/.ipynb_checkpoints/homework_stepik-checkpoint.py
[2024-10-02T19:36:56.286+0500] {processor.py:925} INFO - DAG(s) '3_models_dag_home' retrieved from /home/nicolaspc/airflow/dags/.ipynb_checkpoints/homework_stepik-checkpoint.py
[2024-10-02T19:36:56.308+0500] {logging_mixin.py:190} INFO - [2024-10-02T19:36:56.308+0500] {dag.py:3211} INFO - Sync 1 DAGs
[2024-10-02T19:36:56.308+0500] {logging_mixin.py:190} WARNING - Sync 1 DAGs
[2024-10-02T19:36:56.325+0500] {logging_mixin.py:190} INFO - [2024-10-02T19:36:56.325+0500] {dag.py:4138} INFO - Setting next_dagrun for 3_models_dag_home to 2024-10-01 01:00:00+00:00, run_after=2024-10-02 01:00:00+00:00
[2024-10-02T19:36:56.325+0500] {logging_mixin.py:190} WARNING - Setting next_dagrun for 3_models_dag_home to 2024-10-01 01:00:00+00:00, run_after=2024-10-02 01:00:00+00:00
[2024-10-02T19:36:56.339+0500] {processor.py:208} INFO - Processing /home/nicolaspc/airflow/dags/.ipynb_checkpoints/homework_stepik-checkpoint.py took 1.057 seconds
[2024-10-02T19:37:27.301+0500] {processor.py:186} INFO - Started process (PID=38331) to work on /home/nicolaspc/airflow/dags/.ipynb_checkpoints/homework_stepik-checkpoint.py
[2024-10-02T19:37:27.301+0500] {processor.py:914} INFO - Processing file /home/nicolaspc/airflow/dags/.ipynb_checkpoints/homework_stepik-checkpoint.py for tasks to queue
[2024-10-02T19:37:27.303+0500] {logging_mixin.py:190} INFO - [2024-10-02T19:37:27.303+0500] {dagbag.py:587} INFO - Filling up the DagBag from /home/nicolaspc/airflow/dags/.ipynb_checkpoints/homework_stepik-checkpoint.py
[2024-10-02T19:37:28.318+0500] {processor.py:925} INFO - DAG(s) '3_models_dag_home' retrieved from /home/nicolaspc/airflow/dags/.ipynb_checkpoints/homework_stepik-checkpoint.py
[2024-10-02T19:37:28.347+0500] {logging_mixin.py:190} INFO - [2024-10-02T19:37:28.347+0500] {dag.py:3211} INFO - Sync 1 DAGs
[2024-10-02T19:37:28.348+0500] {logging_mixin.py:190} WARNING - Sync 1 DAGs
[2024-10-02T19:37:28.371+0500] {logging_mixin.py:190} INFO - [2024-10-02T19:37:28.371+0500] {dag.py:4138} INFO - Setting next_dagrun for 3_models_dag_home to 2024-10-01 01:00:00+00:00, run_after=2024-10-02 01:00:00+00:00
[2024-10-02T19:37:28.371+0500] {logging_mixin.py:190} WARNING - Setting next_dagrun for 3_models_dag_home to 2024-10-01 01:00:00+00:00, run_after=2024-10-02 01:00:00+00:00
[2024-10-02T19:37:28.395+0500] {processor.py:208} INFO - Processing /home/nicolaspc/airflow/dags/.ipynb_checkpoints/homework_stepik-checkpoint.py took 1.099 seconds
[2024-10-02T19:37:58.638+0500] {processor.py:186} INFO - Started process (PID=38857) to work on /home/nicolaspc/airflow/dags/.ipynb_checkpoints/homework_stepik-checkpoint.py
[2024-10-02T19:37:58.639+0500] {processor.py:914} INFO - Processing file /home/nicolaspc/airflow/dags/.ipynb_checkpoints/homework_stepik-checkpoint.py for tasks to queue
[2024-10-02T19:37:58.641+0500] {logging_mixin.py:190} INFO - [2024-10-02T19:37:58.640+0500] {dagbag.py:587} INFO - Filling up the DagBag from /home/nicolaspc/airflow/dags/.ipynb_checkpoints/homework_stepik-checkpoint.py
[2024-10-02T19:37:59.609+0500] {processor.py:925} INFO - DAG(s) '3_models_dag_home' retrieved from /home/nicolaspc/airflow/dags/.ipynb_checkpoints/homework_stepik-checkpoint.py
[2024-10-02T19:37:59.643+0500] {logging_mixin.py:190} INFO - [2024-10-02T19:37:59.643+0500] {dag.py:3211} INFO - Sync 1 DAGs
[2024-10-02T19:37:59.643+0500] {logging_mixin.py:190} WARNING - Sync 1 DAGs
[2024-10-02T19:37:59.660+0500] {logging_mixin.py:190} INFO - [2024-10-02T19:37:59.660+0500] {dag.py:4138} INFO - Setting next_dagrun for 3_models_dag_home to 2024-10-01 01:00:00+00:00, run_after=2024-10-02 01:00:00+00:00
[2024-10-02T19:37:59.660+0500] {logging_mixin.py:190} WARNING - Setting next_dagrun for 3_models_dag_home to 2024-10-01 01:00:00+00:00, run_after=2024-10-02 01:00:00+00:00
[2024-10-02T19:37:59.773+0500] {processor.py:208} INFO - Processing /home/nicolaspc/airflow/dags/.ipynb_checkpoints/homework_stepik-checkpoint.py took 1.139 seconds
[2024-10-02T19:38:29.826+0500] {processor.py:186} INFO - Started process (PID=39583) to work on /home/nicolaspc/airflow/dags/.ipynb_checkpoints/homework_stepik-checkpoint.py
[2024-10-02T19:38:29.826+0500] {processor.py:914} INFO - Processing file /home/nicolaspc/airflow/dags/.ipynb_checkpoints/homework_stepik-checkpoint.py for tasks to queue
[2024-10-02T19:38:29.828+0500] {logging_mixin.py:190} INFO - [2024-10-02T19:38:29.828+0500] {dagbag.py:587} INFO - Filling up the DagBag from /home/nicolaspc/airflow/dags/.ipynb_checkpoints/homework_stepik-checkpoint.py
[2024-10-02T19:38:30.867+0500] {processor.py:925} INFO - DAG(s) '3_models_dag_home' retrieved from /home/nicolaspc/airflow/dags/.ipynb_checkpoints/homework_stepik-checkpoint.py
[2024-10-02T19:38:30.897+0500] {logging_mixin.py:190} INFO - [2024-10-02T19:38:30.897+0500] {dag.py:3211} INFO - Sync 1 DAGs
[2024-10-02T19:38:30.897+0500] {logging_mixin.py:190} WARNING - Sync 1 DAGs
[2024-10-02T19:38:31.025+0500] {logging_mixin.py:190} INFO - [2024-10-02T19:38:31.025+0500] {dag.py:4138} INFO - Setting next_dagrun for 3_models_dag_home to 2024-10-01 01:00:00+00:00, run_after=2024-10-02 01:00:00+00:00
[2024-10-02T19:38:31.025+0500] {logging_mixin.py:190} WARNING - Setting next_dagrun for 3_models_dag_home to 2024-10-01 01:00:00+00:00, run_after=2024-10-02 01:00:00+00:00
[2024-10-02T19:38:31.042+0500] {processor.py:208} INFO - Processing /home/nicolaspc/airflow/dags/.ipynb_checkpoints/homework_stepik-checkpoint.py took 1.220 seconds
[2024-10-02T19:39:01.115+0500] {processor.py:186} INFO - Started process (PID=40077) to work on /home/nicolaspc/airflow/dags/.ipynb_checkpoints/homework_stepik-checkpoint.py
[2024-10-02T19:39:01.124+0500] {processor.py:914} INFO - Processing file /home/nicolaspc/airflow/dags/.ipynb_checkpoints/homework_stepik-checkpoint.py for tasks to queue
[2024-10-02T19:39:01.126+0500] {logging_mixin.py:190} INFO - [2024-10-02T19:39:01.126+0500] {dagbag.py:587} INFO - Filling up the DagBag from /home/nicolaspc/airflow/dags/.ipynb_checkpoints/homework_stepik-checkpoint.py
[2024-10-02T19:39:02.237+0500] {processor.py:925} INFO - DAG(s) '3_models_dag_home' retrieved from /home/nicolaspc/airflow/dags/.ipynb_checkpoints/homework_stepik-checkpoint.py
[2024-10-02T19:39:02.259+0500] {logging_mixin.py:190} INFO - [2024-10-02T19:39:02.259+0500] {dag.py:3211} INFO - Sync 1 DAGs
[2024-10-02T19:39:02.259+0500] {logging_mixin.py:190} WARNING - Sync 1 DAGs
[2024-10-02T19:39:02.277+0500] {logging_mixin.py:190} INFO - [2024-10-02T19:39:02.276+0500] {dag.py:4138} INFO - Setting next_dagrun for 3_models_dag_home to 2024-10-01 01:00:00+00:00, run_after=2024-10-02 01:00:00+00:00
[2024-10-02T19:39:02.277+0500] {logging_mixin.py:190} WARNING - Setting next_dagrun for 3_models_dag_home to 2024-10-01 01:00:00+00:00, run_after=2024-10-02 01:00:00+00:00
[2024-10-02T19:39:02.419+0500] {processor.py:208} INFO - Processing /home/nicolaspc/airflow/dags/.ipynb_checkpoints/homework_stepik-checkpoint.py took 1.308 seconds
[2024-10-02T19:39:32.891+0500] {processor.py:186} INFO - Started process (PID=40588) to work on /home/nicolaspc/airflow/dags/.ipynb_checkpoints/homework_stepik-checkpoint.py
[2024-10-02T19:39:32.900+0500] {processor.py:914} INFO - Processing file /home/nicolaspc/airflow/dags/.ipynb_checkpoints/homework_stepik-checkpoint.py for tasks to queue
[2024-10-02T19:39:32.902+0500] {logging_mixin.py:190} INFO - [2024-10-02T19:39:32.902+0500] {dagbag.py:587} INFO - Filling up the DagBag from /home/nicolaspc/airflow/dags/.ipynb_checkpoints/homework_stepik-checkpoint.py
[2024-10-02T19:39:34.134+0500] {processor.py:925} INFO - DAG(s) '3_models_dag_home' retrieved from /home/nicolaspc/airflow/dags/.ipynb_checkpoints/homework_stepik-checkpoint.py
[2024-10-02T19:39:34.163+0500] {logging_mixin.py:190} INFO - [2024-10-02T19:39:34.162+0500] {dag.py:3211} INFO - Sync 1 DAGs
[2024-10-02T19:39:34.163+0500] {logging_mixin.py:190} WARNING - Sync 1 DAGs
[2024-10-02T19:39:34.303+0500] {logging_mixin.py:190} INFO - [2024-10-02T19:39:34.303+0500] {dag.py:4138} INFO - Setting next_dagrun for 3_models_dag_home to 2024-10-01 01:00:00+00:00, run_after=2024-10-02 01:00:00+00:00
[2024-10-02T19:39:34.303+0500] {logging_mixin.py:190} WARNING - Setting next_dagrun for 3_models_dag_home to 2024-10-01 01:00:00+00:00, run_after=2024-10-02 01:00:00+00:00
[2024-10-02T19:39:34.331+0500] {processor.py:208} INFO - Processing /home/nicolaspc/airflow/dags/.ipynb_checkpoints/homework_stepik-checkpoint.py took 1.445 seconds
[2024-10-02T19:40:04.429+0500] {processor.py:186} INFO - Started process (PID=41112) to work on /home/nicolaspc/airflow/dags/.ipynb_checkpoints/homework_stepik-checkpoint.py
[2024-10-02T19:40:04.430+0500] {processor.py:914} INFO - Processing file /home/nicolaspc/airflow/dags/.ipynb_checkpoints/homework_stepik-checkpoint.py for tasks to queue
[2024-10-02T19:40:04.431+0500] {logging_mixin.py:190} INFO - [2024-10-02T19:40:04.431+0500] {dagbag.py:587} INFO - Filling up the DagBag from /home/nicolaspc/airflow/dags/.ipynb_checkpoints/homework_stepik-checkpoint.py
[2024-10-02T19:40:05.504+0500] {processor.py:925} INFO - DAG(s) '3_models_dag_home' retrieved from /home/nicolaspc/airflow/dags/.ipynb_checkpoints/homework_stepik-checkpoint.py
[2024-10-02T19:40:05.526+0500] {logging_mixin.py:190} INFO - [2024-10-02T19:40:05.525+0500] {dag.py:3211} INFO - Sync 1 DAGs
[2024-10-02T19:40:05.526+0500] {logging_mixin.py:190} WARNING - Sync 1 DAGs
[2024-10-02T19:40:05.542+0500] {logging_mixin.py:190} INFO - [2024-10-02T19:40:05.542+0500] {dag.py:4138} INFO - Setting next_dagrun for 3_models_dag_home to 2024-10-01 01:00:00+00:00, run_after=2024-10-02 01:00:00+00:00
[2024-10-02T19:40:05.542+0500] {logging_mixin.py:190} WARNING - Setting next_dagrun for 3_models_dag_home to 2024-10-01 01:00:00+00:00, run_after=2024-10-02 01:00:00+00:00
[2024-10-02T19:40:05.559+0500] {processor.py:208} INFO - Processing /home/nicolaspc/airflow/dags/.ipynb_checkpoints/homework_stepik-checkpoint.py took 1.134 seconds
[2024-10-02T19:40:35.898+0500] {processor.py:186} INFO - Started process (PID=41630) to work on /home/nicolaspc/airflow/dags/.ipynb_checkpoints/homework_stepik-checkpoint.py
[2024-10-02T19:40:35.899+0500] {processor.py:914} INFO - Processing file /home/nicolaspc/airflow/dags/.ipynb_checkpoints/homework_stepik-checkpoint.py for tasks to queue
[2024-10-02T19:40:35.901+0500] {logging_mixin.py:190} INFO - [2024-10-02T19:40:35.900+0500] {dagbag.py:587} INFO - Filling up the DagBag from /home/nicolaspc/airflow/dags/.ipynb_checkpoints/homework_stepik-checkpoint.py
[2024-10-02T19:40:36.970+0500] {processor.py:925} INFO - DAG(s) '3_models_dag_home' retrieved from /home/nicolaspc/airflow/dags/.ipynb_checkpoints/homework_stepik-checkpoint.py
[2024-10-02T19:40:36.993+0500] {logging_mixin.py:190} INFO - [2024-10-02T19:40:36.993+0500] {dag.py:3211} INFO - Sync 1 DAGs
[2024-10-02T19:40:36.994+0500] {logging_mixin.py:190} WARNING - Sync 1 DAGs
[2024-10-02T19:40:37.009+0500] {logging_mixin.py:190} INFO - [2024-10-02T19:40:37.008+0500] {dag.py:4138} INFO - Setting next_dagrun for 3_models_dag_home to 2024-10-01 01:00:00+00:00, run_after=2024-10-02 01:00:00+00:00
[2024-10-02T19:40:37.009+0500] {logging_mixin.py:190} WARNING - Setting next_dagrun for 3_models_dag_home to 2024-10-01 01:00:00+00:00, run_after=2024-10-02 01:00:00+00:00
[2024-10-02T19:40:37.023+0500] {processor.py:208} INFO - Processing /home/nicolaspc/airflow/dags/.ipynb_checkpoints/homework_stepik-checkpoint.py took 1.129 seconds
[2024-10-02T19:41:07.134+0500] {processor.py:186} INFO - Started process (PID=42141) to work on /home/nicolaspc/airflow/dags/.ipynb_checkpoints/homework_stepik-checkpoint.py
[2024-10-02T19:41:07.134+0500] {processor.py:914} INFO - Processing file /home/nicolaspc/airflow/dags/.ipynb_checkpoints/homework_stepik-checkpoint.py for tasks to queue
[2024-10-02T19:41:07.136+0500] {logging_mixin.py:190} INFO - [2024-10-02T19:41:07.135+0500] {dagbag.py:587} INFO - Filling up the DagBag from /home/nicolaspc/airflow/dags/.ipynb_checkpoints/homework_stepik-checkpoint.py
[2024-10-02T19:41:08.205+0500] {processor.py:925} INFO - DAG(s) '3_models_dag_home' retrieved from /home/nicolaspc/airflow/dags/.ipynb_checkpoints/homework_stepik-checkpoint.py
[2024-10-02T19:41:08.227+0500] {logging_mixin.py:190} INFO - [2024-10-02T19:41:08.226+0500] {dag.py:3211} INFO - Sync 1 DAGs
[2024-10-02T19:41:08.227+0500] {logging_mixin.py:190} WARNING - Sync 1 DAGs
[2024-10-02T19:41:08.244+0500] {logging_mixin.py:190} INFO - [2024-10-02T19:41:08.244+0500] {dag.py:4138} INFO - Setting next_dagrun for 3_models_dag_home to 2024-10-01 01:00:00+00:00, run_after=2024-10-02 01:00:00+00:00
[2024-10-02T19:41:08.245+0500] {logging_mixin.py:190} WARNING - Setting next_dagrun for 3_models_dag_home to 2024-10-01 01:00:00+00:00, run_after=2024-10-02 01:00:00+00:00
[2024-10-02T19:41:08.261+0500] {processor.py:208} INFO - Processing /home/nicolaspc/airflow/dags/.ipynb_checkpoints/homework_stepik-checkpoint.py took 1.131 seconds
[2024-10-02T19:41:38.371+0500] {processor.py:186} INFO - Started process (PID=42634) to work on /home/nicolaspc/airflow/dags/.ipynb_checkpoints/homework_stepik-checkpoint.py
[2024-10-02T19:41:38.380+0500] {processor.py:914} INFO - Processing file /home/nicolaspc/airflow/dags/.ipynb_checkpoints/homework_stepik-checkpoint.py for tasks to queue
[2024-10-02T19:41:38.382+0500] {logging_mixin.py:190} INFO - [2024-10-02T19:41:38.381+0500] {dagbag.py:587} INFO - Filling up the DagBag from /home/nicolaspc/airflow/dags/.ipynb_checkpoints/homework_stepik-checkpoint.py
[2024-10-02T19:41:39.436+0500] {processor.py:925} INFO - DAG(s) '3_models_dag_home' retrieved from /home/nicolaspc/airflow/dags/.ipynb_checkpoints/homework_stepik-checkpoint.py
[2024-10-02T19:41:39.458+0500] {logging_mixin.py:190} INFO - [2024-10-02T19:41:39.457+0500] {dag.py:3211} INFO - Sync 1 DAGs
[2024-10-02T19:41:39.458+0500] {logging_mixin.py:190} WARNING - Sync 1 DAGs
[2024-10-02T19:41:39.475+0500] {logging_mixin.py:190} INFO - [2024-10-02T19:41:39.474+0500] {dag.py:4138} INFO - Setting next_dagrun for 3_models_dag_home to 2024-10-01 01:00:00+00:00, run_after=2024-10-02 01:00:00+00:00
[2024-10-02T19:41:39.475+0500] {logging_mixin.py:190} WARNING - Setting next_dagrun for 3_models_dag_home to 2024-10-01 01:00:00+00:00, run_after=2024-10-02 01:00:00+00:00
[2024-10-02T19:41:39.490+0500] {processor.py:208} INFO - Processing /home/nicolaspc/airflow/dags/.ipynb_checkpoints/homework_stepik-checkpoint.py took 1.124 seconds
[2024-10-02T19:42:10.373+0500] {processor.py:186} INFO - Started process (PID=43103) to work on /home/nicolaspc/airflow/dags/.ipynb_checkpoints/homework_stepik-checkpoint.py
[2024-10-02T19:42:10.373+0500] {processor.py:914} INFO - Processing file /home/nicolaspc/airflow/dags/.ipynb_checkpoints/homework_stepik-checkpoint.py for tasks to queue
[2024-10-02T19:42:10.375+0500] {logging_mixin.py:190} INFO - [2024-10-02T19:42:10.375+0500] {dagbag.py:587} INFO - Filling up the DagBag from /home/nicolaspc/airflow/dags/.ipynb_checkpoints/homework_stepik-checkpoint.py
[2024-10-02T19:42:11.438+0500] {processor.py:925} INFO - DAG(s) '3_models_dag_home' retrieved from /home/nicolaspc/airflow/dags/.ipynb_checkpoints/homework_stepik-checkpoint.py
[2024-10-02T19:42:11.474+0500] {logging_mixin.py:190} INFO - [2024-10-02T19:42:11.473+0500] {dag.py:3211} INFO - Sync 1 DAGs
[2024-10-02T19:42:11.474+0500] {logging_mixin.py:190} WARNING - Sync 1 DAGs
[2024-10-02T19:42:11.490+0500] {logging_mixin.py:190} INFO - [2024-10-02T19:42:11.490+0500] {dag.py:4138} INFO - Setting next_dagrun for 3_models_dag_home to 2024-10-01 01:00:00+00:00, run_after=2024-10-02 01:00:00+00:00
[2024-10-02T19:42:11.490+0500] {logging_mixin.py:190} WARNING - Setting next_dagrun for 3_models_dag_home to 2024-10-01 01:00:00+00:00, run_after=2024-10-02 01:00:00+00:00
[2024-10-02T19:42:11.506+0500] {processor.py:208} INFO - Processing /home/nicolaspc/airflow/dags/.ipynb_checkpoints/homework_stepik-checkpoint.py took 1.138 seconds
[2024-10-02T19:42:42.271+0500] {processor.py:186} INFO - Started process (PID=43586) to work on /home/nicolaspc/airflow/dags/.ipynb_checkpoints/homework_stepik-checkpoint.py
[2024-10-02T19:42:42.272+0500] {processor.py:914} INFO - Processing file /home/nicolaspc/airflow/dags/.ipynb_checkpoints/homework_stepik-checkpoint.py for tasks to queue
[2024-10-02T19:42:42.273+0500] {logging_mixin.py:190} INFO - [2024-10-02T19:42:42.273+0500] {dagbag.py:587} INFO - Filling up the DagBag from /home/nicolaspc/airflow/dags/.ipynb_checkpoints/homework_stepik-checkpoint.py
[2024-10-02T19:42:43.324+0500] {processor.py:925} INFO - DAG(s) '3_models_dag_home' retrieved from /home/nicolaspc/airflow/dags/.ipynb_checkpoints/homework_stepik-checkpoint.py
[2024-10-02T19:42:43.347+0500] {logging_mixin.py:190} INFO - [2024-10-02T19:42:43.347+0500] {dag.py:3211} INFO - Sync 1 DAGs
[2024-10-02T19:42:43.347+0500] {logging_mixin.py:190} WARNING - Sync 1 DAGs
[2024-10-02T19:42:43.366+0500] {logging_mixin.py:190} INFO - [2024-10-02T19:42:43.366+0500] {dag.py:4138} INFO - Setting next_dagrun for 3_models_dag_home to 2024-10-01 01:00:00+00:00, run_after=2024-10-02 01:00:00+00:00
[2024-10-02T19:42:43.366+0500] {logging_mixin.py:190} WARNING - Setting next_dagrun for 3_models_dag_home to 2024-10-01 01:00:00+00:00, run_after=2024-10-02 01:00:00+00:00
[2024-10-02T19:42:43.381+0500] {processor.py:208} INFO - Processing /home/nicolaspc/airflow/dags/.ipynb_checkpoints/homework_stepik-checkpoint.py took 1.114 seconds
[2024-10-02T19:43:13.531+0500] {processor.py:186} INFO - Started process (PID=44064) to work on /home/nicolaspc/airflow/dags/.ipynb_checkpoints/homework_stepik-checkpoint.py
[2024-10-02T19:43:13.540+0500] {processor.py:914} INFO - Processing file /home/nicolaspc/airflow/dags/.ipynb_checkpoints/homework_stepik-checkpoint.py for tasks to queue
[2024-10-02T19:43:13.542+0500] {logging_mixin.py:190} INFO - [2024-10-02T19:43:13.542+0500] {dagbag.py:587} INFO - Filling up the DagBag from /home/nicolaspc/airflow/dags/.ipynb_checkpoints/homework_stepik-checkpoint.py
[2024-10-02T19:43:14.615+0500] {processor.py:925} INFO - DAG(s) '3_models_dag_home' retrieved from /home/nicolaspc/airflow/dags/.ipynb_checkpoints/homework_stepik-checkpoint.py
[2024-10-02T19:43:14.635+0500] {logging_mixin.py:190} INFO - [2024-10-02T19:43:14.635+0500] {dag.py:3211} INFO - Sync 1 DAGs
[2024-10-02T19:43:14.635+0500] {logging_mixin.py:190} WARNING - Sync 1 DAGs
[2024-10-02T19:43:14.651+0500] {logging_mixin.py:190} INFO - [2024-10-02T19:43:14.651+0500] {dag.py:4138} INFO - Setting next_dagrun for 3_models_dag_home to 2024-10-01 01:00:00+00:00, run_after=2024-10-02 01:00:00+00:00
[2024-10-02T19:43:14.651+0500] {logging_mixin.py:190} WARNING - Setting next_dagrun for 3_models_dag_home to 2024-10-01 01:00:00+00:00, run_after=2024-10-02 01:00:00+00:00
[2024-10-02T19:43:14.667+0500] {processor.py:208} INFO - Processing /home/nicolaspc/airflow/dags/.ipynb_checkpoints/homework_stepik-checkpoint.py took 1.140 seconds
[2024-10-02T19:43:45.491+0500] {processor.py:186} INFO - Started process (PID=44554) to work on /home/nicolaspc/airflow/dags/.ipynb_checkpoints/homework_stepik-checkpoint.py
[2024-10-02T19:43:45.491+0500] {processor.py:914} INFO - Processing file /home/nicolaspc/airflow/dags/.ipynb_checkpoints/homework_stepik-checkpoint.py for tasks to queue
[2024-10-02T19:43:45.492+0500] {logging_mixin.py:190} INFO - [2024-10-02T19:43:45.492+0500] {dagbag.py:587} INFO - Filling up the DagBag from /home/nicolaspc/airflow/dags/.ipynb_checkpoints/homework_stepik-checkpoint.py
[2024-10-02T19:43:46.553+0500] {processor.py:925} INFO - DAG(s) '3_models_dag_home' retrieved from /home/nicolaspc/airflow/dags/.ipynb_checkpoints/homework_stepik-checkpoint.py
[2024-10-02T19:43:46.574+0500] {logging_mixin.py:190} INFO - [2024-10-02T19:43:46.574+0500] {dag.py:3211} INFO - Sync 1 DAGs
[2024-10-02T19:43:46.574+0500] {logging_mixin.py:190} WARNING - Sync 1 DAGs
[2024-10-02T19:43:46.590+0500] {logging_mixin.py:190} INFO - [2024-10-02T19:43:46.590+0500] {dag.py:4138} INFO - Setting next_dagrun for 3_models_dag_home to 2024-10-01 01:00:00+00:00, run_after=2024-10-02 01:00:00+00:00
[2024-10-02T19:43:46.590+0500] {logging_mixin.py:190} WARNING - Setting next_dagrun for 3_models_dag_home to 2024-10-01 01:00:00+00:00, run_after=2024-10-02 01:00:00+00:00
[2024-10-02T19:43:46.607+0500] {processor.py:208} INFO - Processing /home/nicolaspc/airflow/dags/.ipynb_checkpoints/homework_stepik-checkpoint.py took 1.120 seconds
[2024-10-02T19:44:17.436+0500] {processor.py:186} INFO - Started process (PID=45033) to work on /home/nicolaspc/airflow/dags/.ipynb_checkpoints/homework_stepik-checkpoint.py
[2024-10-02T19:44:17.445+0500] {processor.py:914} INFO - Processing file /home/nicolaspc/airflow/dags/.ipynb_checkpoints/homework_stepik-checkpoint.py for tasks to queue
[2024-10-02T19:44:17.447+0500] {logging_mixin.py:190} INFO - [2024-10-02T19:44:17.447+0500] {dagbag.py:587} INFO - Filling up the DagBag from /home/nicolaspc/airflow/dags/.ipynb_checkpoints/homework_stepik-checkpoint.py
[2024-10-02T19:44:18.507+0500] {processor.py:925} INFO - DAG(s) '3_models_dag_home' retrieved from /home/nicolaspc/airflow/dags/.ipynb_checkpoints/homework_stepik-checkpoint.py
[2024-10-02T19:44:18.529+0500] {logging_mixin.py:190} INFO - [2024-10-02T19:44:18.528+0500] {dag.py:3211} INFO - Sync 1 DAGs
[2024-10-02T19:44:18.529+0500] {logging_mixin.py:190} WARNING - Sync 1 DAGs
[2024-10-02T19:44:18.545+0500] {logging_mixin.py:190} INFO - [2024-10-02T19:44:18.545+0500] {dag.py:4138} INFO - Setting next_dagrun for 3_models_dag_home to 2024-10-01 01:00:00+00:00, run_after=2024-10-02 01:00:00+00:00
[2024-10-02T19:44:18.545+0500] {logging_mixin.py:190} WARNING - Setting next_dagrun for 3_models_dag_home to 2024-10-01 01:00:00+00:00, run_after=2024-10-02 01:00:00+00:00
[2024-10-02T19:44:18.561+0500] {processor.py:208} INFO - Processing /home/nicolaspc/airflow/dags/.ipynb_checkpoints/homework_stepik-checkpoint.py took 1.129 seconds
[2024-10-02T19:44:48.782+0500] {processor.py:186} INFO - Started process (PID=45509) to work on /home/nicolaspc/airflow/dags/.ipynb_checkpoints/homework_stepik-checkpoint.py
[2024-10-02T19:44:48.783+0500] {processor.py:914} INFO - Processing file /home/nicolaspc/airflow/dags/.ipynb_checkpoints/homework_stepik-checkpoint.py for tasks to queue
[2024-10-02T19:44:48.784+0500] {logging_mixin.py:190} INFO - [2024-10-02T19:44:48.784+0500] {dagbag.py:587} INFO - Filling up the DagBag from /home/nicolaspc/airflow/dags/.ipynb_checkpoints/homework_stepik-checkpoint.py
[2024-10-02T19:44:49.838+0500] {processor.py:925} INFO - DAG(s) '3_models_dag_home' retrieved from /home/nicolaspc/airflow/dags/.ipynb_checkpoints/homework_stepik-checkpoint.py
[2024-10-02T19:44:49.869+0500] {logging_mixin.py:190} INFO - [2024-10-02T19:44:49.868+0500] {dag.py:3211} INFO - Sync 1 DAGs
[2024-10-02T19:44:49.869+0500] {logging_mixin.py:190} WARNING - Sync 1 DAGs
[2024-10-02T19:44:49.891+0500] {logging_mixin.py:190} INFO - [2024-10-02T19:44:49.891+0500] {dag.py:4138} INFO - Setting next_dagrun for 3_models_dag_home to 2024-10-01 01:00:00+00:00, run_after=2024-10-02 01:00:00+00:00
[2024-10-02T19:44:49.892+0500] {logging_mixin.py:190} WARNING - Setting next_dagrun for 3_models_dag_home to 2024-10-01 01:00:00+00:00, run_after=2024-10-02 01:00:00+00:00
[2024-10-02T19:44:49.908+0500] {processor.py:208} INFO - Processing /home/nicolaspc/airflow/dags/.ipynb_checkpoints/homework_stepik-checkpoint.py took 1.130 seconds
[2024-10-02T19:45:20.689+0500] {processor.py:186} INFO - Started process (PID=45988) to work on /home/nicolaspc/airflow/dags/.ipynb_checkpoints/homework_stepik-checkpoint.py
[2024-10-02T19:45:20.690+0500] {processor.py:914} INFO - Processing file /home/nicolaspc/airflow/dags/.ipynb_checkpoints/homework_stepik-checkpoint.py for tasks to queue
[2024-10-02T19:45:20.691+0500] {logging_mixin.py:190} INFO - [2024-10-02T19:45:20.691+0500] {dagbag.py:587} INFO - Filling up the DagBag from /home/nicolaspc/airflow/dags/.ipynb_checkpoints/homework_stepik-checkpoint.py
[2024-10-02T19:45:21.729+0500] {processor.py:925} INFO - DAG(s) '3_models_dag_home' retrieved from /home/nicolaspc/airflow/dags/.ipynb_checkpoints/homework_stepik-checkpoint.py
[2024-10-02T19:45:21.748+0500] {logging_mixin.py:190} INFO - [2024-10-02T19:45:21.748+0500] {dag.py:3211} INFO - Sync 1 DAGs
[2024-10-02T19:45:21.748+0500] {logging_mixin.py:190} WARNING - Sync 1 DAGs
[2024-10-02T19:45:21.764+0500] {logging_mixin.py:190} INFO - [2024-10-02T19:45:21.764+0500] {dag.py:4138} INFO - Setting next_dagrun for 3_models_dag_home to 2024-10-01 01:00:00+00:00, run_after=2024-10-02 01:00:00+00:00
[2024-10-02T19:45:21.764+0500] {logging_mixin.py:190} WARNING - Setting next_dagrun for 3_models_dag_home to 2024-10-01 01:00:00+00:00, run_after=2024-10-02 01:00:00+00:00
[2024-10-02T19:45:21.781+0500] {processor.py:208} INFO - Processing /home/nicolaspc/airflow/dags/.ipynb_checkpoints/homework_stepik-checkpoint.py took 1.096 seconds
[2024-10-02T19:45:51.838+0500] {processor.py:186} INFO - Started process (PID=46447) to work on /home/nicolaspc/airflow/dags/.ipynb_checkpoints/homework_stepik-checkpoint.py
[2024-10-02T19:45:51.839+0500] {processor.py:914} INFO - Processing file /home/nicolaspc/airflow/dags/.ipynb_checkpoints/homework_stepik-checkpoint.py for tasks to queue
[2024-10-02T19:45:51.840+0500] {logging_mixin.py:190} INFO - [2024-10-02T19:45:51.840+0500] {dagbag.py:587} INFO - Filling up the DagBag from /home/nicolaspc/airflow/dags/.ipynb_checkpoints/homework_stepik-checkpoint.py
[2024-10-02T19:45:52.899+0500] {processor.py:925} INFO - DAG(s) '3_models_dag_home' retrieved from /home/nicolaspc/airflow/dags/.ipynb_checkpoints/homework_stepik-checkpoint.py
[2024-10-02T19:45:52.920+0500] {logging_mixin.py:190} INFO - [2024-10-02T19:45:52.919+0500] {dag.py:3211} INFO - Sync 1 DAGs
[2024-10-02T19:45:52.920+0500] {logging_mixin.py:190} WARNING - Sync 1 DAGs
[2024-10-02T19:45:52.937+0500] {logging_mixin.py:190} INFO - [2024-10-02T19:45:52.937+0500] {dag.py:4138} INFO - Setting next_dagrun for 3_models_dag_home to 2024-10-01 01:00:00+00:00, run_after=2024-10-02 01:00:00+00:00
[2024-10-02T19:45:52.937+0500] {logging_mixin.py:190} WARNING - Setting next_dagrun for 3_models_dag_home to 2024-10-01 01:00:00+00:00, run_after=2024-10-02 01:00:00+00:00
[2024-10-02T19:45:52.952+0500] {processor.py:208} INFO - Processing /home/nicolaspc/airflow/dags/.ipynb_checkpoints/homework_stepik-checkpoint.py took 1.118 seconds
[2024-10-02T19:46:23.861+0500] {processor.py:186} INFO - Started process (PID=46984) to work on /home/nicolaspc/airflow/dags/.ipynb_checkpoints/homework_stepik-checkpoint.py
[2024-10-02T19:46:23.869+0500] {processor.py:914} INFO - Processing file /home/nicolaspc/airflow/dags/.ipynb_checkpoints/homework_stepik-checkpoint.py for tasks to queue
[2024-10-02T19:46:23.871+0500] {logging_mixin.py:190} INFO - [2024-10-02T19:46:23.871+0500] {dagbag.py:587} INFO - Filling up the DagBag from /home/nicolaspc/airflow/dags/.ipynb_checkpoints/homework_stepik-checkpoint.py
[2024-10-02T19:46:24.929+0500] {processor.py:925} INFO - DAG(s) '3_models_dag_home' retrieved from /home/nicolaspc/airflow/dags/.ipynb_checkpoints/homework_stepik-checkpoint.py
[2024-10-02T19:46:24.950+0500] {logging_mixin.py:190} INFO - [2024-10-02T19:46:24.949+0500] {dag.py:3211} INFO - Sync 1 DAGs
[2024-10-02T19:46:24.950+0500] {logging_mixin.py:190} WARNING - Sync 1 DAGs
[2024-10-02T19:46:24.965+0500] {logging_mixin.py:190} INFO - [2024-10-02T19:46:24.965+0500] {dag.py:4138} INFO - Setting next_dagrun for 3_models_dag_home to 2024-10-01 01:00:00+00:00, run_after=2024-10-02 01:00:00+00:00
[2024-10-02T19:46:24.965+0500] {logging_mixin.py:190} WARNING - Setting next_dagrun for 3_models_dag_home to 2024-10-01 01:00:00+00:00, run_after=2024-10-02 01:00:00+00:00
[2024-10-02T19:46:24.981+0500] {processor.py:208} INFO - Processing /home/nicolaspc/airflow/dags/.ipynb_checkpoints/homework_stepik-checkpoint.py took 1.124 seconds
[2024-10-02T19:46:55.187+0500] {processor.py:186} INFO - Started process (PID=47469) to work on /home/nicolaspc/airflow/dags/.ipynb_checkpoints/homework_stepik-checkpoint.py
[2024-10-02T19:46:55.188+0500] {processor.py:914} INFO - Processing file /home/nicolaspc/airflow/dags/.ipynb_checkpoints/homework_stepik-checkpoint.py for tasks to queue
[2024-10-02T19:46:55.189+0500] {logging_mixin.py:190} INFO - [2024-10-02T19:46:55.189+0500] {dagbag.py:587} INFO - Filling up the DagBag from /home/nicolaspc/airflow/dags/.ipynb_checkpoints/homework_stepik-checkpoint.py
[2024-10-02T19:46:56.391+0500] {processor.py:925} INFO - DAG(s) '3_models_dag_home' retrieved from /home/nicolaspc/airflow/dags/.ipynb_checkpoints/homework_stepik-checkpoint.py
[2024-10-02T19:46:56.427+0500] {logging_mixin.py:190} INFO - [2024-10-02T19:46:56.426+0500] {dag.py:3211} INFO - Sync 1 DAGs
[2024-10-02T19:46:56.427+0500] {logging_mixin.py:190} WARNING - Sync 1 DAGs
[2024-10-02T19:46:56.449+0500] {logging_mixin.py:190} INFO - [2024-10-02T19:46:56.449+0500] {dag.py:4138} INFO - Setting next_dagrun for 3_models_dag_home to 2024-10-01 01:00:00+00:00, run_after=2024-10-02 01:00:00+00:00
[2024-10-02T19:46:56.450+0500] {logging_mixin.py:190} WARNING - Setting next_dagrun for 3_models_dag_home to 2024-10-01 01:00:00+00:00, run_after=2024-10-02 01:00:00+00:00
[2024-10-02T19:46:56.472+0500] {processor.py:208} INFO - Processing /home/nicolaspc/airflow/dags/.ipynb_checkpoints/homework_stepik-checkpoint.py took 1.289 seconds
[2024-10-02T19:47:26.672+0500] {processor.py:186} INFO - Started process (PID=47977) to work on /home/nicolaspc/airflow/dags/.ipynb_checkpoints/homework_stepik-checkpoint.py
[2024-10-02T19:47:26.681+0500] {processor.py:914} INFO - Processing file /home/nicolaspc/airflow/dags/.ipynb_checkpoints/homework_stepik-checkpoint.py for tasks to queue
[2024-10-02T19:47:26.684+0500] {logging_mixin.py:190} INFO - [2024-10-02T19:47:26.683+0500] {dagbag.py:587} INFO - Filling up the DagBag from /home/nicolaspc/airflow/dags/.ipynb_checkpoints/homework_stepik-checkpoint.py
[2024-10-02T19:47:27.744+0500] {processor.py:925} INFO - DAG(s) '3_models_dag_home' retrieved from /home/nicolaspc/airflow/dags/.ipynb_checkpoints/homework_stepik-checkpoint.py
[2024-10-02T19:47:27.770+0500] {logging_mixin.py:190} INFO - [2024-10-02T19:47:27.769+0500] {dag.py:3211} INFO - Sync 1 DAGs
[2024-10-02T19:47:27.770+0500] {logging_mixin.py:190} WARNING - Sync 1 DAGs
[2024-10-02T19:47:27.785+0500] {logging_mixin.py:190} INFO - [2024-10-02T19:47:27.785+0500] {dag.py:4138} INFO - Setting next_dagrun for 3_models_dag_home to 2024-10-01 01:00:00+00:00, run_after=2024-10-02 01:00:00+00:00
[2024-10-02T19:47:27.785+0500] {logging_mixin.py:190} WARNING - Setting next_dagrun for 3_models_dag_home to 2024-10-01 01:00:00+00:00, run_after=2024-10-02 01:00:00+00:00
[2024-10-02T19:47:27.801+0500] {processor.py:208} INFO - Processing /home/nicolaspc/airflow/dags/.ipynb_checkpoints/homework_stepik-checkpoint.py took 1.133 seconds
[2024-10-02T19:47:58.019+0500] {processor.py:186} INFO - Started process (PID=48445) to work on /home/nicolaspc/airflow/dags/.ipynb_checkpoints/homework_stepik-checkpoint.py
[2024-10-02T19:47:58.019+0500] {processor.py:914} INFO - Processing file /home/nicolaspc/airflow/dags/.ipynb_checkpoints/homework_stepik-checkpoint.py for tasks to queue
[2024-10-02T19:47:58.021+0500] {logging_mixin.py:190} INFO - [2024-10-02T19:47:58.020+0500] {dagbag.py:587} INFO - Filling up the DagBag from /home/nicolaspc/airflow/dags/.ipynb_checkpoints/homework_stepik-checkpoint.py
[2024-10-02T19:47:59.070+0500] {processor.py:925} INFO - DAG(s) '3_models_dag_home' retrieved from /home/nicolaspc/airflow/dags/.ipynb_checkpoints/homework_stepik-checkpoint.py
[2024-10-02T19:47:59.099+0500] {logging_mixin.py:190} INFO - [2024-10-02T19:47:59.099+0500] {dag.py:3211} INFO - Sync 1 DAGs
[2024-10-02T19:47:59.099+0500] {logging_mixin.py:190} WARNING - Sync 1 DAGs
[2024-10-02T19:47:59.116+0500] {logging_mixin.py:190} INFO - [2024-10-02T19:47:59.115+0500] {dag.py:4138} INFO - Setting next_dagrun for 3_models_dag_home to 2024-10-01 01:00:00+00:00, run_after=2024-10-02 01:00:00+00:00
[2024-10-02T19:47:59.116+0500] {logging_mixin.py:190} WARNING - Setting next_dagrun for 3_models_dag_home to 2024-10-01 01:00:00+00:00, run_after=2024-10-02 01:00:00+00:00
[2024-10-02T19:47:59.131+0500] {processor.py:208} INFO - Processing /home/nicolaspc/airflow/dags/.ipynb_checkpoints/homework_stepik-checkpoint.py took 1.116 seconds
[2024-10-02T19:48:29.197+0500] {processor.py:186} INFO - Started process (PID=48947) to work on /home/nicolaspc/airflow/dags/.ipynb_checkpoints/homework_stepik-checkpoint.py
[2024-10-02T19:48:29.198+0500] {processor.py:914} INFO - Processing file /home/nicolaspc/airflow/dags/.ipynb_checkpoints/homework_stepik-checkpoint.py for tasks to queue
[2024-10-02T19:48:29.200+0500] {logging_mixin.py:190} INFO - [2024-10-02T19:48:29.200+0500] {dagbag.py:587} INFO - Filling up the DagBag from /home/nicolaspc/airflow/dags/.ipynb_checkpoints/homework_stepik-checkpoint.py
[2024-10-02T19:48:30.282+0500] {processor.py:925} INFO - DAG(s) '3_models_dag_home' retrieved from /home/nicolaspc/airflow/dags/.ipynb_checkpoints/homework_stepik-checkpoint.py
[2024-10-02T19:48:30.303+0500] {logging_mixin.py:190} INFO - [2024-10-02T19:48:30.303+0500] {dag.py:3211} INFO - Sync 1 DAGs
[2024-10-02T19:48:30.303+0500] {logging_mixin.py:190} WARNING - Sync 1 DAGs
[2024-10-02T19:48:30.323+0500] {logging_mixin.py:190} INFO - [2024-10-02T19:48:30.323+0500] {dag.py:4138} INFO - Setting next_dagrun for 3_models_dag_home to 2024-10-01 01:00:00+00:00, run_after=2024-10-02 01:00:00+00:00
[2024-10-02T19:48:30.324+0500] {logging_mixin.py:190} WARNING - Setting next_dagrun for 3_models_dag_home to 2024-10-01 01:00:00+00:00, run_after=2024-10-02 01:00:00+00:00
[2024-10-02T19:48:30.345+0500] {processor.py:208} INFO - Processing /home/nicolaspc/airflow/dags/.ipynb_checkpoints/homework_stepik-checkpoint.py took 1.153 seconds
[2024-10-02T19:49:00.550+0500] {processor.py:186} INFO - Started process (PID=49455) to work on /home/nicolaspc/airflow/dags/.ipynb_checkpoints/homework_stepik-checkpoint.py
[2024-10-02T19:49:00.551+0500] {processor.py:914} INFO - Processing file /home/nicolaspc/airflow/dags/.ipynb_checkpoints/homework_stepik-checkpoint.py for tasks to queue
[2024-10-02T19:49:00.552+0500] {logging_mixin.py:190} INFO - [2024-10-02T19:49:00.552+0500] {dagbag.py:587} INFO - Filling up the DagBag from /home/nicolaspc/airflow/dags/.ipynb_checkpoints/homework_stepik-checkpoint.py
[2024-10-02T19:49:01.611+0500] {processor.py:925} INFO - DAG(s) '3_models_dag_home' retrieved from /home/nicolaspc/airflow/dags/.ipynb_checkpoints/homework_stepik-checkpoint.py
[2024-10-02T19:49:01.631+0500] {logging_mixin.py:190} INFO - [2024-10-02T19:49:01.630+0500] {dag.py:3211} INFO - Sync 1 DAGs
[2024-10-02T19:49:01.631+0500] {logging_mixin.py:190} WARNING - Sync 1 DAGs
[2024-10-02T19:49:01.647+0500] {logging_mixin.py:190} INFO - [2024-10-02T19:49:01.647+0500] {dag.py:4138} INFO - Setting next_dagrun for 3_models_dag_home to 2024-10-01 01:00:00+00:00, run_after=2024-10-02 01:00:00+00:00
[2024-10-02T19:49:01.647+0500] {logging_mixin.py:190} WARNING - Setting next_dagrun for 3_models_dag_home to 2024-10-01 01:00:00+00:00, run_after=2024-10-02 01:00:00+00:00
[2024-10-02T19:49:01.663+0500] {processor.py:208} INFO - Processing /home/nicolaspc/airflow/dags/.ipynb_checkpoints/homework_stepik-checkpoint.py took 1.117 seconds
[2024-10-02T19:49:32.064+0500] {processor.py:186} INFO - Started process (PID=49934) to work on /home/nicolaspc/airflow/dags/.ipynb_checkpoints/homework_stepik-checkpoint.py
[2024-10-02T19:49:32.072+0500] {processor.py:914} INFO - Processing file /home/nicolaspc/airflow/dags/.ipynb_checkpoints/homework_stepik-checkpoint.py for tasks to queue
[2024-10-02T19:49:32.074+0500] {logging_mixin.py:190} INFO - [2024-10-02T19:49:32.074+0500] {dagbag.py:587} INFO - Filling up the DagBag from /home/nicolaspc/airflow/dags/.ipynb_checkpoints/homework_stepik-checkpoint.py
[2024-10-02T19:49:33.154+0500] {processor.py:925} INFO - DAG(s) '3_models_dag_home' retrieved from /home/nicolaspc/airflow/dags/.ipynb_checkpoints/homework_stepik-checkpoint.py
[2024-10-02T19:49:33.175+0500] {logging_mixin.py:190} INFO - [2024-10-02T19:49:33.174+0500] {dag.py:3211} INFO - Sync 1 DAGs
[2024-10-02T19:49:33.175+0500] {logging_mixin.py:190} WARNING - Sync 1 DAGs
[2024-10-02T19:49:33.190+0500] {logging_mixin.py:190} INFO - [2024-10-02T19:49:33.190+0500] {dag.py:4138} INFO - Setting next_dagrun for 3_models_dag_home to 2024-10-01 01:00:00+00:00, run_after=2024-10-02 01:00:00+00:00
[2024-10-02T19:49:33.190+0500] {logging_mixin.py:190} WARNING - Setting next_dagrun for 3_models_dag_home to 2024-10-01 01:00:00+00:00, run_after=2024-10-02 01:00:00+00:00
[2024-10-02T19:49:33.206+0500] {processor.py:208} INFO - Processing /home/nicolaspc/airflow/dags/.ipynb_checkpoints/homework_stepik-checkpoint.py took 1.147 seconds
[2024-10-02T19:50:03.420+0500] {processor.py:186} INFO - Started process (PID=50418) to work on /home/nicolaspc/airflow/dags/.ipynb_checkpoints/homework_stepik-checkpoint.py
[2024-10-02T19:50:03.421+0500] {processor.py:914} INFO - Processing file /home/nicolaspc/airflow/dags/.ipynb_checkpoints/homework_stepik-checkpoint.py for tasks to queue
[2024-10-02T19:50:03.422+0500] {logging_mixin.py:190} INFO - [2024-10-02T19:50:03.422+0500] {dagbag.py:587} INFO - Filling up the DagBag from /home/nicolaspc/airflow/dags/.ipynb_checkpoints/homework_stepik-checkpoint.py
[2024-10-02T19:50:04.612+0500] {processor.py:925} INFO - DAG(s) '3_models_dag_home' retrieved from /home/nicolaspc/airflow/dags/.ipynb_checkpoints/homework_stepik-checkpoint.py
[2024-10-02T19:50:04.633+0500] {logging_mixin.py:190} INFO - [2024-10-02T19:50:04.633+0500] {dag.py:3211} INFO - Sync 1 DAGs
[2024-10-02T19:50:04.633+0500] {logging_mixin.py:190} WARNING - Sync 1 DAGs
[2024-10-02T19:50:04.651+0500] {logging_mixin.py:190} INFO - [2024-10-02T19:50:04.650+0500] {dag.py:4138} INFO - Setting next_dagrun for 3_models_dag_home to 2024-10-01 01:00:00+00:00, run_after=2024-10-02 01:00:00+00:00
[2024-10-02T19:50:04.651+0500] {logging_mixin.py:190} WARNING - Setting next_dagrun for 3_models_dag_home to 2024-10-01 01:00:00+00:00, run_after=2024-10-02 01:00:00+00:00
[2024-10-02T19:50:04.666+0500] {processor.py:208} INFO - Processing /home/nicolaspc/airflow/dags/.ipynb_checkpoints/homework_stepik-checkpoint.py took 1.250 seconds
[2024-10-02T19:50:35.475+0500] {processor.py:186} INFO - Started process (PID=50936) to work on /home/nicolaspc/airflow/dags/.ipynb_checkpoints/homework_stepik-checkpoint.py
[2024-10-02T19:50:35.484+0500] {processor.py:914} INFO - Processing file /home/nicolaspc/airflow/dags/.ipynb_checkpoints/homework_stepik-checkpoint.py for tasks to queue
[2024-10-02T19:50:35.487+0500] {logging_mixin.py:190} INFO - [2024-10-02T19:50:35.486+0500] {dagbag.py:587} INFO - Filling up the DagBag from /home/nicolaspc/airflow/dags/.ipynb_checkpoints/homework_stepik-checkpoint.py
[2024-10-02T19:50:36.538+0500] {processor.py:925} INFO - DAG(s) '3_models_dag_home' retrieved from /home/nicolaspc/airflow/dags/.ipynb_checkpoints/homework_stepik-checkpoint.py
[2024-10-02T19:50:36.558+0500] {logging_mixin.py:190} INFO - [2024-10-02T19:50:36.557+0500] {dag.py:3211} INFO - Sync 1 DAGs
[2024-10-02T19:50:36.558+0500] {logging_mixin.py:190} WARNING - Sync 1 DAGs
[2024-10-02T19:50:36.573+0500] {logging_mixin.py:190} INFO - [2024-10-02T19:50:36.573+0500] {dag.py:4138} INFO - Setting next_dagrun for 3_models_dag_home to 2024-10-01 01:00:00+00:00, run_after=2024-10-02 01:00:00+00:00
[2024-10-02T19:50:36.574+0500] {logging_mixin.py:190} WARNING - Setting next_dagrun for 3_models_dag_home to 2024-10-01 01:00:00+00:00, run_after=2024-10-02 01:00:00+00:00
[2024-10-02T19:50:36.590+0500] {processor.py:208} INFO - Processing /home/nicolaspc/airflow/dags/.ipynb_checkpoints/homework_stepik-checkpoint.py took 1.119 seconds
[2024-10-02T19:51:06.717+0500] {processor.py:186} INFO - Started process (PID=51447) to work on /home/nicolaspc/airflow/dags/.ipynb_checkpoints/homework_stepik-checkpoint.py
[2024-10-02T19:51:06.717+0500] {processor.py:914} INFO - Processing file /home/nicolaspc/airflow/dags/.ipynb_checkpoints/homework_stepik-checkpoint.py for tasks to queue
[2024-10-02T19:51:06.719+0500] {logging_mixin.py:190} INFO - [2024-10-02T19:51:06.719+0500] {dagbag.py:587} INFO - Filling up the DagBag from /home/nicolaspc/airflow/dags/.ipynb_checkpoints/homework_stepik-checkpoint.py
[2024-10-02T19:51:07.771+0500] {processor.py:925} INFO - DAG(s) '3_models_dag_home' retrieved from /home/nicolaspc/airflow/dags/.ipynb_checkpoints/homework_stepik-checkpoint.py
[2024-10-02T19:51:07.791+0500] {logging_mixin.py:190} INFO - [2024-10-02T19:51:07.791+0500] {dag.py:3211} INFO - Sync 1 DAGs
[2024-10-02T19:51:07.791+0500] {logging_mixin.py:190} WARNING - Sync 1 DAGs
[2024-10-02T19:51:07.808+0500] {logging_mixin.py:190} INFO - [2024-10-02T19:51:07.807+0500] {dag.py:4138} INFO - Setting next_dagrun for 3_models_dag_home to 2024-10-01 01:00:00+00:00, run_after=2024-10-02 01:00:00+00:00
[2024-10-02T19:51:07.808+0500] {logging_mixin.py:190} WARNING - Setting next_dagrun for 3_models_dag_home to 2024-10-01 01:00:00+00:00, run_after=2024-10-02 01:00:00+00:00
[2024-10-02T19:51:07.823+0500] {processor.py:208} INFO - Processing /home/nicolaspc/airflow/dags/.ipynb_checkpoints/homework_stepik-checkpoint.py took 1.112 seconds
[2024-10-02T19:51:37.914+0500] {processor.py:186} INFO - Started process (PID=52074) to work on /home/nicolaspc/airflow/dags/.ipynb_checkpoints/homework_stepik-checkpoint.py
[2024-10-02T19:51:37.923+0500] {processor.py:914} INFO - Processing file /home/nicolaspc/airflow/dags/.ipynb_checkpoints/homework_stepik-checkpoint.py for tasks to queue
[2024-10-02T19:51:37.926+0500] {logging_mixin.py:190} INFO - [2024-10-02T19:51:37.925+0500] {dagbag.py:587} INFO - Filling up the DagBag from /home/nicolaspc/airflow/dags/.ipynb_checkpoints/homework_stepik-checkpoint.py
[2024-10-02T19:51:39.033+0500] {processor.py:925} INFO - DAG(s) '3_models_dag_home' retrieved from /home/nicolaspc/airflow/dags/.ipynb_checkpoints/homework_stepik-checkpoint.py
[2024-10-02T19:51:39.055+0500] {logging_mixin.py:190} INFO - [2024-10-02T19:51:39.055+0500] {dag.py:3211} INFO - Sync 1 DAGs
[2024-10-02T19:51:39.055+0500] {logging_mixin.py:190} WARNING - Sync 1 DAGs
[2024-10-02T19:51:39.071+0500] {logging_mixin.py:190} INFO - [2024-10-02T19:51:39.071+0500] {dag.py:4138} INFO - Setting next_dagrun for 3_models_dag_home to 2024-10-01 01:00:00+00:00, run_after=2024-10-02 01:00:00+00:00
[2024-10-02T19:51:39.071+0500] {logging_mixin.py:190} WARNING - Setting next_dagrun for 3_models_dag_home to 2024-10-01 01:00:00+00:00, run_after=2024-10-02 01:00:00+00:00
[2024-10-02T19:51:39.086+0500] {processor.py:208} INFO - Processing /home/nicolaspc/airflow/dags/.ipynb_checkpoints/homework_stepik-checkpoint.py took 1.177 seconds
[2024-10-02T19:52:09.271+0500] {processor.py:186} INFO - Started process (PID=52540) to work on /home/nicolaspc/airflow/dags/.ipynb_checkpoints/homework_stepik-checkpoint.py
[2024-10-02T19:52:09.272+0500] {processor.py:914} INFO - Processing file /home/nicolaspc/airflow/dags/.ipynb_checkpoints/homework_stepik-checkpoint.py for tasks to queue
[2024-10-02T19:52:09.273+0500] {logging_mixin.py:190} INFO - [2024-10-02T19:52:09.273+0500] {dagbag.py:587} INFO - Filling up the DagBag from /home/nicolaspc/airflow/dags/.ipynb_checkpoints/homework_stepik-checkpoint.py
[2024-10-02T19:52:10.336+0500] {processor.py:925} INFO - DAG(s) '3_models_dag_home' retrieved from /home/nicolaspc/airflow/dags/.ipynb_checkpoints/homework_stepik-checkpoint.py
[2024-10-02T19:52:10.364+0500] {logging_mixin.py:190} INFO - [2024-10-02T19:52:10.363+0500] {dag.py:3211} INFO - Sync 1 DAGs
[2024-10-02T19:52:10.364+0500] {logging_mixin.py:190} WARNING - Sync 1 DAGs
[2024-10-02T19:52:10.390+0500] {logging_mixin.py:190} INFO - [2024-10-02T19:52:10.390+0500] {dag.py:4138} INFO - Setting next_dagrun for 3_models_dag_home to 2024-10-01 01:00:00+00:00, run_after=2024-10-02 01:00:00+00:00
[2024-10-02T19:52:10.390+0500] {logging_mixin.py:190} WARNING - Setting next_dagrun for 3_models_dag_home to 2024-10-01 01:00:00+00:00, run_after=2024-10-02 01:00:00+00:00
[2024-10-02T19:52:10.405+0500] {processor.py:208} INFO - Processing /home/nicolaspc/airflow/dags/.ipynb_checkpoints/homework_stepik-checkpoint.py took 1.138 seconds
[2024-10-02T19:52:40.630+0500] {processor.py:186} INFO - Started process (PID=53057) to work on /home/nicolaspc/airflow/dags/.ipynb_checkpoints/homework_stepik-checkpoint.py
[2024-10-02T19:52:40.631+0500] {processor.py:914} INFO - Processing file /home/nicolaspc/airflow/dags/.ipynb_checkpoints/homework_stepik-checkpoint.py for tasks to queue
[2024-10-02T19:52:40.633+0500] {logging_mixin.py:190} INFO - [2024-10-02T19:52:40.633+0500] {dagbag.py:587} INFO - Filling up the DagBag from /home/nicolaspc/airflow/dags/.ipynb_checkpoints/homework_stepik-checkpoint.py
[2024-10-02T19:52:41.697+0500] {processor.py:925} INFO - DAG(s) '3_models_dag_home' retrieved from /home/nicolaspc/airflow/dags/.ipynb_checkpoints/homework_stepik-checkpoint.py
[2024-10-02T19:52:41.718+0500] {logging_mixin.py:190} INFO - [2024-10-02T19:52:41.717+0500] {dag.py:3211} INFO - Sync 1 DAGs
[2024-10-02T19:52:41.718+0500] {logging_mixin.py:190} WARNING - Sync 1 DAGs
[2024-10-02T19:52:41.733+0500] {logging_mixin.py:190} INFO - [2024-10-02T19:52:41.733+0500] {dag.py:4138} INFO - Setting next_dagrun for 3_models_dag_home to 2024-10-01 01:00:00+00:00, run_after=2024-10-02 01:00:00+00:00
[2024-10-02T19:52:41.733+0500] {logging_mixin.py:190} WARNING - Setting next_dagrun for 3_models_dag_home to 2024-10-01 01:00:00+00:00, run_after=2024-10-02 01:00:00+00:00
[2024-10-02T19:52:41.749+0500] {processor.py:208} INFO - Processing /home/nicolaspc/airflow/dags/.ipynb_checkpoints/homework_stepik-checkpoint.py took 1.125 seconds
[2024-10-02T19:53:11.840+0500] {processor.py:186} INFO - Started process (PID=53695) to work on /home/nicolaspc/airflow/dags/.ipynb_checkpoints/homework_stepik-checkpoint.py
[2024-10-02T19:53:11.850+0500] {processor.py:914} INFO - Processing file /home/nicolaspc/airflow/dags/.ipynb_checkpoints/homework_stepik-checkpoint.py for tasks to queue
[2024-10-02T19:53:11.852+0500] {logging_mixin.py:190} INFO - [2024-10-02T19:53:11.852+0500] {dagbag.py:587} INFO - Filling up the DagBag from /home/nicolaspc/airflow/dags/.ipynb_checkpoints/homework_stepik-checkpoint.py
[2024-10-02T19:53:12.908+0500] {processor.py:925} INFO - DAG(s) '3_models_dag_home' retrieved from /home/nicolaspc/airflow/dags/.ipynb_checkpoints/homework_stepik-checkpoint.py
[2024-10-02T19:53:12.930+0500] {logging_mixin.py:190} INFO - [2024-10-02T19:53:12.929+0500] {dag.py:3211} INFO - Sync 1 DAGs
[2024-10-02T19:53:12.930+0500] {logging_mixin.py:190} WARNING - Sync 1 DAGs
[2024-10-02T19:53:12.946+0500] {logging_mixin.py:190} INFO - [2024-10-02T19:53:12.946+0500] {dag.py:4138} INFO - Setting next_dagrun for 3_models_dag_home to 2024-10-01 01:00:00+00:00, run_after=2024-10-02 01:00:00+00:00
[2024-10-02T19:53:12.946+0500] {logging_mixin.py:190} WARNING - Setting next_dagrun for 3_models_dag_home to 2024-10-01 01:00:00+00:00, run_after=2024-10-02 01:00:00+00:00
[2024-10-02T19:53:12.963+0500] {processor.py:208} INFO - Processing /home/nicolaspc/airflow/dags/.ipynb_checkpoints/homework_stepik-checkpoint.py took 1.129 seconds
[2024-10-02T19:53:43.027+0500] {processor.py:186} INFO - Started process (PID=54270) to work on /home/nicolaspc/airflow/dags/.ipynb_checkpoints/homework_stepik-checkpoint.py
[2024-10-02T19:53:43.028+0500] {processor.py:914} INFO - Processing file /home/nicolaspc/airflow/dags/.ipynb_checkpoints/homework_stepik-checkpoint.py for tasks to queue
[2024-10-02T19:53:43.029+0500] {logging_mixin.py:190} INFO - [2024-10-02T19:53:43.029+0500] {dagbag.py:587} INFO - Filling up the DagBag from /home/nicolaspc/airflow/dags/.ipynb_checkpoints/homework_stepik-checkpoint.py
[2024-10-02T19:53:44.086+0500] {processor.py:925} INFO - DAG(s) '3_models_dag_home' retrieved from /home/nicolaspc/airflow/dags/.ipynb_checkpoints/homework_stepik-checkpoint.py
[2024-10-02T19:53:44.107+0500] {logging_mixin.py:190} INFO - [2024-10-02T19:53:44.107+0500] {dag.py:3211} INFO - Sync 1 DAGs
[2024-10-02T19:53:44.107+0500] {logging_mixin.py:190} WARNING - Sync 1 DAGs
[2024-10-02T19:53:44.122+0500] {logging_mixin.py:190} INFO - [2024-10-02T19:53:44.122+0500] {dag.py:4138} INFO - Setting next_dagrun for 3_models_dag_home to 2024-10-01 01:00:00+00:00, run_after=2024-10-02 01:00:00+00:00
[2024-10-02T19:53:44.122+0500] {logging_mixin.py:190} WARNING - Setting next_dagrun for 3_models_dag_home to 2024-10-01 01:00:00+00:00, run_after=2024-10-02 01:00:00+00:00
[2024-10-02T19:53:44.139+0500] {processor.py:208} INFO - Processing /home/nicolaspc/airflow/dags/.ipynb_checkpoints/homework_stepik-checkpoint.py took 1.116 seconds
