[2024-10-02T19:35:49.274+0500] {processor.py:186} INFO - Started process (PID=36666) to work on /home/nicolaspc/airflow/dags/.ipynb_checkpoints/train_dag-checkpoint.py
[2024-10-02T19:35:49.275+0500] {processor.py:914} INFO - Processing file /home/nicolaspc/airflow/dags/.ipynb_checkpoints/train_dag-checkpoint.py for tasks to queue
[2024-10-02T19:35:49.276+0500] {logging_mixin.py:190} INFO - [2024-10-02T19:35:49.276+0500] {dagbag.py:587} INFO - Filling up the DagBag from /home/nicolaspc/airflow/dags/.ipynb_checkpoints/train_dag-checkpoint.py
[2024-10-02T19:35:50.141+0500] {processor.py:925} INFO - DAG(s) 'train' retrieved from /home/nicolaspc/airflow/dags/.ipynb_checkpoints/train_dag-checkpoint.py
[2024-10-02T19:35:50.230+0500] {logging_mixin.py:190} INFO - [2024-10-02T19:35:50.230+0500] {dag.py:3211} INFO - Sync 1 DAGs
[2024-10-02T19:35:50.230+0500] {logging_mixin.py:190} WARNING - Sync 1 DAGs
[2024-10-02T19:35:50.239+0500] {logging_mixin.py:190} INFO - [2024-10-02T19:35:50.239+0500] {dag.py:3234} INFO - Creating ORM DAG for train
[2024-10-02T19:35:50.239+0500] {logging_mixin.py:190} WARNING - Creating ORM DAG for train
[2024-10-02T19:35:50.248+0500] {logging_mixin.py:190} INFO - [2024-10-02T19:35:50.248+0500] {dag.py:4138} INFO - Setting next_dagrun for train to 2024-10-01 01:00:00+00:00, run_after=2024-10-02 01:00:00+00:00
[2024-10-02T19:35:50.248+0500] {logging_mixin.py:190} WARNING - Setting next_dagrun for train to 2024-10-01 01:00:00+00:00, run_after=2024-10-02 01:00:00+00:00
[2024-10-02T19:35:50.271+0500] {processor.py:208} INFO - Processing /home/nicolaspc/airflow/dags/.ipynb_checkpoints/train_dag-checkpoint.py took 1.001 seconds
[2024-10-02T19:36:20.451+0500] {processor.py:186} INFO - Started process (PID=37145) to work on /home/nicolaspc/airflow/dags/.ipynb_checkpoints/train_dag-checkpoint.py
[2024-10-02T19:36:20.452+0500] {processor.py:914} INFO - Processing file /home/nicolaspc/airflow/dags/.ipynb_checkpoints/train_dag-checkpoint.py for tasks to queue
[2024-10-02T19:36:20.453+0500] {logging_mixin.py:190} INFO - [2024-10-02T19:36:20.453+0500] {dagbag.py:587} INFO - Filling up the DagBag from /home/nicolaspc/airflow/dags/.ipynb_checkpoints/train_dag-checkpoint.py
[2024-10-02T19:36:21.250+0500] {processor.py:925} INFO - DAG(s) 'train' retrieved from /home/nicolaspc/airflow/dags/.ipynb_checkpoints/train_dag-checkpoint.py
[2024-10-02T19:36:21.271+0500] {logging_mixin.py:190} INFO - [2024-10-02T19:36:21.271+0500] {dag.py:3211} INFO - Sync 1 DAGs
[2024-10-02T19:36:21.271+0500] {logging_mixin.py:190} WARNING - Sync 1 DAGs
[2024-10-02T19:36:21.287+0500] {logging_mixin.py:190} INFO - [2024-10-02T19:36:21.287+0500] {dag.py:4138} INFO - Setting next_dagrun for train to 2024-10-01 01:00:00+00:00, run_after=2024-10-02 01:00:00+00:00
[2024-10-02T19:36:21.287+0500] {logging_mixin.py:190} WARNING - Setting next_dagrun for train to 2024-10-01 01:00:00+00:00, run_after=2024-10-02 01:00:00+00:00
[2024-10-02T19:36:21.311+0500] {processor.py:208} INFO - Processing /home/nicolaspc/airflow/dags/.ipynb_checkpoints/train_dag-checkpoint.py took 0.865 seconds
[2024-10-02T19:36:52.326+0500] {processor.py:186} INFO - Started process (PID=37671) to work on /home/nicolaspc/airflow/dags/.ipynb_checkpoints/train_dag-checkpoint.py
[2024-10-02T19:36:52.327+0500] {processor.py:914} INFO - Processing file /home/nicolaspc/airflow/dags/.ipynb_checkpoints/train_dag-checkpoint.py for tasks to queue
[2024-10-02T19:36:52.329+0500] {logging_mixin.py:190} INFO - [2024-10-02T19:36:52.328+0500] {dagbag.py:587} INFO - Filling up the DagBag from /home/nicolaspc/airflow/dags/.ipynb_checkpoints/train_dag-checkpoint.py
[2024-10-02T19:36:53.161+0500] {processor.py:925} INFO - DAG(s) 'train' retrieved from /home/nicolaspc/airflow/dags/.ipynb_checkpoints/train_dag-checkpoint.py
[2024-10-02T19:36:53.182+0500] {logging_mixin.py:190} INFO - [2024-10-02T19:36:53.181+0500] {dag.py:3211} INFO - Sync 1 DAGs
[2024-10-02T19:36:53.182+0500] {logging_mixin.py:190} WARNING - Sync 1 DAGs
[2024-10-02T19:36:53.198+0500] {logging_mixin.py:190} INFO - [2024-10-02T19:36:53.198+0500] {dag.py:4138} INFO - Setting next_dagrun for train to 2024-10-01 01:00:00+00:00, run_after=2024-10-02 01:00:00+00:00
[2024-10-02T19:36:53.198+0500] {logging_mixin.py:190} WARNING - Setting next_dagrun for train to 2024-10-01 01:00:00+00:00, run_after=2024-10-02 01:00:00+00:00
[2024-10-02T19:36:53.222+0500] {processor.py:208} INFO - Processing /home/nicolaspc/airflow/dags/.ipynb_checkpoints/train_dag-checkpoint.py took 0.901 seconds
[2024-10-02T19:37:23.403+0500] {processor.py:186} INFO - Started process (PID=38240) to work on /home/nicolaspc/airflow/dags/.ipynb_checkpoints/train_dag-checkpoint.py
[2024-10-02T19:37:23.403+0500] {processor.py:914} INFO - Processing file /home/nicolaspc/airflow/dags/.ipynb_checkpoints/train_dag-checkpoint.py for tasks to queue
[2024-10-02T19:37:23.404+0500] {logging_mixin.py:190} INFO - [2024-10-02T19:37:23.404+0500] {dagbag.py:587} INFO - Filling up the DagBag from /home/nicolaspc/airflow/dags/.ipynb_checkpoints/train_dag-checkpoint.py
[2024-10-02T19:37:24.179+0500] {processor.py:925} INFO - DAG(s) 'train' retrieved from /home/nicolaspc/airflow/dags/.ipynb_checkpoints/train_dag-checkpoint.py
[2024-10-02T19:37:24.199+0500] {logging_mixin.py:190} INFO - [2024-10-02T19:37:24.198+0500] {dag.py:3211} INFO - Sync 1 DAGs
[2024-10-02T19:37:24.199+0500] {logging_mixin.py:190} WARNING - Sync 1 DAGs
[2024-10-02T19:37:24.215+0500] {logging_mixin.py:190} INFO - [2024-10-02T19:37:24.215+0500] {dag.py:4138} INFO - Setting next_dagrun for train to 2024-10-01 01:00:00+00:00, run_after=2024-10-02 01:00:00+00:00
[2024-10-02T19:37:24.215+0500] {logging_mixin.py:190} WARNING - Setting next_dagrun for train to 2024-10-01 01:00:00+00:00, run_after=2024-10-02 01:00:00+00:00
[2024-10-02T19:37:24.238+0500] {processor.py:208} INFO - Processing /home/nicolaspc/airflow/dags/.ipynb_checkpoints/train_dag-checkpoint.py took 0.840 seconds
[2024-10-02T19:37:54.343+0500] {processor.py:186} INFO - Started process (PID=38747) to work on /home/nicolaspc/airflow/dags/.ipynb_checkpoints/train_dag-checkpoint.py
[2024-10-02T19:37:54.344+0500] {processor.py:914} INFO - Processing file /home/nicolaspc/airflow/dags/.ipynb_checkpoints/train_dag-checkpoint.py for tasks to queue
[2024-10-02T19:37:54.345+0500] {logging_mixin.py:190} INFO - [2024-10-02T19:37:54.345+0500] {dagbag.py:587} INFO - Filling up the DagBag from /home/nicolaspc/airflow/dags/.ipynb_checkpoints/train_dag-checkpoint.py
[2024-10-02T19:37:55.169+0500] {processor.py:925} INFO - DAG(s) 'train' retrieved from /home/nicolaspc/airflow/dags/.ipynb_checkpoints/train_dag-checkpoint.py
[2024-10-02T19:37:55.189+0500] {logging_mixin.py:190} INFO - [2024-10-02T19:37:55.189+0500] {dag.py:3211} INFO - Sync 1 DAGs
[2024-10-02T19:37:55.190+0500] {logging_mixin.py:190} WARNING - Sync 1 DAGs
[2024-10-02T19:37:55.205+0500] {logging_mixin.py:190} INFO - [2024-10-02T19:37:55.205+0500] {dag.py:4138} INFO - Setting next_dagrun for train to 2024-10-01 01:00:00+00:00, run_after=2024-10-02 01:00:00+00:00
[2024-10-02T19:37:55.205+0500] {logging_mixin.py:190} WARNING - Setting next_dagrun for train to 2024-10-01 01:00:00+00:00, run_after=2024-10-02 01:00:00+00:00
[2024-10-02T19:37:55.227+0500] {processor.py:208} INFO - Processing /home/nicolaspc/airflow/dags/.ipynb_checkpoints/train_dag-checkpoint.py took 0.888 seconds
[2024-10-02T19:38:25.776+0500] {processor.py:186} INFO - Started process (PID=39495) to work on /home/nicolaspc/airflow/dags/.ipynb_checkpoints/train_dag-checkpoint.py
[2024-10-02T19:38:25.777+0500] {processor.py:914} INFO - Processing file /home/nicolaspc/airflow/dags/.ipynb_checkpoints/train_dag-checkpoint.py for tasks to queue
[2024-10-02T19:38:25.779+0500] {logging_mixin.py:190} INFO - [2024-10-02T19:38:25.778+0500] {dagbag.py:587} INFO - Filling up the DagBag from /home/nicolaspc/airflow/dags/.ipynb_checkpoints/train_dag-checkpoint.py
[2024-10-02T19:38:26.659+0500] {processor.py:925} INFO - DAG(s) 'train' retrieved from /home/nicolaspc/airflow/dags/.ipynb_checkpoints/train_dag-checkpoint.py
[2024-10-02T19:38:26.679+0500] {logging_mixin.py:190} INFO - [2024-10-02T19:38:26.679+0500] {dag.py:3211} INFO - Sync 1 DAGs
[2024-10-02T19:38:26.679+0500] {logging_mixin.py:190} WARNING - Sync 1 DAGs
[2024-10-02T19:38:26.699+0500] {logging_mixin.py:190} INFO - [2024-10-02T19:38:26.699+0500] {dag.py:4138} INFO - Setting next_dagrun for train to 2024-10-01 01:00:00+00:00, run_after=2024-10-02 01:00:00+00:00
[2024-10-02T19:38:26.699+0500] {logging_mixin.py:190} WARNING - Setting next_dagrun for train to 2024-10-01 01:00:00+00:00, run_after=2024-10-02 01:00:00+00:00
[2024-10-02T19:38:26.723+0500] {processor.py:208} INFO - Processing /home/nicolaspc/airflow/dags/.ipynb_checkpoints/train_dag-checkpoint.py took 0.954 seconds
[2024-10-02T19:38:57.154+0500] {processor.py:186} INFO - Started process (PID=39981) to work on /home/nicolaspc/airflow/dags/.ipynb_checkpoints/train_dag-checkpoint.py
[2024-10-02T19:38:57.155+0500] {processor.py:914} INFO - Processing file /home/nicolaspc/airflow/dags/.ipynb_checkpoints/train_dag-checkpoint.py for tasks to queue
[2024-10-02T19:38:57.158+0500] {logging_mixin.py:190} INFO - [2024-10-02T19:38:57.157+0500] {dagbag.py:587} INFO - Filling up the DagBag from /home/nicolaspc/airflow/dags/.ipynb_checkpoints/train_dag-checkpoint.py
[2024-10-02T19:38:57.992+0500] {processor.py:925} INFO - DAG(s) 'train' retrieved from /home/nicolaspc/airflow/dags/.ipynb_checkpoints/train_dag-checkpoint.py
[2024-10-02T19:38:58.018+0500] {logging_mixin.py:190} INFO - [2024-10-02T19:38:58.018+0500] {dag.py:3211} INFO - Sync 1 DAGs
[2024-10-02T19:38:58.018+0500] {logging_mixin.py:190} WARNING - Sync 1 DAGs
[2024-10-02T19:38:58.032+0500] {logging_mixin.py:190} INFO - [2024-10-02T19:38:58.032+0500] {dag.py:4138} INFO - Setting next_dagrun for train to 2024-10-01 01:00:00+00:00, run_after=2024-10-02 01:00:00+00:00
[2024-10-02T19:38:58.032+0500] {logging_mixin.py:190} WARNING - Setting next_dagrun for train to 2024-10-01 01:00:00+00:00, run_after=2024-10-02 01:00:00+00:00
[2024-10-02T19:38:58.054+0500] {processor.py:208} INFO - Processing /home/nicolaspc/airflow/dags/.ipynb_checkpoints/train_dag-checkpoint.py took 0.907 seconds
[2024-10-02T19:39:28.472+0500] {processor.py:186} INFO - Started process (PID=40482) to work on /home/nicolaspc/airflow/dags/.ipynb_checkpoints/train_dag-checkpoint.py
[2024-10-02T19:39:28.473+0500] {processor.py:914} INFO - Processing file /home/nicolaspc/airflow/dags/.ipynb_checkpoints/train_dag-checkpoint.py for tasks to queue
[2024-10-02T19:39:28.474+0500] {logging_mixin.py:190} INFO - [2024-10-02T19:39:28.474+0500] {dagbag.py:587} INFO - Filling up the DagBag from /home/nicolaspc/airflow/dags/.ipynb_checkpoints/train_dag-checkpoint.py
[2024-10-02T19:39:29.469+0500] {processor.py:925} INFO - DAG(s) 'train' retrieved from /home/nicolaspc/airflow/dags/.ipynb_checkpoints/train_dag-checkpoint.py
[2024-10-02T19:39:29.500+0500] {logging_mixin.py:190} INFO - [2024-10-02T19:39:29.499+0500] {dag.py:3211} INFO - Sync 1 DAGs
[2024-10-02T19:39:29.500+0500] {logging_mixin.py:190} WARNING - Sync 1 DAGs
[2024-10-02T19:39:29.528+0500] {logging_mixin.py:190} INFO - [2024-10-02T19:39:29.527+0500] {dag.py:4138} INFO - Setting next_dagrun for train to 2024-10-01 01:00:00+00:00, run_after=2024-10-02 01:00:00+00:00
[2024-10-02T19:39:29.528+0500] {logging_mixin.py:190} WARNING - Setting next_dagrun for train to 2024-10-01 01:00:00+00:00, run_after=2024-10-02 01:00:00+00:00
[2024-10-02T19:39:29.546+0500] {processor.py:208} INFO - Processing /home/nicolaspc/airflow/dags/.ipynb_checkpoints/train_dag-checkpoint.py took 1.080 seconds
[2024-10-02T19:39:59.867+0500] {processor.py:186} INFO - Started process (PID=41020) to work on /home/nicolaspc/airflow/dags/.ipynb_checkpoints/train_dag-checkpoint.py
[2024-10-02T19:39:59.868+0500] {processor.py:914} INFO - Processing file /home/nicolaspc/airflow/dags/.ipynb_checkpoints/train_dag-checkpoint.py for tasks to queue
[2024-10-02T19:39:59.870+0500] {logging_mixin.py:190} INFO - [2024-10-02T19:39:59.870+0500] {dagbag.py:587} INFO - Filling up the DagBag from /home/nicolaspc/airflow/dags/.ipynb_checkpoints/train_dag-checkpoint.py
[2024-10-02T19:40:00.616+0500] {processor.py:925} INFO - DAG(s) 'train' retrieved from /home/nicolaspc/airflow/dags/.ipynb_checkpoints/train_dag-checkpoint.py
[2024-10-02T19:40:00.636+0500] {logging_mixin.py:190} INFO - [2024-10-02T19:40:00.636+0500] {dag.py:3211} INFO - Sync 1 DAGs
[2024-10-02T19:40:00.636+0500] {logging_mixin.py:190} WARNING - Sync 1 DAGs
[2024-10-02T19:40:00.652+0500] {logging_mixin.py:190} INFO - [2024-10-02T19:40:00.652+0500] {dag.py:4138} INFO - Setting next_dagrun for train to 2024-10-01 01:00:00+00:00, run_after=2024-10-02 01:00:00+00:00
[2024-10-02T19:40:00.652+0500] {logging_mixin.py:190} WARNING - Setting next_dagrun for train to 2024-10-01 01:00:00+00:00, run_after=2024-10-02 01:00:00+00:00
[2024-10-02T19:40:00.675+0500] {processor.py:208} INFO - Processing /home/nicolaspc/airflow/dags/.ipynb_checkpoints/train_dag-checkpoint.py took 0.814 seconds
[2024-10-02T19:40:30.859+0500] {processor.py:186} INFO - Started process (PID=41491) to work on /home/nicolaspc/airflow/dags/.ipynb_checkpoints/train_dag-checkpoint.py
[2024-10-02T19:40:30.860+0500] {processor.py:914} INFO - Processing file /home/nicolaspc/airflow/dags/.ipynb_checkpoints/train_dag-checkpoint.py for tasks to queue
[2024-10-02T19:40:30.862+0500] {logging_mixin.py:190} INFO - [2024-10-02T19:40:30.862+0500] {dagbag.py:587} INFO - Filling up the DagBag from /home/nicolaspc/airflow/dags/.ipynb_checkpoints/train_dag-checkpoint.py
[2024-10-02T19:40:31.786+0500] {processor.py:925} INFO - DAG(s) 'train' retrieved from /home/nicolaspc/airflow/dags/.ipynb_checkpoints/train_dag-checkpoint.py
[2024-10-02T19:40:31.806+0500] {logging_mixin.py:190} INFO - [2024-10-02T19:40:31.805+0500] {dag.py:3211} INFO - Sync 1 DAGs
[2024-10-02T19:40:31.806+0500] {logging_mixin.py:190} WARNING - Sync 1 DAGs
[2024-10-02T19:40:31.823+0500] {logging_mixin.py:190} INFO - [2024-10-02T19:40:31.822+0500] {dag.py:4138} INFO - Setting next_dagrun for train to 2024-10-01 01:00:00+00:00, run_after=2024-10-02 01:00:00+00:00
[2024-10-02T19:40:31.823+0500] {logging_mixin.py:190} WARNING - Setting next_dagrun for train to 2024-10-01 01:00:00+00:00, run_after=2024-10-02 01:00:00+00:00
[2024-10-02T19:40:31.838+0500] {processor.py:208} INFO - Processing /home/nicolaspc/airflow/dags/.ipynb_checkpoints/train_dag-checkpoint.py took 0.984 seconds
[2024-10-02T19:41:02.184+0500] {processor.py:186} INFO - Started process (PID=42027) to work on /home/nicolaspc/airflow/dags/.ipynb_checkpoints/train_dag-checkpoint.py
[2024-10-02T19:41:02.185+0500] {processor.py:914} INFO - Processing file /home/nicolaspc/airflow/dags/.ipynb_checkpoints/train_dag-checkpoint.py for tasks to queue
[2024-10-02T19:41:02.186+0500] {logging_mixin.py:190} INFO - [2024-10-02T19:41:02.186+0500] {dagbag.py:587} INFO - Filling up the DagBag from /home/nicolaspc/airflow/dags/.ipynb_checkpoints/train_dag-checkpoint.py
[2024-10-02T19:41:03.004+0500] {processor.py:925} INFO - DAG(s) 'train' retrieved from /home/nicolaspc/airflow/dags/.ipynb_checkpoints/train_dag-checkpoint.py
[2024-10-02T19:41:03.023+0500] {logging_mixin.py:190} INFO - [2024-10-02T19:41:03.023+0500] {dag.py:3211} INFO - Sync 1 DAGs
[2024-10-02T19:41:03.023+0500] {logging_mixin.py:190} WARNING - Sync 1 DAGs
[2024-10-02T19:41:03.040+0500] {logging_mixin.py:190} INFO - [2024-10-02T19:41:03.040+0500] {dag.py:4138} INFO - Setting next_dagrun for train to 2024-10-01 01:00:00+00:00, run_after=2024-10-02 01:00:00+00:00
[2024-10-02T19:41:03.040+0500] {logging_mixin.py:190} WARNING - Setting next_dagrun for train to 2024-10-01 01:00:00+00:00, run_after=2024-10-02 01:00:00+00:00
[2024-10-02T19:41:03.063+0500] {processor.py:208} INFO - Processing /home/nicolaspc/airflow/dags/.ipynb_checkpoints/train_dag-checkpoint.py took 0.883 seconds
[2024-10-02T19:41:33.421+0500] {processor.py:186} INFO - Started process (PID=42533) to work on /home/nicolaspc/airflow/dags/.ipynb_checkpoints/train_dag-checkpoint.py
[2024-10-02T19:41:33.421+0500] {processor.py:914} INFO - Processing file /home/nicolaspc/airflow/dags/.ipynb_checkpoints/train_dag-checkpoint.py for tasks to queue
[2024-10-02T19:41:33.423+0500] {logging_mixin.py:190} INFO - [2024-10-02T19:41:33.423+0500] {dagbag.py:587} INFO - Filling up the DagBag from /home/nicolaspc/airflow/dags/.ipynb_checkpoints/train_dag-checkpoint.py
[2024-10-02T19:41:34.234+0500] {processor.py:925} INFO - DAG(s) 'train' retrieved from /home/nicolaspc/airflow/dags/.ipynb_checkpoints/train_dag-checkpoint.py
[2024-10-02T19:41:34.255+0500] {logging_mixin.py:190} INFO - [2024-10-02T19:41:34.255+0500] {dag.py:3211} INFO - Sync 1 DAGs
[2024-10-02T19:41:34.255+0500] {logging_mixin.py:190} WARNING - Sync 1 DAGs
[2024-10-02T19:41:34.273+0500] {logging_mixin.py:190} INFO - [2024-10-02T19:41:34.273+0500] {dag.py:4138} INFO - Setting next_dagrun for train to 2024-10-01 01:00:00+00:00, run_after=2024-10-02 01:00:00+00:00
[2024-10-02T19:41:34.273+0500] {logging_mixin.py:190} WARNING - Setting next_dagrun for train to 2024-10-01 01:00:00+00:00, run_after=2024-10-02 01:00:00+00:00
[2024-10-02T19:41:34.299+0500] {processor.py:208} INFO - Processing /home/nicolaspc/airflow/dags/.ipynb_checkpoints/train_dag-checkpoint.py took 0.882 seconds
[2024-10-02T19:42:04.415+0500] {processor.py:186} INFO - Started process (PID=42967) to work on /home/nicolaspc/airflow/dags/.ipynb_checkpoints/train_dag-checkpoint.py
[2024-10-02T19:42:04.416+0500] {processor.py:914} INFO - Processing file /home/nicolaspc/airflow/dags/.ipynb_checkpoints/train_dag-checkpoint.py for tasks to queue
[2024-10-02T19:42:04.418+0500] {logging_mixin.py:190} INFO - [2024-10-02T19:42:04.417+0500] {dagbag.py:587} INFO - Filling up the DagBag from /home/nicolaspc/airflow/dags/.ipynb_checkpoints/train_dag-checkpoint.py
[2024-10-02T19:42:05.235+0500] {processor.py:925} INFO - DAG(s) 'train' retrieved from /home/nicolaspc/airflow/dags/.ipynb_checkpoints/train_dag-checkpoint.py
[2024-10-02T19:42:05.262+0500] {logging_mixin.py:190} INFO - [2024-10-02T19:42:05.262+0500] {dag.py:3211} INFO - Sync 1 DAGs
[2024-10-02T19:42:05.262+0500] {logging_mixin.py:190} WARNING - Sync 1 DAGs
[2024-10-02T19:42:05.280+0500] {logging_mixin.py:190} INFO - [2024-10-02T19:42:05.280+0500] {dag.py:4138} INFO - Setting next_dagrun for train to 2024-10-01 01:00:00+00:00, run_after=2024-10-02 01:00:00+00:00
[2024-10-02T19:42:05.280+0500] {logging_mixin.py:190} WARNING - Setting next_dagrun for train to 2024-10-01 01:00:00+00:00, run_after=2024-10-02 01:00:00+00:00
[2024-10-02T19:42:05.303+0500] {processor.py:208} INFO - Processing /home/nicolaspc/airflow/dags/.ipynb_checkpoints/train_dag-checkpoint.py took 0.892 seconds
[2024-10-02T19:42:35.375+0500] {processor.py:186} INFO - Started process (PID=43442) to work on /home/nicolaspc/airflow/dags/.ipynb_checkpoints/train_dag-checkpoint.py
[2024-10-02T19:42:35.376+0500] {processor.py:914} INFO - Processing file /home/nicolaspc/airflow/dags/.ipynb_checkpoints/train_dag-checkpoint.py for tasks to queue
[2024-10-02T19:42:35.377+0500] {logging_mixin.py:190} INFO - [2024-10-02T19:42:35.377+0500] {dagbag.py:587} INFO - Filling up the DagBag from /home/nicolaspc/airflow/dags/.ipynb_checkpoints/train_dag-checkpoint.py
[2024-10-02T19:42:36.131+0500] {processor.py:925} INFO - DAG(s) 'train' retrieved from /home/nicolaspc/airflow/dags/.ipynb_checkpoints/train_dag-checkpoint.py
[2024-10-02T19:42:36.152+0500] {logging_mixin.py:190} INFO - [2024-10-02T19:42:36.151+0500] {dag.py:3211} INFO - Sync 1 DAGs
[2024-10-02T19:42:36.152+0500] {logging_mixin.py:190} WARNING - Sync 1 DAGs
[2024-10-02T19:42:36.167+0500] {logging_mixin.py:190} INFO - [2024-10-02T19:42:36.167+0500] {dag.py:4138} INFO - Setting next_dagrun for train to 2024-10-01 01:00:00+00:00, run_after=2024-10-02 01:00:00+00:00
[2024-10-02T19:42:36.168+0500] {logging_mixin.py:190} WARNING - Setting next_dagrun for train to 2024-10-01 01:00:00+00:00, run_after=2024-10-02 01:00:00+00:00
[2024-10-02T19:42:36.185+0500] {processor.py:208} INFO - Processing /home/nicolaspc/airflow/dags/.ipynb_checkpoints/train_dag-checkpoint.py took 0.814 seconds
[2024-10-02T19:43:06.235+0500] {processor.py:186} INFO - Started process (PID=43912) to work on /home/nicolaspc/airflow/dags/.ipynb_checkpoints/train_dag-checkpoint.py
[2024-10-02T19:43:06.236+0500] {processor.py:914} INFO - Processing file /home/nicolaspc/airflow/dags/.ipynb_checkpoints/train_dag-checkpoint.py for tasks to queue
[2024-10-02T19:43:06.238+0500] {logging_mixin.py:190} INFO - [2024-10-02T19:43:06.238+0500] {dagbag.py:587} INFO - Filling up the DagBag from /home/nicolaspc/airflow/dags/.ipynb_checkpoints/train_dag-checkpoint.py
[2024-10-02T19:43:07.042+0500] {processor.py:925} INFO - DAG(s) 'train' retrieved from /home/nicolaspc/airflow/dags/.ipynb_checkpoints/train_dag-checkpoint.py
[2024-10-02T19:43:07.062+0500] {logging_mixin.py:190} INFO - [2024-10-02T19:43:07.062+0500] {dag.py:3211} INFO - Sync 1 DAGs
[2024-10-02T19:43:07.062+0500] {logging_mixin.py:190} WARNING - Sync 1 DAGs
[2024-10-02T19:43:07.078+0500] {logging_mixin.py:190} INFO - [2024-10-02T19:43:07.078+0500] {dag.py:4138} INFO - Setting next_dagrun for train to 2024-10-01 01:00:00+00:00, run_after=2024-10-02 01:00:00+00:00
[2024-10-02T19:43:07.078+0500] {logging_mixin.py:190} WARNING - Setting next_dagrun for train to 2024-10-01 01:00:00+00:00, run_after=2024-10-02 01:00:00+00:00
[2024-10-02T19:43:07.100+0500] {processor.py:208} INFO - Processing /home/nicolaspc/airflow/dags/.ipynb_checkpoints/train_dag-checkpoint.py took 0.871 seconds
[2024-10-02T19:43:37.538+0500] {processor.py:186} INFO - Started process (PID=44388) to work on /home/nicolaspc/airflow/dags/.ipynb_checkpoints/train_dag-checkpoint.py
[2024-10-02T19:43:37.538+0500] {processor.py:914} INFO - Processing file /home/nicolaspc/airflow/dags/.ipynb_checkpoints/train_dag-checkpoint.py for tasks to queue
[2024-10-02T19:43:37.540+0500] {logging_mixin.py:190} INFO - [2024-10-02T19:43:37.539+0500] {dagbag.py:587} INFO - Filling up the DagBag from /home/nicolaspc/airflow/dags/.ipynb_checkpoints/train_dag-checkpoint.py
[2024-10-02T19:43:38.281+0500] {processor.py:925} INFO - DAG(s) 'train' retrieved from /home/nicolaspc/airflow/dags/.ipynb_checkpoints/train_dag-checkpoint.py
[2024-10-02T19:43:38.301+0500] {logging_mixin.py:190} INFO - [2024-10-02T19:43:38.301+0500] {dag.py:3211} INFO - Sync 1 DAGs
[2024-10-02T19:43:38.301+0500] {logging_mixin.py:190} WARNING - Sync 1 DAGs
[2024-10-02T19:43:38.318+0500] {logging_mixin.py:190} INFO - [2024-10-02T19:43:38.318+0500] {dag.py:4138} INFO - Setting next_dagrun for train to 2024-10-01 01:00:00+00:00, run_after=2024-10-02 01:00:00+00:00
[2024-10-02T19:43:38.318+0500] {logging_mixin.py:190} WARNING - Setting next_dagrun for train to 2024-10-01 01:00:00+00:00, run_after=2024-10-02 01:00:00+00:00
[2024-10-02T19:43:38.348+0500] {processor.py:208} INFO - Processing /home/nicolaspc/airflow/dags/.ipynb_checkpoints/train_dag-checkpoint.py took 0.815 seconds
[2024-10-02T19:44:08.451+0500] {processor.py:186} INFO - Started process (PID=44874) to work on /home/nicolaspc/airflow/dags/.ipynb_checkpoints/train_dag-checkpoint.py
[2024-10-02T19:44:08.452+0500] {processor.py:914} INFO - Processing file /home/nicolaspc/airflow/dags/.ipynb_checkpoints/train_dag-checkpoint.py for tasks to queue
[2024-10-02T19:44:08.454+0500] {logging_mixin.py:190} INFO - [2024-10-02T19:44:08.454+0500] {dagbag.py:587} INFO - Filling up the DagBag from /home/nicolaspc/airflow/dags/.ipynb_checkpoints/train_dag-checkpoint.py
[2024-10-02T19:44:09.283+0500] {processor.py:925} INFO - DAG(s) 'train' retrieved from /home/nicolaspc/airflow/dags/.ipynb_checkpoints/train_dag-checkpoint.py
[2024-10-02T19:44:09.304+0500] {logging_mixin.py:190} INFO - [2024-10-02T19:44:09.303+0500] {dag.py:3211} INFO - Sync 1 DAGs
[2024-10-02T19:44:09.304+0500] {logging_mixin.py:190} WARNING - Sync 1 DAGs
[2024-10-02T19:44:09.319+0500] {logging_mixin.py:190} INFO - [2024-10-02T19:44:09.319+0500] {dag.py:4138} INFO - Setting next_dagrun for train to 2024-10-01 01:00:00+00:00, run_after=2024-10-02 01:00:00+00:00
[2024-10-02T19:44:09.319+0500] {logging_mixin.py:190} WARNING - Setting next_dagrun for train to 2024-10-01 01:00:00+00:00, run_after=2024-10-02 01:00:00+00:00
[2024-10-02T19:44:09.342+0500] {processor.py:208} INFO - Processing /home/nicolaspc/airflow/dags/.ipynb_checkpoints/train_dag-checkpoint.py took 0.897 seconds
[2024-10-02T19:44:39.426+0500] {processor.py:186} INFO - Started process (PID=45344) to work on /home/nicolaspc/airflow/dags/.ipynb_checkpoints/train_dag-checkpoint.py
[2024-10-02T19:44:39.427+0500] {processor.py:914} INFO - Processing file /home/nicolaspc/airflow/dags/.ipynb_checkpoints/train_dag-checkpoint.py for tasks to queue
[2024-10-02T19:44:39.429+0500] {logging_mixin.py:190} INFO - [2024-10-02T19:44:39.428+0500] {dagbag.py:587} INFO - Filling up the DagBag from /home/nicolaspc/airflow/dags/.ipynb_checkpoints/train_dag-checkpoint.py
[2024-10-02T19:44:40.253+0500] {processor.py:925} INFO - DAG(s) 'train' retrieved from /home/nicolaspc/airflow/dags/.ipynb_checkpoints/train_dag-checkpoint.py
[2024-10-02T19:44:40.273+0500] {logging_mixin.py:190} INFO - [2024-10-02T19:44:40.272+0500] {dag.py:3211} INFO - Sync 1 DAGs
[2024-10-02T19:44:40.273+0500] {logging_mixin.py:190} WARNING - Sync 1 DAGs
[2024-10-02T19:44:40.289+0500] {logging_mixin.py:190} INFO - [2024-10-02T19:44:40.289+0500] {dag.py:4138} INFO - Setting next_dagrun for train to 2024-10-01 01:00:00+00:00, run_after=2024-10-02 01:00:00+00:00
[2024-10-02T19:44:40.289+0500] {logging_mixin.py:190} WARNING - Setting next_dagrun for train to 2024-10-01 01:00:00+00:00, run_after=2024-10-02 01:00:00+00:00
[2024-10-02T19:44:40.312+0500] {processor.py:208} INFO - Processing /home/nicolaspc/airflow/dags/.ipynb_checkpoints/train_dag-checkpoint.py took 0.890 seconds
[2024-10-02T19:45:10.701+0500] {processor.py:186} INFO - Started process (PID=45820) to work on /home/nicolaspc/airflow/dags/.ipynb_checkpoints/train_dag-checkpoint.py
[2024-10-02T19:45:10.703+0500] {processor.py:914} INFO - Processing file /home/nicolaspc/airflow/dags/.ipynb_checkpoints/train_dag-checkpoint.py for tasks to queue
[2024-10-02T19:45:10.705+0500] {logging_mixin.py:190} INFO - [2024-10-02T19:45:10.705+0500] {dagbag.py:587} INFO - Filling up the DagBag from /home/nicolaspc/airflow/dags/.ipynb_checkpoints/train_dag-checkpoint.py
[2024-10-02T19:45:11.529+0500] {processor.py:925} INFO - DAG(s) 'train' retrieved from /home/nicolaspc/airflow/dags/.ipynb_checkpoints/train_dag-checkpoint.py
[2024-10-02T19:45:11.548+0500] {logging_mixin.py:190} INFO - [2024-10-02T19:45:11.548+0500] {dag.py:3211} INFO - Sync 1 DAGs
[2024-10-02T19:45:11.548+0500] {logging_mixin.py:190} WARNING - Sync 1 DAGs
[2024-10-02T19:45:11.563+0500] {logging_mixin.py:190} INFO - [2024-10-02T19:45:11.563+0500] {dag.py:4138} INFO - Setting next_dagrun for train to 2024-10-01 01:00:00+00:00, run_after=2024-10-02 01:00:00+00:00
[2024-10-02T19:45:11.563+0500] {logging_mixin.py:190} WARNING - Setting next_dagrun for train to 2024-10-01 01:00:00+00:00, run_after=2024-10-02 01:00:00+00:00
[2024-10-02T19:45:11.585+0500] {processor.py:208} INFO - Processing /home/nicolaspc/airflow/dags/.ipynb_checkpoints/train_dag-checkpoint.py took 0.889 seconds
[2024-10-02T19:45:41.670+0500] {processor.py:186} INFO - Started process (PID=46281) to work on /home/nicolaspc/airflow/dags/.ipynb_checkpoints/train_dag-checkpoint.py
[2024-10-02T19:45:41.670+0500] {processor.py:914} INFO - Processing file /home/nicolaspc/airflow/dags/.ipynb_checkpoints/train_dag-checkpoint.py for tasks to queue
[2024-10-02T19:45:41.672+0500] {logging_mixin.py:190} INFO - [2024-10-02T19:45:41.672+0500] {dagbag.py:587} INFO - Filling up the DagBag from /home/nicolaspc/airflow/dags/.ipynb_checkpoints/train_dag-checkpoint.py
[2024-10-02T19:45:42.495+0500] {processor.py:925} INFO - DAG(s) 'train' retrieved from /home/nicolaspc/airflow/dags/.ipynb_checkpoints/train_dag-checkpoint.py
[2024-10-02T19:45:42.514+0500] {logging_mixin.py:190} INFO - [2024-10-02T19:45:42.514+0500] {dag.py:3211} INFO - Sync 1 DAGs
[2024-10-02T19:45:42.514+0500] {logging_mixin.py:190} WARNING - Sync 1 DAGs
[2024-10-02T19:45:42.530+0500] {logging_mixin.py:190} INFO - [2024-10-02T19:45:42.530+0500] {dag.py:4138} INFO - Setting next_dagrun for train to 2024-10-01 01:00:00+00:00, run_after=2024-10-02 01:00:00+00:00
[2024-10-02T19:45:42.530+0500] {logging_mixin.py:190} WARNING - Setting next_dagrun for train to 2024-10-01 01:00:00+00:00, run_after=2024-10-02 01:00:00+00:00
[2024-10-02T19:45:42.552+0500] {processor.py:208} INFO - Processing /home/nicolaspc/airflow/dags/.ipynb_checkpoints/train_dag-checkpoint.py took 0.886 seconds
[2024-10-02T19:46:12.695+0500] {processor.py:186} INFO - Started process (PID=46799) to work on /home/nicolaspc/airflow/dags/.ipynb_checkpoints/train_dag-checkpoint.py
[2024-10-02T19:46:12.696+0500] {processor.py:914} INFO - Processing file /home/nicolaspc/airflow/dags/.ipynb_checkpoints/train_dag-checkpoint.py for tasks to queue
[2024-10-02T19:46:12.698+0500] {logging_mixin.py:190} INFO - [2024-10-02T19:46:12.697+0500] {dagbag.py:587} INFO - Filling up the DagBag from /home/nicolaspc/airflow/dags/.ipynb_checkpoints/train_dag-checkpoint.py
[2024-10-02T19:46:13.644+0500] {processor.py:925} INFO - DAG(s) 'train' retrieved from /home/nicolaspc/airflow/dags/.ipynb_checkpoints/train_dag-checkpoint.py
[2024-10-02T19:46:13.686+0500] {logging_mixin.py:190} INFO - [2024-10-02T19:46:13.685+0500] {dag.py:3211} INFO - Sync 1 DAGs
[2024-10-02T19:46:13.686+0500] {logging_mixin.py:190} WARNING - Sync 1 DAGs
[2024-10-02T19:46:13.718+0500] {logging_mixin.py:190} INFO - [2024-10-02T19:46:13.718+0500] {dag.py:4138} INFO - Setting next_dagrun for train to 2024-10-01 01:00:00+00:00, run_after=2024-10-02 01:00:00+00:00
[2024-10-02T19:46:13.718+0500] {logging_mixin.py:190} WARNING - Setting next_dagrun for train to 2024-10-01 01:00:00+00:00, run_after=2024-10-02 01:00:00+00:00
[2024-10-02T19:46:13.748+0500] {processor.py:208} INFO - Processing /home/nicolaspc/airflow/dags/.ipynb_checkpoints/train_dag-checkpoint.py took 1.057 seconds
[2024-10-02T19:46:43.962+0500] {processor.py:186} INFO - Started process (PID=47279) to work on /home/nicolaspc/airflow/dags/.ipynb_checkpoints/train_dag-checkpoint.py
[2024-10-02T19:46:43.963+0500] {processor.py:914} INFO - Processing file /home/nicolaspc/airflow/dags/.ipynb_checkpoints/train_dag-checkpoint.py for tasks to queue
[2024-10-02T19:46:43.964+0500] {logging_mixin.py:190} INFO - [2024-10-02T19:46:43.964+0500] {dagbag.py:587} INFO - Filling up the DagBag from /home/nicolaspc/airflow/dags/.ipynb_checkpoints/train_dag-checkpoint.py
[2024-10-02T19:46:44.718+0500] {processor.py:925} INFO - DAG(s) 'train' retrieved from /home/nicolaspc/airflow/dags/.ipynb_checkpoints/train_dag-checkpoint.py
[2024-10-02T19:46:44.738+0500] {logging_mixin.py:190} INFO - [2024-10-02T19:46:44.738+0500] {dag.py:3211} INFO - Sync 1 DAGs
[2024-10-02T19:46:44.738+0500] {logging_mixin.py:190} WARNING - Sync 1 DAGs
[2024-10-02T19:46:44.753+0500] {logging_mixin.py:190} INFO - [2024-10-02T19:46:44.753+0500] {dag.py:4138} INFO - Setting next_dagrun for train to 2024-10-01 01:00:00+00:00, run_after=2024-10-02 01:00:00+00:00
[2024-10-02T19:46:44.753+0500] {logging_mixin.py:190} WARNING - Setting next_dagrun for train to 2024-10-01 01:00:00+00:00, run_after=2024-10-02 01:00:00+00:00
[2024-10-02T19:46:44.777+0500] {processor.py:208} INFO - Processing /home/nicolaspc/airflow/dags/.ipynb_checkpoints/train_dag-checkpoint.py took 0.819 seconds
[2024-10-02T19:47:15.361+0500] {processor.py:186} INFO - Started process (PID=47784) to work on /home/nicolaspc/airflow/dags/.ipynb_checkpoints/train_dag-checkpoint.py
[2024-10-02T19:47:15.370+0500] {processor.py:914} INFO - Processing file /home/nicolaspc/airflow/dags/.ipynb_checkpoints/train_dag-checkpoint.py for tasks to queue
[2024-10-02T19:47:15.372+0500] {logging_mixin.py:190} INFO - [2024-10-02T19:47:15.372+0500] {dagbag.py:587} INFO - Filling up the DagBag from /home/nicolaspc/airflow/dags/.ipynb_checkpoints/train_dag-checkpoint.py
[2024-10-02T19:47:16.121+0500] {processor.py:925} INFO - DAG(s) 'train' retrieved from /home/nicolaspc/airflow/dags/.ipynb_checkpoints/train_dag-checkpoint.py
[2024-10-02T19:47:16.141+0500] {logging_mixin.py:190} INFO - [2024-10-02T19:47:16.141+0500] {dag.py:3211} INFO - Sync 1 DAGs
[2024-10-02T19:47:16.142+0500] {logging_mixin.py:190} WARNING - Sync 1 DAGs
[2024-10-02T19:47:16.157+0500] {logging_mixin.py:190} INFO - [2024-10-02T19:47:16.156+0500] {dag.py:4138} INFO - Setting next_dagrun for train to 2024-10-01 01:00:00+00:00, run_after=2024-10-02 01:00:00+00:00
[2024-10-02T19:47:16.157+0500] {logging_mixin.py:190} WARNING - Setting next_dagrun for train to 2024-10-01 01:00:00+00:00, run_after=2024-10-02 01:00:00+00:00
[2024-10-02T19:47:16.180+0500] {processor.py:208} INFO - Processing /home/nicolaspc/airflow/dags/.ipynb_checkpoints/train_dag-checkpoint.py took 0.823 seconds
[2024-10-02T19:47:46.586+0500] {processor.py:186} INFO - Started process (PID=48253) to work on /home/nicolaspc/airflow/dags/.ipynb_checkpoints/train_dag-checkpoint.py
[2024-10-02T19:47:46.586+0500] {processor.py:914} INFO - Processing file /home/nicolaspc/airflow/dags/.ipynb_checkpoints/train_dag-checkpoint.py for tasks to queue
[2024-10-02T19:47:46.588+0500] {logging_mixin.py:190} INFO - [2024-10-02T19:47:46.587+0500] {dagbag.py:587} INFO - Filling up the DagBag from /home/nicolaspc/airflow/dags/.ipynb_checkpoints/train_dag-checkpoint.py
[2024-10-02T19:47:47.345+0500] {processor.py:925} INFO - DAG(s) 'train' retrieved from /home/nicolaspc/airflow/dags/.ipynb_checkpoints/train_dag-checkpoint.py
[2024-10-02T19:47:47.365+0500] {logging_mixin.py:190} INFO - [2024-10-02T19:47:47.365+0500] {dag.py:3211} INFO - Sync 1 DAGs
[2024-10-02T19:47:47.365+0500] {logging_mixin.py:190} WARNING - Sync 1 DAGs
[2024-10-02T19:47:47.381+0500] {logging_mixin.py:190} INFO - [2024-10-02T19:47:47.381+0500] {dag.py:4138} INFO - Setting next_dagrun for train to 2024-10-01 01:00:00+00:00, run_after=2024-10-02 01:00:00+00:00
[2024-10-02T19:47:47.381+0500] {logging_mixin.py:190} WARNING - Setting next_dagrun for train to 2024-10-01 01:00:00+00:00, run_after=2024-10-02 01:00:00+00:00
[2024-10-02T19:47:47.405+0500] {processor.py:208} INFO - Processing /home/nicolaspc/airflow/dags/.ipynb_checkpoints/train_dag-checkpoint.py took 0.824 seconds
[2024-10-02T19:48:17.985+0500] {processor.py:186} INFO - Started process (PID=48734) to work on /home/nicolaspc/airflow/dags/.ipynb_checkpoints/train_dag-checkpoint.py
[2024-10-02T19:48:17.986+0500] {processor.py:914} INFO - Processing file /home/nicolaspc/airflow/dags/.ipynb_checkpoints/train_dag-checkpoint.py for tasks to queue
[2024-10-02T19:48:17.988+0500] {logging_mixin.py:190} INFO - [2024-10-02T19:48:17.987+0500] {dagbag.py:587} INFO - Filling up the DagBag from /home/nicolaspc/airflow/dags/.ipynb_checkpoints/train_dag-checkpoint.py
[2024-10-02T19:48:18.852+0500] {processor.py:925} INFO - DAG(s) 'train' retrieved from /home/nicolaspc/airflow/dags/.ipynb_checkpoints/train_dag-checkpoint.py
[2024-10-02T19:48:18.875+0500] {logging_mixin.py:190} INFO - [2024-10-02T19:48:18.875+0500] {dag.py:3211} INFO - Sync 1 DAGs
[2024-10-02T19:48:18.875+0500] {logging_mixin.py:190} WARNING - Sync 1 DAGs
[2024-10-02T19:48:18.898+0500] {logging_mixin.py:190} INFO - [2024-10-02T19:48:18.898+0500] {dag.py:4138} INFO - Setting next_dagrun for train to 2024-10-01 01:00:00+00:00, run_after=2024-10-02 01:00:00+00:00
[2024-10-02T19:48:18.898+0500] {logging_mixin.py:190} WARNING - Setting next_dagrun for train to 2024-10-01 01:00:00+00:00, run_after=2024-10-02 01:00:00+00:00
[2024-10-02T19:48:18.934+0500] {processor.py:208} INFO - Processing /home/nicolaspc/airflow/dags/.ipynb_checkpoints/train_dag-checkpoint.py took 0.954 seconds
[2024-10-02T19:48:49.251+0500] {processor.py:186} INFO - Started process (PID=49250) to work on /home/nicolaspc/airflow/dags/.ipynb_checkpoints/train_dag-checkpoint.py
[2024-10-02T19:48:49.251+0500] {processor.py:914} INFO - Processing file /home/nicolaspc/airflow/dags/.ipynb_checkpoints/train_dag-checkpoint.py for tasks to queue
[2024-10-02T19:48:49.253+0500] {logging_mixin.py:190} INFO - [2024-10-02T19:48:49.253+0500] {dagbag.py:587} INFO - Filling up the DagBag from /home/nicolaspc/airflow/dags/.ipynb_checkpoints/train_dag-checkpoint.py
[2024-10-02T19:48:50.187+0500] {processor.py:925} INFO - DAG(s) 'train' retrieved from /home/nicolaspc/airflow/dags/.ipynb_checkpoints/train_dag-checkpoint.py
[2024-10-02T19:48:50.211+0500] {logging_mixin.py:190} INFO - [2024-10-02T19:48:50.211+0500] {dag.py:3211} INFO - Sync 1 DAGs
[2024-10-02T19:48:50.212+0500] {logging_mixin.py:190} WARNING - Sync 1 DAGs
[2024-10-02T19:48:50.227+0500] {logging_mixin.py:190} INFO - [2024-10-02T19:48:50.227+0500] {dag.py:4138} INFO - Setting next_dagrun for train to 2024-10-01 01:00:00+00:00, run_after=2024-10-02 01:00:00+00:00
[2024-10-02T19:48:50.228+0500] {logging_mixin.py:190} WARNING - Setting next_dagrun for train to 2024-10-01 01:00:00+00:00, run_after=2024-10-02 01:00:00+00:00
[2024-10-02T19:48:50.255+0500] {processor.py:208} INFO - Processing /home/nicolaspc/airflow/dags/.ipynb_checkpoints/train_dag-checkpoint.py took 1.009 seconds
[2024-10-02T19:49:20.521+0500] {processor.py:186} INFO - Started process (PID=49733) to work on /home/nicolaspc/airflow/dags/.ipynb_checkpoints/train_dag-checkpoint.py
[2024-10-02T19:49:20.524+0500] {processor.py:914} INFO - Processing file /home/nicolaspc/airflow/dags/.ipynb_checkpoints/train_dag-checkpoint.py for tasks to queue
[2024-10-02T19:49:20.526+0500] {logging_mixin.py:190} INFO - [2024-10-02T19:49:20.525+0500] {dagbag.py:587} INFO - Filling up the DagBag from /home/nicolaspc/airflow/dags/.ipynb_checkpoints/train_dag-checkpoint.py
[2024-10-02T19:49:21.289+0500] {processor.py:925} INFO - DAG(s) 'train' retrieved from /home/nicolaspc/airflow/dags/.ipynb_checkpoints/train_dag-checkpoint.py
[2024-10-02T19:49:21.310+0500] {logging_mixin.py:190} INFO - [2024-10-02T19:49:21.309+0500] {dag.py:3211} INFO - Sync 1 DAGs
[2024-10-02T19:49:21.310+0500] {logging_mixin.py:190} WARNING - Sync 1 DAGs
[2024-10-02T19:49:21.326+0500] {logging_mixin.py:190} INFO - [2024-10-02T19:49:21.326+0500] {dag.py:4138} INFO - Setting next_dagrun for train to 2024-10-01 01:00:00+00:00, run_after=2024-10-02 01:00:00+00:00
[2024-10-02T19:49:21.326+0500] {logging_mixin.py:190} WARNING - Setting next_dagrun for train to 2024-10-01 01:00:00+00:00, run_after=2024-10-02 01:00:00+00:00
[2024-10-02T19:49:21.356+0500] {processor.py:208} INFO - Processing /home/nicolaspc/airflow/dags/.ipynb_checkpoints/train_dag-checkpoint.py took 0.841 seconds
[2024-10-02T19:49:52.304+0500] {processor.py:186} INFO - Started process (PID=50228) to work on /home/nicolaspc/airflow/dags/.ipynb_checkpoints/train_dag-checkpoint.py
[2024-10-02T19:49:52.305+0500] {processor.py:914} INFO - Processing file /home/nicolaspc/airflow/dags/.ipynb_checkpoints/train_dag-checkpoint.py for tasks to queue
[2024-10-02T19:49:52.306+0500] {logging_mixin.py:190} INFO - [2024-10-02T19:49:52.306+0500] {dagbag.py:587} INFO - Filling up the DagBag from /home/nicolaspc/airflow/dags/.ipynb_checkpoints/train_dag-checkpoint.py
[2024-10-02T19:49:53.057+0500] {processor.py:925} INFO - DAG(s) 'train' retrieved from /home/nicolaspc/airflow/dags/.ipynb_checkpoints/train_dag-checkpoint.py
[2024-10-02T19:49:53.077+0500] {logging_mixin.py:190} INFO - [2024-10-02T19:49:53.077+0500] {dag.py:3211} INFO - Sync 1 DAGs
[2024-10-02T19:49:53.077+0500] {logging_mixin.py:190} WARNING - Sync 1 DAGs
[2024-10-02T19:49:53.094+0500] {logging_mixin.py:190} INFO - [2024-10-02T19:49:53.094+0500] {dag.py:4138} INFO - Setting next_dagrun for train to 2024-10-01 01:00:00+00:00, run_after=2024-10-02 01:00:00+00:00
[2024-10-02T19:49:53.094+0500] {logging_mixin.py:190} WARNING - Setting next_dagrun for train to 2024-10-01 01:00:00+00:00, run_after=2024-10-02 01:00:00+00:00
[2024-10-02T19:49:53.207+0500] {processor.py:208} INFO - Processing /home/nicolaspc/airflow/dags/.ipynb_checkpoints/train_dag-checkpoint.py took 0.908 seconds
[2024-10-02T19:50:23.533+0500] {processor.py:186} INFO - Started process (PID=50741) to work on /home/nicolaspc/airflow/dags/.ipynb_checkpoints/train_dag-checkpoint.py
[2024-10-02T19:50:23.534+0500] {processor.py:914} INFO - Processing file /home/nicolaspc/airflow/dags/.ipynb_checkpoints/train_dag-checkpoint.py for tasks to queue
[2024-10-02T19:50:23.535+0500] {logging_mixin.py:190} INFO - [2024-10-02T19:50:23.535+0500] {dagbag.py:587} INFO - Filling up the DagBag from /home/nicolaspc/airflow/dags/.ipynb_checkpoints/train_dag-checkpoint.py
[2024-10-02T19:50:24.264+0500] {processor.py:925} INFO - DAG(s) 'train' retrieved from /home/nicolaspc/airflow/dags/.ipynb_checkpoints/train_dag-checkpoint.py
[2024-10-02T19:50:24.285+0500] {logging_mixin.py:190} INFO - [2024-10-02T19:50:24.284+0500] {dag.py:3211} INFO - Sync 1 DAGs
[2024-10-02T19:50:24.285+0500] {logging_mixin.py:190} WARNING - Sync 1 DAGs
[2024-10-02T19:50:24.304+0500] {logging_mixin.py:190} INFO - [2024-10-02T19:50:24.304+0500] {dag.py:4138} INFO - Setting next_dagrun for train to 2024-10-01 01:00:00+00:00, run_after=2024-10-02 01:00:00+00:00
[2024-10-02T19:50:24.304+0500] {logging_mixin.py:190} WARNING - Setting next_dagrun for train to 2024-10-01 01:00:00+00:00, run_after=2024-10-02 01:00:00+00:00
[2024-10-02T19:50:24.322+0500] {processor.py:208} INFO - Processing /home/nicolaspc/airflow/dags/.ipynb_checkpoints/train_dag-checkpoint.py took 0.794 seconds
[2024-10-02T19:50:54.508+0500] {processor.py:186} INFO - Started process (PID=51216) to work on /home/nicolaspc/airflow/dags/.ipynb_checkpoints/train_dag-checkpoint.py
[2024-10-02T19:50:54.516+0500] {processor.py:914} INFO - Processing file /home/nicolaspc/airflow/dags/.ipynb_checkpoints/train_dag-checkpoint.py for tasks to queue
[2024-10-02T19:50:54.518+0500] {logging_mixin.py:190} INFO - [2024-10-02T19:50:54.518+0500] {dagbag.py:587} INFO - Filling up the DagBag from /home/nicolaspc/airflow/dags/.ipynb_checkpoints/train_dag-checkpoint.py
[2024-10-02T19:50:55.329+0500] {processor.py:925} INFO - DAG(s) 'train' retrieved from /home/nicolaspc/airflow/dags/.ipynb_checkpoints/train_dag-checkpoint.py
[2024-10-02T19:50:55.349+0500] {logging_mixin.py:190} INFO - [2024-10-02T19:50:55.348+0500] {dag.py:3211} INFO - Sync 1 DAGs
[2024-10-02T19:50:55.349+0500] {logging_mixin.py:190} WARNING - Sync 1 DAGs
[2024-10-02T19:50:55.377+0500] {logging_mixin.py:190} INFO - [2024-10-02T19:50:55.376+0500] {dag.py:4138} INFO - Setting next_dagrun for train to 2024-10-01 01:00:00+00:00, run_after=2024-10-02 01:00:00+00:00
[2024-10-02T19:50:55.377+0500] {logging_mixin.py:190} WARNING - Setting next_dagrun for train to 2024-10-01 01:00:00+00:00, run_after=2024-10-02 01:00:00+00:00
[2024-10-02T19:50:55.491+0500] {processor.py:208} INFO - Processing /home/nicolaspc/airflow/dags/.ipynb_checkpoints/train_dag-checkpoint.py took 0.988 seconds
[2024-10-02T19:51:25.755+0500] {processor.py:186} INFO - Started process (PID=51868) to work on /home/nicolaspc/airflow/dags/.ipynb_checkpoints/train_dag-checkpoint.py
[2024-10-02T19:51:25.756+0500] {processor.py:914} INFO - Processing file /home/nicolaspc/airflow/dags/.ipynb_checkpoints/train_dag-checkpoint.py for tasks to queue
[2024-10-02T19:51:25.759+0500] {logging_mixin.py:190} INFO - [2024-10-02T19:51:25.758+0500] {dagbag.py:587} INFO - Filling up the DagBag from /home/nicolaspc/airflow/dags/.ipynb_checkpoints/train_dag-checkpoint.py
[2024-10-02T19:51:26.524+0500] {processor.py:925} INFO - DAG(s) 'train' retrieved from /home/nicolaspc/airflow/dags/.ipynb_checkpoints/train_dag-checkpoint.py
[2024-10-02T19:51:26.637+0500] {logging_mixin.py:190} INFO - [2024-10-02T19:51:26.636+0500] {dag.py:3211} INFO - Sync 1 DAGs
[2024-10-02T19:51:26.637+0500] {logging_mixin.py:190} WARNING - Sync 1 DAGs
[2024-10-02T19:51:26.650+0500] {logging_mixin.py:190} INFO - [2024-10-02T19:51:26.650+0500] {dag.py:4138} INFO - Setting next_dagrun for train to 2024-10-01 01:00:00+00:00, run_after=2024-10-02 01:00:00+00:00
[2024-10-02T19:51:26.651+0500] {logging_mixin.py:190} WARNING - Setting next_dagrun for train to 2024-10-01 01:00:00+00:00, run_after=2024-10-02 01:00:00+00:00
[2024-10-02T19:51:26.672+0500] {processor.py:208} INFO - Processing /home/nicolaspc/airflow/dags/.ipynb_checkpoints/train_dag-checkpoint.py took 0.923 seconds
[2024-10-02T19:51:57.124+0500] {processor.py:186} INFO - Started process (PID=52349) to work on /home/nicolaspc/airflow/dags/.ipynb_checkpoints/train_dag-checkpoint.py
[2024-10-02T19:51:57.128+0500] {processor.py:914} INFO - Processing file /home/nicolaspc/airflow/dags/.ipynb_checkpoints/train_dag-checkpoint.py for tasks to queue
[2024-10-02T19:51:57.130+0500] {logging_mixin.py:190} INFO - [2024-10-02T19:51:57.130+0500] {dagbag.py:587} INFO - Filling up the DagBag from /home/nicolaspc/airflow/dags/.ipynb_checkpoints/train_dag-checkpoint.py
[2024-10-02T19:51:57.869+0500] {processor.py:925} INFO - DAG(s) 'train' retrieved from /home/nicolaspc/airflow/dags/.ipynb_checkpoints/train_dag-checkpoint.py
[2024-10-02T19:51:57.889+0500] {logging_mixin.py:190} INFO - [2024-10-02T19:51:57.889+0500] {dag.py:3211} INFO - Sync 1 DAGs
[2024-10-02T19:51:57.889+0500] {logging_mixin.py:190} WARNING - Sync 1 DAGs
[2024-10-02T19:51:57.904+0500] {logging_mixin.py:190} INFO - [2024-10-02T19:51:57.904+0500] {dag.py:4138} INFO - Setting next_dagrun for train to 2024-10-01 01:00:00+00:00, run_after=2024-10-02 01:00:00+00:00
[2024-10-02T19:51:57.904+0500] {logging_mixin.py:190} WARNING - Setting next_dagrun for train to 2024-10-01 01:00:00+00:00, run_after=2024-10-02 01:00:00+00:00
[2024-10-02T19:51:58.010+0500] {processor.py:208} INFO - Processing /home/nicolaspc/airflow/dags/.ipynb_checkpoints/train_dag-checkpoint.py took 0.890 seconds
[2024-10-02T19:52:28.265+0500] {processor.py:186} INFO - Started process (PID=52821) to work on /home/nicolaspc/airflow/dags/.ipynb_checkpoints/train_dag-checkpoint.py
[2024-10-02T19:52:28.265+0500] {processor.py:914} INFO - Processing file /home/nicolaspc/airflow/dags/.ipynb_checkpoints/train_dag-checkpoint.py for tasks to queue
[2024-10-02T19:52:28.267+0500] {logging_mixin.py:190} INFO - [2024-10-02T19:52:28.267+0500] {dagbag.py:587} INFO - Filling up the DagBag from /home/nicolaspc/airflow/dags/.ipynb_checkpoints/train_dag-checkpoint.py
[2024-10-02T19:52:29.017+0500] {processor.py:925} INFO - DAG(s) 'train' retrieved from /home/nicolaspc/airflow/dags/.ipynb_checkpoints/train_dag-checkpoint.py
[2024-10-02T19:52:29.124+0500] {logging_mixin.py:190} INFO - [2024-10-02T19:52:29.123+0500] {dag.py:3211} INFO - Sync 1 DAGs
[2024-10-02T19:52:29.124+0500] {logging_mixin.py:190} WARNING - Sync 1 DAGs
[2024-10-02T19:52:29.139+0500] {logging_mixin.py:190} INFO - [2024-10-02T19:52:29.139+0500] {dag.py:4138} INFO - Setting next_dagrun for train to 2024-10-01 01:00:00+00:00, run_after=2024-10-02 01:00:00+00:00
[2024-10-02T19:52:29.139+0500] {logging_mixin.py:190} WARNING - Setting next_dagrun for train to 2024-10-01 01:00:00+00:00, run_after=2024-10-02 01:00:00+00:00
[2024-10-02T19:52:29.162+0500] {processor.py:208} INFO - Processing /home/nicolaspc/airflow/dags/.ipynb_checkpoints/train_dag-checkpoint.py took 0.902 seconds
[2024-10-02T19:52:59.861+0500] {processor.py:186} INFO - Started process (PID=53463) to work on /home/nicolaspc/airflow/dags/.ipynb_checkpoints/train_dag-checkpoint.py
[2024-10-02T19:52:59.870+0500] {processor.py:914} INFO - Processing file /home/nicolaspc/airflow/dags/.ipynb_checkpoints/train_dag-checkpoint.py for tasks to queue
[2024-10-02T19:52:59.871+0500] {logging_mixin.py:190} INFO - [2024-10-02T19:52:59.871+0500] {dagbag.py:587} INFO - Filling up the DagBag from /home/nicolaspc/airflow/dags/.ipynb_checkpoints/train_dag-checkpoint.py
[2024-10-02T19:53:00.619+0500] {processor.py:925} INFO - DAG(s) 'train' retrieved from /home/nicolaspc/airflow/dags/.ipynb_checkpoints/train_dag-checkpoint.py
[2024-10-02T19:53:00.645+0500] {logging_mixin.py:190} INFO - [2024-10-02T19:53:00.645+0500] {dag.py:3211} INFO - Sync 1 DAGs
[2024-10-02T19:53:00.645+0500] {logging_mixin.py:190} WARNING - Sync 1 DAGs
[2024-10-02T19:53:00.660+0500] {logging_mixin.py:190} INFO - [2024-10-02T19:53:00.660+0500] {dag.py:4138} INFO - Setting next_dagrun for train to 2024-10-01 01:00:00+00:00, run_after=2024-10-02 01:00:00+00:00
[2024-10-02T19:53:00.661+0500] {logging_mixin.py:190} WARNING - Setting next_dagrun for train to 2024-10-01 01:00:00+00:00, run_after=2024-10-02 01:00:00+00:00
[2024-10-02T19:53:00.782+0500] {processor.py:208} INFO - Processing /home/nicolaspc/airflow/dags/.ipynb_checkpoints/train_dag-checkpoint.py took 0.926 seconds
[2024-10-02T19:53:30.875+0500] {processor.py:186} INFO - Started process (PID=53988) to work on /home/nicolaspc/airflow/dags/.ipynb_checkpoints/train_dag-checkpoint.py
[2024-10-02T19:53:30.876+0500] {processor.py:914} INFO - Processing file /home/nicolaspc/airflow/dags/.ipynb_checkpoints/train_dag-checkpoint.py for tasks to queue
[2024-10-02T19:53:30.877+0500] {logging_mixin.py:190} INFO - [2024-10-02T19:53:30.877+0500] {dagbag.py:587} INFO - Filling up the DagBag from /home/nicolaspc/airflow/dags/.ipynb_checkpoints/train_dag-checkpoint.py
[2024-10-02T19:53:31.622+0500] {processor.py:925} INFO - DAG(s) 'train' retrieved from /home/nicolaspc/airflow/dags/.ipynb_checkpoints/train_dag-checkpoint.py
[2024-10-02T19:53:31.736+0500] {logging_mixin.py:190} INFO - [2024-10-02T19:53:31.736+0500] {dag.py:3211} INFO - Sync 1 DAGs
[2024-10-02T19:53:31.736+0500] {logging_mixin.py:190} WARNING - Sync 1 DAGs
[2024-10-02T19:53:31.752+0500] {logging_mixin.py:190} INFO - [2024-10-02T19:53:31.752+0500] {dag.py:4138} INFO - Setting next_dagrun for train to 2024-10-01 01:00:00+00:00, run_after=2024-10-02 01:00:00+00:00
[2024-10-02T19:53:31.752+0500] {logging_mixin.py:190} WARNING - Setting next_dagrun for train to 2024-10-01 01:00:00+00:00, run_after=2024-10-02 01:00:00+00:00
[2024-10-02T19:53:31.766+0500] {processor.py:208} INFO - Processing /home/nicolaspc/airflow/dags/.ipynb_checkpoints/train_dag-checkpoint.py took 0.895 seconds
