[2024-10-02T19:35:48.388+0500] {processor.py:186} INFO - Started process (PID=36640) to work on /home/nicolaspc/airflow/dags/.ipynb_checkpoints/train_models-checkpoint.py
[2024-10-02T19:35:48.389+0500] {processor.py:914} INFO - Processing file /home/nicolaspc/airflow/dags/.ipynb_checkpoints/train_models-checkpoint.py for tasks to queue
[2024-10-02T19:35:48.390+0500] {logging_mixin.py:190} INFO - [2024-10-02T19:35:48.390+0500] {dagbag.py:587} INFO - Filling up the DagBag from /home/nicolaspc/airflow/dags/.ipynb_checkpoints/train_models-checkpoint.py
[2024-10-02T19:35:49.161+0500] {processor.py:925} INFO - DAG(s) 'lr_train', 'rf_train', 'hgb_train' retrieved from /home/nicolaspc/airflow/dags/.ipynb_checkpoints/train_models-checkpoint.py
[2024-10-02T19:35:49.179+0500] {logging_mixin.py:190} INFO - [2024-10-02T19:35:49.179+0500] {dag.py:3211} INFO - Sync 3 DAGs
[2024-10-02T19:35:49.179+0500] {logging_mixin.py:190} WARNING - Sync 3 DAGs
[2024-10-02T19:35:49.197+0500] {logging_mixin.py:190} INFO - [2024-10-02T19:35:49.197+0500] {dag.py:4138} INFO - Setting next_dagrun for hgb_train to 2024-10-02 01:00:00+00:00, run_after=2024-10-03 01:00:00+00:00
[2024-10-02T19:35:49.197+0500] {logging_mixin.py:190} WARNING - Setting next_dagrun for hgb_train to 2024-10-02 01:00:00+00:00, run_after=2024-10-03 01:00:00+00:00
[2024-10-02T19:35:49.201+0500] {logging_mixin.py:190} INFO - [2024-10-02T19:35:49.201+0500] {dag.py:4138} INFO - Setting next_dagrun for lr_train to 2024-10-02 01:00:00+00:00, run_after=2024-10-03 01:00:00+00:00
[2024-10-02T19:35:49.201+0500] {logging_mixin.py:190} WARNING - Setting next_dagrun for lr_train to 2024-10-02 01:00:00+00:00, run_after=2024-10-03 01:00:00+00:00
[2024-10-02T19:35:49.203+0500] {logging_mixin.py:190} INFO - [2024-10-02T19:35:49.203+0500] {dag.py:4138} INFO - Setting next_dagrun for rf_train to 2024-10-02 01:00:00+00:00, run_after=2024-10-03 01:00:00+00:00
[2024-10-02T19:35:49.203+0500] {logging_mixin.py:190} WARNING - Setting next_dagrun for rf_train to 2024-10-02 01:00:00+00:00, run_after=2024-10-03 01:00:00+00:00
[2024-10-02T19:35:49.225+0500] {processor.py:208} INFO - Processing /home/nicolaspc/airflow/dags/.ipynb_checkpoints/train_models-checkpoint.py took 0.842 seconds
[2024-10-02T19:36:19.491+0500] {processor.py:186} INFO - Started process (PID=37101) to work on /home/nicolaspc/airflow/dags/.ipynb_checkpoints/train_models-checkpoint.py
[2024-10-02T19:36:19.491+0500] {processor.py:914} INFO - Processing file /home/nicolaspc/airflow/dags/.ipynb_checkpoints/train_models-checkpoint.py for tasks to queue
[2024-10-02T19:36:19.492+0500] {logging_mixin.py:190} INFO - [2024-10-02T19:36:19.492+0500] {dagbag.py:587} INFO - Filling up the DagBag from /home/nicolaspc/airflow/dags/.ipynb_checkpoints/train_models-checkpoint.py
[2024-10-02T19:36:20.257+0500] {processor.py:925} INFO - DAG(s) 'rf_train', 'lr_train', 'hgb_train' retrieved from /home/nicolaspc/airflow/dags/.ipynb_checkpoints/train_models-checkpoint.py
[2024-10-02T19:36:20.357+0500] {logging_mixin.py:190} INFO - [2024-10-02T19:36:20.357+0500] {dag.py:3211} INFO - Sync 3 DAGs
[2024-10-02T19:36:20.357+0500] {logging_mixin.py:190} WARNING - Sync 3 DAGs
[2024-10-02T19:36:20.375+0500] {logging_mixin.py:190} INFO - [2024-10-02T19:36:20.375+0500] {dag.py:4138} INFO - Setting next_dagrun for hgb_train to 2024-10-02 01:00:00+00:00, run_after=2024-10-03 01:00:00+00:00
[2024-10-02T19:36:20.375+0500] {logging_mixin.py:190} WARNING - Setting next_dagrun for hgb_train to 2024-10-02 01:00:00+00:00, run_after=2024-10-03 01:00:00+00:00
[2024-10-02T19:36:20.379+0500] {logging_mixin.py:190} INFO - [2024-10-02T19:36:20.379+0500] {dag.py:4138} INFO - Setting next_dagrun for lr_train to 2024-10-02 01:00:00+00:00, run_after=2024-10-03 01:00:00+00:00
[2024-10-02T19:36:20.379+0500] {logging_mixin.py:190} WARNING - Setting next_dagrun for lr_train to 2024-10-02 01:00:00+00:00, run_after=2024-10-03 01:00:00+00:00
[2024-10-02T19:36:20.381+0500] {logging_mixin.py:190} INFO - [2024-10-02T19:36:20.380+0500] {dag.py:4138} INFO - Setting next_dagrun for rf_train to 2024-10-02 01:00:00+00:00, run_after=2024-10-03 01:00:00+00:00
[2024-10-02T19:36:20.381+0500] {logging_mixin.py:190} WARNING - Setting next_dagrun for rf_train to 2024-10-02 01:00:00+00:00, run_after=2024-10-03 01:00:00+00:00
[2024-10-02T19:36:20.404+0500] {processor.py:208} INFO - Processing /home/nicolaspc/airflow/dags/.ipynb_checkpoints/train_models-checkpoint.py took 0.918 seconds
[2024-10-02T19:36:51.217+0500] {processor.py:186} INFO - Started process (PID=37625) to work on /home/nicolaspc/airflow/dags/.ipynb_checkpoints/train_models-checkpoint.py
[2024-10-02T19:36:51.227+0500] {processor.py:914} INFO - Processing file /home/nicolaspc/airflow/dags/.ipynb_checkpoints/train_models-checkpoint.py for tasks to queue
[2024-10-02T19:36:51.229+0500] {logging_mixin.py:190} INFO - [2024-10-02T19:36:51.229+0500] {dagbag.py:587} INFO - Filling up the DagBag from /home/nicolaspc/airflow/dags/.ipynb_checkpoints/train_models-checkpoint.py
[2024-10-02T19:36:52.168+0500] {processor.py:925} INFO - DAG(s) 'lr_train', 'hgb_train', 'rf_train' retrieved from /home/nicolaspc/airflow/dags/.ipynb_checkpoints/train_models-checkpoint.py
[2024-10-02T19:36:52.205+0500] {logging_mixin.py:190} INFO - [2024-10-02T19:36:52.205+0500] {dag.py:3211} INFO - Sync 3 DAGs
[2024-10-02T19:36:52.205+0500] {logging_mixin.py:190} WARNING - Sync 3 DAGs
[2024-10-02T19:36:52.233+0500] {logging_mixin.py:190} INFO - [2024-10-02T19:36:52.233+0500] {dag.py:4138} INFO - Setting next_dagrun for hgb_train to 2024-10-02 01:00:00+00:00, run_after=2024-10-03 01:00:00+00:00
[2024-10-02T19:36:52.234+0500] {logging_mixin.py:190} WARNING - Setting next_dagrun for hgb_train to 2024-10-02 01:00:00+00:00, run_after=2024-10-03 01:00:00+00:00
[2024-10-02T19:36:52.238+0500] {logging_mixin.py:190} INFO - [2024-10-02T19:36:52.237+0500] {dag.py:4138} INFO - Setting next_dagrun for lr_train to 2024-10-02 01:00:00+00:00, run_after=2024-10-03 01:00:00+00:00
[2024-10-02T19:36:52.238+0500] {logging_mixin.py:190} WARNING - Setting next_dagrun for lr_train to 2024-10-02 01:00:00+00:00, run_after=2024-10-03 01:00:00+00:00
[2024-10-02T19:36:52.241+0500] {logging_mixin.py:190} INFO - [2024-10-02T19:36:52.241+0500] {dag.py:4138} INFO - Setting next_dagrun for rf_train to 2024-10-02 01:00:00+00:00, run_after=2024-10-03 01:00:00+00:00
[2024-10-02T19:36:52.242+0500] {logging_mixin.py:190} WARNING - Setting next_dagrun for rf_train to 2024-10-02 01:00:00+00:00, run_after=2024-10-03 01:00:00+00:00
[2024-10-02T19:36:52.270+0500] {processor.py:208} INFO - Processing /home/nicolaspc/airflow/dags/.ipynb_checkpoints/train_models-checkpoint.py took 1.058 seconds
[2024-10-02T19:37:22.529+0500] {processor.py:186} INFO - Started process (PID=38217) to work on /home/nicolaspc/airflow/dags/.ipynb_checkpoints/train_models-checkpoint.py
[2024-10-02T19:37:22.530+0500] {processor.py:914} INFO - Processing file /home/nicolaspc/airflow/dags/.ipynb_checkpoints/train_models-checkpoint.py for tasks to queue
[2024-10-02T19:37:22.531+0500] {logging_mixin.py:190} INFO - [2024-10-02T19:37:22.531+0500] {dagbag.py:587} INFO - Filling up the DagBag from /home/nicolaspc/airflow/dags/.ipynb_checkpoints/train_models-checkpoint.py
[2024-10-02T19:37:23.298+0500] {processor.py:925} INFO - DAG(s) 'lr_train', 'hgb_train', 'rf_train' retrieved from /home/nicolaspc/airflow/dags/.ipynb_checkpoints/train_models-checkpoint.py
[2024-10-02T19:37:23.312+0500] {logging_mixin.py:190} INFO - [2024-10-02T19:37:23.312+0500] {dag.py:3211} INFO - Sync 3 DAGs
[2024-10-02T19:37:23.312+0500] {logging_mixin.py:190} WARNING - Sync 3 DAGs
[2024-10-02T19:37:23.330+0500] {logging_mixin.py:190} INFO - [2024-10-02T19:37:23.330+0500] {dag.py:4138} INFO - Setting next_dagrun for hgb_train to 2024-10-02 01:00:00+00:00, run_after=2024-10-03 01:00:00+00:00
[2024-10-02T19:37:23.330+0500] {logging_mixin.py:190} WARNING - Setting next_dagrun for hgb_train to 2024-10-02 01:00:00+00:00, run_after=2024-10-03 01:00:00+00:00
[2024-10-02T19:37:23.333+0500] {logging_mixin.py:190} INFO - [2024-10-02T19:37:23.333+0500] {dag.py:4138} INFO - Setting next_dagrun for lr_train to 2024-10-02 01:00:00+00:00, run_after=2024-10-03 01:00:00+00:00
[2024-10-02T19:37:23.334+0500] {logging_mixin.py:190} WARNING - Setting next_dagrun for lr_train to 2024-10-02 01:00:00+00:00, run_after=2024-10-03 01:00:00+00:00
[2024-10-02T19:37:23.335+0500] {logging_mixin.py:190} INFO - [2024-10-02T19:37:23.335+0500] {dag.py:4138} INFO - Setting next_dagrun for rf_train to 2024-10-02 01:00:00+00:00, run_after=2024-10-03 01:00:00+00:00
[2024-10-02T19:37:23.336+0500] {logging_mixin.py:190} WARNING - Setting next_dagrun for rf_train to 2024-10-02 01:00:00+00:00, run_after=2024-10-03 01:00:00+00:00
[2024-10-02T19:37:23.357+0500] {processor.py:208} INFO - Processing /home/nicolaspc/airflow/dags/.ipynb_checkpoints/train_models-checkpoint.py took 0.832 seconds
[2024-10-02T19:37:53.570+0500] {processor.py:186} INFO - Started process (PID=38716) to work on /home/nicolaspc/airflow/dags/.ipynb_checkpoints/train_models-checkpoint.py
[2024-10-02T19:37:53.579+0500] {processor.py:914} INFO - Processing file /home/nicolaspc/airflow/dags/.ipynb_checkpoints/train_models-checkpoint.py for tasks to queue
[2024-10-02T19:37:53.581+0500] {logging_mixin.py:190} INFO - [2024-10-02T19:37:53.580+0500] {dagbag.py:587} INFO - Filling up the DagBag from /home/nicolaspc/airflow/dags/.ipynb_checkpoints/train_models-checkpoint.py
[2024-10-02T19:37:54.334+0500] {processor.py:925} INFO - DAG(s) 'hgb_train', 'rf_train', 'lr_train' retrieved from /home/nicolaspc/airflow/dags/.ipynb_checkpoints/train_models-checkpoint.py
[2024-10-02T19:37:54.510+0500] {logging_mixin.py:190} INFO - [2024-10-02T19:37:54.510+0500] {dag.py:3211} INFO - Sync 3 DAGs
[2024-10-02T19:37:54.510+0500] {logging_mixin.py:190} WARNING - Sync 3 DAGs
[2024-10-02T19:37:54.527+0500] {logging_mixin.py:190} INFO - [2024-10-02T19:37:54.526+0500] {dag.py:4138} INFO - Setting next_dagrun for hgb_train to 2024-10-02 01:00:00+00:00, run_after=2024-10-03 01:00:00+00:00
[2024-10-02T19:37:54.527+0500] {logging_mixin.py:190} WARNING - Setting next_dagrun for hgb_train to 2024-10-02 01:00:00+00:00, run_after=2024-10-03 01:00:00+00:00
[2024-10-02T19:37:54.530+0500] {logging_mixin.py:190} INFO - [2024-10-02T19:37:54.530+0500] {dag.py:4138} INFO - Setting next_dagrun for lr_train to 2024-10-02 01:00:00+00:00, run_after=2024-10-03 01:00:00+00:00
[2024-10-02T19:37:54.530+0500] {logging_mixin.py:190} WARNING - Setting next_dagrun for lr_train to 2024-10-02 01:00:00+00:00, run_after=2024-10-03 01:00:00+00:00
[2024-10-02T19:37:54.532+0500] {logging_mixin.py:190} INFO - [2024-10-02T19:37:54.532+0500] {dag.py:4138} INFO - Setting next_dagrun for rf_train to 2024-10-02 01:00:00+00:00, run_after=2024-10-03 01:00:00+00:00
[2024-10-02T19:37:54.532+0500] {logging_mixin.py:190} WARNING - Setting next_dagrun for rf_train to 2024-10-02 01:00:00+00:00, run_after=2024-10-03 01:00:00+00:00
[2024-10-02T19:37:54.556+0500] {processor.py:208} INFO - Processing /home/nicolaspc/airflow/dags/.ipynb_checkpoints/train_models-checkpoint.py took 0.990 seconds
[2024-10-02T19:38:24.756+0500] {processor.py:186} INFO - Started process (PID=39441) to work on /home/nicolaspc/airflow/dags/.ipynb_checkpoints/train_models-checkpoint.py
[2024-10-02T19:38:24.756+0500] {processor.py:914} INFO - Processing file /home/nicolaspc/airflow/dags/.ipynb_checkpoints/train_models-checkpoint.py for tasks to queue
[2024-10-02T19:38:24.758+0500] {logging_mixin.py:190} INFO - [2024-10-02T19:38:24.757+0500] {dagbag.py:587} INFO - Filling up the DagBag from /home/nicolaspc/airflow/dags/.ipynb_checkpoints/train_models-checkpoint.py
[2024-10-02T19:38:25.642+0500] {processor.py:925} INFO - DAG(s) 'rf_train', 'lr_train', 'hgb_train' retrieved from /home/nicolaspc/airflow/dags/.ipynb_checkpoints/train_models-checkpoint.py
[2024-10-02T19:38:25.678+0500] {logging_mixin.py:190} INFO - [2024-10-02T19:38:25.677+0500] {dag.py:3211} INFO - Sync 3 DAGs
[2024-10-02T19:38:25.678+0500] {logging_mixin.py:190} WARNING - Sync 3 DAGs
[2024-10-02T19:38:25.699+0500] {logging_mixin.py:190} INFO - [2024-10-02T19:38:25.698+0500] {dag.py:4138} INFO - Setting next_dagrun for hgb_train to 2024-10-02 01:00:00+00:00, run_after=2024-10-03 01:00:00+00:00
[2024-10-02T19:38:25.699+0500] {logging_mixin.py:190} WARNING - Setting next_dagrun for hgb_train to 2024-10-02 01:00:00+00:00, run_after=2024-10-03 01:00:00+00:00
[2024-10-02T19:38:25.705+0500] {logging_mixin.py:190} INFO - [2024-10-02T19:38:25.705+0500] {dag.py:4138} INFO - Setting next_dagrun for lr_train to 2024-10-02 01:00:00+00:00, run_after=2024-10-03 01:00:00+00:00
[2024-10-02T19:38:25.705+0500] {logging_mixin.py:190} WARNING - Setting next_dagrun for lr_train to 2024-10-02 01:00:00+00:00, run_after=2024-10-03 01:00:00+00:00
[2024-10-02T19:38:25.709+0500] {logging_mixin.py:190} INFO - [2024-10-02T19:38:25.708+0500] {dag.py:4138} INFO - Setting next_dagrun for rf_train to 2024-10-02 01:00:00+00:00, run_after=2024-10-03 01:00:00+00:00
[2024-10-02T19:38:25.709+0500] {logging_mixin.py:190} WARNING - Setting next_dagrun for rf_train to 2024-10-02 01:00:00+00:00, run_after=2024-10-03 01:00:00+00:00
[2024-10-02T19:38:25.731+0500] {processor.py:208} INFO - Processing /home/nicolaspc/airflow/dags/.ipynb_checkpoints/train_models-checkpoint.py took 0.980 seconds
[2024-10-02T19:38:56.137+0500] {processor.py:186} INFO - Started process (PID=39959) to work on /home/nicolaspc/airflow/dags/.ipynb_checkpoints/train_models-checkpoint.py
[2024-10-02T19:38:56.146+0500] {processor.py:914} INFO - Processing file /home/nicolaspc/airflow/dags/.ipynb_checkpoints/train_models-checkpoint.py for tasks to queue
[2024-10-02T19:38:56.147+0500] {logging_mixin.py:190} INFO - [2024-10-02T19:38:56.147+0500] {dagbag.py:587} INFO - Filling up the DagBag from /home/nicolaspc/airflow/dags/.ipynb_checkpoints/train_models-checkpoint.py
[2024-10-02T19:38:57.385+0500] {processor.py:925} INFO - DAG(s) 'hgb_train', 'lr_train', 'rf_train' retrieved from /home/nicolaspc/airflow/dags/.ipynb_checkpoints/train_models-checkpoint.py
[2024-10-02T19:38:57.401+0500] {logging_mixin.py:190} INFO - [2024-10-02T19:38:57.401+0500] {dag.py:3211} INFO - Sync 3 DAGs
[2024-10-02T19:38:57.401+0500] {logging_mixin.py:190} WARNING - Sync 3 DAGs
[2024-10-02T19:38:57.423+0500] {logging_mixin.py:190} INFO - [2024-10-02T19:38:57.423+0500] {dag.py:4138} INFO - Setting next_dagrun for hgb_train to 2024-10-02 01:00:00+00:00, run_after=2024-10-03 01:00:00+00:00
[2024-10-02T19:38:57.423+0500] {logging_mixin.py:190} WARNING - Setting next_dagrun for hgb_train to 2024-10-02 01:00:00+00:00, run_after=2024-10-03 01:00:00+00:00
[2024-10-02T19:38:57.427+0500] {logging_mixin.py:190} INFO - [2024-10-02T19:38:57.427+0500] {dag.py:4138} INFO - Setting next_dagrun for lr_train to 2024-10-02 01:00:00+00:00, run_after=2024-10-03 01:00:00+00:00
[2024-10-02T19:38:57.427+0500] {logging_mixin.py:190} WARNING - Setting next_dagrun for lr_train to 2024-10-02 01:00:00+00:00, run_after=2024-10-03 01:00:00+00:00
[2024-10-02T19:38:57.429+0500] {logging_mixin.py:190} INFO - [2024-10-02T19:38:57.429+0500] {dag.py:4138} INFO - Setting next_dagrun for rf_train to 2024-10-02 01:00:00+00:00, run_after=2024-10-03 01:00:00+00:00
[2024-10-02T19:38:57.429+0500] {logging_mixin.py:190} WARNING - Setting next_dagrun for rf_train to 2024-10-02 01:00:00+00:00, run_after=2024-10-03 01:00:00+00:00
[2024-10-02T19:38:57.443+0500] {processor.py:208} INFO - Processing /home/nicolaspc/airflow/dags/.ipynb_checkpoints/train_models-checkpoint.py took 1.311 seconds
[2024-10-02T19:39:27.585+0500] {processor.py:186} INFO - Started process (PID=40462) to work on /home/nicolaspc/airflow/dags/.ipynb_checkpoints/train_models-checkpoint.py
[2024-10-02T19:39:27.586+0500] {processor.py:914} INFO - Processing file /home/nicolaspc/airflow/dags/.ipynb_checkpoints/train_models-checkpoint.py for tasks to queue
[2024-10-02T19:39:27.589+0500] {logging_mixin.py:190} INFO - [2024-10-02T19:39:27.588+0500] {dagbag.py:587} INFO - Filling up the DagBag from /home/nicolaspc/airflow/dags/.ipynb_checkpoints/train_models-checkpoint.py
[2024-10-02T19:39:28.579+0500] {processor.py:925} INFO - DAG(s) 'lr_train', 'hgb_train', 'rf_train' retrieved from /home/nicolaspc/airflow/dags/.ipynb_checkpoints/train_models-checkpoint.py
[2024-10-02T19:39:28.721+0500] {logging_mixin.py:190} INFO - [2024-10-02T19:39:28.720+0500] {dag.py:3211} INFO - Sync 3 DAGs
[2024-10-02T19:39:28.721+0500] {logging_mixin.py:190} WARNING - Sync 3 DAGs
[2024-10-02T19:39:28.751+0500] {logging_mixin.py:190} INFO - [2024-10-02T19:39:28.748+0500] {dag.py:4138} INFO - Setting next_dagrun for hgb_train to 2024-10-02 01:00:00+00:00, run_after=2024-10-03 01:00:00+00:00
[2024-10-02T19:39:28.751+0500] {logging_mixin.py:190} WARNING - Setting next_dagrun for hgb_train to 2024-10-02 01:00:00+00:00, run_after=2024-10-03 01:00:00+00:00
[2024-10-02T19:39:28.757+0500] {logging_mixin.py:190} INFO - [2024-10-02T19:39:28.757+0500] {dag.py:4138} INFO - Setting next_dagrun for lr_train to 2024-10-02 01:00:00+00:00, run_after=2024-10-03 01:00:00+00:00
[2024-10-02T19:39:28.757+0500] {logging_mixin.py:190} WARNING - Setting next_dagrun for lr_train to 2024-10-02 01:00:00+00:00, run_after=2024-10-03 01:00:00+00:00
[2024-10-02T19:39:28.760+0500] {logging_mixin.py:190} INFO - [2024-10-02T19:39:28.760+0500] {dag.py:4138} INFO - Setting next_dagrun for rf_train to 2024-10-02 01:00:00+00:00, run_after=2024-10-03 01:00:00+00:00
[2024-10-02T19:39:28.760+0500] {logging_mixin.py:190} WARNING - Setting next_dagrun for rf_train to 2024-10-02 01:00:00+00:00, run_after=2024-10-03 01:00:00+00:00
[2024-10-02T19:39:28.805+0500] {processor.py:208} INFO - Processing /home/nicolaspc/airflow/dags/.ipynb_checkpoints/train_models-checkpoint.py took 1.225 seconds
[2024-10-02T19:39:59.008+0500] {processor.py:186} INFO - Started process (PID=40979) to work on /home/nicolaspc/airflow/dags/.ipynb_checkpoints/train_models-checkpoint.py
[2024-10-02T19:39:59.009+0500] {processor.py:914} INFO - Processing file /home/nicolaspc/airflow/dags/.ipynb_checkpoints/train_models-checkpoint.py for tasks to queue
[2024-10-02T19:39:59.010+0500] {logging_mixin.py:190} INFO - [2024-10-02T19:39:59.010+0500] {dagbag.py:587} INFO - Filling up the DagBag from /home/nicolaspc/airflow/dags/.ipynb_checkpoints/train_models-checkpoint.py
[2024-10-02T19:39:59.753+0500] {processor.py:925} INFO - DAG(s) 'rf_train', 'lr_train', 'hgb_train' retrieved from /home/nicolaspc/airflow/dags/.ipynb_checkpoints/train_models-checkpoint.py
[2024-10-02T19:39:59.780+0500] {logging_mixin.py:190} INFO - [2024-10-02T19:39:59.779+0500] {dag.py:3211} INFO - Sync 3 DAGs
[2024-10-02T19:39:59.780+0500] {logging_mixin.py:190} WARNING - Sync 3 DAGs
[2024-10-02T19:39:59.798+0500] {logging_mixin.py:190} INFO - [2024-10-02T19:39:59.798+0500] {dag.py:4138} INFO - Setting next_dagrun for hgb_train to 2024-10-02 01:00:00+00:00, run_after=2024-10-03 01:00:00+00:00
[2024-10-02T19:39:59.798+0500] {logging_mixin.py:190} WARNING - Setting next_dagrun for hgb_train to 2024-10-02 01:00:00+00:00, run_after=2024-10-03 01:00:00+00:00
[2024-10-02T19:39:59.801+0500] {logging_mixin.py:190} INFO - [2024-10-02T19:39:59.801+0500] {dag.py:4138} INFO - Setting next_dagrun for lr_train to 2024-10-02 01:00:00+00:00, run_after=2024-10-03 01:00:00+00:00
[2024-10-02T19:39:59.802+0500] {logging_mixin.py:190} WARNING - Setting next_dagrun for lr_train to 2024-10-02 01:00:00+00:00, run_after=2024-10-03 01:00:00+00:00
[2024-10-02T19:39:59.803+0500] {logging_mixin.py:190} INFO - [2024-10-02T19:39:59.803+0500] {dag.py:4138} INFO - Setting next_dagrun for rf_train to 2024-10-02 01:00:00+00:00, run_after=2024-10-03 01:00:00+00:00
[2024-10-02T19:39:59.803+0500] {logging_mixin.py:190} WARNING - Setting next_dagrun for rf_train to 2024-10-02 01:00:00+00:00, run_after=2024-10-03 01:00:00+00:00
[2024-10-02T19:39:59.825+0500] {processor.py:208} INFO - Processing /home/nicolaspc/airflow/dags/.ipynb_checkpoints/train_models-checkpoint.py took 0.821 seconds
[2024-10-02T19:40:30.653+0500] {processor.py:186} INFO - Started process (PID=41463) to work on /home/nicolaspc/airflow/dags/.ipynb_checkpoints/train_models-checkpoint.py
[2024-10-02T19:40:30.662+0500] {processor.py:914} INFO - Processing file /home/nicolaspc/airflow/dags/.ipynb_checkpoints/train_models-checkpoint.py for tasks to queue
[2024-10-02T19:40:30.664+0500] {logging_mixin.py:190} INFO - [2024-10-02T19:40:30.664+0500] {dagbag.py:587} INFO - Filling up the DagBag from /home/nicolaspc/airflow/dags/.ipynb_checkpoints/train_models-checkpoint.py
[2024-10-02T19:40:31.746+0500] {processor.py:925} INFO - DAG(s) 'rf_train', 'lr_train', 'hgb_train' retrieved from /home/nicolaspc/airflow/dags/.ipynb_checkpoints/train_models-checkpoint.py
[2024-10-02T19:40:31.762+0500] {logging_mixin.py:190} INFO - [2024-10-02T19:40:31.761+0500] {dag.py:3211} INFO - Sync 3 DAGs
[2024-10-02T19:40:31.762+0500] {logging_mixin.py:190} WARNING - Sync 3 DAGs
[2024-10-02T19:40:31.779+0500] {logging_mixin.py:190} INFO - [2024-10-02T19:40:31.779+0500] {dag.py:4138} INFO - Setting next_dagrun for hgb_train to 2024-10-02 01:00:00+00:00, run_after=2024-10-03 01:00:00+00:00
[2024-10-02T19:40:31.780+0500] {logging_mixin.py:190} WARNING - Setting next_dagrun for hgb_train to 2024-10-02 01:00:00+00:00, run_after=2024-10-03 01:00:00+00:00
[2024-10-02T19:40:31.783+0500] {logging_mixin.py:190} INFO - [2024-10-02T19:40:31.783+0500] {dag.py:4138} INFO - Setting next_dagrun for lr_train to 2024-10-02 01:00:00+00:00, run_after=2024-10-03 01:00:00+00:00
[2024-10-02T19:40:31.783+0500] {logging_mixin.py:190} WARNING - Setting next_dagrun for lr_train to 2024-10-02 01:00:00+00:00, run_after=2024-10-03 01:00:00+00:00
[2024-10-02T19:40:31.785+0500] {logging_mixin.py:190} INFO - [2024-10-02T19:40:31.785+0500] {dag.py:4138} INFO - Setting next_dagrun for rf_train to 2024-10-02 01:00:00+00:00, run_after=2024-10-03 01:00:00+00:00
[2024-10-02T19:40:31.785+0500] {logging_mixin.py:190} WARNING - Setting next_dagrun for rf_train to 2024-10-02 01:00:00+00:00, run_after=2024-10-03 01:00:00+00:00
[2024-10-02T19:40:31.807+0500] {processor.py:208} INFO - Processing /home/nicolaspc/airflow/dags/.ipynb_checkpoints/train_models-checkpoint.py took 1.160 seconds
[2024-10-02T19:41:01.860+0500] {processor.py:186} INFO - Started process (PID=42008) to work on /home/nicolaspc/airflow/dags/.ipynb_checkpoints/train_models-checkpoint.py
[2024-10-02T19:41:01.861+0500] {processor.py:914} INFO - Processing file /home/nicolaspc/airflow/dags/.ipynb_checkpoints/train_models-checkpoint.py for tasks to queue
[2024-10-02T19:41:01.864+0500] {logging_mixin.py:190} INFO - [2024-10-02T19:41:01.863+0500] {dagbag.py:587} INFO - Filling up the DagBag from /home/nicolaspc/airflow/dags/.ipynb_checkpoints/train_models-checkpoint.py
[2024-10-02T19:41:02.713+0500] {processor.py:925} INFO - DAG(s) 'hgb_train', 'rf_train', 'lr_train' retrieved from /home/nicolaspc/airflow/dags/.ipynb_checkpoints/train_models-checkpoint.py
[2024-10-02T19:41:02.819+0500] {logging_mixin.py:190} INFO - [2024-10-02T19:41:02.819+0500] {dag.py:3211} INFO - Sync 3 DAGs
[2024-10-02T19:41:02.820+0500] {logging_mixin.py:190} WARNING - Sync 3 DAGs
[2024-10-02T19:41:02.838+0500] {logging_mixin.py:190} INFO - [2024-10-02T19:41:02.838+0500] {dag.py:4138} INFO - Setting next_dagrun for hgb_train to 2024-10-02 01:00:00+00:00, run_after=2024-10-03 01:00:00+00:00
[2024-10-02T19:41:02.838+0500] {logging_mixin.py:190} WARNING - Setting next_dagrun for hgb_train to 2024-10-02 01:00:00+00:00, run_after=2024-10-03 01:00:00+00:00
[2024-10-02T19:41:02.842+0500] {logging_mixin.py:190} INFO - [2024-10-02T19:41:02.842+0500] {dag.py:4138} INFO - Setting next_dagrun for lr_train to 2024-10-02 01:00:00+00:00, run_after=2024-10-03 01:00:00+00:00
[2024-10-02T19:41:02.842+0500] {logging_mixin.py:190} WARNING - Setting next_dagrun for lr_train to 2024-10-02 01:00:00+00:00, run_after=2024-10-03 01:00:00+00:00
[2024-10-02T19:41:02.845+0500] {logging_mixin.py:190} INFO - [2024-10-02T19:41:02.844+0500] {dag.py:4138} INFO - Setting next_dagrun for rf_train to 2024-10-02 01:00:00+00:00, run_after=2024-10-03 01:00:00+00:00
[2024-10-02T19:41:02.845+0500] {logging_mixin.py:190} WARNING - Setting next_dagrun for rf_train to 2024-10-02 01:00:00+00:00, run_after=2024-10-03 01:00:00+00:00
[2024-10-02T19:41:02.871+0500] {processor.py:208} INFO - Processing /home/nicolaspc/airflow/dags/.ipynb_checkpoints/train_models-checkpoint.py took 1.016 seconds
[2024-10-02T19:41:32.973+0500] {processor.py:186} INFO - Started process (PID=42503) to work on /home/nicolaspc/airflow/dags/.ipynb_checkpoints/train_models-checkpoint.py
[2024-10-02T19:41:32.982+0500] {processor.py:914} INFO - Processing file /home/nicolaspc/airflow/dags/.ipynb_checkpoints/train_models-checkpoint.py for tasks to queue
[2024-10-02T19:41:32.984+0500] {logging_mixin.py:190} INFO - [2024-10-02T19:41:32.983+0500] {dagbag.py:587} INFO - Filling up the DagBag from /home/nicolaspc/airflow/dags/.ipynb_checkpoints/train_models-checkpoint.py
[2024-10-02T19:41:33.767+0500] {processor.py:925} INFO - DAG(s) 'lr_train', 'rf_train', 'hgb_train' retrieved from /home/nicolaspc/airflow/dags/.ipynb_checkpoints/train_models-checkpoint.py
[2024-10-02T19:41:33.794+0500] {logging_mixin.py:190} INFO - [2024-10-02T19:41:33.794+0500] {dag.py:3211} INFO - Sync 3 DAGs
[2024-10-02T19:41:33.794+0500] {logging_mixin.py:190} WARNING - Sync 3 DAGs
[2024-10-02T19:41:33.811+0500] {logging_mixin.py:190} INFO - [2024-10-02T19:41:33.811+0500] {dag.py:4138} INFO - Setting next_dagrun for hgb_train to 2024-10-02 01:00:00+00:00, run_after=2024-10-03 01:00:00+00:00
[2024-10-02T19:41:33.811+0500] {logging_mixin.py:190} WARNING - Setting next_dagrun for hgb_train to 2024-10-02 01:00:00+00:00, run_after=2024-10-03 01:00:00+00:00
[2024-10-02T19:41:33.815+0500] {logging_mixin.py:190} INFO - [2024-10-02T19:41:33.815+0500] {dag.py:4138} INFO - Setting next_dagrun for lr_train to 2024-10-02 01:00:00+00:00, run_after=2024-10-03 01:00:00+00:00
[2024-10-02T19:41:33.815+0500] {logging_mixin.py:190} WARNING - Setting next_dagrun for lr_train to 2024-10-02 01:00:00+00:00, run_after=2024-10-03 01:00:00+00:00
[2024-10-02T19:41:33.817+0500] {logging_mixin.py:190} INFO - [2024-10-02T19:41:33.817+0500] {dag.py:4138} INFO - Setting next_dagrun for rf_train to 2024-10-02 01:00:00+00:00, run_after=2024-10-03 01:00:00+00:00
[2024-10-02T19:41:33.817+0500] {logging_mixin.py:190} WARNING - Setting next_dagrun for rf_train to 2024-10-02 01:00:00+00:00, run_after=2024-10-03 01:00:00+00:00
[2024-10-02T19:41:33.833+0500] {processor.py:208} INFO - Processing /home/nicolaspc/airflow/dags/.ipynb_checkpoints/train_models-checkpoint.py took 0.864 seconds
[2024-10-02T19:42:04.409+0500] {processor.py:186} INFO - Started process (PID=42964) to work on /home/nicolaspc/airflow/dags/.ipynb_checkpoints/train_models-checkpoint.py
[2024-10-02T19:42:04.409+0500] {processor.py:914} INFO - Processing file /home/nicolaspc/airflow/dags/.ipynb_checkpoints/train_models-checkpoint.py for tasks to queue
[2024-10-02T19:42:04.411+0500] {logging_mixin.py:190} INFO - [2024-10-02T19:42:04.410+0500] {dagbag.py:587} INFO - Filling up the DagBag from /home/nicolaspc/airflow/dags/.ipynb_checkpoints/train_models-checkpoint.py
[2024-10-02T19:42:05.222+0500] {processor.py:925} INFO - DAG(s) 'hgb_train', 'rf_train', 'lr_train' retrieved from /home/nicolaspc/airflow/dags/.ipynb_checkpoints/train_models-checkpoint.py
[2024-10-02T19:42:05.243+0500] {logging_mixin.py:190} INFO - [2024-10-02T19:42:05.243+0500] {dag.py:3211} INFO - Sync 3 DAGs
[2024-10-02T19:42:05.243+0500] {logging_mixin.py:190} WARNING - Sync 3 DAGs
[2024-10-02T19:42:05.268+0500] {logging_mixin.py:190} INFO - [2024-10-02T19:42:05.268+0500] {dag.py:4138} INFO - Setting next_dagrun for hgb_train to 2024-10-02 01:00:00+00:00, run_after=2024-10-03 01:00:00+00:00
[2024-10-02T19:42:05.268+0500] {logging_mixin.py:190} WARNING - Setting next_dagrun for hgb_train to 2024-10-02 01:00:00+00:00, run_after=2024-10-03 01:00:00+00:00
[2024-10-02T19:42:05.272+0500] {logging_mixin.py:190} INFO - [2024-10-02T19:42:05.271+0500] {dag.py:4138} INFO - Setting next_dagrun for lr_train to 2024-10-02 01:00:00+00:00, run_after=2024-10-03 01:00:00+00:00
[2024-10-02T19:42:05.272+0500] {logging_mixin.py:190} WARNING - Setting next_dagrun for lr_train to 2024-10-02 01:00:00+00:00, run_after=2024-10-03 01:00:00+00:00
[2024-10-02T19:42:05.274+0500] {logging_mixin.py:190} INFO - [2024-10-02T19:42:05.274+0500] {dag.py:4138} INFO - Setting next_dagrun for rf_train to 2024-10-02 01:00:00+00:00, run_after=2024-10-03 01:00:00+00:00
[2024-10-02T19:42:05.274+0500] {logging_mixin.py:190} WARNING - Setting next_dagrun for rf_train to 2024-10-02 01:00:00+00:00, run_after=2024-10-03 01:00:00+00:00
[2024-10-02T19:42:05.295+0500] {processor.py:208} INFO - Processing /home/nicolaspc/airflow/dags/.ipynb_checkpoints/train_models-checkpoint.py took 0.891 seconds
[2024-10-02T19:42:35.369+0500] {processor.py:186} INFO - Started process (PID=43439) to work on /home/nicolaspc/airflow/dags/.ipynb_checkpoints/train_models-checkpoint.py
[2024-10-02T19:42:35.378+0500] {processor.py:914} INFO - Processing file /home/nicolaspc/airflow/dags/.ipynb_checkpoints/train_models-checkpoint.py for tasks to queue
[2024-10-02T19:42:35.380+0500] {logging_mixin.py:190} INFO - [2024-10-02T19:42:35.379+0500] {dagbag.py:587} INFO - Filling up the DagBag from /home/nicolaspc/airflow/dags/.ipynb_checkpoints/train_models-checkpoint.py
[2024-10-02T19:42:36.192+0500] {processor.py:925} INFO - DAG(s) 'hgb_train', 'rf_train', 'lr_train' retrieved from /home/nicolaspc/airflow/dags/.ipynb_checkpoints/train_models-checkpoint.py
[2024-10-02T19:42:36.282+0500] {logging_mixin.py:190} INFO - [2024-10-02T19:42:36.281+0500] {dag.py:3211} INFO - Sync 3 DAGs
[2024-10-02T19:42:36.282+0500] {logging_mixin.py:190} WARNING - Sync 3 DAGs
[2024-10-02T19:42:36.299+0500] {logging_mixin.py:190} INFO - [2024-10-02T19:42:36.299+0500] {dag.py:4138} INFO - Setting next_dagrun for hgb_train to 2024-10-02 01:00:00+00:00, run_after=2024-10-03 01:00:00+00:00
[2024-10-02T19:42:36.299+0500] {logging_mixin.py:190} WARNING - Setting next_dagrun for hgb_train to 2024-10-02 01:00:00+00:00, run_after=2024-10-03 01:00:00+00:00
[2024-10-02T19:42:36.302+0500] {logging_mixin.py:190} INFO - [2024-10-02T19:42:36.302+0500] {dag.py:4138} INFO - Setting next_dagrun for lr_train to 2024-10-02 01:00:00+00:00, run_after=2024-10-03 01:00:00+00:00
[2024-10-02T19:42:36.302+0500] {logging_mixin.py:190} WARNING - Setting next_dagrun for lr_train to 2024-10-02 01:00:00+00:00, run_after=2024-10-03 01:00:00+00:00
[2024-10-02T19:42:36.304+0500] {logging_mixin.py:190} INFO - [2024-10-02T19:42:36.304+0500] {dag.py:4138} INFO - Setting next_dagrun for rf_train to 2024-10-02 01:00:00+00:00, run_after=2024-10-03 01:00:00+00:00
[2024-10-02T19:42:36.304+0500] {logging_mixin.py:190} WARNING - Setting next_dagrun for rf_train to 2024-10-02 01:00:00+00:00, run_after=2024-10-03 01:00:00+00:00
[2024-10-02T19:42:36.328+0500] {processor.py:208} INFO - Processing /home/nicolaspc/airflow/dags/.ipynb_checkpoints/train_models-checkpoint.py took 0.963 seconds
[2024-10-02T19:43:06.555+0500] {processor.py:186} INFO - Started process (PID=43931) to work on /home/nicolaspc/airflow/dags/.ipynb_checkpoints/train_models-checkpoint.py
[2024-10-02T19:43:06.556+0500] {processor.py:914} INFO - Processing file /home/nicolaspc/airflow/dags/.ipynb_checkpoints/train_models-checkpoint.py for tasks to queue
[2024-10-02T19:43:06.559+0500] {logging_mixin.py:190} INFO - [2024-10-02T19:43:06.558+0500] {dagbag.py:587} INFO - Filling up the DagBag from /home/nicolaspc/airflow/dags/.ipynb_checkpoints/train_models-checkpoint.py
[2024-10-02T19:43:07.357+0500] {processor.py:925} INFO - DAG(s) 'hgb_train', 'lr_train', 'rf_train' retrieved from /home/nicolaspc/airflow/dags/.ipynb_checkpoints/train_models-checkpoint.py
[2024-10-02T19:43:07.386+0500] {logging_mixin.py:190} INFO - [2024-10-02T19:43:07.386+0500] {dag.py:3211} INFO - Sync 3 DAGs
[2024-10-02T19:43:07.386+0500] {logging_mixin.py:190} WARNING - Sync 3 DAGs
[2024-10-02T19:43:07.404+0500] {logging_mixin.py:190} INFO - [2024-10-02T19:43:07.403+0500] {dag.py:4138} INFO - Setting next_dagrun for hgb_train to 2024-10-02 01:00:00+00:00, run_after=2024-10-03 01:00:00+00:00
[2024-10-02T19:43:07.404+0500] {logging_mixin.py:190} WARNING - Setting next_dagrun for hgb_train to 2024-10-02 01:00:00+00:00, run_after=2024-10-03 01:00:00+00:00
[2024-10-02T19:43:07.407+0500] {logging_mixin.py:190} INFO - [2024-10-02T19:43:07.407+0500] {dag.py:4138} INFO - Setting next_dagrun for lr_train to 2024-10-02 01:00:00+00:00, run_after=2024-10-03 01:00:00+00:00
[2024-10-02T19:43:07.407+0500] {logging_mixin.py:190} WARNING - Setting next_dagrun for lr_train to 2024-10-02 01:00:00+00:00, run_after=2024-10-03 01:00:00+00:00
[2024-10-02T19:43:07.409+0500] {logging_mixin.py:190} INFO - [2024-10-02T19:43:07.409+0500] {dag.py:4138} INFO - Setting next_dagrun for rf_train to 2024-10-02 01:00:00+00:00, run_after=2024-10-03 01:00:00+00:00
[2024-10-02T19:43:07.409+0500] {logging_mixin.py:190} WARNING - Setting next_dagrun for rf_train to 2024-10-02 01:00:00+00:00, run_after=2024-10-03 01:00:00+00:00
[2024-10-02T19:43:07.431+0500] {processor.py:208} INFO - Processing /home/nicolaspc/airflow/dags/.ipynb_checkpoints/train_models-checkpoint.py took 0.880 seconds
[2024-10-02T19:43:37.532+0500] {processor.py:186} INFO - Started process (PID=44385) to work on /home/nicolaspc/airflow/dags/.ipynb_checkpoints/train_models-checkpoint.py
[2024-10-02T19:43:37.533+0500] {processor.py:914} INFO - Processing file /home/nicolaspc/airflow/dags/.ipynb_checkpoints/train_models-checkpoint.py for tasks to queue
[2024-10-02T19:43:37.535+0500] {logging_mixin.py:190} INFO - [2024-10-02T19:43:37.534+0500] {dagbag.py:587} INFO - Filling up the DagBag from /home/nicolaspc/airflow/dags/.ipynb_checkpoints/train_models-checkpoint.py
[2024-10-02T19:43:38.341+0500] {processor.py:925} INFO - DAG(s) 'rf_train', 'hgb_train', 'lr_train' retrieved from /home/nicolaspc/airflow/dags/.ipynb_checkpoints/train_models-checkpoint.py
[2024-10-02T19:43:38.355+0500] {logging_mixin.py:190} INFO - [2024-10-02T19:43:38.355+0500] {dag.py:3211} INFO - Sync 3 DAGs
[2024-10-02T19:43:38.356+0500] {logging_mixin.py:190} WARNING - Sync 3 DAGs
[2024-10-02T19:43:38.374+0500] {logging_mixin.py:190} INFO - [2024-10-02T19:43:38.373+0500] {dag.py:4138} INFO - Setting next_dagrun for hgb_train to 2024-10-02 01:00:00+00:00, run_after=2024-10-03 01:00:00+00:00
[2024-10-02T19:43:38.374+0500] {logging_mixin.py:190} WARNING - Setting next_dagrun for hgb_train to 2024-10-02 01:00:00+00:00, run_after=2024-10-03 01:00:00+00:00
[2024-10-02T19:43:38.377+0500] {logging_mixin.py:190} INFO - [2024-10-02T19:43:38.377+0500] {dag.py:4138} INFO - Setting next_dagrun for lr_train to 2024-10-02 01:00:00+00:00, run_after=2024-10-03 01:00:00+00:00
[2024-10-02T19:43:38.377+0500] {logging_mixin.py:190} WARNING - Setting next_dagrun for lr_train to 2024-10-02 01:00:00+00:00, run_after=2024-10-03 01:00:00+00:00
[2024-10-02T19:43:38.379+0500] {logging_mixin.py:190} INFO - [2024-10-02T19:43:38.379+0500] {dag.py:4138} INFO - Setting next_dagrun for rf_train to 2024-10-02 01:00:00+00:00, run_after=2024-10-03 01:00:00+00:00
[2024-10-02T19:43:38.379+0500] {logging_mixin.py:190} WARNING - Setting next_dagrun for rf_train to 2024-10-02 01:00:00+00:00, run_after=2024-10-03 01:00:00+00:00
[2024-10-02T19:43:38.392+0500] {processor.py:208} INFO - Processing /home/nicolaspc/airflow/dags/.ipynb_checkpoints/train_models-checkpoint.py took 0.866 seconds
[2024-10-02T19:44:08.441+0500] {processor.py:186} INFO - Started process (PID=44871) to work on /home/nicolaspc/airflow/dags/.ipynb_checkpoints/train_models-checkpoint.py
[2024-10-02T19:44:08.450+0500] {processor.py:914} INFO - Processing file /home/nicolaspc/airflow/dags/.ipynb_checkpoints/train_models-checkpoint.py for tasks to queue
[2024-10-02T19:44:08.452+0500] {logging_mixin.py:190} INFO - [2024-10-02T19:44:08.451+0500] {dagbag.py:587} INFO - Filling up the DagBag from /home/nicolaspc/airflow/dags/.ipynb_checkpoints/train_models-checkpoint.py
[2024-10-02T19:44:09.221+0500] {processor.py:925} INFO - DAG(s) 'hgb_train', 'rf_train', 'lr_train' retrieved from /home/nicolaspc/airflow/dags/.ipynb_checkpoints/train_models-checkpoint.py
[2024-10-02T19:44:09.319+0500] {logging_mixin.py:190} INFO - [2024-10-02T19:44:09.318+0500] {dag.py:3211} INFO - Sync 3 DAGs
[2024-10-02T19:44:09.319+0500] {logging_mixin.py:190} WARNING - Sync 3 DAGs
[2024-10-02T19:44:09.335+0500] {logging_mixin.py:190} INFO - [2024-10-02T19:44:09.335+0500] {dag.py:4138} INFO - Setting next_dagrun for hgb_train to 2024-10-02 01:00:00+00:00, run_after=2024-10-03 01:00:00+00:00
[2024-10-02T19:44:09.335+0500] {logging_mixin.py:190} WARNING - Setting next_dagrun for hgb_train to 2024-10-02 01:00:00+00:00, run_after=2024-10-03 01:00:00+00:00
[2024-10-02T19:44:09.339+0500] {logging_mixin.py:190} INFO - [2024-10-02T19:44:09.338+0500] {dag.py:4138} INFO - Setting next_dagrun for lr_train to 2024-10-02 01:00:00+00:00, run_after=2024-10-03 01:00:00+00:00
[2024-10-02T19:44:09.339+0500] {logging_mixin.py:190} WARNING - Setting next_dagrun for lr_train to 2024-10-02 01:00:00+00:00, run_after=2024-10-03 01:00:00+00:00
[2024-10-02T19:44:09.341+0500] {logging_mixin.py:190} INFO - [2024-10-02T19:44:09.340+0500] {dag.py:4138} INFO - Setting next_dagrun for rf_train to 2024-10-02 01:00:00+00:00, run_after=2024-10-03 01:00:00+00:00
[2024-10-02T19:44:09.341+0500] {logging_mixin.py:190} WARNING - Setting next_dagrun for rf_train to 2024-10-02 01:00:00+00:00, run_after=2024-10-03 01:00:00+00:00
[2024-10-02T19:44:09.356+0500] {processor.py:208} INFO - Processing /home/nicolaspc/airflow/dags/.ipynb_checkpoints/train_models-checkpoint.py took 0.921 seconds
[2024-10-02T19:44:39.421+0500] {processor.py:186} INFO - Started process (PID=45341) to work on /home/nicolaspc/airflow/dags/.ipynb_checkpoints/train_models-checkpoint.py
[2024-10-02T19:44:39.422+0500] {processor.py:914} INFO - Processing file /home/nicolaspc/airflow/dags/.ipynb_checkpoints/train_models-checkpoint.py for tasks to queue
[2024-10-02T19:44:39.423+0500] {logging_mixin.py:190} INFO - [2024-10-02T19:44:39.423+0500] {dagbag.py:587} INFO - Filling up the DagBag from /home/nicolaspc/airflow/dags/.ipynb_checkpoints/train_models-checkpoint.py
[2024-10-02T19:44:40.238+0500] {processor.py:925} INFO - DAG(s) 'hgb_train', 'lr_train', 'rf_train' retrieved from /home/nicolaspc/airflow/dags/.ipynb_checkpoints/train_models-checkpoint.py
[2024-10-02T19:44:40.264+0500] {logging_mixin.py:190} INFO - [2024-10-02T19:44:40.264+0500] {dag.py:3211} INFO - Sync 3 DAGs
[2024-10-02T19:44:40.264+0500] {logging_mixin.py:190} WARNING - Sync 3 DAGs
[2024-10-02T19:44:40.282+0500] {logging_mixin.py:190} INFO - [2024-10-02T19:44:40.282+0500] {dag.py:4138} INFO - Setting next_dagrun for hgb_train to 2024-10-02 01:00:00+00:00, run_after=2024-10-03 01:00:00+00:00
[2024-10-02T19:44:40.282+0500] {logging_mixin.py:190} WARNING - Setting next_dagrun for hgb_train to 2024-10-02 01:00:00+00:00, run_after=2024-10-03 01:00:00+00:00
[2024-10-02T19:44:40.286+0500] {logging_mixin.py:190} INFO - [2024-10-02T19:44:40.286+0500] {dag.py:4138} INFO - Setting next_dagrun for lr_train to 2024-10-02 01:00:00+00:00, run_after=2024-10-03 01:00:00+00:00
[2024-10-02T19:44:40.287+0500] {logging_mixin.py:190} WARNING - Setting next_dagrun for lr_train to 2024-10-02 01:00:00+00:00, run_after=2024-10-03 01:00:00+00:00
[2024-10-02T19:44:40.289+0500] {logging_mixin.py:190} INFO - [2024-10-02T19:44:40.288+0500] {dag.py:4138} INFO - Setting next_dagrun for rf_train to 2024-10-02 01:00:00+00:00, run_after=2024-10-03 01:00:00+00:00
[2024-10-02T19:44:40.289+0500] {logging_mixin.py:190} WARNING - Setting next_dagrun for rf_train to 2024-10-02 01:00:00+00:00, run_after=2024-10-03 01:00:00+00:00
[2024-10-02T19:44:40.311+0500] {processor.py:208} INFO - Processing /home/nicolaspc/airflow/dags/.ipynb_checkpoints/train_models-checkpoint.py took 0.894 seconds
[2024-10-02T19:45:10.695+0500] {processor.py:186} INFO - Started process (PID=45817) to work on /home/nicolaspc/airflow/dags/.ipynb_checkpoints/train_models-checkpoint.py
[2024-10-02T19:45:10.703+0500] {processor.py:914} INFO - Processing file /home/nicolaspc/airflow/dags/.ipynb_checkpoints/train_models-checkpoint.py for tasks to queue
[2024-10-02T19:45:10.705+0500] {logging_mixin.py:190} INFO - [2024-10-02T19:45:10.705+0500] {dagbag.py:587} INFO - Filling up the DagBag from /home/nicolaspc/airflow/dags/.ipynb_checkpoints/train_models-checkpoint.py
[2024-10-02T19:45:11.531+0500] {processor.py:925} INFO - DAG(s) 'rf_train', 'lr_train', 'hgb_train' retrieved from /home/nicolaspc/airflow/dags/.ipynb_checkpoints/train_models-checkpoint.py
[2024-10-02T19:45:11.546+0500] {logging_mixin.py:190} INFO - [2024-10-02T19:45:11.545+0500] {dag.py:3211} INFO - Sync 3 DAGs
[2024-10-02T19:45:11.546+0500] {logging_mixin.py:190} WARNING - Sync 3 DAGs
[2024-10-02T19:45:11.563+0500] {logging_mixin.py:190} INFO - [2024-10-02T19:45:11.563+0500] {dag.py:4138} INFO - Setting next_dagrun for hgb_train to 2024-10-02 01:00:00+00:00, run_after=2024-10-03 01:00:00+00:00
[2024-10-02T19:45:11.563+0500] {logging_mixin.py:190} WARNING - Setting next_dagrun for hgb_train to 2024-10-02 01:00:00+00:00, run_after=2024-10-03 01:00:00+00:00
[2024-10-02T19:45:11.567+0500] {logging_mixin.py:190} INFO - [2024-10-02T19:45:11.567+0500] {dag.py:4138} INFO - Setting next_dagrun for lr_train to 2024-10-02 01:00:00+00:00, run_after=2024-10-03 01:00:00+00:00
[2024-10-02T19:45:11.567+0500] {logging_mixin.py:190} WARNING - Setting next_dagrun for lr_train to 2024-10-02 01:00:00+00:00, run_after=2024-10-03 01:00:00+00:00
[2024-10-02T19:45:11.569+0500] {logging_mixin.py:190} INFO - [2024-10-02T19:45:11.569+0500] {dag.py:4138} INFO - Setting next_dagrun for rf_train to 2024-10-02 01:00:00+00:00, run_after=2024-10-03 01:00:00+00:00
[2024-10-02T19:45:11.569+0500] {logging_mixin.py:190} WARNING - Setting next_dagrun for rf_train to 2024-10-02 01:00:00+00:00, run_after=2024-10-03 01:00:00+00:00
[2024-10-02T19:45:11.594+0500] {processor.py:208} INFO - Processing /home/nicolaspc/airflow/dags/.ipynb_checkpoints/train_models-checkpoint.py took 0.904 seconds
[2024-10-02T19:45:41.664+0500] {processor.py:186} INFO - Started process (PID=46278) to work on /home/nicolaspc/airflow/dags/.ipynb_checkpoints/train_models-checkpoint.py
[2024-10-02T19:45:41.665+0500] {processor.py:914} INFO - Processing file /home/nicolaspc/airflow/dags/.ipynb_checkpoints/train_models-checkpoint.py for tasks to queue
[2024-10-02T19:45:41.666+0500] {logging_mixin.py:190} INFO - [2024-10-02T19:45:41.666+0500] {dagbag.py:587} INFO - Filling up the DagBag from /home/nicolaspc/airflow/dags/.ipynb_checkpoints/train_models-checkpoint.py
[2024-10-02T19:45:42.479+0500] {processor.py:925} INFO - DAG(s) 'hgb_train', 'rf_train', 'lr_train' retrieved from /home/nicolaspc/airflow/dags/.ipynb_checkpoints/train_models-checkpoint.py
[2024-10-02T19:45:42.576+0500] {logging_mixin.py:190} INFO - [2024-10-02T19:45:42.576+0500] {dag.py:3211} INFO - Sync 3 DAGs
[2024-10-02T19:45:42.576+0500] {logging_mixin.py:190} WARNING - Sync 3 DAGs
[2024-10-02T19:45:42.684+0500] {logging_mixin.py:190} INFO - [2024-10-02T19:45:42.683+0500] {dag.py:4138} INFO - Setting next_dagrun for hgb_train to 2024-10-02 01:00:00+00:00, run_after=2024-10-03 01:00:00+00:00
[2024-10-02T19:45:42.684+0500] {logging_mixin.py:190} WARNING - Setting next_dagrun for hgb_train to 2024-10-02 01:00:00+00:00, run_after=2024-10-03 01:00:00+00:00
[2024-10-02T19:45:42.687+0500] {logging_mixin.py:190} INFO - [2024-10-02T19:45:42.687+0500] {dag.py:4138} INFO - Setting next_dagrun for lr_train to 2024-10-02 01:00:00+00:00, run_after=2024-10-03 01:00:00+00:00
[2024-10-02T19:45:42.687+0500] {logging_mixin.py:190} WARNING - Setting next_dagrun for lr_train to 2024-10-02 01:00:00+00:00, run_after=2024-10-03 01:00:00+00:00
[2024-10-02T19:45:42.689+0500] {logging_mixin.py:190} INFO - [2024-10-02T19:45:42.689+0500] {dag.py:4138} INFO - Setting next_dagrun for rf_train to 2024-10-02 01:00:00+00:00, run_after=2024-10-03 01:00:00+00:00
[2024-10-02T19:45:42.689+0500] {logging_mixin.py:190} WARNING - Setting next_dagrun for rf_train to 2024-10-02 01:00:00+00:00, run_after=2024-10-03 01:00:00+00:00
[2024-10-02T19:45:42.712+0500] {processor.py:208} INFO - Processing /home/nicolaspc/airflow/dags/.ipynb_checkpoints/train_models-checkpoint.py took 1.052 seconds
[2024-10-02T19:46:13.114+0500] {processor.py:186} INFO - Started process (PID=46818) to work on /home/nicolaspc/airflow/dags/.ipynb_checkpoints/train_models-checkpoint.py
[2024-10-02T19:46:13.122+0500] {processor.py:914} INFO - Processing file /home/nicolaspc/airflow/dags/.ipynb_checkpoints/train_models-checkpoint.py for tasks to queue
[2024-10-02T19:46:13.124+0500] {logging_mixin.py:190} INFO - [2024-10-02T19:46:13.124+0500] {dagbag.py:587} INFO - Filling up the DagBag from /home/nicolaspc/airflow/dags/.ipynb_checkpoints/train_models-checkpoint.py
[2024-10-02T19:46:14.236+0500] {processor.py:925} INFO - DAG(s) 'rf_train', 'hgb_train', 'lr_train' retrieved from /home/nicolaspc/airflow/dags/.ipynb_checkpoints/train_models-checkpoint.py
[2024-10-02T19:46:14.274+0500] {logging_mixin.py:190} INFO - [2024-10-02T19:46:14.274+0500] {dag.py:3211} INFO - Sync 3 DAGs
[2024-10-02T19:46:14.274+0500] {logging_mixin.py:190} WARNING - Sync 3 DAGs
[2024-10-02T19:46:14.296+0500] {logging_mixin.py:190} INFO - [2024-10-02T19:46:14.296+0500] {dag.py:4138} INFO - Setting next_dagrun for hgb_train to 2024-10-02 01:00:00+00:00, run_after=2024-10-03 01:00:00+00:00
[2024-10-02T19:46:14.296+0500] {logging_mixin.py:190} WARNING - Setting next_dagrun for hgb_train to 2024-10-02 01:00:00+00:00, run_after=2024-10-03 01:00:00+00:00
[2024-10-02T19:46:14.302+0500] {logging_mixin.py:190} INFO - [2024-10-02T19:46:14.302+0500] {dag.py:4138} INFO - Setting next_dagrun for lr_train to 2024-10-02 01:00:00+00:00, run_after=2024-10-03 01:00:00+00:00
[2024-10-02T19:46:14.302+0500] {logging_mixin.py:190} WARNING - Setting next_dagrun for lr_train to 2024-10-02 01:00:00+00:00, run_after=2024-10-03 01:00:00+00:00
[2024-10-02T19:46:14.305+0500] {logging_mixin.py:190} INFO - [2024-10-02T19:46:14.305+0500] {dag.py:4138} INFO - Setting next_dagrun for rf_train to 2024-10-02 01:00:00+00:00, run_after=2024-10-03 01:00:00+00:00
[2024-10-02T19:46:14.305+0500] {logging_mixin.py:190} WARNING - Setting next_dagrun for rf_train to 2024-10-02 01:00:00+00:00, run_after=2024-10-03 01:00:00+00:00
[2024-10-02T19:46:14.340+0500] {processor.py:208} INFO - Processing /home/nicolaspc/airflow/dags/.ipynb_checkpoints/train_models-checkpoint.py took 1.230 seconds
[2024-10-02T19:46:44.827+0500] {processor.py:186} INFO - Started process (PID=47302) to work on /home/nicolaspc/airflow/dags/.ipynb_checkpoints/train_models-checkpoint.py
[2024-10-02T19:46:44.828+0500] {processor.py:914} INFO - Processing file /home/nicolaspc/airflow/dags/.ipynb_checkpoints/train_models-checkpoint.py for tasks to queue
[2024-10-02T19:46:44.829+0500] {logging_mixin.py:190} INFO - [2024-10-02T19:46:44.829+0500] {dagbag.py:587} INFO - Filling up the DagBag from /home/nicolaspc/airflow/dags/.ipynb_checkpoints/train_models-checkpoint.py
[2024-10-02T19:46:45.587+0500] {processor.py:925} INFO - DAG(s) 'lr_train', 'rf_train', 'hgb_train' retrieved from /home/nicolaspc/airflow/dags/.ipynb_checkpoints/train_models-checkpoint.py
[2024-10-02T19:46:45.605+0500] {logging_mixin.py:190} INFO - [2024-10-02T19:46:45.605+0500] {dag.py:3211} INFO - Sync 3 DAGs
[2024-10-02T19:46:45.606+0500] {logging_mixin.py:190} WARNING - Sync 3 DAGs
[2024-10-02T19:46:45.625+0500] {logging_mixin.py:190} INFO - [2024-10-02T19:46:45.625+0500] {dag.py:4138} INFO - Setting next_dagrun for hgb_train to 2024-10-02 01:00:00+00:00, run_after=2024-10-03 01:00:00+00:00
[2024-10-02T19:46:45.625+0500] {logging_mixin.py:190} WARNING - Setting next_dagrun for hgb_train to 2024-10-02 01:00:00+00:00, run_after=2024-10-03 01:00:00+00:00
[2024-10-02T19:46:45.629+0500] {logging_mixin.py:190} INFO - [2024-10-02T19:46:45.628+0500] {dag.py:4138} INFO - Setting next_dagrun for lr_train to 2024-10-02 01:00:00+00:00, run_after=2024-10-03 01:00:00+00:00
[2024-10-02T19:46:45.629+0500] {logging_mixin.py:190} WARNING - Setting next_dagrun for lr_train to 2024-10-02 01:00:00+00:00, run_after=2024-10-03 01:00:00+00:00
[2024-10-02T19:46:45.631+0500] {logging_mixin.py:190} INFO - [2024-10-02T19:46:45.630+0500] {dag.py:4138} INFO - Setting next_dagrun for rf_train to 2024-10-02 01:00:00+00:00, run_after=2024-10-03 01:00:00+00:00
[2024-10-02T19:46:45.631+0500] {logging_mixin.py:190} WARNING - Setting next_dagrun for rf_train to 2024-10-02 01:00:00+00:00, run_after=2024-10-03 01:00:00+00:00
[2024-10-02T19:46:45.645+0500] {processor.py:208} INFO - Processing /home/nicolaspc/airflow/dags/.ipynb_checkpoints/train_models-checkpoint.py took 0.822 seconds
[2024-10-02T19:47:16.228+0500] {processor.py:186} INFO - Started process (PID=47819) to work on /home/nicolaspc/airflow/dags/.ipynb_checkpoints/train_models-checkpoint.py
[2024-10-02T19:47:16.231+0500] {processor.py:914} INFO - Processing file /home/nicolaspc/airflow/dags/.ipynb_checkpoints/train_models-checkpoint.py for tasks to queue
[2024-10-02T19:47:16.233+0500] {logging_mixin.py:190} INFO - [2024-10-02T19:47:16.233+0500] {dagbag.py:587} INFO - Filling up the DagBag from /home/nicolaspc/airflow/dags/.ipynb_checkpoints/train_models-checkpoint.py
[2024-10-02T19:47:16.985+0500] {processor.py:925} INFO - DAG(s) 'hgb_train', 'rf_train', 'lr_train' retrieved from /home/nicolaspc/airflow/dags/.ipynb_checkpoints/train_models-checkpoint.py
[2024-10-02T19:47:17.075+0500] {logging_mixin.py:190} INFO - [2024-10-02T19:47:17.075+0500] {dag.py:3211} INFO - Sync 3 DAGs
[2024-10-02T19:47:17.075+0500] {logging_mixin.py:190} WARNING - Sync 3 DAGs
[2024-10-02T19:47:17.092+0500] {logging_mixin.py:190} INFO - [2024-10-02T19:47:17.092+0500] {dag.py:4138} INFO - Setting next_dagrun for hgb_train to 2024-10-02 01:00:00+00:00, run_after=2024-10-03 01:00:00+00:00
[2024-10-02T19:47:17.092+0500] {logging_mixin.py:190} WARNING - Setting next_dagrun for hgb_train to 2024-10-02 01:00:00+00:00, run_after=2024-10-03 01:00:00+00:00
[2024-10-02T19:47:17.095+0500] {logging_mixin.py:190} INFO - [2024-10-02T19:47:17.095+0500] {dag.py:4138} INFO - Setting next_dagrun for lr_train to 2024-10-02 01:00:00+00:00, run_after=2024-10-03 01:00:00+00:00
[2024-10-02T19:47:17.095+0500] {logging_mixin.py:190} WARNING - Setting next_dagrun for lr_train to 2024-10-02 01:00:00+00:00, run_after=2024-10-03 01:00:00+00:00
[2024-10-02T19:47:17.097+0500] {logging_mixin.py:190} INFO - [2024-10-02T19:47:17.097+0500] {dag.py:4138} INFO - Setting next_dagrun for rf_train to 2024-10-02 01:00:00+00:00, run_after=2024-10-03 01:00:00+00:00
[2024-10-02T19:47:17.097+0500] {logging_mixin.py:190} WARNING - Setting next_dagrun for rf_train to 2024-10-02 01:00:00+00:00, run_after=2024-10-03 01:00:00+00:00
[2024-10-02T19:47:17.120+0500] {processor.py:208} INFO - Processing /home/nicolaspc/airflow/dags/.ipynb_checkpoints/train_models-checkpoint.py took 0.896 seconds
[2024-10-02T19:47:47.447+0500] {processor.py:186} INFO - Started process (PID=48287) to work on /home/nicolaspc/airflow/dags/.ipynb_checkpoints/train_models-checkpoint.py
[2024-10-02T19:47:47.447+0500] {processor.py:914} INFO - Processing file /home/nicolaspc/airflow/dags/.ipynb_checkpoints/train_models-checkpoint.py for tasks to queue
[2024-10-02T19:47:47.449+0500] {logging_mixin.py:190} INFO - [2024-10-02T19:47:47.449+0500] {dagbag.py:587} INFO - Filling up the DagBag from /home/nicolaspc/airflow/dags/.ipynb_checkpoints/train_models-checkpoint.py
[2024-10-02T19:47:48.210+0500] {processor.py:925} INFO - DAG(s) 'lr_train', 'hgb_train', 'rf_train' retrieved from /home/nicolaspc/airflow/dags/.ipynb_checkpoints/train_models-checkpoint.py
[2024-10-02T19:47:48.240+0500] {logging_mixin.py:190} INFO - [2024-10-02T19:47:48.240+0500] {dag.py:3211} INFO - Sync 3 DAGs
[2024-10-02T19:47:48.240+0500] {logging_mixin.py:190} WARNING - Sync 3 DAGs
[2024-10-02T19:47:48.259+0500] {logging_mixin.py:190} INFO - [2024-10-02T19:47:48.259+0500] {dag.py:4138} INFO - Setting next_dagrun for hgb_train to 2024-10-02 01:00:00+00:00, run_after=2024-10-03 01:00:00+00:00
[2024-10-02T19:47:48.259+0500] {logging_mixin.py:190} WARNING - Setting next_dagrun for hgb_train to 2024-10-02 01:00:00+00:00, run_after=2024-10-03 01:00:00+00:00
[2024-10-02T19:47:48.263+0500] {logging_mixin.py:190} INFO - [2024-10-02T19:47:48.262+0500] {dag.py:4138} INFO - Setting next_dagrun for lr_train to 2024-10-02 01:00:00+00:00, run_after=2024-10-03 01:00:00+00:00
[2024-10-02T19:47:48.263+0500] {logging_mixin.py:190} WARNING - Setting next_dagrun for lr_train to 2024-10-02 01:00:00+00:00, run_after=2024-10-03 01:00:00+00:00
[2024-10-02T19:47:48.265+0500] {logging_mixin.py:190} INFO - [2024-10-02T19:47:48.264+0500] {dag.py:4138} INFO - Setting next_dagrun for rf_train to 2024-10-02 01:00:00+00:00, run_after=2024-10-03 01:00:00+00:00
[2024-10-02T19:47:48.265+0500] {logging_mixin.py:190} WARNING - Setting next_dagrun for rf_train to 2024-10-02 01:00:00+00:00, run_after=2024-10-03 01:00:00+00:00
[2024-10-02T19:47:48.286+0500] {processor.py:208} INFO - Processing /home/nicolaspc/airflow/dags/.ipynb_checkpoints/train_models-checkpoint.py took 0.843 seconds
[2024-10-02T19:48:18.988+0500] {processor.py:186} INFO - Started process (PID=48757) to work on /home/nicolaspc/airflow/dags/.ipynb_checkpoints/train_models-checkpoint.py
[2024-10-02T19:48:18.988+0500] {processor.py:914} INFO - Processing file /home/nicolaspc/airflow/dags/.ipynb_checkpoints/train_models-checkpoint.py for tasks to queue
[2024-10-02T19:48:18.990+0500] {logging_mixin.py:190} INFO - [2024-10-02T19:48:18.990+0500] {dagbag.py:587} INFO - Filling up the DagBag from /home/nicolaspc/airflow/dags/.ipynb_checkpoints/train_models-checkpoint.py
[2024-10-02T19:48:19.992+0500] {processor.py:925} INFO - DAG(s) 'lr_train', 'hgb_train', 'rf_train' retrieved from /home/nicolaspc/airflow/dags/.ipynb_checkpoints/train_models-checkpoint.py
[2024-10-02T19:48:20.013+0500] {logging_mixin.py:190} INFO - [2024-10-02T19:48:20.012+0500] {dag.py:3211} INFO - Sync 3 DAGs
[2024-10-02T19:48:20.013+0500] {logging_mixin.py:190} WARNING - Sync 3 DAGs
[2024-10-02T19:48:20.035+0500] {logging_mixin.py:190} INFO - [2024-10-02T19:48:20.035+0500] {dag.py:4138} INFO - Setting next_dagrun for hgb_train to 2024-10-02 01:00:00+00:00, run_after=2024-10-03 01:00:00+00:00
[2024-10-02T19:48:20.035+0500] {logging_mixin.py:190} WARNING - Setting next_dagrun for hgb_train to 2024-10-02 01:00:00+00:00, run_after=2024-10-03 01:00:00+00:00
[2024-10-02T19:48:20.040+0500] {logging_mixin.py:190} INFO - [2024-10-02T19:48:20.040+0500] {dag.py:4138} INFO - Setting next_dagrun for lr_train to 2024-10-02 01:00:00+00:00, run_after=2024-10-03 01:00:00+00:00
[2024-10-02T19:48:20.040+0500] {logging_mixin.py:190} WARNING - Setting next_dagrun for lr_train to 2024-10-02 01:00:00+00:00, run_after=2024-10-03 01:00:00+00:00
[2024-10-02T19:48:20.043+0500] {logging_mixin.py:190} INFO - [2024-10-02T19:48:20.043+0500] {dag.py:4138} INFO - Setting next_dagrun for rf_train to 2024-10-02 01:00:00+00:00, run_after=2024-10-03 01:00:00+00:00
[2024-10-02T19:48:20.043+0500] {logging_mixin.py:190} WARNING - Setting next_dagrun for rf_train to 2024-10-02 01:00:00+00:00, run_after=2024-10-03 01:00:00+00:00
[2024-10-02T19:48:20.077+0500] {processor.py:208} INFO - Processing /home/nicolaspc/airflow/dags/.ipynb_checkpoints/train_models-checkpoint.py took 1.094 seconds
[2024-10-02T19:48:50.261+0500] {processor.py:186} INFO - Started process (PID=49281) to work on /home/nicolaspc/airflow/dags/.ipynb_checkpoints/train_models-checkpoint.py
[2024-10-02T19:48:50.262+0500] {processor.py:914} INFO - Processing file /home/nicolaspc/airflow/dags/.ipynb_checkpoints/train_models-checkpoint.py for tasks to queue
[2024-10-02T19:48:50.263+0500] {logging_mixin.py:190} INFO - [2024-10-02T19:48:50.263+0500] {dagbag.py:587} INFO - Filling up the DagBag from /home/nicolaspc/airflow/dags/.ipynb_checkpoints/train_models-checkpoint.py
[2024-10-02T19:48:51.137+0500] {processor.py:925} INFO - DAG(s) 'hgb_train', 'lr_train', 'rf_train' retrieved from /home/nicolaspc/airflow/dags/.ipynb_checkpoints/train_models-checkpoint.py
[2024-10-02T19:48:51.233+0500] {logging_mixin.py:190} INFO - [2024-10-02T19:48:51.233+0500] {dag.py:3211} INFO - Sync 3 DAGs
[2024-10-02T19:48:51.233+0500] {logging_mixin.py:190} WARNING - Sync 3 DAGs
[2024-10-02T19:48:51.403+0500] {logging_mixin.py:190} INFO - [2024-10-02T19:48:51.403+0500] {dag.py:4138} INFO - Setting next_dagrun for hgb_train to 2024-10-02 01:00:00+00:00, run_after=2024-10-03 01:00:00+00:00
[2024-10-02T19:48:51.403+0500] {logging_mixin.py:190} WARNING - Setting next_dagrun for hgb_train to 2024-10-02 01:00:00+00:00, run_after=2024-10-03 01:00:00+00:00
[2024-10-02T19:48:51.409+0500] {logging_mixin.py:190} INFO - [2024-10-02T19:48:51.408+0500] {dag.py:4138} INFO - Setting next_dagrun for lr_train to 2024-10-02 01:00:00+00:00, run_after=2024-10-03 01:00:00+00:00
[2024-10-02T19:48:51.409+0500] {logging_mixin.py:190} WARNING - Setting next_dagrun for lr_train to 2024-10-02 01:00:00+00:00, run_after=2024-10-03 01:00:00+00:00
[2024-10-02T19:48:51.412+0500] {logging_mixin.py:190} INFO - [2024-10-02T19:48:51.411+0500] {dag.py:4138} INFO - Setting next_dagrun for rf_train to 2024-10-02 01:00:00+00:00, run_after=2024-10-03 01:00:00+00:00
[2024-10-02T19:48:51.412+0500] {logging_mixin.py:190} WARNING - Setting next_dagrun for rf_train to 2024-10-02 01:00:00+00:00, run_after=2024-10-03 01:00:00+00:00
[2024-10-02T19:48:51.443+0500] {processor.py:208} INFO - Processing /home/nicolaspc/airflow/dags/.ipynb_checkpoints/train_models-checkpoint.py took 1.187 seconds
[2024-10-02T19:49:21.835+0500] {processor.py:186} INFO - Started process (PID=49776) to work on /home/nicolaspc/airflow/dags/.ipynb_checkpoints/train_models-checkpoint.py
[2024-10-02T19:49:21.845+0500] {processor.py:914} INFO - Processing file /home/nicolaspc/airflow/dags/.ipynb_checkpoints/train_models-checkpoint.py for tasks to queue
[2024-10-02T19:49:21.847+0500] {logging_mixin.py:190} INFO - [2024-10-02T19:49:21.847+0500] {dagbag.py:587} INFO - Filling up the DagBag from /home/nicolaspc/airflow/dags/.ipynb_checkpoints/train_models-checkpoint.py
[2024-10-02T19:49:22.882+0500] {processor.py:925} INFO - DAG(s) 'rf_train', 'hgb_train', 'lr_train' retrieved from /home/nicolaspc/airflow/dags/.ipynb_checkpoints/train_models-checkpoint.py
[2024-10-02T19:49:22.915+0500] {logging_mixin.py:190} INFO - [2024-10-02T19:49:22.915+0500] {dag.py:3211} INFO - Sync 3 DAGs
[2024-10-02T19:49:22.915+0500] {logging_mixin.py:190} WARNING - Sync 3 DAGs
[2024-10-02T19:49:22.932+0500] {logging_mixin.py:190} INFO - [2024-10-02T19:49:22.932+0500] {dag.py:4138} INFO - Setting next_dagrun for hgb_train to 2024-10-02 01:00:00+00:00, run_after=2024-10-03 01:00:00+00:00
[2024-10-02T19:49:22.932+0500] {logging_mixin.py:190} WARNING - Setting next_dagrun for hgb_train to 2024-10-02 01:00:00+00:00, run_after=2024-10-03 01:00:00+00:00
[2024-10-02T19:49:22.936+0500] {logging_mixin.py:190} INFO - [2024-10-02T19:49:22.936+0500] {dag.py:4138} INFO - Setting next_dagrun for lr_train to 2024-10-02 01:00:00+00:00, run_after=2024-10-03 01:00:00+00:00
[2024-10-02T19:49:22.936+0500] {logging_mixin.py:190} WARNING - Setting next_dagrun for lr_train to 2024-10-02 01:00:00+00:00, run_after=2024-10-03 01:00:00+00:00
[2024-10-02T19:49:22.938+0500] {logging_mixin.py:190} INFO - [2024-10-02T19:49:22.938+0500] {dag.py:4138} INFO - Setting next_dagrun for rf_train to 2024-10-02 01:00:00+00:00, run_after=2024-10-03 01:00:00+00:00
[2024-10-02T19:49:22.938+0500] {logging_mixin.py:190} WARNING - Setting next_dagrun for rf_train to 2024-10-02 01:00:00+00:00, run_after=2024-10-03 01:00:00+00:00
[2024-10-02T19:49:22.964+0500] {processor.py:208} INFO - Processing /home/nicolaspc/airflow/dags/.ipynb_checkpoints/train_models-checkpoint.py took 1.134 seconds
[2024-10-02T19:49:53.249+0500] {processor.py:186} INFO - Started process (PID=50261) to work on /home/nicolaspc/airflow/dags/.ipynb_checkpoints/train_models-checkpoint.py
[2024-10-02T19:49:53.250+0500] {processor.py:914} INFO - Processing file /home/nicolaspc/airflow/dags/.ipynb_checkpoints/train_models-checkpoint.py for tasks to queue
[2024-10-02T19:49:53.251+0500] {logging_mixin.py:190} INFO - [2024-10-02T19:49:53.251+0500] {dagbag.py:587} INFO - Filling up the DagBag from /home/nicolaspc/airflow/dags/.ipynb_checkpoints/train_models-checkpoint.py
[2024-10-02T19:49:54.003+0500] {processor.py:925} INFO - DAG(s) 'rf_train', 'lr_train', 'hgb_train' retrieved from /home/nicolaspc/airflow/dags/.ipynb_checkpoints/train_models-checkpoint.py
[2024-10-02T19:49:54.019+0500] {logging_mixin.py:190} INFO - [2024-10-02T19:49:54.018+0500] {dag.py:3211} INFO - Sync 3 DAGs
[2024-10-02T19:49:54.019+0500] {logging_mixin.py:190} WARNING - Sync 3 DAGs
[2024-10-02T19:49:54.036+0500] {logging_mixin.py:190} INFO - [2024-10-02T19:49:54.036+0500] {dag.py:4138} INFO - Setting next_dagrun for hgb_train to 2024-10-02 01:00:00+00:00, run_after=2024-10-03 01:00:00+00:00
[2024-10-02T19:49:54.036+0500] {logging_mixin.py:190} WARNING - Setting next_dagrun for hgb_train to 2024-10-02 01:00:00+00:00, run_after=2024-10-03 01:00:00+00:00
[2024-10-02T19:49:54.040+0500] {logging_mixin.py:190} INFO - [2024-10-02T19:49:54.039+0500] {dag.py:4138} INFO - Setting next_dagrun for lr_train to 2024-10-02 01:00:00+00:00, run_after=2024-10-03 01:00:00+00:00
[2024-10-02T19:49:54.040+0500] {logging_mixin.py:190} WARNING - Setting next_dagrun for lr_train to 2024-10-02 01:00:00+00:00, run_after=2024-10-03 01:00:00+00:00
[2024-10-02T19:49:54.042+0500] {logging_mixin.py:190} INFO - [2024-10-02T19:49:54.041+0500] {dag.py:4138} INFO - Setting next_dagrun for rf_train to 2024-10-02 01:00:00+00:00, run_after=2024-10-03 01:00:00+00:00
[2024-10-02T19:49:54.042+0500] {logging_mixin.py:190} WARNING - Setting next_dagrun for rf_train to 2024-10-02 01:00:00+00:00, run_after=2024-10-03 01:00:00+00:00
[2024-10-02T19:49:54.064+0500] {processor.py:208} INFO - Processing /home/nicolaspc/airflow/dags/.ipynb_checkpoints/train_models-checkpoint.py took 0.819 seconds
[2024-10-02T19:50:24.364+0500] {processor.py:186} INFO - Started process (PID=50764) to work on /home/nicolaspc/airflow/dags/.ipynb_checkpoints/train_models-checkpoint.py
[2024-10-02T19:50:24.368+0500] {processor.py:914} INFO - Processing file /home/nicolaspc/airflow/dags/.ipynb_checkpoints/train_models-checkpoint.py for tasks to queue
[2024-10-02T19:50:24.370+0500] {logging_mixin.py:190} INFO - [2024-10-02T19:50:24.370+0500] {dagbag.py:587} INFO - Filling up the DagBag from /home/nicolaspc/airflow/dags/.ipynb_checkpoints/train_models-checkpoint.py
[2024-10-02T19:50:25.128+0500] {processor.py:925} INFO - DAG(s) 'lr_train', 'hgb_train', 'rf_train' retrieved from /home/nicolaspc/airflow/dags/.ipynb_checkpoints/train_models-checkpoint.py
[2024-10-02T19:50:25.319+0500] {logging_mixin.py:190} INFO - [2024-10-02T19:50:25.318+0500] {dag.py:3211} INFO - Sync 3 DAGs
[2024-10-02T19:50:25.319+0500] {logging_mixin.py:190} WARNING - Sync 3 DAGs
[2024-10-02T19:50:25.337+0500] {logging_mixin.py:190} INFO - [2024-10-02T19:50:25.336+0500] {dag.py:4138} INFO - Setting next_dagrun for hgb_train to 2024-10-02 01:00:00+00:00, run_after=2024-10-03 01:00:00+00:00
[2024-10-02T19:50:25.337+0500] {logging_mixin.py:190} WARNING - Setting next_dagrun for hgb_train to 2024-10-02 01:00:00+00:00, run_after=2024-10-03 01:00:00+00:00
[2024-10-02T19:50:25.340+0500] {logging_mixin.py:190} INFO - [2024-10-02T19:50:25.340+0500] {dag.py:4138} INFO - Setting next_dagrun for lr_train to 2024-10-02 01:00:00+00:00, run_after=2024-10-03 01:00:00+00:00
[2024-10-02T19:50:25.340+0500] {logging_mixin.py:190} WARNING - Setting next_dagrun for lr_train to 2024-10-02 01:00:00+00:00, run_after=2024-10-03 01:00:00+00:00
[2024-10-02T19:50:25.342+0500] {logging_mixin.py:190} INFO - [2024-10-02T19:50:25.342+0500] {dag.py:4138} INFO - Setting next_dagrun for rf_train to 2024-10-02 01:00:00+00:00, run_after=2024-10-03 01:00:00+00:00
[2024-10-02T19:50:25.342+0500] {logging_mixin.py:190} WARNING - Setting next_dagrun for rf_train to 2024-10-02 01:00:00+00:00, run_after=2024-10-03 01:00:00+00:00
[2024-10-02T19:50:25.367+0500] {processor.py:208} INFO - Processing /home/nicolaspc/airflow/dags/.ipynb_checkpoints/train_models-checkpoint.py took 1.008 seconds
[2024-10-02T19:50:55.519+0500] {processor.py:186} INFO - Started process (PID=51252) to work on /home/nicolaspc/airflow/dags/.ipynb_checkpoints/train_models-checkpoint.py
[2024-10-02T19:50:55.520+0500] {processor.py:914} INFO - Processing file /home/nicolaspc/airflow/dags/.ipynb_checkpoints/train_models-checkpoint.py for tasks to queue
[2024-10-02T19:50:55.521+0500] {logging_mixin.py:190} INFO - [2024-10-02T19:50:55.521+0500] {dagbag.py:587} INFO - Filling up the DagBag from /home/nicolaspc/airflow/dags/.ipynb_checkpoints/train_models-checkpoint.py
[2024-10-02T19:50:56.286+0500] {processor.py:925} INFO - DAG(s) 'lr_train', 'rf_train', 'hgb_train' retrieved from /home/nicolaspc/airflow/dags/.ipynb_checkpoints/train_models-checkpoint.py
[2024-10-02T19:50:56.312+0500] {logging_mixin.py:190} INFO - [2024-10-02T19:50:56.312+0500] {dag.py:3211} INFO - Sync 3 DAGs
[2024-10-02T19:50:56.312+0500] {logging_mixin.py:190} WARNING - Sync 3 DAGs
[2024-10-02T19:50:56.331+0500] {logging_mixin.py:190} INFO - [2024-10-02T19:50:56.331+0500] {dag.py:4138} INFO - Setting next_dagrun for hgb_train to 2024-10-02 01:00:00+00:00, run_after=2024-10-03 01:00:00+00:00
[2024-10-02T19:50:56.331+0500] {logging_mixin.py:190} WARNING - Setting next_dagrun for hgb_train to 2024-10-02 01:00:00+00:00, run_after=2024-10-03 01:00:00+00:00
[2024-10-02T19:50:56.436+0500] {logging_mixin.py:190} INFO - [2024-10-02T19:50:56.435+0500] {dag.py:4138} INFO - Setting next_dagrun for lr_train to 2024-10-02 01:00:00+00:00, run_after=2024-10-03 01:00:00+00:00
[2024-10-02T19:50:56.436+0500] {logging_mixin.py:190} WARNING - Setting next_dagrun for lr_train to 2024-10-02 01:00:00+00:00, run_after=2024-10-03 01:00:00+00:00
[2024-10-02T19:50:56.438+0500] {logging_mixin.py:190} INFO - [2024-10-02T19:50:56.437+0500] {dag.py:4138} INFO - Setting next_dagrun for rf_train to 2024-10-02 01:00:00+00:00, run_after=2024-10-03 01:00:00+00:00
[2024-10-02T19:50:56.438+0500] {logging_mixin.py:190} WARNING - Setting next_dagrun for rf_train to 2024-10-02 01:00:00+00:00, run_after=2024-10-03 01:00:00+00:00
[2024-10-02T19:50:56.460+0500] {processor.py:208} INFO - Processing /home/nicolaspc/airflow/dags/.ipynb_checkpoints/train_models-checkpoint.py took 0.946 seconds
[2024-10-02T19:51:26.714+0500] {processor.py:186} INFO - Started process (PID=51902) to work on /home/nicolaspc/airflow/dags/.ipynb_checkpoints/train_models-checkpoint.py
[2024-10-02T19:51:26.719+0500] {processor.py:914} INFO - Processing file /home/nicolaspc/airflow/dags/.ipynb_checkpoints/train_models-checkpoint.py for tasks to queue
[2024-10-02T19:51:26.720+0500] {logging_mixin.py:190} INFO - [2024-10-02T19:51:26.720+0500] {dagbag.py:587} INFO - Filling up the DagBag from /home/nicolaspc/airflow/dags/.ipynb_checkpoints/train_models-checkpoint.py
[2024-10-02T19:51:27.466+0500] {processor.py:925} INFO - DAG(s) 'lr_train', 'rf_train', 'hgb_train' retrieved from /home/nicolaspc/airflow/dags/.ipynb_checkpoints/train_models-checkpoint.py
[2024-10-02T19:51:27.481+0500] {logging_mixin.py:190} INFO - [2024-10-02T19:51:27.481+0500] {dag.py:3211} INFO - Sync 3 DAGs
[2024-10-02T19:51:27.481+0500] {logging_mixin.py:190} WARNING - Sync 3 DAGs
[2024-10-02T19:51:27.590+0500] {logging_mixin.py:190} INFO - [2024-10-02T19:51:27.590+0500] {dag.py:4138} INFO - Setting next_dagrun for hgb_train to 2024-10-02 01:00:00+00:00, run_after=2024-10-03 01:00:00+00:00
[2024-10-02T19:51:27.590+0500] {logging_mixin.py:190} WARNING - Setting next_dagrun for hgb_train to 2024-10-02 01:00:00+00:00, run_after=2024-10-03 01:00:00+00:00
[2024-10-02T19:51:27.594+0500] {logging_mixin.py:190} INFO - [2024-10-02T19:51:27.594+0500] {dag.py:4138} INFO - Setting next_dagrun for lr_train to 2024-10-02 01:00:00+00:00, run_after=2024-10-03 01:00:00+00:00
[2024-10-02T19:51:27.594+0500] {logging_mixin.py:190} WARNING - Setting next_dagrun for lr_train to 2024-10-02 01:00:00+00:00, run_after=2024-10-03 01:00:00+00:00
[2024-10-02T19:51:27.596+0500] {logging_mixin.py:190} INFO - [2024-10-02T19:51:27.596+0500] {dag.py:4138} INFO - Setting next_dagrun for rf_train to 2024-10-02 01:00:00+00:00, run_after=2024-10-03 01:00:00+00:00
[2024-10-02T19:51:27.596+0500] {logging_mixin.py:190} WARNING - Setting next_dagrun for rf_train to 2024-10-02 01:00:00+00:00, run_after=2024-10-03 01:00:00+00:00
[2024-10-02T19:51:27.609+0500] {processor.py:208} INFO - Processing /home/nicolaspc/airflow/dags/.ipynb_checkpoints/train_models-checkpoint.py took 0.900 seconds
[2024-10-02T19:51:58.051+0500] {processor.py:186} INFO - Started process (PID=52372) to work on /home/nicolaspc/airflow/dags/.ipynb_checkpoints/train_models-checkpoint.py
[2024-10-02T19:51:58.052+0500] {processor.py:914} INFO - Processing file /home/nicolaspc/airflow/dags/.ipynb_checkpoints/train_models-checkpoint.py for tasks to queue
[2024-10-02T19:51:58.053+0500] {logging_mixin.py:190} INFO - [2024-10-02T19:51:58.053+0500] {dagbag.py:587} INFO - Filling up the DagBag from /home/nicolaspc/airflow/dags/.ipynb_checkpoints/train_models-checkpoint.py
[2024-10-02T19:51:58.798+0500] {processor.py:925} INFO - DAG(s) 'hgb_train', 'rf_train', 'lr_train' retrieved from /home/nicolaspc/airflow/dags/.ipynb_checkpoints/train_models-checkpoint.py
[2024-10-02T19:51:58.985+0500] {logging_mixin.py:190} INFO - [2024-10-02T19:51:58.985+0500] {dag.py:3211} INFO - Sync 3 DAGs
[2024-10-02T19:51:58.985+0500] {logging_mixin.py:190} WARNING - Sync 3 DAGs
[2024-10-02T19:51:59.002+0500] {logging_mixin.py:190} INFO - [2024-10-02T19:51:59.002+0500] {dag.py:4138} INFO - Setting next_dagrun for hgb_train to 2024-10-02 01:00:00+00:00, run_after=2024-10-03 01:00:00+00:00
[2024-10-02T19:51:59.002+0500] {logging_mixin.py:190} WARNING - Setting next_dagrun for hgb_train to 2024-10-02 01:00:00+00:00, run_after=2024-10-03 01:00:00+00:00
[2024-10-02T19:51:59.005+0500] {logging_mixin.py:190} INFO - [2024-10-02T19:51:59.005+0500] {dag.py:4138} INFO - Setting next_dagrun for lr_train to 2024-10-02 01:00:00+00:00, run_after=2024-10-03 01:00:00+00:00
[2024-10-02T19:51:59.006+0500] {logging_mixin.py:190} WARNING - Setting next_dagrun for lr_train to 2024-10-02 01:00:00+00:00, run_after=2024-10-03 01:00:00+00:00
[2024-10-02T19:51:59.008+0500] {logging_mixin.py:190} INFO - [2024-10-02T19:51:59.007+0500] {dag.py:4138} INFO - Setting next_dagrun for rf_train to 2024-10-02 01:00:00+00:00, run_after=2024-10-03 01:00:00+00:00
[2024-10-02T19:51:59.008+0500] {logging_mixin.py:190} WARNING - Setting next_dagrun for rf_train to 2024-10-02 01:00:00+00:00, run_after=2024-10-03 01:00:00+00:00
[2024-10-02T19:51:59.031+0500] {processor.py:208} INFO - Processing /home/nicolaspc/airflow/dags/.ipynb_checkpoints/train_models-checkpoint.py took 0.985 seconds
[2024-10-02T19:52:29.206+0500] {processor.py:186} INFO - Started process (PID=52855) to work on /home/nicolaspc/airflow/dags/.ipynb_checkpoints/train_models-checkpoint.py
[2024-10-02T19:52:29.206+0500] {processor.py:914} INFO - Processing file /home/nicolaspc/airflow/dags/.ipynb_checkpoints/train_models-checkpoint.py for tasks to queue
[2024-10-02T19:52:29.208+0500] {logging_mixin.py:190} INFO - [2024-10-02T19:52:29.208+0500] {dagbag.py:587} INFO - Filling up the DagBag from /home/nicolaspc/airflow/dags/.ipynb_checkpoints/train_models-checkpoint.py
[2024-10-02T19:52:29.999+0500] {processor.py:925} INFO - DAG(s) 'hgb_train', 'rf_train', 'lr_train' retrieved from /home/nicolaspc/airflow/dags/.ipynb_checkpoints/train_models-checkpoint.py
[2024-10-02T19:52:30.122+0500] {logging_mixin.py:190} INFO - [2024-10-02T19:52:30.121+0500] {dag.py:3211} INFO - Sync 3 DAGs
[2024-10-02T19:52:30.122+0500] {logging_mixin.py:190} WARNING - Sync 3 DAGs
[2024-10-02T19:52:30.138+0500] {logging_mixin.py:190} INFO - [2024-10-02T19:52:30.138+0500] {dag.py:4138} INFO - Setting next_dagrun for hgb_train to 2024-10-02 01:00:00+00:00, run_after=2024-10-03 01:00:00+00:00
[2024-10-02T19:52:30.138+0500] {logging_mixin.py:190} WARNING - Setting next_dagrun for hgb_train to 2024-10-02 01:00:00+00:00, run_after=2024-10-03 01:00:00+00:00
[2024-10-02T19:52:30.142+0500] {logging_mixin.py:190} INFO - [2024-10-02T19:52:30.141+0500] {dag.py:4138} INFO - Setting next_dagrun for lr_train to 2024-10-02 01:00:00+00:00, run_after=2024-10-03 01:00:00+00:00
[2024-10-02T19:52:30.142+0500] {logging_mixin.py:190} WARNING - Setting next_dagrun for lr_train to 2024-10-02 01:00:00+00:00, run_after=2024-10-03 01:00:00+00:00
[2024-10-02T19:52:30.143+0500] {logging_mixin.py:190} INFO - [2024-10-02T19:52:30.143+0500] {dag.py:4138} INFO - Setting next_dagrun for rf_train to 2024-10-02 01:00:00+00:00, run_after=2024-10-03 01:00:00+00:00
[2024-10-02T19:52:30.144+0500] {logging_mixin.py:190} WARNING - Setting next_dagrun for rf_train to 2024-10-02 01:00:00+00:00, run_after=2024-10-03 01:00:00+00:00
[2024-10-02T19:52:30.164+0500] {processor.py:208} INFO - Processing /home/nicolaspc/airflow/dags/.ipynb_checkpoints/train_models-checkpoint.py took 0.963 seconds
[2024-10-02T19:53:00.825+0500] {processor.py:186} INFO - Started process (PID=53496) to work on /home/nicolaspc/airflow/dags/.ipynb_checkpoints/train_models-checkpoint.py
[2024-10-02T19:53:00.825+0500] {processor.py:914} INFO - Processing file /home/nicolaspc/airflow/dags/.ipynb_checkpoints/train_models-checkpoint.py for tasks to queue
[2024-10-02T19:53:00.827+0500] {logging_mixin.py:190} INFO - [2024-10-02T19:53:00.827+0500] {dagbag.py:587} INFO - Filling up the DagBag from /home/nicolaspc/airflow/dags/.ipynb_checkpoints/train_models-checkpoint.py
[2024-10-02T19:53:01.683+0500] {processor.py:925} INFO - DAG(s) 'rf_train', 'hgb_train', 'lr_train' retrieved from /home/nicolaspc/airflow/dags/.ipynb_checkpoints/train_models-checkpoint.py
[2024-10-02T19:53:01.702+0500] {logging_mixin.py:190} INFO - [2024-10-02T19:53:01.702+0500] {dag.py:3211} INFO - Sync 3 DAGs
[2024-10-02T19:53:01.703+0500] {logging_mixin.py:190} WARNING - Sync 3 DAGs
[2024-10-02T19:53:01.720+0500] {logging_mixin.py:190} INFO - [2024-10-02T19:53:01.720+0500] {dag.py:4138} INFO - Setting next_dagrun for hgb_train to 2024-10-02 01:00:00+00:00, run_after=2024-10-03 01:00:00+00:00
[2024-10-02T19:53:01.720+0500] {logging_mixin.py:190} WARNING - Setting next_dagrun for hgb_train to 2024-10-02 01:00:00+00:00, run_after=2024-10-03 01:00:00+00:00
[2024-10-02T19:53:01.723+0500] {logging_mixin.py:190} INFO - [2024-10-02T19:53:01.723+0500] {dag.py:4138} INFO - Setting next_dagrun for lr_train to 2024-10-02 01:00:00+00:00, run_after=2024-10-03 01:00:00+00:00
[2024-10-02T19:53:01.724+0500] {logging_mixin.py:190} WARNING - Setting next_dagrun for lr_train to 2024-10-02 01:00:00+00:00, run_after=2024-10-03 01:00:00+00:00
[2024-10-02T19:53:01.725+0500] {logging_mixin.py:190} INFO - [2024-10-02T19:53:01.725+0500] {dag.py:4138} INFO - Setting next_dagrun for rf_train to 2024-10-02 01:00:00+00:00, run_after=2024-10-03 01:00:00+00:00
[2024-10-02T19:53:01.726+0500] {logging_mixin.py:190} WARNING - Setting next_dagrun for rf_train to 2024-10-02 01:00:00+00:00, run_after=2024-10-03 01:00:00+00:00
[2024-10-02T19:53:01.739+0500] {processor.py:208} INFO - Processing /home/nicolaspc/airflow/dags/.ipynb_checkpoints/train_models-checkpoint.py took 0.919 seconds
[2024-10-02T19:53:31.808+0500] {processor.py:186} INFO - Started process (PID=54022) to work on /home/nicolaspc/airflow/dags/.ipynb_checkpoints/train_models-checkpoint.py
[2024-10-02T19:53:31.808+0500] {processor.py:914} INFO - Processing file /home/nicolaspc/airflow/dags/.ipynb_checkpoints/train_models-checkpoint.py for tasks to queue
[2024-10-02T19:53:31.810+0500] {logging_mixin.py:190} INFO - [2024-10-02T19:53:31.810+0500] {dagbag.py:587} INFO - Filling up the DagBag from /home/nicolaspc/airflow/dags/.ipynb_checkpoints/train_models-checkpoint.py
[2024-10-02T19:53:32.571+0500] {processor.py:925} INFO - DAG(s) 'hgb_train', 'rf_train', 'lr_train' retrieved from /home/nicolaspc/airflow/dags/.ipynb_checkpoints/train_models-checkpoint.py
[2024-10-02T19:53:32.755+0500] {logging_mixin.py:190} INFO - [2024-10-02T19:53:32.754+0500] {dag.py:3211} INFO - Sync 3 DAGs
[2024-10-02T19:53:32.755+0500] {logging_mixin.py:190} WARNING - Sync 3 DAGs
[2024-10-02T19:53:32.771+0500] {logging_mixin.py:190} INFO - [2024-10-02T19:53:32.771+0500] {dag.py:4138} INFO - Setting next_dagrun for hgb_train to 2024-10-02 01:00:00+00:00, run_after=2024-10-03 01:00:00+00:00
[2024-10-02T19:53:32.771+0500] {logging_mixin.py:190} WARNING - Setting next_dagrun for hgb_train to 2024-10-02 01:00:00+00:00, run_after=2024-10-03 01:00:00+00:00
[2024-10-02T19:53:32.775+0500] {logging_mixin.py:190} INFO - [2024-10-02T19:53:32.774+0500] {dag.py:4138} INFO - Setting next_dagrun for lr_train to 2024-10-02 01:00:00+00:00, run_after=2024-10-03 01:00:00+00:00
[2024-10-02T19:53:32.775+0500] {logging_mixin.py:190} WARNING - Setting next_dagrun for lr_train to 2024-10-02 01:00:00+00:00, run_after=2024-10-03 01:00:00+00:00
[2024-10-02T19:53:32.777+0500] {logging_mixin.py:190} INFO - [2024-10-02T19:53:32.776+0500] {dag.py:4138} INFO - Setting next_dagrun for rf_train to 2024-10-02 01:00:00+00:00, run_after=2024-10-03 01:00:00+00:00
[2024-10-02T19:53:32.777+0500] {logging_mixin.py:190} WARNING - Setting next_dagrun for rf_train to 2024-10-02 01:00:00+00:00, run_after=2024-10-03 01:00:00+00:00
[2024-10-02T19:53:32.802+0500] {processor.py:208} INFO - Processing /home/nicolaspc/airflow/dags/.ipynb_checkpoints/train_models-checkpoint.py took 0.999 seconds
