[2024-10-02T19:35:40.446+0500] {processor.py:186} INFO - Started process (PID=36525) to work on /home/nicolaspc/airflow/dags/.ipynb_checkpoints/train_models-2-checkpoint.py
[2024-10-02T19:35:40.447+0500] {processor.py:914} INFO - Processing file /home/nicolaspc/airflow/dags/.ipynb_checkpoints/train_models-2-checkpoint.py for tasks to queue
[2024-10-02T19:35:40.448+0500] {logging_mixin.py:190} INFO - [2024-10-02T19:35:40.448+0500] {dagbag.py:587} INFO - Filling up the DagBag from /home/nicolaspc/airflow/dags/.ipynb_checkpoints/train_models-2-checkpoint.py
[2024-10-02T19:35:41.184+0500] {processor.py:925} INFO - DAG(s) '3_models_dag' retrieved from /home/nicolaspc/airflow/dags/.ipynb_checkpoints/train_models-2-checkpoint.py
[2024-10-02T19:35:41.264+0500] {logging_mixin.py:190} INFO - [2024-10-02T19:35:41.263+0500] {dag.py:3211} INFO - Sync 1 DAGs
[2024-10-02T19:35:41.264+0500] {logging_mixin.py:190} WARNING - Sync 1 DAGs
[2024-10-02T19:35:41.272+0500] {logging_mixin.py:190} INFO - [2024-10-02T19:35:41.272+0500] {dag.py:3234} INFO - Creating ORM DAG for 3_models_dag
[2024-10-02T19:35:41.272+0500] {logging_mixin.py:190} WARNING - Creating ORM DAG for 3_models_dag
[2024-10-02T19:35:41.279+0500] {logging_mixin.py:190} INFO - [2024-10-02T19:35:41.279+0500] {dag.py:4138} INFO - Setting next_dagrun for 3_models_dag to 2024-10-01 01:00:00+00:00, run_after=2024-10-02 01:00:00+00:00
[2024-10-02T19:35:41.279+0500] {logging_mixin.py:190} WARNING - Setting next_dagrun for 3_models_dag to 2024-10-01 01:00:00+00:00, run_after=2024-10-02 01:00:00+00:00
[2024-10-02T19:35:41.301+0500] {processor.py:208} INFO - Processing /home/nicolaspc/airflow/dags/.ipynb_checkpoints/train_models-2-checkpoint.py took 0.858 seconds
[2024-10-02T19:36:11.592+0500] {processor.py:186} INFO - Started process (PID=36993) to work on /home/nicolaspc/airflow/dags/.ipynb_checkpoints/train_models-2-checkpoint.py
[2024-10-02T19:36:11.592+0500] {processor.py:914} INFO - Processing file /home/nicolaspc/airflow/dags/.ipynb_checkpoints/train_models-2-checkpoint.py for tasks to queue
[2024-10-02T19:36:11.595+0500] {logging_mixin.py:190} INFO - [2024-10-02T19:36:11.594+0500] {dagbag.py:587} INFO - Filling up the DagBag from /home/nicolaspc/airflow/dags/.ipynb_checkpoints/train_models-2-checkpoint.py
[2024-10-02T19:36:12.361+0500] {processor.py:925} INFO - DAG(s) '3_models_dag' retrieved from /home/nicolaspc/airflow/dags/.ipynb_checkpoints/train_models-2-checkpoint.py
[2024-10-02T19:36:12.382+0500] {logging_mixin.py:190} INFO - [2024-10-02T19:36:12.382+0500] {dag.py:3211} INFO - Sync 1 DAGs
[2024-10-02T19:36:12.382+0500] {logging_mixin.py:190} WARNING - Sync 1 DAGs
[2024-10-02T19:36:12.397+0500] {logging_mixin.py:190} INFO - [2024-10-02T19:36:12.397+0500] {dag.py:4138} INFO - Setting next_dagrun for 3_models_dag to 2024-10-01 01:00:00+00:00, run_after=2024-10-02 01:00:00+00:00
[2024-10-02T19:36:12.397+0500] {logging_mixin.py:190} WARNING - Setting next_dagrun for 3_models_dag to 2024-10-01 01:00:00+00:00, run_after=2024-10-02 01:00:00+00:00
[2024-10-02T19:36:12.412+0500] {processor.py:208} INFO - Processing /home/nicolaspc/airflow/dags/.ipynb_checkpoints/train_models-2-checkpoint.py took 0.827 seconds
[2024-10-02T19:36:43.012+0500] {processor.py:186} INFO - Started process (PID=37501) to work on /home/nicolaspc/airflow/dags/.ipynb_checkpoints/train_models-2-checkpoint.py
[2024-10-02T19:36:43.013+0500] {processor.py:914} INFO - Processing file /home/nicolaspc/airflow/dags/.ipynb_checkpoints/train_models-2-checkpoint.py for tasks to queue
[2024-10-02T19:36:43.019+0500] {logging_mixin.py:190} INFO - [2024-10-02T19:36:43.019+0500] {dagbag.py:587} INFO - Filling up the DagBag from /home/nicolaspc/airflow/dags/.ipynb_checkpoints/train_models-2-checkpoint.py
[2024-10-02T19:36:44.063+0500] {processor.py:925} INFO - DAG(s) '3_models_dag' retrieved from /home/nicolaspc/airflow/dags/.ipynb_checkpoints/train_models-2-checkpoint.py
[2024-10-02T19:36:44.091+0500] {logging_mixin.py:190} INFO - [2024-10-02T19:36:44.090+0500] {dag.py:3211} INFO - Sync 1 DAGs
[2024-10-02T19:36:44.091+0500] {logging_mixin.py:190} WARNING - Sync 1 DAGs
[2024-10-02T19:36:44.114+0500] {logging_mixin.py:190} INFO - [2024-10-02T19:36:44.114+0500] {dag.py:4138} INFO - Setting next_dagrun for 3_models_dag to 2024-10-01 01:00:00+00:00, run_after=2024-10-02 01:00:00+00:00
[2024-10-02T19:36:44.114+0500] {logging_mixin.py:190} WARNING - Setting next_dagrun for 3_models_dag to 2024-10-01 01:00:00+00:00, run_after=2024-10-02 01:00:00+00:00
[2024-10-02T19:36:44.131+0500] {processor.py:208} INFO - Processing /home/nicolaspc/airflow/dags/.ipynb_checkpoints/train_models-2-checkpoint.py took 1.127 seconds
[2024-10-02T19:37:14.352+0500] {processor.py:186} INFO - Started process (PID=38096) to work on /home/nicolaspc/airflow/dags/.ipynb_checkpoints/train_models-2-checkpoint.py
[2024-10-02T19:37:14.360+0500] {processor.py:914} INFO - Processing file /home/nicolaspc/airflow/dags/.ipynb_checkpoints/train_models-2-checkpoint.py for tasks to queue
[2024-10-02T19:37:14.363+0500] {logging_mixin.py:190} INFO - [2024-10-02T19:37:14.362+0500] {dagbag.py:587} INFO - Filling up the DagBag from /home/nicolaspc/airflow/dags/.ipynb_checkpoints/train_models-2-checkpoint.py
[2024-10-02T19:37:15.116+0500] {processor.py:925} INFO - DAG(s) '3_models_dag' retrieved from /home/nicolaspc/airflow/dags/.ipynb_checkpoints/train_models-2-checkpoint.py
[2024-10-02T19:37:15.136+0500] {logging_mixin.py:190} INFO - [2024-10-02T19:37:15.136+0500] {dag.py:3211} INFO - Sync 1 DAGs
[2024-10-02T19:37:15.136+0500] {logging_mixin.py:190} WARNING - Sync 1 DAGs
[2024-10-02T19:37:15.151+0500] {logging_mixin.py:190} INFO - [2024-10-02T19:37:15.151+0500] {dag.py:4138} INFO - Setting next_dagrun for 3_models_dag to 2024-10-01 01:00:00+00:00, run_after=2024-10-02 01:00:00+00:00
[2024-10-02T19:37:15.151+0500] {logging_mixin.py:190} WARNING - Setting next_dagrun for 3_models_dag to 2024-10-01 01:00:00+00:00, run_after=2024-10-02 01:00:00+00:00
[2024-10-02T19:37:15.167+0500] {processor.py:208} INFO - Processing /home/nicolaspc/airflow/dags/.ipynb_checkpoints/train_models-2-checkpoint.py took 0.820 seconds
[2024-10-02T19:37:45.338+0500] {processor.py:186} INFO - Started process (PID=38582) to work on /home/nicolaspc/airflow/dags/.ipynb_checkpoints/train_models-2-checkpoint.py
[2024-10-02T19:37:45.339+0500] {processor.py:914} INFO - Processing file /home/nicolaspc/airflow/dags/.ipynb_checkpoints/train_models-2-checkpoint.py for tasks to queue
[2024-10-02T19:37:45.341+0500] {logging_mixin.py:190} INFO - [2024-10-02T19:37:45.340+0500] {dagbag.py:587} INFO - Filling up the DagBag from /home/nicolaspc/airflow/dags/.ipynb_checkpoints/train_models-2-checkpoint.py
[2024-10-02T19:37:46.187+0500] {processor.py:925} INFO - DAG(s) '3_models_dag' retrieved from /home/nicolaspc/airflow/dags/.ipynb_checkpoints/train_models-2-checkpoint.py
[2024-10-02T19:37:46.210+0500] {logging_mixin.py:190} INFO - [2024-10-02T19:37:46.209+0500] {dag.py:3211} INFO - Sync 1 DAGs
[2024-10-02T19:37:46.210+0500] {logging_mixin.py:190} WARNING - Sync 1 DAGs
[2024-10-02T19:37:46.227+0500] {logging_mixin.py:190} INFO - [2024-10-02T19:37:46.227+0500] {dag.py:4138} INFO - Setting next_dagrun for 3_models_dag to 2024-10-01 01:00:00+00:00, run_after=2024-10-02 01:00:00+00:00
[2024-10-02T19:37:46.227+0500] {logging_mixin.py:190} WARNING - Setting next_dagrun for 3_models_dag to 2024-10-01 01:00:00+00:00, run_after=2024-10-02 01:00:00+00:00
[2024-10-02T19:37:46.250+0500] {processor.py:208} INFO - Processing /home/nicolaspc/airflow/dags/.ipynb_checkpoints/train_models-2-checkpoint.py took 0.916 seconds
[2024-10-02T19:38:16.712+0500] {processor.py:186} INFO - Started process (PID=39285) to work on /home/nicolaspc/airflow/dags/.ipynb_checkpoints/train_models-2-checkpoint.py
[2024-10-02T19:38:16.721+0500] {processor.py:914} INFO - Processing file /home/nicolaspc/airflow/dags/.ipynb_checkpoints/train_models-2-checkpoint.py for tasks to queue
[2024-10-02T19:38:16.724+0500] {logging_mixin.py:190} INFO - [2024-10-02T19:38:16.723+0500] {dagbag.py:587} INFO - Filling up the DagBag from /home/nicolaspc/airflow/dags/.ipynb_checkpoints/train_models-2-checkpoint.py
[2024-10-02T19:38:17.780+0500] {processor.py:925} INFO - DAG(s) '3_models_dag' retrieved from /home/nicolaspc/airflow/dags/.ipynb_checkpoints/train_models-2-checkpoint.py
[2024-10-02T19:38:17.805+0500] {logging_mixin.py:190} INFO - [2024-10-02T19:38:17.804+0500] {dag.py:3211} INFO - Sync 1 DAGs
[2024-10-02T19:38:17.805+0500] {logging_mixin.py:190} WARNING - Sync 1 DAGs
[2024-10-02T19:38:17.821+0500] {logging_mixin.py:190} INFO - [2024-10-02T19:38:17.821+0500] {dag.py:4138} INFO - Setting next_dagrun for 3_models_dag to 2024-10-01 01:00:00+00:00, run_after=2024-10-02 01:00:00+00:00
[2024-10-02T19:38:17.822+0500] {logging_mixin.py:190} WARNING - Setting next_dagrun for 3_models_dag to 2024-10-01 01:00:00+00:00, run_after=2024-10-02 01:00:00+00:00
[2024-10-02T19:38:17.852+0500] {processor.py:208} INFO - Processing /home/nicolaspc/airflow/dags/.ipynb_checkpoints/train_models-2-checkpoint.py took 1.147 seconds
[2024-10-02T19:38:48.091+0500] {processor.py:186} INFO - Started process (PID=39835) to work on /home/nicolaspc/airflow/dags/.ipynb_checkpoints/train_models-2-checkpoint.py
[2024-10-02T19:38:48.092+0500] {processor.py:914} INFO - Processing file /home/nicolaspc/airflow/dags/.ipynb_checkpoints/train_models-2-checkpoint.py for tasks to queue
[2024-10-02T19:38:48.093+0500] {logging_mixin.py:190} INFO - [2024-10-02T19:38:48.093+0500] {dagbag.py:587} INFO - Filling up the DagBag from /home/nicolaspc/airflow/dags/.ipynb_checkpoints/train_models-2-checkpoint.py
[2024-10-02T19:38:49.026+0500] {processor.py:925} INFO - DAG(s) '3_models_dag' retrieved from /home/nicolaspc/airflow/dags/.ipynb_checkpoints/train_models-2-checkpoint.py
[2024-10-02T19:38:49.048+0500] {logging_mixin.py:190} INFO - [2024-10-02T19:38:49.048+0500] {dag.py:3211} INFO - Sync 1 DAGs
[2024-10-02T19:38:49.048+0500] {logging_mixin.py:190} WARNING - Sync 1 DAGs
[2024-10-02T19:38:49.064+0500] {logging_mixin.py:190} INFO - [2024-10-02T19:38:49.064+0500] {dag.py:4138} INFO - Setting next_dagrun for 3_models_dag to 2024-10-01 01:00:00+00:00, run_after=2024-10-02 01:00:00+00:00
[2024-10-02T19:38:49.065+0500] {logging_mixin.py:190} WARNING - Setting next_dagrun for 3_models_dag to 2024-10-01 01:00:00+00:00, run_after=2024-10-02 01:00:00+00:00
[2024-10-02T19:38:49.088+0500] {processor.py:208} INFO - Processing /home/nicolaspc/airflow/dags/.ipynb_checkpoints/train_models-2-checkpoint.py took 1.002 seconds
[2024-10-02T19:39:19.417+0500] {processor.py:186} INFO - Started process (PID=40339) to work on /home/nicolaspc/airflow/dags/.ipynb_checkpoints/train_models-2-checkpoint.py
[2024-10-02T19:39:19.429+0500] {processor.py:914} INFO - Processing file /home/nicolaspc/airflow/dags/.ipynb_checkpoints/train_models-2-checkpoint.py for tasks to queue
[2024-10-02T19:39:19.431+0500] {logging_mixin.py:190} INFO - [2024-10-02T19:39:19.431+0500] {dagbag.py:587} INFO - Filling up the DagBag from /home/nicolaspc/airflow/dags/.ipynb_checkpoints/train_models-2-checkpoint.py
[2024-10-02T19:39:20.415+0500] {processor.py:925} INFO - DAG(s) '3_models_dag' retrieved from /home/nicolaspc/airflow/dags/.ipynb_checkpoints/train_models-2-checkpoint.py
[2024-10-02T19:39:20.447+0500] {logging_mixin.py:190} INFO - [2024-10-02T19:39:20.446+0500] {dag.py:3211} INFO - Sync 1 DAGs
[2024-10-02T19:39:20.447+0500] {logging_mixin.py:190} WARNING - Sync 1 DAGs
[2024-10-02T19:39:20.467+0500] {logging_mixin.py:190} INFO - [2024-10-02T19:39:20.466+0500] {dag.py:4138} INFO - Setting next_dagrun for 3_models_dag to 2024-10-01 01:00:00+00:00, run_after=2024-10-02 01:00:00+00:00
[2024-10-02T19:39:20.467+0500] {logging_mixin.py:190} WARNING - Setting next_dagrun for 3_models_dag to 2024-10-01 01:00:00+00:00, run_after=2024-10-02 01:00:00+00:00
[2024-10-02T19:39:20.503+0500] {processor.py:208} INFO - Processing /home/nicolaspc/airflow/dags/.ipynb_checkpoints/train_models-2-checkpoint.py took 1.091 seconds
[2024-10-02T19:39:51.113+0500] {processor.py:186} INFO - Started process (PID=40875) to work on /home/nicolaspc/airflow/dags/.ipynb_checkpoints/train_models-2-checkpoint.py
[2024-10-02T19:39:51.113+0500] {processor.py:914} INFO - Processing file /home/nicolaspc/airflow/dags/.ipynb_checkpoints/train_models-2-checkpoint.py for tasks to queue
[2024-10-02T19:39:51.115+0500] {logging_mixin.py:190} INFO - [2024-10-02T19:39:51.115+0500] {dagbag.py:587} INFO - Filling up the DagBag from /home/nicolaspc/airflow/dags/.ipynb_checkpoints/train_models-2-checkpoint.py
[2024-10-02T19:39:51.871+0500] {processor.py:925} INFO - DAG(s) '3_models_dag' retrieved from /home/nicolaspc/airflow/dags/.ipynb_checkpoints/train_models-2-checkpoint.py
[2024-10-02T19:39:51.892+0500] {logging_mixin.py:190} INFO - [2024-10-02T19:39:51.892+0500] {dag.py:3211} INFO - Sync 1 DAGs
[2024-10-02T19:39:51.892+0500] {logging_mixin.py:190} WARNING - Sync 1 DAGs
[2024-10-02T19:39:51.908+0500] {logging_mixin.py:190} INFO - [2024-10-02T19:39:51.908+0500] {dag.py:4138} INFO - Setting next_dagrun for 3_models_dag to 2024-10-01 01:00:00+00:00, run_after=2024-10-02 01:00:00+00:00
[2024-10-02T19:39:51.908+0500] {logging_mixin.py:190} WARNING - Setting next_dagrun for 3_models_dag to 2024-10-01 01:00:00+00:00, run_after=2024-10-02 01:00:00+00:00
[2024-10-02T19:39:51.932+0500] {processor.py:208} INFO - Processing /home/nicolaspc/airflow/dags/.ipynb_checkpoints/train_models-2-checkpoint.py took 0.823 seconds
[2024-10-02T19:40:22.692+0500] {processor.py:186} INFO - Started process (PID=41361) to work on /home/nicolaspc/airflow/dags/.ipynb_checkpoints/train_models-2-checkpoint.py
[2024-10-02T19:40:22.701+0500] {processor.py:914} INFO - Processing file /home/nicolaspc/airflow/dags/.ipynb_checkpoints/train_models-2-checkpoint.py for tasks to queue
[2024-10-02T19:40:22.702+0500] {logging_mixin.py:190} INFO - [2024-10-02T19:40:22.702+0500] {dagbag.py:587} INFO - Filling up the DagBag from /home/nicolaspc/airflow/dags/.ipynb_checkpoints/train_models-2-checkpoint.py
[2024-10-02T19:40:23.494+0500] {processor.py:925} INFO - DAG(s) '3_models_dag' retrieved from /home/nicolaspc/airflow/dags/.ipynb_checkpoints/train_models-2-checkpoint.py
[2024-10-02T19:40:23.518+0500] {logging_mixin.py:190} INFO - [2024-10-02T19:40:23.518+0500] {dag.py:3211} INFO - Sync 1 DAGs
[2024-10-02T19:40:23.518+0500] {logging_mixin.py:190} WARNING - Sync 1 DAGs
[2024-10-02T19:40:23.536+0500] {logging_mixin.py:190} INFO - [2024-10-02T19:40:23.536+0500] {dag.py:4138} INFO - Setting next_dagrun for 3_models_dag to 2024-10-01 01:00:00+00:00, run_after=2024-10-02 01:00:00+00:00
[2024-10-02T19:40:23.537+0500] {logging_mixin.py:190} WARNING - Setting next_dagrun for 3_models_dag to 2024-10-01 01:00:00+00:00, run_after=2024-10-02 01:00:00+00:00
[2024-10-02T19:40:23.562+0500] {processor.py:208} INFO - Processing /home/nicolaspc/airflow/dags/.ipynb_checkpoints/train_models-2-checkpoint.py took 0.874 seconds
[2024-10-02T19:40:53.880+0500] {processor.py:186} INFO - Started process (PID=41887) to work on /home/nicolaspc/airflow/dags/.ipynb_checkpoints/train_models-2-checkpoint.py
[2024-10-02T19:40:53.888+0500] {processor.py:914} INFO - Processing file /home/nicolaspc/airflow/dags/.ipynb_checkpoints/train_models-2-checkpoint.py for tasks to queue
[2024-10-02T19:40:53.890+0500] {logging_mixin.py:190} INFO - [2024-10-02T19:40:53.890+0500] {dagbag.py:587} INFO - Filling up the DagBag from /home/nicolaspc/airflow/dags/.ipynb_checkpoints/train_models-2-checkpoint.py
[2024-10-02T19:40:54.720+0500] {processor.py:925} INFO - DAG(s) '3_models_dag' retrieved from /home/nicolaspc/airflow/dags/.ipynb_checkpoints/train_models-2-checkpoint.py
[2024-10-02T19:40:54.740+0500] {logging_mixin.py:190} INFO - [2024-10-02T19:40:54.740+0500] {dag.py:3211} INFO - Sync 1 DAGs
[2024-10-02T19:40:54.740+0500] {logging_mixin.py:190} WARNING - Sync 1 DAGs
[2024-10-02T19:40:54.757+0500] {logging_mixin.py:190} INFO - [2024-10-02T19:40:54.757+0500] {dag.py:4138} INFO - Setting next_dagrun for 3_models_dag to 2024-10-01 01:00:00+00:00, run_after=2024-10-02 01:00:00+00:00
[2024-10-02T19:40:54.757+0500] {logging_mixin.py:190} WARNING - Setting next_dagrun for 3_models_dag to 2024-10-01 01:00:00+00:00, run_after=2024-10-02 01:00:00+00:00
[2024-10-02T19:40:54.779+0500] {processor.py:208} INFO - Processing /home/nicolaspc/airflow/dags/.ipynb_checkpoints/train_models-2-checkpoint.py took 0.904 seconds
[2024-10-02T19:41:25.082+0500] {processor.py:186} INFO - Started process (PID=42400) to work on /home/nicolaspc/airflow/dags/.ipynb_checkpoints/train_models-2-checkpoint.py
[2024-10-02T19:41:25.091+0500] {processor.py:914} INFO - Processing file /home/nicolaspc/airflow/dags/.ipynb_checkpoints/train_models-2-checkpoint.py for tasks to queue
[2024-10-02T19:41:25.094+0500] {logging_mixin.py:190} INFO - [2024-10-02T19:41:25.093+0500] {dagbag.py:587} INFO - Filling up the DagBag from /home/nicolaspc/airflow/dags/.ipynb_checkpoints/train_models-2-checkpoint.py
[2024-10-02T19:41:25.839+0500] {processor.py:925} INFO - DAG(s) '3_models_dag' retrieved from /home/nicolaspc/airflow/dags/.ipynb_checkpoints/train_models-2-checkpoint.py
[2024-10-02T19:41:25.859+0500] {logging_mixin.py:190} INFO - [2024-10-02T19:41:25.858+0500] {dag.py:3211} INFO - Sync 1 DAGs
[2024-10-02T19:41:25.859+0500] {logging_mixin.py:190} WARNING - Sync 1 DAGs
[2024-10-02T19:41:25.875+0500] {logging_mixin.py:190} INFO - [2024-10-02T19:41:25.874+0500] {dag.py:4138} INFO - Setting next_dagrun for 3_models_dag to 2024-10-01 01:00:00+00:00, run_after=2024-10-02 01:00:00+00:00
[2024-10-02T19:41:25.875+0500] {logging_mixin.py:190} WARNING - Setting next_dagrun for 3_models_dag to 2024-10-01 01:00:00+00:00, run_after=2024-10-02 01:00:00+00:00
[2024-10-02T19:41:25.897+0500] {processor.py:208} INFO - Processing /home/nicolaspc/airflow/dags/.ipynb_checkpoints/train_models-2-checkpoint.py took 0.819 seconds
[2024-10-02T19:41:56.533+0500] {processor.py:186} INFO - Started process (PID=42874) to work on /home/nicolaspc/airflow/dags/.ipynb_checkpoints/train_models-2-checkpoint.py
[2024-10-02T19:41:56.533+0500] {processor.py:914} INFO - Processing file /home/nicolaspc/airflow/dags/.ipynb_checkpoints/train_models-2-checkpoint.py for tasks to queue
[2024-10-02T19:41:56.535+0500] {logging_mixin.py:190} INFO - [2024-10-02T19:41:56.535+0500] {dagbag.py:587} INFO - Filling up the DagBag from /home/nicolaspc/airflow/dags/.ipynb_checkpoints/train_models-2-checkpoint.py
[2024-10-02T19:41:57.274+0500] {processor.py:925} INFO - DAG(s) '3_models_dag' retrieved from /home/nicolaspc/airflow/dags/.ipynb_checkpoints/train_models-2-checkpoint.py
[2024-10-02T19:41:57.294+0500] {logging_mixin.py:190} INFO - [2024-10-02T19:41:57.294+0500] {dag.py:3211} INFO - Sync 1 DAGs
[2024-10-02T19:41:57.294+0500] {logging_mixin.py:190} WARNING - Sync 1 DAGs
[2024-10-02T19:41:57.314+0500] {logging_mixin.py:190} INFO - [2024-10-02T19:41:57.314+0500] {dag.py:4138} INFO - Setting next_dagrun for 3_models_dag to 2024-10-01 01:00:00+00:00, run_after=2024-10-02 01:00:00+00:00
[2024-10-02T19:41:57.314+0500] {logging_mixin.py:190} WARNING - Setting next_dagrun for 3_models_dag to 2024-10-01 01:00:00+00:00, run_after=2024-10-02 01:00:00+00:00
[2024-10-02T19:41:57.332+0500] {processor.py:208} INFO - Processing /home/nicolaspc/airflow/dags/.ipynb_checkpoints/train_models-2-checkpoint.py took 0.803 seconds
[2024-10-02T19:42:27.495+0500] {processor.py:186} INFO - Started process (PID=43331) to work on /home/nicolaspc/airflow/dags/.ipynb_checkpoints/train_models-2-checkpoint.py
[2024-10-02T19:42:27.495+0500] {processor.py:914} INFO - Processing file /home/nicolaspc/airflow/dags/.ipynb_checkpoints/train_models-2-checkpoint.py for tasks to queue
[2024-10-02T19:42:27.497+0500] {logging_mixin.py:190} INFO - [2024-10-02T19:42:27.497+0500] {dagbag.py:587} INFO - Filling up the DagBag from /home/nicolaspc/airflow/dags/.ipynb_checkpoints/train_models-2-checkpoint.py
[2024-10-02T19:42:28.241+0500] {processor.py:925} INFO - DAG(s) '3_models_dag' retrieved from /home/nicolaspc/airflow/dags/.ipynb_checkpoints/train_models-2-checkpoint.py
[2024-10-02T19:42:28.261+0500] {logging_mixin.py:190} INFO - [2024-10-02T19:42:28.261+0500] {dag.py:3211} INFO - Sync 1 DAGs
[2024-10-02T19:42:28.261+0500] {logging_mixin.py:190} WARNING - Sync 1 DAGs
[2024-10-02T19:42:28.276+0500] {logging_mixin.py:190} INFO - [2024-10-02T19:42:28.276+0500] {dag.py:4138} INFO - Setting next_dagrun for 3_models_dag to 2024-10-01 01:00:00+00:00, run_after=2024-10-02 01:00:00+00:00
[2024-10-02T19:42:28.276+0500] {logging_mixin.py:190} WARNING - Setting next_dagrun for 3_models_dag to 2024-10-01 01:00:00+00:00, run_after=2024-10-02 01:00:00+00:00
[2024-10-02T19:42:28.291+0500] {processor.py:208} INFO - Processing /home/nicolaspc/airflow/dags/.ipynb_checkpoints/train_models-2-checkpoint.py took 0.803 seconds
[2024-10-02T19:42:58.346+0500] {processor.py:186} INFO - Started process (PID=43815) to work on /home/nicolaspc/airflow/dags/.ipynb_checkpoints/train_models-2-checkpoint.py
[2024-10-02T19:42:58.347+0500] {processor.py:914} INFO - Processing file /home/nicolaspc/airflow/dags/.ipynb_checkpoints/train_models-2-checkpoint.py for tasks to queue
[2024-10-02T19:42:58.348+0500] {logging_mixin.py:190} INFO - [2024-10-02T19:42:58.348+0500] {dagbag.py:587} INFO - Filling up the DagBag from /home/nicolaspc/airflow/dags/.ipynb_checkpoints/train_models-2-checkpoint.py
[2024-10-02T19:42:59.102+0500] {processor.py:925} INFO - DAG(s) '3_models_dag' retrieved from /home/nicolaspc/airflow/dags/.ipynb_checkpoints/train_models-2-checkpoint.py
[2024-10-02T19:42:59.124+0500] {logging_mixin.py:190} INFO - [2024-10-02T19:42:59.124+0500] {dag.py:3211} INFO - Sync 1 DAGs
[2024-10-02T19:42:59.124+0500] {logging_mixin.py:190} WARNING - Sync 1 DAGs
[2024-10-02T19:42:59.140+0500] {logging_mixin.py:190} INFO - [2024-10-02T19:42:59.139+0500] {dag.py:4138} INFO - Setting next_dagrun for 3_models_dag to 2024-10-01 01:00:00+00:00, run_after=2024-10-02 01:00:00+00:00
[2024-10-02T19:42:59.140+0500] {logging_mixin.py:190} WARNING - Setting next_dagrun for 3_models_dag to 2024-10-01 01:00:00+00:00, run_after=2024-10-02 01:00:00+00:00
[2024-10-02T19:42:59.155+0500] {processor.py:208} INFO - Processing /home/nicolaspc/airflow/dags/.ipynb_checkpoints/train_models-2-checkpoint.py took 0.813 seconds
[2024-10-02T19:43:29.626+0500] {processor.py:186} INFO - Started process (PID=44283) to work on /home/nicolaspc/airflow/dags/.ipynb_checkpoints/train_models-2-checkpoint.py
[2024-10-02T19:43:29.635+0500] {processor.py:914} INFO - Processing file /home/nicolaspc/airflow/dags/.ipynb_checkpoints/train_models-2-checkpoint.py for tasks to queue
[2024-10-02T19:43:29.638+0500] {logging_mixin.py:190} INFO - [2024-10-02T19:43:29.637+0500] {dagbag.py:587} INFO - Filling up the DagBag from /home/nicolaspc/airflow/dags/.ipynb_checkpoints/train_models-2-checkpoint.py
[2024-10-02T19:43:30.378+0500] {processor.py:925} INFO - DAG(s) '3_models_dag' retrieved from /home/nicolaspc/airflow/dags/.ipynb_checkpoints/train_models-2-checkpoint.py
[2024-10-02T19:43:30.398+0500] {logging_mixin.py:190} INFO - [2024-10-02T19:43:30.398+0500] {dag.py:3211} INFO - Sync 1 DAGs
[2024-10-02T19:43:30.398+0500] {logging_mixin.py:190} WARNING - Sync 1 DAGs
[2024-10-02T19:43:30.416+0500] {logging_mixin.py:190} INFO - [2024-10-02T19:43:30.416+0500] {dag.py:4138} INFO - Setting next_dagrun for 3_models_dag to 2024-10-01 01:00:00+00:00, run_after=2024-10-02 01:00:00+00:00
[2024-10-02T19:43:30.416+0500] {logging_mixin.py:190} WARNING - Setting next_dagrun for 3_models_dag to 2024-10-01 01:00:00+00:00, run_after=2024-10-02 01:00:00+00:00
[2024-10-02T19:43:30.443+0500] {processor.py:208} INFO - Processing /home/nicolaspc/airflow/dags/.ipynb_checkpoints/train_models-2-checkpoint.py took 0.821 seconds
[2024-10-02T19:44:00.569+0500] {processor.py:186} INFO - Started process (PID=44760) to work on /home/nicolaspc/airflow/dags/.ipynb_checkpoints/train_models-2-checkpoint.py
[2024-10-02T19:44:00.570+0500] {processor.py:914} INFO - Processing file /home/nicolaspc/airflow/dags/.ipynb_checkpoints/train_models-2-checkpoint.py for tasks to queue
[2024-10-02T19:44:00.571+0500] {logging_mixin.py:190} INFO - [2024-10-02T19:44:00.571+0500] {dagbag.py:587} INFO - Filling up the DagBag from /home/nicolaspc/airflow/dags/.ipynb_checkpoints/train_models-2-checkpoint.py
[2024-10-02T19:44:01.303+0500] {processor.py:925} INFO - DAG(s) '3_models_dag' retrieved from /home/nicolaspc/airflow/dags/.ipynb_checkpoints/train_models-2-checkpoint.py
[2024-10-02T19:44:01.332+0500] {logging_mixin.py:190} INFO - [2024-10-02T19:44:01.331+0500] {dag.py:3211} INFO - Sync 1 DAGs
[2024-10-02T19:44:01.332+0500] {logging_mixin.py:190} WARNING - Sync 1 DAGs
[2024-10-02T19:44:01.348+0500] {logging_mixin.py:190} INFO - [2024-10-02T19:44:01.348+0500] {dag.py:4138} INFO - Setting next_dagrun for 3_models_dag to 2024-10-01 01:00:00+00:00, run_after=2024-10-02 01:00:00+00:00
[2024-10-02T19:44:01.348+0500] {logging_mixin.py:190} WARNING - Setting next_dagrun for 3_models_dag to 2024-10-01 01:00:00+00:00, run_after=2024-10-02 01:00:00+00:00
[2024-10-02T19:44:01.363+0500] {processor.py:208} INFO - Processing /home/nicolaspc/airflow/dags/.ipynb_checkpoints/train_models-2-checkpoint.py took 0.798 seconds
[2024-10-02T19:44:31.531+0500] {processor.py:186} INFO - Started process (PID=45228) to work on /home/nicolaspc/airflow/dags/.ipynb_checkpoints/train_models-2-checkpoint.py
[2024-10-02T19:44:31.540+0500] {processor.py:914} INFO - Processing file /home/nicolaspc/airflow/dags/.ipynb_checkpoints/train_models-2-checkpoint.py for tasks to queue
[2024-10-02T19:44:31.542+0500] {logging_mixin.py:190} INFO - [2024-10-02T19:44:31.542+0500] {dagbag.py:587} INFO - Filling up the DagBag from /home/nicolaspc/airflow/dags/.ipynb_checkpoints/train_models-2-checkpoint.py
[2024-10-02T19:44:32.286+0500] {processor.py:925} INFO - DAG(s) '3_models_dag' retrieved from /home/nicolaspc/airflow/dags/.ipynb_checkpoints/train_models-2-checkpoint.py
[2024-10-02T19:44:32.305+0500] {logging_mixin.py:190} INFO - [2024-10-02T19:44:32.305+0500] {dag.py:3211} INFO - Sync 1 DAGs
[2024-10-02T19:44:32.305+0500] {logging_mixin.py:190} WARNING - Sync 1 DAGs
[2024-10-02T19:44:32.321+0500] {logging_mixin.py:190} INFO - [2024-10-02T19:44:32.320+0500] {dag.py:4138} INFO - Setting next_dagrun for 3_models_dag to 2024-10-01 01:00:00+00:00, run_after=2024-10-02 01:00:00+00:00
[2024-10-02T19:44:32.321+0500] {logging_mixin.py:190} WARNING - Setting next_dagrun for 3_models_dag to 2024-10-01 01:00:00+00:00, run_after=2024-10-02 01:00:00+00:00
[2024-10-02T19:44:32.344+0500] {processor.py:208} INFO - Processing /home/nicolaspc/airflow/dags/.ipynb_checkpoints/train_models-2-checkpoint.py took 0.818 seconds
[2024-10-02T19:45:02.800+0500] {processor.py:186} INFO - Started process (PID=45697) to work on /home/nicolaspc/airflow/dags/.ipynb_checkpoints/train_models-2-checkpoint.py
[2024-10-02T19:45:02.800+0500] {processor.py:914} INFO - Processing file /home/nicolaspc/airflow/dags/.ipynb_checkpoints/train_models-2-checkpoint.py for tasks to queue
[2024-10-02T19:45:02.802+0500] {logging_mixin.py:190} INFO - [2024-10-02T19:45:02.802+0500] {dagbag.py:587} INFO - Filling up the DagBag from /home/nicolaspc/airflow/dags/.ipynb_checkpoints/train_models-2-checkpoint.py
[2024-10-02T19:45:03.544+0500] {processor.py:925} INFO - DAG(s) '3_models_dag' retrieved from /home/nicolaspc/airflow/dags/.ipynb_checkpoints/train_models-2-checkpoint.py
[2024-10-02T19:45:03.570+0500] {logging_mixin.py:190} INFO - [2024-10-02T19:45:03.570+0500] {dag.py:3211} INFO - Sync 1 DAGs
[2024-10-02T19:45:03.570+0500] {logging_mixin.py:190} WARNING - Sync 1 DAGs
[2024-10-02T19:45:03.586+0500] {logging_mixin.py:190} INFO - [2024-10-02T19:45:03.585+0500] {dag.py:4138} INFO - Setting next_dagrun for 3_models_dag to 2024-10-01 01:00:00+00:00, run_after=2024-10-02 01:00:00+00:00
[2024-10-02T19:45:03.586+0500] {logging_mixin.py:190} WARNING - Setting next_dagrun for 3_models_dag to 2024-10-01 01:00:00+00:00, run_after=2024-10-02 01:00:00+00:00
[2024-10-02T19:45:03.608+0500] {processor.py:208} INFO - Processing /home/nicolaspc/airflow/dags/.ipynb_checkpoints/train_models-2-checkpoint.py took 0.812 seconds
[2024-10-02T19:45:33.765+0500] {processor.py:186} INFO - Started process (PID=46181) to work on /home/nicolaspc/airflow/dags/.ipynb_checkpoints/train_models-2-checkpoint.py
[2024-10-02T19:45:33.766+0500] {processor.py:914} INFO - Processing file /home/nicolaspc/airflow/dags/.ipynb_checkpoints/train_models-2-checkpoint.py for tasks to queue
[2024-10-02T19:45:33.767+0500] {logging_mixin.py:190} INFO - [2024-10-02T19:45:33.767+0500] {dagbag.py:587} INFO - Filling up the DagBag from /home/nicolaspc/airflow/dags/.ipynb_checkpoints/train_models-2-checkpoint.py
[2024-10-02T19:45:34.530+0500] {processor.py:925} INFO - DAG(s) '3_models_dag' retrieved from /home/nicolaspc/airflow/dags/.ipynb_checkpoints/train_models-2-checkpoint.py
[2024-10-02T19:45:34.549+0500] {logging_mixin.py:190} INFO - [2024-10-02T19:45:34.549+0500] {dag.py:3211} INFO - Sync 1 DAGs
[2024-10-02T19:45:34.549+0500] {logging_mixin.py:190} WARNING - Sync 1 DAGs
[2024-10-02T19:45:34.563+0500] {logging_mixin.py:190} INFO - [2024-10-02T19:45:34.563+0500] {dag.py:4138} INFO - Setting next_dagrun for 3_models_dag to 2024-10-01 01:00:00+00:00, run_after=2024-10-02 01:00:00+00:00
[2024-10-02T19:45:34.563+0500] {logging_mixin.py:190} WARNING - Setting next_dagrun for 3_models_dag to 2024-10-01 01:00:00+00:00, run_after=2024-10-02 01:00:00+00:00
[2024-10-02T19:45:34.586+0500] {processor.py:208} INFO - Processing /home/nicolaspc/airflow/dags/.ipynb_checkpoints/train_models-2-checkpoint.py took 0.825 seconds
[2024-10-02T19:46:04.798+0500] {processor.py:186} INFO - Started process (PID=46620) to work on /home/nicolaspc/airflow/dags/.ipynb_checkpoints/train_models-2-checkpoint.py
[2024-10-02T19:46:04.799+0500] {processor.py:914} INFO - Processing file /home/nicolaspc/airflow/dags/.ipynb_checkpoints/train_models-2-checkpoint.py for tasks to queue
[2024-10-02T19:46:04.801+0500] {logging_mixin.py:190} INFO - [2024-10-02T19:46:04.801+0500] {dagbag.py:587} INFO - Filling up the DagBag from /home/nicolaspc/airflow/dags/.ipynb_checkpoints/train_models-2-checkpoint.py
[2024-10-02T19:46:05.556+0500] {processor.py:925} INFO - DAG(s) '3_models_dag' retrieved from /home/nicolaspc/airflow/dags/.ipynb_checkpoints/train_models-2-checkpoint.py
[2024-10-02T19:46:05.577+0500] {logging_mixin.py:190} INFO - [2024-10-02T19:46:05.576+0500] {dag.py:3211} INFO - Sync 1 DAGs
[2024-10-02T19:46:05.577+0500] {logging_mixin.py:190} WARNING - Sync 1 DAGs
[2024-10-02T19:46:05.592+0500] {logging_mixin.py:190} INFO - [2024-10-02T19:46:05.592+0500] {dag.py:4138} INFO - Setting next_dagrun for 3_models_dag to 2024-10-01 01:00:00+00:00, run_after=2024-10-02 01:00:00+00:00
[2024-10-02T19:46:05.592+0500] {logging_mixin.py:190} WARNING - Setting next_dagrun for 3_models_dag to 2024-10-01 01:00:00+00:00, run_after=2024-10-02 01:00:00+00:00
[2024-10-02T19:46:05.615+0500] {processor.py:208} INFO - Processing /home/nicolaspc/airflow/dags/.ipynb_checkpoints/train_models-2-checkpoint.py took 0.823 seconds
[2024-10-02T19:46:36.071+0500] {processor.py:186} INFO - Started process (PID=47165) to work on /home/nicolaspc/airflow/dags/.ipynb_checkpoints/train_models-2-checkpoint.py
[2024-10-02T19:46:36.079+0500] {processor.py:914} INFO - Processing file /home/nicolaspc/airflow/dags/.ipynb_checkpoints/train_models-2-checkpoint.py for tasks to queue
[2024-10-02T19:46:36.081+0500] {logging_mixin.py:190} INFO - [2024-10-02T19:46:36.081+0500] {dagbag.py:587} INFO - Filling up the DagBag from /home/nicolaspc/airflow/dags/.ipynb_checkpoints/train_models-2-checkpoint.py
[2024-10-02T19:46:36.815+0500] {processor.py:925} INFO - DAG(s) '3_models_dag' retrieved from /home/nicolaspc/airflow/dags/.ipynb_checkpoints/train_models-2-checkpoint.py
[2024-10-02T19:46:36.836+0500] {logging_mixin.py:190} INFO - [2024-10-02T19:46:36.835+0500] {dag.py:3211} INFO - Sync 1 DAGs
[2024-10-02T19:46:36.836+0500] {logging_mixin.py:190} WARNING - Sync 1 DAGs
[2024-10-02T19:46:36.851+0500] {logging_mixin.py:190} INFO - [2024-10-02T19:46:36.851+0500] {dag.py:4138} INFO - Setting next_dagrun for 3_models_dag to 2024-10-01 01:00:00+00:00, run_after=2024-10-02 01:00:00+00:00
[2024-10-02T19:46:36.851+0500] {logging_mixin.py:190} WARNING - Setting next_dagrun for 3_models_dag to 2024-10-01 01:00:00+00:00, run_after=2024-10-02 01:00:00+00:00
[2024-10-02T19:46:36.869+0500] {processor.py:208} INFO - Processing /home/nicolaspc/airflow/dags/.ipynb_checkpoints/train_models-2-checkpoint.py took 0.802 seconds
[2024-10-02T19:47:07.373+0500] {processor.py:186} INFO - Started process (PID=47677) to work on /home/nicolaspc/airflow/dags/.ipynb_checkpoints/train_models-2-checkpoint.py
[2024-10-02T19:47:07.373+0500] {processor.py:914} INFO - Processing file /home/nicolaspc/airflow/dags/.ipynb_checkpoints/train_models-2-checkpoint.py for tasks to queue
[2024-10-02T19:47:07.375+0500] {logging_mixin.py:190} INFO - [2024-10-02T19:47:07.375+0500] {dagbag.py:587} INFO - Filling up the DagBag from /home/nicolaspc/airflow/dags/.ipynb_checkpoints/train_models-2-checkpoint.py
[2024-10-02T19:47:08.212+0500] {processor.py:925} INFO - DAG(s) '3_models_dag' retrieved from /home/nicolaspc/airflow/dags/.ipynb_checkpoints/train_models-2-checkpoint.py
[2024-10-02T19:47:08.241+0500] {logging_mixin.py:190} INFO - [2024-10-02T19:47:08.241+0500] {dag.py:3211} INFO - Sync 1 DAGs
[2024-10-02T19:47:08.242+0500] {logging_mixin.py:190} WARNING - Sync 1 DAGs
[2024-10-02T19:47:08.261+0500] {logging_mixin.py:190} INFO - [2024-10-02T19:47:08.260+0500] {dag.py:4138} INFO - Setting next_dagrun for 3_models_dag to 2024-10-01 01:00:00+00:00, run_after=2024-10-02 01:00:00+00:00
[2024-10-02T19:47:08.261+0500] {logging_mixin.py:190} WARNING - Setting next_dagrun for 3_models_dag to 2024-10-01 01:00:00+00:00, run_after=2024-10-02 01:00:00+00:00
[2024-10-02T19:47:08.284+0500] {processor.py:208} INFO - Processing /home/nicolaspc/airflow/dags/.ipynb_checkpoints/train_models-2-checkpoint.py took 0.915 seconds
[2024-10-02T19:47:38.669+0500] {processor.py:186} INFO - Started process (PID=48143) to work on /home/nicolaspc/airflow/dags/.ipynb_checkpoints/train_models-2-checkpoint.py
[2024-10-02T19:47:38.670+0500] {processor.py:914} INFO - Processing file /home/nicolaspc/airflow/dags/.ipynb_checkpoints/train_models-2-checkpoint.py for tasks to queue
[2024-10-02T19:47:38.671+0500] {logging_mixin.py:190} INFO - [2024-10-02T19:47:38.671+0500] {dagbag.py:587} INFO - Filling up the DagBag from /home/nicolaspc/airflow/dags/.ipynb_checkpoints/train_models-2-checkpoint.py
[2024-10-02T19:47:39.435+0500] {processor.py:925} INFO - DAG(s) '3_models_dag' retrieved from /home/nicolaspc/airflow/dags/.ipynb_checkpoints/train_models-2-checkpoint.py
[2024-10-02T19:47:39.455+0500] {logging_mixin.py:190} INFO - [2024-10-02T19:47:39.455+0500] {dag.py:3211} INFO - Sync 1 DAGs
[2024-10-02T19:47:39.455+0500] {logging_mixin.py:190} WARNING - Sync 1 DAGs
[2024-10-02T19:47:39.470+0500] {logging_mixin.py:190} INFO - [2024-10-02T19:47:39.470+0500] {dag.py:4138} INFO - Setting next_dagrun for 3_models_dag to 2024-10-01 01:00:00+00:00, run_after=2024-10-02 01:00:00+00:00
[2024-10-02T19:47:39.471+0500] {logging_mixin.py:190} WARNING - Setting next_dagrun for 3_models_dag to 2024-10-01 01:00:00+00:00, run_after=2024-10-02 01:00:00+00:00
[2024-10-02T19:47:39.494+0500] {processor.py:208} INFO - Processing /home/nicolaspc/airflow/dags/.ipynb_checkpoints/train_models-2-checkpoint.py took 0.829 seconds
[2024-10-02T19:48:10.089+0500] {processor.py:186} INFO - Started process (PID=48610) to work on /home/nicolaspc/airflow/dags/.ipynb_checkpoints/train_models-2-checkpoint.py
[2024-10-02T19:48:10.097+0500] {processor.py:914} INFO - Processing file /home/nicolaspc/airflow/dags/.ipynb_checkpoints/train_models-2-checkpoint.py for tasks to queue
[2024-10-02T19:48:10.099+0500] {logging_mixin.py:190} INFO - [2024-10-02T19:48:10.099+0500] {dagbag.py:587} INFO - Filling up the DagBag from /home/nicolaspc/airflow/dags/.ipynb_checkpoints/train_models-2-checkpoint.py
[2024-10-02T19:48:10.853+0500] {processor.py:925} INFO - DAG(s) '3_models_dag' retrieved from /home/nicolaspc/airflow/dags/.ipynb_checkpoints/train_models-2-checkpoint.py
[2024-10-02T19:48:10.876+0500] {logging_mixin.py:190} INFO - [2024-10-02T19:48:10.876+0500] {dag.py:3211} INFO - Sync 1 DAGs
[2024-10-02T19:48:10.876+0500] {logging_mixin.py:190} WARNING - Sync 1 DAGs
[2024-10-02T19:48:10.892+0500] {logging_mixin.py:190} INFO - [2024-10-02T19:48:10.892+0500] {dag.py:4138} INFO - Setting next_dagrun for 3_models_dag to 2024-10-01 01:00:00+00:00, run_after=2024-10-02 01:00:00+00:00
[2024-10-02T19:48:10.892+0500] {logging_mixin.py:190} WARNING - Setting next_dagrun for 3_models_dag to 2024-10-01 01:00:00+00:00, run_after=2024-10-02 01:00:00+00:00
[2024-10-02T19:48:10.908+0500] {processor.py:208} INFO - Processing /home/nicolaspc/airflow/dags/.ipynb_checkpoints/train_models-2-checkpoint.py took 0.823 seconds
[2024-10-02T19:48:41.208+0500] {processor.py:186} INFO - Started process (PID=49132) to work on /home/nicolaspc/airflow/dags/.ipynb_checkpoints/train_models-2-checkpoint.py
[2024-10-02T19:48:41.209+0500] {processor.py:914} INFO - Processing file /home/nicolaspc/airflow/dags/.ipynb_checkpoints/train_models-2-checkpoint.py for tasks to queue
[2024-10-02T19:48:41.211+0500] {logging_mixin.py:190} INFO - [2024-10-02T19:48:41.211+0500] {dagbag.py:587} INFO - Filling up the DagBag from /home/nicolaspc/airflow/dags/.ipynb_checkpoints/train_models-2-checkpoint.py
[2024-10-02T19:48:42.167+0500] {processor.py:925} INFO - DAG(s) '3_models_dag' retrieved from /home/nicolaspc/airflow/dags/.ipynb_checkpoints/train_models-2-checkpoint.py
[2024-10-02T19:48:42.188+0500] {logging_mixin.py:190} INFO - [2024-10-02T19:48:42.188+0500] {dag.py:3211} INFO - Sync 1 DAGs
[2024-10-02T19:48:42.188+0500] {logging_mixin.py:190} WARNING - Sync 1 DAGs
[2024-10-02T19:48:42.204+0500] {logging_mixin.py:190} INFO - [2024-10-02T19:48:42.204+0500] {dag.py:4138} INFO - Setting next_dagrun for 3_models_dag to 2024-10-01 01:00:00+00:00, run_after=2024-10-02 01:00:00+00:00
[2024-10-02T19:48:42.204+0500] {logging_mixin.py:190} WARNING - Setting next_dagrun for 3_models_dag to 2024-10-01 01:00:00+00:00, run_after=2024-10-02 01:00:00+00:00
[2024-10-02T19:48:42.232+0500] {processor.py:208} INFO - Processing /home/nicolaspc/airflow/dags/.ipynb_checkpoints/train_models-2-checkpoint.py took 1.031 seconds
[2024-10-02T19:49:12.549+0500] {processor.py:186} INFO - Started process (PID=49634) to work on /home/nicolaspc/airflow/dags/.ipynb_checkpoints/train_models-2-checkpoint.py
[2024-10-02T19:49:12.558+0500] {processor.py:914} INFO - Processing file /home/nicolaspc/airflow/dags/.ipynb_checkpoints/train_models-2-checkpoint.py for tasks to queue
[2024-10-02T19:49:12.560+0500] {logging_mixin.py:190} INFO - [2024-10-02T19:49:12.560+0500] {dagbag.py:587} INFO - Filling up the DagBag from /home/nicolaspc/airflow/dags/.ipynb_checkpoints/train_models-2-checkpoint.py
[2024-10-02T19:49:13.378+0500] {processor.py:925} INFO - DAG(s) '3_models_dag' retrieved from /home/nicolaspc/airflow/dags/.ipynb_checkpoints/train_models-2-checkpoint.py
[2024-10-02T19:49:13.410+0500] {logging_mixin.py:190} INFO - [2024-10-02T19:49:13.410+0500] {dag.py:3211} INFO - Sync 1 DAGs
[2024-10-02T19:49:13.410+0500] {logging_mixin.py:190} WARNING - Sync 1 DAGs
[2024-10-02T19:49:13.428+0500] {logging_mixin.py:190} INFO - [2024-10-02T19:49:13.428+0500] {dag.py:4138} INFO - Setting next_dagrun for 3_models_dag to 2024-10-01 01:00:00+00:00, run_after=2024-10-02 01:00:00+00:00
[2024-10-02T19:49:13.428+0500] {logging_mixin.py:190} WARNING - Setting next_dagrun for 3_models_dag to 2024-10-01 01:00:00+00:00, run_after=2024-10-02 01:00:00+00:00
[2024-10-02T19:49:13.443+0500] {processor.py:208} INFO - Processing /home/nicolaspc/airflow/dags/.ipynb_checkpoints/train_models-2-checkpoint.py took 0.899 seconds
[2024-10-02T19:49:44.315+0500] {processor.py:186} INFO - Started process (PID=50121) to work on /home/nicolaspc/airflow/dags/.ipynb_checkpoints/train_models-2-checkpoint.py
[2024-10-02T19:49:44.315+0500] {processor.py:914} INFO - Processing file /home/nicolaspc/airflow/dags/.ipynb_checkpoints/train_models-2-checkpoint.py for tasks to queue
[2024-10-02T19:49:44.317+0500] {logging_mixin.py:190} INFO - [2024-10-02T19:49:44.316+0500] {dagbag.py:587} INFO - Filling up the DagBag from /home/nicolaspc/airflow/dags/.ipynb_checkpoints/train_models-2-checkpoint.py
[2024-10-02T19:49:45.075+0500] {processor.py:925} INFO - DAG(s) '3_models_dag' retrieved from /home/nicolaspc/airflow/dags/.ipynb_checkpoints/train_models-2-checkpoint.py
[2024-10-02T19:49:45.095+0500] {logging_mixin.py:190} INFO - [2024-10-02T19:49:45.095+0500] {dag.py:3211} INFO - Sync 1 DAGs
[2024-10-02T19:49:45.095+0500] {logging_mixin.py:190} WARNING - Sync 1 DAGs
[2024-10-02T19:49:45.111+0500] {logging_mixin.py:190} INFO - [2024-10-02T19:49:45.111+0500] {dag.py:4138} INFO - Setting next_dagrun for 3_models_dag to 2024-10-01 01:00:00+00:00, run_after=2024-10-02 01:00:00+00:00
[2024-10-02T19:49:45.111+0500] {logging_mixin.py:190} WARNING - Setting next_dagrun for 3_models_dag to 2024-10-01 01:00:00+00:00, run_after=2024-10-02 01:00:00+00:00
[2024-10-02T19:49:45.226+0500] {processor.py:208} INFO - Processing /home/nicolaspc/airflow/dags/.ipynb_checkpoints/train_models-2-checkpoint.py took 0.916 seconds
[2024-10-02T19:50:15.499+0500] {processor.py:186} INFO - Started process (PID=50624) to work on /home/nicolaspc/airflow/dags/.ipynb_checkpoints/train_models-2-checkpoint.py
[2024-10-02T19:50:15.508+0500] {processor.py:914} INFO - Processing file /home/nicolaspc/airflow/dags/.ipynb_checkpoints/train_models-2-checkpoint.py for tasks to queue
[2024-10-02T19:50:15.510+0500] {logging_mixin.py:190} INFO - [2024-10-02T19:50:15.509+0500] {dagbag.py:587} INFO - Filling up the DagBag from /home/nicolaspc/airflow/dags/.ipynb_checkpoints/train_models-2-checkpoint.py
[2024-10-02T19:50:16.361+0500] {processor.py:925} INFO - DAG(s) '3_models_dag' retrieved from /home/nicolaspc/airflow/dags/.ipynb_checkpoints/train_models-2-checkpoint.py
[2024-10-02T19:50:16.392+0500] {logging_mixin.py:190} INFO - [2024-10-02T19:50:16.392+0500] {dag.py:3211} INFO - Sync 1 DAGs
[2024-10-02T19:50:16.392+0500] {logging_mixin.py:190} WARNING - Sync 1 DAGs
[2024-10-02T19:50:16.412+0500] {logging_mixin.py:190} INFO - [2024-10-02T19:50:16.412+0500] {dag.py:4138} INFO - Setting next_dagrun for 3_models_dag to 2024-10-01 01:00:00+00:00, run_after=2024-10-02 01:00:00+00:00
[2024-10-02T19:50:16.412+0500] {logging_mixin.py:190} WARNING - Setting next_dagrun for 3_models_dag to 2024-10-01 01:00:00+00:00, run_after=2024-10-02 01:00:00+00:00
[2024-10-02T19:50:16.439+0500] {processor.py:208} INFO - Processing /home/nicolaspc/airflow/dags/.ipynb_checkpoints/train_models-2-checkpoint.py took 0.946 seconds
[2024-10-02T19:50:46.528+0500] {processor.py:186} INFO - Started process (PID=51110) to work on /home/nicolaspc/airflow/dags/.ipynb_checkpoints/train_models-2-checkpoint.py
[2024-10-02T19:50:46.529+0500] {processor.py:914} INFO - Processing file /home/nicolaspc/airflow/dags/.ipynb_checkpoints/train_models-2-checkpoint.py for tasks to queue
[2024-10-02T19:50:46.530+0500] {logging_mixin.py:190} INFO - [2024-10-02T19:50:46.530+0500] {dagbag.py:587} INFO - Filling up the DagBag from /home/nicolaspc/airflow/dags/.ipynb_checkpoints/train_models-2-checkpoint.py
[2024-10-02T19:50:47.273+0500] {processor.py:925} INFO - DAG(s) '3_models_dag' retrieved from /home/nicolaspc/airflow/dags/.ipynb_checkpoints/train_models-2-checkpoint.py
[2024-10-02T19:50:47.294+0500] {logging_mixin.py:190} INFO - [2024-10-02T19:50:47.294+0500] {dag.py:3211} INFO - Sync 1 DAGs
[2024-10-02T19:50:47.295+0500] {logging_mixin.py:190} WARNING - Sync 1 DAGs
[2024-10-02T19:50:47.311+0500] {logging_mixin.py:190} INFO - [2024-10-02T19:50:47.311+0500] {dag.py:4138} INFO - Setting next_dagrun for 3_models_dag to 2024-10-01 01:00:00+00:00, run_after=2024-10-02 01:00:00+00:00
[2024-10-02T19:50:47.311+0500] {logging_mixin.py:190} WARNING - Setting next_dagrun for 3_models_dag to 2024-10-01 01:00:00+00:00, run_after=2024-10-02 01:00:00+00:00
[2024-10-02T19:50:47.420+0500] {processor.py:208} INFO - Processing /home/nicolaspc/airflow/dags/.ipynb_checkpoints/train_models-2-checkpoint.py took 0.896 seconds
[2024-10-02T19:51:17.783+0500] {processor.py:186} INFO - Started process (PID=51716) to work on /home/nicolaspc/airflow/dags/.ipynb_checkpoints/train_models-2-checkpoint.py
[2024-10-02T19:51:17.792+0500] {processor.py:914} INFO - Processing file /home/nicolaspc/airflow/dags/.ipynb_checkpoints/train_models-2-checkpoint.py for tasks to queue
[2024-10-02T19:51:17.793+0500] {logging_mixin.py:190} INFO - [2024-10-02T19:51:17.793+0500] {dagbag.py:587} INFO - Filling up the DagBag from /home/nicolaspc/airflow/dags/.ipynb_checkpoints/train_models-2-checkpoint.py
[2024-10-02T19:51:18.533+0500] {processor.py:925} INFO - DAG(s) '3_models_dag' retrieved from /home/nicolaspc/airflow/dags/.ipynb_checkpoints/train_models-2-checkpoint.py
[2024-10-02T19:51:18.553+0500] {logging_mixin.py:190} INFO - [2024-10-02T19:51:18.552+0500] {dag.py:3211} INFO - Sync 1 DAGs
[2024-10-02T19:51:18.553+0500] {logging_mixin.py:190} WARNING - Sync 1 DAGs
[2024-10-02T19:51:18.655+0500] {logging_mixin.py:190} INFO - [2024-10-02T19:51:18.655+0500] {dag.py:4138} INFO - Setting next_dagrun for 3_models_dag to 2024-10-01 01:00:00+00:00, run_after=2024-10-02 01:00:00+00:00
[2024-10-02T19:51:18.655+0500] {logging_mixin.py:190} WARNING - Setting next_dagrun for 3_models_dag to 2024-10-01 01:00:00+00:00, run_after=2024-10-02 01:00:00+00:00
[2024-10-02T19:51:18.677+0500] {processor.py:208} INFO - Processing /home/nicolaspc/airflow/dags/.ipynb_checkpoints/train_models-2-checkpoint.py took 0.900 seconds
[2024-10-02T19:51:49.106+0500] {processor.py:186} INFO - Started process (PID=52236) to work on /home/nicolaspc/airflow/dags/.ipynb_checkpoints/train_models-2-checkpoint.py
[2024-10-02T19:51:49.115+0500] {processor.py:914} INFO - Processing file /home/nicolaspc/airflow/dags/.ipynb_checkpoints/train_models-2-checkpoint.py for tasks to queue
[2024-10-02T19:51:49.117+0500] {logging_mixin.py:190} INFO - [2024-10-02T19:51:49.116+0500] {dagbag.py:587} INFO - Filling up the DagBag from /home/nicolaspc/airflow/dags/.ipynb_checkpoints/train_models-2-checkpoint.py
[2024-10-02T19:51:49.895+0500] {processor.py:925} INFO - DAG(s) '3_models_dag' retrieved from /home/nicolaspc/airflow/dags/.ipynb_checkpoints/train_models-2-checkpoint.py
[2024-10-02T19:51:49.915+0500] {logging_mixin.py:190} INFO - [2024-10-02T19:51:49.915+0500] {dag.py:3211} INFO - Sync 1 DAGs
[2024-10-02T19:51:49.915+0500] {logging_mixin.py:190} WARNING - Sync 1 DAGs
[2024-10-02T19:51:49.930+0500] {logging_mixin.py:190} INFO - [2024-10-02T19:51:49.930+0500] {dag.py:4138} INFO - Setting next_dagrun for 3_models_dag to 2024-10-01 01:00:00+00:00, run_after=2024-10-02 01:00:00+00:00
[2024-10-02T19:51:49.930+0500] {logging_mixin.py:190} WARNING - Setting next_dagrun for 3_models_dag to 2024-10-01 01:00:00+00:00, run_after=2024-10-02 01:00:00+00:00
[2024-10-02T19:51:50.046+0500] {processor.py:208} INFO - Processing /home/nicolaspc/airflow/dags/.ipynb_checkpoints/train_models-2-checkpoint.py took 0.945 seconds
[2024-10-02T19:52:20.296+0500] {processor.py:186} INFO - Started process (PID=52723) to work on /home/nicolaspc/airflow/dags/.ipynb_checkpoints/train_models-2-checkpoint.py
[2024-10-02T19:52:20.296+0500] {processor.py:914} INFO - Processing file /home/nicolaspc/airflow/dags/.ipynb_checkpoints/train_models-2-checkpoint.py for tasks to queue
[2024-10-02T19:52:20.298+0500] {logging_mixin.py:190} INFO - [2024-10-02T19:52:20.298+0500] {dagbag.py:587} INFO - Filling up the DagBag from /home/nicolaspc/airflow/dags/.ipynb_checkpoints/train_models-2-checkpoint.py
[2024-10-02T19:52:21.044+0500] {processor.py:925} INFO - DAG(s) '3_models_dag' retrieved from /home/nicolaspc/airflow/dags/.ipynb_checkpoints/train_models-2-checkpoint.py
[2024-10-02T19:52:21.064+0500] {logging_mixin.py:190} INFO - [2024-10-02T19:52:21.063+0500] {dag.py:3211} INFO - Sync 1 DAGs
[2024-10-02T19:52:21.064+0500] {logging_mixin.py:190} WARNING - Sync 1 DAGs
[2024-10-02T19:52:21.167+0500] {logging_mixin.py:190} INFO - [2024-10-02T19:52:21.166+0500] {dag.py:4138} INFO - Setting next_dagrun for 3_models_dag to 2024-10-01 01:00:00+00:00, run_after=2024-10-02 01:00:00+00:00
[2024-10-02T19:52:21.167+0500] {logging_mixin.py:190} WARNING - Setting next_dagrun for 3_models_dag to 2024-10-01 01:00:00+00:00, run_after=2024-10-02 01:00:00+00:00
[2024-10-02T19:52:21.189+0500] {processor.py:208} INFO - Processing /home/nicolaspc/airflow/dags/.ipynb_checkpoints/train_models-2-checkpoint.py took 0.897 seconds
[2024-10-02T19:52:51.857+0500] {processor.py:186} INFO - Started process (PID=53293) to work on /home/nicolaspc/airflow/dags/.ipynb_checkpoints/train_models-2-checkpoint.py
[2024-10-02T19:52:51.866+0500] {processor.py:914} INFO - Processing file /home/nicolaspc/airflow/dags/.ipynb_checkpoints/train_models-2-checkpoint.py for tasks to queue
[2024-10-02T19:52:51.868+0500] {logging_mixin.py:190} INFO - [2024-10-02T19:52:51.868+0500] {dagbag.py:587} INFO - Filling up the DagBag from /home/nicolaspc/airflow/dags/.ipynb_checkpoints/train_models-2-checkpoint.py
[2024-10-02T19:52:52.719+0500] {processor.py:925} INFO - DAG(s) '3_models_dag' retrieved from /home/nicolaspc/airflow/dags/.ipynb_checkpoints/train_models-2-checkpoint.py
[2024-10-02T19:52:52.741+0500] {logging_mixin.py:190} INFO - [2024-10-02T19:52:52.741+0500] {dag.py:3211} INFO - Sync 1 DAGs
[2024-10-02T19:52:52.741+0500] {logging_mixin.py:190} WARNING - Sync 1 DAGs
[2024-10-02T19:52:52.757+0500] {logging_mixin.py:190} INFO - [2024-10-02T19:52:52.757+0500] {dag.py:4138} INFO - Setting next_dagrun for 3_models_dag to 2024-10-01 01:00:00+00:00, run_after=2024-10-02 01:00:00+00:00
[2024-10-02T19:52:52.758+0500] {logging_mixin.py:190} WARNING - Setting next_dagrun for 3_models_dag to 2024-10-01 01:00:00+00:00, run_after=2024-10-02 01:00:00+00:00
[2024-10-02T19:52:52.784+0500] {processor.py:208} INFO - Processing /home/nicolaspc/airflow/dags/.ipynb_checkpoints/train_models-2-checkpoint.py took 0.930 seconds
[2024-10-02T19:53:22.882+0500] {processor.py:186} INFO - Started process (PID=53868) to work on /home/nicolaspc/airflow/dags/.ipynb_checkpoints/train_models-2-checkpoint.py
[2024-10-02T19:53:22.883+0500] {processor.py:914} INFO - Processing file /home/nicolaspc/airflow/dags/.ipynb_checkpoints/train_models-2-checkpoint.py for tasks to queue
[2024-10-02T19:53:22.884+0500] {logging_mixin.py:190} INFO - [2024-10-02T19:53:22.884+0500] {dagbag.py:587} INFO - Filling up the DagBag from /home/nicolaspc/airflow/dags/.ipynb_checkpoints/train_models-2-checkpoint.py
[2024-10-02T19:53:23.643+0500] {processor.py:925} INFO - DAG(s) '3_models_dag' retrieved from /home/nicolaspc/airflow/dags/.ipynb_checkpoints/train_models-2-checkpoint.py
[2024-10-02T19:53:23.664+0500] {logging_mixin.py:190} INFO - [2024-10-02T19:53:23.664+0500] {dag.py:3211} INFO - Sync 1 DAGs
[2024-10-02T19:53:23.664+0500] {logging_mixin.py:190} WARNING - Sync 1 DAGs
[2024-10-02T19:53:23.768+0500] {logging_mixin.py:190} INFO - [2024-10-02T19:53:23.768+0500] {dag.py:4138} INFO - Setting next_dagrun for 3_models_dag to 2024-10-01 01:00:00+00:00, run_after=2024-10-02 01:00:00+00:00
[2024-10-02T19:53:23.768+0500] {logging_mixin.py:190} WARNING - Setting next_dagrun for 3_models_dag to 2024-10-01 01:00:00+00:00, run_after=2024-10-02 01:00:00+00:00
[2024-10-02T19:53:23.785+0500] {processor.py:208} INFO - Processing /home/nicolaspc/airflow/dags/.ipynb_checkpoints/train_models-2-checkpoint.py took 0.907 seconds
[2024-10-02T19:53:54.032+0500] {processor.py:186} INFO - Started process (PID=54471) to work on /home/nicolaspc/airflow/dags/.ipynb_checkpoints/train_models-2-checkpoint.py
[2024-10-02T19:53:54.033+0500] {processor.py:914} INFO - Processing file /home/nicolaspc/airflow/dags/.ipynb_checkpoints/train_models-2-checkpoint.py for tasks to queue
[2024-10-02T19:53:54.034+0500] {logging_mixin.py:190} INFO - [2024-10-02T19:53:54.034+0500] {dagbag.py:587} INFO - Filling up the DagBag from /home/nicolaspc/airflow/dags/.ipynb_checkpoints/train_models-2-checkpoint.py
[2024-10-02T19:53:54.901+0500] {processor.py:925} INFO - DAG(s) '3_models_dag' retrieved from /home/nicolaspc/airflow/dags/.ipynb_checkpoints/train_models-2-checkpoint.py
[2024-10-02T19:53:54.921+0500] {logging_mixin.py:190} INFO - [2024-10-02T19:53:54.920+0500] {dag.py:3211} INFO - Sync 1 DAGs
[2024-10-02T19:53:54.921+0500] {logging_mixin.py:190} WARNING - Sync 1 DAGs
[2024-10-02T19:53:54.937+0500] {logging_mixin.py:190} INFO - [2024-10-02T19:53:54.936+0500] {dag.py:4138} INFO - Setting next_dagrun for 3_models_dag to 2024-10-01 01:00:00+00:00, run_after=2024-10-02 01:00:00+00:00
[2024-10-02T19:53:54.937+0500] {logging_mixin.py:190} WARNING - Setting next_dagrun for 3_models_dag to 2024-10-01 01:00:00+00:00, run_after=2024-10-02 01:00:00+00:00
[2024-10-02T19:53:54.960+0500] {processor.py:208} INFO - Processing /home/nicolaspc/airflow/dags/.ipynb_checkpoints/train_models-2-checkpoint.py took 0.932 seconds
[2024-10-02T19:54:25.079+0500] {processor.py:186} INFO - Started process (PID=55121) to work on /home/nicolaspc/airflow/dags/.ipynb_checkpoints/train_models-2-checkpoint.py
[2024-10-02T19:54:25.092+0500] {processor.py:914} INFO - Processing file /home/nicolaspc/airflow/dags/.ipynb_checkpoints/train_models-2-checkpoint.py for tasks to queue
[2024-10-02T19:54:25.095+0500] {logging_mixin.py:190} INFO - [2024-10-02T19:54:25.094+0500] {dagbag.py:587} INFO - Filling up the DagBag from /home/nicolaspc/airflow/dags/.ipynb_checkpoints/train_models-2-checkpoint.py
[2024-10-02T19:54:26.088+0500] {processor.py:925} INFO - DAG(s) '3_models_dag' retrieved from /home/nicolaspc/airflow/dags/.ipynb_checkpoints/train_models-2-checkpoint.py
[2024-10-02T19:54:26.109+0500] {logging_mixin.py:190} INFO - [2024-10-02T19:54:26.108+0500] {dag.py:3211} INFO - Sync 1 DAGs
[2024-10-02T19:54:26.109+0500] {logging_mixin.py:190} WARNING - Sync 1 DAGs
[2024-10-02T19:54:26.126+0500] {logging_mixin.py:190} INFO - [2024-10-02T19:54:26.125+0500] {dag.py:4138} INFO - Setting next_dagrun for 3_models_dag to 2024-10-01 01:00:00+00:00, run_after=2024-10-02 01:00:00+00:00
[2024-10-02T19:54:26.126+0500] {logging_mixin.py:190} WARNING - Setting next_dagrun for 3_models_dag to 2024-10-01 01:00:00+00:00, run_after=2024-10-02 01:00:00+00:00
[2024-10-02T19:54:26.153+0500] {processor.py:208} INFO - Processing /home/nicolaspc/airflow/dags/.ipynb_checkpoints/train_models-2-checkpoint.py took 1.078 seconds
[2024-10-02T19:54:56.362+0500] {processor.py:186} INFO - Started process (PID=55604) to work on /home/nicolaspc/airflow/dags/.ipynb_checkpoints/train_models-2-checkpoint.py
[2024-10-02T19:54:56.363+0500] {processor.py:914} INFO - Processing file /home/nicolaspc/airflow/dags/.ipynb_checkpoints/train_models-2-checkpoint.py for tasks to queue
[2024-10-02T19:54:56.364+0500] {logging_mixin.py:190} INFO - [2024-10-02T19:54:56.364+0500] {dagbag.py:587} INFO - Filling up the DagBag from /home/nicolaspc/airflow/dags/.ipynb_checkpoints/train_models-2-checkpoint.py
[2024-10-02T19:54:57.202+0500] {processor.py:925} INFO - DAG(s) '3_models_dag' retrieved from /home/nicolaspc/airflow/dags/.ipynb_checkpoints/train_models-2-checkpoint.py
[2024-10-02T19:54:57.225+0500] {logging_mixin.py:190} INFO - [2024-10-02T19:54:57.225+0500] {dag.py:3211} INFO - Sync 1 DAGs
[2024-10-02T19:54:57.225+0500] {logging_mixin.py:190} WARNING - Sync 1 DAGs
[2024-10-02T19:54:57.241+0500] {logging_mixin.py:190} INFO - [2024-10-02T19:54:57.241+0500] {dag.py:4138} INFO - Setting next_dagrun for 3_models_dag to 2024-10-01 01:00:00+00:00, run_after=2024-10-02 01:00:00+00:00
[2024-10-02T19:54:57.241+0500] {logging_mixin.py:190} WARNING - Setting next_dagrun for 3_models_dag to 2024-10-01 01:00:00+00:00, run_after=2024-10-02 01:00:00+00:00
[2024-10-02T19:54:57.256+0500] {processor.py:208} INFO - Processing /home/nicolaspc/airflow/dags/.ipynb_checkpoints/train_models-2-checkpoint.py took 0.898 seconds
[2024-10-02T19:55:27.571+0500] {processor.py:186} INFO - Started process (PID=56110) to work on /home/nicolaspc/airflow/dags/.ipynb_checkpoints/train_models-2-checkpoint.py
[2024-10-02T19:55:27.580+0500] {processor.py:914} INFO - Processing file /home/nicolaspc/airflow/dags/.ipynb_checkpoints/train_models-2-checkpoint.py for tasks to queue
[2024-10-02T19:55:27.581+0500] {logging_mixin.py:190} INFO - [2024-10-02T19:55:27.581+0500] {dagbag.py:587} INFO - Filling up the DagBag from /home/nicolaspc/airflow/dags/.ipynb_checkpoints/train_models-2-checkpoint.py
[2024-10-02T19:55:28.404+0500] {processor.py:925} INFO - DAG(s) '3_models_dag' retrieved from /home/nicolaspc/airflow/dags/.ipynb_checkpoints/train_models-2-checkpoint.py
[2024-10-02T19:55:28.424+0500] {logging_mixin.py:190} INFO - [2024-10-02T19:55:28.424+0500] {dag.py:3211} INFO - Sync 1 DAGs
[2024-10-02T19:55:28.425+0500] {logging_mixin.py:190} WARNING - Sync 1 DAGs
[2024-10-02T19:55:28.442+0500] {logging_mixin.py:190} INFO - [2024-10-02T19:55:28.442+0500] {dag.py:4138} INFO - Setting next_dagrun for 3_models_dag to 2024-10-01 01:00:00+00:00, run_after=2024-10-02 01:00:00+00:00
[2024-10-02T19:55:28.442+0500] {logging_mixin.py:190} WARNING - Setting next_dagrun for 3_models_dag to 2024-10-01 01:00:00+00:00, run_after=2024-10-02 01:00:00+00:00
[2024-10-02T19:55:28.457+0500] {processor.py:208} INFO - Processing /home/nicolaspc/airflow/dags/.ipynb_checkpoints/train_models-2-checkpoint.py took 0.891 seconds
[2024-10-02T19:55:59.215+0500] {processor.py:186} INFO - Started process (PID=56592) to work on /home/nicolaspc/airflow/dags/.ipynb_checkpoints/train_models-2-checkpoint.py
[2024-10-02T19:55:59.218+0500] {processor.py:914} INFO - Processing file /home/nicolaspc/airflow/dags/.ipynb_checkpoints/train_models-2-checkpoint.py for tasks to queue
[2024-10-02T19:55:59.220+0500] {logging_mixin.py:190} INFO - [2024-10-02T19:55:59.220+0500] {dagbag.py:587} INFO - Filling up the DagBag from /home/nicolaspc/airflow/dags/.ipynb_checkpoints/train_models-2-checkpoint.py
[2024-10-02T19:56:00.080+0500] {processor.py:925} INFO - DAG(s) '3_models_dag' retrieved from /home/nicolaspc/airflow/dags/.ipynb_checkpoints/train_models-2-checkpoint.py
[2024-10-02T19:56:00.100+0500] {logging_mixin.py:190} INFO - [2024-10-02T19:56:00.100+0500] {dag.py:3211} INFO - Sync 1 DAGs
[2024-10-02T19:56:00.101+0500] {logging_mixin.py:190} WARNING - Sync 1 DAGs
[2024-10-02T19:56:00.116+0500] {logging_mixin.py:190} INFO - [2024-10-02T19:56:00.115+0500] {dag.py:4138} INFO - Setting next_dagrun for 3_models_dag to 2024-10-01 01:00:00+00:00, run_after=2024-10-02 01:00:00+00:00
[2024-10-02T19:56:00.116+0500] {logging_mixin.py:190} WARNING - Setting next_dagrun for 3_models_dag to 2024-10-01 01:00:00+00:00, run_after=2024-10-02 01:00:00+00:00
[2024-10-02T19:56:00.143+0500] {processor.py:208} INFO - Processing /home/nicolaspc/airflow/dags/.ipynb_checkpoints/train_models-2-checkpoint.py took 0.932 seconds
[2024-10-02T19:56:30.507+0500] {processor.py:186} INFO - Started process (PID=57228) to work on /home/nicolaspc/airflow/dags/.ipynb_checkpoints/train_models-2-checkpoint.py
[2024-10-02T19:56:30.508+0500] {processor.py:914} INFO - Processing file /home/nicolaspc/airflow/dags/.ipynb_checkpoints/train_models-2-checkpoint.py for tasks to queue
[2024-10-02T19:56:30.509+0500] {logging_mixin.py:190} INFO - [2024-10-02T19:56:30.509+0500] {dagbag.py:587} INFO - Filling up the DagBag from /home/nicolaspc/airflow/dags/.ipynb_checkpoints/train_models-2-checkpoint.py
[2024-10-02T19:56:31.350+0500] {processor.py:925} INFO - DAG(s) '3_models_dag' retrieved from /home/nicolaspc/airflow/dags/.ipynb_checkpoints/train_models-2-checkpoint.py
[2024-10-02T19:56:31.373+0500] {logging_mixin.py:190} INFO - [2024-10-02T19:56:31.373+0500] {dag.py:3211} INFO - Sync 1 DAGs
[2024-10-02T19:56:31.373+0500] {logging_mixin.py:190} WARNING - Sync 1 DAGs
[2024-10-02T19:56:31.390+0500] {logging_mixin.py:190} INFO - [2024-10-02T19:56:31.390+0500] {dag.py:4138} INFO - Setting next_dagrun for 3_models_dag to 2024-10-01 01:00:00+00:00, run_after=2024-10-02 01:00:00+00:00
[2024-10-02T19:56:31.390+0500] {logging_mixin.py:190} WARNING - Setting next_dagrun for 3_models_dag to 2024-10-01 01:00:00+00:00, run_after=2024-10-02 01:00:00+00:00
[2024-10-02T19:56:31.413+0500] {processor.py:208} INFO - Processing /home/nicolaspc/airflow/dags/.ipynb_checkpoints/train_models-2-checkpoint.py took 0.910 seconds
