[2024-10-10T05:57:46.930+0500] {local_task_job_runner.py:123} INFO - ::group::Pre task execution logs
[2024-10-10T05:57:46.949+0500] {taskinstance.py:2603} INFO - Dependencies all met for dep_context=non-requeueable deps ti=<TaskInstance: lr_train.prepare_data manual__2024-10-10T00:57:38.758715+00:00 [queued]>
[2024-10-10T05:57:46.961+0500] {taskinstance.py:2603} INFO - Dependencies all met for dep_context=requeueable deps ti=<TaskInstance: lr_train.prepare_data manual__2024-10-10T00:57:38.758715+00:00 [queued]>
[2024-10-10T05:57:46.961+0500] {taskinstance.py:2856} INFO - Starting attempt 1 of 1
[2024-10-10T05:57:46.973+0500] {taskinstance.py:2879} INFO - Executing <Task(PythonOperator): prepare_data> on 2024-10-10 00:57:38.758715+00:00
[2024-10-10T05:57:46.989+0500] {logging_mixin.py:190} WARNING - /home/nicolaspc/anaconda3/envs/mlops_env/lib/python3.12/site-packages/***/task/task_runner/standard_task_runner.py:70 DeprecationWarning: This process (pid=17451) is multi-threaded, use of fork() may lead to deadlocks in the child.
[2024-10-10T05:57:46.990+0500] {standard_task_runner.py:72} INFO - Started process 17495 to run task
[2024-10-10T05:57:46.991+0500] {standard_task_runner.py:104} INFO - Running: ['***', 'tasks', 'run', 'lr_train', 'prepare_data', 'manual__2024-10-10T00:57:38.758715+00:00', '--job-id', '1075', '--raw', '--subdir', 'DAGS_FOLDER/train_models.py', '--cfg-path', '/tmp/tmpvx7ige13']
[2024-10-10T05:57:46.993+0500] {standard_task_runner.py:105} INFO - Job 1075: Subtask prepare_data
[2024-10-10T05:57:47.053+0500] {task_command.py:467} INFO - Running <TaskInstance: lr_train.prepare_data manual__2024-10-10T00:57:38.758715+00:00 [running]> on host nicolaspc-HP-Pavilion-Laptop-15-eh1xxx
[2024-10-10T05:57:47.240+0500] {taskinstance.py:3122} INFO - Exporting env vars: AIRFLOW_CTX_DAG_OWNER='Nicolas Pal' AIRFLOW_CTX_DAG_ID='lr_train' AIRFLOW_CTX_TASK_ID='prepare_data' AIRFLOW_CTX_EXECUTION_DATE='2024-10-10T00:57:38.758715+00:00' AIRFLOW_CTX_TRY_NUMBER='1' AIRFLOW_CTX_DAG_RUN_ID='manual__2024-10-10T00:57:38.758715+00:00'
[2024-10-10T05:57:47.242+0500] {taskinstance.py:731} INFO - ::endgroup::
[2024-10-10T05:57:47.277+0500] {s3.py:1387} INFO - Downloading source S3 file from Bucket test-bucket-nicolas-1 with path NicolasPal/lr/datasets/california_housing.pkl
[2024-10-10T05:57:47.292+0500] {base.py:84} INFO - Retrieving connection 's3_connection'
[2024-10-10T05:57:47.293+0500] {connection_wrapper.py:384} INFO - AWS Connection (conn_id='s3_connection', conn_type='aws') credentials retrieved from login and password.
[2024-10-10T05:57:49.022+0500] {train_models.py:101} INFO - Данные для обработки из S3 загружены
[2024-10-10T05:57:49.046+0500] {base.py:84} INFO - Retrieving connection 's3_connection'
[2024-10-10T05:57:49.046+0500] {connection_wrapper.py:384} INFO - AWS Connection (conn_id='s3_connection', conn_type='aws') credentials retrieved from login and password.
[2024-10-10T05:57:51.512+0500] {train_models.py:129} INFO - Данные подготовлены и сохранены на S3
[2024-10-10T05:57:51.514+0500] {python.py:240} INFO - Done. Returned value was: {'model': 'lr', 'start_timestamp': '20241010 05:57', 'get_data_start': '20241010 05:57', 'get_data_end': '20241010 05:57', 'data_shape': [20640, 9], 'prepare_data_start': '20241010 05:57', 'prepare_data_end': '20241010 05:57', 'features_name': ['MedInc', 'HouseAge', 'AveRooms', 'AveBedrms', 'Population', 'AveOccup', 'Latitude', 'Longitude']}
[2024-10-10T05:57:51.550+0500] {taskinstance.py:340} INFO - ::group::Post task execution logs
[2024-10-10T05:57:51.551+0500] {taskinstance.py:352} INFO - Marking task as SUCCESS. dag_id=lr_train, task_id=prepare_data, run_id=manual__2024-10-10T00:57:38.758715+00:00, execution_date=20241010T005738, start_date=20241010T005746, end_date=20241010T005751
[2024-10-10T05:57:51.599+0500] {local_task_job_runner.py:261} INFO - Task exited with return code 0
[2024-10-10T05:57:51.623+0500] {taskinstance.py:3891} INFO - 1 downstream tasks scheduled from follow-on schedule check
[2024-10-10T05:57:51.628+0500] {local_task_job_runner.py:240} INFO - ::endgroup::
