[2024-07-20T20:43:31.236+0500] {local_task_job_runner.py:120} INFO - ::group::Pre task execution logs
[2024-07-20T20:43:31.255+0500] {taskinstance.py:2076} INFO - Dependencies all met for dep_context=non-requeueable deps ti=<TaskInstance: rf_train.train_model manual__2024-07-20T15:43:23.159413+00:00 [queued]>
[2024-07-20T20:43:31.262+0500] {taskinstance.py:2076} INFO - Dependencies all met for dep_context=requeueable deps ti=<TaskInstance: rf_train.train_model manual__2024-07-20T15:43:23.159413+00:00 [queued]>
[2024-07-20T20:43:31.262+0500] {taskinstance.py:2306} INFO - Starting attempt 1 of 1
[2024-07-20T20:43:31.273+0500] {taskinstance.py:2330} INFO - Executing <Task(PythonOperator): train_model> on 2024-07-20 15:43:23.159413+00:00
[2024-07-20T20:43:31.286+0500] {standard_task_runner.py:90} INFO - Running: ['airflow', 'tasks', 'run', 'rf_train', 'train_model', 'manual__2024-07-20T15:43:23.159413+00:00', '--job-id', '215', '--raw', '--subdir', 'DAGS_FOLDER/train_models.py', '--cfg-path', '/tmp/tmp1_mb10z6']
[2024-07-20T20:43:31.287+0500] {standard_task_runner.py:91} INFO - Job 215: Subtask train_model
[2024-07-20T20:43:31.289+0500] {logging_mixin.py:188} WARNING - /home/nicolaspc/anaconda3/envs/mlops_env/lib/python3.12/site-packages/airflow/task/task_runner/standard_task_runner.py:62 DeprecationWarning: This process (pid=25753) is multi-threaded, use of fork() may lead to deadlocks in the child.
[2024-07-20T20:43:31.289+0500] {standard_task_runner.py:64} INFO - Started process 25782 to run task
[2024-07-20T20:43:31.343+0500] {task_command.py:426} INFO - Running <TaskInstance: rf_train.train_model manual__2024-07-20T15:43:23.159413+00:00 [running]> on host nicolaspc-HP-Pavilion-Laptop-15-eh1xxx
[2024-07-20T20:43:31.432+0500] {taskinstance.py:2648} INFO - Exporting env vars: AIRFLOW_CTX_DAG_OWNER='Nicolas Pal' AIRFLOW_CTX_DAG_ID='rf_train' AIRFLOW_CTX_TASK_ID='train_model' AIRFLOW_CTX_EXECUTION_DATE='2024-07-20T15:43:23.159413+00:00' AIRFLOW_CTX_TRY_NUMBER='1' AIRFLOW_CTX_DAG_RUN_ID='manual__2024-07-20T15:43:23.159413+00:00'
[2024-07-20T20:43:31.433+0500] {taskinstance.py:430} INFO - ::endgroup::
[2024-07-20T20:43:31.456+0500] {s3.py:1387} INFO - Downloading source S3 file from Bucket test-bucket-nicolas-1 with path dataset/X_train.pkl
[2024-07-20T20:43:31.469+0500] {base.py:84} INFO - Using connection ID 'aws_default' for task execution.
[2024-07-20T20:43:31.469+0500] {connection_wrapper.py:384} INFO - AWS Connection (conn_id='aws_default', conn_type='aws') credentials retrieved from login and password.
[2024-07-20T20:43:34.715+0500] {s3.py:1387} INFO - Downloading source S3 file from Bucket test-bucket-nicolas-1 with path dataset/X_test.pkl
[2024-07-20T20:43:35.259+0500] {s3.py:1387} INFO - Downloading source S3 file from Bucket test-bucket-nicolas-1 with path dataset/y_train.pkl
[2024-07-20T20:43:35.931+0500] {s3.py:1387} INFO - Downloading source S3 file from Bucket test-bucket-nicolas-1 with path dataset/y_test.pkl
[2024-07-20T20:43:36.375+0500] {train_models.py:112} INFO - Данные загружены
[2024-07-20T20:43:47.420+0500] {python.py:237} INFO - Done. Returned value was: {'model': 'rf', 'start_tiemstamp': '20240720 20:43', 'train_start': '20240720 20:43', 'train_end': '20240720 20:43', 'R^2_score': 0.8062975143685056, 'rmse': 0.503814922644307, 'mae': 0.19940500000000005}
[2024-07-20T20:43:47.421+0500] {taskinstance.py:441} INFO - ::group::Post task execution logs
[2024-07-20T20:43:47.450+0500] {taskinstance.py:1206} INFO - Marking task as SUCCESS. dag_id=rf_train, task_id=train_model, run_id=manual__2024-07-20T15:43:23.159413+00:00, execution_date=20240720T154323, start_date=20240720T154331, end_date=20240720T154347
[2024-07-20T20:43:47.501+0500] {local_task_job_runner.py:243} INFO - Task exited with return code 0
[2024-07-20T20:43:47.521+0500] {taskinstance.py:3503} INFO - 1 downstream tasks scheduled from follow-on schedule check
[2024-07-20T20:43:47.523+0500] {local_task_job_runner.py:222} INFO - ::endgroup::
