[2024-07-07T23:35:19.814+0500] {processor.py:161} INFO - Started process (PID=13484) to work on /home/nicolaspc/anaconda3/envs/mlops_env/lib/python3.12/site-packages/airflow/example_dags/example_latest_only_with_trigger.py
[2024-07-07T23:35:19.814+0500] {processor.py:830} INFO - Processing file /home/nicolaspc/anaconda3/envs/mlops_env/lib/python3.12/site-packages/airflow/example_dags/example_latest_only_with_trigger.py for tasks to queue
[2024-07-07T23:35:19.815+0500] {logging_mixin.py:188} INFO - [2024-07-07T23:35:19.815+0500] {dagbag.py:545} INFO - Filling up the DagBag from /home/nicolaspc/anaconda3/envs/mlops_env/lib/python3.12/site-packages/airflow/example_dags/example_latest_only_with_trigger.py
[2024-07-07T23:35:19.819+0500] {processor.py:840} INFO - DAG(s) 'latest_only_with_trigger' retrieved from /home/nicolaspc/anaconda3/envs/mlops_env/lib/python3.12/site-packages/airflow/example_dags/example_latest_only_with_trigger.py
[2024-07-07T23:35:19.840+0500] {logging_mixin.py:188} INFO - [2024-07-07T23:35:19.839+0500] {dag.py:3096} INFO - Sync 1 DAGs
[2024-07-07T23:35:19.855+0500] {logging_mixin.py:188} INFO - [2024-07-07T23:35:19.854+0500] {dag.py:3954} INFO - Setting next_dagrun for latest_only_with_trigger to 2024-07-07 12:00:00+00:00, run_after=2024-07-07 16:00:00+00:00
[2024-07-07T23:35:19.870+0500] {processor.py:183} INFO - Processing /home/nicolaspc/anaconda3/envs/mlops_env/lib/python3.12/site-packages/airflow/example_dags/example_latest_only_with_trigger.py took 0.062 seconds
[2024-07-07T23:35:50.549+0500] {processor.py:161} INFO - Started process (PID=13832) to work on /home/nicolaspc/anaconda3/envs/mlops_env/lib/python3.12/site-packages/airflow/example_dags/example_latest_only_with_trigger.py
[2024-07-07T23:35:50.550+0500] {processor.py:830} INFO - Processing file /home/nicolaspc/anaconda3/envs/mlops_env/lib/python3.12/site-packages/airflow/example_dags/example_latest_only_with_trigger.py for tasks to queue
[2024-07-07T23:35:50.550+0500] {logging_mixin.py:188} INFO - [2024-07-07T23:35:50.550+0500] {dagbag.py:545} INFO - Filling up the DagBag from /home/nicolaspc/anaconda3/envs/mlops_env/lib/python3.12/site-packages/airflow/example_dags/example_latest_only_with_trigger.py
[2024-07-07T23:35:50.554+0500] {processor.py:840} INFO - DAG(s) 'latest_only_with_trigger' retrieved from /home/nicolaspc/anaconda3/envs/mlops_env/lib/python3.12/site-packages/airflow/example_dags/example_latest_only_with_trigger.py
[2024-07-07T23:35:50.575+0500] {logging_mixin.py:188} INFO - [2024-07-07T23:35:50.575+0500] {dag.py:3096} INFO - Sync 1 DAGs
[2024-07-07T23:35:50.591+0500] {logging_mixin.py:188} INFO - [2024-07-07T23:35:50.591+0500] {dag.py:3954} INFO - Setting next_dagrun for latest_only_with_trigger to 2024-07-07 12:00:00+00:00, run_after=2024-07-07 16:00:00+00:00
[2024-07-07T23:35:50.607+0500] {processor.py:183} INFO - Processing /home/nicolaspc/anaconda3/envs/mlops_env/lib/python3.12/site-packages/airflow/example_dags/example_latest_only_with_trigger.py took 0.064 seconds
[2024-07-07T23:36:21.256+0500] {processor.py:161} INFO - Started process (PID=14249) to work on /home/nicolaspc/anaconda3/envs/mlops_env/lib/python3.12/site-packages/airflow/example_dags/example_latest_only_with_trigger.py
[2024-07-07T23:36:21.257+0500] {processor.py:830} INFO - Processing file /home/nicolaspc/anaconda3/envs/mlops_env/lib/python3.12/site-packages/airflow/example_dags/example_latest_only_with_trigger.py for tasks to queue
[2024-07-07T23:36:21.257+0500] {logging_mixin.py:188} INFO - [2024-07-07T23:36:21.257+0500] {dagbag.py:545} INFO - Filling up the DagBag from /home/nicolaspc/anaconda3/envs/mlops_env/lib/python3.12/site-packages/airflow/example_dags/example_latest_only_with_trigger.py
[2024-07-07T23:36:21.261+0500] {processor.py:840} INFO - DAG(s) 'latest_only_with_trigger' retrieved from /home/nicolaspc/anaconda3/envs/mlops_env/lib/python3.12/site-packages/airflow/example_dags/example_latest_only_with_trigger.py
[2024-07-07T23:36:21.282+0500] {logging_mixin.py:188} INFO - [2024-07-07T23:36:21.282+0500] {dag.py:3096} INFO - Sync 1 DAGs
[2024-07-07T23:36:21.297+0500] {logging_mixin.py:188} INFO - [2024-07-07T23:36:21.297+0500] {dag.py:3954} INFO - Setting next_dagrun for latest_only_with_trigger to 2024-07-07 12:00:00+00:00, run_after=2024-07-07 16:00:00+00:00
[2024-07-07T23:36:21.311+0500] {processor.py:183} INFO - Processing /home/nicolaspc/anaconda3/envs/mlops_env/lib/python3.12/site-packages/airflow/example_dags/example_latest_only_with_trigger.py took 0.061 seconds
[2024-07-07T23:36:41.517+0500] {processor.py:161} INFO - Started process (PID=14395) to work on /home/nicolaspc/anaconda3/envs/mlops_env/lib/python3.12/site-packages/airflow/example_dags/example_latest_only_with_trigger.py
[2024-07-07T23:36:41.519+0500] {processor.py:830} INFO - Processing file /home/nicolaspc/anaconda3/envs/mlops_env/lib/python3.12/site-packages/airflow/example_dags/example_latest_only_with_trigger.py for tasks to queue
[2024-07-07T23:36:41.520+0500] {logging_mixin.py:188} INFO - [2024-07-07T23:36:41.520+0500] {dagbag.py:545} INFO - Filling up the DagBag from /home/nicolaspc/anaconda3/envs/mlops_env/lib/python3.12/site-packages/airflow/example_dags/example_latest_only_with_trigger.py
[2024-07-07T23:36:41.523+0500] {processor.py:840} INFO - DAG(s) 'latest_only_with_trigger' retrieved from /home/nicolaspc/anaconda3/envs/mlops_env/lib/python3.12/site-packages/airflow/example_dags/example_latest_only_with_trigger.py
[2024-07-07T23:36:41.600+0500] {logging_mixin.py:188} INFO - [2024-07-07T23:36:41.600+0500] {override.py:1829} INFO - Created Permission View: can delete on DAG:latest_only_with_trigger
[2024-07-07T23:36:41.614+0500] {logging_mixin.py:188} INFO - [2024-07-07T23:36:41.613+0500] {override.py:1829} INFO - Created Permission View: can edit on DAG:latest_only_with_trigger
[2024-07-07T23:36:41.626+0500] {logging_mixin.py:188} INFO - [2024-07-07T23:36:41.625+0500] {override.py:1829} INFO - Created Permission View: can read on DAG:latest_only_with_trigger
[2024-07-07T23:36:41.626+0500] {logging_mixin.py:188} INFO - [2024-07-07T23:36:41.626+0500] {dag.py:3096} INFO - Sync 1 DAGs
[2024-07-07T23:36:41.632+0500] {logging_mixin.py:188} INFO - [2024-07-07T23:36:41.632+0500] {dag.py:3118} INFO - Creating ORM DAG for latest_only_with_trigger
[2024-07-07T23:36:41.637+0500] {logging_mixin.py:188} INFO - [2024-07-07T23:36:41.637+0500] {dag.py:3954} INFO - Setting next_dagrun for latest_only_with_trigger to 2024-07-07 12:00:00+00:00, run_after=2024-07-07 16:00:00+00:00
[2024-07-07T23:36:41.657+0500] {processor.py:183} INFO - Processing /home/nicolaspc/anaconda3/envs/mlops_env/lib/python3.12/site-packages/airflow/example_dags/example_latest_only_with_trigger.py took 0.143 seconds
[2024-07-07T23:36:51.798+0500] {processor.py:161} INFO - Started process (PID=14640) to work on /home/nicolaspc/anaconda3/envs/mlops_env/lib/python3.12/site-packages/airflow/example_dags/example_latest_only_with_trigger.py
[2024-07-07T23:36:51.799+0500] {processor.py:830} INFO - Processing file /home/nicolaspc/anaconda3/envs/mlops_env/lib/python3.12/site-packages/airflow/example_dags/example_latest_only_with_trigger.py for tasks to queue
[2024-07-07T23:36:51.799+0500] {logging_mixin.py:188} INFO - [2024-07-07T23:36:51.799+0500] {dagbag.py:545} INFO - Filling up the DagBag from /home/nicolaspc/anaconda3/envs/mlops_env/lib/python3.12/site-packages/airflow/example_dags/example_latest_only_with_trigger.py
[2024-07-07T23:36:51.803+0500] {processor.py:840} INFO - DAG(s) 'latest_only_with_trigger' retrieved from /home/nicolaspc/anaconda3/envs/mlops_env/lib/python3.12/site-packages/airflow/example_dags/example_latest_only_with_trigger.py
[2024-07-07T23:36:51.823+0500] {logging_mixin.py:188} INFO - [2024-07-07T23:36:51.823+0500] {dag.py:3096} INFO - Sync 1 DAGs
[2024-07-07T23:36:51.838+0500] {logging_mixin.py:188} INFO - [2024-07-07T23:36:51.838+0500] {dag.py:3954} INFO - Setting next_dagrun for latest_only_with_trigger to 2024-07-07 12:00:00+00:00, run_after=2024-07-07 16:00:00+00:00
[2024-07-07T23:36:51.853+0500] {processor.py:183} INFO - Processing /home/nicolaspc/anaconda3/envs/mlops_env/lib/python3.12/site-packages/airflow/example_dags/example_latest_only_with_trigger.py took 0.061 seconds
[2024-07-07T23:37:22.213+0500] {processor.py:161} INFO - Started process (PID=14996) to work on /home/nicolaspc/anaconda3/envs/mlops_env/lib/python3.12/site-packages/airflow/example_dags/example_latest_only_with_trigger.py
[2024-07-07T23:37:22.214+0500] {processor.py:830} INFO - Processing file /home/nicolaspc/anaconda3/envs/mlops_env/lib/python3.12/site-packages/airflow/example_dags/example_latest_only_with_trigger.py for tasks to queue
[2024-07-07T23:37:22.214+0500] {logging_mixin.py:188} INFO - [2024-07-07T23:37:22.214+0500] {dagbag.py:545} INFO - Filling up the DagBag from /home/nicolaspc/anaconda3/envs/mlops_env/lib/python3.12/site-packages/airflow/example_dags/example_latest_only_with_trigger.py
[2024-07-07T23:37:22.218+0500] {processor.py:840} INFO - DAG(s) 'latest_only_with_trigger' retrieved from /home/nicolaspc/anaconda3/envs/mlops_env/lib/python3.12/site-packages/airflow/example_dags/example_latest_only_with_trigger.py
[2024-07-07T23:37:22.237+0500] {logging_mixin.py:188} INFO - [2024-07-07T23:37:22.236+0500] {dag.py:3096} INFO - Sync 1 DAGs
[2024-07-07T23:37:22.253+0500] {logging_mixin.py:188} INFO - [2024-07-07T23:37:22.253+0500] {dag.py:3954} INFO - Setting next_dagrun for latest_only_with_trigger to 2024-07-07 12:00:00+00:00, run_after=2024-07-07 16:00:00+00:00
[2024-07-07T23:37:22.268+0500] {processor.py:183} INFO - Processing /home/nicolaspc/anaconda3/envs/mlops_env/lib/python3.12/site-packages/airflow/example_dags/example_latest_only_with_trigger.py took 0.061 seconds
[2024-07-07T23:37:32.247+0500] {processor.py:161} INFO - Started process (PID=15136) to work on /home/nicolaspc/anaconda3/envs/mlops_env/lib/python3.12/site-packages/airflow/example_dags/example_latest_only_with_trigger.py
[2024-07-07T23:37:32.255+0500] {processor.py:830} INFO - Processing file /home/nicolaspc/anaconda3/envs/mlops_env/lib/python3.12/site-packages/airflow/example_dags/example_latest_only_with_trigger.py for tasks to queue
[2024-07-07T23:37:32.257+0500] {logging_mixin.py:188} INFO - [2024-07-07T23:37:32.256+0500] {dagbag.py:545} INFO - Filling up the DagBag from /home/nicolaspc/anaconda3/envs/mlops_env/lib/python3.12/site-packages/airflow/example_dags/example_latest_only_with_trigger.py
[2024-07-07T23:37:32.261+0500] {processor.py:840} INFO - DAG(s) 'latest_only_with_trigger' retrieved from /home/nicolaspc/anaconda3/envs/mlops_env/lib/python3.12/site-packages/airflow/example_dags/example_latest_only_with_trigger.py
[2024-07-07T23:37:32.271+0500] {logging_mixin.py:188} INFO - [2024-07-07T23:37:32.271+0500] {dag.py:3096} INFO - Sync 1 DAGs
[2024-07-07T23:37:32.283+0500] {logging_mixin.py:188} INFO - [2024-07-07T23:37:32.283+0500] {dag.py:3954} INFO - Setting next_dagrun for latest_only_with_trigger to 2024-07-07 12:00:00+00:00, run_after=2024-07-07 16:00:00+00:00
[2024-07-07T23:37:32.316+0500] {processor.py:183} INFO - Processing /home/nicolaspc/anaconda3/envs/mlops_env/lib/python3.12/site-packages/airflow/example_dags/example_latest_only_with_trigger.py took 0.073 seconds
[2024-07-07T23:37:52.722+0500] {processor.py:161} INFO - Started process (PID=15381) to work on /home/nicolaspc/anaconda3/envs/mlops_env/lib/python3.12/site-packages/airflow/example_dags/example_latest_only_with_trigger.py
[2024-07-07T23:37:52.722+0500] {processor.py:830} INFO - Processing file /home/nicolaspc/anaconda3/envs/mlops_env/lib/python3.12/site-packages/airflow/example_dags/example_latest_only_with_trigger.py for tasks to queue
[2024-07-07T23:37:52.723+0500] {logging_mixin.py:188} INFO - [2024-07-07T23:37:52.723+0500] {dagbag.py:545} INFO - Filling up the DagBag from /home/nicolaspc/anaconda3/envs/mlops_env/lib/python3.12/site-packages/airflow/example_dags/example_latest_only_with_trigger.py
[2024-07-07T23:37:52.727+0500] {processor.py:840} INFO - DAG(s) 'latest_only_with_trigger' retrieved from /home/nicolaspc/anaconda3/envs/mlops_env/lib/python3.12/site-packages/airflow/example_dags/example_latest_only_with_trigger.py
[2024-07-07T23:37:52.747+0500] {logging_mixin.py:188} INFO - [2024-07-07T23:37:52.747+0500] {dag.py:3096} INFO - Sync 1 DAGs
[2024-07-07T23:37:52.762+0500] {logging_mixin.py:188} INFO - [2024-07-07T23:37:52.762+0500] {dag.py:3954} INFO - Setting next_dagrun for latest_only_with_trigger to 2024-07-07 12:00:00+00:00, run_after=2024-07-07 16:00:00+00:00
[2024-07-07T23:37:52.777+0500] {processor.py:183} INFO - Processing /home/nicolaspc/anaconda3/envs/mlops_env/lib/python3.12/site-packages/airflow/example_dags/example_latest_only_with_trigger.py took 0.061 seconds
[2024-07-07T23:38:23.465+0500] {processor.py:161} INFO - Started process (PID=15802) to work on /home/nicolaspc/anaconda3/envs/mlops_env/lib/python3.12/site-packages/airflow/example_dags/example_latest_only_with_trigger.py
[2024-07-07T23:38:23.466+0500] {processor.py:830} INFO - Processing file /home/nicolaspc/anaconda3/envs/mlops_env/lib/python3.12/site-packages/airflow/example_dags/example_latest_only_with_trigger.py for tasks to queue
[2024-07-07T23:38:23.466+0500] {logging_mixin.py:188} INFO - [2024-07-07T23:38:23.466+0500] {dagbag.py:545} INFO - Filling up the DagBag from /home/nicolaspc/anaconda3/envs/mlops_env/lib/python3.12/site-packages/airflow/example_dags/example_latest_only_with_trigger.py
[2024-07-07T23:38:23.471+0500] {processor.py:840} INFO - DAG(s) 'latest_only_with_trigger' retrieved from /home/nicolaspc/anaconda3/envs/mlops_env/lib/python3.12/site-packages/airflow/example_dags/example_latest_only_with_trigger.py
[2024-07-07T23:38:23.493+0500] {logging_mixin.py:188} INFO - [2024-07-07T23:38:23.493+0500] {dag.py:3096} INFO - Sync 1 DAGs
[2024-07-07T23:38:23.510+0500] {logging_mixin.py:188} INFO - [2024-07-07T23:38:23.510+0500] {dag.py:3954} INFO - Setting next_dagrun for latest_only_with_trigger to 2024-07-07 12:00:00+00:00, run_after=2024-07-07 16:00:00+00:00
[2024-07-07T23:38:23.527+0500] {processor.py:183} INFO - Processing /home/nicolaspc/anaconda3/envs/mlops_env/lib/python3.12/site-packages/airflow/example_dags/example_latest_only_with_trigger.py took 0.068 seconds
[2024-07-07T23:38:28.844+0500] {processor.py:161} INFO - Started process (PID=15907) to work on /home/nicolaspc/anaconda3/envs/mlops_env/lib/python3.12/site-packages/airflow/example_dags/example_latest_only_with_trigger.py
[2024-07-07T23:38:28.853+0500] {processor.py:830} INFO - Processing file /home/nicolaspc/anaconda3/envs/mlops_env/lib/python3.12/site-packages/airflow/example_dags/example_latest_only_with_trigger.py for tasks to queue
[2024-07-07T23:38:28.855+0500] {logging_mixin.py:188} INFO - [2024-07-07T23:38:28.855+0500] {dagbag.py:545} INFO - Filling up the DagBag from /home/nicolaspc/anaconda3/envs/mlops_env/lib/python3.12/site-packages/airflow/example_dags/example_latest_only_with_trigger.py
[2024-07-07T23:38:28.859+0500] {processor.py:840} INFO - DAG(s) 'latest_only_with_trigger' retrieved from /home/nicolaspc/anaconda3/envs/mlops_env/lib/python3.12/site-packages/airflow/example_dags/example_latest_only_with_trigger.py
[2024-07-07T23:38:28.869+0500] {logging_mixin.py:188} INFO - [2024-07-07T23:38:28.869+0500] {dag.py:3096} INFO - Sync 1 DAGs
[2024-07-07T23:38:28.880+0500] {logging_mixin.py:188} INFO - [2024-07-07T23:38:28.880+0500] {dag.py:3954} INFO - Setting next_dagrun for latest_only_with_trigger to 2024-07-07 12:00:00+00:00, run_after=2024-07-07 16:00:00+00:00
[2024-07-07T23:38:28.902+0500] {processor.py:183} INFO - Processing /home/nicolaspc/anaconda3/envs/mlops_env/lib/python3.12/site-packages/airflow/example_dags/example_latest_only_with_trigger.py took 0.061 seconds
[2024-07-07T23:38:54.281+0500] {processor.py:161} INFO - Started process (PID=16161) to work on /home/nicolaspc/anaconda3/envs/mlops_env/lib/python3.12/site-packages/airflow/example_dags/example_latest_only_with_trigger.py
[2024-07-07T23:38:54.282+0500] {processor.py:830} INFO - Processing file /home/nicolaspc/anaconda3/envs/mlops_env/lib/python3.12/site-packages/airflow/example_dags/example_latest_only_with_trigger.py for tasks to queue
[2024-07-07T23:38:54.282+0500] {logging_mixin.py:188} INFO - [2024-07-07T23:38:54.282+0500] {dagbag.py:545} INFO - Filling up the DagBag from /home/nicolaspc/anaconda3/envs/mlops_env/lib/python3.12/site-packages/airflow/example_dags/example_latest_only_with_trigger.py
[2024-07-07T23:38:54.286+0500] {processor.py:840} INFO - DAG(s) 'latest_only_with_trigger' retrieved from /home/nicolaspc/anaconda3/envs/mlops_env/lib/python3.12/site-packages/airflow/example_dags/example_latest_only_with_trigger.py
[2024-07-07T23:38:54.308+0500] {logging_mixin.py:188} INFO - [2024-07-07T23:38:54.308+0500] {dag.py:3096} INFO - Sync 1 DAGs
[2024-07-07T23:38:54.325+0500] {logging_mixin.py:188} INFO - [2024-07-07T23:38:54.325+0500] {dag.py:3954} INFO - Setting next_dagrun for latest_only_with_trigger to 2024-07-07 12:00:00+00:00, run_after=2024-07-07 16:00:00+00:00
[2024-07-07T23:38:54.340+0500] {processor.py:183} INFO - Processing /home/nicolaspc/anaconda3/envs/mlops_env/lib/python3.12/site-packages/airflow/example_dags/example_latest_only_with_trigger.py took 0.065 seconds
[2024-07-07T23:39:24.710+0500] {processor.py:161} INFO - Started process (PID=16555) to work on /home/nicolaspc/anaconda3/envs/mlops_env/lib/python3.12/site-packages/airflow/example_dags/example_latest_only_with_trigger.py
[2024-07-07T23:39:24.711+0500] {processor.py:830} INFO - Processing file /home/nicolaspc/anaconda3/envs/mlops_env/lib/python3.12/site-packages/airflow/example_dags/example_latest_only_with_trigger.py for tasks to queue
[2024-07-07T23:39:24.711+0500] {logging_mixin.py:188} INFO - [2024-07-07T23:39:24.711+0500] {dagbag.py:545} INFO - Filling up the DagBag from /home/nicolaspc/anaconda3/envs/mlops_env/lib/python3.12/site-packages/airflow/example_dags/example_latest_only_with_trigger.py
[2024-07-07T23:39:24.715+0500] {processor.py:840} INFO - DAG(s) 'latest_only_with_trigger' retrieved from /home/nicolaspc/anaconda3/envs/mlops_env/lib/python3.12/site-packages/airflow/example_dags/example_latest_only_with_trigger.py
[2024-07-07T23:39:24.735+0500] {logging_mixin.py:188} INFO - [2024-07-07T23:39:24.735+0500] {dag.py:3096} INFO - Sync 1 DAGs
[2024-07-07T23:39:24.752+0500] {logging_mixin.py:188} INFO - [2024-07-07T23:39:24.752+0500] {dag.py:3954} INFO - Setting next_dagrun for latest_only_with_trigger to 2024-07-07 12:00:00+00:00, run_after=2024-07-07 16:00:00+00:00
[2024-07-07T23:39:24.768+0500] {processor.py:183} INFO - Processing /home/nicolaspc/anaconda3/envs/mlops_env/lib/python3.12/site-packages/airflow/example_dags/example_latest_only_with_trigger.py took 0.063 seconds
[2024-07-07T23:39:31.472+0500] {processor.py:161} INFO - Started process (PID=16662) to work on /home/nicolaspc/anaconda3/envs/mlops_env/lib/python3.12/site-packages/airflow/example_dags/example_latest_only_with_trigger.py
[2024-07-07T23:39:31.481+0500] {processor.py:830} INFO - Processing file /home/nicolaspc/anaconda3/envs/mlops_env/lib/python3.12/site-packages/airflow/example_dags/example_latest_only_with_trigger.py for tasks to queue
[2024-07-07T23:39:31.482+0500] {logging_mixin.py:188} INFO - [2024-07-07T23:39:31.482+0500] {dagbag.py:545} INFO - Filling up the DagBag from /home/nicolaspc/anaconda3/envs/mlops_env/lib/python3.12/site-packages/airflow/example_dags/example_latest_only_with_trigger.py
[2024-07-07T23:39:31.485+0500] {processor.py:840} INFO - DAG(s) 'latest_only_with_trigger' retrieved from /home/nicolaspc/anaconda3/envs/mlops_env/lib/python3.12/site-packages/airflow/example_dags/example_latest_only_with_trigger.py
[2024-07-07T23:39:31.496+0500] {logging_mixin.py:188} INFO - [2024-07-07T23:39:31.496+0500] {dag.py:3096} INFO - Sync 1 DAGs
[2024-07-07T23:39:31.507+0500] {logging_mixin.py:188} INFO - [2024-07-07T23:39:31.507+0500] {dag.py:3954} INFO - Setting next_dagrun for latest_only_with_trigger to 2024-07-07 12:00:00+00:00, run_after=2024-07-07 16:00:00+00:00
[2024-07-07T23:39:31.537+0500] {processor.py:183} INFO - Processing /home/nicolaspc/anaconda3/envs/mlops_env/lib/python3.12/site-packages/airflow/example_dags/example_latest_only_with_trigger.py took 0.068 seconds
[2024-07-07T23:39:55.365+0500] {processor.py:161} INFO - Started process (PID=16912) to work on /home/nicolaspc/anaconda3/envs/mlops_env/lib/python3.12/site-packages/airflow/example_dags/example_latest_only_with_trigger.py
[2024-07-07T23:39:55.366+0500] {processor.py:830} INFO - Processing file /home/nicolaspc/anaconda3/envs/mlops_env/lib/python3.12/site-packages/airflow/example_dags/example_latest_only_with_trigger.py for tasks to queue
[2024-07-07T23:39:55.366+0500] {logging_mixin.py:188} INFO - [2024-07-07T23:39:55.366+0500] {dagbag.py:545} INFO - Filling up the DagBag from /home/nicolaspc/anaconda3/envs/mlops_env/lib/python3.12/site-packages/airflow/example_dags/example_latest_only_with_trigger.py
[2024-07-07T23:39:55.370+0500] {processor.py:840} INFO - DAG(s) 'latest_only_with_trigger' retrieved from /home/nicolaspc/anaconda3/envs/mlops_env/lib/python3.12/site-packages/airflow/example_dags/example_latest_only_with_trigger.py
[2024-07-07T23:39:55.390+0500] {logging_mixin.py:188} INFO - [2024-07-07T23:39:55.390+0500] {dag.py:3096} INFO - Sync 1 DAGs
[2024-07-07T23:39:55.405+0500] {logging_mixin.py:188} INFO - [2024-07-07T23:39:55.405+0500] {dag.py:3954} INFO - Setting next_dagrun for latest_only_with_trigger to 2024-07-07 12:00:00+00:00, run_after=2024-07-07 16:00:00+00:00
[2024-07-07T23:39:55.420+0500] {processor.py:183} INFO - Processing /home/nicolaspc/anaconda3/envs/mlops_env/lib/python3.12/site-packages/airflow/example_dags/example_latest_only_with_trigger.py took 0.061 seconds
[2024-07-07T23:40:26.068+0500] {processor.py:161} INFO - Started process (PID=17342) to work on /home/nicolaspc/anaconda3/envs/mlops_env/lib/python3.12/site-packages/airflow/example_dags/example_latest_only_with_trigger.py
[2024-07-07T23:40:26.068+0500] {processor.py:830} INFO - Processing file /home/nicolaspc/anaconda3/envs/mlops_env/lib/python3.12/site-packages/airflow/example_dags/example_latest_only_with_trigger.py for tasks to queue
[2024-07-07T23:40:26.069+0500] {logging_mixin.py:188} INFO - [2024-07-07T23:40:26.068+0500] {dagbag.py:545} INFO - Filling up the DagBag from /home/nicolaspc/anaconda3/envs/mlops_env/lib/python3.12/site-packages/airflow/example_dags/example_latest_only_with_trigger.py
[2024-07-07T23:40:26.073+0500] {processor.py:840} INFO - DAG(s) 'latest_only_with_trigger' retrieved from /home/nicolaspc/anaconda3/envs/mlops_env/lib/python3.12/site-packages/airflow/example_dags/example_latest_only_with_trigger.py
[2024-07-07T23:40:26.095+0500] {logging_mixin.py:188} INFO - [2024-07-07T23:40:26.095+0500] {dag.py:3096} INFO - Sync 1 DAGs
[2024-07-07T23:40:26.113+0500] {logging_mixin.py:188} INFO - [2024-07-07T23:40:26.113+0500] {dag.py:3954} INFO - Setting next_dagrun for latest_only_with_trigger to 2024-07-07 12:00:00+00:00, run_after=2024-07-07 16:00:00+00:00
[2024-07-07T23:40:26.131+0500] {processor.py:183} INFO - Processing /home/nicolaspc/anaconda3/envs/mlops_env/lib/python3.12/site-packages/airflow/example_dags/example_latest_only_with_trigger.py took 0.070 seconds
[2024-07-07T23:40:30.905+0500] {processor.py:161} INFO - Started process (PID=17448) to work on /home/nicolaspc/anaconda3/envs/mlops_env/lib/python3.12/site-packages/airflow/example_dags/example_latest_only_with_trigger.py
[2024-07-07T23:40:30.913+0500] {processor.py:830} INFO - Processing file /home/nicolaspc/anaconda3/envs/mlops_env/lib/python3.12/site-packages/airflow/example_dags/example_latest_only_with_trigger.py for tasks to queue
[2024-07-07T23:40:30.916+0500] {logging_mixin.py:188} INFO - [2024-07-07T23:40:30.915+0500] {dagbag.py:545} INFO - Filling up the DagBag from /home/nicolaspc/anaconda3/envs/mlops_env/lib/python3.12/site-packages/airflow/example_dags/example_latest_only_with_trigger.py
[2024-07-07T23:40:30.920+0500] {processor.py:840} INFO - DAG(s) 'latest_only_with_trigger' retrieved from /home/nicolaspc/anaconda3/envs/mlops_env/lib/python3.12/site-packages/airflow/example_dags/example_latest_only_with_trigger.py
[2024-07-07T23:40:30.931+0500] {logging_mixin.py:188} INFO - [2024-07-07T23:40:30.931+0500] {dag.py:3096} INFO - Sync 1 DAGs
[2024-07-07T23:40:30.943+0500] {logging_mixin.py:188} INFO - [2024-07-07T23:40:30.943+0500] {dag.py:3954} INFO - Setting next_dagrun for latest_only_with_trigger to 2024-07-07 12:00:00+00:00, run_after=2024-07-07 16:00:00+00:00
[2024-07-07T23:40:30.966+0500] {processor.py:183} INFO - Processing /home/nicolaspc/anaconda3/envs/mlops_env/lib/python3.12/site-packages/airflow/example_dags/example_latest_only_with_trigger.py took 0.065 seconds
[2024-07-07T23:40:56.911+0500] {processor.py:161} INFO - Started process (PID=17709) to work on /home/nicolaspc/anaconda3/envs/mlops_env/lib/python3.12/site-packages/airflow/example_dags/example_latest_only_with_trigger.py
[2024-07-07T23:40:56.912+0500] {processor.py:830} INFO - Processing file /home/nicolaspc/anaconda3/envs/mlops_env/lib/python3.12/site-packages/airflow/example_dags/example_latest_only_with_trigger.py for tasks to queue
[2024-07-07T23:40:56.912+0500] {logging_mixin.py:188} INFO - [2024-07-07T23:40:56.912+0500] {dagbag.py:545} INFO - Filling up the DagBag from /home/nicolaspc/anaconda3/envs/mlops_env/lib/python3.12/site-packages/airflow/example_dags/example_latest_only_with_trigger.py
[2024-07-07T23:40:56.917+0500] {processor.py:840} INFO - DAG(s) 'latest_only_with_trigger' retrieved from /home/nicolaspc/anaconda3/envs/mlops_env/lib/python3.12/site-packages/airflow/example_dags/example_latest_only_with_trigger.py
[2024-07-07T23:40:56.937+0500] {logging_mixin.py:188} INFO - [2024-07-07T23:40:56.937+0500] {dag.py:3096} INFO - Sync 1 DAGs
[2024-07-07T23:40:56.955+0500] {logging_mixin.py:188} INFO - [2024-07-07T23:40:56.955+0500] {dag.py:3954} INFO - Setting next_dagrun for latest_only_with_trigger to 2024-07-07 12:00:00+00:00, run_after=2024-07-07 16:00:00+00:00
[2024-07-07T23:40:56.972+0500] {processor.py:183} INFO - Processing /home/nicolaspc/anaconda3/envs/mlops_env/lib/python3.12/site-packages/airflow/example_dags/example_latest_only_with_trigger.py took 0.067 seconds
[2024-07-07T23:41:27.789+0500] {processor.py:161} INFO - Started process (PID=18123) to work on /home/nicolaspc/anaconda3/envs/mlops_env/lib/python3.12/site-packages/airflow/example_dags/example_latest_only_with_trigger.py
[2024-07-07T23:41:27.790+0500] {processor.py:830} INFO - Processing file /home/nicolaspc/anaconda3/envs/mlops_env/lib/python3.12/site-packages/airflow/example_dags/example_latest_only_with_trigger.py for tasks to queue
[2024-07-07T23:41:27.790+0500] {logging_mixin.py:188} INFO - [2024-07-07T23:41:27.790+0500] {dagbag.py:545} INFO - Filling up the DagBag from /home/nicolaspc/anaconda3/envs/mlops_env/lib/python3.12/site-packages/airflow/example_dags/example_latest_only_with_trigger.py
[2024-07-07T23:41:27.794+0500] {processor.py:840} INFO - DAG(s) 'latest_only_with_trigger' retrieved from /home/nicolaspc/anaconda3/envs/mlops_env/lib/python3.12/site-packages/airflow/example_dags/example_latest_only_with_trigger.py
[2024-07-07T23:41:27.815+0500] {logging_mixin.py:188} INFO - [2024-07-07T23:41:27.815+0500] {dag.py:3096} INFO - Sync 1 DAGs
[2024-07-07T23:41:27.832+0500] {logging_mixin.py:188} INFO - [2024-07-07T23:41:27.832+0500] {dag.py:3954} INFO - Setting next_dagrun for latest_only_with_trigger to 2024-07-07 12:00:00+00:00, run_after=2024-07-07 16:00:00+00:00
[2024-07-07T23:41:27.853+0500] {processor.py:183} INFO - Processing /home/nicolaspc/anaconda3/envs/mlops_env/lib/python3.12/site-packages/airflow/example_dags/example_latest_only_with_trigger.py took 0.071 seconds
[2024-07-07T23:41:33.006+0500] {processor.py:161} INFO - Started process (PID=18234) to work on /home/nicolaspc/anaconda3/envs/mlops_env/lib/python3.12/site-packages/airflow/example_dags/example_latest_only_with_trigger.py
[2024-07-07T23:41:33.015+0500] {processor.py:830} INFO - Processing file /home/nicolaspc/anaconda3/envs/mlops_env/lib/python3.12/site-packages/airflow/example_dags/example_latest_only_with_trigger.py for tasks to queue
[2024-07-07T23:41:33.017+0500] {logging_mixin.py:188} INFO - [2024-07-07T23:41:33.016+0500] {dagbag.py:545} INFO - Filling up the DagBag from /home/nicolaspc/anaconda3/envs/mlops_env/lib/python3.12/site-packages/airflow/example_dags/example_latest_only_with_trigger.py
[2024-07-07T23:41:33.020+0500] {processor.py:840} INFO - DAG(s) 'latest_only_with_trigger' retrieved from /home/nicolaspc/anaconda3/envs/mlops_env/lib/python3.12/site-packages/airflow/example_dags/example_latest_only_with_trigger.py
[2024-07-07T23:41:33.031+0500] {logging_mixin.py:188} INFO - [2024-07-07T23:41:33.031+0500] {dag.py:3096} INFO - Sync 1 DAGs
[2024-07-07T23:41:33.042+0500] {logging_mixin.py:188} INFO - [2024-07-07T23:41:33.042+0500] {dag.py:3954} INFO - Setting next_dagrun for latest_only_with_trigger to 2024-07-07 12:00:00+00:00, run_after=2024-07-07 16:00:00+00:00
[2024-07-07T23:41:33.064+0500] {processor.py:183} INFO - Processing /home/nicolaspc/anaconda3/envs/mlops_env/lib/python3.12/site-packages/airflow/example_dags/example_latest_only_with_trigger.py took 0.061 seconds
[2024-07-07T23:41:58.719+0500] {processor.py:161} INFO - Started process (PID=18502) to work on /home/nicolaspc/anaconda3/envs/mlops_env/lib/python3.12/site-packages/airflow/example_dags/example_latest_only_with_trigger.py
[2024-07-07T23:41:58.720+0500] {processor.py:830} INFO - Processing file /home/nicolaspc/anaconda3/envs/mlops_env/lib/python3.12/site-packages/airflow/example_dags/example_latest_only_with_trigger.py for tasks to queue
[2024-07-07T23:41:58.721+0500] {logging_mixin.py:188} INFO - [2024-07-07T23:41:58.721+0500] {dagbag.py:545} INFO - Filling up the DagBag from /home/nicolaspc/anaconda3/envs/mlops_env/lib/python3.12/site-packages/airflow/example_dags/example_latest_only_with_trigger.py
[2024-07-07T23:41:58.727+0500] {processor.py:840} INFO - DAG(s) 'latest_only_with_trigger' retrieved from /home/nicolaspc/anaconda3/envs/mlops_env/lib/python3.12/site-packages/airflow/example_dags/example_latest_only_with_trigger.py
[2024-07-07T23:41:58.750+0500] {logging_mixin.py:188} INFO - [2024-07-07T23:41:58.750+0500] {dag.py:3096} INFO - Sync 1 DAGs
[2024-07-07T23:41:58.775+0500] {logging_mixin.py:188} INFO - [2024-07-07T23:41:58.774+0500] {dag.py:3954} INFO - Setting next_dagrun for latest_only_with_trigger to 2024-07-07 12:00:00+00:00, run_after=2024-07-07 16:00:00+00:00
[2024-07-07T23:41:58.802+0500] {processor.py:183} INFO - Processing /home/nicolaspc/anaconda3/envs/mlops_env/lib/python3.12/site-packages/airflow/example_dags/example_latest_only_with_trigger.py took 0.093 seconds
[2024-07-07T23:42:29.565+0500] {processor.py:161} INFO - Started process (PID=18912) to work on /home/nicolaspc/anaconda3/envs/mlops_env/lib/python3.12/site-packages/airflow/example_dags/example_latest_only_with_trigger.py
[2024-07-07T23:42:29.566+0500] {processor.py:830} INFO - Processing file /home/nicolaspc/anaconda3/envs/mlops_env/lib/python3.12/site-packages/airflow/example_dags/example_latest_only_with_trigger.py for tasks to queue
[2024-07-07T23:42:29.566+0500] {logging_mixin.py:188} INFO - [2024-07-07T23:42:29.566+0500] {dagbag.py:545} INFO - Filling up the DagBag from /home/nicolaspc/anaconda3/envs/mlops_env/lib/python3.12/site-packages/airflow/example_dags/example_latest_only_with_trigger.py
[2024-07-07T23:42:29.570+0500] {processor.py:840} INFO - DAG(s) 'latest_only_with_trigger' retrieved from /home/nicolaspc/anaconda3/envs/mlops_env/lib/python3.12/site-packages/airflow/example_dags/example_latest_only_with_trigger.py
[2024-07-07T23:42:29.595+0500] {logging_mixin.py:188} INFO - [2024-07-07T23:42:29.595+0500] {dag.py:3096} INFO - Sync 1 DAGs
[2024-07-07T23:42:29.614+0500] {logging_mixin.py:188} INFO - [2024-07-07T23:42:29.614+0500] {dag.py:3954} INFO - Setting next_dagrun for latest_only_with_trigger to 2024-07-07 12:00:00+00:00, run_after=2024-07-07 16:00:00+00:00
[2024-07-07T23:42:29.633+0500] {processor.py:183} INFO - Processing /home/nicolaspc/anaconda3/envs/mlops_env/lib/python3.12/site-packages/airflow/example_dags/example_latest_only_with_trigger.py took 0.074 seconds
[2024-07-07T23:42:33.657+0500] {processor.py:161} INFO - Started process (PID=19015) to work on /home/nicolaspc/anaconda3/envs/mlops_env/lib/python3.12/site-packages/airflow/example_dags/example_latest_only_with_trigger.py
[2024-07-07T23:42:33.662+0500] {processor.py:830} INFO - Processing file /home/nicolaspc/anaconda3/envs/mlops_env/lib/python3.12/site-packages/airflow/example_dags/example_latest_only_with_trigger.py for tasks to queue
[2024-07-07T23:42:33.664+0500] {logging_mixin.py:188} INFO - [2024-07-07T23:42:33.664+0500] {dagbag.py:545} INFO - Filling up the DagBag from /home/nicolaspc/anaconda3/envs/mlops_env/lib/python3.12/site-packages/airflow/example_dags/example_latest_only_with_trigger.py
[2024-07-07T23:42:33.669+0500] {processor.py:840} INFO - DAG(s) 'latest_only_with_trigger' retrieved from /home/nicolaspc/anaconda3/envs/mlops_env/lib/python3.12/site-packages/airflow/example_dags/example_latest_only_with_trigger.py
[2024-07-07T23:42:33.684+0500] {logging_mixin.py:188} INFO - [2024-07-07T23:42:33.684+0500] {dag.py:3096} INFO - Sync 1 DAGs
[2024-07-07T23:42:33.703+0500] {logging_mixin.py:188} INFO - [2024-07-07T23:42:33.703+0500] {dag.py:3954} INFO - Setting next_dagrun for latest_only_with_trigger to 2024-07-07 12:00:00+00:00, run_after=2024-07-07 16:00:00+00:00
[2024-07-07T23:42:33.739+0500] {processor.py:183} INFO - Processing /home/nicolaspc/anaconda3/envs/mlops_env/lib/python3.12/site-packages/airflow/example_dags/example_latest_only_with_trigger.py took 0.087 seconds
[2024-07-07T23:43:00.350+0500] {processor.py:161} INFO - Started process (PID=19276) to work on /home/nicolaspc/anaconda3/envs/mlops_env/lib/python3.12/site-packages/airflow/example_dags/example_latest_only_with_trigger.py
[2024-07-07T23:43:00.351+0500] {processor.py:830} INFO - Processing file /home/nicolaspc/anaconda3/envs/mlops_env/lib/python3.12/site-packages/airflow/example_dags/example_latest_only_with_trigger.py for tasks to queue
[2024-07-07T23:43:00.352+0500] {logging_mixin.py:188} INFO - [2024-07-07T23:43:00.351+0500] {dagbag.py:545} INFO - Filling up the DagBag from /home/nicolaspc/anaconda3/envs/mlops_env/lib/python3.12/site-packages/airflow/example_dags/example_latest_only_with_trigger.py
[2024-07-07T23:43:00.355+0500] {processor.py:840} INFO - DAG(s) 'latest_only_with_trigger' retrieved from /home/nicolaspc/anaconda3/envs/mlops_env/lib/python3.12/site-packages/airflow/example_dags/example_latest_only_with_trigger.py
[2024-07-07T23:43:00.376+0500] {logging_mixin.py:188} INFO - [2024-07-07T23:43:00.375+0500] {dag.py:3096} INFO - Sync 1 DAGs
[2024-07-07T23:43:00.394+0500] {logging_mixin.py:188} INFO - [2024-07-07T23:43:00.394+0500] {dag.py:3954} INFO - Setting next_dagrun for latest_only_with_trigger to 2024-07-07 12:00:00+00:00, run_after=2024-07-07 16:00:00+00:00
[2024-07-07T23:43:00.408+0500] {processor.py:183} INFO - Processing /home/nicolaspc/anaconda3/envs/mlops_env/lib/python3.12/site-packages/airflow/example_dags/example_latest_only_with_trigger.py took 0.065 seconds
[2024-07-07T23:43:31.198+0500] {processor.py:161} INFO - Started process (PID=19600) to work on /home/nicolaspc/anaconda3/envs/mlops_env/lib/python3.12/site-packages/airflow/example_dags/example_latest_only_with_trigger.py
[2024-07-07T23:43:31.199+0500] {processor.py:830} INFO - Processing file /home/nicolaspc/anaconda3/envs/mlops_env/lib/python3.12/site-packages/airflow/example_dags/example_latest_only_with_trigger.py for tasks to queue
[2024-07-07T23:43:31.200+0500] {logging_mixin.py:188} INFO - [2024-07-07T23:43:31.199+0500] {dagbag.py:545} INFO - Filling up the DagBag from /home/nicolaspc/anaconda3/envs/mlops_env/lib/python3.12/site-packages/airflow/example_dags/example_latest_only_with_trigger.py
[2024-07-07T23:43:31.203+0500] {processor.py:840} INFO - DAG(s) 'latest_only_with_trigger' retrieved from /home/nicolaspc/anaconda3/envs/mlops_env/lib/python3.12/site-packages/airflow/example_dags/example_latest_only_with_trigger.py
[2024-07-07T23:43:31.223+0500] {logging_mixin.py:188} INFO - [2024-07-07T23:43:31.223+0500] {dag.py:3096} INFO - Sync 1 DAGs
[2024-07-07T23:43:31.238+0500] {logging_mixin.py:188} INFO - [2024-07-07T23:43:31.238+0500] {dag.py:3954} INFO - Setting next_dagrun for latest_only_with_trigger to 2024-07-07 12:00:00+00:00, run_after=2024-07-07 16:00:00+00:00
[2024-07-07T23:43:31.253+0500] {processor.py:183} INFO - Processing /home/nicolaspc/anaconda3/envs/mlops_env/lib/python3.12/site-packages/airflow/example_dags/example_latest_only_with_trigger.py took 0.061 seconds
[2024-07-07T23:44:01.733+0500] {processor.py:161} INFO - Started process (PID=19969) to work on /home/nicolaspc/anaconda3/envs/mlops_env/lib/python3.12/site-packages/airflow/example_dags/example_latest_only_with_trigger.py
[2024-07-07T23:44:01.734+0500] {processor.py:830} INFO - Processing file /home/nicolaspc/anaconda3/envs/mlops_env/lib/python3.12/site-packages/airflow/example_dags/example_latest_only_with_trigger.py for tasks to queue
[2024-07-07T23:44:01.734+0500] {logging_mixin.py:188} INFO - [2024-07-07T23:44:01.734+0500] {dagbag.py:545} INFO - Filling up the DagBag from /home/nicolaspc/anaconda3/envs/mlops_env/lib/python3.12/site-packages/airflow/example_dags/example_latest_only_with_trigger.py
[2024-07-07T23:44:01.738+0500] {processor.py:840} INFO - DAG(s) 'latest_only_with_trigger' retrieved from /home/nicolaspc/anaconda3/envs/mlops_env/lib/python3.12/site-packages/airflow/example_dags/example_latest_only_with_trigger.py
[2024-07-07T23:44:01.757+0500] {logging_mixin.py:188} INFO - [2024-07-07T23:44:01.757+0500] {dag.py:3096} INFO - Sync 1 DAGs
[2024-07-07T23:44:01.773+0500] {logging_mixin.py:188} INFO - [2024-07-07T23:44:01.773+0500] {dag.py:3954} INFO - Setting next_dagrun for latest_only_with_trigger to 2024-07-07 12:00:00+00:00, run_after=2024-07-07 16:00:00+00:00
[2024-07-07T23:44:01.789+0500] {processor.py:183} INFO - Processing /home/nicolaspc/anaconda3/envs/mlops_env/lib/python3.12/site-packages/airflow/example_dags/example_latest_only_with_trigger.py took 0.062 seconds
[2024-07-07T23:44:32.235+0500] {processor.py:161} INFO - Started process (PID=20332) to work on /home/nicolaspc/anaconda3/envs/mlops_env/lib/python3.12/site-packages/airflow/example_dags/example_latest_only_with_trigger.py
[2024-07-07T23:44:32.236+0500] {processor.py:830} INFO - Processing file /home/nicolaspc/anaconda3/envs/mlops_env/lib/python3.12/site-packages/airflow/example_dags/example_latest_only_with_trigger.py for tasks to queue
[2024-07-07T23:44:32.236+0500] {logging_mixin.py:188} INFO - [2024-07-07T23:44:32.236+0500] {dagbag.py:545} INFO - Filling up the DagBag from /home/nicolaspc/anaconda3/envs/mlops_env/lib/python3.12/site-packages/airflow/example_dags/example_latest_only_with_trigger.py
[2024-07-07T23:44:32.240+0500] {processor.py:840} INFO - DAG(s) 'latest_only_with_trigger' retrieved from /home/nicolaspc/anaconda3/envs/mlops_env/lib/python3.12/site-packages/airflow/example_dags/example_latest_only_with_trigger.py
[2024-07-07T23:44:32.261+0500] {logging_mixin.py:188} INFO - [2024-07-07T23:44:32.261+0500] {dag.py:3096} INFO - Sync 1 DAGs
[2024-07-07T23:44:32.278+0500] {logging_mixin.py:188} INFO - [2024-07-07T23:44:32.278+0500] {dag.py:3954} INFO - Setting next_dagrun for latest_only_with_trigger to 2024-07-07 12:00:00+00:00, run_after=2024-07-07 16:00:00+00:00
[2024-07-07T23:44:32.294+0500] {processor.py:183} INFO - Processing /home/nicolaspc/anaconda3/envs/mlops_env/lib/python3.12/site-packages/airflow/example_dags/example_latest_only_with_trigger.py took 0.065 seconds
[2024-07-07T23:45:02.862+0500] {processor.py:161} INFO - Started process (PID=20698) to work on /home/nicolaspc/anaconda3/envs/mlops_env/lib/python3.12/site-packages/airflow/example_dags/example_latest_only_with_trigger.py
[2024-07-07T23:45:02.863+0500] {processor.py:830} INFO - Processing file /home/nicolaspc/anaconda3/envs/mlops_env/lib/python3.12/site-packages/airflow/example_dags/example_latest_only_with_trigger.py for tasks to queue
[2024-07-07T23:45:02.863+0500] {logging_mixin.py:188} INFO - [2024-07-07T23:45:02.863+0500] {dagbag.py:545} INFO - Filling up the DagBag from /home/nicolaspc/anaconda3/envs/mlops_env/lib/python3.12/site-packages/airflow/example_dags/example_latest_only_with_trigger.py
[2024-07-07T23:45:02.867+0500] {processor.py:840} INFO - DAG(s) 'latest_only_with_trigger' retrieved from /home/nicolaspc/anaconda3/envs/mlops_env/lib/python3.12/site-packages/airflow/example_dags/example_latest_only_with_trigger.py
[2024-07-07T23:45:02.889+0500] {logging_mixin.py:188} INFO - [2024-07-07T23:45:02.888+0500] {dag.py:3096} INFO - Sync 1 DAGs
[2024-07-07T23:45:02.905+0500] {logging_mixin.py:188} INFO - [2024-07-07T23:45:02.905+0500] {dag.py:3954} INFO - Setting next_dagrun for latest_only_with_trigger to 2024-07-07 12:00:00+00:00, run_after=2024-07-07 16:00:00+00:00
[2024-07-07T23:45:02.922+0500] {processor.py:183} INFO - Processing /home/nicolaspc/anaconda3/envs/mlops_env/lib/python3.12/site-packages/airflow/example_dags/example_latest_only_with_trigger.py took 0.066 seconds
[2024-07-07T23:45:33.589+0500] {processor.py:161} INFO - Started process (PID=21025) to work on /home/nicolaspc/anaconda3/envs/mlops_env/lib/python3.12/site-packages/airflow/example_dags/example_latest_only_with_trigger.py
[2024-07-07T23:45:33.590+0500] {processor.py:830} INFO - Processing file /home/nicolaspc/anaconda3/envs/mlops_env/lib/python3.12/site-packages/airflow/example_dags/example_latest_only_with_trigger.py for tasks to queue
[2024-07-07T23:45:33.590+0500] {logging_mixin.py:188} INFO - [2024-07-07T23:45:33.590+0500] {dagbag.py:545} INFO - Filling up the DagBag from /home/nicolaspc/anaconda3/envs/mlops_env/lib/python3.12/site-packages/airflow/example_dags/example_latest_only_with_trigger.py
[2024-07-07T23:45:33.594+0500] {processor.py:840} INFO - DAG(s) 'latest_only_with_trigger' retrieved from /home/nicolaspc/anaconda3/envs/mlops_env/lib/python3.12/site-packages/airflow/example_dags/example_latest_only_with_trigger.py
[2024-07-07T23:45:33.614+0500] {logging_mixin.py:188} INFO - [2024-07-07T23:45:33.614+0500] {dag.py:3096} INFO - Sync 1 DAGs
[2024-07-07T23:45:33.629+0500] {logging_mixin.py:188} INFO - [2024-07-07T23:45:33.629+0500] {dag.py:3954} INFO - Setting next_dagrun for latest_only_with_trigger to 2024-07-07 12:00:00+00:00, run_after=2024-07-07 16:00:00+00:00
[2024-07-07T23:45:33.644+0500] {processor.py:183} INFO - Processing /home/nicolaspc/anaconda3/envs/mlops_env/lib/python3.12/site-packages/airflow/example_dags/example_latest_only_with_trigger.py took 0.061 seconds
[2024-07-07T23:46:04.276+0500] {processor.py:161} INFO - Started process (PID=21362) to work on /home/nicolaspc/anaconda3/envs/mlops_env/lib/python3.12/site-packages/airflow/example_dags/example_latest_only_with_trigger.py
[2024-07-07T23:46:04.276+0500] {processor.py:830} INFO - Processing file /home/nicolaspc/anaconda3/envs/mlops_env/lib/python3.12/site-packages/airflow/example_dags/example_latest_only_with_trigger.py for tasks to queue
[2024-07-07T23:46:04.277+0500] {logging_mixin.py:188} INFO - [2024-07-07T23:46:04.277+0500] {dagbag.py:545} INFO - Filling up the DagBag from /home/nicolaspc/anaconda3/envs/mlops_env/lib/python3.12/site-packages/airflow/example_dags/example_latest_only_with_trigger.py
[2024-07-07T23:46:04.281+0500] {processor.py:840} INFO - DAG(s) 'latest_only_with_trigger' retrieved from /home/nicolaspc/anaconda3/envs/mlops_env/lib/python3.12/site-packages/airflow/example_dags/example_latest_only_with_trigger.py
[2024-07-07T23:46:04.302+0500] {logging_mixin.py:188} INFO - [2024-07-07T23:46:04.302+0500] {dag.py:3096} INFO - Sync 1 DAGs
[2024-07-07T23:46:04.319+0500] {logging_mixin.py:188} INFO - [2024-07-07T23:46:04.319+0500] {dag.py:3954} INFO - Setting next_dagrun for latest_only_with_trigger to 2024-07-07 12:00:00+00:00, run_after=2024-07-07 16:00:00+00:00
[2024-07-07T23:46:04.334+0500] {processor.py:183} INFO - Processing /home/nicolaspc/anaconda3/envs/mlops_env/lib/python3.12/site-packages/airflow/example_dags/example_latest_only_with_trigger.py took 0.065 seconds
[2024-07-07T23:46:34.903+0500] {processor.py:161} INFO - Started process (PID=21727) to work on /home/nicolaspc/anaconda3/envs/mlops_env/lib/python3.12/site-packages/airflow/example_dags/example_latest_only_with_trigger.py
[2024-07-07T23:46:34.904+0500] {processor.py:830} INFO - Processing file /home/nicolaspc/anaconda3/envs/mlops_env/lib/python3.12/site-packages/airflow/example_dags/example_latest_only_with_trigger.py for tasks to queue
[2024-07-07T23:46:34.904+0500] {logging_mixin.py:188} INFO - [2024-07-07T23:46:34.904+0500] {dagbag.py:545} INFO - Filling up the DagBag from /home/nicolaspc/anaconda3/envs/mlops_env/lib/python3.12/site-packages/airflow/example_dags/example_latest_only_with_trigger.py
[2024-07-07T23:46:34.909+0500] {processor.py:840} INFO - DAG(s) 'latest_only_with_trigger' retrieved from /home/nicolaspc/anaconda3/envs/mlops_env/lib/python3.12/site-packages/airflow/example_dags/example_latest_only_with_trigger.py
[2024-07-07T23:46:34.929+0500] {logging_mixin.py:188} INFO - [2024-07-07T23:46:34.929+0500] {dag.py:3096} INFO - Sync 1 DAGs
[2024-07-07T23:46:34.945+0500] {logging_mixin.py:188} INFO - [2024-07-07T23:46:34.945+0500] {dag.py:3954} INFO - Setting next_dagrun for latest_only_with_trigger to 2024-07-07 12:00:00+00:00, run_after=2024-07-07 16:00:00+00:00
[2024-07-07T23:46:34.963+0500] {processor.py:183} INFO - Processing /home/nicolaspc/anaconda3/envs/mlops_env/lib/python3.12/site-packages/airflow/example_dags/example_latest_only_with_trigger.py took 0.066 seconds
[2024-07-07T23:47:05.589+0500] {processor.py:161} INFO - Started process (PID=22057) to work on /home/nicolaspc/anaconda3/envs/mlops_env/lib/python3.12/site-packages/airflow/example_dags/example_latest_only_with_trigger.py
[2024-07-07T23:47:05.590+0500] {processor.py:830} INFO - Processing file /home/nicolaspc/anaconda3/envs/mlops_env/lib/python3.12/site-packages/airflow/example_dags/example_latest_only_with_trigger.py for tasks to queue
[2024-07-07T23:47:05.590+0500] {logging_mixin.py:188} INFO - [2024-07-07T23:47:05.590+0500] {dagbag.py:545} INFO - Filling up the DagBag from /home/nicolaspc/anaconda3/envs/mlops_env/lib/python3.12/site-packages/airflow/example_dags/example_latest_only_with_trigger.py
[2024-07-07T23:47:05.594+0500] {processor.py:840} INFO - DAG(s) 'latest_only_with_trigger' retrieved from /home/nicolaspc/anaconda3/envs/mlops_env/lib/python3.12/site-packages/airflow/example_dags/example_latest_only_with_trigger.py
[2024-07-07T23:47:05.614+0500] {logging_mixin.py:188} INFO - [2024-07-07T23:47:05.614+0500] {dag.py:3096} INFO - Sync 1 DAGs
[2024-07-07T23:47:05.630+0500] {logging_mixin.py:188} INFO - [2024-07-07T23:47:05.630+0500] {dag.py:3954} INFO - Setting next_dagrun for latest_only_with_trigger to 2024-07-07 12:00:00+00:00, run_after=2024-07-07 16:00:00+00:00
[2024-07-07T23:47:05.644+0500] {processor.py:183} INFO - Processing /home/nicolaspc/anaconda3/envs/mlops_env/lib/python3.12/site-packages/airflow/example_dags/example_latest_only_with_trigger.py took 0.062 seconds
[2024-07-07T23:47:36.113+0500] {processor.py:161} INFO - Started process (PID=22385) to work on /home/nicolaspc/anaconda3/envs/mlops_env/lib/python3.12/site-packages/airflow/example_dags/example_latest_only_with_trigger.py
[2024-07-07T23:47:36.114+0500] {processor.py:830} INFO - Processing file /home/nicolaspc/anaconda3/envs/mlops_env/lib/python3.12/site-packages/airflow/example_dags/example_latest_only_with_trigger.py for tasks to queue
[2024-07-07T23:47:36.114+0500] {logging_mixin.py:188} INFO - [2024-07-07T23:47:36.114+0500] {dagbag.py:545} INFO - Filling up the DagBag from /home/nicolaspc/anaconda3/envs/mlops_env/lib/python3.12/site-packages/airflow/example_dags/example_latest_only_with_trigger.py
[2024-07-07T23:47:36.118+0500] {processor.py:840} INFO - DAG(s) 'latest_only_with_trigger' retrieved from /home/nicolaspc/anaconda3/envs/mlops_env/lib/python3.12/site-packages/airflow/example_dags/example_latest_only_with_trigger.py
[2024-07-07T23:47:36.138+0500] {logging_mixin.py:188} INFO - [2024-07-07T23:47:36.138+0500] {dag.py:3096} INFO - Sync 1 DAGs
[2024-07-07T23:47:36.154+0500] {logging_mixin.py:188} INFO - [2024-07-07T23:47:36.154+0500] {dag.py:3954} INFO - Setting next_dagrun for latest_only_with_trigger to 2024-07-07 12:00:00+00:00, run_after=2024-07-07 16:00:00+00:00
[2024-07-07T23:47:36.170+0500] {processor.py:183} INFO - Processing /home/nicolaspc/anaconda3/envs/mlops_env/lib/python3.12/site-packages/airflow/example_dags/example_latest_only_with_trigger.py took 0.063 seconds
[2024-07-07T23:48:06.548+0500] {processor.py:161} INFO - Started process (PID=22709) to work on /home/nicolaspc/anaconda3/envs/mlops_env/lib/python3.12/site-packages/airflow/example_dags/example_latest_only_with_trigger.py
[2024-07-07T23:48:06.558+0500] {processor.py:830} INFO - Processing file /home/nicolaspc/anaconda3/envs/mlops_env/lib/python3.12/site-packages/airflow/example_dags/example_latest_only_with_trigger.py for tasks to queue
[2024-07-07T23:48:06.559+0500] {logging_mixin.py:188} INFO - [2024-07-07T23:48:06.558+0500] {dagbag.py:545} INFO - Filling up the DagBag from /home/nicolaspc/anaconda3/envs/mlops_env/lib/python3.12/site-packages/airflow/example_dags/example_latest_only_with_trigger.py
[2024-07-07T23:48:06.563+0500] {processor.py:840} INFO - DAG(s) 'latest_only_with_trigger' retrieved from /home/nicolaspc/anaconda3/envs/mlops_env/lib/python3.12/site-packages/airflow/example_dags/example_latest_only_with_trigger.py
[2024-07-07T23:48:06.602+0500] {logging_mixin.py:188} INFO - [2024-07-07T23:48:06.602+0500] {dag.py:3096} INFO - Sync 1 DAGs
[2024-07-07T23:48:06.628+0500] {logging_mixin.py:188} INFO - [2024-07-07T23:48:06.628+0500] {dag.py:3954} INFO - Setting next_dagrun for latest_only_with_trigger to 2024-07-07 12:00:00+00:00, run_after=2024-07-07 16:00:00+00:00
[2024-07-07T23:48:06.659+0500] {processor.py:183} INFO - Processing /home/nicolaspc/anaconda3/envs/mlops_env/lib/python3.12/site-packages/airflow/example_dags/example_latest_only_with_trigger.py took 0.118 seconds
[2024-07-07T23:48:37.029+0500] {processor.py:161} INFO - Started process (PID=23045) to work on /home/nicolaspc/anaconda3/envs/mlops_env/lib/python3.12/site-packages/airflow/example_dags/example_latest_only_with_trigger.py
[2024-07-07T23:48:37.029+0500] {processor.py:830} INFO - Processing file /home/nicolaspc/anaconda3/envs/mlops_env/lib/python3.12/site-packages/airflow/example_dags/example_latest_only_with_trigger.py for tasks to queue
[2024-07-07T23:48:37.030+0500] {logging_mixin.py:188} INFO - [2024-07-07T23:48:37.030+0500] {dagbag.py:545} INFO - Filling up the DagBag from /home/nicolaspc/anaconda3/envs/mlops_env/lib/python3.12/site-packages/airflow/example_dags/example_latest_only_with_trigger.py
[2024-07-07T23:48:37.034+0500] {processor.py:840} INFO - DAG(s) 'latest_only_with_trigger' retrieved from /home/nicolaspc/anaconda3/envs/mlops_env/lib/python3.12/site-packages/airflow/example_dags/example_latest_only_with_trigger.py
[2024-07-07T23:48:37.059+0500] {logging_mixin.py:188} INFO - [2024-07-07T23:48:37.058+0500] {dag.py:3096} INFO - Sync 1 DAGs
[2024-07-07T23:48:37.077+0500] {logging_mixin.py:188} INFO - [2024-07-07T23:48:37.077+0500] {dag.py:3954} INFO - Setting next_dagrun for latest_only_with_trigger to 2024-07-07 12:00:00+00:00, run_after=2024-07-07 16:00:00+00:00
[2024-07-07T23:48:37.094+0500] {processor.py:183} INFO - Processing /home/nicolaspc/anaconda3/envs/mlops_env/lib/python3.12/site-packages/airflow/example_dags/example_latest_only_with_trigger.py took 0.071 seconds
[2024-07-07T23:49:09.059+0500] {processor.py:161} INFO - Started process (PID=23592) to work on /home/nicolaspc/anaconda3/envs/mlops_env/lib/python3.12/site-packages/airflow/example_dags/example_latest_only_with_trigger.py
[2024-07-07T23:49:09.059+0500] {processor.py:830} INFO - Processing file /home/nicolaspc/anaconda3/envs/mlops_env/lib/python3.12/site-packages/airflow/example_dags/example_latest_only_with_trigger.py for tasks to queue
[2024-07-07T23:49:09.060+0500] {logging_mixin.py:188} INFO - [2024-07-07T23:49:09.060+0500] {dagbag.py:545} INFO - Filling up the DagBag from /home/nicolaspc/anaconda3/envs/mlops_env/lib/python3.12/site-packages/airflow/example_dags/example_latest_only_with_trigger.py
[2024-07-07T23:49:09.064+0500] {processor.py:840} INFO - DAG(s) 'latest_only_with_trigger' retrieved from /home/nicolaspc/anaconda3/envs/mlops_env/lib/python3.12/site-packages/airflow/example_dags/example_latest_only_with_trigger.py
[2024-07-07T23:49:09.137+0500] {logging_mixin.py:188} INFO - [2024-07-07T23:49:09.136+0500] {dag.py:3096} INFO - Sync 1 DAGs
[2024-07-07T23:49:09.152+0500] {logging_mixin.py:188} INFO - [2024-07-07T23:49:09.152+0500] {dag.py:3954} INFO - Setting next_dagrun for latest_only_with_trigger to 2024-07-07 12:00:00+00:00, run_after=2024-07-07 16:00:00+00:00
[2024-07-07T23:49:09.168+0500] {processor.py:183} INFO - Processing /home/nicolaspc/anaconda3/envs/mlops_env/lib/python3.12/site-packages/airflow/example_dags/example_latest_only_with_trigger.py took 0.115 seconds
[2024-07-07T23:49:39.984+0500] {processor.py:161} INFO - Started process (PID=23949) to work on /home/nicolaspc/anaconda3/envs/mlops_env/lib/python3.12/site-packages/airflow/example_dags/example_latest_only_with_trigger.py
[2024-07-07T23:49:39.985+0500] {processor.py:830} INFO - Processing file /home/nicolaspc/anaconda3/envs/mlops_env/lib/python3.12/site-packages/airflow/example_dags/example_latest_only_with_trigger.py for tasks to queue
[2024-07-07T23:49:39.986+0500] {logging_mixin.py:188} INFO - [2024-07-07T23:49:39.985+0500] {dagbag.py:545} INFO - Filling up the DagBag from /home/nicolaspc/anaconda3/envs/mlops_env/lib/python3.12/site-packages/airflow/example_dags/example_latest_only_with_trigger.py
[2024-07-07T23:49:39.989+0500] {processor.py:840} INFO - DAG(s) 'latest_only_with_trigger' retrieved from /home/nicolaspc/anaconda3/envs/mlops_env/lib/python3.12/site-packages/airflow/example_dags/example_latest_only_with_trigger.py
[2024-07-07T23:49:40.010+0500] {logging_mixin.py:188} INFO - [2024-07-07T23:49:40.010+0500] {dag.py:3096} INFO - Sync 1 DAGs
[2024-07-07T23:49:40.026+0500] {logging_mixin.py:188} INFO - [2024-07-07T23:49:40.026+0500] {dag.py:3954} INFO - Setting next_dagrun for latest_only_with_trigger to 2024-07-07 12:00:00+00:00, run_after=2024-07-07 16:00:00+00:00
[2024-07-07T23:49:40.042+0500] {processor.py:183} INFO - Processing /home/nicolaspc/anaconda3/envs/mlops_env/lib/python3.12/site-packages/airflow/example_dags/example_latest_only_with_trigger.py took 0.063 seconds
