[2024-07-07T23:35:18.292+0500] {processor.py:161} INFO - Started process (PID=13282) to work on /home/nicolaspc/anaconda3/envs/mlops_env/lib/python3.12/site-packages/airflow/example_dags/example_sensor_decorator.py
[2024-07-07T23:35:18.293+0500] {processor.py:830} INFO - Processing file /home/nicolaspc/anaconda3/envs/mlops_env/lib/python3.12/site-packages/airflow/example_dags/example_sensor_decorator.py for tasks to queue
[2024-07-07T23:35:18.293+0500] {logging_mixin.py:188} INFO - [2024-07-07T23:35:18.293+0500] {dagbag.py:545} INFO - Filling up the DagBag from /home/nicolaspc/anaconda3/envs/mlops_env/lib/python3.12/site-packages/airflow/example_dags/example_sensor_decorator.py
[2024-07-07T23:35:18.297+0500] {processor.py:840} INFO - DAG(s) 'example_sensor_decorator' retrieved from /home/nicolaspc/anaconda3/envs/mlops_env/lib/python3.12/site-packages/airflow/example_dags/example_sensor_decorator.py
[2024-07-07T23:35:18.316+0500] {logging_mixin.py:188} INFO - [2024-07-07T23:35:18.316+0500] {dag.py:3096} INFO - Sync 1 DAGs
[2024-07-07T23:35:18.326+0500] {logging_mixin.py:188} INFO - [2024-07-07T23:35:18.326+0500] {dag.py:3954} INFO - Setting next_dagrun for example_sensor_decorator to None, run_after=None
[2024-07-07T23:35:18.341+0500] {processor.py:183} INFO - Processing /home/nicolaspc/anaconda3/envs/mlops_env/lib/python3.12/site-packages/airflow/example_dags/example_sensor_decorator.py took 0.055 seconds
[2024-07-07T23:35:48.901+0500] {processor.py:161} INFO - Started process (PID=13630) to work on /home/nicolaspc/anaconda3/envs/mlops_env/lib/python3.12/site-packages/airflow/example_dags/example_sensor_decorator.py
[2024-07-07T23:35:48.902+0500] {processor.py:830} INFO - Processing file /home/nicolaspc/anaconda3/envs/mlops_env/lib/python3.12/site-packages/airflow/example_dags/example_sensor_decorator.py for tasks to queue
[2024-07-07T23:35:48.902+0500] {logging_mixin.py:188} INFO - [2024-07-07T23:35:48.902+0500] {dagbag.py:545} INFO - Filling up the DagBag from /home/nicolaspc/anaconda3/envs/mlops_env/lib/python3.12/site-packages/airflow/example_dags/example_sensor_decorator.py
[2024-07-07T23:35:48.906+0500] {processor.py:840} INFO - DAG(s) 'example_sensor_decorator' retrieved from /home/nicolaspc/anaconda3/envs/mlops_env/lib/python3.12/site-packages/airflow/example_dags/example_sensor_decorator.py
[2024-07-07T23:35:48.927+0500] {logging_mixin.py:188} INFO - [2024-07-07T23:35:48.927+0500] {dag.py:3096} INFO - Sync 1 DAGs
[2024-07-07T23:35:48.935+0500] {logging_mixin.py:188} INFO - [2024-07-07T23:35:48.935+0500] {dag.py:3954} INFO - Setting next_dagrun for example_sensor_decorator to None, run_after=None
[2024-07-07T23:35:48.953+0500] {processor.py:183} INFO - Processing /home/nicolaspc/anaconda3/envs/mlops_env/lib/python3.12/site-packages/airflow/example_dags/example_sensor_decorator.py took 0.057 seconds
[2024-07-07T23:36:08.808+0500] {processor.py:161} INFO - Started process (PID=13952) to work on /home/nicolaspc/anaconda3/envs/mlops_env/lib/python3.12/site-packages/airflow/example_dags/example_sensor_decorator.py
[2024-07-07T23:36:08.809+0500] {processor.py:830} INFO - Processing file /home/nicolaspc/anaconda3/envs/mlops_env/lib/python3.12/site-packages/airflow/example_dags/example_sensor_decorator.py for tasks to queue
[2024-07-07T23:36:08.810+0500] {logging_mixin.py:188} INFO - [2024-07-07T23:36:08.810+0500] {dagbag.py:545} INFO - Filling up the DagBag from /home/nicolaspc/anaconda3/envs/mlops_env/lib/python3.12/site-packages/airflow/example_dags/example_sensor_decorator.py
[2024-07-07T23:36:08.815+0500] {processor.py:840} INFO - DAG(s) 'example_sensor_decorator' retrieved from /home/nicolaspc/anaconda3/envs/mlops_env/lib/python3.12/site-packages/airflow/example_dags/example_sensor_decorator.py
[2024-07-07T23:36:09.240+0500] {logging_mixin.py:188} INFO - [2024-07-07T23:36:09.239+0500] {override.py:1829} INFO - Created Permission View: can delete on DAG:example_sensor_decorator
[2024-07-07T23:36:09.255+0500] {logging_mixin.py:188} INFO - [2024-07-07T23:36:09.254+0500] {override.py:1829} INFO - Created Permission View: can edit on DAG:example_sensor_decorator
[2024-07-07T23:36:09.267+0500] {logging_mixin.py:188} INFO - [2024-07-07T23:36:09.267+0500] {override.py:1829} INFO - Created Permission View: can read on DAG:example_sensor_decorator
[2024-07-07T23:36:09.268+0500] {logging_mixin.py:188} INFO - [2024-07-07T23:36:09.267+0500] {dag.py:3096} INFO - Sync 1 DAGs
[2024-07-07T23:36:09.274+0500] {logging_mixin.py:188} INFO - [2024-07-07T23:36:09.274+0500] {dag.py:3118} INFO - Creating ORM DAG for example_sensor_decorator
[2024-07-07T23:36:09.275+0500] {logging_mixin.py:188} INFO - [2024-07-07T23:36:09.275+0500] {dag.py:3954} INFO - Setting next_dagrun for example_sensor_decorator to None, run_after=None
[2024-07-07T23:36:09.297+0500] {processor.py:183} INFO - Processing /home/nicolaspc/anaconda3/envs/mlops_env/lib/python3.12/site-packages/airflow/example_dags/example_sensor_decorator.py took 0.492 seconds
[2024-07-07T23:36:19.614+0500] {processor.py:161} INFO - Started process (PID=14045) to work on /home/nicolaspc/anaconda3/envs/mlops_env/lib/python3.12/site-packages/airflow/example_dags/example_sensor_decorator.py
[2024-07-07T23:36:19.615+0500] {processor.py:830} INFO - Processing file /home/nicolaspc/anaconda3/envs/mlops_env/lib/python3.12/site-packages/airflow/example_dags/example_sensor_decorator.py for tasks to queue
[2024-07-07T23:36:19.616+0500] {logging_mixin.py:188} INFO - [2024-07-07T23:36:19.615+0500] {dagbag.py:545} INFO - Filling up the DagBag from /home/nicolaspc/anaconda3/envs/mlops_env/lib/python3.12/site-packages/airflow/example_dags/example_sensor_decorator.py
[2024-07-07T23:36:19.619+0500] {processor.py:840} INFO - DAG(s) 'example_sensor_decorator' retrieved from /home/nicolaspc/anaconda3/envs/mlops_env/lib/python3.12/site-packages/airflow/example_dags/example_sensor_decorator.py
[2024-07-07T23:36:19.641+0500] {logging_mixin.py:188} INFO - [2024-07-07T23:36:19.641+0500] {dag.py:3096} INFO - Sync 1 DAGs
[2024-07-07T23:36:19.649+0500] {logging_mixin.py:188} INFO - [2024-07-07T23:36:19.649+0500] {dag.py:3954} INFO - Setting next_dagrun for example_sensor_decorator to None, run_after=None
[2024-07-07T23:36:19.665+0500] {processor.py:183} INFO - Processing /home/nicolaspc/anaconda3/envs/mlops_env/lib/python3.12/site-packages/airflow/example_dags/example_sensor_decorator.py took 0.057 seconds
[2024-07-07T23:36:50.259+0500] {processor.py:161} INFO - Started process (PID=14435) to work on /home/nicolaspc/anaconda3/envs/mlops_env/lib/python3.12/site-packages/airflow/example_dags/example_sensor_decorator.py
[2024-07-07T23:36:50.260+0500] {processor.py:830} INFO - Processing file /home/nicolaspc/anaconda3/envs/mlops_env/lib/python3.12/site-packages/airflow/example_dags/example_sensor_decorator.py for tasks to queue
[2024-07-07T23:36:50.260+0500] {logging_mixin.py:188} INFO - [2024-07-07T23:36:50.260+0500] {dagbag.py:545} INFO - Filling up the DagBag from /home/nicolaspc/anaconda3/envs/mlops_env/lib/python3.12/site-packages/airflow/example_dags/example_sensor_decorator.py
[2024-07-07T23:36:50.264+0500] {processor.py:840} INFO - DAG(s) 'example_sensor_decorator' retrieved from /home/nicolaspc/anaconda3/envs/mlops_env/lib/python3.12/site-packages/airflow/example_dags/example_sensor_decorator.py
[2024-07-07T23:36:50.284+0500] {logging_mixin.py:188} INFO - [2024-07-07T23:36:50.284+0500] {dag.py:3096} INFO - Sync 1 DAGs
[2024-07-07T23:36:50.292+0500] {logging_mixin.py:188} INFO - [2024-07-07T23:36:50.292+0500] {dag.py:3954} INFO - Setting next_dagrun for example_sensor_decorator to None, run_after=None
[2024-07-07T23:36:50.308+0500] {processor.py:183} INFO - Processing /home/nicolaspc/anaconda3/envs/mlops_env/lib/python3.12/site-packages/airflow/example_dags/example_sensor_decorator.py took 0.054 seconds
[2024-07-07T23:37:03.630+0500] {processor.py:161} INFO - Started process (PID=14751) to work on /home/nicolaspc/anaconda3/envs/mlops_env/lib/python3.12/site-packages/airflow/example_dags/example_sensor_decorator.py
[2024-07-07T23:37:03.631+0500] {processor.py:830} INFO - Processing file /home/nicolaspc/anaconda3/envs/mlops_env/lib/python3.12/site-packages/airflow/example_dags/example_sensor_decorator.py for tasks to queue
[2024-07-07T23:37:03.632+0500] {logging_mixin.py:188} INFO - [2024-07-07T23:37:03.632+0500] {dagbag.py:545} INFO - Filling up the DagBag from /home/nicolaspc/anaconda3/envs/mlops_env/lib/python3.12/site-packages/airflow/example_dags/example_sensor_decorator.py
[2024-07-07T23:37:03.636+0500] {processor.py:840} INFO - DAG(s) 'example_sensor_decorator' retrieved from /home/nicolaspc/anaconda3/envs/mlops_env/lib/python3.12/site-packages/airflow/example_dags/example_sensor_decorator.py
[2024-07-07T23:37:03.646+0500] {logging_mixin.py:188} INFO - [2024-07-07T23:37:03.646+0500] {dag.py:3096} INFO - Sync 1 DAGs
[2024-07-07T23:37:03.653+0500] {logging_mixin.py:188} INFO - [2024-07-07T23:37:03.653+0500] {dag.py:3954} INFO - Setting next_dagrun for example_sensor_decorator to None, run_after=None
[2024-07-07T23:37:03.672+0500] {processor.py:183} INFO - Processing /home/nicolaspc/anaconda3/envs/mlops_env/lib/python3.12/site-packages/airflow/example_dags/example_sensor_decorator.py took 0.045 seconds
[2024-07-07T23:37:20.748+0500] {processor.py:161} INFO - Started process (PID=14793) to work on /home/nicolaspc/anaconda3/envs/mlops_env/lib/python3.12/site-packages/airflow/example_dags/example_sensor_decorator.py
[2024-07-07T23:37:20.749+0500] {processor.py:830} INFO - Processing file /home/nicolaspc/anaconda3/envs/mlops_env/lib/python3.12/site-packages/airflow/example_dags/example_sensor_decorator.py for tasks to queue
[2024-07-07T23:37:20.750+0500] {logging_mixin.py:188} INFO - [2024-07-07T23:37:20.749+0500] {dagbag.py:545} INFO - Filling up the DagBag from /home/nicolaspc/anaconda3/envs/mlops_env/lib/python3.12/site-packages/airflow/example_dags/example_sensor_decorator.py
[2024-07-07T23:37:20.756+0500] {processor.py:840} INFO - DAG(s) 'example_sensor_decorator' retrieved from /home/nicolaspc/anaconda3/envs/mlops_env/lib/python3.12/site-packages/airflow/example_dags/example_sensor_decorator.py
[2024-07-07T23:37:20.781+0500] {logging_mixin.py:188} INFO - [2024-07-07T23:37:20.781+0500] {dag.py:3096} INFO - Sync 1 DAGs
[2024-07-07T23:37:20.790+0500] {logging_mixin.py:188} INFO - [2024-07-07T23:37:20.790+0500] {dag.py:3954} INFO - Setting next_dagrun for example_sensor_decorator to None, run_after=None
[2024-07-07T23:37:20.806+0500] {processor.py:183} INFO - Processing /home/nicolaspc/anaconda3/envs/mlops_env/lib/python3.12/site-packages/airflow/example_dags/example_sensor_decorator.py took 0.065 seconds
[2024-07-07T23:37:44.826+0500] {processor.py:161} INFO - Started process (PID=15149) to work on /home/nicolaspc/anaconda3/envs/mlops_env/lib/python3.12/site-packages/airflow/example_dags/example_sensor_decorator.py
[2024-07-07T23:37:44.835+0500] {processor.py:830} INFO - Processing file /home/nicolaspc/anaconda3/envs/mlops_env/lib/python3.12/site-packages/airflow/example_dags/example_sensor_decorator.py for tasks to queue
[2024-07-07T23:37:44.837+0500] {logging_mixin.py:188} INFO - [2024-07-07T23:37:44.836+0500] {dagbag.py:545} INFO - Filling up the DagBag from /home/nicolaspc/anaconda3/envs/mlops_env/lib/python3.12/site-packages/airflow/example_dags/example_sensor_decorator.py
[2024-07-07T23:37:44.841+0500] {processor.py:840} INFO - DAG(s) 'example_sensor_decorator' retrieved from /home/nicolaspc/anaconda3/envs/mlops_env/lib/python3.12/site-packages/airflow/example_dags/example_sensor_decorator.py
[2024-07-07T23:37:44.851+0500] {logging_mixin.py:188} INFO - [2024-07-07T23:37:44.851+0500] {dag.py:3096} INFO - Sync 1 DAGs
[2024-07-07T23:37:44.858+0500] {logging_mixin.py:188} INFO - [2024-07-07T23:37:44.858+0500] {dag.py:3954} INFO - Setting next_dagrun for example_sensor_decorator to None, run_after=None
[2024-07-07T23:37:44.877+0500] {processor.py:183} INFO - Processing /home/nicolaspc/anaconda3/envs/mlops_env/lib/python3.12/site-packages/airflow/example_dags/example_sensor_decorator.py took 0.054 seconds
[2024-07-07T23:37:51.185+0500] {processor.py:161} INFO - Started process (PID=15179) to work on /home/nicolaspc/anaconda3/envs/mlops_env/lib/python3.12/site-packages/airflow/example_dags/example_sensor_decorator.py
[2024-07-07T23:37:51.186+0500] {processor.py:830} INFO - Processing file /home/nicolaspc/anaconda3/envs/mlops_env/lib/python3.12/site-packages/airflow/example_dags/example_sensor_decorator.py for tasks to queue
[2024-07-07T23:37:51.187+0500] {logging_mixin.py:188} INFO - [2024-07-07T23:37:51.186+0500] {dagbag.py:545} INFO - Filling up the DagBag from /home/nicolaspc/anaconda3/envs/mlops_env/lib/python3.12/site-packages/airflow/example_dags/example_sensor_decorator.py
[2024-07-07T23:37:51.191+0500] {processor.py:840} INFO - DAG(s) 'example_sensor_decorator' retrieved from /home/nicolaspc/anaconda3/envs/mlops_env/lib/python3.12/site-packages/airflow/example_dags/example_sensor_decorator.py
[2024-07-07T23:37:51.211+0500] {logging_mixin.py:188} INFO - [2024-07-07T23:37:51.211+0500] {dag.py:3096} INFO - Sync 1 DAGs
[2024-07-07T23:37:51.220+0500] {logging_mixin.py:188} INFO - [2024-07-07T23:37:51.220+0500] {dag.py:3954} INFO - Setting next_dagrun for example_sensor_decorator to None, run_after=None
[2024-07-07T23:37:51.236+0500] {processor.py:183} INFO - Processing /home/nicolaspc/anaconda3/envs/mlops_env/lib/python3.12/site-packages/airflow/example_dags/example_sensor_decorator.py took 0.056 seconds
[2024-07-07T23:38:21.767+0500] {processor.py:161} INFO - Started process (PID=15569) to work on /home/nicolaspc/anaconda3/envs/mlops_env/lib/python3.12/site-packages/airflow/example_dags/example_sensor_decorator.py
[2024-07-07T23:38:21.768+0500] {processor.py:830} INFO - Processing file /home/nicolaspc/anaconda3/envs/mlops_env/lib/python3.12/site-packages/airflow/example_dags/example_sensor_decorator.py for tasks to queue
[2024-07-07T23:38:21.768+0500] {logging_mixin.py:188} INFO - [2024-07-07T23:38:21.768+0500] {dagbag.py:545} INFO - Filling up the DagBag from /home/nicolaspc/anaconda3/envs/mlops_env/lib/python3.12/site-packages/airflow/example_dags/example_sensor_decorator.py
[2024-07-07T23:38:21.772+0500] {processor.py:840} INFO - DAG(s) 'example_sensor_decorator' retrieved from /home/nicolaspc/anaconda3/envs/mlops_env/lib/python3.12/site-packages/airflow/example_dags/example_sensor_decorator.py
[2024-07-07T23:38:21.791+0500] {logging_mixin.py:188} INFO - [2024-07-07T23:38:21.791+0500] {dag.py:3096} INFO - Sync 1 DAGs
[2024-07-07T23:38:21.800+0500] {logging_mixin.py:188} INFO - [2024-07-07T23:38:21.799+0500] {dag.py:3954} INFO - Setting next_dagrun for example_sensor_decorator to None, run_after=None
[2024-07-07T23:38:21.816+0500] {processor.py:183} INFO - Processing /home/nicolaspc/anaconda3/envs/mlops_env/lib/python3.12/site-packages/airflow/example_dags/example_sensor_decorator.py took 0.055 seconds
[2024-07-07T23:38:22.172+0500] {processor.py:161} INFO - Started process (PID=15621) to work on /home/nicolaspc/anaconda3/envs/mlops_env/lib/python3.12/site-packages/airflow/example_dags/example_sensor_decorator.py
[2024-07-07T23:38:22.173+0500] {processor.py:830} INFO - Processing file /home/nicolaspc/anaconda3/envs/mlops_env/lib/python3.12/site-packages/airflow/example_dags/example_sensor_decorator.py for tasks to queue
[2024-07-07T23:38:22.174+0500] {logging_mixin.py:188} INFO - [2024-07-07T23:38:22.173+0500] {dagbag.py:545} INFO - Filling up the DagBag from /home/nicolaspc/anaconda3/envs/mlops_env/lib/python3.12/site-packages/airflow/example_dags/example_sensor_decorator.py
[2024-07-07T23:38:22.178+0500] {processor.py:840} INFO - DAG(s) 'example_sensor_decorator' retrieved from /home/nicolaspc/anaconda3/envs/mlops_env/lib/python3.12/site-packages/airflow/example_dags/example_sensor_decorator.py
[2024-07-07T23:38:22.188+0500] {logging_mixin.py:188} INFO - [2024-07-07T23:38:22.187+0500] {dag.py:3096} INFO - Sync 1 DAGs
[2024-07-07T23:38:22.195+0500] {logging_mixin.py:188} INFO - [2024-07-07T23:38:22.195+0500] {dag.py:3954} INFO - Setting next_dagrun for example_sensor_decorator to None, run_after=None
[2024-07-07T23:38:22.216+0500] {processor.py:183} INFO - Processing /home/nicolaspc/anaconda3/envs/mlops_env/lib/python3.12/site-packages/airflow/example_dags/example_sensor_decorator.py took 0.047 seconds
[2024-07-07T23:38:52.515+0500] {processor.py:161} INFO - Started process (PID=15954) to work on /home/nicolaspc/anaconda3/envs/mlops_env/lib/python3.12/site-packages/airflow/example_dags/example_sensor_decorator.py
[2024-07-07T23:38:52.516+0500] {processor.py:830} INFO - Processing file /home/nicolaspc/anaconda3/envs/mlops_env/lib/python3.12/site-packages/airflow/example_dags/example_sensor_decorator.py for tasks to queue
[2024-07-07T23:38:52.516+0500] {logging_mixin.py:188} INFO - [2024-07-07T23:38:52.516+0500] {dagbag.py:545} INFO - Filling up the DagBag from /home/nicolaspc/anaconda3/envs/mlops_env/lib/python3.12/site-packages/airflow/example_dags/example_sensor_decorator.py
[2024-07-07T23:38:52.520+0500] {processor.py:840} INFO - DAG(s) 'example_sensor_decorator' retrieved from /home/nicolaspc/anaconda3/envs/mlops_env/lib/python3.12/site-packages/airflow/example_dags/example_sensor_decorator.py
[2024-07-07T23:38:52.540+0500] {logging_mixin.py:188} INFO - [2024-07-07T23:38:52.540+0500] {dag.py:3096} INFO - Sync 1 DAGs
[2024-07-07T23:38:52.549+0500] {logging_mixin.py:188} INFO - [2024-07-07T23:38:52.549+0500] {dag.py:3954} INFO - Setting next_dagrun for example_sensor_decorator to None, run_after=None
[2024-07-07T23:38:52.566+0500] {processor.py:183} INFO - Processing /home/nicolaspc/anaconda3/envs/mlops_env/lib/python3.12/site-packages/airflow/example_dags/example_sensor_decorator.py took 0.057 seconds
[2024-07-07T23:39:02.980+0500] {processor.py:161} INFO - Started process (PID=16292) to work on /home/nicolaspc/anaconda3/envs/mlops_env/lib/python3.12/site-packages/airflow/example_dags/example_sensor_decorator.py
[2024-07-07T23:39:02.980+0500] {processor.py:830} INFO - Processing file /home/nicolaspc/anaconda3/envs/mlops_env/lib/python3.12/site-packages/airflow/example_dags/example_sensor_decorator.py for tasks to queue
[2024-07-07T23:39:02.981+0500] {logging_mixin.py:188} INFO - [2024-07-07T23:39:02.981+0500] {dagbag.py:545} INFO - Filling up the DagBag from /home/nicolaspc/anaconda3/envs/mlops_env/lib/python3.12/site-packages/airflow/example_dags/example_sensor_decorator.py
[2024-07-07T23:39:02.986+0500] {processor.py:840} INFO - DAG(s) 'example_sensor_decorator' retrieved from /home/nicolaspc/anaconda3/envs/mlops_env/lib/python3.12/site-packages/airflow/example_dags/example_sensor_decorator.py
[2024-07-07T23:39:02.995+0500] {logging_mixin.py:188} INFO - [2024-07-07T23:39:02.995+0500] {dag.py:3096} INFO - Sync 1 DAGs
[2024-07-07T23:39:03.002+0500] {logging_mixin.py:188} INFO - [2024-07-07T23:39:03.002+0500] {dag.py:3954} INFO - Setting next_dagrun for example_sensor_decorator to None, run_after=None
[2024-07-07T23:39:03.023+0500] {processor.py:183} INFO - Processing /home/nicolaspc/anaconda3/envs/mlops_env/lib/python3.12/site-packages/airflow/example_dags/example_sensor_decorator.py took 0.047 seconds
[2024-07-07T23:39:23.266+0500] {processor.py:161} INFO - Started process (PID=16354) to work on /home/nicolaspc/anaconda3/envs/mlops_env/lib/python3.12/site-packages/airflow/example_dags/example_sensor_decorator.py
[2024-07-07T23:39:23.267+0500] {processor.py:830} INFO - Processing file /home/nicolaspc/anaconda3/envs/mlops_env/lib/python3.12/site-packages/airflow/example_dags/example_sensor_decorator.py for tasks to queue
[2024-07-07T23:39:23.267+0500] {logging_mixin.py:188} INFO - [2024-07-07T23:39:23.267+0500] {dagbag.py:545} INFO - Filling up the DagBag from /home/nicolaspc/anaconda3/envs/mlops_env/lib/python3.12/site-packages/airflow/example_dags/example_sensor_decorator.py
[2024-07-07T23:39:23.271+0500] {processor.py:840} INFO - DAG(s) 'example_sensor_decorator' retrieved from /home/nicolaspc/anaconda3/envs/mlops_env/lib/python3.12/site-packages/airflow/example_dags/example_sensor_decorator.py
[2024-07-07T23:39:23.290+0500] {logging_mixin.py:188} INFO - [2024-07-07T23:39:23.290+0500] {dag.py:3096} INFO - Sync 1 DAGs
[2024-07-07T23:39:23.300+0500] {logging_mixin.py:188} INFO - [2024-07-07T23:39:23.299+0500] {dag.py:3954} INFO - Setting next_dagrun for example_sensor_decorator to None, run_after=None
[2024-07-07T23:39:23.315+0500] {processor.py:183} INFO - Processing /home/nicolaspc/anaconda3/envs/mlops_env/lib/python3.12/site-packages/airflow/example_dags/example_sensor_decorator.py took 0.054 seconds
[2024-07-07T23:39:44.030+0500] {processor.py:161} INFO - Started process (PID=16675) to work on /home/nicolaspc/anaconda3/envs/mlops_env/lib/python3.12/site-packages/airflow/example_dags/example_sensor_decorator.py
[2024-07-07T23:39:44.039+0500] {processor.py:830} INFO - Processing file /home/nicolaspc/anaconda3/envs/mlops_env/lib/python3.12/site-packages/airflow/example_dags/example_sensor_decorator.py for tasks to queue
[2024-07-07T23:39:44.040+0500] {logging_mixin.py:188} INFO - [2024-07-07T23:39:44.040+0500] {dagbag.py:545} INFO - Filling up the DagBag from /home/nicolaspc/anaconda3/envs/mlops_env/lib/python3.12/site-packages/airflow/example_dags/example_sensor_decorator.py
[2024-07-07T23:39:44.045+0500] {processor.py:840} INFO - DAG(s) 'example_sensor_decorator' retrieved from /home/nicolaspc/anaconda3/envs/mlops_env/lib/python3.12/site-packages/airflow/example_dags/example_sensor_decorator.py
[2024-07-07T23:39:44.055+0500] {logging_mixin.py:188} INFO - [2024-07-07T23:39:44.055+0500] {dag.py:3096} INFO - Sync 1 DAGs
[2024-07-07T23:39:44.062+0500] {logging_mixin.py:188} INFO - [2024-07-07T23:39:44.062+0500] {dag.py:3954} INFO - Setting next_dagrun for example_sensor_decorator to None, run_after=None
[2024-07-07T23:39:44.082+0500] {processor.py:183} INFO - Processing /home/nicolaspc/anaconda3/envs/mlops_env/lib/python3.12/site-packages/airflow/example_dags/example_sensor_decorator.py took 0.056 seconds
[2024-07-07T23:39:53.808+0500] {processor.py:161} INFO - Started process (PID=16708) to work on /home/nicolaspc/anaconda3/envs/mlops_env/lib/python3.12/site-packages/airflow/example_dags/example_sensor_decorator.py
[2024-07-07T23:39:53.809+0500] {processor.py:830} INFO - Processing file /home/nicolaspc/anaconda3/envs/mlops_env/lib/python3.12/site-packages/airflow/example_dags/example_sensor_decorator.py for tasks to queue
[2024-07-07T23:39:53.809+0500] {logging_mixin.py:188} INFO - [2024-07-07T23:39:53.809+0500] {dagbag.py:545} INFO - Filling up the DagBag from /home/nicolaspc/anaconda3/envs/mlops_env/lib/python3.12/site-packages/airflow/example_dags/example_sensor_decorator.py
[2024-07-07T23:39:53.813+0500] {processor.py:840} INFO - DAG(s) 'example_sensor_decorator' retrieved from /home/nicolaspc/anaconda3/envs/mlops_env/lib/python3.12/site-packages/airflow/example_dags/example_sensor_decorator.py
[2024-07-07T23:39:53.833+0500] {logging_mixin.py:188} INFO - [2024-07-07T23:39:53.833+0500] {dag.py:3096} INFO - Sync 1 DAGs
[2024-07-07T23:39:53.843+0500] {logging_mixin.py:188} INFO - [2024-07-07T23:39:53.843+0500] {dag.py:3954} INFO - Setting next_dagrun for example_sensor_decorator to None, run_after=None
[2024-07-07T23:39:53.859+0500] {processor.py:183} INFO - Processing /home/nicolaspc/anaconda3/envs/mlops_env/lib/python3.12/site-packages/airflow/example_dags/example_sensor_decorator.py took 0.057 seconds
[2024-07-07T23:40:24.089+0500] {processor.py:161} INFO - Started process (PID=17116) to work on /home/nicolaspc/anaconda3/envs/mlops_env/lib/python3.12/site-packages/airflow/example_dags/example_sensor_decorator.py
[2024-07-07T23:40:24.097+0500] {processor.py:830} INFO - Processing file /home/nicolaspc/anaconda3/envs/mlops_env/lib/python3.12/site-packages/airflow/example_dags/example_sensor_decorator.py for tasks to queue
[2024-07-07T23:40:24.099+0500] {logging_mixin.py:188} INFO - [2024-07-07T23:40:24.098+0500] {dagbag.py:545} INFO - Filling up the DagBag from /home/nicolaspc/anaconda3/envs/mlops_env/lib/python3.12/site-packages/airflow/example_dags/example_sensor_decorator.py
[2024-07-07T23:40:24.103+0500] {processor.py:840} INFO - DAG(s) 'example_sensor_decorator' retrieved from /home/nicolaspc/anaconda3/envs/mlops_env/lib/python3.12/site-packages/airflow/example_dags/example_sensor_decorator.py
[2024-07-07T23:40:24.113+0500] {logging_mixin.py:188} INFO - [2024-07-07T23:40:24.113+0500] {dag.py:3096} INFO - Sync 1 DAGs
[2024-07-07T23:40:24.120+0500] {logging_mixin.py:188} INFO - [2024-07-07T23:40:24.120+0500] {dag.py:3954} INFO - Setting next_dagrun for example_sensor_decorator to None, run_after=None
[2024-07-07T23:40:24.143+0500] {processor.py:183} INFO - Processing /home/nicolaspc/anaconda3/envs/mlops_env/lib/python3.12/site-packages/airflow/example_dags/example_sensor_decorator.py took 0.057 seconds
[2024-07-07T23:40:24.345+0500] {processor.py:161} INFO - Started process (PID=17138) to work on /home/nicolaspc/anaconda3/envs/mlops_env/lib/python3.12/site-packages/airflow/example_dags/example_sensor_decorator.py
[2024-07-07T23:40:24.346+0500] {processor.py:830} INFO - Processing file /home/nicolaspc/anaconda3/envs/mlops_env/lib/python3.12/site-packages/airflow/example_dags/example_sensor_decorator.py for tasks to queue
[2024-07-07T23:40:24.346+0500] {logging_mixin.py:188} INFO - [2024-07-07T23:40:24.346+0500] {dagbag.py:545} INFO - Filling up the DagBag from /home/nicolaspc/anaconda3/envs/mlops_env/lib/python3.12/site-packages/airflow/example_dags/example_sensor_decorator.py
[2024-07-07T23:40:24.350+0500] {processor.py:840} INFO - DAG(s) 'example_sensor_decorator' retrieved from /home/nicolaspc/anaconda3/envs/mlops_env/lib/python3.12/site-packages/airflow/example_dags/example_sensor_decorator.py
[2024-07-07T23:40:24.372+0500] {logging_mixin.py:188} INFO - [2024-07-07T23:40:24.372+0500] {dag.py:3096} INFO - Sync 1 DAGs
[2024-07-07T23:40:24.382+0500] {logging_mixin.py:188} INFO - [2024-07-07T23:40:24.382+0500] {dag.py:3954} INFO - Setting next_dagrun for example_sensor_decorator to None, run_after=None
[2024-07-07T23:40:24.400+0500] {processor.py:183} INFO - Processing /home/nicolaspc/anaconda3/envs/mlops_env/lib/python3.12/site-packages/airflow/example_dags/example_sensor_decorator.py took 0.061 seconds
[2024-07-07T23:40:55.146+0500] {processor.py:161} INFO - Started process (PID=17504) to work on /home/nicolaspc/anaconda3/envs/mlops_env/lib/python3.12/site-packages/airflow/example_dags/example_sensor_decorator.py
[2024-07-07T23:40:55.147+0500] {processor.py:830} INFO - Processing file /home/nicolaspc/anaconda3/envs/mlops_env/lib/python3.12/site-packages/airflow/example_dags/example_sensor_decorator.py for tasks to queue
[2024-07-07T23:40:55.147+0500] {logging_mixin.py:188} INFO - [2024-07-07T23:40:55.147+0500] {dagbag.py:545} INFO - Filling up the DagBag from /home/nicolaspc/anaconda3/envs/mlops_env/lib/python3.12/site-packages/airflow/example_dags/example_sensor_decorator.py
[2024-07-07T23:40:55.151+0500] {processor.py:840} INFO - DAG(s) 'example_sensor_decorator' retrieved from /home/nicolaspc/anaconda3/envs/mlops_env/lib/python3.12/site-packages/airflow/example_dags/example_sensor_decorator.py
[2024-07-07T23:40:55.173+0500] {logging_mixin.py:188} INFO - [2024-07-07T23:40:55.173+0500] {dag.py:3096} INFO - Sync 1 DAGs
[2024-07-07T23:40:55.184+0500] {logging_mixin.py:188} INFO - [2024-07-07T23:40:55.184+0500] {dag.py:3954} INFO - Setting next_dagrun for example_sensor_decorator to None, run_after=None
[2024-07-07T23:40:55.202+0500] {processor.py:183} INFO - Processing /home/nicolaspc/anaconda3/envs/mlops_env/lib/python3.12/site-packages/airflow/example_dags/example_sensor_decorator.py took 0.063 seconds
[2024-07-07T23:41:03.785+0500] {processor.py:161} INFO - Started process (PID=17820) to work on /home/nicolaspc/anaconda3/envs/mlops_env/lib/python3.12/site-packages/airflow/example_dags/example_sensor_decorator.py
[2024-07-07T23:41:03.786+0500] {processor.py:830} INFO - Processing file /home/nicolaspc/anaconda3/envs/mlops_env/lib/python3.12/site-packages/airflow/example_dags/example_sensor_decorator.py for tasks to queue
[2024-07-07T23:41:03.787+0500] {logging_mixin.py:188} INFO - [2024-07-07T23:41:03.787+0500] {dagbag.py:545} INFO - Filling up the DagBag from /home/nicolaspc/anaconda3/envs/mlops_env/lib/python3.12/site-packages/airflow/example_dags/example_sensor_decorator.py
[2024-07-07T23:41:03.791+0500] {processor.py:840} INFO - DAG(s) 'example_sensor_decorator' retrieved from /home/nicolaspc/anaconda3/envs/mlops_env/lib/python3.12/site-packages/airflow/example_dags/example_sensor_decorator.py
[2024-07-07T23:41:03.803+0500] {logging_mixin.py:188} INFO - [2024-07-07T23:41:03.802+0500] {dag.py:3096} INFO - Sync 1 DAGs
[2024-07-07T23:41:03.810+0500] {logging_mixin.py:188} INFO - [2024-07-07T23:41:03.809+0500] {dag.py:3954} INFO - Setting next_dagrun for example_sensor_decorator to None, run_after=None
[2024-07-07T23:41:03.832+0500] {processor.py:183} INFO - Processing /home/nicolaspc/anaconda3/envs/mlops_env/lib/python3.12/site-packages/airflow/example_dags/example_sensor_decorator.py took 0.051 seconds
[2024-07-07T23:41:25.903+0500] {processor.py:161} INFO - Started process (PID=17914) to work on /home/nicolaspc/anaconda3/envs/mlops_env/lib/python3.12/site-packages/airflow/example_dags/example_sensor_decorator.py
[2024-07-07T23:41:25.903+0500] {processor.py:830} INFO - Processing file /home/nicolaspc/anaconda3/envs/mlops_env/lib/python3.12/site-packages/airflow/example_dags/example_sensor_decorator.py for tasks to queue
[2024-07-07T23:41:25.904+0500] {logging_mixin.py:188} INFO - [2024-07-07T23:41:25.904+0500] {dagbag.py:545} INFO - Filling up the DagBag from /home/nicolaspc/anaconda3/envs/mlops_env/lib/python3.12/site-packages/airflow/example_dags/example_sensor_decorator.py
[2024-07-07T23:41:25.908+0500] {processor.py:840} INFO - DAG(s) 'example_sensor_decorator' retrieved from /home/nicolaspc/anaconda3/envs/mlops_env/lib/python3.12/site-packages/airflow/example_dags/example_sensor_decorator.py
[2024-07-07T23:41:25.927+0500] {logging_mixin.py:188} INFO - [2024-07-07T23:41:25.927+0500] {dag.py:3096} INFO - Sync 1 DAGs
[2024-07-07T23:41:25.936+0500] {logging_mixin.py:188} INFO - [2024-07-07T23:41:25.936+0500] {dag.py:3954} INFO - Setting next_dagrun for example_sensor_decorator to None, run_after=None
[2024-07-07T23:41:25.952+0500] {processor.py:183} INFO - Processing /home/nicolaspc/anaconda3/envs/mlops_env/lib/python3.12/site-packages/airflow/example_dags/example_sensor_decorator.py took 0.056 seconds
[2024-07-07T23:41:43.922+0500] {processor.py:161} INFO - Started process (PID=18251) to work on /home/nicolaspc/anaconda3/envs/mlops_env/lib/python3.12/site-packages/airflow/example_dags/example_sensor_decorator.py
[2024-07-07T23:41:43.931+0500] {processor.py:830} INFO - Processing file /home/nicolaspc/anaconda3/envs/mlops_env/lib/python3.12/site-packages/airflow/example_dags/example_sensor_decorator.py for tasks to queue
[2024-07-07T23:41:43.932+0500] {logging_mixin.py:188} INFO - [2024-07-07T23:41:43.932+0500] {dagbag.py:545} INFO - Filling up the DagBag from /home/nicolaspc/anaconda3/envs/mlops_env/lib/python3.12/site-packages/airflow/example_dags/example_sensor_decorator.py
[2024-07-07T23:41:43.937+0500] {processor.py:840} INFO - DAG(s) 'example_sensor_decorator' retrieved from /home/nicolaspc/anaconda3/envs/mlops_env/lib/python3.12/site-packages/airflow/example_dags/example_sensor_decorator.py
[2024-07-07T23:41:43.947+0500] {logging_mixin.py:188} INFO - [2024-07-07T23:41:43.946+0500] {dag.py:3096} INFO - Sync 1 DAGs
[2024-07-07T23:41:43.954+0500] {logging_mixin.py:188} INFO - [2024-07-07T23:41:43.954+0500] {dag.py:3954} INFO - Setting next_dagrun for example_sensor_decorator to None, run_after=None
[2024-07-07T23:41:43.991+0500] {processor.py:183} INFO - Processing /home/nicolaspc/anaconda3/envs/mlops_env/lib/python3.12/site-packages/airflow/example_dags/example_sensor_decorator.py took 0.072 seconds
[2024-07-07T23:41:56.873+0500] {processor.py:161} INFO - Started process (PID=18295) to work on /home/nicolaspc/anaconda3/envs/mlops_env/lib/python3.12/site-packages/airflow/example_dags/example_sensor_decorator.py
[2024-07-07T23:41:56.874+0500] {processor.py:830} INFO - Processing file /home/nicolaspc/anaconda3/envs/mlops_env/lib/python3.12/site-packages/airflow/example_dags/example_sensor_decorator.py for tasks to queue
[2024-07-07T23:41:56.874+0500] {logging_mixin.py:188} INFO - [2024-07-07T23:41:56.874+0500] {dagbag.py:545} INFO - Filling up the DagBag from /home/nicolaspc/anaconda3/envs/mlops_env/lib/python3.12/site-packages/airflow/example_dags/example_sensor_decorator.py
[2024-07-07T23:41:56.879+0500] {processor.py:840} INFO - DAG(s) 'example_sensor_decorator' retrieved from /home/nicolaspc/anaconda3/envs/mlops_env/lib/python3.12/site-packages/airflow/example_dags/example_sensor_decorator.py
[2024-07-07T23:41:56.902+0500] {logging_mixin.py:188} INFO - [2024-07-07T23:41:56.902+0500] {dag.py:3096} INFO - Sync 1 DAGs
[2024-07-07T23:41:56.912+0500] {logging_mixin.py:188} INFO - [2024-07-07T23:41:56.912+0500] {dag.py:3954} INFO - Setting next_dagrun for example_sensor_decorator to None, run_after=None
[2024-07-07T23:41:56.929+0500] {processor.py:183} INFO - Processing /home/nicolaspc/anaconda3/envs/mlops_env/lib/python3.12/site-packages/airflow/example_dags/example_sensor_decorator.py took 0.062 seconds
[2024-07-07T23:42:24.207+0500] {processor.py:161} INFO - Started process (PID=18681) to work on /home/nicolaspc/anaconda3/envs/mlops_env/lib/python3.12/site-packages/airflow/example_dags/example_sensor_decorator.py
[2024-07-07T23:42:24.216+0500] {processor.py:830} INFO - Processing file /home/nicolaspc/anaconda3/envs/mlops_env/lib/python3.12/site-packages/airflow/example_dags/example_sensor_decorator.py for tasks to queue
[2024-07-07T23:42:24.217+0500] {logging_mixin.py:188} INFO - [2024-07-07T23:42:24.217+0500] {dagbag.py:545} INFO - Filling up the DagBag from /home/nicolaspc/anaconda3/envs/mlops_env/lib/python3.12/site-packages/airflow/example_dags/example_sensor_decorator.py
[2024-07-07T23:42:24.222+0500] {processor.py:840} INFO - DAG(s) 'example_sensor_decorator' retrieved from /home/nicolaspc/anaconda3/envs/mlops_env/lib/python3.12/site-packages/airflow/example_dags/example_sensor_decorator.py
[2024-07-07T23:42:24.232+0500] {logging_mixin.py:188} INFO - [2024-07-07T23:42:24.231+0500] {dag.py:3096} INFO - Sync 1 DAGs
[2024-07-07T23:42:24.238+0500] {logging_mixin.py:188} INFO - [2024-07-07T23:42:24.238+0500] {dag.py:3954} INFO - Setting next_dagrun for example_sensor_decorator to None, run_after=None
[2024-07-07T23:42:24.281+0500] {processor.py:183} INFO - Processing /home/nicolaspc/anaconda3/envs/mlops_env/lib/python3.12/site-packages/airflow/example_dags/example_sensor_decorator.py took 0.078 seconds
[2024-07-07T23:42:27.890+0500] {processor.py:161} INFO - Started process (PID=18707) to work on /home/nicolaspc/anaconda3/envs/mlops_env/lib/python3.12/site-packages/airflow/example_dags/example_sensor_decorator.py
[2024-07-07T23:42:27.890+0500] {processor.py:830} INFO - Processing file /home/nicolaspc/anaconda3/envs/mlops_env/lib/python3.12/site-packages/airflow/example_dags/example_sensor_decorator.py for tasks to queue
[2024-07-07T23:42:27.891+0500] {logging_mixin.py:188} INFO - [2024-07-07T23:42:27.890+0500] {dagbag.py:545} INFO - Filling up the DagBag from /home/nicolaspc/anaconda3/envs/mlops_env/lib/python3.12/site-packages/airflow/example_dags/example_sensor_decorator.py
[2024-07-07T23:42:27.894+0500] {processor.py:840} INFO - DAG(s) 'example_sensor_decorator' retrieved from /home/nicolaspc/anaconda3/envs/mlops_env/lib/python3.12/site-packages/airflow/example_dags/example_sensor_decorator.py
[2024-07-07T23:42:27.913+0500] {logging_mixin.py:188} INFO - [2024-07-07T23:42:27.913+0500] {dag.py:3096} INFO - Sync 1 DAGs
[2024-07-07T23:42:27.923+0500] {logging_mixin.py:188} INFO - [2024-07-07T23:42:27.923+0500] {dag.py:3954} INFO - Setting next_dagrun for example_sensor_decorator to None, run_after=None
[2024-07-07T23:42:27.939+0500] {processor.py:183} INFO - Processing /home/nicolaspc/anaconda3/envs/mlops_env/lib/python3.12/site-packages/airflow/example_dags/example_sensor_decorator.py took 0.055 seconds
[2024-07-07T23:42:58.742+0500] {processor.py:161} INFO - Started process (PID=19071) to work on /home/nicolaspc/anaconda3/envs/mlops_env/lib/python3.12/site-packages/airflow/example_dags/example_sensor_decorator.py
[2024-07-07T23:42:58.743+0500] {processor.py:830} INFO - Processing file /home/nicolaspc/anaconda3/envs/mlops_env/lib/python3.12/site-packages/airflow/example_dags/example_sensor_decorator.py for tasks to queue
[2024-07-07T23:42:58.743+0500] {logging_mixin.py:188} INFO - [2024-07-07T23:42:58.743+0500] {dagbag.py:545} INFO - Filling up the DagBag from /home/nicolaspc/anaconda3/envs/mlops_env/lib/python3.12/site-packages/airflow/example_dags/example_sensor_decorator.py
[2024-07-07T23:42:58.748+0500] {processor.py:840} INFO - DAG(s) 'example_sensor_decorator' retrieved from /home/nicolaspc/anaconda3/envs/mlops_env/lib/python3.12/site-packages/airflow/example_dags/example_sensor_decorator.py
[2024-07-07T23:42:58.770+0500] {logging_mixin.py:188} INFO - [2024-07-07T23:42:58.770+0500] {dag.py:3096} INFO - Sync 1 DAGs
[2024-07-07T23:42:58.781+0500] {logging_mixin.py:188} INFO - [2024-07-07T23:42:58.780+0500] {dag.py:3954} INFO - Setting next_dagrun for example_sensor_decorator to None, run_after=None
[2024-07-07T23:42:58.798+0500] {processor.py:183} INFO - Processing /home/nicolaspc/anaconda3/envs/mlops_env/lib/python3.12/site-packages/airflow/example_dags/example_sensor_decorator.py took 0.063 seconds
[2024-07-07T23:43:29.351+0500] {processor.py:161} INFO - Started process (PID=19401) to work on /home/nicolaspc/anaconda3/envs/mlops_env/lib/python3.12/site-packages/airflow/example_dags/example_sensor_decorator.py
[2024-07-07T23:43:29.352+0500] {processor.py:830} INFO - Processing file /home/nicolaspc/anaconda3/envs/mlops_env/lib/python3.12/site-packages/airflow/example_dags/example_sensor_decorator.py for tasks to queue
[2024-07-07T23:43:29.352+0500] {logging_mixin.py:188} INFO - [2024-07-07T23:43:29.352+0500] {dagbag.py:545} INFO - Filling up the DagBag from /home/nicolaspc/anaconda3/envs/mlops_env/lib/python3.12/site-packages/airflow/example_dags/example_sensor_decorator.py
[2024-07-07T23:43:29.356+0500] {processor.py:840} INFO - DAG(s) 'example_sensor_decorator' retrieved from /home/nicolaspc/anaconda3/envs/mlops_env/lib/python3.12/site-packages/airflow/example_dags/example_sensor_decorator.py
[2024-07-07T23:43:29.375+0500] {logging_mixin.py:188} INFO - [2024-07-07T23:43:29.375+0500] {dag.py:3096} INFO - Sync 1 DAGs
[2024-07-07T23:43:29.383+0500] {logging_mixin.py:188} INFO - [2024-07-07T23:43:29.383+0500] {dag.py:3954} INFO - Setting next_dagrun for example_sensor_decorator to None, run_after=None
[2024-07-07T23:43:29.397+0500] {processor.py:183} INFO - Processing /home/nicolaspc/anaconda3/envs/mlops_env/lib/python3.12/site-packages/airflow/example_dags/example_sensor_decorator.py took 0.052 seconds
[2024-07-07T23:44:00.261+0500] {processor.py:161} INFO - Started process (PID=19767) to work on /home/nicolaspc/anaconda3/envs/mlops_env/lib/python3.12/site-packages/airflow/example_dags/example_sensor_decorator.py
[2024-07-07T23:44:00.262+0500] {processor.py:830} INFO - Processing file /home/nicolaspc/anaconda3/envs/mlops_env/lib/python3.12/site-packages/airflow/example_dags/example_sensor_decorator.py for tasks to queue
[2024-07-07T23:44:00.262+0500] {logging_mixin.py:188} INFO - [2024-07-07T23:44:00.262+0500] {dagbag.py:545} INFO - Filling up the DagBag from /home/nicolaspc/anaconda3/envs/mlops_env/lib/python3.12/site-packages/airflow/example_dags/example_sensor_decorator.py
[2024-07-07T23:44:00.266+0500] {processor.py:840} INFO - DAG(s) 'example_sensor_decorator' retrieved from /home/nicolaspc/anaconda3/envs/mlops_env/lib/python3.12/site-packages/airflow/example_dags/example_sensor_decorator.py
[2024-07-07T23:44:00.285+0500] {logging_mixin.py:188} INFO - [2024-07-07T23:44:00.285+0500] {dag.py:3096} INFO - Sync 1 DAGs
[2024-07-07T23:44:00.295+0500] {logging_mixin.py:188} INFO - [2024-07-07T23:44:00.295+0500] {dag.py:3954} INFO - Setting next_dagrun for example_sensor_decorator to None, run_after=None
[2024-07-07T23:44:00.310+0500] {processor.py:183} INFO - Processing /home/nicolaspc/anaconda3/envs/mlops_env/lib/python3.12/site-packages/airflow/example_dags/example_sensor_decorator.py took 0.055 seconds
[2024-07-07T23:44:30.743+0500] {processor.py:161} INFO - Started process (PID=20133) to work on /home/nicolaspc/anaconda3/envs/mlops_env/lib/python3.12/site-packages/airflow/example_dags/example_sensor_decorator.py
[2024-07-07T23:44:30.743+0500] {processor.py:830} INFO - Processing file /home/nicolaspc/anaconda3/envs/mlops_env/lib/python3.12/site-packages/airflow/example_dags/example_sensor_decorator.py for tasks to queue
[2024-07-07T23:44:30.744+0500] {logging_mixin.py:188} INFO - [2024-07-07T23:44:30.744+0500] {dagbag.py:545} INFO - Filling up the DagBag from /home/nicolaspc/anaconda3/envs/mlops_env/lib/python3.12/site-packages/airflow/example_dags/example_sensor_decorator.py
[2024-07-07T23:44:30.748+0500] {processor.py:840} INFO - DAG(s) 'example_sensor_decorator' retrieved from /home/nicolaspc/anaconda3/envs/mlops_env/lib/python3.12/site-packages/airflow/example_dags/example_sensor_decorator.py
[2024-07-07T23:44:30.768+0500] {logging_mixin.py:188} INFO - [2024-07-07T23:44:30.768+0500] {dag.py:3096} INFO - Sync 1 DAGs
[2024-07-07T23:44:30.778+0500] {logging_mixin.py:188} INFO - [2024-07-07T23:44:30.778+0500] {dag.py:3954} INFO - Setting next_dagrun for example_sensor_decorator to None, run_after=None
[2024-07-07T23:44:30.793+0500] {processor.py:183} INFO - Processing /home/nicolaspc/anaconda3/envs/mlops_env/lib/python3.12/site-packages/airflow/example_dags/example_sensor_decorator.py took 0.056 seconds
[2024-07-07T23:45:01.245+0500] {processor.py:161} INFO - Started process (PID=20496) to work on /home/nicolaspc/anaconda3/envs/mlops_env/lib/python3.12/site-packages/airflow/example_dags/example_sensor_decorator.py
[2024-07-07T23:45:01.246+0500] {processor.py:830} INFO - Processing file /home/nicolaspc/anaconda3/envs/mlops_env/lib/python3.12/site-packages/airflow/example_dags/example_sensor_decorator.py for tasks to queue
[2024-07-07T23:45:01.246+0500] {logging_mixin.py:188} INFO - [2024-07-07T23:45:01.246+0500] {dagbag.py:545} INFO - Filling up the DagBag from /home/nicolaspc/anaconda3/envs/mlops_env/lib/python3.12/site-packages/airflow/example_dags/example_sensor_decorator.py
[2024-07-07T23:45:01.250+0500] {processor.py:840} INFO - DAG(s) 'example_sensor_decorator' retrieved from /home/nicolaspc/anaconda3/envs/mlops_env/lib/python3.12/site-packages/airflow/example_dags/example_sensor_decorator.py
[2024-07-07T23:45:01.271+0500] {logging_mixin.py:188} INFO - [2024-07-07T23:45:01.271+0500] {dag.py:3096} INFO - Sync 1 DAGs
[2024-07-07T23:45:01.280+0500] {logging_mixin.py:188} INFO - [2024-07-07T23:45:01.280+0500] {dag.py:3954} INFO - Setting next_dagrun for example_sensor_decorator to None, run_after=None
[2024-07-07T23:45:01.297+0500] {processor.py:183} INFO - Processing /home/nicolaspc/anaconda3/envs/mlops_env/lib/python3.12/site-packages/airflow/example_dags/example_sensor_decorator.py took 0.058 seconds
[2024-07-07T23:45:32.007+0500] {processor.py:161} INFO - Started process (PID=20821) to work on /home/nicolaspc/anaconda3/envs/mlops_env/lib/python3.12/site-packages/airflow/example_dags/example_sensor_decorator.py
[2024-07-07T23:45:32.008+0500] {processor.py:830} INFO - Processing file /home/nicolaspc/anaconda3/envs/mlops_env/lib/python3.12/site-packages/airflow/example_dags/example_sensor_decorator.py for tasks to queue
[2024-07-07T23:45:32.008+0500] {logging_mixin.py:188} INFO - [2024-07-07T23:45:32.008+0500] {dagbag.py:545} INFO - Filling up the DagBag from /home/nicolaspc/anaconda3/envs/mlops_env/lib/python3.12/site-packages/airflow/example_dags/example_sensor_decorator.py
[2024-07-07T23:45:32.012+0500] {processor.py:840} INFO - DAG(s) 'example_sensor_decorator' retrieved from /home/nicolaspc/anaconda3/envs/mlops_env/lib/python3.12/site-packages/airflow/example_dags/example_sensor_decorator.py
[2024-07-07T23:45:32.033+0500] {logging_mixin.py:188} INFO - [2024-07-07T23:45:32.033+0500] {dag.py:3096} INFO - Sync 1 DAGs
[2024-07-07T23:45:32.042+0500] {logging_mixin.py:188} INFO - [2024-07-07T23:45:32.042+0500] {dag.py:3954} INFO - Setting next_dagrun for example_sensor_decorator to None, run_after=None
[2024-07-07T23:45:32.060+0500] {processor.py:183} INFO - Processing /home/nicolaspc/anaconda3/envs/mlops_env/lib/python3.12/site-packages/airflow/example_dags/example_sensor_decorator.py took 0.059 seconds
[2024-07-07T23:46:02.552+0500] {processor.py:161} INFO - Started process (PID=21159) to work on /home/nicolaspc/anaconda3/envs/mlops_env/lib/python3.12/site-packages/airflow/example_dags/example_sensor_decorator.py
[2024-07-07T23:46:02.553+0500] {processor.py:830} INFO - Processing file /home/nicolaspc/anaconda3/envs/mlops_env/lib/python3.12/site-packages/airflow/example_dags/example_sensor_decorator.py for tasks to queue
[2024-07-07T23:46:02.553+0500] {logging_mixin.py:188} INFO - [2024-07-07T23:46:02.553+0500] {dagbag.py:545} INFO - Filling up the DagBag from /home/nicolaspc/anaconda3/envs/mlops_env/lib/python3.12/site-packages/airflow/example_dags/example_sensor_decorator.py
[2024-07-07T23:46:02.558+0500] {processor.py:840} INFO - DAG(s) 'example_sensor_decorator' retrieved from /home/nicolaspc/anaconda3/envs/mlops_env/lib/python3.12/site-packages/airflow/example_dags/example_sensor_decorator.py
[2024-07-07T23:46:02.579+0500] {logging_mixin.py:188} INFO - [2024-07-07T23:46:02.579+0500] {dag.py:3096} INFO - Sync 1 DAGs
[2024-07-07T23:46:02.588+0500] {logging_mixin.py:188} INFO - [2024-07-07T23:46:02.588+0500] {dag.py:3954} INFO - Setting next_dagrun for example_sensor_decorator to None, run_after=None
[2024-07-07T23:46:02.604+0500] {processor.py:183} INFO - Processing /home/nicolaspc/anaconda3/envs/mlops_env/lib/python3.12/site-packages/airflow/example_dags/example_sensor_decorator.py took 0.058 seconds
[2024-07-07T23:46:33.285+0500] {processor.py:161} INFO - Started process (PID=21526) to work on /home/nicolaspc/anaconda3/envs/mlops_env/lib/python3.12/site-packages/airflow/example_dags/example_sensor_decorator.py
[2024-07-07T23:46:33.286+0500] {processor.py:830} INFO - Processing file /home/nicolaspc/anaconda3/envs/mlops_env/lib/python3.12/site-packages/airflow/example_dags/example_sensor_decorator.py for tasks to queue
[2024-07-07T23:46:33.286+0500] {logging_mixin.py:188} INFO - [2024-07-07T23:46:33.286+0500] {dagbag.py:545} INFO - Filling up the DagBag from /home/nicolaspc/anaconda3/envs/mlops_env/lib/python3.12/site-packages/airflow/example_dags/example_sensor_decorator.py
[2024-07-07T23:46:33.290+0500] {processor.py:840} INFO - DAG(s) 'example_sensor_decorator' retrieved from /home/nicolaspc/anaconda3/envs/mlops_env/lib/python3.12/site-packages/airflow/example_dags/example_sensor_decorator.py
[2024-07-07T23:46:33.309+0500] {logging_mixin.py:188} INFO - [2024-07-07T23:46:33.309+0500] {dag.py:3096} INFO - Sync 1 DAGs
[2024-07-07T23:46:33.318+0500] {logging_mixin.py:188} INFO - [2024-07-07T23:46:33.317+0500] {dag.py:3954} INFO - Setting next_dagrun for example_sensor_decorator to None, run_after=None
[2024-07-07T23:46:33.334+0500] {processor.py:183} INFO - Processing /home/nicolaspc/anaconda3/envs/mlops_env/lib/python3.12/site-packages/airflow/example_dags/example_sensor_decorator.py took 0.055 seconds
[2024-07-07T23:47:04.110+0500] {processor.py:161} INFO - Started process (PID=21858) to work on /home/nicolaspc/anaconda3/envs/mlops_env/lib/python3.12/site-packages/airflow/example_dags/example_sensor_decorator.py
[2024-07-07T23:47:04.111+0500] {processor.py:830} INFO - Processing file /home/nicolaspc/anaconda3/envs/mlops_env/lib/python3.12/site-packages/airflow/example_dags/example_sensor_decorator.py for tasks to queue
[2024-07-07T23:47:04.111+0500] {logging_mixin.py:188} INFO - [2024-07-07T23:47:04.111+0500] {dagbag.py:545} INFO - Filling up the DagBag from /home/nicolaspc/anaconda3/envs/mlops_env/lib/python3.12/site-packages/airflow/example_dags/example_sensor_decorator.py
[2024-07-07T23:47:04.115+0500] {processor.py:840} INFO - DAG(s) 'example_sensor_decorator' retrieved from /home/nicolaspc/anaconda3/envs/mlops_env/lib/python3.12/site-packages/airflow/example_dags/example_sensor_decorator.py
[2024-07-07T23:47:04.134+0500] {logging_mixin.py:188} INFO - [2024-07-07T23:47:04.134+0500] {dag.py:3096} INFO - Sync 1 DAGs
[2024-07-07T23:47:04.143+0500] {logging_mixin.py:188} INFO - [2024-07-07T23:47:04.143+0500] {dag.py:3954} INFO - Setting next_dagrun for example_sensor_decorator to None, run_after=None
[2024-07-07T23:47:04.158+0500] {processor.py:183} INFO - Processing /home/nicolaspc/anaconda3/envs/mlops_env/lib/python3.12/site-packages/airflow/example_dags/example_sensor_decorator.py took 0.054 seconds
[2024-07-07T23:47:34.612+0500] {processor.py:161} INFO - Started process (PID=22186) to work on /home/nicolaspc/anaconda3/envs/mlops_env/lib/python3.12/site-packages/airflow/example_dags/example_sensor_decorator.py
[2024-07-07T23:47:34.612+0500] {processor.py:830} INFO - Processing file /home/nicolaspc/anaconda3/envs/mlops_env/lib/python3.12/site-packages/airflow/example_dags/example_sensor_decorator.py for tasks to queue
[2024-07-07T23:47:34.613+0500] {logging_mixin.py:188} INFO - [2024-07-07T23:47:34.612+0500] {dagbag.py:545} INFO - Filling up the DagBag from /home/nicolaspc/anaconda3/envs/mlops_env/lib/python3.12/site-packages/airflow/example_dags/example_sensor_decorator.py
[2024-07-07T23:47:34.617+0500] {processor.py:840} INFO - DAG(s) 'example_sensor_decorator' retrieved from /home/nicolaspc/anaconda3/envs/mlops_env/lib/python3.12/site-packages/airflow/example_dags/example_sensor_decorator.py
[2024-07-07T23:47:34.636+0500] {logging_mixin.py:188} INFO - [2024-07-07T23:47:34.636+0500] {dag.py:3096} INFO - Sync 1 DAGs
[2024-07-07T23:47:34.646+0500] {logging_mixin.py:188} INFO - [2024-07-07T23:47:34.646+0500] {dag.py:3954} INFO - Setting next_dagrun for example_sensor_decorator to None, run_after=None
[2024-07-07T23:47:34.661+0500] {processor.py:183} INFO - Processing /home/nicolaspc/anaconda3/envs/mlops_env/lib/python3.12/site-packages/airflow/example_dags/example_sensor_decorator.py took 0.055 seconds
[2024-07-07T23:48:05.220+0500] {processor.py:161} INFO - Started process (PID=22511) to work on /home/nicolaspc/anaconda3/envs/mlops_env/lib/python3.12/site-packages/airflow/example_dags/example_sensor_decorator.py
[2024-07-07T23:48:05.220+0500] {processor.py:830} INFO - Processing file /home/nicolaspc/anaconda3/envs/mlops_env/lib/python3.12/site-packages/airflow/example_dags/example_sensor_decorator.py for tasks to queue
[2024-07-07T23:48:05.221+0500] {logging_mixin.py:188} INFO - [2024-07-07T23:48:05.221+0500] {dagbag.py:545} INFO - Filling up the DagBag from /home/nicolaspc/anaconda3/envs/mlops_env/lib/python3.12/site-packages/airflow/example_dags/example_sensor_decorator.py
[2024-07-07T23:48:05.225+0500] {processor.py:840} INFO - DAG(s) 'example_sensor_decorator' retrieved from /home/nicolaspc/anaconda3/envs/mlops_env/lib/python3.12/site-packages/airflow/example_dags/example_sensor_decorator.py
[2024-07-07T23:48:05.245+0500] {logging_mixin.py:188} INFO - [2024-07-07T23:48:05.245+0500] {dag.py:3096} INFO - Sync 1 DAGs
[2024-07-07T23:48:05.254+0500] {logging_mixin.py:188} INFO - [2024-07-07T23:48:05.254+0500] {dag.py:3954} INFO - Setting next_dagrun for example_sensor_decorator to None, run_after=None
[2024-07-07T23:48:05.270+0500] {processor.py:183} INFO - Processing /home/nicolaspc/anaconda3/envs/mlops_env/lib/python3.12/site-packages/airflow/example_dags/example_sensor_decorator.py took 0.056 seconds
[2024-07-07T23:48:35.758+0500] {processor.py:161} INFO - Started process (PID=22864) to work on /home/nicolaspc/anaconda3/envs/mlops_env/lib/python3.12/site-packages/airflow/example_dags/example_sensor_decorator.py
[2024-07-07T23:48:35.759+0500] {processor.py:830} INFO - Processing file /home/nicolaspc/anaconda3/envs/mlops_env/lib/python3.12/site-packages/airflow/example_dags/example_sensor_decorator.py for tasks to queue
[2024-07-07T23:48:35.760+0500] {logging_mixin.py:188} INFO - [2024-07-07T23:48:35.759+0500] {dagbag.py:545} INFO - Filling up the DagBag from /home/nicolaspc/anaconda3/envs/mlops_env/lib/python3.12/site-packages/airflow/example_dags/example_sensor_decorator.py
[2024-07-07T23:48:35.763+0500] {processor.py:840} INFO - DAG(s) 'example_sensor_decorator' retrieved from /home/nicolaspc/anaconda3/envs/mlops_env/lib/python3.12/site-packages/airflow/example_dags/example_sensor_decorator.py
[2024-07-07T23:48:35.783+0500] {logging_mixin.py:188} INFO - [2024-07-07T23:48:35.783+0500] {dag.py:3096} INFO - Sync 1 DAGs
[2024-07-07T23:48:35.791+0500] {logging_mixin.py:188} INFO - [2024-07-07T23:48:35.791+0500] {dag.py:3954} INFO - Setting next_dagrun for example_sensor_decorator to None, run_after=None
[2024-07-07T23:48:35.808+0500] {processor.py:183} INFO - Processing /home/nicolaspc/anaconda3/envs/mlops_env/lib/python3.12/site-packages/airflow/example_dags/example_sensor_decorator.py took 0.056 seconds
[2024-07-07T23:49:06.699+0500] {processor.py:161} INFO - Started process (PID=23385) to work on /home/nicolaspc/anaconda3/envs/mlops_env/lib/python3.12/site-packages/airflow/example_dags/example_sensor_decorator.py
[2024-07-07T23:49:06.700+0500] {processor.py:830} INFO - Processing file /home/nicolaspc/anaconda3/envs/mlops_env/lib/python3.12/site-packages/airflow/example_dags/example_sensor_decorator.py for tasks to queue
[2024-07-07T23:49:06.700+0500] {logging_mixin.py:188} INFO - [2024-07-07T23:49:06.700+0500] {dagbag.py:545} INFO - Filling up the DagBag from /home/nicolaspc/anaconda3/envs/mlops_env/lib/python3.12/site-packages/airflow/example_dags/example_sensor_decorator.py
[2024-07-07T23:49:06.704+0500] {processor.py:840} INFO - DAG(s) 'example_sensor_decorator' retrieved from /home/nicolaspc/anaconda3/envs/mlops_env/lib/python3.12/site-packages/airflow/example_dags/example_sensor_decorator.py
[2024-07-07T23:49:06.777+0500] {logging_mixin.py:188} INFO - [2024-07-07T23:49:06.776+0500] {dag.py:3096} INFO - Sync 1 DAGs
[2024-07-07T23:49:06.784+0500] {logging_mixin.py:188} INFO - [2024-07-07T23:49:06.784+0500] {dag.py:3954} INFO - Setting next_dagrun for example_sensor_decorator to None, run_after=None
[2024-07-07T23:49:06.800+0500] {processor.py:183} INFO - Processing /home/nicolaspc/anaconda3/envs/mlops_env/lib/python3.12/site-packages/airflow/example_dags/example_sensor_decorator.py took 0.107 seconds
[2024-07-07T23:49:37.379+0500] {processor.py:161} INFO - Started process (PID=23746) to work on /home/nicolaspc/anaconda3/envs/mlops_env/lib/python3.12/site-packages/airflow/example_dags/example_sensor_decorator.py
[2024-07-07T23:49:37.380+0500] {processor.py:830} INFO - Processing file /home/nicolaspc/anaconda3/envs/mlops_env/lib/python3.12/site-packages/airflow/example_dags/example_sensor_decorator.py for tasks to queue
[2024-07-07T23:49:37.381+0500] {logging_mixin.py:188} INFO - [2024-07-07T23:49:37.380+0500] {dagbag.py:545} INFO - Filling up the DagBag from /home/nicolaspc/anaconda3/envs/mlops_env/lib/python3.12/site-packages/airflow/example_dags/example_sensor_decorator.py
[2024-07-07T23:49:37.384+0500] {processor.py:840} INFO - DAG(s) 'example_sensor_decorator' retrieved from /home/nicolaspc/anaconda3/envs/mlops_env/lib/python3.12/site-packages/airflow/example_dags/example_sensor_decorator.py
[2024-07-07T23:49:37.403+0500] {logging_mixin.py:188} INFO - [2024-07-07T23:49:37.403+0500] {dag.py:3096} INFO - Sync 1 DAGs
[2024-07-07T23:49:37.412+0500] {logging_mixin.py:188} INFO - [2024-07-07T23:49:37.412+0500] {dag.py:3954} INFO - Setting next_dagrun for example_sensor_decorator to None, run_after=None
[2024-07-07T23:49:37.428+0500] {processor.py:183} INFO - Processing /home/nicolaspc/anaconda3/envs/mlops_env/lib/python3.12/site-packages/airflow/example_dags/example_sensor_decorator.py took 0.054 seconds
