[2024-07-07T23:35:18.236+0500] {processor.py:161} INFO - Started process (PID=13276) to work on /home/nicolaspc/anaconda3/envs/mlops_env/lib/python3.12/site-packages/airflow/example_dags/example_trigger_target_dag.py
[2024-07-07T23:35:18.236+0500] {processor.py:830} INFO - Processing file /home/nicolaspc/anaconda3/envs/mlops_env/lib/python3.12/site-packages/airflow/example_dags/example_trigger_target_dag.py for tasks to queue
[2024-07-07T23:35:18.237+0500] {logging_mixin.py:188} INFO - [2024-07-07T23:35:18.236+0500] {dagbag.py:545} INFO - Filling up the DagBag from /home/nicolaspc/anaconda3/envs/mlops_env/lib/python3.12/site-packages/airflow/example_dags/example_trigger_target_dag.py
[2024-07-07T23:35:18.240+0500] {processor.py:840} INFO - DAG(s) 'example_trigger_target_dag' retrieved from /home/nicolaspc/anaconda3/envs/mlops_env/lib/python3.12/site-packages/airflow/example_dags/example_trigger_target_dag.py
[2024-07-07T23:35:18.260+0500] {logging_mixin.py:188} INFO - [2024-07-07T23:35:18.260+0500] {dag.py:3096} INFO - Sync 1 DAGs
[2024-07-07T23:35:18.270+0500] {logging_mixin.py:188} INFO - [2024-07-07T23:35:18.270+0500] {dag.py:3954} INFO - Setting next_dagrun for example_trigger_target_dag to None, run_after=None
[2024-07-07T23:35:18.285+0500] {processor.py:183} INFO - Processing /home/nicolaspc/anaconda3/envs/mlops_env/lib/python3.12/site-packages/airflow/example_dags/example_trigger_target_dag.py took 0.056 seconds
[2024-07-07T23:35:48.895+0500] {processor.py:161} INFO - Started process (PID=13627) to work on /home/nicolaspc/anaconda3/envs/mlops_env/lib/python3.12/site-packages/airflow/example_dags/example_trigger_target_dag.py
[2024-07-07T23:35:48.896+0500] {processor.py:830} INFO - Processing file /home/nicolaspc/anaconda3/envs/mlops_env/lib/python3.12/site-packages/airflow/example_dags/example_trigger_target_dag.py for tasks to queue
[2024-07-07T23:35:48.897+0500] {logging_mixin.py:188} INFO - [2024-07-07T23:35:48.896+0500] {dagbag.py:545} INFO - Filling up the DagBag from /home/nicolaspc/anaconda3/envs/mlops_env/lib/python3.12/site-packages/airflow/example_dags/example_trigger_target_dag.py
[2024-07-07T23:35:48.900+0500] {processor.py:840} INFO - DAG(s) 'example_trigger_target_dag' retrieved from /home/nicolaspc/anaconda3/envs/mlops_env/lib/python3.12/site-packages/airflow/example_dags/example_trigger_target_dag.py
[2024-07-07T23:35:48.921+0500] {logging_mixin.py:188} INFO - [2024-07-07T23:35:48.920+0500] {dag.py:3096} INFO - Sync 1 DAGs
[2024-07-07T23:35:48.930+0500] {logging_mixin.py:188} INFO - [2024-07-07T23:35:48.930+0500] {dag.py:3954} INFO - Setting next_dagrun for example_trigger_target_dag to None, run_after=None
[2024-07-07T23:35:48.945+0500] {processor.py:183} INFO - Processing /home/nicolaspc/anaconda3/envs/mlops_env/lib/python3.12/site-packages/airflow/example_dags/example_trigger_target_dag.py took 0.055 seconds
[2024-07-07T23:36:07.836+0500] {processor.py:161} INFO - Started process (PID=13951) to work on /home/nicolaspc/anaconda3/envs/mlops_env/lib/python3.12/site-packages/airflow/example_dags/example_trigger_target_dag.py
[2024-07-07T23:36:07.839+0500] {processor.py:830} INFO - Processing file /home/nicolaspc/anaconda3/envs/mlops_env/lib/python3.12/site-packages/airflow/example_dags/example_trigger_target_dag.py for tasks to queue
[2024-07-07T23:36:07.840+0500] {logging_mixin.py:188} INFO - [2024-07-07T23:36:07.840+0500] {dagbag.py:545} INFO - Filling up the DagBag from /home/nicolaspc/anaconda3/envs/mlops_env/lib/python3.12/site-packages/airflow/example_dags/example_trigger_target_dag.py
[2024-07-07T23:36:07.846+0500] {processor.py:840} INFO - DAG(s) 'example_trigger_target_dag' retrieved from /home/nicolaspc/anaconda3/envs/mlops_env/lib/python3.12/site-packages/airflow/example_dags/example_trigger_target_dag.py
[2024-07-07T23:36:07.937+0500] {logging_mixin.py:188} INFO - [2024-07-07T23:36:07.936+0500] {override.py:1829} INFO - Created Permission View: can delete on DAG:example_trigger_target_dag
[2024-07-07T23:36:07.950+0500] {logging_mixin.py:188} INFO - [2024-07-07T23:36:07.949+0500] {override.py:1829} INFO - Created Permission View: can edit on DAG:example_trigger_target_dag
[2024-07-07T23:36:07.961+0500] {logging_mixin.py:188} INFO - [2024-07-07T23:36:07.960+0500] {override.py:1829} INFO - Created Permission View: can read on DAG:example_trigger_target_dag
[2024-07-07T23:36:07.961+0500] {logging_mixin.py:188} INFO - [2024-07-07T23:36:07.961+0500] {dag.py:3096} INFO - Sync 1 DAGs
[2024-07-07T23:36:07.969+0500] {logging_mixin.py:188} INFO - [2024-07-07T23:36:07.969+0500] {dag.py:3118} INFO - Creating ORM DAG for example_trigger_target_dag
[2024-07-07T23:36:07.969+0500] {logging_mixin.py:188} INFO - [2024-07-07T23:36:07.969+0500] {dag.py:3954} INFO - Setting next_dagrun for example_trigger_target_dag to None, run_after=None
[2024-07-07T23:36:08.046+0500] {processor.py:183} INFO - Processing /home/nicolaspc/anaconda3/envs/mlops_env/lib/python3.12/site-packages/airflow/example_dags/example_trigger_target_dag.py took 0.214 seconds
[2024-07-07T23:36:19.610+0500] {processor.py:161} INFO - Started process (PID=14042) to work on /home/nicolaspc/anaconda3/envs/mlops_env/lib/python3.12/site-packages/airflow/example_dags/example_trigger_target_dag.py
[2024-07-07T23:36:19.611+0500] {processor.py:830} INFO - Processing file /home/nicolaspc/anaconda3/envs/mlops_env/lib/python3.12/site-packages/airflow/example_dags/example_trigger_target_dag.py for tasks to queue
[2024-07-07T23:36:19.611+0500] {logging_mixin.py:188} INFO - [2024-07-07T23:36:19.611+0500] {dagbag.py:545} INFO - Filling up the DagBag from /home/nicolaspc/anaconda3/envs/mlops_env/lib/python3.12/site-packages/airflow/example_dags/example_trigger_target_dag.py
[2024-07-07T23:36:19.615+0500] {processor.py:840} INFO - DAG(s) 'example_trigger_target_dag' retrieved from /home/nicolaspc/anaconda3/envs/mlops_env/lib/python3.12/site-packages/airflow/example_dags/example_trigger_target_dag.py
[2024-07-07T23:36:19.635+0500] {logging_mixin.py:188} INFO - [2024-07-07T23:36:19.635+0500] {dag.py:3096} INFO - Sync 1 DAGs
[2024-07-07T23:36:19.643+0500] {logging_mixin.py:188} INFO - [2024-07-07T23:36:19.643+0500] {dag.py:3954} INFO - Setting next_dagrun for example_trigger_target_dag to None, run_after=None
[2024-07-07T23:36:19.659+0500] {processor.py:183} INFO - Processing /home/nicolaspc/anaconda3/envs/mlops_env/lib/python3.12/site-packages/airflow/example_dags/example_trigger_target_dag.py took 0.055 seconds
[2024-07-07T23:36:50.254+0500] {processor.py:161} INFO - Started process (PID=14432) to work on /home/nicolaspc/anaconda3/envs/mlops_env/lib/python3.12/site-packages/airflow/example_dags/example_trigger_target_dag.py
[2024-07-07T23:36:50.255+0500] {processor.py:830} INFO - Processing file /home/nicolaspc/anaconda3/envs/mlops_env/lib/python3.12/site-packages/airflow/example_dags/example_trigger_target_dag.py for tasks to queue
[2024-07-07T23:36:50.255+0500] {logging_mixin.py:188} INFO - [2024-07-07T23:36:50.255+0500] {dagbag.py:545} INFO - Filling up the DagBag from /home/nicolaspc/anaconda3/envs/mlops_env/lib/python3.12/site-packages/airflow/example_dags/example_trigger_target_dag.py
[2024-07-07T23:36:50.259+0500] {processor.py:840} INFO - DAG(s) 'example_trigger_target_dag' retrieved from /home/nicolaspc/anaconda3/envs/mlops_env/lib/python3.12/site-packages/airflow/example_dags/example_trigger_target_dag.py
[2024-07-07T23:36:50.277+0500] {logging_mixin.py:188} INFO - [2024-07-07T23:36:50.277+0500] {dag.py:3096} INFO - Sync 1 DAGs
[2024-07-07T23:36:50.285+0500] {logging_mixin.py:188} INFO - [2024-07-07T23:36:50.285+0500] {dag.py:3954} INFO - Setting next_dagrun for example_trigger_target_dag to None, run_after=None
[2024-07-07T23:36:50.302+0500] {processor.py:183} INFO - Processing /home/nicolaspc/anaconda3/envs/mlops_env/lib/python3.12/site-packages/airflow/example_dags/example_trigger_target_dag.py took 0.053 seconds
[2024-07-07T23:37:02.504+0500] {processor.py:161} INFO - Started process (PID=14749) to work on /home/nicolaspc/anaconda3/envs/mlops_env/lib/python3.12/site-packages/airflow/example_dags/example_trigger_target_dag.py
[2024-07-07T23:37:02.505+0500] {processor.py:830} INFO - Processing file /home/nicolaspc/anaconda3/envs/mlops_env/lib/python3.12/site-packages/airflow/example_dags/example_trigger_target_dag.py for tasks to queue
[2024-07-07T23:37:02.506+0500] {logging_mixin.py:188} INFO - [2024-07-07T23:37:02.506+0500] {dagbag.py:545} INFO - Filling up the DagBag from /home/nicolaspc/anaconda3/envs/mlops_env/lib/python3.12/site-packages/airflow/example_dags/example_trigger_target_dag.py
[2024-07-07T23:37:02.510+0500] {processor.py:840} INFO - DAG(s) 'example_trigger_target_dag' retrieved from /home/nicolaspc/anaconda3/envs/mlops_env/lib/python3.12/site-packages/airflow/example_dags/example_trigger_target_dag.py
[2024-07-07T23:37:02.522+0500] {logging_mixin.py:188} INFO - [2024-07-07T23:37:02.521+0500] {dag.py:3096} INFO - Sync 1 DAGs
[2024-07-07T23:37:02.529+0500] {logging_mixin.py:188} INFO - [2024-07-07T23:37:02.528+0500] {dag.py:3954} INFO - Setting next_dagrun for example_trigger_target_dag to None, run_after=None
[2024-07-07T23:37:02.547+0500] {processor.py:183} INFO - Processing /home/nicolaspc/anaconda3/envs/mlops_env/lib/python3.12/site-packages/airflow/example_dags/example_trigger_target_dag.py took 0.047 seconds
[2024-07-07T23:37:20.682+0500] {processor.py:161} INFO - Started process (PID=14786) to work on /home/nicolaspc/anaconda3/envs/mlops_env/lib/python3.12/site-packages/airflow/example_dags/example_trigger_target_dag.py
[2024-07-07T23:37:20.683+0500] {processor.py:830} INFO - Processing file /home/nicolaspc/anaconda3/envs/mlops_env/lib/python3.12/site-packages/airflow/example_dags/example_trigger_target_dag.py for tasks to queue
[2024-07-07T23:37:20.683+0500] {logging_mixin.py:188} INFO - [2024-07-07T23:37:20.683+0500] {dagbag.py:545} INFO - Filling up the DagBag from /home/nicolaspc/anaconda3/envs/mlops_env/lib/python3.12/site-packages/airflow/example_dags/example_trigger_target_dag.py
[2024-07-07T23:37:20.687+0500] {processor.py:840} INFO - DAG(s) 'example_trigger_target_dag' retrieved from /home/nicolaspc/anaconda3/envs/mlops_env/lib/python3.12/site-packages/airflow/example_dags/example_trigger_target_dag.py
[2024-07-07T23:37:20.707+0500] {logging_mixin.py:188} INFO - [2024-07-07T23:37:20.707+0500] {dag.py:3096} INFO - Sync 1 DAGs
[2024-07-07T23:37:20.716+0500] {logging_mixin.py:188} INFO - [2024-07-07T23:37:20.715+0500] {dag.py:3954} INFO - Setting next_dagrun for example_trigger_target_dag to None, run_after=None
[2024-07-07T23:37:20.736+0500] {processor.py:183} INFO - Processing /home/nicolaspc/anaconda3/envs/mlops_env/lib/python3.12/site-packages/airflow/example_dags/example_trigger_target_dag.py took 0.060 seconds
[2024-07-07T23:37:43.696+0500] {processor.py:161} INFO - Started process (PID=15148) to work on /home/nicolaspc/anaconda3/envs/mlops_env/lib/python3.12/site-packages/airflow/example_dags/example_trigger_target_dag.py
[2024-07-07T23:37:43.705+0500] {processor.py:830} INFO - Processing file /home/nicolaspc/anaconda3/envs/mlops_env/lib/python3.12/site-packages/airflow/example_dags/example_trigger_target_dag.py for tasks to queue
[2024-07-07T23:37:43.707+0500] {logging_mixin.py:188} INFO - [2024-07-07T23:37:43.706+0500] {dagbag.py:545} INFO - Filling up the DagBag from /home/nicolaspc/anaconda3/envs/mlops_env/lib/python3.12/site-packages/airflow/example_dags/example_trigger_target_dag.py
[2024-07-07T23:37:43.711+0500] {processor.py:840} INFO - DAG(s) 'example_trigger_target_dag' retrieved from /home/nicolaspc/anaconda3/envs/mlops_env/lib/python3.12/site-packages/airflow/example_dags/example_trigger_target_dag.py
[2024-07-07T23:37:43.720+0500] {logging_mixin.py:188} INFO - [2024-07-07T23:37:43.720+0500] {dag.py:3096} INFO - Sync 1 DAGs
[2024-07-07T23:37:43.728+0500] {logging_mixin.py:188} INFO - [2024-07-07T23:37:43.727+0500] {dag.py:3954} INFO - Setting next_dagrun for example_trigger_target_dag to None, run_after=None
[2024-07-07T23:37:43.748+0500] {processor.py:183} INFO - Processing /home/nicolaspc/anaconda3/envs/mlops_env/lib/python3.12/site-packages/airflow/example_dags/example_trigger_target_dag.py took 0.055 seconds
[2024-07-07T23:37:51.127+0500] {processor.py:161} INFO - Started process (PID=15172) to work on /home/nicolaspc/anaconda3/envs/mlops_env/lib/python3.12/site-packages/airflow/example_dags/example_trigger_target_dag.py
[2024-07-07T23:37:51.128+0500] {processor.py:830} INFO - Processing file /home/nicolaspc/anaconda3/envs/mlops_env/lib/python3.12/site-packages/airflow/example_dags/example_trigger_target_dag.py for tasks to queue
[2024-07-07T23:37:51.129+0500] {logging_mixin.py:188} INFO - [2024-07-07T23:37:51.129+0500] {dagbag.py:545} INFO - Filling up the DagBag from /home/nicolaspc/anaconda3/envs/mlops_env/lib/python3.12/site-packages/airflow/example_dags/example_trigger_target_dag.py
[2024-07-07T23:37:51.132+0500] {processor.py:840} INFO - DAG(s) 'example_trigger_target_dag' retrieved from /home/nicolaspc/anaconda3/envs/mlops_env/lib/python3.12/site-packages/airflow/example_dags/example_trigger_target_dag.py
[2024-07-07T23:37:51.152+0500] {logging_mixin.py:188} INFO - [2024-07-07T23:37:51.152+0500] {dag.py:3096} INFO - Sync 1 DAGs
[2024-07-07T23:37:51.161+0500] {logging_mixin.py:188} INFO - [2024-07-07T23:37:51.161+0500] {dag.py:3954} INFO - Setting next_dagrun for example_trigger_target_dag to None, run_after=None
[2024-07-07T23:37:51.177+0500] {processor.py:183} INFO - Processing /home/nicolaspc/anaconda3/envs/mlops_env/lib/python3.12/site-packages/airflow/example_dags/example_trigger_target_dag.py took 0.055 seconds
[2024-07-07T23:38:21.043+0500] {processor.py:161} INFO - Started process (PID=15547) to work on /home/nicolaspc/anaconda3/envs/mlops_env/lib/python3.12/site-packages/airflow/example_dags/example_trigger_target_dag.py
[2024-07-07T23:38:21.051+0500] {processor.py:830} INFO - Processing file /home/nicolaspc/anaconda3/envs/mlops_env/lib/python3.12/site-packages/airflow/example_dags/example_trigger_target_dag.py for tasks to queue
[2024-07-07T23:38:21.053+0500] {logging_mixin.py:188} INFO - [2024-07-07T23:38:21.053+0500] {dagbag.py:545} INFO - Filling up the DagBag from /home/nicolaspc/anaconda3/envs/mlops_env/lib/python3.12/site-packages/airflow/example_dags/example_trigger_target_dag.py
[2024-07-07T23:38:21.057+0500] {processor.py:840} INFO - DAG(s) 'example_trigger_target_dag' retrieved from /home/nicolaspc/anaconda3/envs/mlops_env/lib/python3.12/site-packages/airflow/example_dags/example_trigger_target_dag.py
[2024-07-07T23:38:21.066+0500] {logging_mixin.py:188} INFO - [2024-07-07T23:38:21.066+0500] {dag.py:3096} INFO - Sync 1 DAGs
[2024-07-07T23:38:21.073+0500] {logging_mixin.py:188} INFO - [2024-07-07T23:38:21.073+0500] {dag.py:3954} INFO - Setting next_dagrun for example_trigger_target_dag to None, run_after=None
[2024-07-07T23:38:21.109+0500] {processor.py:183} INFO - Processing /home/nicolaspc/anaconda3/envs/mlops_env/lib/python3.12/site-packages/airflow/example_dags/example_trigger_target_dag.py took 0.070 seconds
[2024-07-07T23:38:21.761+0500] {processor.py:161} INFO - Started process (PID=15566) to work on /home/nicolaspc/anaconda3/envs/mlops_env/lib/python3.12/site-packages/airflow/example_dags/example_trigger_target_dag.py
[2024-07-07T23:38:21.762+0500] {processor.py:830} INFO - Processing file /home/nicolaspc/anaconda3/envs/mlops_env/lib/python3.12/site-packages/airflow/example_dags/example_trigger_target_dag.py for tasks to queue
[2024-07-07T23:38:21.763+0500] {logging_mixin.py:188} INFO - [2024-07-07T23:38:21.762+0500] {dagbag.py:545} INFO - Filling up the DagBag from /home/nicolaspc/anaconda3/envs/mlops_env/lib/python3.12/site-packages/airflow/example_dags/example_trigger_target_dag.py
[2024-07-07T23:38:21.766+0500] {processor.py:840} INFO - DAG(s) 'example_trigger_target_dag' retrieved from /home/nicolaspc/anaconda3/envs/mlops_env/lib/python3.12/site-packages/airflow/example_dags/example_trigger_target_dag.py
[2024-07-07T23:38:21.785+0500] {logging_mixin.py:188} INFO - [2024-07-07T23:38:21.785+0500] {dag.py:3096} INFO - Sync 1 DAGs
[2024-07-07T23:38:21.794+0500] {logging_mixin.py:188} INFO - [2024-07-07T23:38:21.793+0500] {dag.py:3954} INFO - Setting next_dagrun for example_trigger_target_dag to None, run_after=None
[2024-07-07T23:38:21.809+0500] {processor.py:183} INFO - Processing /home/nicolaspc/anaconda3/envs/mlops_env/lib/python3.12/site-packages/airflow/example_dags/example_trigger_target_dag.py took 0.053 seconds
[2024-07-07T23:38:52.511+0500] {processor.py:161} INFO - Started process (PID=15951) to work on /home/nicolaspc/anaconda3/envs/mlops_env/lib/python3.12/site-packages/airflow/example_dags/example_trigger_target_dag.py
[2024-07-07T23:38:52.512+0500] {processor.py:830} INFO - Processing file /home/nicolaspc/anaconda3/envs/mlops_env/lib/python3.12/site-packages/airflow/example_dags/example_trigger_target_dag.py for tasks to queue
[2024-07-07T23:38:52.512+0500] {logging_mixin.py:188} INFO - [2024-07-07T23:38:52.512+0500] {dagbag.py:545} INFO - Filling up the DagBag from /home/nicolaspc/anaconda3/envs/mlops_env/lib/python3.12/site-packages/airflow/example_dags/example_trigger_target_dag.py
[2024-07-07T23:38:52.516+0500] {processor.py:840} INFO - DAG(s) 'example_trigger_target_dag' retrieved from /home/nicolaspc/anaconda3/envs/mlops_env/lib/python3.12/site-packages/airflow/example_dags/example_trigger_target_dag.py
[2024-07-07T23:38:52.535+0500] {logging_mixin.py:188} INFO - [2024-07-07T23:38:52.535+0500] {dag.py:3096} INFO - Sync 1 DAGs
[2024-07-07T23:38:52.545+0500] {logging_mixin.py:188} INFO - [2024-07-07T23:38:52.545+0500] {dag.py:3954} INFO - Setting next_dagrun for example_trigger_target_dag to None, run_after=None
[2024-07-07T23:38:52.562+0500] {processor.py:183} INFO - Processing /home/nicolaspc/anaconda3/envs/mlops_env/lib/python3.12/site-packages/airflow/example_dags/example_trigger_target_dag.py took 0.057 seconds
[2024-07-07T23:39:01.851+0500] {processor.py:161} INFO - Started process (PID=16291) to work on /home/nicolaspc/anaconda3/envs/mlops_env/lib/python3.12/site-packages/airflow/example_dags/example_trigger_target_dag.py
[2024-07-07T23:39:01.860+0500] {processor.py:830} INFO - Processing file /home/nicolaspc/anaconda3/envs/mlops_env/lib/python3.12/site-packages/airflow/example_dags/example_trigger_target_dag.py for tasks to queue
[2024-07-07T23:39:01.862+0500] {logging_mixin.py:188} INFO - [2024-07-07T23:39:01.861+0500] {dagbag.py:545} INFO - Filling up the DagBag from /home/nicolaspc/anaconda3/envs/mlops_env/lib/python3.12/site-packages/airflow/example_dags/example_trigger_target_dag.py
[2024-07-07T23:39:01.865+0500] {processor.py:840} INFO - DAG(s) 'example_trigger_target_dag' retrieved from /home/nicolaspc/anaconda3/envs/mlops_env/lib/python3.12/site-packages/airflow/example_dags/example_trigger_target_dag.py
[2024-07-07T23:39:01.875+0500] {logging_mixin.py:188} INFO - [2024-07-07T23:39:01.875+0500] {dag.py:3096} INFO - Sync 1 DAGs
[2024-07-07T23:39:01.882+0500] {logging_mixin.py:188} INFO - [2024-07-07T23:39:01.882+0500] {dag.py:3954} INFO - Setting next_dagrun for example_trigger_target_dag to None, run_after=None
[2024-07-07T23:39:01.903+0500] {processor.py:183} INFO - Processing /home/nicolaspc/anaconda3/envs/mlops_env/lib/python3.12/site-packages/airflow/example_dags/example_trigger_target_dag.py took 0.055 seconds
[2024-07-07T23:39:23.208+0500] {processor.py:161} INFO - Started process (PID=16346) to work on /home/nicolaspc/anaconda3/envs/mlops_env/lib/python3.12/site-packages/airflow/example_dags/example_trigger_target_dag.py
[2024-07-07T23:39:23.208+0500] {processor.py:830} INFO - Processing file /home/nicolaspc/anaconda3/envs/mlops_env/lib/python3.12/site-packages/airflow/example_dags/example_trigger_target_dag.py for tasks to queue
[2024-07-07T23:39:23.209+0500] {logging_mixin.py:188} INFO - [2024-07-07T23:39:23.208+0500] {dagbag.py:545} INFO - Filling up the DagBag from /home/nicolaspc/anaconda3/envs/mlops_env/lib/python3.12/site-packages/airflow/example_dags/example_trigger_target_dag.py
[2024-07-07T23:39:23.212+0500] {processor.py:840} INFO - DAG(s) 'example_trigger_target_dag' retrieved from /home/nicolaspc/anaconda3/envs/mlops_env/lib/python3.12/site-packages/airflow/example_dags/example_trigger_target_dag.py
[2024-07-07T23:39:23.231+0500] {logging_mixin.py:188} INFO - [2024-07-07T23:39:23.231+0500] {dag.py:3096} INFO - Sync 1 DAGs
[2024-07-07T23:39:23.239+0500] {logging_mixin.py:188} INFO - [2024-07-07T23:39:23.239+0500] {dag.py:3954} INFO - Setting next_dagrun for example_trigger_target_dag to None, run_after=None
[2024-07-07T23:39:23.255+0500] {processor.py:183} INFO - Processing /home/nicolaspc/anaconda3/envs/mlops_env/lib/python3.12/site-packages/airflow/example_dags/example_trigger_target_dag.py took 0.053 seconds
[2024-07-07T23:39:42.898+0500] {processor.py:161} INFO - Started process (PID=16674) to work on /home/nicolaspc/anaconda3/envs/mlops_env/lib/python3.12/site-packages/airflow/example_dags/example_trigger_target_dag.py
[2024-07-07T23:39:42.907+0500] {processor.py:830} INFO - Processing file /home/nicolaspc/anaconda3/envs/mlops_env/lib/python3.12/site-packages/airflow/example_dags/example_trigger_target_dag.py for tasks to queue
[2024-07-07T23:39:42.909+0500] {logging_mixin.py:188} INFO - [2024-07-07T23:39:42.908+0500] {dagbag.py:545} INFO - Filling up the DagBag from /home/nicolaspc/anaconda3/envs/mlops_env/lib/python3.12/site-packages/airflow/example_dags/example_trigger_target_dag.py
[2024-07-07T23:39:42.912+0500] {processor.py:840} INFO - DAG(s) 'example_trigger_target_dag' retrieved from /home/nicolaspc/anaconda3/envs/mlops_env/lib/python3.12/site-packages/airflow/example_dags/example_trigger_target_dag.py
[2024-07-07T23:39:42.922+0500] {logging_mixin.py:188} INFO - [2024-07-07T23:39:42.922+0500] {dag.py:3096} INFO - Sync 1 DAGs
[2024-07-07T23:39:42.929+0500] {logging_mixin.py:188} INFO - [2024-07-07T23:39:42.929+0500] {dag.py:3954} INFO - Setting next_dagrun for example_trigger_target_dag to None, run_after=None
[2024-07-07T23:39:42.949+0500] {processor.py:183} INFO - Processing /home/nicolaspc/anaconda3/envs/mlops_env/lib/python3.12/site-packages/airflow/example_dags/example_trigger_target_dag.py took 0.055 seconds
[2024-07-07T23:39:53.802+0500] {processor.py:161} INFO - Started process (PID=16705) to work on /home/nicolaspc/anaconda3/envs/mlops_env/lib/python3.12/site-packages/airflow/example_dags/example_trigger_target_dag.py
[2024-07-07T23:39:53.803+0500] {processor.py:830} INFO - Processing file /home/nicolaspc/anaconda3/envs/mlops_env/lib/python3.12/site-packages/airflow/example_dags/example_trigger_target_dag.py for tasks to queue
[2024-07-07T23:39:53.803+0500] {logging_mixin.py:188} INFO - [2024-07-07T23:39:53.803+0500] {dagbag.py:545} INFO - Filling up the DagBag from /home/nicolaspc/anaconda3/envs/mlops_env/lib/python3.12/site-packages/airflow/example_dags/example_trigger_target_dag.py
[2024-07-07T23:39:53.807+0500] {processor.py:840} INFO - DAG(s) 'example_trigger_target_dag' retrieved from /home/nicolaspc/anaconda3/envs/mlops_env/lib/python3.12/site-packages/airflow/example_dags/example_trigger_target_dag.py
[2024-07-07T23:39:53.827+0500] {logging_mixin.py:188} INFO - [2024-07-07T23:39:53.827+0500] {dag.py:3096} INFO - Sync 1 DAGs
[2024-07-07T23:39:53.837+0500] {logging_mixin.py:188} INFO - [2024-07-07T23:39:53.837+0500] {dag.py:3954} INFO - Setting next_dagrun for example_trigger_target_dag to None, run_after=None
[2024-07-07T23:39:53.852+0500] {processor.py:183} INFO - Processing /home/nicolaspc/anaconda3/envs/mlops_env/lib/python3.12/site-packages/airflow/example_dags/example_trigger_target_dag.py took 0.056 seconds
[2024-07-07T23:40:22.956+0500] {processor.py:161} INFO - Started process (PID=17115) to work on /home/nicolaspc/anaconda3/envs/mlops_env/lib/python3.12/site-packages/airflow/example_dags/example_trigger_target_dag.py
[2024-07-07T23:40:22.965+0500] {processor.py:830} INFO - Processing file /home/nicolaspc/anaconda3/envs/mlops_env/lib/python3.12/site-packages/airflow/example_dags/example_trigger_target_dag.py for tasks to queue
[2024-07-07T23:40:22.966+0500] {logging_mixin.py:188} INFO - [2024-07-07T23:40:22.966+0500] {dagbag.py:545} INFO - Filling up the DagBag from /home/nicolaspc/anaconda3/envs/mlops_env/lib/python3.12/site-packages/airflow/example_dags/example_trigger_target_dag.py
[2024-07-07T23:40:22.970+0500] {processor.py:840} INFO - DAG(s) 'example_trigger_target_dag' retrieved from /home/nicolaspc/anaconda3/envs/mlops_env/lib/python3.12/site-packages/airflow/example_dags/example_trigger_target_dag.py
[2024-07-07T23:40:22.981+0500] {logging_mixin.py:188} INFO - [2024-07-07T23:40:22.981+0500] {dag.py:3096} INFO - Sync 1 DAGs
[2024-07-07T23:40:22.988+0500] {logging_mixin.py:188} INFO - [2024-07-07T23:40:22.988+0500] {dag.py:3954} INFO - Setting next_dagrun for example_trigger_target_dag to None, run_after=None
[2024-07-07T23:40:23.012+0500] {processor.py:183} INFO - Processing /home/nicolaspc/anaconda3/envs/mlops_env/lib/python3.12/site-packages/airflow/example_dags/example_trigger_target_dag.py took 0.060 seconds
[2024-07-07T23:40:24.339+0500] {processor.py:161} INFO - Started process (PID=17135) to work on /home/nicolaspc/anaconda3/envs/mlops_env/lib/python3.12/site-packages/airflow/example_dags/example_trigger_target_dag.py
[2024-07-07T23:40:24.340+0500] {processor.py:830} INFO - Processing file /home/nicolaspc/anaconda3/envs/mlops_env/lib/python3.12/site-packages/airflow/example_dags/example_trigger_target_dag.py for tasks to queue
[2024-07-07T23:40:24.340+0500] {logging_mixin.py:188} INFO - [2024-07-07T23:40:24.340+0500] {dagbag.py:545} INFO - Filling up the DagBag from /home/nicolaspc/anaconda3/envs/mlops_env/lib/python3.12/site-packages/airflow/example_dags/example_trigger_target_dag.py
[2024-07-07T23:40:24.344+0500] {processor.py:840} INFO - DAG(s) 'example_trigger_target_dag' retrieved from /home/nicolaspc/anaconda3/envs/mlops_env/lib/python3.12/site-packages/airflow/example_dags/example_trigger_target_dag.py
[2024-07-07T23:40:24.368+0500] {logging_mixin.py:188} INFO - [2024-07-07T23:40:24.368+0500] {dag.py:3096} INFO - Sync 1 DAGs
[2024-07-07T23:40:24.377+0500] {logging_mixin.py:188} INFO - [2024-07-07T23:40:24.377+0500] {dag.py:3954} INFO - Setting next_dagrun for example_trigger_target_dag to None, run_after=None
[2024-07-07T23:40:24.396+0500] {processor.py:183} INFO - Processing /home/nicolaspc/anaconda3/envs/mlops_env/lib/python3.12/site-packages/airflow/example_dags/example_trigger_target_dag.py took 0.062 seconds
[2024-07-07T23:40:55.140+0500] {processor.py:161} INFO - Started process (PID=17501) to work on /home/nicolaspc/anaconda3/envs/mlops_env/lib/python3.12/site-packages/airflow/example_dags/example_trigger_target_dag.py
[2024-07-07T23:40:55.140+0500] {processor.py:830} INFO - Processing file /home/nicolaspc/anaconda3/envs/mlops_env/lib/python3.12/site-packages/airflow/example_dags/example_trigger_target_dag.py for tasks to queue
[2024-07-07T23:40:55.141+0500] {logging_mixin.py:188} INFO - [2024-07-07T23:40:55.140+0500] {dagbag.py:545} INFO - Filling up the DagBag from /home/nicolaspc/anaconda3/envs/mlops_env/lib/python3.12/site-packages/airflow/example_dags/example_trigger_target_dag.py
[2024-07-07T23:40:55.145+0500] {processor.py:840} INFO - DAG(s) 'example_trigger_target_dag' retrieved from /home/nicolaspc/anaconda3/envs/mlops_env/lib/python3.12/site-packages/airflow/example_dags/example_trigger_target_dag.py
[2024-07-07T23:40:55.167+0500] {logging_mixin.py:188} INFO - [2024-07-07T23:40:55.167+0500] {dag.py:3096} INFO - Sync 1 DAGs
[2024-07-07T23:40:55.179+0500] {logging_mixin.py:188} INFO - [2024-07-07T23:40:55.179+0500] {dag.py:3954} INFO - Setting next_dagrun for example_trigger_target_dag to None, run_after=None
[2024-07-07T23:40:55.198+0500] {processor.py:183} INFO - Processing /home/nicolaspc/anaconda3/envs/mlops_env/lib/python3.12/site-packages/airflow/example_dags/example_trigger_target_dag.py took 0.064 seconds
[2024-07-07T23:41:02.742+0500] {processor.py:161} INFO - Started process (PID=17818) to work on /home/nicolaspc/anaconda3/envs/mlops_env/lib/python3.12/site-packages/airflow/example_dags/example_trigger_target_dag.py
[2024-07-07T23:41:02.743+0500] {processor.py:830} INFO - Processing file /home/nicolaspc/anaconda3/envs/mlops_env/lib/python3.12/site-packages/airflow/example_dags/example_trigger_target_dag.py for tasks to queue
[2024-07-07T23:41:02.744+0500] {logging_mixin.py:188} INFO - [2024-07-07T23:41:02.744+0500] {dagbag.py:545} INFO - Filling up the DagBag from /home/nicolaspc/anaconda3/envs/mlops_env/lib/python3.12/site-packages/airflow/example_dags/example_trigger_target_dag.py
[2024-07-07T23:41:02.749+0500] {processor.py:840} INFO - DAG(s) 'example_trigger_target_dag' retrieved from /home/nicolaspc/anaconda3/envs/mlops_env/lib/python3.12/site-packages/airflow/example_dags/example_trigger_target_dag.py
[2024-07-07T23:41:02.759+0500] {logging_mixin.py:188} INFO - [2024-07-07T23:41:02.759+0500] {dag.py:3096} INFO - Sync 1 DAGs
[2024-07-07T23:41:02.767+0500] {logging_mixin.py:188} INFO - [2024-07-07T23:41:02.767+0500] {dag.py:3954} INFO - Setting next_dagrun for example_trigger_target_dag to None, run_after=None
[2024-07-07T23:41:02.788+0500] {processor.py:183} INFO - Processing /home/nicolaspc/anaconda3/envs/mlops_env/lib/python3.12/site-packages/airflow/example_dags/example_trigger_target_dag.py took 0.050 seconds
[2024-07-07T23:41:25.897+0500] {processor.py:161} INFO - Started process (PID=17911) to work on /home/nicolaspc/anaconda3/envs/mlops_env/lib/python3.12/site-packages/airflow/example_dags/example_trigger_target_dag.py
[2024-07-07T23:41:25.898+0500] {processor.py:830} INFO - Processing file /home/nicolaspc/anaconda3/envs/mlops_env/lib/python3.12/site-packages/airflow/example_dags/example_trigger_target_dag.py for tasks to queue
[2024-07-07T23:41:25.898+0500] {logging_mixin.py:188} INFO - [2024-07-07T23:41:25.898+0500] {dagbag.py:545} INFO - Filling up the DagBag from /home/nicolaspc/anaconda3/envs/mlops_env/lib/python3.12/site-packages/airflow/example_dags/example_trigger_target_dag.py
[2024-07-07T23:41:25.902+0500] {processor.py:840} INFO - DAG(s) 'example_trigger_target_dag' retrieved from /home/nicolaspc/anaconda3/envs/mlops_env/lib/python3.12/site-packages/airflow/example_dags/example_trigger_target_dag.py
[2024-07-07T23:41:25.922+0500] {logging_mixin.py:188} INFO - [2024-07-07T23:41:25.921+0500] {dag.py:3096} INFO - Sync 1 DAGs
[2024-07-07T23:41:25.931+0500] {logging_mixin.py:188} INFO - [2024-07-07T23:41:25.931+0500] {dag.py:3954} INFO - Setting next_dagrun for example_trigger_target_dag to None, run_after=None
[2024-07-07T23:41:25.947+0500] {processor.py:183} INFO - Processing /home/nicolaspc/anaconda3/envs/mlops_env/lib/python3.12/site-packages/airflow/example_dags/example_trigger_target_dag.py took 0.055 seconds
[2024-07-07T23:41:43.316+0500] {processor.py:161} INFO - Started process (PID=18249) to work on /home/nicolaspc/anaconda3/envs/mlops_env/lib/python3.12/site-packages/airflow/example_dags/example_trigger_target_dag.py
[2024-07-07T23:41:43.324+0500] {processor.py:830} INFO - Processing file /home/nicolaspc/anaconda3/envs/mlops_env/lib/python3.12/site-packages/airflow/example_dags/example_trigger_target_dag.py for tasks to queue
[2024-07-07T23:41:43.327+0500] {logging_mixin.py:188} INFO - [2024-07-07T23:41:43.326+0500] {dagbag.py:545} INFO - Filling up the DagBag from /home/nicolaspc/anaconda3/envs/mlops_env/lib/python3.12/site-packages/airflow/example_dags/example_trigger_target_dag.py
[2024-07-07T23:41:43.331+0500] {processor.py:840} INFO - DAG(s) 'example_trigger_target_dag' retrieved from /home/nicolaspc/anaconda3/envs/mlops_env/lib/python3.12/site-packages/airflow/example_dags/example_trigger_target_dag.py
[2024-07-07T23:41:43.342+0500] {logging_mixin.py:188} INFO - [2024-07-07T23:41:43.341+0500] {dag.py:3096} INFO - Sync 1 DAGs
[2024-07-07T23:41:43.348+0500] {logging_mixin.py:188} INFO - [2024-07-07T23:41:43.348+0500] {dag.py:3954} INFO - Setting next_dagrun for example_trigger_target_dag to None, run_after=None
[2024-07-07T23:41:43.386+0500] {processor.py:183} INFO - Processing /home/nicolaspc/anaconda3/envs/mlops_env/lib/python3.12/site-packages/airflow/example_dags/example_trigger_target_dag.py took 0.074 seconds
[2024-07-07T23:41:56.868+0500] {processor.py:161} INFO - Started process (PID=18292) to work on /home/nicolaspc/anaconda3/envs/mlops_env/lib/python3.12/site-packages/airflow/example_dags/example_trigger_target_dag.py
[2024-07-07T23:41:56.868+0500] {processor.py:830} INFO - Processing file /home/nicolaspc/anaconda3/envs/mlops_env/lib/python3.12/site-packages/airflow/example_dags/example_trigger_target_dag.py for tasks to queue
[2024-07-07T23:41:56.869+0500] {logging_mixin.py:188} INFO - [2024-07-07T23:41:56.869+0500] {dagbag.py:545} INFO - Filling up the DagBag from /home/nicolaspc/anaconda3/envs/mlops_env/lib/python3.12/site-packages/airflow/example_dags/example_trigger_target_dag.py
[2024-07-07T23:41:56.873+0500] {processor.py:840} INFO - DAG(s) 'example_trigger_target_dag' retrieved from /home/nicolaspc/anaconda3/envs/mlops_env/lib/python3.12/site-packages/airflow/example_dags/example_trigger_target_dag.py
[2024-07-07T23:41:56.895+0500] {logging_mixin.py:188} INFO - [2024-07-07T23:41:56.895+0500] {dag.py:3096} INFO - Sync 1 DAGs
[2024-07-07T23:41:56.905+0500] {logging_mixin.py:188} INFO - [2024-07-07T23:41:56.904+0500] {dag.py:3954} INFO - Setting next_dagrun for example_trigger_target_dag to None, run_after=None
[2024-07-07T23:41:56.921+0500] {processor.py:183} INFO - Processing /home/nicolaspc/anaconda3/envs/mlops_env/lib/python3.12/site-packages/airflow/example_dags/example_trigger_target_dag.py took 0.059 seconds
[2024-07-07T23:42:23.077+0500] {processor.py:161} INFO - Started process (PID=18679) to work on /home/nicolaspc/anaconda3/envs/mlops_env/lib/python3.12/site-packages/airflow/example_dags/example_trigger_target_dag.py
[2024-07-07T23:42:23.086+0500] {processor.py:830} INFO - Processing file /home/nicolaspc/anaconda3/envs/mlops_env/lib/python3.12/site-packages/airflow/example_dags/example_trigger_target_dag.py for tasks to queue
[2024-07-07T23:42:23.088+0500] {logging_mixin.py:188} INFO - [2024-07-07T23:42:23.088+0500] {dagbag.py:545} INFO - Filling up the DagBag from /home/nicolaspc/anaconda3/envs/mlops_env/lib/python3.12/site-packages/airflow/example_dags/example_trigger_target_dag.py
[2024-07-07T23:42:23.093+0500] {processor.py:840} INFO - DAG(s) 'example_trigger_target_dag' retrieved from /home/nicolaspc/anaconda3/envs/mlops_env/lib/python3.12/site-packages/airflow/example_dags/example_trigger_target_dag.py
[2024-07-07T23:42:23.102+0500] {logging_mixin.py:188} INFO - [2024-07-07T23:42:23.102+0500] {dag.py:3096} INFO - Sync 1 DAGs
[2024-07-07T23:42:23.110+0500] {logging_mixin.py:188} INFO - [2024-07-07T23:42:23.110+0500] {dag.py:3954} INFO - Setting next_dagrun for example_trigger_target_dag to None, run_after=None
[2024-07-07T23:42:23.148+0500] {processor.py:183} INFO - Processing /home/nicolaspc/anaconda3/envs/mlops_env/lib/python3.12/site-packages/airflow/example_dags/example_trigger_target_dag.py took 0.075 seconds
[2024-07-07T23:42:27.884+0500] {processor.py:161} INFO - Started process (PID=18704) to work on /home/nicolaspc/anaconda3/envs/mlops_env/lib/python3.12/site-packages/airflow/example_dags/example_trigger_target_dag.py
[2024-07-07T23:42:27.885+0500] {processor.py:830} INFO - Processing file /home/nicolaspc/anaconda3/envs/mlops_env/lib/python3.12/site-packages/airflow/example_dags/example_trigger_target_dag.py for tasks to queue
[2024-07-07T23:42:27.885+0500] {logging_mixin.py:188} INFO - [2024-07-07T23:42:27.885+0500] {dagbag.py:545} INFO - Filling up the DagBag from /home/nicolaspc/anaconda3/envs/mlops_env/lib/python3.12/site-packages/airflow/example_dags/example_trigger_target_dag.py
[2024-07-07T23:42:27.889+0500] {processor.py:840} INFO - DAG(s) 'example_trigger_target_dag' retrieved from /home/nicolaspc/anaconda3/envs/mlops_env/lib/python3.12/site-packages/airflow/example_dags/example_trigger_target_dag.py
[2024-07-07T23:42:27.908+0500] {logging_mixin.py:188} INFO - [2024-07-07T23:42:27.908+0500] {dag.py:3096} INFO - Sync 1 DAGs
[2024-07-07T23:42:27.917+0500] {logging_mixin.py:188} INFO - [2024-07-07T23:42:27.917+0500] {dag.py:3954} INFO - Setting next_dagrun for example_trigger_target_dag to None, run_after=None
[2024-07-07T23:42:27.932+0500] {processor.py:183} INFO - Processing /home/nicolaspc/anaconda3/envs/mlops_env/lib/python3.12/site-packages/airflow/example_dags/example_trigger_target_dag.py took 0.054 seconds
[2024-07-07T23:42:58.735+0500] {processor.py:161} INFO - Started process (PID=19068) to work on /home/nicolaspc/anaconda3/envs/mlops_env/lib/python3.12/site-packages/airflow/example_dags/example_trigger_target_dag.py
[2024-07-07T23:42:58.736+0500] {processor.py:830} INFO - Processing file /home/nicolaspc/anaconda3/envs/mlops_env/lib/python3.12/site-packages/airflow/example_dags/example_trigger_target_dag.py for tasks to queue
[2024-07-07T23:42:58.737+0500] {logging_mixin.py:188} INFO - [2024-07-07T23:42:58.736+0500] {dagbag.py:545} INFO - Filling up the DagBag from /home/nicolaspc/anaconda3/envs/mlops_env/lib/python3.12/site-packages/airflow/example_dags/example_trigger_target_dag.py
[2024-07-07T23:42:58.741+0500] {processor.py:840} INFO - DAG(s) 'example_trigger_target_dag' retrieved from /home/nicolaspc/anaconda3/envs/mlops_env/lib/python3.12/site-packages/airflow/example_dags/example_trigger_target_dag.py
[2024-07-07T23:42:58.766+0500] {logging_mixin.py:188} INFO - [2024-07-07T23:42:58.766+0500] {dag.py:3096} INFO - Sync 1 DAGs
[2024-07-07T23:42:58.776+0500] {logging_mixin.py:188} INFO - [2024-07-07T23:42:58.776+0500] {dag.py:3954} INFO - Setting next_dagrun for example_trigger_target_dag to None, run_after=None
[2024-07-07T23:42:58.797+0500] {processor.py:183} INFO - Processing /home/nicolaspc/anaconda3/envs/mlops_env/lib/python3.12/site-packages/airflow/example_dags/example_trigger_target_dag.py took 0.068 seconds
[2024-07-07T23:43:29.285+0500] {processor.py:161} INFO - Started process (PID=19392) to work on /home/nicolaspc/anaconda3/envs/mlops_env/lib/python3.12/site-packages/airflow/example_dags/example_trigger_target_dag.py
[2024-07-07T23:43:29.286+0500] {processor.py:830} INFO - Processing file /home/nicolaspc/anaconda3/envs/mlops_env/lib/python3.12/site-packages/airflow/example_dags/example_trigger_target_dag.py for tasks to queue
[2024-07-07T23:43:29.286+0500] {logging_mixin.py:188} INFO - [2024-07-07T23:43:29.286+0500] {dagbag.py:545} INFO - Filling up the DagBag from /home/nicolaspc/anaconda3/envs/mlops_env/lib/python3.12/site-packages/airflow/example_dags/example_trigger_target_dag.py
[2024-07-07T23:43:29.290+0500] {processor.py:840} INFO - DAG(s) 'example_trigger_target_dag' retrieved from /home/nicolaspc/anaconda3/envs/mlops_env/lib/python3.12/site-packages/airflow/example_dags/example_trigger_target_dag.py
[2024-07-07T23:43:29.309+0500] {logging_mixin.py:188} INFO - [2024-07-07T23:43:29.309+0500] {dag.py:3096} INFO - Sync 1 DAGs
[2024-07-07T23:43:29.318+0500] {logging_mixin.py:188} INFO - [2024-07-07T23:43:29.317+0500] {dag.py:3954} INFO - Setting next_dagrun for example_trigger_target_dag to None, run_after=None
[2024-07-07T23:43:29.332+0500] {processor.py:183} INFO - Processing /home/nicolaspc/anaconda3/envs/mlops_env/lib/python3.12/site-packages/airflow/example_dags/example_trigger_target_dag.py took 0.053 seconds
[2024-07-07T23:44:00.200+0500] {processor.py:161} INFO - Started process (PID=19760) to work on /home/nicolaspc/anaconda3/envs/mlops_env/lib/python3.12/site-packages/airflow/example_dags/example_trigger_target_dag.py
[2024-07-07T23:44:00.201+0500] {processor.py:830} INFO - Processing file /home/nicolaspc/anaconda3/envs/mlops_env/lib/python3.12/site-packages/airflow/example_dags/example_trigger_target_dag.py for tasks to queue
[2024-07-07T23:44:00.201+0500] {logging_mixin.py:188} INFO - [2024-07-07T23:44:00.201+0500] {dagbag.py:545} INFO - Filling up the DagBag from /home/nicolaspc/anaconda3/envs/mlops_env/lib/python3.12/site-packages/airflow/example_dags/example_trigger_target_dag.py
[2024-07-07T23:44:00.205+0500] {processor.py:840} INFO - DAG(s) 'example_trigger_target_dag' retrieved from /home/nicolaspc/anaconda3/envs/mlops_env/lib/python3.12/site-packages/airflow/example_dags/example_trigger_target_dag.py
[2024-07-07T23:44:00.226+0500] {logging_mixin.py:188} INFO - [2024-07-07T23:44:00.226+0500] {dag.py:3096} INFO - Sync 1 DAGs
[2024-07-07T23:44:00.234+0500] {logging_mixin.py:188} INFO - [2024-07-07T23:44:00.234+0500] {dag.py:3954} INFO - Setting next_dagrun for example_trigger_target_dag to None, run_after=None
[2024-07-07T23:44:00.250+0500] {processor.py:183} INFO - Processing /home/nicolaspc/anaconda3/envs/mlops_env/lib/python3.12/site-packages/airflow/example_dags/example_trigger_target_dag.py took 0.056 seconds
[2024-07-07T23:44:30.678+0500] {processor.py:161} INFO - Started process (PID=20124) to work on /home/nicolaspc/anaconda3/envs/mlops_env/lib/python3.12/site-packages/airflow/example_dags/example_trigger_target_dag.py
[2024-07-07T23:44:30.678+0500] {processor.py:830} INFO - Processing file /home/nicolaspc/anaconda3/envs/mlops_env/lib/python3.12/site-packages/airflow/example_dags/example_trigger_target_dag.py for tasks to queue
[2024-07-07T23:44:30.679+0500] {logging_mixin.py:188} INFO - [2024-07-07T23:44:30.678+0500] {dagbag.py:545} INFO - Filling up the DagBag from /home/nicolaspc/anaconda3/envs/mlops_env/lib/python3.12/site-packages/airflow/example_dags/example_trigger_target_dag.py
[2024-07-07T23:44:30.682+0500] {processor.py:840} INFO - DAG(s) 'example_trigger_target_dag' retrieved from /home/nicolaspc/anaconda3/envs/mlops_env/lib/python3.12/site-packages/airflow/example_dags/example_trigger_target_dag.py
[2024-07-07T23:44:30.704+0500] {logging_mixin.py:188} INFO - [2024-07-07T23:44:30.704+0500] {dag.py:3096} INFO - Sync 1 DAGs
[2024-07-07T23:44:30.713+0500] {logging_mixin.py:188} INFO - [2024-07-07T23:44:30.713+0500] {dag.py:3954} INFO - Setting next_dagrun for example_trigger_target_dag to None, run_after=None
[2024-07-07T23:44:30.729+0500] {processor.py:183} INFO - Processing /home/nicolaspc/anaconda3/envs/mlops_env/lib/python3.12/site-packages/airflow/example_dags/example_trigger_target_dag.py took 0.057 seconds
[2024-07-07T23:45:01.239+0500] {processor.py:161} INFO - Started process (PID=20493) to work on /home/nicolaspc/anaconda3/envs/mlops_env/lib/python3.12/site-packages/airflow/example_dags/example_trigger_target_dag.py
[2024-07-07T23:45:01.240+0500] {processor.py:830} INFO - Processing file /home/nicolaspc/anaconda3/envs/mlops_env/lib/python3.12/site-packages/airflow/example_dags/example_trigger_target_dag.py for tasks to queue
[2024-07-07T23:45:01.240+0500] {logging_mixin.py:188} INFO - [2024-07-07T23:45:01.240+0500] {dagbag.py:545} INFO - Filling up the DagBag from /home/nicolaspc/anaconda3/envs/mlops_env/lib/python3.12/site-packages/airflow/example_dags/example_trigger_target_dag.py
[2024-07-07T23:45:01.244+0500] {processor.py:840} INFO - DAG(s) 'example_trigger_target_dag' retrieved from /home/nicolaspc/anaconda3/envs/mlops_env/lib/python3.12/site-packages/airflow/example_dags/example_trigger_target_dag.py
[2024-07-07T23:45:01.265+0500] {logging_mixin.py:188} INFO - [2024-07-07T23:45:01.265+0500] {dag.py:3096} INFO - Sync 1 DAGs
[2024-07-07T23:45:01.274+0500] {logging_mixin.py:188} INFO - [2024-07-07T23:45:01.274+0500] {dag.py:3954} INFO - Setting next_dagrun for example_trigger_target_dag to None, run_after=None
[2024-07-07T23:45:01.290+0500] {processor.py:183} INFO - Processing /home/nicolaspc/anaconda3/envs/mlops_env/lib/python3.12/site-packages/airflow/example_dags/example_trigger_target_dag.py took 0.056 seconds
[2024-07-07T23:45:32.001+0500] {processor.py:161} INFO - Started process (PID=20818) to work on /home/nicolaspc/anaconda3/envs/mlops_env/lib/python3.12/site-packages/airflow/example_dags/example_trigger_target_dag.py
[2024-07-07T23:45:32.002+0500] {processor.py:830} INFO - Processing file /home/nicolaspc/anaconda3/envs/mlops_env/lib/python3.12/site-packages/airflow/example_dags/example_trigger_target_dag.py for tasks to queue
[2024-07-07T23:45:32.002+0500] {logging_mixin.py:188} INFO - [2024-07-07T23:45:32.002+0500] {dagbag.py:545} INFO - Filling up the DagBag from /home/nicolaspc/anaconda3/envs/mlops_env/lib/python3.12/site-packages/airflow/example_dags/example_trigger_target_dag.py
[2024-07-07T23:45:32.006+0500] {processor.py:840} INFO - DAG(s) 'example_trigger_target_dag' retrieved from /home/nicolaspc/anaconda3/envs/mlops_env/lib/python3.12/site-packages/airflow/example_dags/example_trigger_target_dag.py
[2024-07-07T23:45:32.027+0500] {logging_mixin.py:188} INFO - [2024-07-07T23:45:32.027+0500] {dag.py:3096} INFO - Sync 1 DAGs
[2024-07-07T23:45:32.038+0500] {logging_mixin.py:188} INFO - [2024-07-07T23:45:32.037+0500] {dag.py:3954} INFO - Setting next_dagrun for example_trigger_target_dag to None, run_after=None
[2024-07-07T23:45:32.053+0500] {processor.py:183} INFO - Processing /home/nicolaspc/anaconda3/envs/mlops_env/lib/python3.12/site-packages/airflow/example_dags/example_trigger_target_dag.py took 0.058 seconds
[2024-07-07T23:46:02.548+0500] {processor.py:161} INFO - Started process (PID=21156) to work on /home/nicolaspc/anaconda3/envs/mlops_env/lib/python3.12/site-packages/airflow/example_dags/example_trigger_target_dag.py
[2024-07-07T23:46:02.549+0500] {processor.py:830} INFO - Processing file /home/nicolaspc/anaconda3/envs/mlops_env/lib/python3.12/site-packages/airflow/example_dags/example_trigger_target_dag.py for tasks to queue
[2024-07-07T23:46:02.549+0500] {logging_mixin.py:188} INFO - [2024-07-07T23:46:02.549+0500] {dagbag.py:545} INFO - Filling up the DagBag from /home/nicolaspc/anaconda3/envs/mlops_env/lib/python3.12/site-packages/airflow/example_dags/example_trigger_target_dag.py
[2024-07-07T23:46:02.553+0500] {processor.py:840} INFO - DAG(s) 'example_trigger_target_dag' retrieved from /home/nicolaspc/anaconda3/envs/mlops_env/lib/python3.12/site-packages/airflow/example_dags/example_trigger_target_dag.py
[2024-07-07T23:46:02.575+0500] {logging_mixin.py:188} INFO - [2024-07-07T23:46:02.574+0500] {dag.py:3096} INFO - Sync 1 DAGs
[2024-07-07T23:46:02.584+0500] {logging_mixin.py:188} INFO - [2024-07-07T23:46:02.583+0500] {dag.py:3954} INFO - Setting next_dagrun for example_trigger_target_dag to None, run_after=None
[2024-07-07T23:46:02.600+0500] {processor.py:183} INFO - Processing /home/nicolaspc/anaconda3/envs/mlops_env/lib/python3.12/site-packages/airflow/example_dags/example_trigger_target_dag.py took 0.059 seconds
[2024-07-07T23:46:33.221+0500] {processor.py:161} INFO - Started process (PID=21517) to work on /home/nicolaspc/anaconda3/envs/mlops_env/lib/python3.12/site-packages/airflow/example_dags/example_trigger_target_dag.py
[2024-07-07T23:46:33.222+0500] {processor.py:830} INFO - Processing file /home/nicolaspc/anaconda3/envs/mlops_env/lib/python3.12/site-packages/airflow/example_dags/example_trigger_target_dag.py for tasks to queue
[2024-07-07T23:46:33.223+0500] {logging_mixin.py:188} INFO - [2024-07-07T23:46:33.222+0500] {dagbag.py:545} INFO - Filling up the DagBag from /home/nicolaspc/anaconda3/envs/mlops_env/lib/python3.12/site-packages/airflow/example_dags/example_trigger_target_dag.py
[2024-07-07T23:46:33.226+0500] {processor.py:840} INFO - DAG(s) 'example_trigger_target_dag' retrieved from /home/nicolaspc/anaconda3/envs/mlops_env/lib/python3.12/site-packages/airflow/example_dags/example_trigger_target_dag.py
[2024-07-07T23:46:33.246+0500] {logging_mixin.py:188} INFO - [2024-07-07T23:46:33.246+0500] {dag.py:3096} INFO - Sync 1 DAGs
[2024-07-07T23:46:33.256+0500] {logging_mixin.py:188} INFO - [2024-07-07T23:46:33.255+0500] {dag.py:3954} INFO - Setting next_dagrun for example_trigger_target_dag to None, run_after=None
[2024-07-07T23:46:33.271+0500] {processor.py:183} INFO - Processing /home/nicolaspc/anaconda3/envs/mlops_env/lib/python3.12/site-packages/airflow/example_dags/example_trigger_target_dag.py took 0.055 seconds
[2024-07-07T23:47:04.050+0500] {processor.py:161} INFO - Started process (PID=21849) to work on /home/nicolaspc/anaconda3/envs/mlops_env/lib/python3.12/site-packages/airflow/example_dags/example_trigger_target_dag.py
[2024-07-07T23:47:04.051+0500] {processor.py:830} INFO - Processing file /home/nicolaspc/anaconda3/envs/mlops_env/lib/python3.12/site-packages/airflow/example_dags/example_trigger_target_dag.py for tasks to queue
[2024-07-07T23:47:04.051+0500] {logging_mixin.py:188} INFO - [2024-07-07T23:47:04.051+0500] {dagbag.py:545} INFO - Filling up the DagBag from /home/nicolaspc/anaconda3/envs/mlops_env/lib/python3.12/site-packages/airflow/example_dags/example_trigger_target_dag.py
[2024-07-07T23:47:04.055+0500] {processor.py:840} INFO - DAG(s) 'example_trigger_target_dag' retrieved from /home/nicolaspc/anaconda3/envs/mlops_env/lib/python3.12/site-packages/airflow/example_dags/example_trigger_target_dag.py
[2024-07-07T23:47:04.074+0500] {logging_mixin.py:188} INFO - [2024-07-07T23:47:04.074+0500] {dag.py:3096} INFO - Sync 1 DAGs
[2024-07-07T23:47:04.083+0500] {logging_mixin.py:188} INFO - [2024-07-07T23:47:04.083+0500] {dag.py:3954} INFO - Setting next_dagrun for example_trigger_target_dag to None, run_after=None
[2024-07-07T23:47:04.098+0500] {processor.py:183} INFO - Processing /home/nicolaspc/anaconda3/envs/mlops_env/lib/python3.12/site-packages/airflow/example_dags/example_trigger_target_dag.py took 0.054 seconds
[2024-07-07T23:47:34.548+0500] {processor.py:161} INFO - Started process (PID=22177) to work on /home/nicolaspc/anaconda3/envs/mlops_env/lib/python3.12/site-packages/airflow/example_dags/example_trigger_target_dag.py
[2024-07-07T23:47:34.549+0500] {processor.py:830} INFO - Processing file /home/nicolaspc/anaconda3/envs/mlops_env/lib/python3.12/site-packages/airflow/example_dags/example_trigger_target_dag.py for tasks to queue
[2024-07-07T23:47:34.549+0500] {logging_mixin.py:188} INFO - [2024-07-07T23:47:34.549+0500] {dagbag.py:545} INFO - Filling up the DagBag from /home/nicolaspc/anaconda3/envs/mlops_env/lib/python3.12/site-packages/airflow/example_dags/example_trigger_target_dag.py
[2024-07-07T23:47:34.553+0500] {processor.py:840} INFO - DAG(s) 'example_trigger_target_dag' retrieved from /home/nicolaspc/anaconda3/envs/mlops_env/lib/python3.12/site-packages/airflow/example_dags/example_trigger_target_dag.py
[2024-07-07T23:47:34.573+0500] {logging_mixin.py:188} INFO - [2024-07-07T23:47:34.573+0500] {dag.py:3096} INFO - Sync 1 DAGs
[2024-07-07T23:47:34.583+0500] {logging_mixin.py:188} INFO - [2024-07-07T23:47:34.582+0500] {dag.py:3954} INFO - Setting next_dagrun for example_trigger_target_dag to None, run_after=None
[2024-07-07T23:47:34.598+0500] {processor.py:183} INFO - Processing /home/nicolaspc/anaconda3/envs/mlops_env/lib/python3.12/site-packages/airflow/example_dags/example_trigger_target_dag.py took 0.056 seconds
[2024-07-07T23:48:05.154+0500] {processor.py:161} INFO - Started process (PID=22502) to work on /home/nicolaspc/anaconda3/envs/mlops_env/lib/python3.12/site-packages/airflow/example_dags/example_trigger_target_dag.py
[2024-07-07T23:48:05.155+0500] {processor.py:830} INFO - Processing file /home/nicolaspc/anaconda3/envs/mlops_env/lib/python3.12/site-packages/airflow/example_dags/example_trigger_target_dag.py for tasks to queue
[2024-07-07T23:48:05.156+0500] {logging_mixin.py:188} INFO - [2024-07-07T23:48:05.155+0500] {dagbag.py:545} INFO - Filling up the DagBag from /home/nicolaspc/anaconda3/envs/mlops_env/lib/python3.12/site-packages/airflow/example_dags/example_trigger_target_dag.py
[2024-07-07T23:48:05.159+0500] {processor.py:840} INFO - DAG(s) 'example_trigger_target_dag' retrieved from /home/nicolaspc/anaconda3/envs/mlops_env/lib/python3.12/site-packages/airflow/example_dags/example_trigger_target_dag.py
[2024-07-07T23:48:05.180+0500] {logging_mixin.py:188} INFO - [2024-07-07T23:48:05.180+0500] {dag.py:3096} INFO - Sync 1 DAGs
[2024-07-07T23:48:05.189+0500] {logging_mixin.py:188} INFO - [2024-07-07T23:48:05.189+0500] {dag.py:3954} INFO - Setting next_dagrun for example_trigger_target_dag to None, run_after=None
[2024-07-07T23:48:05.205+0500] {processor.py:183} INFO - Processing /home/nicolaspc/anaconda3/envs/mlops_env/lib/python3.12/site-packages/airflow/example_dags/example_trigger_target_dag.py took 0.056 seconds
[2024-07-07T23:48:35.697+0500] {processor.py:161} INFO - Started process (PID=22855) to work on /home/nicolaspc/anaconda3/envs/mlops_env/lib/python3.12/site-packages/airflow/example_dags/example_trigger_target_dag.py
[2024-07-07T23:48:35.697+0500] {processor.py:830} INFO - Processing file /home/nicolaspc/anaconda3/envs/mlops_env/lib/python3.12/site-packages/airflow/example_dags/example_trigger_target_dag.py for tasks to queue
[2024-07-07T23:48:35.698+0500] {logging_mixin.py:188} INFO - [2024-07-07T23:48:35.698+0500] {dagbag.py:545} INFO - Filling up the DagBag from /home/nicolaspc/anaconda3/envs/mlops_env/lib/python3.12/site-packages/airflow/example_dags/example_trigger_target_dag.py
[2024-07-07T23:48:35.702+0500] {processor.py:840} INFO - DAG(s) 'example_trigger_target_dag' retrieved from /home/nicolaspc/anaconda3/envs/mlops_env/lib/python3.12/site-packages/airflow/example_dags/example_trigger_target_dag.py
[2024-07-07T23:48:35.721+0500] {logging_mixin.py:188} INFO - [2024-07-07T23:48:35.721+0500] {dag.py:3096} INFO - Sync 1 DAGs
[2024-07-07T23:48:35.730+0500] {logging_mixin.py:188} INFO - [2024-07-07T23:48:35.729+0500] {dag.py:3954} INFO - Setting next_dagrun for example_trigger_target_dag to None, run_after=None
[2024-07-07T23:48:35.745+0500] {processor.py:183} INFO - Processing /home/nicolaspc/anaconda3/envs/mlops_env/lib/python3.12/site-packages/airflow/example_dags/example_trigger_target_dag.py took 0.056 seconds
[2024-07-07T23:49:06.692+0500] {processor.py:161} INFO - Started process (PID=23382) to work on /home/nicolaspc/anaconda3/envs/mlops_env/lib/python3.12/site-packages/airflow/example_dags/example_trigger_target_dag.py
[2024-07-07T23:49:06.693+0500] {processor.py:830} INFO - Processing file /home/nicolaspc/anaconda3/envs/mlops_env/lib/python3.12/site-packages/airflow/example_dags/example_trigger_target_dag.py for tasks to queue
[2024-07-07T23:49:06.693+0500] {logging_mixin.py:188} INFO - [2024-07-07T23:49:06.693+0500] {dagbag.py:545} INFO - Filling up the DagBag from /home/nicolaspc/anaconda3/envs/mlops_env/lib/python3.12/site-packages/airflow/example_dags/example_trigger_target_dag.py
[2024-07-07T23:49:06.698+0500] {processor.py:840} INFO - DAG(s) 'example_trigger_target_dag' retrieved from /home/nicolaspc/anaconda3/envs/mlops_env/lib/python3.12/site-packages/airflow/example_dags/example_trigger_target_dag.py
[2024-07-07T23:49:06.776+0500] {logging_mixin.py:188} INFO - [2024-07-07T23:49:06.776+0500] {dag.py:3096} INFO - Sync 1 DAGs
[2024-07-07T23:49:06.783+0500] {logging_mixin.py:188} INFO - [2024-07-07T23:49:06.783+0500] {dag.py:3954} INFO - Setting next_dagrun for example_trigger_target_dag to None, run_after=None
[2024-07-07T23:49:06.803+0500] {processor.py:183} INFO - Processing /home/nicolaspc/anaconda3/envs/mlops_env/lib/python3.12/site-packages/airflow/example_dags/example_trigger_target_dag.py took 0.117 seconds
[2024-07-07T23:49:37.374+0500] {processor.py:161} INFO - Started process (PID=23743) to work on /home/nicolaspc/anaconda3/envs/mlops_env/lib/python3.12/site-packages/airflow/example_dags/example_trigger_target_dag.py
[2024-07-07T23:49:37.375+0500] {processor.py:830} INFO - Processing file /home/nicolaspc/anaconda3/envs/mlops_env/lib/python3.12/site-packages/airflow/example_dags/example_trigger_target_dag.py for tasks to queue
[2024-07-07T23:49:37.376+0500] {logging_mixin.py:188} INFO - [2024-07-07T23:49:37.375+0500] {dagbag.py:545} INFO - Filling up the DagBag from /home/nicolaspc/anaconda3/envs/mlops_env/lib/python3.12/site-packages/airflow/example_dags/example_trigger_target_dag.py
[2024-07-07T23:49:37.379+0500] {processor.py:840} INFO - DAG(s) 'example_trigger_target_dag' retrieved from /home/nicolaspc/anaconda3/envs/mlops_env/lib/python3.12/site-packages/airflow/example_dags/example_trigger_target_dag.py
[2024-07-07T23:49:37.398+0500] {logging_mixin.py:188} INFO - [2024-07-07T23:49:37.398+0500] {dag.py:3096} INFO - Sync 1 DAGs
[2024-07-07T23:49:37.406+0500] {logging_mixin.py:188} INFO - [2024-07-07T23:49:37.406+0500] {dag.py:3954} INFO - Setting next_dagrun for example_trigger_target_dag to None, run_after=None
[2024-07-07T23:49:37.422+0500] {processor.py:183} INFO - Processing /home/nicolaspc/anaconda3/envs/mlops_env/lib/python3.12/site-packages/airflow/example_dags/example_trigger_target_dag.py took 0.053 seconds
