[2024-07-07T23:35:20.344+0500] {processor.py:161} INFO - Started process (PID=13555) to work on /home/nicolaspc/anaconda3/envs/mlops_env/lib/python3.12/site-packages/airflow/example_dags/example_branch_python_dop_operator_3.py
[2024-07-07T23:35:20.344+0500] {processor.py:830} INFO - Processing file /home/nicolaspc/anaconda3/envs/mlops_env/lib/python3.12/site-packages/airflow/example_dags/example_branch_python_dop_operator_3.py for tasks to queue
[2024-07-07T23:35:20.345+0500] {logging_mixin.py:188} INFO - [2024-07-07T23:35:20.345+0500] {dagbag.py:545} INFO - Filling up the DagBag from /home/nicolaspc/anaconda3/envs/mlops_env/lib/python3.12/site-packages/airflow/example_dags/example_branch_python_dop_operator_3.py
[2024-07-07T23:35:20.350+0500] {processor.py:840} INFO - DAG(s) 'example_branch_dop_operator_v3' retrieved from /home/nicolaspc/anaconda3/envs/mlops_env/lib/python3.12/site-packages/airflow/example_dags/example_branch_python_dop_operator_3.py
[2024-07-07T23:35:20.368+0500] {logging_mixin.py:188} INFO - [2024-07-07T23:35:20.368+0500] {dag.py:3096} INFO - Sync 1 DAGs
[2024-07-07T23:35:20.386+0500] {logging_mixin.py:188} INFO - [2024-07-07T23:35:20.386+0500] {dag.py:3954} INFO - Setting next_dagrun for example_branch_dop_operator_v3 to 2024-07-07 18:34:00+00:00, run_after=2024-07-07 18:35:00+00:00
[2024-07-07T23:35:20.410+0500] {processor.py:183} INFO - Processing /home/nicolaspc/anaconda3/envs/mlops_env/lib/python3.12/site-packages/airflow/example_dags/example_branch_python_dop_operator_3.py took 0.072 seconds
[2024-07-07T23:35:51.074+0500] {processor.py:161} INFO - Started process (PID=13904) to work on /home/nicolaspc/anaconda3/envs/mlops_env/lib/python3.12/site-packages/airflow/example_dags/example_branch_python_dop_operator_3.py
[2024-07-07T23:35:51.075+0500] {processor.py:830} INFO - Processing file /home/nicolaspc/anaconda3/envs/mlops_env/lib/python3.12/site-packages/airflow/example_dags/example_branch_python_dop_operator_3.py for tasks to queue
[2024-07-07T23:35:51.075+0500] {logging_mixin.py:188} INFO - [2024-07-07T23:35:51.075+0500] {dagbag.py:545} INFO - Filling up the DagBag from /home/nicolaspc/anaconda3/envs/mlops_env/lib/python3.12/site-packages/airflow/example_dags/example_branch_python_dop_operator_3.py
[2024-07-07T23:35:51.081+0500] {processor.py:840} INFO - DAG(s) 'example_branch_dop_operator_v3' retrieved from /home/nicolaspc/anaconda3/envs/mlops_env/lib/python3.12/site-packages/airflow/example_dags/example_branch_python_dop_operator_3.py
[2024-07-07T23:35:51.102+0500] {logging_mixin.py:188} INFO - [2024-07-07T23:35:51.102+0500] {dag.py:3096} INFO - Sync 1 DAGs
[2024-07-07T23:35:51.119+0500] {logging_mixin.py:188} INFO - [2024-07-07T23:35:51.119+0500] {dag.py:3954} INFO - Setting next_dagrun for example_branch_dop_operator_v3 to 2024-07-07 18:34:00+00:00, run_after=2024-07-07 18:35:00+00:00
[2024-07-07T23:35:51.133+0500] {processor.py:183} INFO - Processing /home/nicolaspc/anaconda3/envs/mlops_env/lib/python3.12/site-packages/airflow/example_dags/example_branch_python_dop_operator_3.py took 0.065 seconds
[2024-07-07T23:36:21.785+0500] {processor.py:161} INFO - Started process (PID=14320) to work on /home/nicolaspc/anaconda3/envs/mlops_env/lib/python3.12/site-packages/airflow/example_dags/example_branch_python_dop_operator_3.py
[2024-07-07T23:36:21.786+0500] {processor.py:830} INFO - Processing file /home/nicolaspc/anaconda3/envs/mlops_env/lib/python3.12/site-packages/airflow/example_dags/example_branch_python_dop_operator_3.py for tasks to queue
[2024-07-07T23:36:21.786+0500] {logging_mixin.py:188} INFO - [2024-07-07T23:36:21.786+0500] {dagbag.py:545} INFO - Filling up the DagBag from /home/nicolaspc/anaconda3/envs/mlops_env/lib/python3.12/site-packages/airflow/example_dags/example_branch_python_dop_operator_3.py
[2024-07-07T23:36:21.791+0500] {processor.py:840} INFO - DAG(s) 'example_branch_dop_operator_v3' retrieved from /home/nicolaspc/anaconda3/envs/mlops_env/lib/python3.12/site-packages/airflow/example_dags/example_branch_python_dop_operator_3.py
[2024-07-07T23:36:21.811+0500] {logging_mixin.py:188} INFO - [2024-07-07T23:36:21.811+0500] {dag.py:3096} INFO - Sync 1 DAGs
[2024-07-07T23:36:21.828+0500] {logging_mixin.py:188} INFO - [2024-07-07T23:36:21.828+0500] {dag.py:3954} INFO - Setting next_dagrun for example_branch_dop_operator_v3 to 2024-07-07 18:35:00+00:00, run_after=2024-07-07 18:36:00+00:00
[2024-07-07T23:36:21.843+0500] {processor.py:183} INFO - Processing /home/nicolaspc/anaconda3/envs/mlops_env/lib/python3.12/site-packages/airflow/example_dags/example_branch_python_dop_operator_3.py took 0.064 seconds
[2024-07-07T23:36:52.293+0500] {processor.py:161} INFO - Started process (PID=14713) to work on /home/nicolaspc/anaconda3/envs/mlops_env/lib/python3.12/site-packages/airflow/example_dags/example_branch_python_dop_operator_3.py
[2024-07-07T23:36:52.294+0500] {processor.py:830} INFO - Processing file /home/nicolaspc/anaconda3/envs/mlops_env/lib/python3.12/site-packages/airflow/example_dags/example_branch_python_dop_operator_3.py for tasks to queue
[2024-07-07T23:36:52.294+0500] {logging_mixin.py:188} INFO - [2024-07-07T23:36:52.294+0500] {dagbag.py:545} INFO - Filling up the DagBag from /home/nicolaspc/anaconda3/envs/mlops_env/lib/python3.12/site-packages/airflow/example_dags/example_branch_python_dop_operator_3.py
[2024-07-07T23:36:52.299+0500] {processor.py:840} INFO - DAG(s) 'example_branch_dop_operator_v3' retrieved from /home/nicolaspc/anaconda3/envs/mlops_env/lib/python3.12/site-packages/airflow/example_dags/example_branch_python_dop_operator_3.py
[2024-07-07T23:36:52.318+0500] {logging_mixin.py:188} INFO - [2024-07-07T23:36:52.318+0500] {dag.py:3096} INFO - Sync 1 DAGs
[2024-07-07T23:36:52.336+0500] {logging_mixin.py:188} INFO - [2024-07-07T23:36:52.336+0500] {dag.py:3954} INFO - Setting next_dagrun for example_branch_dop_operator_v3 to 2024-07-07 18:35:00+00:00, run_after=2024-07-07 18:36:00+00:00
[2024-07-07T23:36:52.352+0500] {processor.py:183} INFO - Processing /home/nicolaspc/anaconda3/envs/mlops_env/lib/python3.12/site-packages/airflow/example_dags/example_branch_python_dop_operator_3.py took 0.065 seconds
[2024-07-07T23:36:55.717+0500] {processor.py:161} INFO - Started process (PID=14742) to work on /home/nicolaspc/anaconda3/envs/mlops_env/lib/python3.12/site-packages/airflow/example_dags/example_branch_python_dop_operator_3.py
[2024-07-07T23:36:55.725+0500] {processor.py:830} INFO - Processing file /home/nicolaspc/anaconda3/envs/mlops_env/lib/python3.12/site-packages/airflow/example_dags/example_branch_python_dop_operator_3.py for tasks to queue
[2024-07-07T23:36:55.727+0500] {logging_mixin.py:188} INFO - [2024-07-07T23:36:55.727+0500] {dagbag.py:545} INFO - Filling up the DagBag from /home/nicolaspc/anaconda3/envs/mlops_env/lib/python3.12/site-packages/airflow/example_dags/example_branch_python_dop_operator_3.py
[2024-07-07T23:36:55.733+0500] {processor.py:840} INFO - DAG(s) 'example_branch_dop_operator_v3' retrieved from /home/nicolaspc/anaconda3/envs/mlops_env/lib/python3.12/site-packages/airflow/example_dags/example_branch_python_dop_operator_3.py
[2024-07-07T23:36:55.812+0500] {logging_mixin.py:188} INFO - [2024-07-07T23:36:55.811+0500] {override.py:1829} INFO - Created Permission View: can delete on DAG:example_branch_dop_operator_v3
[2024-07-07T23:36:55.825+0500] {logging_mixin.py:188} INFO - [2024-07-07T23:36:55.825+0500] {override.py:1829} INFO - Created Permission View: can edit on DAG:example_branch_dop_operator_v3
[2024-07-07T23:36:55.837+0500] {logging_mixin.py:188} INFO - [2024-07-07T23:36:55.837+0500] {override.py:1829} INFO - Created Permission View: can read on DAG:example_branch_dop_operator_v3
[2024-07-07T23:36:55.837+0500] {logging_mixin.py:188} INFO - [2024-07-07T23:36:55.837+0500] {dag.py:3096} INFO - Sync 1 DAGs
[2024-07-07T23:36:55.844+0500] {logging_mixin.py:188} INFO - [2024-07-07T23:36:55.844+0500] {dag.py:3118} INFO - Creating ORM DAG for example_branch_dop_operator_v3
[2024-07-07T23:36:55.851+0500] {logging_mixin.py:188} INFO - [2024-07-07T23:36:55.850+0500] {dag.py:3954} INFO - Setting next_dagrun for example_branch_dop_operator_v3 to 2024-07-07 18:35:00+00:00, run_after=2024-07-07 18:36:00+00:00
[2024-07-07T23:36:55.873+0500] {processor.py:183} INFO - Processing /home/nicolaspc/anaconda3/envs/mlops_env/lib/python3.12/site-packages/airflow/example_dags/example_branch_python_dop_operator_3.py took 0.160 seconds
[2024-07-07T23:37:22.709+0500] {processor.py:161} INFO - Started process (PID=15070) to work on /home/nicolaspc/anaconda3/envs/mlops_env/lib/python3.12/site-packages/airflow/example_dags/example_branch_python_dop_operator_3.py
[2024-07-07T23:37:22.710+0500] {processor.py:830} INFO - Processing file /home/nicolaspc/anaconda3/envs/mlops_env/lib/python3.12/site-packages/airflow/example_dags/example_branch_python_dop_operator_3.py for tasks to queue
[2024-07-07T23:37:22.710+0500] {logging_mixin.py:188} INFO - [2024-07-07T23:37:22.710+0500] {dagbag.py:545} INFO - Filling up the DagBag from /home/nicolaspc/anaconda3/envs/mlops_env/lib/python3.12/site-packages/airflow/example_dags/example_branch_python_dop_operator_3.py
[2024-07-07T23:37:22.716+0500] {processor.py:840} INFO - DAG(s) 'example_branch_dop_operator_v3' retrieved from /home/nicolaspc/anaconda3/envs/mlops_env/lib/python3.12/site-packages/airflow/example_dags/example_branch_python_dop_operator_3.py
[2024-07-07T23:37:22.736+0500] {logging_mixin.py:188} INFO - [2024-07-07T23:37:22.735+0500] {dag.py:3096} INFO - Sync 1 DAGs
[2024-07-07T23:37:22.754+0500] {logging_mixin.py:188} INFO - [2024-07-07T23:37:22.754+0500] {dag.py:3954} INFO - Setting next_dagrun for example_branch_dop_operator_v3 to 2024-07-07 18:36:00+00:00, run_after=2024-07-07 18:37:00+00:00
[2024-07-07T23:37:22.769+0500] {processor.py:183} INFO - Processing /home/nicolaspc/anaconda3/envs/mlops_env/lib/python3.12/site-packages/airflow/example_dags/example_branch_python_dop_operator_3.py took 0.065 seconds
[2024-07-07T23:37:53.227+0500] {processor.py:161} INFO - Started process (PID=15455) to work on /home/nicolaspc/anaconda3/envs/mlops_env/lib/python3.12/site-packages/airflow/example_dags/example_branch_python_dop_operator_3.py
[2024-07-07T23:37:53.228+0500] {processor.py:830} INFO - Processing file /home/nicolaspc/anaconda3/envs/mlops_env/lib/python3.12/site-packages/airflow/example_dags/example_branch_python_dop_operator_3.py for tasks to queue
[2024-07-07T23:37:53.228+0500] {logging_mixin.py:188} INFO - [2024-07-07T23:37:53.228+0500] {dagbag.py:545} INFO - Filling up the DagBag from /home/nicolaspc/anaconda3/envs/mlops_env/lib/python3.12/site-packages/airflow/example_dags/example_branch_python_dop_operator_3.py
[2024-07-07T23:37:53.233+0500] {processor.py:840} INFO - DAG(s) 'example_branch_dop_operator_v3' retrieved from /home/nicolaspc/anaconda3/envs/mlops_env/lib/python3.12/site-packages/airflow/example_dags/example_branch_python_dop_operator_3.py
[2024-07-07T23:37:53.252+0500] {logging_mixin.py:188} INFO - [2024-07-07T23:37:53.252+0500] {dag.py:3096} INFO - Sync 1 DAGs
[2024-07-07T23:37:53.269+0500] {logging_mixin.py:188} INFO - [2024-07-07T23:37:53.269+0500] {dag.py:3954} INFO - Setting next_dagrun for example_branch_dop_operator_v3 to 2024-07-07 18:36:00+00:00, run_after=2024-07-07 18:37:00+00:00
[2024-07-07T23:37:53.285+0500] {processor.py:183} INFO - Processing /home/nicolaspc/anaconda3/envs/mlops_env/lib/python3.12/site-packages/airflow/example_dags/example_branch_python_dop_operator_3.py took 0.064 seconds
[2024-07-07T23:37:56.523+0500] {processor.py:161} INFO - Started process (PID=15491) to work on /home/nicolaspc/anaconda3/envs/mlops_env/lib/python3.12/site-packages/airflow/example_dags/example_branch_python_dop_operator_3.py
[2024-07-07T23:37:56.524+0500] {processor.py:830} INFO - Processing file /home/nicolaspc/anaconda3/envs/mlops_env/lib/python3.12/site-packages/airflow/example_dags/example_branch_python_dop_operator_3.py for tasks to queue
[2024-07-07T23:37:56.525+0500] {logging_mixin.py:188} INFO - [2024-07-07T23:37:56.525+0500] {dagbag.py:545} INFO - Filling up the DagBag from /home/nicolaspc/anaconda3/envs/mlops_env/lib/python3.12/site-packages/airflow/example_dags/example_branch_python_dop_operator_3.py
[2024-07-07T23:37:56.530+0500] {processor.py:840} INFO - DAG(s) 'example_branch_dop_operator_v3' retrieved from /home/nicolaspc/anaconda3/envs/mlops_env/lib/python3.12/site-packages/airflow/example_dags/example_branch_python_dop_operator_3.py
[2024-07-07T23:37:56.540+0500] {logging_mixin.py:188} INFO - [2024-07-07T23:37:56.540+0500] {dag.py:3096} INFO - Sync 1 DAGs
[2024-07-07T23:37:56.553+0500] {logging_mixin.py:188} INFO - [2024-07-07T23:37:56.553+0500] {dag.py:3954} INFO - Setting next_dagrun for example_branch_dop_operator_v3 to 2024-07-07 18:36:00+00:00, run_after=2024-07-07 18:37:00+00:00
[2024-07-07T23:37:56.573+0500] {processor.py:183} INFO - Processing /home/nicolaspc/anaconda3/envs/mlops_env/lib/python3.12/site-packages/airflow/example_dags/example_branch_python_dop_operator_3.py took 0.054 seconds
[2024-07-07T23:38:24.036+0500] {processor.py:161} INFO - Started process (PID=15875) to work on /home/nicolaspc/anaconda3/envs/mlops_env/lib/python3.12/site-packages/airflow/example_dags/example_branch_python_dop_operator_3.py
[2024-07-07T23:38:24.037+0500] {processor.py:830} INFO - Processing file /home/nicolaspc/anaconda3/envs/mlops_env/lib/python3.12/site-packages/airflow/example_dags/example_branch_python_dop_operator_3.py for tasks to queue
[2024-07-07T23:38:24.038+0500] {logging_mixin.py:188} INFO - [2024-07-07T23:38:24.037+0500] {dagbag.py:545} INFO - Filling up the DagBag from /home/nicolaspc/anaconda3/envs/mlops_env/lib/python3.12/site-packages/airflow/example_dags/example_branch_python_dop_operator_3.py
[2024-07-07T23:38:24.043+0500] {processor.py:840} INFO - DAG(s) 'example_branch_dop_operator_v3' retrieved from /home/nicolaspc/anaconda3/envs/mlops_env/lib/python3.12/site-packages/airflow/example_dags/example_branch_python_dop_operator_3.py
[2024-07-07T23:38:24.062+0500] {logging_mixin.py:188} INFO - [2024-07-07T23:38:24.062+0500] {dag.py:3096} INFO - Sync 1 DAGs
[2024-07-07T23:38:24.078+0500] {logging_mixin.py:188} INFO - [2024-07-07T23:38:24.078+0500] {dag.py:3954} INFO - Setting next_dagrun for example_branch_dop_operator_v3 to 2024-07-07 18:37:00+00:00, run_after=2024-07-07 18:38:00+00:00
[2024-07-07T23:38:24.094+0500] {processor.py:183} INFO - Processing /home/nicolaspc/anaconda3/envs/mlops_env/lib/python3.12/site-packages/airflow/example_dags/example_branch_python_dop_operator_3.py took 0.063 seconds
[2024-07-07T23:38:54.566+0500] {processor.py:161} INFO - Started process (PID=16207) to work on /home/nicolaspc/anaconda3/envs/mlops_env/lib/python3.12/site-packages/airflow/example_dags/example_branch_python_dop_operator_3.py
[2024-07-07T23:38:54.567+0500] {processor.py:830} INFO - Processing file /home/nicolaspc/anaconda3/envs/mlops_env/lib/python3.12/site-packages/airflow/example_dags/example_branch_python_dop_operator_3.py for tasks to queue
[2024-07-07T23:38:54.569+0500] {logging_mixin.py:188} INFO - [2024-07-07T23:38:54.568+0500] {dagbag.py:545} INFO - Filling up the DagBag from /home/nicolaspc/anaconda3/envs/mlops_env/lib/python3.12/site-packages/airflow/example_dags/example_branch_python_dop_operator_3.py
[2024-07-07T23:38:54.576+0500] {processor.py:840} INFO - DAG(s) 'example_branch_dop_operator_v3' retrieved from /home/nicolaspc/anaconda3/envs/mlops_env/lib/python3.12/site-packages/airflow/example_dags/example_branch_python_dop_operator_3.py
[2024-07-07T23:38:54.589+0500] {logging_mixin.py:188} INFO - [2024-07-07T23:38:54.589+0500] {dag.py:3096} INFO - Sync 1 DAGs
[2024-07-07T23:38:54.603+0500] {logging_mixin.py:188} INFO - [2024-07-07T23:38:54.603+0500] {dag.py:3954} INFO - Setting next_dagrun for example_branch_dop_operator_v3 to 2024-07-07 18:37:00+00:00, run_after=2024-07-07 18:38:00+00:00
[2024-07-07T23:38:54.624+0500] {processor.py:183} INFO - Processing /home/nicolaspc/anaconda3/envs/mlops_env/lib/python3.12/site-packages/airflow/example_dags/example_branch_python_dop_operator_3.py took 0.062 seconds
[2024-07-07T23:38:54.731+0500] {processor.py:161} INFO - Started process (PID=16231) to work on /home/nicolaspc/anaconda3/envs/mlops_env/lib/python3.12/site-packages/airflow/example_dags/example_branch_python_dop_operator_3.py
[2024-07-07T23:38:54.731+0500] {processor.py:830} INFO - Processing file /home/nicolaspc/anaconda3/envs/mlops_env/lib/python3.12/site-packages/airflow/example_dags/example_branch_python_dop_operator_3.py for tasks to queue
[2024-07-07T23:38:54.732+0500] {logging_mixin.py:188} INFO - [2024-07-07T23:38:54.732+0500] {dagbag.py:545} INFO - Filling up the DagBag from /home/nicolaspc/anaconda3/envs/mlops_env/lib/python3.12/site-packages/airflow/example_dags/example_branch_python_dop_operator_3.py
[2024-07-07T23:38:54.737+0500] {processor.py:840} INFO - DAG(s) 'example_branch_dop_operator_v3' retrieved from /home/nicolaspc/anaconda3/envs/mlops_env/lib/python3.12/site-packages/airflow/example_dags/example_branch_python_dop_operator_3.py
[2024-07-07T23:38:54.755+0500] {logging_mixin.py:188} INFO - [2024-07-07T23:38:54.755+0500] {dag.py:3096} INFO - Sync 1 DAGs
[2024-07-07T23:38:54.772+0500] {logging_mixin.py:188} INFO - [2024-07-07T23:38:54.772+0500] {dag.py:3954} INFO - Setting next_dagrun for example_branch_dop_operator_v3 to 2024-07-07 18:37:00+00:00, run_after=2024-07-07 18:38:00+00:00
[2024-07-07T23:38:54.788+0500] {processor.py:183} INFO - Processing /home/nicolaspc/anaconda3/envs/mlops_env/lib/python3.12/site-packages/airflow/example_dags/example_branch_python_dop_operator_3.py took 0.063 seconds
[2024-07-07T23:39:25.241+0500] {processor.py:161} INFO - Started process (PID=16629) to work on /home/nicolaspc/anaconda3/envs/mlops_env/lib/python3.12/site-packages/airflow/example_dags/example_branch_python_dop_operator_3.py
[2024-07-07T23:39:25.241+0500] {processor.py:830} INFO - Processing file /home/nicolaspc/anaconda3/envs/mlops_env/lib/python3.12/site-packages/airflow/example_dags/example_branch_python_dop_operator_3.py for tasks to queue
[2024-07-07T23:39:25.242+0500] {logging_mixin.py:188} INFO - [2024-07-07T23:39:25.242+0500] {dagbag.py:545} INFO - Filling up the DagBag from /home/nicolaspc/anaconda3/envs/mlops_env/lib/python3.12/site-packages/airflow/example_dags/example_branch_python_dop_operator_3.py
[2024-07-07T23:39:25.247+0500] {processor.py:840} INFO - DAG(s) 'example_branch_dop_operator_v3' retrieved from /home/nicolaspc/anaconda3/envs/mlops_env/lib/python3.12/site-packages/airflow/example_dags/example_branch_python_dop_operator_3.py
[2024-07-07T23:39:25.268+0500] {logging_mixin.py:188} INFO - [2024-07-07T23:39:25.268+0500] {dag.py:3096} INFO - Sync 1 DAGs
[2024-07-07T23:39:25.285+0500] {logging_mixin.py:188} INFO - [2024-07-07T23:39:25.285+0500] {dag.py:3954} INFO - Setting next_dagrun for example_branch_dop_operator_v3 to 2024-07-07 18:38:00+00:00, run_after=2024-07-07 18:39:00+00:00
[2024-07-07T23:39:25.300+0500] {processor.py:183} INFO - Processing /home/nicolaspc/anaconda3/envs/mlops_env/lib/python3.12/site-packages/airflow/example_dags/example_branch_python_dop_operator_3.py took 0.065 seconds
[2024-07-07T23:39:55.859+0500] {processor.py:161} INFO - Started process (PID=16985) to work on /home/nicolaspc/anaconda3/envs/mlops_env/lib/python3.12/site-packages/airflow/example_dags/example_branch_python_dop_operator_3.py
[2024-07-07T23:39:55.860+0500] {processor.py:830} INFO - Processing file /home/nicolaspc/anaconda3/envs/mlops_env/lib/python3.12/site-packages/airflow/example_dags/example_branch_python_dop_operator_3.py for tasks to queue
[2024-07-07T23:39:55.860+0500] {logging_mixin.py:188} INFO - [2024-07-07T23:39:55.860+0500] {dagbag.py:545} INFO - Filling up the DagBag from /home/nicolaspc/anaconda3/envs/mlops_env/lib/python3.12/site-packages/airflow/example_dags/example_branch_python_dop_operator_3.py
[2024-07-07T23:39:55.866+0500] {processor.py:840} INFO - DAG(s) 'example_branch_dop_operator_v3' retrieved from /home/nicolaspc/anaconda3/envs/mlops_env/lib/python3.12/site-packages/airflow/example_dags/example_branch_python_dop_operator_3.py
[2024-07-07T23:39:55.887+0500] {logging_mixin.py:188} INFO - [2024-07-07T23:39:55.887+0500] {dag.py:3096} INFO - Sync 1 DAGs
[2024-07-07T23:39:55.905+0500] {logging_mixin.py:188} INFO - [2024-07-07T23:39:55.905+0500] {dag.py:3954} INFO - Setting next_dagrun for example_branch_dop_operator_v3 to 2024-07-07 18:38:00+00:00, run_after=2024-07-07 18:39:00+00:00
[2024-07-07T23:39:55.921+0500] {processor.py:183} INFO - Processing /home/nicolaspc/anaconda3/envs/mlops_env/lib/python3.12/site-packages/airflow/example_dags/example_branch_python_dop_operator_3.py took 0.068 seconds
[2024-07-07T23:39:56.061+0500] {processor.py:161} INFO - Started process (PID=17010) to work on /home/nicolaspc/anaconda3/envs/mlops_env/lib/python3.12/site-packages/airflow/example_dags/example_branch_python_dop_operator_3.py
[2024-07-07T23:39:56.062+0500] {processor.py:830} INFO - Processing file /home/nicolaspc/anaconda3/envs/mlops_env/lib/python3.12/site-packages/airflow/example_dags/example_branch_python_dop_operator_3.py for tasks to queue
[2024-07-07T23:39:56.063+0500] {logging_mixin.py:188} INFO - [2024-07-07T23:39:56.062+0500] {dagbag.py:545} INFO - Filling up the DagBag from /home/nicolaspc/anaconda3/envs/mlops_env/lib/python3.12/site-packages/airflow/example_dags/example_branch_python_dop_operator_3.py
[2024-07-07T23:39:56.069+0500] {processor.py:840} INFO - DAG(s) 'example_branch_dop_operator_v3' retrieved from /home/nicolaspc/anaconda3/envs/mlops_env/lib/python3.12/site-packages/airflow/example_dags/example_branch_python_dop_operator_3.py
[2024-07-07T23:39:56.079+0500] {logging_mixin.py:188} INFO - [2024-07-07T23:39:56.079+0500] {dag.py:3096} INFO - Sync 1 DAGs
[2024-07-07T23:39:56.092+0500] {logging_mixin.py:188} INFO - [2024-07-07T23:39:56.092+0500] {dag.py:3954} INFO - Setting next_dagrun for example_branch_dop_operator_v3 to 2024-07-07 18:38:00+00:00, run_after=2024-07-07 18:39:00+00:00
[2024-07-07T23:39:56.112+0500] {processor.py:183} INFO - Processing /home/nicolaspc/anaconda3/envs/mlops_env/lib/python3.12/site-packages/airflow/example_dags/example_branch_python_dop_operator_3.py took 0.055 seconds
[2024-07-07T23:40:26.577+0500] {processor.py:161} INFO - Started process (PID=17414) to work on /home/nicolaspc/anaconda3/envs/mlops_env/lib/python3.12/site-packages/airflow/example_dags/example_branch_python_dop_operator_3.py
[2024-07-07T23:40:26.578+0500] {processor.py:830} INFO - Processing file /home/nicolaspc/anaconda3/envs/mlops_env/lib/python3.12/site-packages/airflow/example_dags/example_branch_python_dop_operator_3.py for tasks to queue
[2024-07-07T23:40:26.578+0500] {logging_mixin.py:188} INFO - [2024-07-07T23:40:26.578+0500] {dagbag.py:545} INFO - Filling up the DagBag from /home/nicolaspc/anaconda3/envs/mlops_env/lib/python3.12/site-packages/airflow/example_dags/example_branch_python_dop_operator_3.py
[2024-07-07T23:40:26.585+0500] {processor.py:840} INFO - DAG(s) 'example_branch_dop_operator_v3' retrieved from /home/nicolaspc/anaconda3/envs/mlops_env/lib/python3.12/site-packages/airflow/example_dags/example_branch_python_dop_operator_3.py
[2024-07-07T23:40:26.607+0500] {logging_mixin.py:188} INFO - [2024-07-07T23:40:26.607+0500] {dag.py:3096} INFO - Sync 1 DAGs
[2024-07-07T23:40:26.625+0500] {logging_mixin.py:188} INFO - [2024-07-07T23:40:26.625+0500] {dag.py:3954} INFO - Setting next_dagrun for example_branch_dop_operator_v3 to 2024-07-07 18:39:00+00:00, run_after=2024-07-07 18:40:00+00:00
[2024-07-07T23:40:26.642+0500] {processor.py:183} INFO - Processing /home/nicolaspc/anaconda3/envs/mlops_env/lib/python3.12/site-packages/airflow/example_dags/example_branch_python_dop_operator_3.py took 0.070 seconds
[2024-07-07T23:40:57.003+0500] {processor.py:161} INFO - Started process (PID=17726) to work on /home/nicolaspc/anaconda3/envs/mlops_env/lib/python3.12/site-packages/airflow/example_dags/example_branch_python_dop_operator_3.py
[2024-07-07T23:40:57.003+0500] {processor.py:830} INFO - Processing file /home/nicolaspc/anaconda3/envs/mlops_env/lib/python3.12/site-packages/airflow/example_dags/example_branch_python_dop_operator_3.py for tasks to queue
[2024-07-07T23:40:57.005+0500] {logging_mixin.py:188} INFO - [2024-07-07T23:40:57.004+0500] {dagbag.py:545} INFO - Filling up the DagBag from /home/nicolaspc/anaconda3/envs/mlops_env/lib/python3.12/site-packages/airflow/example_dags/example_branch_python_dop_operator_3.py
[2024-07-07T23:40:57.011+0500] {processor.py:840} INFO - DAG(s) 'example_branch_dop_operator_v3' retrieved from /home/nicolaspc/anaconda3/envs/mlops_env/lib/python3.12/site-packages/airflow/example_dags/example_branch_python_dop_operator_3.py
[2024-07-07T23:40:57.023+0500] {logging_mixin.py:188} INFO - [2024-07-07T23:40:57.023+0500] {dag.py:3096} INFO - Sync 1 DAGs
[2024-07-07T23:40:57.039+0500] {logging_mixin.py:188} INFO - [2024-07-07T23:40:57.039+0500] {dag.py:3954} INFO - Setting next_dagrun for example_branch_dop_operator_v3 to 2024-07-07 18:39:00+00:00, run_after=2024-07-07 18:40:00+00:00
[2024-07-07T23:40:57.067+0500] {processor.py:183} INFO - Processing /home/nicolaspc/anaconda3/envs/mlops_env/lib/python3.12/site-packages/airflow/example_dags/example_branch_python_dop_operator_3.py took 0.068 seconds
[2024-07-07T23:40:57.410+0500] {processor.py:161} INFO - Started process (PID=17782) to work on /home/nicolaspc/anaconda3/envs/mlops_env/lib/python3.12/site-packages/airflow/example_dags/example_branch_python_dop_operator_3.py
[2024-07-07T23:40:57.410+0500] {processor.py:830} INFO - Processing file /home/nicolaspc/anaconda3/envs/mlops_env/lib/python3.12/site-packages/airflow/example_dags/example_branch_python_dop_operator_3.py for tasks to queue
[2024-07-07T23:40:57.411+0500] {logging_mixin.py:188} INFO - [2024-07-07T23:40:57.411+0500] {dagbag.py:545} INFO - Filling up the DagBag from /home/nicolaspc/anaconda3/envs/mlops_env/lib/python3.12/site-packages/airflow/example_dags/example_branch_python_dop_operator_3.py
[2024-07-07T23:40:57.416+0500] {processor.py:840} INFO - DAG(s) 'example_branch_dop_operator_v3' retrieved from /home/nicolaspc/anaconda3/envs/mlops_env/lib/python3.12/site-packages/airflow/example_dags/example_branch_python_dop_operator_3.py
[2024-07-07T23:40:57.438+0500] {logging_mixin.py:188} INFO - [2024-07-07T23:40:57.438+0500] {dag.py:3096} INFO - Sync 1 DAGs
[2024-07-07T23:40:57.459+0500] {logging_mixin.py:188} INFO - [2024-07-07T23:40:57.459+0500] {dag.py:3954} INFO - Setting next_dagrun for example_branch_dop_operator_v3 to 2024-07-07 18:39:00+00:00, run_after=2024-07-07 18:40:00+00:00
[2024-07-07T23:40:57.475+0500] {processor.py:183} INFO - Processing /home/nicolaspc/anaconda3/envs/mlops_env/lib/python3.12/site-packages/airflow/example_dags/example_branch_python_dop_operator_3.py took 0.073 seconds
[2024-07-07T23:41:28.360+0500] {processor.py:161} INFO - Started process (PID=18197) to work on /home/nicolaspc/anaconda3/envs/mlops_env/lib/python3.12/site-packages/airflow/example_dags/example_branch_python_dop_operator_3.py
[2024-07-07T23:41:28.361+0500] {processor.py:830} INFO - Processing file /home/nicolaspc/anaconda3/envs/mlops_env/lib/python3.12/site-packages/airflow/example_dags/example_branch_python_dop_operator_3.py for tasks to queue
[2024-07-07T23:41:28.362+0500] {logging_mixin.py:188} INFO - [2024-07-07T23:41:28.362+0500] {dagbag.py:545} INFO - Filling up the DagBag from /home/nicolaspc/anaconda3/envs/mlops_env/lib/python3.12/site-packages/airflow/example_dags/example_branch_python_dop_operator_3.py
[2024-07-07T23:41:28.367+0500] {processor.py:840} INFO - DAG(s) 'example_branch_dop_operator_v3' retrieved from /home/nicolaspc/anaconda3/envs/mlops_env/lib/python3.12/site-packages/airflow/example_dags/example_branch_python_dop_operator_3.py
[2024-07-07T23:41:28.388+0500] {logging_mixin.py:188} INFO - [2024-07-07T23:41:28.388+0500] {dag.py:3096} INFO - Sync 1 DAGs
[2024-07-07T23:41:28.408+0500] {logging_mixin.py:188} INFO - [2024-07-07T23:41:28.408+0500] {dag.py:3954} INFO - Setting next_dagrun for example_branch_dop_operator_v3 to 2024-07-07 18:40:00+00:00, run_after=2024-07-07 18:41:00+00:00
[2024-07-07T23:41:28.427+0500] {processor.py:183} INFO - Processing /home/nicolaspc/anaconda3/envs/mlops_env/lib/python3.12/site-packages/airflow/example_dags/example_branch_python_dop_operator_3.py took 0.073 seconds
[2024-07-07T23:41:56.717+0500] {processor.py:161} INFO - Started process (PID=18281) to work on /home/nicolaspc/anaconda3/envs/mlops_env/lib/python3.12/site-packages/airflow/example_dags/example_branch_python_dop_operator_3.py
[2024-07-07T23:41:56.718+0500] {processor.py:830} INFO - Processing file /home/nicolaspc/anaconda3/envs/mlops_env/lib/python3.12/site-packages/airflow/example_dags/example_branch_python_dop_operator_3.py for tasks to queue
[2024-07-07T23:41:56.719+0500] {logging_mixin.py:188} INFO - [2024-07-07T23:41:56.719+0500] {dagbag.py:545} INFO - Filling up the DagBag from /home/nicolaspc/anaconda3/envs/mlops_env/lib/python3.12/site-packages/airflow/example_dags/example_branch_python_dop_operator_3.py
[2024-07-07T23:41:56.726+0500] {processor.py:840} INFO - DAG(s) 'example_branch_dop_operator_v3' retrieved from /home/nicolaspc/anaconda3/envs/mlops_env/lib/python3.12/site-packages/airflow/example_dags/example_branch_python_dop_operator_3.py
[2024-07-07T23:41:56.737+0500] {logging_mixin.py:188} INFO - [2024-07-07T23:41:56.737+0500] {dag.py:3096} INFO - Sync 1 DAGs
[2024-07-07T23:41:56.754+0500] {logging_mixin.py:188} INFO - [2024-07-07T23:41:56.754+0500] {dag.py:3954} INFO - Setting next_dagrun for example_branch_dop_operator_v3 to 2024-07-07 18:40:00+00:00, run_after=2024-07-07 18:41:00+00:00
[2024-07-07T23:41:56.866+0500] {processor.py:183} INFO - Processing /home/nicolaspc/anaconda3/envs/mlops_env/lib/python3.12/site-packages/airflow/example_dags/example_branch_python_dop_operator_3.py took 0.154 seconds
[2024-07-07T23:41:59.405+0500] {processor.py:161} INFO - Started process (PID=18574) to work on /home/nicolaspc/anaconda3/envs/mlops_env/lib/python3.12/site-packages/airflow/example_dags/example_branch_python_dop_operator_3.py
[2024-07-07T23:41:59.406+0500] {processor.py:830} INFO - Processing file /home/nicolaspc/anaconda3/envs/mlops_env/lib/python3.12/site-packages/airflow/example_dags/example_branch_python_dop_operator_3.py for tasks to queue
[2024-07-07T23:41:59.406+0500] {logging_mixin.py:188} INFO - [2024-07-07T23:41:59.406+0500] {dagbag.py:545} INFO - Filling up the DagBag from /home/nicolaspc/anaconda3/envs/mlops_env/lib/python3.12/site-packages/airflow/example_dags/example_branch_python_dop_operator_3.py
[2024-07-07T23:41:59.412+0500] {processor.py:840} INFO - DAG(s) 'example_branch_dop_operator_v3' retrieved from /home/nicolaspc/anaconda3/envs/mlops_env/lib/python3.12/site-packages/airflow/example_dags/example_branch_python_dop_operator_3.py
[2024-07-07T23:41:59.438+0500] {logging_mixin.py:188} INFO - [2024-07-07T23:41:59.438+0500] {dag.py:3096} INFO - Sync 1 DAGs
[2024-07-07T23:41:59.460+0500] {logging_mixin.py:188} INFO - [2024-07-07T23:41:59.460+0500] {dag.py:3954} INFO - Setting next_dagrun for example_branch_dop_operator_v3 to 2024-07-07 18:40:00+00:00, run_after=2024-07-07 18:41:00+00:00
[2024-07-07T23:41:59.479+0500] {processor.py:183} INFO - Processing /home/nicolaspc/anaconda3/envs/mlops_env/lib/python3.12/site-packages/airflow/example_dags/example_branch_python_dop_operator_3.py took 0.081 seconds
[2024-07-07T23:42:30.261+0500] {processor.py:161} INFO - Started process (PID=18986) to work on /home/nicolaspc/anaconda3/envs/mlops_env/lib/python3.12/site-packages/airflow/example_dags/example_branch_python_dop_operator_3.py
[2024-07-07T23:42:30.262+0500] {processor.py:830} INFO - Processing file /home/nicolaspc/anaconda3/envs/mlops_env/lib/python3.12/site-packages/airflow/example_dags/example_branch_python_dop_operator_3.py for tasks to queue
[2024-07-07T23:42:30.263+0500] {logging_mixin.py:188} INFO - [2024-07-07T23:42:30.262+0500] {dagbag.py:545} INFO - Filling up the DagBag from /home/nicolaspc/anaconda3/envs/mlops_env/lib/python3.12/site-packages/airflow/example_dags/example_branch_python_dop_operator_3.py
[2024-07-07T23:42:30.268+0500] {processor.py:840} INFO - DAG(s) 'example_branch_dop_operator_v3' retrieved from /home/nicolaspc/anaconda3/envs/mlops_env/lib/python3.12/site-packages/airflow/example_dags/example_branch_python_dop_operator_3.py
[2024-07-07T23:42:30.289+0500] {logging_mixin.py:188} INFO - [2024-07-07T23:42:30.289+0500] {dag.py:3096} INFO - Sync 1 DAGs
[2024-07-07T23:42:30.307+0500] {logging_mixin.py:188} INFO - [2024-07-07T23:42:30.307+0500] {dag.py:3954} INFO - Setting next_dagrun for example_branch_dop_operator_v3 to 2024-07-07 18:41:00+00:00, run_after=2024-07-07 18:42:00+00:00
[2024-07-07T23:42:30.323+0500] {processor.py:183} INFO - Processing /home/nicolaspc/anaconda3/envs/mlops_env/lib/python3.12/site-packages/airflow/example_dags/example_branch_python_dop_operator_3.py took 0.068 seconds
[2024-07-07T23:43:00.878+0500] {processor.py:161} INFO - Started process (PID=19349) to work on /home/nicolaspc/anaconda3/envs/mlops_env/lib/python3.12/site-packages/airflow/example_dags/example_branch_python_dop_operator_3.py
[2024-07-07T23:43:00.878+0500] {processor.py:830} INFO - Processing file /home/nicolaspc/anaconda3/envs/mlops_env/lib/python3.12/site-packages/airflow/example_dags/example_branch_python_dop_operator_3.py for tasks to queue
[2024-07-07T23:43:00.879+0500] {logging_mixin.py:188} INFO - [2024-07-07T23:43:00.879+0500] {dagbag.py:545} INFO - Filling up the DagBag from /home/nicolaspc/anaconda3/envs/mlops_env/lib/python3.12/site-packages/airflow/example_dags/example_branch_python_dop_operator_3.py
[2024-07-07T23:43:00.885+0500] {processor.py:840} INFO - DAG(s) 'example_branch_dop_operator_v3' retrieved from /home/nicolaspc/anaconda3/envs/mlops_env/lib/python3.12/site-packages/airflow/example_dags/example_branch_python_dop_operator_3.py
[2024-07-07T23:43:00.906+0500] {logging_mixin.py:188} INFO - [2024-07-07T23:43:00.906+0500] {dag.py:3096} INFO - Sync 1 DAGs
[2024-07-07T23:43:00.924+0500] {logging_mixin.py:188} INFO - [2024-07-07T23:43:00.924+0500] {dag.py:3954} INFO - Setting next_dagrun for example_branch_dop_operator_v3 to 2024-07-07 18:42:00+00:00, run_after=2024-07-07 18:43:00+00:00
[2024-07-07T23:43:00.945+0500] {processor.py:183} INFO - Processing /home/nicolaspc/anaconda3/envs/mlops_env/lib/python3.12/site-packages/airflow/example_dags/example_branch_python_dop_operator_3.py took 0.074 seconds
[2024-07-07T23:43:31.719+0500] {processor.py:161} INFO - Started process (PID=19672) to work on /home/nicolaspc/anaconda3/envs/mlops_env/lib/python3.12/site-packages/airflow/example_dags/example_branch_python_dop_operator_3.py
[2024-07-07T23:43:31.719+0500] {processor.py:830} INFO - Processing file /home/nicolaspc/anaconda3/envs/mlops_env/lib/python3.12/site-packages/airflow/example_dags/example_branch_python_dop_operator_3.py for tasks to queue
[2024-07-07T23:43:31.720+0500] {logging_mixin.py:188} INFO - [2024-07-07T23:43:31.720+0500] {dagbag.py:545} INFO - Filling up the DagBag from /home/nicolaspc/anaconda3/envs/mlops_env/lib/python3.12/site-packages/airflow/example_dags/example_branch_python_dop_operator_3.py
[2024-07-07T23:43:31.725+0500] {processor.py:840} INFO - DAG(s) 'example_branch_dop_operator_v3' retrieved from /home/nicolaspc/anaconda3/envs/mlops_env/lib/python3.12/site-packages/airflow/example_dags/example_branch_python_dop_operator_3.py
[2024-07-07T23:43:31.744+0500] {logging_mixin.py:188} INFO - [2024-07-07T23:43:31.743+0500] {dag.py:3096} INFO - Sync 1 DAGs
[2024-07-07T23:43:31.761+0500] {logging_mixin.py:188} INFO - [2024-07-07T23:43:31.761+0500] {dag.py:3954} INFO - Setting next_dagrun for example_branch_dop_operator_v3 to 2024-07-07 18:42:00+00:00, run_after=2024-07-07 18:43:00+00:00
[2024-07-07T23:43:31.777+0500] {processor.py:183} INFO - Processing /home/nicolaspc/anaconda3/envs/mlops_env/lib/python3.12/site-packages/airflow/example_dags/example_branch_python_dop_operator_3.py took 0.064 seconds
[2024-07-07T23:44:02.204+0500] {processor.py:161} INFO - Started process (PID=20040) to work on /home/nicolaspc/anaconda3/envs/mlops_env/lib/python3.12/site-packages/airflow/example_dags/example_branch_python_dop_operator_3.py
[2024-07-07T23:44:02.205+0500] {processor.py:830} INFO - Processing file /home/nicolaspc/anaconda3/envs/mlops_env/lib/python3.12/site-packages/airflow/example_dags/example_branch_python_dop_operator_3.py for tasks to queue
[2024-07-07T23:44:02.206+0500] {logging_mixin.py:188} INFO - [2024-07-07T23:44:02.205+0500] {dagbag.py:545} INFO - Filling up the DagBag from /home/nicolaspc/anaconda3/envs/mlops_env/lib/python3.12/site-packages/airflow/example_dags/example_branch_python_dop_operator_3.py
[2024-07-07T23:44:02.211+0500] {processor.py:840} INFO - DAG(s) 'example_branch_dop_operator_v3' retrieved from /home/nicolaspc/anaconda3/envs/mlops_env/lib/python3.12/site-packages/airflow/example_dags/example_branch_python_dop_operator_3.py
[2024-07-07T23:44:02.230+0500] {logging_mixin.py:188} INFO - [2024-07-07T23:44:02.230+0500] {dag.py:3096} INFO - Sync 1 DAGs
[2024-07-07T23:44:02.248+0500] {logging_mixin.py:188} INFO - [2024-07-07T23:44:02.248+0500] {dag.py:3954} INFO - Setting next_dagrun for example_branch_dop_operator_v3 to 2024-07-07 18:43:00+00:00, run_after=2024-07-07 18:44:00+00:00
[2024-07-07T23:44:02.263+0500] {processor.py:183} INFO - Processing /home/nicolaspc/anaconda3/envs/mlops_env/lib/python3.12/site-packages/airflow/example_dags/example_branch_python_dop_operator_3.py took 0.064 seconds
[2024-07-07T23:44:32.751+0500] {processor.py:161} INFO - Started process (PID=20405) to work on /home/nicolaspc/anaconda3/envs/mlops_env/lib/python3.12/site-packages/airflow/example_dags/example_branch_python_dop_operator_3.py
[2024-07-07T23:44:32.752+0500] {processor.py:830} INFO - Processing file /home/nicolaspc/anaconda3/envs/mlops_env/lib/python3.12/site-packages/airflow/example_dags/example_branch_python_dop_operator_3.py for tasks to queue
[2024-07-07T23:44:32.752+0500] {logging_mixin.py:188} INFO - [2024-07-07T23:44:32.752+0500] {dagbag.py:545} INFO - Filling up the DagBag from /home/nicolaspc/anaconda3/envs/mlops_env/lib/python3.12/site-packages/airflow/example_dags/example_branch_python_dop_operator_3.py
[2024-07-07T23:44:32.758+0500] {processor.py:840} INFO - DAG(s) 'example_branch_dop_operator_v3' retrieved from /home/nicolaspc/anaconda3/envs/mlops_env/lib/python3.12/site-packages/airflow/example_dags/example_branch_python_dop_operator_3.py
[2024-07-07T23:44:32.777+0500] {logging_mixin.py:188} INFO - [2024-07-07T23:44:32.776+0500] {dag.py:3096} INFO - Sync 1 DAGs
[2024-07-07T23:44:32.794+0500] {logging_mixin.py:188} INFO - [2024-07-07T23:44:32.794+0500] {dag.py:3954} INFO - Setting next_dagrun for example_branch_dop_operator_v3 to 2024-07-07 18:43:00+00:00, run_after=2024-07-07 18:44:00+00:00
[2024-07-07T23:44:32.811+0500] {processor.py:183} INFO - Processing /home/nicolaspc/anaconda3/envs/mlops_env/lib/python3.12/site-packages/airflow/example_dags/example_branch_python_dop_operator_3.py took 0.065 seconds
[2024-07-07T23:45:03.520+0500] {processor.py:161} INFO - Started process (PID=20771) to work on /home/nicolaspc/anaconda3/envs/mlops_env/lib/python3.12/site-packages/airflow/example_dags/example_branch_python_dop_operator_3.py
[2024-07-07T23:45:03.521+0500] {processor.py:830} INFO - Processing file /home/nicolaspc/anaconda3/envs/mlops_env/lib/python3.12/site-packages/airflow/example_dags/example_branch_python_dop_operator_3.py for tasks to queue
[2024-07-07T23:45:03.521+0500] {logging_mixin.py:188} INFO - [2024-07-07T23:45:03.521+0500] {dagbag.py:545} INFO - Filling up the DagBag from /home/nicolaspc/anaconda3/envs/mlops_env/lib/python3.12/site-packages/airflow/example_dags/example_branch_python_dop_operator_3.py
[2024-07-07T23:45:03.526+0500] {processor.py:840} INFO - DAG(s) 'example_branch_dop_operator_v3' retrieved from /home/nicolaspc/anaconda3/envs/mlops_env/lib/python3.12/site-packages/airflow/example_dags/example_branch_python_dop_operator_3.py
[2024-07-07T23:45:03.547+0500] {logging_mixin.py:188} INFO - [2024-07-07T23:45:03.546+0500] {dag.py:3096} INFO - Sync 1 DAGs
[2024-07-07T23:45:03.563+0500] {logging_mixin.py:188} INFO - [2024-07-07T23:45:03.563+0500] {dag.py:3954} INFO - Setting next_dagrun for example_branch_dop_operator_v3 to 2024-07-07 18:44:00+00:00, run_after=2024-07-07 18:45:00+00:00
[2024-07-07T23:45:03.579+0500] {processor.py:183} INFO - Processing /home/nicolaspc/anaconda3/envs/mlops_env/lib/python3.12/site-packages/airflow/example_dags/example_branch_python_dop_operator_3.py took 0.064 seconds
[2024-07-07T23:45:34.079+0500] {processor.py:161} INFO - Started process (PID=21096) to work on /home/nicolaspc/anaconda3/envs/mlops_env/lib/python3.12/site-packages/airflow/example_dags/example_branch_python_dop_operator_3.py
[2024-07-07T23:45:34.079+0500] {processor.py:830} INFO - Processing file /home/nicolaspc/anaconda3/envs/mlops_env/lib/python3.12/site-packages/airflow/example_dags/example_branch_python_dop_operator_3.py for tasks to queue
[2024-07-07T23:45:34.080+0500] {logging_mixin.py:188} INFO - [2024-07-07T23:45:34.080+0500] {dagbag.py:545} INFO - Filling up the DagBag from /home/nicolaspc/anaconda3/envs/mlops_env/lib/python3.12/site-packages/airflow/example_dags/example_branch_python_dop_operator_3.py
[2024-07-07T23:45:34.085+0500] {processor.py:840} INFO - DAG(s) 'example_branch_dop_operator_v3' retrieved from /home/nicolaspc/anaconda3/envs/mlops_env/lib/python3.12/site-packages/airflow/example_dags/example_branch_python_dop_operator_3.py
[2024-07-07T23:45:34.105+0500] {logging_mixin.py:188} INFO - [2024-07-07T23:45:34.105+0500] {dag.py:3096} INFO - Sync 1 DAGs
[2024-07-07T23:45:34.122+0500] {logging_mixin.py:188} INFO - [2024-07-07T23:45:34.122+0500] {dag.py:3954} INFO - Setting next_dagrun for example_branch_dop_operator_v3 to 2024-07-07 18:44:00+00:00, run_after=2024-07-07 18:45:00+00:00
[2024-07-07T23:45:34.138+0500] {processor.py:183} INFO - Processing /home/nicolaspc/anaconda3/envs/mlops_env/lib/python3.12/site-packages/airflow/example_dags/example_branch_python_dop_operator_3.py took 0.065 seconds
[2024-07-07T23:46:04.824+0500] {processor.py:161} INFO - Started process (PID=21433) to work on /home/nicolaspc/anaconda3/envs/mlops_env/lib/python3.12/site-packages/airflow/example_dags/example_branch_python_dop_operator_3.py
[2024-07-07T23:46:04.825+0500] {processor.py:830} INFO - Processing file /home/nicolaspc/anaconda3/envs/mlops_env/lib/python3.12/site-packages/airflow/example_dags/example_branch_python_dop_operator_3.py for tasks to queue
[2024-07-07T23:46:04.825+0500] {logging_mixin.py:188} INFO - [2024-07-07T23:46:04.825+0500] {dagbag.py:545} INFO - Filling up the DagBag from /home/nicolaspc/anaconda3/envs/mlops_env/lib/python3.12/site-packages/airflow/example_dags/example_branch_python_dop_operator_3.py
[2024-07-07T23:46:04.831+0500] {processor.py:840} INFO - DAG(s) 'example_branch_dop_operator_v3' retrieved from /home/nicolaspc/anaconda3/envs/mlops_env/lib/python3.12/site-packages/airflow/example_dags/example_branch_python_dop_operator_3.py
[2024-07-07T23:46:04.852+0500] {logging_mixin.py:188} INFO - [2024-07-07T23:46:04.852+0500] {dag.py:3096} INFO - Sync 1 DAGs
[2024-07-07T23:46:04.869+0500] {logging_mixin.py:188} INFO - [2024-07-07T23:46:04.869+0500] {dag.py:3954} INFO - Setting next_dagrun for example_branch_dop_operator_v3 to 2024-07-07 18:45:00+00:00, run_after=2024-07-07 18:46:00+00:00
[2024-07-07T23:46:04.884+0500] {processor.py:183} INFO - Processing /home/nicolaspc/anaconda3/envs/mlops_env/lib/python3.12/site-packages/airflow/example_dags/example_branch_python_dop_operator_3.py took 0.066 seconds
[2024-07-07T23:46:35.645+0500] {processor.py:161} INFO - Started process (PID=21802) to work on /home/nicolaspc/anaconda3/envs/mlops_env/lib/python3.12/site-packages/airflow/example_dags/example_branch_python_dop_operator_3.py
[2024-07-07T23:46:35.646+0500] {processor.py:830} INFO - Processing file /home/nicolaspc/anaconda3/envs/mlops_env/lib/python3.12/site-packages/airflow/example_dags/example_branch_python_dop_operator_3.py for tasks to queue
[2024-07-07T23:46:35.647+0500] {logging_mixin.py:188} INFO - [2024-07-07T23:46:35.646+0500] {dagbag.py:545} INFO - Filling up the DagBag from /home/nicolaspc/anaconda3/envs/mlops_env/lib/python3.12/site-packages/airflow/example_dags/example_branch_python_dop_operator_3.py
[2024-07-07T23:46:35.652+0500] {processor.py:840} INFO - DAG(s) 'example_branch_dop_operator_v3' retrieved from /home/nicolaspc/anaconda3/envs/mlops_env/lib/python3.12/site-packages/airflow/example_dags/example_branch_python_dop_operator_3.py
[2024-07-07T23:46:35.674+0500] {logging_mixin.py:188} INFO - [2024-07-07T23:46:35.674+0500] {dag.py:3096} INFO - Sync 1 DAGs
[2024-07-07T23:46:35.692+0500] {logging_mixin.py:188} INFO - [2024-07-07T23:46:35.692+0500] {dag.py:3954} INFO - Setting next_dagrun for example_branch_dop_operator_v3 to 2024-07-07 18:45:00+00:00, run_after=2024-07-07 18:46:00+00:00
[2024-07-07T23:46:35.707+0500] {processor.py:183} INFO - Processing /home/nicolaspc/anaconda3/envs/mlops_env/lib/python3.12/site-packages/airflow/example_dags/example_branch_python_dop_operator_3.py took 0.068 seconds
[2024-07-07T23:47:06.158+0500] {processor.py:161} INFO - Started process (PID=22130) to work on /home/nicolaspc/anaconda3/envs/mlops_env/lib/python3.12/site-packages/airflow/example_dags/example_branch_python_dop_operator_3.py
[2024-07-07T23:47:06.159+0500] {processor.py:830} INFO - Processing file /home/nicolaspc/anaconda3/envs/mlops_env/lib/python3.12/site-packages/airflow/example_dags/example_branch_python_dop_operator_3.py for tasks to queue
[2024-07-07T23:47:06.159+0500] {logging_mixin.py:188} INFO - [2024-07-07T23:47:06.159+0500] {dagbag.py:545} INFO - Filling up the DagBag from /home/nicolaspc/anaconda3/envs/mlops_env/lib/python3.12/site-packages/airflow/example_dags/example_branch_python_dop_operator_3.py
[2024-07-07T23:47:06.164+0500] {processor.py:840} INFO - DAG(s) 'example_branch_dop_operator_v3' retrieved from /home/nicolaspc/anaconda3/envs/mlops_env/lib/python3.12/site-packages/airflow/example_dags/example_branch_python_dop_operator_3.py
[2024-07-07T23:47:06.183+0500] {logging_mixin.py:188} INFO - [2024-07-07T23:47:06.183+0500] {dag.py:3096} INFO - Sync 1 DAGs
[2024-07-07T23:47:06.201+0500] {logging_mixin.py:188} INFO - [2024-07-07T23:47:06.201+0500] {dag.py:3954} INFO - Setting next_dagrun for example_branch_dop_operator_v3 to 2024-07-07 18:46:00+00:00, run_after=2024-07-07 18:47:00+00:00
[2024-07-07T23:47:06.217+0500] {processor.py:183} INFO - Processing /home/nicolaspc/anaconda3/envs/mlops_env/lib/python3.12/site-packages/airflow/example_dags/example_branch_python_dop_operator_3.py took 0.064 seconds
[2024-07-07T23:47:36.684+0500] {processor.py:161} INFO - Started process (PID=22457) to work on /home/nicolaspc/anaconda3/envs/mlops_env/lib/python3.12/site-packages/airflow/example_dags/example_branch_python_dop_operator_3.py
[2024-07-07T23:47:36.685+0500] {processor.py:830} INFO - Processing file /home/nicolaspc/anaconda3/envs/mlops_env/lib/python3.12/site-packages/airflow/example_dags/example_branch_python_dop_operator_3.py for tasks to queue
[2024-07-07T23:47:36.685+0500] {logging_mixin.py:188} INFO - [2024-07-07T23:47:36.685+0500] {dagbag.py:545} INFO - Filling up the DagBag from /home/nicolaspc/anaconda3/envs/mlops_env/lib/python3.12/site-packages/airflow/example_dags/example_branch_python_dop_operator_3.py
[2024-07-07T23:47:36.691+0500] {processor.py:840} INFO - DAG(s) 'example_branch_dop_operator_v3' retrieved from /home/nicolaspc/anaconda3/envs/mlops_env/lib/python3.12/site-packages/airflow/example_dags/example_branch_python_dop_operator_3.py
[2024-07-07T23:47:36.709+0500] {logging_mixin.py:188} INFO - [2024-07-07T23:47:36.709+0500] {dag.py:3096} INFO - Sync 1 DAGs
[2024-07-07T23:47:36.726+0500] {logging_mixin.py:188} INFO - [2024-07-07T23:47:36.726+0500] {dag.py:3954} INFO - Setting next_dagrun for example_branch_dop_operator_v3 to 2024-07-07 18:46:00+00:00, run_after=2024-07-07 18:47:00+00:00
[2024-07-07T23:47:36.742+0500] {processor.py:183} INFO - Processing /home/nicolaspc/anaconda3/envs/mlops_env/lib/python3.12/site-packages/airflow/example_dags/example_branch_python_dop_operator_3.py took 0.064 seconds
[2024-07-07T23:48:07.292+0500] {processor.py:161} INFO - Started process (PID=22783) to work on /home/nicolaspc/anaconda3/envs/mlops_env/lib/python3.12/site-packages/airflow/example_dags/example_branch_python_dop_operator_3.py
[2024-07-07T23:48:07.293+0500] {processor.py:830} INFO - Processing file /home/nicolaspc/anaconda3/envs/mlops_env/lib/python3.12/site-packages/airflow/example_dags/example_branch_python_dop_operator_3.py for tasks to queue
[2024-07-07T23:48:07.294+0500] {logging_mixin.py:188} INFO - [2024-07-07T23:48:07.293+0500] {dagbag.py:545} INFO - Filling up the DagBag from /home/nicolaspc/anaconda3/envs/mlops_env/lib/python3.12/site-packages/airflow/example_dags/example_branch_python_dop_operator_3.py
[2024-07-07T23:48:07.299+0500] {processor.py:840} INFO - DAG(s) 'example_branch_dop_operator_v3' retrieved from /home/nicolaspc/anaconda3/envs/mlops_env/lib/python3.12/site-packages/airflow/example_dags/example_branch_python_dop_operator_3.py
[2024-07-07T23:48:07.317+0500] {logging_mixin.py:188} INFO - [2024-07-07T23:48:07.317+0500] {dag.py:3096} INFO - Sync 1 DAGs
[2024-07-07T23:48:07.335+0500] {logging_mixin.py:188} INFO - [2024-07-07T23:48:07.335+0500] {dag.py:3954} INFO - Setting next_dagrun for example_branch_dop_operator_v3 to 2024-07-07 18:47:00+00:00, run_after=2024-07-07 18:48:00+00:00
[2024-07-07T23:48:07.351+0500] {processor.py:183} INFO - Processing /home/nicolaspc/anaconda3/envs/mlops_env/lib/python3.12/site-packages/airflow/example_dags/example_branch_python_dop_operator_3.py took 0.064 seconds
[2024-07-07T23:48:38.065+0500] {processor.py:161} INFO - Started process (PID=23139) to work on /home/nicolaspc/anaconda3/envs/mlops_env/lib/python3.12/site-packages/airflow/example_dags/example_branch_python_dop_operator_3.py
[2024-07-07T23:48:38.066+0500] {processor.py:830} INFO - Processing file /home/nicolaspc/anaconda3/envs/mlops_env/lib/python3.12/site-packages/airflow/example_dags/example_branch_python_dop_operator_3.py for tasks to queue
[2024-07-07T23:48:38.067+0500] {logging_mixin.py:188} INFO - [2024-07-07T23:48:38.066+0500] {dagbag.py:545} INFO - Filling up the DagBag from /home/nicolaspc/anaconda3/envs/mlops_env/lib/python3.12/site-packages/airflow/example_dags/example_branch_python_dop_operator_3.py
[2024-07-07T23:48:38.072+0500] {processor.py:840} INFO - DAG(s) 'example_branch_dop_operator_v3' retrieved from /home/nicolaspc/anaconda3/envs/mlops_env/lib/python3.12/site-packages/airflow/example_dags/example_branch_python_dop_operator_3.py
[2024-07-07T23:48:38.092+0500] {logging_mixin.py:188} INFO - [2024-07-07T23:48:38.092+0500] {dag.py:3096} INFO - Sync 1 DAGs
[2024-07-07T23:48:38.109+0500] {logging_mixin.py:188} INFO - [2024-07-07T23:48:38.109+0500] {dag.py:3954} INFO - Setting next_dagrun for example_branch_dop_operator_v3 to 2024-07-07 18:47:00+00:00, run_after=2024-07-07 18:48:00+00:00
[2024-07-07T23:48:38.124+0500] {processor.py:183} INFO - Processing /home/nicolaspc/anaconda3/envs/mlops_env/lib/python3.12/site-packages/airflow/example_dags/example_branch_python_dop_operator_3.py took 0.065 seconds
[2024-07-07T23:49:09.716+0500] {processor.py:161} INFO - Started process (PID=23663) to work on /home/nicolaspc/anaconda3/envs/mlops_env/lib/python3.12/site-packages/airflow/example_dags/example_branch_python_dop_operator_3.py
[2024-07-07T23:49:09.717+0500] {processor.py:830} INFO - Processing file /home/nicolaspc/anaconda3/envs/mlops_env/lib/python3.12/site-packages/airflow/example_dags/example_branch_python_dop_operator_3.py for tasks to queue
[2024-07-07T23:49:09.718+0500] {logging_mixin.py:188} INFO - [2024-07-07T23:49:09.717+0500] {dagbag.py:545} INFO - Filling up the DagBag from /home/nicolaspc/anaconda3/envs/mlops_env/lib/python3.12/site-packages/airflow/example_dags/example_branch_python_dop_operator_3.py
[2024-07-07T23:49:09.723+0500] {processor.py:840} INFO - DAG(s) 'example_branch_dop_operator_v3' retrieved from /home/nicolaspc/anaconda3/envs/mlops_env/lib/python3.12/site-packages/airflow/example_dags/example_branch_python_dop_operator_3.py
[2024-07-07T23:49:09.796+0500] {logging_mixin.py:188} INFO - [2024-07-07T23:49:09.795+0500] {dag.py:3096} INFO - Sync 1 DAGs
[2024-07-07T23:49:09.811+0500] {logging_mixin.py:188} INFO - [2024-07-07T23:49:09.811+0500] {dag.py:3954} INFO - Setting next_dagrun for example_branch_dop_operator_v3 to 2024-07-07 18:48:00+00:00, run_after=2024-07-07 18:49:00+00:00
[2024-07-07T23:49:09.827+0500] {processor.py:183} INFO - Processing /home/nicolaspc/anaconda3/envs/mlops_env/lib/python3.12/site-packages/airflow/example_dags/example_branch_python_dop_operator_3.py took 0.117 seconds
[2024-07-07T23:49:40.444+0500] {processor.py:161} INFO - Started process (PID=24020) to work on /home/nicolaspc/anaconda3/envs/mlops_env/lib/python3.12/site-packages/airflow/example_dags/example_branch_python_dop_operator_3.py
[2024-07-07T23:49:40.445+0500] {processor.py:830} INFO - Processing file /home/nicolaspc/anaconda3/envs/mlops_env/lib/python3.12/site-packages/airflow/example_dags/example_branch_python_dop_operator_3.py for tasks to queue
[2024-07-07T23:49:40.445+0500] {logging_mixin.py:188} INFO - [2024-07-07T23:49:40.445+0500] {dagbag.py:545} INFO - Filling up the DagBag from /home/nicolaspc/anaconda3/envs/mlops_env/lib/python3.12/site-packages/airflow/example_dags/example_branch_python_dop_operator_3.py
[2024-07-07T23:49:40.450+0500] {processor.py:840} INFO - DAG(s) 'example_branch_dop_operator_v3' retrieved from /home/nicolaspc/anaconda3/envs/mlops_env/lib/python3.12/site-packages/airflow/example_dags/example_branch_python_dop_operator_3.py
[2024-07-07T23:49:40.470+0500] {logging_mixin.py:188} INFO - [2024-07-07T23:49:40.470+0500] {dag.py:3096} INFO - Sync 1 DAGs
[2024-07-07T23:49:40.487+0500] {logging_mixin.py:188} INFO - [2024-07-07T23:49:40.487+0500] {dag.py:3954} INFO - Setting next_dagrun for example_branch_dop_operator_v3 to 2024-07-07 18:48:00+00:00, run_after=2024-07-07 18:49:00+00:00
[2024-07-07T23:49:40.502+0500] {processor.py:183} INFO - Processing /home/nicolaspc/anaconda3/envs/mlops_env/lib/python3.12/site-packages/airflow/example_dags/example_branch_python_dop_operator_3.py took 0.064 seconds
