[2024-07-07T23:35:18.560+0500] {processor.py:161} INFO - Started process (PID=13324) to work on /home/nicolaspc/anaconda3/envs/mlops_env/lib/python3.12/site-packages/airflow/example_dags/example_skip_dag.py
[2024-07-07T23:35:18.561+0500] {processor.py:830} INFO - Processing file /home/nicolaspc/anaconda3/envs/mlops_env/lib/python3.12/site-packages/airflow/example_dags/example_skip_dag.py for tasks to queue
[2024-07-07T23:35:18.561+0500] {logging_mixin.py:188} INFO - [2024-07-07T23:35:18.561+0500] {dagbag.py:545} INFO - Filling up the DagBag from /home/nicolaspc/anaconda3/envs/mlops_env/lib/python3.12/site-packages/airflow/example_dags/example_skip_dag.py
[2024-07-07T23:35:18.566+0500] {processor.py:840} INFO - DAG(s) 'example_skip_dag' retrieved from /home/nicolaspc/anaconda3/envs/mlops_env/lib/python3.12/site-packages/airflow/example_dags/example_skip_dag.py
[2024-07-07T23:35:18.586+0500] {logging_mixin.py:188} INFO - [2024-07-07T23:35:18.586+0500] {dag.py:3096} INFO - Sync 1 DAGs
[2024-07-07T23:35:18.602+0500] {logging_mixin.py:188} INFO - [2024-07-07T23:35:18.602+0500] {dag.py:3954} INFO - Setting next_dagrun for example_skip_dag to 2024-07-06 00:00:00+00:00, run_after=2024-07-07 00:00:00+00:00
[2024-07-07T23:35:18.619+0500] {processor.py:183} INFO - Processing /home/nicolaspc/anaconda3/envs/mlops_env/lib/python3.12/site-packages/airflow/example_dags/example_skip_dag.py took 0.064 seconds
[2024-07-07T23:35:49.275+0500] {processor.py:161} INFO - Started process (PID=13673) to work on /home/nicolaspc/anaconda3/envs/mlops_env/lib/python3.12/site-packages/airflow/example_dags/example_skip_dag.py
[2024-07-07T23:35:49.277+0500] {processor.py:830} INFO - Processing file /home/nicolaspc/anaconda3/envs/mlops_env/lib/python3.12/site-packages/airflow/example_dags/example_skip_dag.py for tasks to queue
[2024-07-07T23:35:49.278+0500] {logging_mixin.py:188} INFO - [2024-07-07T23:35:49.278+0500] {dagbag.py:545} INFO - Filling up the DagBag from /home/nicolaspc/anaconda3/envs/mlops_env/lib/python3.12/site-packages/airflow/example_dags/example_skip_dag.py
[2024-07-07T23:35:49.282+0500] {processor.py:840} INFO - DAG(s) 'example_skip_dag' retrieved from /home/nicolaspc/anaconda3/envs/mlops_env/lib/python3.12/site-packages/airflow/example_dags/example_skip_dag.py
[2024-07-07T23:35:49.301+0500] {logging_mixin.py:188} INFO - [2024-07-07T23:35:49.301+0500] {dag.py:3096} INFO - Sync 1 DAGs
[2024-07-07T23:35:49.319+0500] {logging_mixin.py:188} INFO - [2024-07-07T23:35:49.319+0500] {dag.py:3954} INFO - Setting next_dagrun for example_skip_dag to 2024-07-06 00:00:00+00:00, run_after=2024-07-07 00:00:00+00:00
[2024-07-07T23:35:49.334+0500] {processor.py:183} INFO - Processing /home/nicolaspc/anaconda3/envs/mlops_env/lib/python3.12/site-packages/airflow/example_dags/example_skip_dag.py took 0.064 seconds
[2024-07-07T23:36:16.729+0500] {processor.py:161} INFO - Started process (PID=14010) to work on /home/nicolaspc/anaconda3/envs/mlops_env/lib/python3.12/site-packages/airflow/example_dags/example_skip_dag.py
[2024-07-07T23:36:16.731+0500] {processor.py:830} INFO - Processing file /home/nicolaspc/anaconda3/envs/mlops_env/lib/python3.12/site-packages/airflow/example_dags/example_skip_dag.py for tasks to queue
[2024-07-07T23:36:16.732+0500] {logging_mixin.py:188} INFO - [2024-07-07T23:36:16.731+0500] {dagbag.py:545} INFO - Filling up the DagBag from /home/nicolaspc/anaconda3/envs/mlops_env/lib/python3.12/site-packages/airflow/example_dags/example_skip_dag.py
[2024-07-07T23:36:16.740+0500] {processor.py:840} INFO - DAG(s) 'example_skip_dag' retrieved from /home/nicolaspc/anaconda3/envs/mlops_env/lib/python3.12/site-packages/airflow/example_dags/example_skip_dag.py
[2024-07-07T23:36:16.833+0500] {logging_mixin.py:188} INFO - [2024-07-07T23:36:16.832+0500] {override.py:1829} INFO - Created Permission View: can delete on DAG:example_skip_dag
[2024-07-07T23:36:16.849+0500] {logging_mixin.py:188} INFO - [2024-07-07T23:36:16.849+0500] {override.py:1829} INFO - Created Permission View: can edit on DAG:example_skip_dag
[2024-07-07T23:36:16.863+0500] {logging_mixin.py:188} INFO - [2024-07-07T23:36:16.862+0500] {override.py:1829} INFO - Created Permission View: can read on DAG:example_skip_dag
[2024-07-07T23:36:16.863+0500] {logging_mixin.py:188} INFO - [2024-07-07T23:36:16.863+0500] {dag.py:3096} INFO - Sync 1 DAGs
[2024-07-07T23:36:16.870+0500] {logging_mixin.py:188} INFO - [2024-07-07T23:36:16.869+0500] {dag.py:3118} INFO - Creating ORM DAG for example_skip_dag
[2024-07-07T23:36:16.876+0500] {logging_mixin.py:188} INFO - [2024-07-07T23:36:16.876+0500] {dag.py:3954} INFO - Setting next_dagrun for example_skip_dag to 2024-07-06 00:00:00+00:00, run_after=2024-07-07 00:00:00+00:00
[2024-07-07T23:36:16.896+0500] {processor.py:183} INFO - Processing /home/nicolaspc/anaconda3/envs/mlops_env/lib/python3.12/site-packages/airflow/example_dags/example_skip_dag.py took 0.170 seconds
[2024-07-07T23:36:19.985+0500] {processor.py:161} INFO - Started process (PID=14088) to work on /home/nicolaspc/anaconda3/envs/mlops_env/lib/python3.12/site-packages/airflow/example_dags/example_skip_dag.py
[2024-07-07T23:36:19.985+0500] {processor.py:830} INFO - Processing file /home/nicolaspc/anaconda3/envs/mlops_env/lib/python3.12/site-packages/airflow/example_dags/example_skip_dag.py for tasks to queue
[2024-07-07T23:36:19.986+0500] {logging_mixin.py:188} INFO - [2024-07-07T23:36:19.985+0500] {dagbag.py:545} INFO - Filling up the DagBag from /home/nicolaspc/anaconda3/envs/mlops_env/lib/python3.12/site-packages/airflow/example_dags/example_skip_dag.py
[2024-07-07T23:36:19.990+0500] {processor.py:840} INFO - DAG(s) 'example_skip_dag' retrieved from /home/nicolaspc/anaconda3/envs/mlops_env/lib/python3.12/site-packages/airflow/example_dags/example_skip_dag.py
[2024-07-07T23:36:20.011+0500] {logging_mixin.py:188} INFO - [2024-07-07T23:36:20.011+0500] {dag.py:3096} INFO - Sync 1 DAGs
[2024-07-07T23:36:20.027+0500] {logging_mixin.py:188} INFO - [2024-07-07T23:36:20.027+0500] {dag.py:3954} INFO - Setting next_dagrun for example_skip_dag to 2024-07-06 00:00:00+00:00, run_after=2024-07-07 00:00:00+00:00
[2024-07-07T23:36:20.043+0500] {processor.py:183} INFO - Processing /home/nicolaspc/anaconda3/envs/mlops_env/lib/python3.12/site-packages/airflow/example_dags/example_skip_dag.py took 0.064 seconds
[2024-07-07T23:36:50.632+0500] {processor.py:161} INFO - Started process (PID=14479) to work on /home/nicolaspc/anaconda3/envs/mlops_env/lib/python3.12/site-packages/airflow/example_dags/example_skip_dag.py
[2024-07-07T23:36:50.633+0500] {processor.py:830} INFO - Processing file /home/nicolaspc/anaconda3/envs/mlops_env/lib/python3.12/site-packages/airflow/example_dags/example_skip_dag.py for tasks to queue
[2024-07-07T23:36:50.633+0500] {logging_mixin.py:188} INFO - [2024-07-07T23:36:50.633+0500] {dagbag.py:545} INFO - Filling up the DagBag from /home/nicolaspc/anaconda3/envs/mlops_env/lib/python3.12/site-packages/airflow/example_dags/example_skip_dag.py
[2024-07-07T23:36:50.637+0500] {processor.py:840} INFO - DAG(s) 'example_skip_dag' retrieved from /home/nicolaspc/anaconda3/envs/mlops_env/lib/python3.12/site-packages/airflow/example_dags/example_skip_dag.py
[2024-07-07T23:36:50.656+0500] {logging_mixin.py:188} INFO - [2024-07-07T23:36:50.656+0500] {dag.py:3096} INFO - Sync 1 DAGs
[2024-07-07T23:36:50.672+0500] {logging_mixin.py:188} INFO - [2024-07-07T23:36:50.672+0500] {dag.py:3954} INFO - Setting next_dagrun for example_skip_dag to 2024-07-06 00:00:00+00:00, run_after=2024-07-07 00:00:00+00:00
[2024-07-07T23:36:50.687+0500] {processor.py:183} INFO - Processing /home/nicolaspc/anaconda3/envs/mlops_env/lib/python3.12/site-packages/airflow/example_dags/example_skip_dag.py took 0.061 seconds
[2024-07-07T23:37:08.783+0500] {processor.py:161} INFO - Started process (PID=14758) to work on /home/nicolaspc/anaconda3/envs/mlops_env/lib/python3.12/site-packages/airflow/example_dags/example_skip_dag.py
[2024-07-07T23:37:08.784+0500] {processor.py:830} INFO - Processing file /home/nicolaspc/anaconda3/envs/mlops_env/lib/python3.12/site-packages/airflow/example_dags/example_skip_dag.py for tasks to queue
[2024-07-07T23:37:08.785+0500] {logging_mixin.py:188} INFO - [2024-07-07T23:37:08.785+0500] {dagbag.py:545} INFO - Filling up the DagBag from /home/nicolaspc/anaconda3/envs/mlops_env/lib/python3.12/site-packages/airflow/example_dags/example_skip_dag.py
[2024-07-07T23:37:08.789+0500] {processor.py:840} INFO - DAG(s) 'example_skip_dag' retrieved from /home/nicolaspc/anaconda3/envs/mlops_env/lib/python3.12/site-packages/airflow/example_dags/example_skip_dag.py
[2024-07-07T23:37:08.800+0500] {logging_mixin.py:188} INFO - [2024-07-07T23:37:08.800+0500] {dag.py:3096} INFO - Sync 1 DAGs
[2024-07-07T23:37:08.811+0500] {logging_mixin.py:188} INFO - [2024-07-07T23:37:08.811+0500] {dag.py:3954} INFO - Setting next_dagrun for example_skip_dag to 2024-07-06 00:00:00+00:00, run_after=2024-07-07 00:00:00+00:00
[2024-07-07T23:37:08.842+0500] {processor.py:183} INFO - Processing /home/nicolaspc/anaconda3/envs/mlops_env/lib/python3.12/site-packages/airflow/example_dags/example_skip_dag.py took 0.063 seconds
[2024-07-07T23:37:21.040+0500] {processor.py:161} INFO - Started process (PID=14835) to work on /home/nicolaspc/anaconda3/envs/mlops_env/lib/python3.12/site-packages/airflow/example_dags/example_skip_dag.py
[2024-07-07T23:37:21.040+0500] {processor.py:830} INFO - Processing file /home/nicolaspc/anaconda3/envs/mlops_env/lib/python3.12/site-packages/airflow/example_dags/example_skip_dag.py for tasks to queue
[2024-07-07T23:37:21.041+0500] {logging_mixin.py:188} INFO - [2024-07-07T23:37:21.041+0500] {dagbag.py:545} INFO - Filling up the DagBag from /home/nicolaspc/anaconda3/envs/mlops_env/lib/python3.12/site-packages/airflow/example_dags/example_skip_dag.py
[2024-07-07T23:37:21.045+0500] {processor.py:840} INFO - DAG(s) 'example_skip_dag' retrieved from /home/nicolaspc/anaconda3/envs/mlops_env/lib/python3.12/site-packages/airflow/example_dags/example_skip_dag.py
[2024-07-07T23:37:21.064+0500] {logging_mixin.py:188} INFO - [2024-07-07T23:37:21.063+0500] {dag.py:3096} INFO - Sync 1 DAGs
[2024-07-07T23:37:21.079+0500] {logging_mixin.py:188} INFO - [2024-07-07T23:37:21.079+0500] {dag.py:3954} INFO - Setting next_dagrun for example_skip_dag to 2024-07-06 00:00:00+00:00, run_after=2024-07-07 00:00:00+00:00
[2024-07-07T23:37:21.094+0500] {processor.py:183} INFO - Processing /home/nicolaspc/anaconda3/envs/mlops_env/lib/python3.12/site-packages/airflow/example_dags/example_skip_dag.py took 0.060 seconds
[2024-07-07T23:37:50.781+0500] {processor.py:161} INFO - Started process (PID=15156) to work on /home/nicolaspc/anaconda3/envs/mlops_env/lib/python3.12/site-packages/airflow/example_dags/example_skip_dag.py
[2024-07-07T23:37:50.789+0500] {processor.py:830} INFO - Processing file /home/nicolaspc/anaconda3/envs/mlops_env/lib/python3.12/site-packages/airflow/example_dags/example_skip_dag.py for tasks to queue
[2024-07-07T23:37:50.791+0500] {logging_mixin.py:188} INFO - [2024-07-07T23:37:50.790+0500] {dagbag.py:545} INFO - Filling up the DagBag from /home/nicolaspc/anaconda3/envs/mlops_env/lib/python3.12/site-packages/airflow/example_dags/example_skip_dag.py
[2024-07-07T23:37:50.795+0500] {processor.py:840} INFO - DAG(s) 'example_skip_dag' retrieved from /home/nicolaspc/anaconda3/envs/mlops_env/lib/python3.12/site-packages/airflow/example_dags/example_skip_dag.py
[2024-07-07T23:37:50.806+0500] {logging_mixin.py:188} INFO - [2024-07-07T23:37:50.806+0500] {dag.py:3096} INFO - Sync 1 DAGs
[2024-07-07T23:37:50.819+0500] {logging_mixin.py:188} INFO - [2024-07-07T23:37:50.818+0500] {dag.py:3954} INFO - Setting next_dagrun for example_skip_dag to 2024-07-06 00:00:00+00:00, run_after=2024-07-07 00:00:00+00:00
[2024-07-07T23:37:50.839+0500] {processor.py:183} INFO - Processing /home/nicolaspc/anaconda3/envs/mlops_env/lib/python3.12/site-packages/airflow/example_dags/example_skip_dag.py took 0.061 seconds
[2024-07-07T23:37:51.452+0500] {processor.py:161} INFO - Started process (PID=15221) to work on /home/nicolaspc/anaconda3/envs/mlops_env/lib/python3.12/site-packages/airflow/example_dags/example_skip_dag.py
[2024-07-07T23:37:51.452+0500] {processor.py:830} INFO - Processing file /home/nicolaspc/anaconda3/envs/mlops_env/lib/python3.12/site-packages/airflow/example_dags/example_skip_dag.py for tasks to queue
[2024-07-07T23:37:51.453+0500] {logging_mixin.py:188} INFO - [2024-07-07T23:37:51.452+0500] {dagbag.py:545} INFO - Filling up the DagBag from /home/nicolaspc/anaconda3/envs/mlops_env/lib/python3.12/site-packages/airflow/example_dags/example_skip_dag.py
[2024-07-07T23:37:51.457+0500] {processor.py:840} INFO - DAG(s) 'example_skip_dag' retrieved from /home/nicolaspc/anaconda3/envs/mlops_env/lib/python3.12/site-packages/airflow/example_dags/example_skip_dag.py
[2024-07-07T23:37:51.478+0500] {logging_mixin.py:188} INFO - [2024-07-07T23:37:51.478+0500] {dag.py:3096} INFO - Sync 1 DAGs
[2024-07-07T23:37:51.494+0500] {logging_mixin.py:188} INFO - [2024-07-07T23:37:51.494+0500] {dag.py:3954} INFO - Setting next_dagrun for example_skip_dag to 2024-07-06 00:00:00+00:00, run_after=2024-07-07 00:00:00+00:00
[2024-07-07T23:37:51.509+0500] {processor.py:183} INFO - Processing /home/nicolaspc/anaconda3/envs/mlops_env/lib/python3.12/site-packages/airflow/example_dags/example_skip_dag.py took 0.063 seconds
[2024-07-07T23:38:22.130+0500] {processor.py:161} INFO - Started process (PID=15612) to work on /home/nicolaspc/anaconda3/envs/mlops_env/lib/python3.12/site-packages/airflow/example_dags/example_skip_dag.py
[2024-07-07T23:38:22.131+0500] {processor.py:830} INFO - Processing file /home/nicolaspc/anaconda3/envs/mlops_env/lib/python3.12/site-packages/airflow/example_dags/example_skip_dag.py for tasks to queue
[2024-07-07T23:38:22.131+0500] {logging_mixin.py:188} INFO - [2024-07-07T23:38:22.131+0500] {dagbag.py:545} INFO - Filling up the DagBag from /home/nicolaspc/anaconda3/envs/mlops_env/lib/python3.12/site-packages/airflow/example_dags/example_skip_dag.py
[2024-07-07T23:38:22.135+0500] {processor.py:840} INFO - DAG(s) 'example_skip_dag' retrieved from /home/nicolaspc/anaconda3/envs/mlops_env/lib/python3.12/site-packages/airflow/example_dags/example_skip_dag.py
[2024-07-07T23:38:22.156+0500] {logging_mixin.py:188} INFO - [2024-07-07T23:38:22.155+0500] {dag.py:3096} INFO - Sync 1 DAGs
[2024-07-07T23:38:22.170+0500] {logging_mixin.py:188} INFO - [2024-07-07T23:38:22.170+0500] {dag.py:3954} INFO - Setting next_dagrun for example_skip_dag to 2024-07-06 00:00:00+00:00, run_after=2024-07-07 00:00:00+00:00
[2024-07-07T23:38:22.185+0500] {processor.py:183} INFO - Processing /home/nicolaspc/anaconda3/envs/mlops_env/lib/python3.12/site-packages/airflow/example_dags/example_skip_dag.py took 0.061 seconds
[2024-07-07T23:38:39.139+0500] {processor.py:161} INFO - Started process (PID=15919) to work on /home/nicolaspc/anaconda3/envs/mlops_env/lib/python3.12/site-packages/airflow/example_dags/example_skip_dag.py
[2024-07-07T23:38:39.140+0500] {processor.py:830} INFO - Processing file /home/nicolaspc/anaconda3/envs/mlops_env/lib/python3.12/site-packages/airflow/example_dags/example_skip_dag.py for tasks to queue
[2024-07-07T23:38:39.141+0500] {logging_mixin.py:188} INFO - [2024-07-07T23:38:39.141+0500] {dagbag.py:545} INFO - Filling up the DagBag from /home/nicolaspc/anaconda3/envs/mlops_env/lib/python3.12/site-packages/airflow/example_dags/example_skip_dag.py
[2024-07-07T23:38:39.145+0500] {processor.py:840} INFO - DAG(s) 'example_skip_dag' retrieved from /home/nicolaspc/anaconda3/envs/mlops_env/lib/python3.12/site-packages/airflow/example_dags/example_skip_dag.py
[2024-07-07T23:38:39.156+0500] {logging_mixin.py:188} INFO - [2024-07-07T23:38:39.155+0500] {dag.py:3096} INFO - Sync 1 DAGs
[2024-07-07T23:38:39.167+0500] {logging_mixin.py:188} INFO - [2024-07-07T23:38:39.167+0500] {dag.py:3954} INFO - Setting next_dagrun for example_skip_dag to 2024-07-06 00:00:00+00:00, run_after=2024-07-07 00:00:00+00:00
[2024-07-07T23:38:39.187+0500] {processor.py:183} INFO - Processing /home/nicolaspc/anaconda3/envs/mlops_env/lib/python3.12/site-packages/airflow/example_dags/example_skip_dag.py took 0.052 seconds
[2024-07-07T23:38:52.897+0500] {processor.py:161} INFO - Started process (PID=15998) to work on /home/nicolaspc/anaconda3/envs/mlops_env/lib/python3.12/site-packages/airflow/example_dags/example_skip_dag.py
[2024-07-07T23:38:52.897+0500] {processor.py:830} INFO - Processing file /home/nicolaspc/anaconda3/envs/mlops_env/lib/python3.12/site-packages/airflow/example_dags/example_skip_dag.py for tasks to queue
[2024-07-07T23:38:52.898+0500] {logging_mixin.py:188} INFO - [2024-07-07T23:38:52.898+0500] {dagbag.py:545} INFO - Filling up the DagBag from /home/nicolaspc/anaconda3/envs/mlops_env/lib/python3.12/site-packages/airflow/example_dags/example_skip_dag.py
[2024-07-07T23:38:52.903+0500] {processor.py:840} INFO - DAG(s) 'example_skip_dag' retrieved from /home/nicolaspc/anaconda3/envs/mlops_env/lib/python3.12/site-packages/airflow/example_dags/example_skip_dag.py
[2024-07-07T23:38:52.925+0500] {logging_mixin.py:188} INFO - [2024-07-07T23:38:52.925+0500] {dag.py:3096} INFO - Sync 1 DAGs
[2024-07-07T23:38:52.943+0500] {logging_mixin.py:188} INFO - [2024-07-07T23:38:52.943+0500] {dag.py:3954} INFO - Setting next_dagrun for example_skip_dag to 2024-07-06 00:00:00+00:00, run_after=2024-07-07 00:00:00+00:00
[2024-07-07T23:38:52.959+0500] {processor.py:183} INFO - Processing /home/nicolaspc/anaconda3/envs/mlops_env/lib/python3.12/site-packages/airflow/example_dags/example_skip_dag.py took 0.068 seconds
[2024-07-07T23:39:21.571+0500] {processor.py:161} INFO - Started process (PID=16329) to work on /home/nicolaspc/anaconda3/envs/mlops_env/lib/python3.12/site-packages/airflow/example_dags/example_skip_dag.py
[2024-07-07T23:39:21.579+0500] {processor.py:830} INFO - Processing file /home/nicolaspc/anaconda3/envs/mlops_env/lib/python3.12/site-packages/airflow/example_dags/example_skip_dag.py for tasks to queue
[2024-07-07T23:39:21.581+0500] {logging_mixin.py:188} INFO - [2024-07-07T23:39:21.581+0500] {dagbag.py:545} INFO - Filling up the DagBag from /home/nicolaspc/anaconda3/envs/mlops_env/lib/python3.12/site-packages/airflow/example_dags/example_skip_dag.py
[2024-07-07T23:39:21.585+0500] {processor.py:840} INFO - DAG(s) 'example_skip_dag' retrieved from /home/nicolaspc/anaconda3/envs/mlops_env/lib/python3.12/site-packages/airflow/example_dags/example_skip_dag.py
[2024-07-07T23:39:21.595+0500] {logging_mixin.py:188} INFO - [2024-07-07T23:39:21.595+0500] {dag.py:3096} INFO - Sync 1 DAGs
[2024-07-07T23:39:21.607+0500] {logging_mixin.py:188} INFO - [2024-07-07T23:39:21.606+0500] {dag.py:3954} INFO - Setting next_dagrun for example_skip_dag to 2024-07-06 00:00:00+00:00, run_after=2024-07-07 00:00:00+00:00
[2024-07-07T23:39:21.636+0500] {processor.py:183} INFO - Processing /home/nicolaspc/anaconda3/envs/mlops_env/lib/python3.12/site-packages/airflow/example_dags/example_skip_dag.py took 0.069 seconds
[2024-07-07T23:39:23.526+0500] {processor.py:161} INFO - Started process (PID=16395) to work on /home/nicolaspc/anaconda3/envs/mlops_env/lib/python3.12/site-packages/airflow/example_dags/example_skip_dag.py
[2024-07-07T23:39:23.526+0500] {processor.py:830} INFO - Processing file /home/nicolaspc/anaconda3/envs/mlops_env/lib/python3.12/site-packages/airflow/example_dags/example_skip_dag.py for tasks to queue
[2024-07-07T23:39:23.527+0500] {logging_mixin.py:188} INFO - [2024-07-07T23:39:23.526+0500] {dagbag.py:545} INFO - Filling up the DagBag from /home/nicolaspc/anaconda3/envs/mlops_env/lib/python3.12/site-packages/airflow/example_dags/example_skip_dag.py
[2024-07-07T23:39:23.531+0500] {processor.py:840} INFO - DAG(s) 'example_skip_dag' retrieved from /home/nicolaspc/anaconda3/envs/mlops_env/lib/python3.12/site-packages/airflow/example_dags/example_skip_dag.py
[2024-07-07T23:39:23.551+0500] {logging_mixin.py:188} INFO - [2024-07-07T23:39:23.551+0500] {dag.py:3096} INFO - Sync 1 DAGs
[2024-07-07T23:39:23.569+0500] {logging_mixin.py:188} INFO - [2024-07-07T23:39:23.568+0500] {dag.py:3954} INFO - Setting next_dagrun for example_skip_dag to 2024-07-06 00:00:00+00:00, run_after=2024-07-07 00:00:00+00:00
[2024-07-07T23:39:23.584+0500] {processor.py:183} INFO - Processing /home/nicolaspc/anaconda3/envs/mlops_env/lib/python3.12/site-packages/airflow/example_dags/example_skip_dag.py took 0.064 seconds
[2024-07-07T23:39:54.180+0500] {processor.py:161} INFO - Started process (PID=16751) to work on /home/nicolaspc/anaconda3/envs/mlops_env/lib/python3.12/site-packages/airflow/example_dags/example_skip_dag.py
[2024-07-07T23:39:54.181+0500] {processor.py:830} INFO - Processing file /home/nicolaspc/anaconda3/envs/mlops_env/lib/python3.12/site-packages/airflow/example_dags/example_skip_dag.py for tasks to queue
[2024-07-07T23:39:54.181+0500] {logging_mixin.py:188} INFO - [2024-07-07T23:39:54.181+0500] {dagbag.py:545} INFO - Filling up the DagBag from /home/nicolaspc/anaconda3/envs/mlops_env/lib/python3.12/site-packages/airflow/example_dags/example_skip_dag.py
[2024-07-07T23:39:54.187+0500] {processor.py:840} INFO - DAG(s) 'example_skip_dag' retrieved from /home/nicolaspc/anaconda3/envs/mlops_env/lib/python3.12/site-packages/airflow/example_dags/example_skip_dag.py
[2024-07-07T23:39:54.208+0500] {logging_mixin.py:188} INFO - [2024-07-07T23:39:54.207+0500] {dag.py:3096} INFO - Sync 1 DAGs
[2024-07-07T23:39:54.223+0500] {logging_mixin.py:188} INFO - [2024-07-07T23:39:54.222+0500] {dag.py:3954} INFO - Setting next_dagrun for example_skip_dag to 2024-07-06 00:00:00+00:00, run_after=2024-07-07 00:00:00+00:00
[2024-07-07T23:39:54.238+0500] {processor.py:183} INFO - Processing /home/nicolaspc/anaconda3/envs/mlops_env/lib/python3.12/site-packages/airflow/example_dags/example_skip_dag.py took 0.064 seconds
[2024-07-07T23:40:02.352+0500] {processor.py:161} INFO - Started process (PID=17030) to work on /home/nicolaspc/anaconda3/envs/mlops_env/lib/python3.12/site-packages/airflow/example_dags/example_skip_dag.py
[2024-07-07T23:40:02.361+0500] {processor.py:830} INFO - Processing file /home/nicolaspc/anaconda3/envs/mlops_env/lib/python3.12/site-packages/airflow/example_dags/example_skip_dag.py for tasks to queue
[2024-07-07T23:40:02.362+0500] {logging_mixin.py:188} INFO - [2024-07-07T23:40:02.362+0500] {dagbag.py:545} INFO - Filling up the DagBag from /home/nicolaspc/anaconda3/envs/mlops_env/lib/python3.12/site-packages/airflow/example_dags/example_skip_dag.py
[2024-07-07T23:40:02.366+0500] {processor.py:840} INFO - DAG(s) 'example_skip_dag' retrieved from /home/nicolaspc/anaconda3/envs/mlops_env/lib/python3.12/site-packages/airflow/example_dags/example_skip_dag.py
[2024-07-07T23:40:02.377+0500] {logging_mixin.py:188} INFO - [2024-07-07T23:40:02.377+0500] {dag.py:3096} INFO - Sync 1 DAGs
[2024-07-07T23:40:02.388+0500] {logging_mixin.py:188} INFO - [2024-07-07T23:40:02.388+0500] {dag.py:3954} INFO - Setting next_dagrun for example_skip_dag to 2024-07-06 00:00:00+00:00, run_after=2024-07-07 00:00:00+00:00
[2024-07-07T23:40:02.417+0500] {processor.py:183} INFO - Processing /home/nicolaspc/anaconda3/envs/mlops_env/lib/python3.12/site-packages/airflow/example_dags/example_skip_dag.py took 0.069 seconds
[2024-07-07T23:40:24.757+0500] {processor.py:161} INFO - Started process (PID=17181) to work on /home/nicolaspc/anaconda3/envs/mlops_env/lib/python3.12/site-packages/airflow/example_dags/example_skip_dag.py
[2024-07-07T23:40:24.758+0500] {processor.py:830} INFO - Processing file /home/nicolaspc/anaconda3/envs/mlops_env/lib/python3.12/site-packages/airflow/example_dags/example_skip_dag.py for tasks to queue
[2024-07-07T23:40:24.758+0500] {logging_mixin.py:188} INFO - [2024-07-07T23:40:24.758+0500] {dagbag.py:545} INFO - Filling up the DagBag from /home/nicolaspc/anaconda3/envs/mlops_env/lib/python3.12/site-packages/airflow/example_dags/example_skip_dag.py
[2024-07-07T23:40:24.764+0500] {processor.py:840} INFO - DAG(s) 'example_skip_dag' retrieved from /home/nicolaspc/anaconda3/envs/mlops_env/lib/python3.12/site-packages/airflow/example_dags/example_skip_dag.py
[2024-07-07T23:40:24.784+0500] {logging_mixin.py:188} INFO - [2024-07-07T23:40:24.784+0500] {dag.py:3096} INFO - Sync 1 DAGs
[2024-07-07T23:40:24.804+0500] {logging_mixin.py:188} INFO - [2024-07-07T23:40:24.803+0500] {dag.py:3954} INFO - Setting next_dagrun for example_skip_dag to 2024-07-06 00:00:00+00:00, run_after=2024-07-07 00:00:00+00:00
[2024-07-07T23:40:24.820+0500] {processor.py:183} INFO - Processing /home/nicolaspc/anaconda3/envs/mlops_env/lib/python3.12/site-packages/airflow/example_dags/example_skip_dag.py took 0.069 seconds
[2024-07-07T23:40:41.035+0500] {processor.py:161} INFO - Started process (PID=17464) to work on /home/nicolaspc/anaconda3/envs/mlops_env/lib/python3.12/site-packages/airflow/example_dags/example_skip_dag.py
[2024-07-07T23:40:41.043+0500] {processor.py:830} INFO - Processing file /home/nicolaspc/anaconda3/envs/mlops_env/lib/python3.12/site-packages/airflow/example_dags/example_skip_dag.py for tasks to queue
[2024-07-07T23:40:41.045+0500] {logging_mixin.py:188} INFO - [2024-07-07T23:40:41.045+0500] {dagbag.py:545} INFO - Filling up the DagBag from /home/nicolaspc/anaconda3/envs/mlops_env/lib/python3.12/site-packages/airflow/example_dags/example_skip_dag.py
[2024-07-07T23:40:41.049+0500] {processor.py:840} INFO - DAG(s) 'example_skip_dag' retrieved from /home/nicolaspc/anaconda3/envs/mlops_env/lib/python3.12/site-packages/airflow/example_dags/example_skip_dag.py
[2024-07-07T23:40:41.059+0500] {logging_mixin.py:188} INFO - [2024-07-07T23:40:41.059+0500] {dag.py:3096} INFO - Sync 1 DAGs
[2024-07-07T23:40:41.072+0500] {logging_mixin.py:188} INFO - [2024-07-07T23:40:41.072+0500] {dag.py:3954} INFO - Setting next_dagrun for example_skip_dag to 2024-07-06 00:00:00+00:00, run_after=2024-07-07 00:00:00+00:00
[2024-07-07T23:40:41.094+0500] {processor.py:183} INFO - Processing /home/nicolaspc/anaconda3/envs/mlops_env/lib/python3.12/site-packages/airflow/example_dags/example_skip_dag.py took 0.064 seconds
[2024-07-07T23:40:55.548+0500] {processor.py:161} INFO - Started process (PID=17547) to work on /home/nicolaspc/anaconda3/envs/mlops_env/lib/python3.12/site-packages/airflow/example_dags/example_skip_dag.py
[2024-07-07T23:40:55.548+0500] {processor.py:830} INFO - Processing file /home/nicolaspc/anaconda3/envs/mlops_env/lib/python3.12/site-packages/airflow/example_dags/example_skip_dag.py for tasks to queue
[2024-07-07T23:40:55.549+0500] {logging_mixin.py:188} INFO - [2024-07-07T23:40:55.549+0500] {dagbag.py:545} INFO - Filling up the DagBag from /home/nicolaspc/anaconda3/envs/mlops_env/lib/python3.12/site-packages/airflow/example_dags/example_skip_dag.py
[2024-07-07T23:40:55.553+0500] {processor.py:840} INFO - DAG(s) 'example_skip_dag' retrieved from /home/nicolaspc/anaconda3/envs/mlops_env/lib/python3.12/site-packages/airflow/example_dags/example_skip_dag.py
[2024-07-07T23:40:55.575+0500] {logging_mixin.py:188} INFO - [2024-07-07T23:40:55.575+0500] {dag.py:3096} INFO - Sync 1 DAGs
[2024-07-07T23:40:55.593+0500] {logging_mixin.py:188} INFO - [2024-07-07T23:40:55.593+0500] {dag.py:3954} INFO - Setting next_dagrun for example_skip_dag to 2024-07-06 00:00:00+00:00, run_after=2024-07-07 00:00:00+00:00
[2024-07-07T23:40:55.610+0500] {processor.py:183} INFO - Processing /home/nicolaspc/anaconda3/envs/mlops_env/lib/python3.12/site-packages/airflow/example_dags/example_skip_dag.py took 0.068 seconds
[2024-07-07T23:41:22.434+0500] {processor.py:161} INFO - Started process (PID=17879) to work on /home/nicolaspc/anaconda3/envs/mlops_env/lib/python3.12/site-packages/airflow/example_dags/example_skip_dag.py
[2024-07-07T23:41:22.437+0500] {processor.py:830} INFO - Processing file /home/nicolaspc/anaconda3/envs/mlops_env/lib/python3.12/site-packages/airflow/example_dags/example_skip_dag.py for tasks to queue
[2024-07-07T23:41:22.438+0500] {logging_mixin.py:188} INFO - [2024-07-07T23:41:22.438+0500] {dagbag.py:545} INFO - Filling up the DagBag from /home/nicolaspc/anaconda3/envs/mlops_env/lib/python3.12/site-packages/airflow/example_dags/example_skip_dag.py
[2024-07-07T23:41:22.442+0500] {processor.py:840} INFO - DAG(s) 'example_skip_dag' retrieved from /home/nicolaspc/anaconda3/envs/mlops_env/lib/python3.12/site-packages/airflow/example_dags/example_skip_dag.py
[2024-07-07T23:41:22.453+0500] {logging_mixin.py:188} INFO - [2024-07-07T23:41:22.453+0500] {dag.py:3096} INFO - Sync 1 DAGs
[2024-07-07T23:41:22.464+0500] {logging_mixin.py:188} INFO - [2024-07-07T23:41:22.464+0500] {dag.py:3954} INFO - Setting next_dagrun for example_skip_dag to 2024-07-06 00:00:00+00:00, run_after=2024-07-07 00:00:00+00:00
[2024-07-07T23:41:22.484+0500] {processor.py:183} INFO - Processing /home/nicolaspc/anaconda3/envs/mlops_env/lib/python3.12/site-packages/airflow/example_dags/example_skip_dag.py took 0.054 seconds
[2024-07-07T23:41:26.319+0500] {processor.py:161} INFO - Started process (PID=17961) to work on /home/nicolaspc/anaconda3/envs/mlops_env/lib/python3.12/site-packages/airflow/example_dags/example_skip_dag.py
[2024-07-07T23:41:26.319+0500] {processor.py:830} INFO - Processing file /home/nicolaspc/anaconda3/envs/mlops_env/lib/python3.12/site-packages/airflow/example_dags/example_skip_dag.py for tasks to queue
[2024-07-07T23:41:26.320+0500] {logging_mixin.py:188} INFO - [2024-07-07T23:41:26.320+0500] {dagbag.py:545} INFO - Filling up the DagBag from /home/nicolaspc/anaconda3/envs/mlops_env/lib/python3.12/site-packages/airflow/example_dags/example_skip_dag.py
[2024-07-07T23:41:26.325+0500] {processor.py:840} INFO - DAG(s) 'example_skip_dag' retrieved from /home/nicolaspc/anaconda3/envs/mlops_env/lib/python3.12/site-packages/airflow/example_dags/example_skip_dag.py
[2024-07-07T23:41:26.345+0500] {logging_mixin.py:188} INFO - [2024-07-07T23:41:26.345+0500] {dag.py:3096} INFO - Sync 1 DAGs
[2024-07-07T23:41:26.359+0500] {logging_mixin.py:188} INFO - [2024-07-07T23:41:26.359+0500] {dag.py:3954} INFO - Setting next_dagrun for example_skip_dag to 2024-07-06 00:00:00+00:00, run_after=2024-07-07 00:00:00+00:00
[2024-07-07T23:41:26.374+0500] {processor.py:183} INFO - Processing /home/nicolaspc/anaconda3/envs/mlops_env/lib/python3.12/site-packages/airflow/example_dags/example_skip_dag.py took 0.062 seconds
[2024-07-07T23:41:57.255+0500] {processor.py:161} INFO - Started process (PID=18340) to work on /home/nicolaspc/anaconda3/envs/mlops_env/lib/python3.12/site-packages/airflow/example_dags/example_skip_dag.py
[2024-07-07T23:41:57.256+0500] {processor.py:830} INFO - Processing file /home/nicolaspc/anaconda3/envs/mlops_env/lib/python3.12/site-packages/airflow/example_dags/example_skip_dag.py for tasks to queue
[2024-07-07T23:41:57.257+0500] {logging_mixin.py:188} INFO - [2024-07-07T23:41:57.256+0500] {dagbag.py:545} INFO - Filling up the DagBag from /home/nicolaspc/anaconda3/envs/mlops_env/lib/python3.12/site-packages/airflow/example_dags/example_skip_dag.py
[2024-07-07T23:41:57.261+0500] {processor.py:840} INFO - DAG(s) 'example_skip_dag' retrieved from /home/nicolaspc/anaconda3/envs/mlops_env/lib/python3.12/site-packages/airflow/example_dags/example_skip_dag.py
[2024-07-07T23:41:57.284+0500] {logging_mixin.py:188} INFO - [2024-07-07T23:41:57.284+0500] {dag.py:3096} INFO - Sync 1 DAGs
[2024-07-07T23:41:57.303+0500] {logging_mixin.py:188} INFO - [2024-07-07T23:41:57.302+0500] {dag.py:3954} INFO - Setting next_dagrun for example_skip_dag to 2024-07-06 00:00:00+00:00, run_after=2024-07-07 00:00:00+00:00
[2024-07-07T23:41:57.322+0500] {processor.py:183} INFO - Processing /home/nicolaspc/anaconda3/envs/mlops_env/lib/python3.12/site-packages/airflow/example_dags/example_skip_dag.py took 0.074 seconds
[2024-07-07T23:42:02.993+0500] {processor.py:161} INFO - Started process (PID=18604) to work on /home/nicolaspc/anaconda3/envs/mlops_env/lib/python3.12/site-packages/airflow/example_dags/example_skip_dag.py
[2024-07-07T23:42:03.001+0500] {processor.py:830} INFO - Processing file /home/nicolaspc/anaconda3/envs/mlops_env/lib/python3.12/site-packages/airflow/example_dags/example_skip_dag.py for tasks to queue
[2024-07-07T23:42:03.003+0500] {logging_mixin.py:188} INFO - [2024-07-07T23:42:03.003+0500] {dagbag.py:545} INFO - Filling up the DagBag from /home/nicolaspc/anaconda3/envs/mlops_env/lib/python3.12/site-packages/airflow/example_dags/example_skip_dag.py
[2024-07-07T23:42:03.008+0500] {processor.py:840} INFO - DAG(s) 'example_skip_dag' retrieved from /home/nicolaspc/anaconda3/envs/mlops_env/lib/python3.12/site-packages/airflow/example_dags/example_skip_dag.py
[2024-07-07T23:42:03.019+0500] {logging_mixin.py:188} INFO - [2024-07-07T23:42:03.019+0500] {dag.py:3096} INFO - Sync 1 DAGs
[2024-07-07T23:42:03.119+0500] {logging_mixin.py:188} INFO - [2024-07-07T23:42:03.119+0500] {dag.py:3954} INFO - Setting next_dagrun for example_skip_dag to 2024-07-06 00:00:00+00:00, run_after=2024-07-07 00:00:00+00:00
[2024-07-07T23:42:03.157+0500] {processor.py:183} INFO - Processing /home/nicolaspc/anaconda3/envs/mlops_env/lib/python3.12/site-packages/airflow/example_dags/example_skip_dag.py took 0.169 seconds
[2024-07-07T23:42:28.261+0500] {processor.py:161} INFO - Started process (PID=18750) to work on /home/nicolaspc/anaconda3/envs/mlops_env/lib/python3.12/site-packages/airflow/example_dags/example_skip_dag.py
[2024-07-07T23:42:28.262+0500] {processor.py:830} INFO - Processing file /home/nicolaspc/anaconda3/envs/mlops_env/lib/python3.12/site-packages/airflow/example_dags/example_skip_dag.py for tasks to queue
[2024-07-07T23:42:28.262+0500] {logging_mixin.py:188} INFO - [2024-07-07T23:42:28.262+0500] {dagbag.py:545} INFO - Filling up the DagBag from /home/nicolaspc/anaconda3/envs/mlops_env/lib/python3.12/site-packages/airflow/example_dags/example_skip_dag.py
[2024-07-07T23:42:28.266+0500] {processor.py:840} INFO - DAG(s) 'example_skip_dag' retrieved from /home/nicolaspc/anaconda3/envs/mlops_env/lib/python3.12/site-packages/airflow/example_dags/example_skip_dag.py
[2024-07-07T23:42:28.287+0500] {logging_mixin.py:188} INFO - [2024-07-07T23:42:28.287+0500] {dag.py:3096} INFO - Sync 1 DAGs
[2024-07-07T23:42:28.303+0500] {logging_mixin.py:188} INFO - [2024-07-07T23:42:28.303+0500] {dag.py:3954} INFO - Setting next_dagrun for example_skip_dag to 2024-07-06 00:00:00+00:00, run_after=2024-07-07 00:00:00+00:00
[2024-07-07T23:42:28.318+0500] {processor.py:183} INFO - Processing /home/nicolaspc/anaconda3/envs/mlops_env/lib/python3.12/site-packages/airflow/example_dags/example_skip_dag.py took 0.062 seconds
[2024-07-07T23:42:42.914+0500] {processor.py:161} INFO - Started process (PID=19025) to work on /home/nicolaspc/anaconda3/envs/mlops_env/lib/python3.12/site-packages/airflow/example_dags/example_skip_dag.py
[2024-07-07T23:42:42.922+0500] {processor.py:830} INFO - Processing file /home/nicolaspc/anaconda3/envs/mlops_env/lib/python3.12/site-packages/airflow/example_dags/example_skip_dag.py for tasks to queue
[2024-07-07T23:42:42.924+0500] {logging_mixin.py:188} INFO - [2024-07-07T23:42:42.924+0500] {dagbag.py:545} INFO - Filling up the DagBag from /home/nicolaspc/anaconda3/envs/mlops_env/lib/python3.12/site-packages/airflow/example_dags/example_skip_dag.py
[2024-07-07T23:42:42.929+0500] {processor.py:840} INFO - DAG(s) 'example_skip_dag' retrieved from /home/nicolaspc/anaconda3/envs/mlops_env/lib/python3.12/site-packages/airflow/example_dags/example_skip_dag.py
[2024-07-07T23:42:42.939+0500] {logging_mixin.py:188} INFO - [2024-07-07T23:42:42.939+0500] {dag.py:3096} INFO - Sync 1 DAGs
[2024-07-07T23:42:42.951+0500] {logging_mixin.py:188} INFO - [2024-07-07T23:42:42.950+0500] {dag.py:3954} INFO - Setting next_dagrun for example_skip_dag to 2024-07-06 00:00:00+00:00, run_after=2024-07-07 00:00:00+00:00
[2024-07-07T23:42:42.983+0500] {processor.py:183} INFO - Processing /home/nicolaspc/anaconda3/envs/mlops_env/lib/python3.12/site-packages/airflow/example_dags/example_skip_dag.py took 0.073 seconds
[2024-07-07T23:42:59.110+0500] {processor.py:161} INFO - Started process (PID=19113) to work on /home/nicolaspc/anaconda3/envs/mlops_env/lib/python3.12/site-packages/airflow/example_dags/example_skip_dag.py
[2024-07-07T23:42:59.111+0500] {processor.py:830} INFO - Processing file /home/nicolaspc/anaconda3/envs/mlops_env/lib/python3.12/site-packages/airflow/example_dags/example_skip_dag.py for tasks to queue
[2024-07-07T23:42:59.111+0500] {logging_mixin.py:188} INFO - [2024-07-07T23:42:59.111+0500] {dagbag.py:545} INFO - Filling up the DagBag from /home/nicolaspc/anaconda3/envs/mlops_env/lib/python3.12/site-packages/airflow/example_dags/example_skip_dag.py
[2024-07-07T23:42:59.115+0500] {processor.py:840} INFO - DAG(s) 'example_skip_dag' retrieved from /home/nicolaspc/anaconda3/envs/mlops_env/lib/python3.12/site-packages/airflow/example_dags/example_skip_dag.py
[2024-07-07T23:42:59.136+0500] {logging_mixin.py:188} INFO - [2024-07-07T23:42:59.135+0500] {dag.py:3096} INFO - Sync 1 DAGs
[2024-07-07T23:42:59.153+0500] {logging_mixin.py:188} INFO - [2024-07-07T23:42:59.153+0500] {dag.py:3954} INFO - Setting next_dagrun for example_skip_dag to 2024-07-06 00:00:00+00:00, run_after=2024-07-07 00:00:00+00:00
[2024-07-07T23:42:59.170+0500] {processor.py:183} INFO - Processing /home/nicolaspc/anaconda3/envs/mlops_env/lib/python3.12/site-packages/airflow/example_dags/example_skip_dag.py took 0.067 seconds
[2024-07-07T23:43:29.707+0500] {processor.py:161} INFO - Started process (PID=19443) to work on /home/nicolaspc/anaconda3/envs/mlops_env/lib/python3.12/site-packages/airflow/example_dags/example_skip_dag.py
[2024-07-07T23:43:29.708+0500] {processor.py:830} INFO - Processing file /home/nicolaspc/anaconda3/envs/mlops_env/lib/python3.12/site-packages/airflow/example_dags/example_skip_dag.py for tasks to queue
[2024-07-07T23:43:29.708+0500] {logging_mixin.py:188} INFO - [2024-07-07T23:43:29.708+0500] {dagbag.py:545} INFO - Filling up the DagBag from /home/nicolaspc/anaconda3/envs/mlops_env/lib/python3.12/site-packages/airflow/example_dags/example_skip_dag.py
[2024-07-07T23:43:29.713+0500] {processor.py:840} INFO - DAG(s) 'example_skip_dag' retrieved from /home/nicolaspc/anaconda3/envs/mlops_env/lib/python3.12/site-packages/airflow/example_dags/example_skip_dag.py
[2024-07-07T23:43:29.734+0500] {logging_mixin.py:188} INFO - [2024-07-07T23:43:29.733+0500] {dag.py:3096} INFO - Sync 1 DAGs
[2024-07-07T23:43:29.749+0500] {logging_mixin.py:188} INFO - [2024-07-07T23:43:29.749+0500] {dag.py:3954} INFO - Setting next_dagrun for example_skip_dag to 2024-07-06 00:00:00+00:00, run_after=2024-07-07 00:00:00+00:00
[2024-07-07T23:43:29.764+0500] {processor.py:183} INFO - Processing /home/nicolaspc/anaconda3/envs/mlops_env/lib/python3.12/site-packages/airflow/example_dags/example_skip_dag.py took 0.063 seconds
[2024-07-07T23:44:00.523+0500] {processor.py:161} INFO - Started process (PID=19809) to work on /home/nicolaspc/anaconda3/envs/mlops_env/lib/python3.12/site-packages/airflow/example_dags/example_skip_dag.py
[2024-07-07T23:44:00.524+0500] {processor.py:830} INFO - Processing file /home/nicolaspc/anaconda3/envs/mlops_env/lib/python3.12/site-packages/airflow/example_dags/example_skip_dag.py for tasks to queue
[2024-07-07T23:44:00.524+0500] {logging_mixin.py:188} INFO - [2024-07-07T23:44:00.524+0500] {dagbag.py:545} INFO - Filling up the DagBag from /home/nicolaspc/anaconda3/envs/mlops_env/lib/python3.12/site-packages/airflow/example_dags/example_skip_dag.py
[2024-07-07T23:44:00.528+0500] {processor.py:840} INFO - DAG(s) 'example_skip_dag' retrieved from /home/nicolaspc/anaconda3/envs/mlops_env/lib/python3.12/site-packages/airflow/example_dags/example_skip_dag.py
[2024-07-07T23:44:00.548+0500] {logging_mixin.py:188} INFO - [2024-07-07T23:44:00.548+0500] {dag.py:3096} INFO - Sync 1 DAGs
[2024-07-07T23:44:00.564+0500] {logging_mixin.py:188} INFO - [2024-07-07T23:44:00.564+0500] {dag.py:3954} INFO - Setting next_dagrun for example_skip_dag to 2024-07-06 00:00:00+00:00, run_after=2024-07-07 00:00:00+00:00
[2024-07-07T23:44:00.579+0500] {processor.py:183} INFO - Processing /home/nicolaspc/anaconda3/envs/mlops_env/lib/python3.12/site-packages/airflow/example_dags/example_skip_dag.py took 0.063 seconds
[2024-07-07T23:44:31.010+0500] {processor.py:161} INFO - Started process (PID=20173) to work on /home/nicolaspc/anaconda3/envs/mlops_env/lib/python3.12/site-packages/airflow/example_dags/example_skip_dag.py
[2024-07-07T23:44:31.010+0500] {processor.py:830} INFO - Processing file /home/nicolaspc/anaconda3/envs/mlops_env/lib/python3.12/site-packages/airflow/example_dags/example_skip_dag.py for tasks to queue
[2024-07-07T23:44:31.011+0500] {logging_mixin.py:188} INFO - [2024-07-07T23:44:31.011+0500] {dagbag.py:545} INFO - Filling up the DagBag from /home/nicolaspc/anaconda3/envs/mlops_env/lib/python3.12/site-packages/airflow/example_dags/example_skip_dag.py
[2024-07-07T23:44:31.015+0500] {processor.py:840} INFO - DAG(s) 'example_skip_dag' retrieved from /home/nicolaspc/anaconda3/envs/mlops_env/lib/python3.12/site-packages/airflow/example_dags/example_skip_dag.py
[2024-07-07T23:44:31.035+0500] {logging_mixin.py:188} INFO - [2024-07-07T23:44:31.035+0500] {dag.py:3096} INFO - Sync 1 DAGs
[2024-07-07T23:44:31.052+0500] {logging_mixin.py:188} INFO - [2024-07-07T23:44:31.052+0500] {dag.py:3954} INFO - Setting next_dagrun for example_skip_dag to 2024-07-06 00:00:00+00:00, run_after=2024-07-07 00:00:00+00:00
[2024-07-07T23:44:31.068+0500] {processor.py:183} INFO - Processing /home/nicolaspc/anaconda3/envs/mlops_env/lib/python3.12/site-packages/airflow/example_dags/example_skip_dag.py took 0.065 seconds
[2024-07-07T23:45:01.619+0500] {processor.py:161} INFO - Started process (PID=20539) to work on /home/nicolaspc/anaconda3/envs/mlops_env/lib/python3.12/site-packages/airflow/example_dags/example_skip_dag.py
[2024-07-07T23:45:01.621+0500] {processor.py:830} INFO - Processing file /home/nicolaspc/anaconda3/envs/mlops_env/lib/python3.12/site-packages/airflow/example_dags/example_skip_dag.py for tasks to queue
[2024-07-07T23:45:01.622+0500] {logging_mixin.py:188} INFO - [2024-07-07T23:45:01.622+0500] {dagbag.py:545} INFO - Filling up the DagBag from /home/nicolaspc/anaconda3/envs/mlops_env/lib/python3.12/site-packages/airflow/example_dags/example_skip_dag.py
[2024-07-07T23:45:01.627+0500] {processor.py:840} INFO - DAG(s) 'example_skip_dag' retrieved from /home/nicolaspc/anaconda3/envs/mlops_env/lib/python3.12/site-packages/airflow/example_dags/example_skip_dag.py
[2024-07-07T23:45:01.650+0500] {logging_mixin.py:188} INFO - [2024-07-07T23:45:01.650+0500] {dag.py:3096} INFO - Sync 1 DAGs
[2024-07-07T23:45:01.667+0500] {logging_mixin.py:188} INFO - [2024-07-07T23:45:01.666+0500] {dag.py:3954} INFO - Setting next_dagrun for example_skip_dag to 2024-07-06 00:00:00+00:00, run_after=2024-07-07 00:00:00+00:00
[2024-07-07T23:45:01.684+0500] {processor.py:183} INFO - Processing /home/nicolaspc/anaconda3/envs/mlops_env/lib/python3.12/site-packages/airflow/example_dags/example_skip_dag.py took 0.071 seconds
[2024-07-07T23:45:32.381+0500] {processor.py:161} INFO - Started process (PID=20864) to work on /home/nicolaspc/anaconda3/envs/mlops_env/lib/python3.12/site-packages/airflow/example_dags/example_skip_dag.py
[2024-07-07T23:45:32.383+0500] {processor.py:830} INFO - Processing file /home/nicolaspc/anaconda3/envs/mlops_env/lib/python3.12/site-packages/airflow/example_dags/example_skip_dag.py for tasks to queue
[2024-07-07T23:45:32.384+0500] {logging_mixin.py:188} INFO - [2024-07-07T23:45:32.383+0500] {dagbag.py:545} INFO - Filling up the DagBag from /home/nicolaspc/anaconda3/envs/mlops_env/lib/python3.12/site-packages/airflow/example_dags/example_skip_dag.py
[2024-07-07T23:45:32.388+0500] {processor.py:840} INFO - DAG(s) 'example_skip_dag' retrieved from /home/nicolaspc/anaconda3/envs/mlops_env/lib/python3.12/site-packages/airflow/example_dags/example_skip_dag.py
[2024-07-07T23:45:32.409+0500] {logging_mixin.py:188} INFO - [2024-07-07T23:45:32.409+0500] {dag.py:3096} INFO - Sync 1 DAGs
[2024-07-07T23:45:32.426+0500] {logging_mixin.py:188} INFO - [2024-07-07T23:45:32.425+0500] {dag.py:3954} INFO - Setting next_dagrun for example_skip_dag to 2024-07-06 00:00:00+00:00, run_after=2024-07-07 00:00:00+00:00
[2024-07-07T23:45:32.441+0500] {processor.py:183} INFO - Processing /home/nicolaspc/anaconda3/envs/mlops_env/lib/python3.12/site-packages/airflow/example_dags/example_skip_dag.py took 0.065 seconds
[2024-07-07T23:46:02.943+0500] {processor.py:161} INFO - Started process (PID=21201) to work on /home/nicolaspc/anaconda3/envs/mlops_env/lib/python3.12/site-packages/airflow/example_dags/example_skip_dag.py
[2024-07-07T23:46:02.944+0500] {processor.py:830} INFO - Processing file /home/nicolaspc/anaconda3/envs/mlops_env/lib/python3.12/site-packages/airflow/example_dags/example_skip_dag.py for tasks to queue
[2024-07-07T23:46:02.944+0500] {logging_mixin.py:188} INFO - [2024-07-07T23:46:02.944+0500] {dagbag.py:545} INFO - Filling up the DagBag from /home/nicolaspc/anaconda3/envs/mlops_env/lib/python3.12/site-packages/airflow/example_dags/example_skip_dag.py
[2024-07-07T23:46:02.949+0500] {processor.py:840} INFO - DAG(s) 'example_skip_dag' retrieved from /home/nicolaspc/anaconda3/envs/mlops_env/lib/python3.12/site-packages/airflow/example_dags/example_skip_dag.py
[2024-07-07T23:46:02.970+0500] {logging_mixin.py:188} INFO - [2024-07-07T23:46:02.970+0500] {dag.py:3096} INFO - Sync 1 DAGs
[2024-07-07T23:46:02.985+0500] {logging_mixin.py:188} INFO - [2024-07-07T23:46:02.984+0500] {dag.py:3954} INFO - Setting next_dagrun for example_skip_dag to 2024-07-06 00:00:00+00:00, run_after=2024-07-07 00:00:00+00:00
[2024-07-07T23:46:03.000+0500] {processor.py:183} INFO - Processing /home/nicolaspc/anaconda3/envs/mlops_env/lib/python3.12/site-packages/airflow/example_dags/example_skip_dag.py took 0.063 seconds
[2024-07-07T23:46:33.556+0500] {processor.py:161} INFO - Started process (PID=21568) to work on /home/nicolaspc/anaconda3/envs/mlops_env/lib/python3.12/site-packages/airflow/example_dags/example_skip_dag.py
[2024-07-07T23:46:33.557+0500] {processor.py:830} INFO - Processing file /home/nicolaspc/anaconda3/envs/mlops_env/lib/python3.12/site-packages/airflow/example_dags/example_skip_dag.py for tasks to queue
[2024-07-07T23:46:33.557+0500] {logging_mixin.py:188} INFO - [2024-07-07T23:46:33.557+0500] {dagbag.py:545} INFO - Filling up the DagBag from /home/nicolaspc/anaconda3/envs/mlops_env/lib/python3.12/site-packages/airflow/example_dags/example_skip_dag.py
[2024-07-07T23:46:33.561+0500] {processor.py:840} INFO - DAG(s) 'example_skip_dag' retrieved from /home/nicolaspc/anaconda3/envs/mlops_env/lib/python3.12/site-packages/airflow/example_dags/example_skip_dag.py
[2024-07-07T23:46:33.583+0500] {logging_mixin.py:188} INFO - [2024-07-07T23:46:33.583+0500] {dag.py:3096} INFO - Sync 1 DAGs
[2024-07-07T23:46:33.599+0500] {logging_mixin.py:188} INFO - [2024-07-07T23:46:33.599+0500] {dag.py:3954} INFO - Setting next_dagrun for example_skip_dag to 2024-07-06 00:00:00+00:00, run_after=2024-07-07 00:00:00+00:00
[2024-07-07T23:46:33.614+0500] {processor.py:183} INFO - Processing /home/nicolaspc/anaconda3/envs/mlops_env/lib/python3.12/site-packages/airflow/example_dags/example_skip_dag.py took 0.064 seconds
[2024-07-07T23:47:04.366+0500] {processor.py:161} INFO - Started process (PID=21898) to work on /home/nicolaspc/anaconda3/envs/mlops_env/lib/python3.12/site-packages/airflow/example_dags/example_skip_dag.py
[2024-07-07T23:47:04.367+0500] {processor.py:830} INFO - Processing file /home/nicolaspc/anaconda3/envs/mlops_env/lib/python3.12/site-packages/airflow/example_dags/example_skip_dag.py for tasks to queue
[2024-07-07T23:47:04.367+0500] {logging_mixin.py:188} INFO - [2024-07-07T23:47:04.367+0500] {dagbag.py:545} INFO - Filling up the DagBag from /home/nicolaspc/anaconda3/envs/mlops_env/lib/python3.12/site-packages/airflow/example_dags/example_skip_dag.py
[2024-07-07T23:47:04.373+0500] {processor.py:840} INFO - DAG(s) 'example_skip_dag' retrieved from /home/nicolaspc/anaconda3/envs/mlops_env/lib/python3.12/site-packages/airflow/example_dags/example_skip_dag.py
[2024-07-07T23:47:04.393+0500] {logging_mixin.py:188} INFO - [2024-07-07T23:47:04.392+0500] {dag.py:3096} INFO - Sync 1 DAGs
[2024-07-07T23:47:04.409+0500] {logging_mixin.py:188} INFO - [2024-07-07T23:47:04.408+0500] {dag.py:3954} INFO - Setting next_dagrun for example_skip_dag to 2024-07-06 00:00:00+00:00, run_after=2024-07-07 00:00:00+00:00
[2024-07-07T23:47:04.423+0500] {processor.py:183} INFO - Processing /home/nicolaspc/anaconda3/envs/mlops_env/lib/python3.12/site-packages/airflow/example_dags/example_skip_dag.py took 0.063 seconds
[2024-07-07T23:47:34.875+0500] {processor.py:161} INFO - Started process (PID=22226) to work on /home/nicolaspc/anaconda3/envs/mlops_env/lib/python3.12/site-packages/airflow/example_dags/example_skip_dag.py
[2024-07-07T23:47:34.876+0500] {processor.py:830} INFO - Processing file /home/nicolaspc/anaconda3/envs/mlops_env/lib/python3.12/site-packages/airflow/example_dags/example_skip_dag.py for tasks to queue
[2024-07-07T23:47:34.877+0500] {logging_mixin.py:188} INFO - [2024-07-07T23:47:34.876+0500] {dagbag.py:545} INFO - Filling up the DagBag from /home/nicolaspc/anaconda3/envs/mlops_env/lib/python3.12/site-packages/airflow/example_dags/example_skip_dag.py
[2024-07-07T23:47:34.881+0500] {processor.py:840} INFO - DAG(s) 'example_skip_dag' retrieved from /home/nicolaspc/anaconda3/envs/mlops_env/lib/python3.12/site-packages/airflow/example_dags/example_skip_dag.py
[2024-07-07T23:47:34.902+0500] {logging_mixin.py:188} INFO - [2024-07-07T23:47:34.901+0500] {dag.py:3096} INFO - Sync 1 DAGs
[2024-07-07T23:47:34.917+0500] {logging_mixin.py:188} INFO - [2024-07-07T23:47:34.917+0500] {dag.py:3954} INFO - Setting next_dagrun for example_skip_dag to 2024-07-06 00:00:00+00:00, run_after=2024-07-07 00:00:00+00:00
[2024-07-07T23:47:34.933+0500] {processor.py:183} INFO - Processing /home/nicolaspc/anaconda3/envs/mlops_env/lib/python3.12/site-packages/airflow/example_dags/example_skip_dag.py took 0.064 seconds
[2024-07-07T23:48:05.483+0500] {processor.py:161} INFO - Started process (PID=22551) to work on /home/nicolaspc/anaconda3/envs/mlops_env/lib/python3.12/site-packages/airflow/example_dags/example_skip_dag.py
[2024-07-07T23:48:05.484+0500] {processor.py:830} INFO - Processing file /home/nicolaspc/anaconda3/envs/mlops_env/lib/python3.12/site-packages/airflow/example_dags/example_skip_dag.py for tasks to queue
[2024-07-07T23:48:05.484+0500] {logging_mixin.py:188} INFO - [2024-07-07T23:48:05.484+0500] {dagbag.py:545} INFO - Filling up the DagBag from /home/nicolaspc/anaconda3/envs/mlops_env/lib/python3.12/site-packages/airflow/example_dags/example_skip_dag.py
[2024-07-07T23:48:05.489+0500] {processor.py:840} INFO - DAG(s) 'example_skip_dag' retrieved from /home/nicolaspc/anaconda3/envs/mlops_env/lib/python3.12/site-packages/airflow/example_dags/example_skip_dag.py
[2024-07-07T23:48:05.509+0500] {logging_mixin.py:188} INFO - [2024-07-07T23:48:05.509+0500] {dag.py:3096} INFO - Sync 1 DAGs
[2024-07-07T23:48:05.525+0500] {logging_mixin.py:188} INFO - [2024-07-07T23:48:05.525+0500] {dag.py:3954} INFO - Setting next_dagrun for example_skip_dag to 2024-07-06 00:00:00+00:00, run_after=2024-07-07 00:00:00+00:00
[2024-07-07T23:48:05.540+0500] {processor.py:183} INFO - Processing /home/nicolaspc/anaconda3/envs/mlops_env/lib/python3.12/site-packages/airflow/example_dags/example_skip_dag.py took 0.062 seconds
[2024-07-07T23:48:36.019+0500] {processor.py:161} INFO - Started process (PID=22904) to work on /home/nicolaspc/anaconda3/envs/mlops_env/lib/python3.12/site-packages/airflow/example_dags/example_skip_dag.py
[2024-07-07T23:48:36.020+0500] {processor.py:830} INFO - Processing file /home/nicolaspc/anaconda3/envs/mlops_env/lib/python3.12/site-packages/airflow/example_dags/example_skip_dag.py for tasks to queue
[2024-07-07T23:48:36.020+0500] {logging_mixin.py:188} INFO - [2024-07-07T23:48:36.020+0500] {dagbag.py:545} INFO - Filling up the DagBag from /home/nicolaspc/anaconda3/envs/mlops_env/lib/python3.12/site-packages/airflow/example_dags/example_skip_dag.py
[2024-07-07T23:48:36.024+0500] {processor.py:840} INFO - DAG(s) 'example_skip_dag' retrieved from /home/nicolaspc/anaconda3/envs/mlops_env/lib/python3.12/site-packages/airflow/example_dags/example_skip_dag.py
[2024-07-07T23:48:36.048+0500] {logging_mixin.py:188} INFO - [2024-07-07T23:48:36.048+0500] {dag.py:3096} INFO - Sync 1 DAGs
[2024-07-07T23:48:36.067+0500] {logging_mixin.py:188} INFO - [2024-07-07T23:48:36.066+0500] {dag.py:3954} INFO - Setting next_dagrun for example_skip_dag to 2024-07-06 00:00:00+00:00, run_after=2024-07-07 00:00:00+00:00
[2024-07-07T23:48:36.082+0500] {processor.py:183} INFO - Processing /home/nicolaspc/anaconda3/envs/mlops_env/lib/python3.12/site-packages/airflow/example_dags/example_skip_dag.py took 0.069 seconds
[2024-07-07T23:49:07.282+0500] {processor.py:161} INFO - Started process (PID=23433) to work on /home/nicolaspc/anaconda3/envs/mlops_env/lib/python3.12/site-packages/airflow/example_dags/example_skip_dag.py
[2024-07-07T23:49:07.283+0500] {processor.py:830} INFO - Processing file /home/nicolaspc/anaconda3/envs/mlops_env/lib/python3.12/site-packages/airflow/example_dags/example_skip_dag.py for tasks to queue
[2024-07-07T23:49:07.284+0500] {logging_mixin.py:188} INFO - [2024-07-07T23:49:07.283+0500] {dagbag.py:545} INFO - Filling up the DagBag from /home/nicolaspc/anaconda3/envs/mlops_env/lib/python3.12/site-packages/airflow/example_dags/example_skip_dag.py
[2024-07-07T23:49:07.288+0500] {processor.py:840} INFO - DAG(s) 'example_skip_dag' retrieved from /home/nicolaspc/anaconda3/envs/mlops_env/lib/python3.12/site-packages/airflow/example_dags/example_skip_dag.py
[2024-07-07T23:49:07.359+0500] {logging_mixin.py:188} INFO - [2024-07-07T23:49:07.358+0500] {dag.py:3096} INFO - Sync 1 DAGs
[2024-07-07T23:49:07.373+0500] {logging_mixin.py:188} INFO - [2024-07-07T23:49:07.373+0500] {dag.py:3954} INFO - Setting next_dagrun for example_skip_dag to 2024-07-06 00:00:00+00:00, run_after=2024-07-07 00:00:00+00:00
[2024-07-07T23:49:07.391+0500] {processor.py:183} INFO - Processing /home/nicolaspc/anaconda3/envs/mlops_env/lib/python3.12/site-packages/airflow/example_dags/example_skip_dag.py took 0.115 seconds
[2024-07-07T23:49:37.750+0500] {processor.py:161} INFO - Started process (PID=23789) to work on /home/nicolaspc/anaconda3/envs/mlops_env/lib/python3.12/site-packages/airflow/example_dags/example_skip_dag.py
[2024-07-07T23:49:37.751+0500] {processor.py:830} INFO - Processing file /home/nicolaspc/anaconda3/envs/mlops_env/lib/python3.12/site-packages/airflow/example_dags/example_skip_dag.py for tasks to queue
[2024-07-07T23:49:37.751+0500] {logging_mixin.py:188} INFO - [2024-07-07T23:49:37.751+0500] {dagbag.py:545} INFO - Filling up the DagBag from /home/nicolaspc/anaconda3/envs/mlops_env/lib/python3.12/site-packages/airflow/example_dags/example_skip_dag.py
[2024-07-07T23:49:37.755+0500] {processor.py:840} INFO - DAG(s) 'example_skip_dag' retrieved from /home/nicolaspc/anaconda3/envs/mlops_env/lib/python3.12/site-packages/airflow/example_dags/example_skip_dag.py
[2024-07-07T23:49:37.775+0500] {logging_mixin.py:188} INFO - [2024-07-07T23:49:37.775+0500] {dag.py:3096} INFO - Sync 1 DAGs
[2024-07-07T23:49:37.791+0500] {logging_mixin.py:188} INFO - [2024-07-07T23:49:37.791+0500] {dag.py:3954} INFO - Setting next_dagrun for example_skip_dag to 2024-07-06 00:00:00+00:00, run_after=2024-07-07 00:00:00+00:00
[2024-07-07T23:49:37.807+0500] {processor.py:183} INFO - Processing /home/nicolaspc/anaconda3/envs/mlops_env/lib/python3.12/site-packages/airflow/example_dags/example_skip_dag.py took 0.063 seconds
