[2024-07-07T23:35:19.052+0500] {processor.py:161} INFO - Started process (PID=13396) to work on /home/nicolaspc/anaconda3/envs/mlops_env/lib/python3.12/site-packages/airflow/example_dags/example_short_circuit_operator.py
[2024-07-07T23:35:19.053+0500] {processor.py:830} INFO - Processing file /home/nicolaspc/anaconda3/envs/mlops_env/lib/python3.12/site-packages/airflow/example_dags/example_short_circuit_operator.py for tasks to queue
[2024-07-07T23:35:19.053+0500] {logging_mixin.py:188} INFO - [2024-07-07T23:35:19.053+0500] {dagbag.py:545} INFO - Filling up the DagBag from /home/nicolaspc/anaconda3/envs/mlops_env/lib/python3.12/site-packages/airflow/example_dags/example_short_circuit_operator.py
[2024-07-07T23:35:19.058+0500] {processor.py:840} INFO - DAG(s) 'example_short_circuit_operator' retrieved from /home/nicolaspc/anaconda3/envs/mlops_env/lib/python3.12/site-packages/airflow/example_dags/example_short_circuit_operator.py
[2024-07-07T23:35:19.079+0500] {logging_mixin.py:188} INFO - [2024-07-07T23:35:19.079+0500] {dag.py:3096} INFO - Sync 1 DAGs
[2024-07-07T23:35:19.095+0500] {logging_mixin.py:188} INFO - [2024-07-07T23:35:19.095+0500] {dag.py:3954} INFO - Setting next_dagrun for example_short_circuit_operator to 2024-07-06 00:00:00+00:00, run_after=2024-07-07 00:00:00+00:00
[2024-07-07T23:35:19.111+0500] {processor.py:183} INFO - Processing /home/nicolaspc/anaconda3/envs/mlops_env/lib/python3.12/site-packages/airflow/example_dags/example_short_circuit_operator.py took 0.065 seconds
[2024-07-07T23:35:49.769+0500] {processor.py:161} INFO - Started process (PID=13745) to work on /home/nicolaspc/anaconda3/envs/mlops_env/lib/python3.12/site-packages/airflow/example_dags/example_short_circuit_operator.py
[2024-07-07T23:35:49.770+0500] {processor.py:830} INFO - Processing file /home/nicolaspc/anaconda3/envs/mlops_env/lib/python3.12/site-packages/airflow/example_dags/example_short_circuit_operator.py for tasks to queue
[2024-07-07T23:35:49.770+0500] {logging_mixin.py:188} INFO - [2024-07-07T23:35:49.770+0500] {dagbag.py:545} INFO - Filling up the DagBag from /home/nicolaspc/anaconda3/envs/mlops_env/lib/python3.12/site-packages/airflow/example_dags/example_short_circuit_operator.py
[2024-07-07T23:35:49.775+0500] {processor.py:840} INFO - DAG(s) 'example_short_circuit_operator' retrieved from /home/nicolaspc/anaconda3/envs/mlops_env/lib/python3.12/site-packages/airflow/example_dags/example_short_circuit_operator.py
[2024-07-07T23:35:49.796+0500] {logging_mixin.py:188} INFO - [2024-07-07T23:35:49.795+0500] {dag.py:3096} INFO - Sync 1 DAGs
[2024-07-07T23:35:49.812+0500] {logging_mixin.py:188} INFO - [2024-07-07T23:35:49.812+0500] {dag.py:3954} INFO - Setting next_dagrun for example_short_circuit_operator to 2024-07-06 00:00:00+00:00, run_after=2024-07-07 00:00:00+00:00
[2024-07-07T23:35:49.827+0500] {processor.py:183} INFO - Processing /home/nicolaspc/anaconda3/envs/mlops_env/lib/python3.12/site-packages/airflow/example_dags/example_short_circuit_operator.py took 0.064 seconds
[2024-07-07T23:36:20.479+0500] {processor.py:161} INFO - Started process (PID=14160) to work on /home/nicolaspc/anaconda3/envs/mlops_env/lib/python3.12/site-packages/airflow/example_dags/example_short_circuit_operator.py
[2024-07-07T23:36:20.479+0500] {processor.py:830} INFO - Processing file /home/nicolaspc/anaconda3/envs/mlops_env/lib/python3.12/site-packages/airflow/example_dags/example_short_circuit_operator.py for tasks to queue
[2024-07-07T23:36:20.480+0500] {logging_mixin.py:188} INFO - [2024-07-07T23:36:20.480+0500] {dagbag.py:545} INFO - Filling up the DagBag from /home/nicolaspc/anaconda3/envs/mlops_env/lib/python3.12/site-packages/airflow/example_dags/example_short_circuit_operator.py
[2024-07-07T23:36:20.484+0500] {processor.py:840} INFO - DAG(s) 'example_short_circuit_operator' retrieved from /home/nicolaspc/anaconda3/envs/mlops_env/lib/python3.12/site-packages/airflow/example_dags/example_short_circuit_operator.py
[2024-07-07T23:36:20.506+0500] {logging_mixin.py:188} INFO - [2024-07-07T23:36:20.506+0500] {dag.py:3096} INFO - Sync 1 DAGs
[2024-07-07T23:36:20.522+0500] {logging_mixin.py:188} INFO - [2024-07-07T23:36:20.522+0500] {dag.py:3954} INFO - Setting next_dagrun for example_short_circuit_operator to 2024-07-06 00:00:00+00:00, run_after=2024-07-07 00:00:00+00:00
[2024-07-07T23:36:20.537+0500] {processor.py:183} INFO - Processing /home/nicolaspc/anaconda3/envs/mlops_env/lib/python3.12/site-packages/airflow/example_dags/example_short_circuit_operator.py took 0.064 seconds
[2024-07-07T23:36:29.789+0500] {processor.py:161} INFO - Started process (PID=14364) to work on /home/nicolaspc/anaconda3/envs/mlops_env/lib/python3.12/site-packages/airflow/example_dags/example_short_circuit_operator.py
[2024-07-07T23:36:29.798+0500] {processor.py:830} INFO - Processing file /home/nicolaspc/anaconda3/envs/mlops_env/lib/python3.12/site-packages/airflow/example_dags/example_short_circuit_operator.py for tasks to queue
[2024-07-07T23:36:29.800+0500] {logging_mixin.py:188} INFO - [2024-07-07T23:36:29.800+0500] {dagbag.py:545} INFO - Filling up the DagBag from /home/nicolaspc/anaconda3/envs/mlops_env/lib/python3.12/site-packages/airflow/example_dags/example_short_circuit_operator.py
[2024-07-07T23:36:29.804+0500] {processor.py:840} INFO - DAG(s) 'example_short_circuit_operator' retrieved from /home/nicolaspc/anaconda3/envs/mlops_env/lib/python3.12/site-packages/airflow/example_dags/example_short_circuit_operator.py
[2024-07-07T23:36:29.889+0500] {logging_mixin.py:188} INFO - [2024-07-07T23:36:29.888+0500] {override.py:1829} INFO - Created Permission View: can delete on DAG:example_short_circuit_operator
[2024-07-07T23:36:29.903+0500] {logging_mixin.py:188} INFO - [2024-07-07T23:36:29.902+0500] {override.py:1829} INFO - Created Permission View: can edit on DAG:example_short_circuit_operator
[2024-07-07T23:36:29.915+0500] {logging_mixin.py:188} INFO - [2024-07-07T23:36:29.914+0500] {override.py:1829} INFO - Created Permission View: can read on DAG:example_short_circuit_operator
[2024-07-07T23:36:29.915+0500] {logging_mixin.py:188} INFO - [2024-07-07T23:36:29.915+0500] {dag.py:3096} INFO - Sync 1 DAGs
[2024-07-07T23:36:29.922+0500] {logging_mixin.py:188} INFO - [2024-07-07T23:36:29.922+0500] {dag.py:3118} INFO - Creating ORM DAG for example_short_circuit_operator
[2024-07-07T23:36:29.927+0500] {logging_mixin.py:188} INFO - [2024-07-07T23:36:29.927+0500] {dag.py:3954} INFO - Setting next_dagrun for example_short_circuit_operator to 2024-07-06 00:00:00+00:00, run_after=2024-07-07 00:00:00+00:00
[2024-07-07T23:36:29.949+0500] {processor.py:183} INFO - Processing /home/nicolaspc/anaconda3/envs/mlops_env/lib/python3.12/site-packages/airflow/example_dags/example_short_circuit_operator.py took 0.163 seconds
[2024-07-07T23:36:51.125+0500] {processor.py:161} INFO - Started process (PID=14552) to work on /home/nicolaspc/anaconda3/envs/mlops_env/lib/python3.12/site-packages/airflow/example_dags/example_short_circuit_operator.py
[2024-07-07T23:36:51.126+0500] {processor.py:830} INFO - Processing file /home/nicolaspc/anaconda3/envs/mlops_env/lib/python3.12/site-packages/airflow/example_dags/example_short_circuit_operator.py for tasks to queue
[2024-07-07T23:36:51.126+0500] {logging_mixin.py:188} INFO - [2024-07-07T23:36:51.126+0500] {dagbag.py:545} INFO - Filling up the DagBag from /home/nicolaspc/anaconda3/envs/mlops_env/lib/python3.12/site-packages/airflow/example_dags/example_short_circuit_operator.py
[2024-07-07T23:36:51.131+0500] {processor.py:840} INFO - DAG(s) 'example_short_circuit_operator' retrieved from /home/nicolaspc/anaconda3/envs/mlops_env/lib/python3.12/site-packages/airflow/example_dags/example_short_circuit_operator.py
[2024-07-07T23:36:51.151+0500] {logging_mixin.py:188} INFO - [2024-07-07T23:36:51.151+0500] {dag.py:3096} INFO - Sync 1 DAGs
[2024-07-07T23:36:51.167+0500] {logging_mixin.py:188} INFO - [2024-07-07T23:36:51.167+0500] {dag.py:3954} INFO - Setting next_dagrun for example_short_circuit_operator to 2024-07-06 00:00:00+00:00, run_after=2024-07-07 00:00:00+00:00
[2024-07-07T23:36:51.182+0500] {processor.py:183} INFO - Processing /home/nicolaspc/anaconda3/envs/mlops_env/lib/python3.12/site-packages/airflow/example_dags/example_short_circuit_operator.py took 0.063 seconds
[2024-07-07T23:37:20.628+0500] {processor.py:161} INFO - Started process (PID=14778) to work on /home/nicolaspc/anaconda3/envs/mlops_env/lib/python3.12/site-packages/airflow/example_dags/example_short_circuit_operator.py
[2024-07-07T23:37:20.629+0500] {processor.py:830} INFO - Processing file /home/nicolaspc/anaconda3/envs/mlops_env/lib/python3.12/site-packages/airflow/example_dags/example_short_circuit_operator.py for tasks to queue
[2024-07-07T23:37:20.630+0500] {logging_mixin.py:188} INFO - [2024-07-07T23:37:20.630+0500] {dagbag.py:545} INFO - Filling up the DagBag from /home/nicolaspc/anaconda3/envs/mlops_env/lib/python3.12/site-packages/airflow/example_dags/example_short_circuit_operator.py
[2024-07-07T23:37:20.635+0500] {processor.py:840} INFO - DAG(s) 'example_short_circuit_operator' retrieved from /home/nicolaspc/anaconda3/envs/mlops_env/lib/python3.12/site-packages/airflow/example_dags/example_short_circuit_operator.py
[2024-07-07T23:37:20.647+0500] {logging_mixin.py:188} INFO - [2024-07-07T23:37:20.647+0500] {dag.py:3096} INFO - Sync 1 DAGs
[2024-07-07T23:37:20.660+0500] {logging_mixin.py:188} INFO - [2024-07-07T23:37:20.659+0500] {dag.py:3954} INFO - Setting next_dagrun for example_short_circuit_operator to 2024-07-06 00:00:00+00:00, run_after=2024-07-07 00:00:00+00:00
[2024-07-07T23:37:20.680+0500] {processor.py:183} INFO - Processing /home/nicolaspc/anaconda3/envs/mlops_env/lib/python3.12/site-packages/airflow/example_dags/example_short_circuit_operator.py took 0.055 seconds
[2024-07-07T23:37:21.530+0500] {processor.py:161} INFO - Started process (PID=14907) to work on /home/nicolaspc/anaconda3/envs/mlops_env/lib/python3.12/site-packages/airflow/example_dags/example_short_circuit_operator.py
[2024-07-07T23:37:21.530+0500] {processor.py:830} INFO - Processing file /home/nicolaspc/anaconda3/envs/mlops_env/lib/python3.12/site-packages/airflow/example_dags/example_short_circuit_operator.py for tasks to queue
[2024-07-07T23:37:21.531+0500] {logging_mixin.py:188} INFO - [2024-07-07T23:37:21.531+0500] {dagbag.py:545} INFO - Filling up the DagBag from /home/nicolaspc/anaconda3/envs/mlops_env/lib/python3.12/site-packages/airflow/example_dags/example_short_circuit_operator.py
[2024-07-07T23:37:21.535+0500] {processor.py:840} INFO - DAG(s) 'example_short_circuit_operator' retrieved from /home/nicolaspc/anaconda3/envs/mlops_env/lib/python3.12/site-packages/airflow/example_dags/example_short_circuit_operator.py
[2024-07-07T23:37:21.556+0500] {logging_mixin.py:188} INFO - [2024-07-07T23:37:21.556+0500] {dag.py:3096} INFO - Sync 1 DAGs
[2024-07-07T23:37:21.572+0500] {logging_mixin.py:188} INFO - [2024-07-07T23:37:21.572+0500] {dag.py:3954} INFO - Setting next_dagrun for example_short_circuit_operator to 2024-07-06 00:00:00+00:00, run_after=2024-07-07 00:00:00+00:00
[2024-07-07T23:37:21.587+0500] {processor.py:183} INFO - Processing /home/nicolaspc/anaconda3/envs/mlops_env/lib/python3.12/site-packages/airflow/example_dags/example_short_circuit_operator.py took 0.063 seconds
[2024-07-07T23:37:51.950+0500] {processor.py:161} INFO - Started process (PID=15294) to work on /home/nicolaspc/anaconda3/envs/mlops_env/lib/python3.12/site-packages/airflow/example_dags/example_short_circuit_operator.py
[2024-07-07T23:37:51.950+0500] {processor.py:830} INFO - Processing file /home/nicolaspc/anaconda3/envs/mlops_env/lib/python3.12/site-packages/airflow/example_dags/example_short_circuit_operator.py for tasks to queue
[2024-07-07T23:37:51.951+0500] {logging_mixin.py:188} INFO - [2024-07-07T23:37:51.950+0500] {dagbag.py:545} INFO - Filling up the DagBag from /home/nicolaspc/anaconda3/envs/mlops_env/lib/python3.12/site-packages/airflow/example_dags/example_short_circuit_operator.py
[2024-07-07T23:37:51.957+0500] {processor.py:840} INFO - DAG(s) 'example_short_circuit_operator' retrieved from /home/nicolaspc/anaconda3/envs/mlops_env/lib/python3.12/site-packages/airflow/example_dags/example_short_circuit_operator.py
[2024-07-07T23:37:51.979+0500] {logging_mixin.py:188} INFO - [2024-07-07T23:37:51.979+0500] {dag.py:3096} INFO - Sync 1 DAGs
[2024-07-07T23:37:51.995+0500] {logging_mixin.py:188} INFO - [2024-07-07T23:37:51.995+0500] {dag.py:3954} INFO - Setting next_dagrun for example_short_circuit_operator to 2024-07-06 00:00:00+00:00, run_after=2024-07-07 00:00:00+00:00
[2024-07-07T23:37:52.010+0500] {processor.py:183} INFO - Processing /home/nicolaspc/anaconda3/envs/mlops_env/lib/python3.12/site-packages/airflow/example_dags/example_short_circuit_operator.py took 0.067 seconds
[2024-07-07T23:38:08.265+0500] {processor.py:161} INFO - Started process (PID=15518) to work on /home/nicolaspc/anaconda3/envs/mlops_env/lib/python3.12/site-packages/airflow/example_dags/example_short_circuit_operator.py
[2024-07-07T23:38:08.274+0500] {processor.py:830} INFO - Processing file /home/nicolaspc/anaconda3/envs/mlops_env/lib/python3.12/site-packages/airflow/example_dags/example_short_circuit_operator.py for tasks to queue
[2024-07-07T23:38:08.276+0500] {logging_mixin.py:188} INFO - [2024-07-07T23:38:08.276+0500] {dagbag.py:545} INFO - Filling up the DagBag from /home/nicolaspc/anaconda3/envs/mlops_env/lib/python3.12/site-packages/airflow/example_dags/example_short_circuit_operator.py
[2024-07-07T23:38:08.281+0500] {processor.py:840} INFO - DAG(s) 'example_short_circuit_operator' retrieved from /home/nicolaspc/anaconda3/envs/mlops_env/lib/python3.12/site-packages/airflow/example_dags/example_short_circuit_operator.py
[2024-07-07T23:38:08.292+0500] {logging_mixin.py:188} INFO - [2024-07-07T23:38:08.292+0500] {dag.py:3096} INFO - Sync 1 DAGs
[2024-07-07T23:38:08.304+0500] {logging_mixin.py:188} INFO - [2024-07-07T23:38:08.303+0500] {dag.py:3954} INFO - Setting next_dagrun for example_short_circuit_operator to 2024-07-06 00:00:00+00:00, run_after=2024-07-07 00:00:00+00:00
[2024-07-07T23:38:08.324+0500] {processor.py:183} INFO - Processing /home/nicolaspc/anaconda3/envs/mlops_env/lib/python3.12/site-packages/airflow/example_dags/example_short_circuit_operator.py took 0.063 seconds
[2024-07-07T23:38:22.630+0500] {processor.py:161} INFO - Started process (PID=15685) to work on /home/nicolaspc/anaconda3/envs/mlops_env/lib/python3.12/site-packages/airflow/example_dags/example_short_circuit_operator.py
[2024-07-07T23:38:22.631+0500] {processor.py:830} INFO - Processing file /home/nicolaspc/anaconda3/envs/mlops_env/lib/python3.12/site-packages/airflow/example_dags/example_short_circuit_operator.py for tasks to queue
[2024-07-07T23:38:22.631+0500] {logging_mixin.py:188} INFO - [2024-07-07T23:38:22.631+0500] {dagbag.py:545} INFO - Filling up the DagBag from /home/nicolaspc/anaconda3/envs/mlops_env/lib/python3.12/site-packages/airflow/example_dags/example_short_circuit_operator.py
[2024-07-07T23:38:22.636+0500] {processor.py:840} INFO - DAG(s) 'example_short_circuit_operator' retrieved from /home/nicolaspc/anaconda3/envs/mlops_env/lib/python3.12/site-packages/airflow/example_dags/example_short_circuit_operator.py
[2024-07-07T23:38:22.656+0500] {logging_mixin.py:188} INFO - [2024-07-07T23:38:22.656+0500] {dag.py:3096} INFO - Sync 1 DAGs
[2024-07-07T23:38:22.671+0500] {logging_mixin.py:188} INFO - [2024-07-07T23:38:22.671+0500] {dag.py:3954} INFO - Setting next_dagrun for example_short_circuit_operator to 2024-07-06 00:00:00+00:00, run_after=2024-07-07 00:00:00+00:00
[2024-07-07T23:38:22.685+0500] {processor.py:183} INFO - Processing /home/nicolaspc/anaconda3/envs/mlops_env/lib/python3.12/site-packages/airflow/example_dags/example_short_circuit_operator.py took 0.060 seconds
[2024-07-07T23:38:53.417+0500] {processor.py:161} INFO - Started process (PID=16070) to work on /home/nicolaspc/anaconda3/envs/mlops_env/lib/python3.12/site-packages/airflow/example_dags/example_short_circuit_operator.py
[2024-07-07T23:38:53.418+0500] {processor.py:830} INFO - Processing file /home/nicolaspc/anaconda3/envs/mlops_env/lib/python3.12/site-packages/airflow/example_dags/example_short_circuit_operator.py for tasks to queue
[2024-07-07T23:38:53.418+0500] {logging_mixin.py:188} INFO - [2024-07-07T23:38:53.418+0500] {dagbag.py:545} INFO - Filling up the DagBag from /home/nicolaspc/anaconda3/envs/mlops_env/lib/python3.12/site-packages/airflow/example_dags/example_short_circuit_operator.py
[2024-07-07T23:38:53.423+0500] {processor.py:840} INFO - DAG(s) 'example_short_circuit_operator' retrieved from /home/nicolaspc/anaconda3/envs/mlops_env/lib/python3.12/site-packages/airflow/example_dags/example_short_circuit_operator.py
[2024-07-07T23:38:53.446+0500] {logging_mixin.py:188} INFO - [2024-07-07T23:38:53.445+0500] {dag.py:3096} INFO - Sync 1 DAGs
[2024-07-07T23:38:53.460+0500] {logging_mixin.py:188} INFO - [2024-07-07T23:38:53.460+0500] {dag.py:3954} INFO - Setting next_dagrun for example_short_circuit_operator to 2024-07-06 00:00:00+00:00, run_after=2024-07-07 00:00:00+00:00
[2024-07-07T23:38:53.474+0500] {processor.py:183} INFO - Processing /home/nicolaspc/anaconda3/envs/mlops_env/lib/python3.12/site-packages/airflow/example_dags/example_short_circuit_operator.py took 0.063 seconds
[2024-07-07T23:39:08.587+0500] {processor.py:161} INFO - Started process (PID=16299) to work on /home/nicolaspc/anaconda3/envs/mlops_env/lib/python3.12/site-packages/airflow/example_dags/example_short_circuit_operator.py
[2024-07-07T23:39:08.596+0500] {processor.py:830} INFO - Processing file /home/nicolaspc/anaconda3/envs/mlops_env/lib/python3.12/site-packages/airflow/example_dags/example_short_circuit_operator.py for tasks to queue
[2024-07-07T23:39:08.598+0500] {logging_mixin.py:188} INFO - [2024-07-07T23:39:08.597+0500] {dagbag.py:545} INFO - Filling up the DagBag from /home/nicolaspc/anaconda3/envs/mlops_env/lib/python3.12/site-packages/airflow/example_dags/example_short_circuit_operator.py
[2024-07-07T23:39:08.602+0500] {processor.py:840} INFO - DAG(s) 'example_short_circuit_operator' retrieved from /home/nicolaspc/anaconda3/envs/mlops_env/lib/python3.12/site-packages/airflow/example_dags/example_short_circuit_operator.py
[2024-07-07T23:39:08.614+0500] {logging_mixin.py:188} INFO - [2024-07-07T23:39:08.614+0500] {dag.py:3096} INFO - Sync 1 DAGs
[2024-07-07T23:39:08.626+0500] {logging_mixin.py:188} INFO - [2024-07-07T23:39:08.625+0500] {dag.py:3954} INFO - Setting next_dagrun for example_short_circuit_operator to 2024-07-06 00:00:00+00:00, run_after=2024-07-07 00:00:00+00:00
[2024-07-07T23:39:08.654+0500] {processor.py:183} INFO - Processing /home/nicolaspc/anaconda3/envs/mlops_env/lib/python3.12/site-packages/airflow/example_dags/example_short_circuit_operator.py took 0.071 seconds
[2024-07-07T23:39:24.026+0500] {processor.py:161} INFO - Started process (PID=16468) to work on /home/nicolaspc/anaconda3/envs/mlops_env/lib/python3.12/site-packages/airflow/example_dags/example_short_circuit_operator.py
[2024-07-07T23:39:24.027+0500] {processor.py:830} INFO - Processing file /home/nicolaspc/anaconda3/envs/mlops_env/lib/python3.12/site-packages/airflow/example_dags/example_short_circuit_operator.py for tasks to queue
[2024-07-07T23:39:24.028+0500] {logging_mixin.py:188} INFO - [2024-07-07T23:39:24.027+0500] {dagbag.py:545} INFO - Filling up the DagBag from /home/nicolaspc/anaconda3/envs/mlops_env/lib/python3.12/site-packages/airflow/example_dags/example_short_circuit_operator.py
[2024-07-07T23:39:24.032+0500] {processor.py:840} INFO - DAG(s) 'example_short_circuit_operator' retrieved from /home/nicolaspc/anaconda3/envs/mlops_env/lib/python3.12/site-packages/airflow/example_dags/example_short_circuit_operator.py
[2024-07-07T23:39:24.053+0500] {logging_mixin.py:188} INFO - [2024-07-07T23:39:24.053+0500] {dag.py:3096} INFO - Sync 1 DAGs
[2024-07-07T23:39:24.070+0500] {logging_mixin.py:188} INFO - [2024-07-07T23:39:24.070+0500] {dag.py:3954} INFO - Setting next_dagrun for example_short_circuit_operator to 2024-07-06 00:00:00+00:00, run_after=2024-07-07 00:00:00+00:00
[2024-07-07T23:39:24.085+0500] {processor.py:183} INFO - Processing /home/nicolaspc/anaconda3/envs/mlops_env/lib/python3.12/site-packages/airflow/example_dags/example_short_circuit_operator.py took 0.064 seconds
[2024-07-07T23:39:50.147+0500] {processor.py:161} INFO - Started process (PID=16681) to work on /home/nicolaspc/anaconda3/envs/mlops_env/lib/python3.12/site-packages/airflow/example_dags/example_short_circuit_operator.py
[2024-07-07T23:39:50.156+0500] {processor.py:830} INFO - Processing file /home/nicolaspc/anaconda3/envs/mlops_env/lib/python3.12/site-packages/airflow/example_dags/example_short_circuit_operator.py for tasks to queue
[2024-07-07T23:39:50.158+0500] {logging_mixin.py:188} INFO - [2024-07-07T23:39:50.158+0500] {dagbag.py:545} INFO - Filling up the DagBag from /home/nicolaspc/anaconda3/envs/mlops_env/lib/python3.12/site-packages/airflow/example_dags/example_short_circuit_operator.py
[2024-07-07T23:39:50.163+0500] {processor.py:840} INFO - DAG(s) 'example_short_circuit_operator' retrieved from /home/nicolaspc/anaconda3/envs/mlops_env/lib/python3.12/site-packages/airflow/example_dags/example_short_circuit_operator.py
[2024-07-07T23:39:50.175+0500] {logging_mixin.py:188} INFO - [2024-07-07T23:39:50.175+0500] {dag.py:3096} INFO - Sync 1 DAGs
[2024-07-07T23:39:50.187+0500] {logging_mixin.py:188} INFO - [2024-07-07T23:39:50.187+0500] {dag.py:3954} INFO - Setting next_dagrun for example_short_circuit_operator to 2024-07-06 00:00:00+00:00, run_after=2024-07-07 00:00:00+00:00
[2024-07-07T23:39:50.209+0500] {processor.py:183} INFO - Processing /home/nicolaspc/anaconda3/envs/mlops_env/lib/python3.12/site-packages/airflow/example_dags/example_short_circuit_operator.py took 0.065 seconds
[2024-07-07T23:39:54.680+0500] {processor.py:161} INFO - Started process (PID=16824) to work on /home/nicolaspc/anaconda3/envs/mlops_env/lib/python3.12/site-packages/airflow/example_dags/example_short_circuit_operator.py
[2024-07-07T23:39:54.681+0500] {processor.py:830} INFO - Processing file /home/nicolaspc/anaconda3/envs/mlops_env/lib/python3.12/site-packages/airflow/example_dags/example_short_circuit_operator.py for tasks to queue
[2024-07-07T23:39:54.681+0500] {logging_mixin.py:188} INFO - [2024-07-07T23:39:54.681+0500] {dagbag.py:545} INFO - Filling up the DagBag from /home/nicolaspc/anaconda3/envs/mlops_env/lib/python3.12/site-packages/airflow/example_dags/example_short_circuit_operator.py
[2024-07-07T23:39:54.686+0500] {processor.py:840} INFO - DAG(s) 'example_short_circuit_operator' retrieved from /home/nicolaspc/anaconda3/envs/mlops_env/lib/python3.12/site-packages/airflow/example_dags/example_short_circuit_operator.py
[2024-07-07T23:39:54.709+0500] {logging_mixin.py:188} INFO - [2024-07-07T23:39:54.709+0500] {dag.py:3096} INFO - Sync 1 DAGs
[2024-07-07T23:39:54.726+0500] {logging_mixin.py:188} INFO - [2024-07-07T23:39:54.725+0500] {dag.py:3954} INFO - Setting next_dagrun for example_short_circuit_operator to 2024-07-06 00:00:00+00:00, run_after=2024-07-07 00:00:00+00:00
[2024-07-07T23:39:54.742+0500] {processor.py:183} INFO - Processing /home/nicolaspc/anaconda3/envs/mlops_env/lib/python3.12/site-packages/airflow/example_dags/example_short_circuit_operator.py took 0.067 seconds
[2024-07-07T23:40:25.309+0500] {processor.py:161} INFO - Started process (PID=17253) to work on /home/nicolaspc/anaconda3/envs/mlops_env/lib/python3.12/site-packages/airflow/example_dags/example_short_circuit_operator.py
[2024-07-07T23:40:25.309+0500] {processor.py:830} INFO - Processing file /home/nicolaspc/anaconda3/envs/mlops_env/lib/python3.12/site-packages/airflow/example_dags/example_short_circuit_operator.py for tasks to queue
[2024-07-07T23:40:25.310+0500] {logging_mixin.py:188} INFO - [2024-07-07T23:40:25.310+0500] {dagbag.py:545} INFO - Filling up the DagBag from /home/nicolaspc/anaconda3/envs/mlops_env/lib/python3.12/site-packages/airflow/example_dags/example_short_circuit_operator.py
[2024-07-07T23:40:25.316+0500] {processor.py:840} INFO - DAG(s) 'example_short_circuit_operator' retrieved from /home/nicolaspc/anaconda3/envs/mlops_env/lib/python3.12/site-packages/airflow/example_dags/example_short_circuit_operator.py
[2024-07-07T23:40:25.337+0500] {logging_mixin.py:188} INFO - [2024-07-07T23:40:25.337+0500] {dag.py:3096} INFO - Sync 1 DAGs
[2024-07-07T23:40:25.354+0500] {logging_mixin.py:188} INFO - [2024-07-07T23:40:25.354+0500] {dag.py:3954} INFO - Setting next_dagrun for example_short_circuit_operator to 2024-07-06 00:00:00+00:00, run_after=2024-07-07 00:00:00+00:00
[2024-07-07T23:40:25.370+0500] {processor.py:183} INFO - Processing /home/nicolaspc/anaconda3/envs/mlops_env/lib/python3.12/site-packages/airflow/example_dags/example_short_circuit_operator.py took 0.068 seconds
[2024-07-07T23:40:50.036+0500] {processor.py:161} INFO - Started process (PID=17473) to work on /home/nicolaspc/anaconda3/envs/mlops_env/lib/python3.12/site-packages/airflow/example_dags/example_short_circuit_operator.py
[2024-07-07T23:40:50.045+0500] {processor.py:830} INFO - Processing file /home/nicolaspc/anaconda3/envs/mlops_env/lib/python3.12/site-packages/airflow/example_dags/example_short_circuit_operator.py for tasks to queue
[2024-07-07T23:40:50.047+0500] {logging_mixin.py:188} INFO - [2024-07-07T23:40:50.047+0500] {dagbag.py:545} INFO - Filling up the DagBag from /home/nicolaspc/anaconda3/envs/mlops_env/lib/python3.12/site-packages/airflow/example_dags/example_short_circuit_operator.py
[2024-07-07T23:40:50.053+0500] {processor.py:840} INFO - DAG(s) 'example_short_circuit_operator' retrieved from /home/nicolaspc/anaconda3/envs/mlops_env/lib/python3.12/site-packages/airflow/example_dags/example_short_circuit_operator.py
[2024-07-07T23:40:50.065+0500] {logging_mixin.py:188} INFO - [2024-07-07T23:40:50.064+0500] {dag.py:3096} INFO - Sync 1 DAGs
[2024-07-07T23:40:50.077+0500] {logging_mixin.py:188} INFO - [2024-07-07T23:40:50.076+0500] {dag.py:3954} INFO - Setting next_dagrun for example_short_circuit_operator to 2024-07-06 00:00:00+00:00, run_after=2024-07-07 00:00:00+00:00
[2024-07-07T23:40:50.101+0500] {processor.py:183} INFO - Processing /home/nicolaspc/anaconda3/envs/mlops_env/lib/python3.12/site-packages/airflow/example_dags/example_short_circuit_operator.py took 0.069 seconds
[2024-07-07T23:40:56.090+0500] {processor.py:161} INFO - Started process (PID=17620) to work on /home/nicolaspc/anaconda3/envs/mlops_env/lib/python3.12/site-packages/airflow/example_dags/example_short_circuit_operator.py
[2024-07-07T23:40:56.091+0500] {processor.py:830} INFO - Processing file /home/nicolaspc/anaconda3/envs/mlops_env/lib/python3.12/site-packages/airflow/example_dags/example_short_circuit_operator.py for tasks to queue
[2024-07-07T23:40:56.092+0500] {logging_mixin.py:188} INFO - [2024-07-07T23:40:56.091+0500] {dagbag.py:545} INFO - Filling up the DagBag from /home/nicolaspc/anaconda3/envs/mlops_env/lib/python3.12/site-packages/airflow/example_dags/example_short_circuit_operator.py
[2024-07-07T23:40:56.097+0500] {processor.py:840} INFO - DAG(s) 'example_short_circuit_operator' retrieved from /home/nicolaspc/anaconda3/envs/mlops_env/lib/python3.12/site-packages/airflow/example_dags/example_short_circuit_operator.py
[2024-07-07T23:40:56.120+0500] {logging_mixin.py:188} INFO - [2024-07-07T23:40:56.119+0500] {dag.py:3096} INFO - Sync 1 DAGs
[2024-07-07T23:40:56.138+0500] {logging_mixin.py:188} INFO - [2024-07-07T23:40:56.138+0500] {dag.py:3954} INFO - Setting next_dagrun for example_short_circuit_operator to 2024-07-06 00:00:00+00:00, run_after=2024-07-07 00:00:00+00:00
[2024-07-07T23:40:56.154+0500] {processor.py:183} INFO - Processing /home/nicolaspc/anaconda3/envs/mlops_env/lib/python3.12/site-packages/airflow/example_dags/example_short_circuit_operator.py took 0.070 seconds
[2024-07-07T23:41:26.866+0500] {processor.py:161} INFO - Started process (PID=18033) to work on /home/nicolaspc/anaconda3/envs/mlops_env/lib/python3.12/site-packages/airflow/example_dags/example_short_circuit_operator.py
[2024-07-07T23:41:26.867+0500] {processor.py:830} INFO - Processing file /home/nicolaspc/anaconda3/envs/mlops_env/lib/python3.12/site-packages/airflow/example_dags/example_short_circuit_operator.py for tasks to queue
[2024-07-07T23:41:26.868+0500] {logging_mixin.py:188} INFO - [2024-07-07T23:41:26.868+0500] {dagbag.py:545} INFO - Filling up the DagBag from /home/nicolaspc/anaconda3/envs/mlops_env/lib/python3.12/site-packages/airflow/example_dags/example_short_circuit_operator.py
[2024-07-07T23:41:26.875+0500] {processor.py:840} INFO - DAG(s) 'example_short_circuit_operator' retrieved from /home/nicolaspc/anaconda3/envs/mlops_env/lib/python3.12/site-packages/airflow/example_dags/example_short_circuit_operator.py
[2024-07-07T23:41:26.897+0500] {logging_mixin.py:188} INFO - [2024-07-07T23:41:26.897+0500] {dag.py:3096} INFO - Sync 1 DAGs
[2024-07-07T23:41:26.918+0500] {logging_mixin.py:188} INFO - [2024-07-07T23:41:26.918+0500] {dag.py:3954} INFO - Setting next_dagrun for example_short_circuit_operator to 2024-07-06 00:00:00+00:00, run_after=2024-07-07 00:00:00+00:00
[2024-07-07T23:41:26.937+0500] {processor.py:183} INFO - Processing /home/nicolaspc/anaconda3/envs/mlops_env/lib/python3.12/site-packages/airflow/example_dags/example_short_circuit_operator.py took 0.078 seconds
[2024-07-07T23:41:31.875+0500] {processor.py:161} INFO - Started process (PID=18228) to work on /home/nicolaspc/anaconda3/envs/mlops_env/lib/python3.12/site-packages/airflow/example_dags/example_short_circuit_operator.py
[2024-07-07T23:41:31.883+0500] {processor.py:830} INFO - Processing file /home/nicolaspc/anaconda3/envs/mlops_env/lib/python3.12/site-packages/airflow/example_dags/example_short_circuit_operator.py for tasks to queue
[2024-07-07T23:41:31.884+0500] {logging_mixin.py:188} INFO - [2024-07-07T23:41:31.884+0500] {dagbag.py:545} INFO - Filling up the DagBag from /home/nicolaspc/anaconda3/envs/mlops_env/lib/python3.12/site-packages/airflow/example_dags/example_short_circuit_operator.py
[2024-07-07T23:41:31.889+0500] {processor.py:840} INFO - DAG(s) 'example_short_circuit_operator' retrieved from /home/nicolaspc/anaconda3/envs/mlops_env/lib/python3.12/site-packages/airflow/example_dags/example_short_circuit_operator.py
[2024-07-07T23:41:31.903+0500] {logging_mixin.py:188} INFO - [2024-07-07T23:41:31.903+0500] {dag.py:3096} INFO - Sync 1 DAGs
[2024-07-07T23:41:31.917+0500] {logging_mixin.py:188} INFO - [2024-07-07T23:41:31.917+0500] {dag.py:3954} INFO - Setting next_dagrun for example_short_circuit_operator to 2024-07-06 00:00:00+00:00, run_after=2024-07-07 00:00:00+00:00
[2024-07-07T23:41:31.938+0500] {processor.py:183} INFO - Processing /home/nicolaspc/anaconda3/envs/mlops_env/lib/python3.12/site-packages/airflow/example_dags/example_short_circuit_operator.py took 0.068 seconds
[2024-07-07T23:41:57.871+0500] {processor.py:161} INFO - Started process (PID=18412) to work on /home/nicolaspc/anaconda3/envs/mlops_env/lib/python3.12/site-packages/airflow/example_dags/example_short_circuit_operator.py
[2024-07-07T23:41:57.871+0500] {processor.py:830} INFO - Processing file /home/nicolaspc/anaconda3/envs/mlops_env/lib/python3.12/site-packages/airflow/example_dags/example_short_circuit_operator.py for tasks to queue
[2024-07-07T23:41:57.872+0500] {logging_mixin.py:188} INFO - [2024-07-07T23:41:57.872+0500] {dagbag.py:545} INFO - Filling up the DagBag from /home/nicolaspc/anaconda3/envs/mlops_env/lib/python3.12/site-packages/airflow/example_dags/example_short_circuit_operator.py
[2024-07-07T23:41:57.876+0500] {processor.py:840} INFO - DAG(s) 'example_short_circuit_operator' retrieved from /home/nicolaspc/anaconda3/envs/mlops_env/lib/python3.12/site-packages/airflow/example_dags/example_short_circuit_operator.py
[2024-07-07T23:41:57.900+0500] {logging_mixin.py:188} INFO - [2024-07-07T23:41:57.900+0500] {dag.py:3096} INFO - Sync 1 DAGs
[2024-07-07T23:41:57.918+0500] {logging_mixin.py:188} INFO - [2024-07-07T23:41:57.918+0500] {dag.py:3954} INFO - Setting next_dagrun for example_short_circuit_operator to 2024-07-06 00:00:00+00:00, run_after=2024-07-07 00:00:00+00:00
[2024-07-07T23:41:57.934+0500] {processor.py:183} INFO - Processing /home/nicolaspc/anaconda3/envs/mlops_env/lib/python3.12/site-packages/airflow/example_dags/example_short_circuit_operator.py took 0.071 seconds
[2024-07-07T23:42:28.761+0500] {processor.py:161} INFO - Started process (PID=18823) to work on /home/nicolaspc/anaconda3/envs/mlops_env/lib/python3.12/site-packages/airflow/example_dags/example_short_circuit_operator.py
[2024-07-07T23:42:28.761+0500] {processor.py:830} INFO - Processing file /home/nicolaspc/anaconda3/envs/mlops_env/lib/python3.12/site-packages/airflow/example_dags/example_short_circuit_operator.py for tasks to queue
[2024-07-07T23:42:28.762+0500] {logging_mixin.py:188} INFO - [2024-07-07T23:42:28.761+0500] {dagbag.py:545} INFO - Filling up the DagBag from /home/nicolaspc/anaconda3/envs/mlops_env/lib/python3.12/site-packages/airflow/example_dags/example_short_circuit_operator.py
[2024-07-07T23:42:28.766+0500] {processor.py:840} INFO - DAG(s) 'example_short_circuit_operator' retrieved from /home/nicolaspc/anaconda3/envs/mlops_env/lib/python3.12/site-packages/airflow/example_dags/example_short_circuit_operator.py
[2024-07-07T23:42:28.787+0500] {logging_mixin.py:188} INFO - [2024-07-07T23:42:28.787+0500] {dag.py:3096} INFO - Sync 1 DAGs
[2024-07-07T23:42:28.804+0500] {logging_mixin.py:188} INFO - [2024-07-07T23:42:28.804+0500] {dag.py:3954} INFO - Setting next_dagrun for example_short_circuit_operator to 2024-07-06 00:00:00+00:00, run_after=2024-07-07 00:00:00+00:00
[2024-07-07T23:42:28.819+0500] {processor.py:183} INFO - Processing /home/nicolaspc/anaconda3/envs/mlops_env/lib/python3.12/site-packages/airflow/example_dags/example_short_circuit_operator.py took 0.064 seconds
[2024-07-07T23:42:32.527+0500] {processor.py:161} INFO - Started process (PID=19013) to work on /home/nicolaspc/anaconda3/envs/mlops_env/lib/python3.12/site-packages/airflow/example_dags/example_short_circuit_operator.py
[2024-07-07T23:42:32.527+0500] {processor.py:830} INFO - Processing file /home/nicolaspc/anaconda3/envs/mlops_env/lib/python3.12/site-packages/airflow/example_dags/example_short_circuit_operator.py for tasks to queue
[2024-07-07T23:42:32.529+0500] {logging_mixin.py:188} INFO - [2024-07-07T23:42:32.528+0500] {dagbag.py:545} INFO - Filling up the DagBag from /home/nicolaspc/anaconda3/envs/mlops_env/lib/python3.12/site-packages/airflow/example_dags/example_short_circuit_operator.py
[2024-07-07T23:42:32.534+0500] {processor.py:840} INFO - DAG(s) 'example_short_circuit_operator' retrieved from /home/nicolaspc/anaconda3/envs/mlops_env/lib/python3.12/site-packages/airflow/example_dags/example_short_circuit_operator.py
[2024-07-07T23:42:32.545+0500] {logging_mixin.py:188} INFO - [2024-07-07T23:42:32.545+0500] {dag.py:3096} INFO - Sync 1 DAGs
[2024-07-07T23:42:32.558+0500] {logging_mixin.py:188} INFO - [2024-07-07T23:42:32.557+0500] {dag.py:3954} INFO - Setting next_dagrun for example_short_circuit_operator to 2024-07-06 00:00:00+00:00, run_after=2024-07-07 00:00:00+00:00
[2024-07-07T23:42:32.577+0500] {processor.py:183} INFO - Processing /home/nicolaspc/anaconda3/envs/mlops_env/lib/python3.12/site-packages/airflow/example_dags/example_short_circuit_operator.py took 0.053 seconds
[2024-07-07T23:42:59.644+0500] {processor.py:161} INFO - Started process (PID=19186) to work on /home/nicolaspc/anaconda3/envs/mlops_env/lib/python3.12/site-packages/airflow/example_dags/example_short_circuit_operator.py
[2024-07-07T23:42:59.644+0500] {processor.py:830} INFO - Processing file /home/nicolaspc/anaconda3/envs/mlops_env/lib/python3.12/site-packages/airflow/example_dags/example_short_circuit_operator.py for tasks to queue
[2024-07-07T23:42:59.645+0500] {logging_mixin.py:188} INFO - [2024-07-07T23:42:59.645+0500] {dagbag.py:545} INFO - Filling up the DagBag from /home/nicolaspc/anaconda3/envs/mlops_env/lib/python3.12/site-packages/airflow/example_dags/example_short_circuit_operator.py
[2024-07-07T23:42:59.650+0500] {processor.py:840} INFO - DAG(s) 'example_short_circuit_operator' retrieved from /home/nicolaspc/anaconda3/envs/mlops_env/lib/python3.12/site-packages/airflow/example_dags/example_short_circuit_operator.py
[2024-07-07T23:42:59.673+0500] {logging_mixin.py:188} INFO - [2024-07-07T23:42:59.672+0500] {dag.py:3096} INFO - Sync 1 DAGs
[2024-07-07T23:42:59.688+0500] {logging_mixin.py:188} INFO - [2024-07-07T23:42:59.688+0500] {dag.py:3954} INFO - Setting next_dagrun for example_short_circuit_operator to 2024-07-06 00:00:00+00:00, run_after=2024-07-07 00:00:00+00:00
[2024-07-07T23:42:59.705+0500] {processor.py:183} INFO - Processing /home/nicolaspc/anaconda3/envs/mlops_env/lib/python3.12/site-packages/airflow/example_dags/example_short_circuit_operator.py took 0.068 seconds
[2024-07-07T23:43:30.392+0500] {processor.py:161} INFO - Started process (PID=19515) to work on /home/nicolaspc/anaconda3/envs/mlops_env/lib/python3.12/site-packages/airflow/example_dags/example_short_circuit_operator.py
[2024-07-07T23:43:30.393+0500] {processor.py:830} INFO - Processing file /home/nicolaspc/anaconda3/envs/mlops_env/lib/python3.12/site-packages/airflow/example_dags/example_short_circuit_operator.py for tasks to queue
[2024-07-07T23:43:30.393+0500] {logging_mixin.py:188} INFO - [2024-07-07T23:43:30.393+0500] {dagbag.py:545} INFO - Filling up the DagBag from /home/nicolaspc/anaconda3/envs/mlops_env/lib/python3.12/site-packages/airflow/example_dags/example_short_circuit_operator.py
[2024-07-07T23:43:30.398+0500] {processor.py:840} INFO - DAG(s) 'example_short_circuit_operator' retrieved from /home/nicolaspc/anaconda3/envs/mlops_env/lib/python3.12/site-packages/airflow/example_dags/example_short_circuit_operator.py
[2024-07-07T23:43:30.422+0500] {logging_mixin.py:188} INFO - [2024-07-07T23:43:30.421+0500] {dag.py:3096} INFO - Sync 1 DAGs
[2024-07-07T23:43:30.437+0500] {logging_mixin.py:188} INFO - [2024-07-07T23:43:30.437+0500] {dag.py:3954} INFO - Setting next_dagrun for example_short_circuit_operator to 2024-07-06 00:00:00+00:00, run_after=2024-07-07 00:00:00+00:00
[2024-07-07T23:43:30.453+0500] {processor.py:183} INFO - Processing /home/nicolaspc/anaconda3/envs/mlops_env/lib/python3.12/site-packages/airflow/example_dags/example_short_circuit_operator.py took 0.066 seconds
[2024-07-07T23:44:01.023+0500] {processor.py:161} INFO - Started process (PID=19881) to work on /home/nicolaspc/anaconda3/envs/mlops_env/lib/python3.12/site-packages/airflow/example_dags/example_short_circuit_operator.py
[2024-07-07T23:44:01.023+0500] {processor.py:830} INFO - Processing file /home/nicolaspc/anaconda3/envs/mlops_env/lib/python3.12/site-packages/airflow/example_dags/example_short_circuit_operator.py for tasks to queue
[2024-07-07T23:44:01.024+0500] {logging_mixin.py:188} INFO - [2024-07-07T23:44:01.024+0500] {dagbag.py:545} INFO - Filling up the DagBag from /home/nicolaspc/anaconda3/envs/mlops_env/lib/python3.12/site-packages/airflow/example_dags/example_short_circuit_operator.py
[2024-07-07T23:44:01.029+0500] {processor.py:840} INFO - DAG(s) 'example_short_circuit_operator' retrieved from /home/nicolaspc/anaconda3/envs/mlops_env/lib/python3.12/site-packages/airflow/example_dags/example_short_circuit_operator.py
[2024-07-07T23:44:01.050+0500] {logging_mixin.py:188} INFO - [2024-07-07T23:44:01.050+0500] {dag.py:3096} INFO - Sync 1 DAGs
[2024-07-07T23:44:01.065+0500] {logging_mixin.py:188} INFO - [2024-07-07T23:44:01.065+0500] {dag.py:3954} INFO - Setting next_dagrun for example_short_circuit_operator to 2024-07-06 00:00:00+00:00, run_after=2024-07-07 00:00:00+00:00
[2024-07-07T23:44:01.080+0500] {processor.py:183} INFO - Processing /home/nicolaspc/anaconda3/envs/mlops_env/lib/python3.12/site-packages/airflow/example_dags/example_short_circuit_operator.py took 0.063 seconds
[2024-07-07T23:44:31.515+0500] {processor.py:161} INFO - Started process (PID=20245) to work on /home/nicolaspc/anaconda3/envs/mlops_env/lib/python3.12/site-packages/airflow/example_dags/example_short_circuit_operator.py
[2024-07-07T23:44:31.516+0500] {processor.py:830} INFO - Processing file /home/nicolaspc/anaconda3/envs/mlops_env/lib/python3.12/site-packages/airflow/example_dags/example_short_circuit_operator.py for tasks to queue
[2024-07-07T23:44:31.516+0500] {logging_mixin.py:188} INFO - [2024-07-07T23:44:31.516+0500] {dagbag.py:545} INFO - Filling up the DagBag from /home/nicolaspc/anaconda3/envs/mlops_env/lib/python3.12/site-packages/airflow/example_dags/example_short_circuit_operator.py
[2024-07-07T23:44:31.521+0500] {processor.py:840} INFO - DAG(s) 'example_short_circuit_operator' retrieved from /home/nicolaspc/anaconda3/envs/mlops_env/lib/python3.12/site-packages/airflow/example_dags/example_short_circuit_operator.py
[2024-07-07T23:44:31.543+0500] {logging_mixin.py:188} INFO - [2024-07-07T23:44:31.543+0500] {dag.py:3096} INFO - Sync 1 DAGs
[2024-07-07T23:44:31.559+0500] {logging_mixin.py:188} INFO - [2024-07-07T23:44:31.559+0500] {dag.py:3954} INFO - Setting next_dagrun for example_short_circuit_operator to 2024-07-06 00:00:00+00:00, run_after=2024-07-07 00:00:00+00:00
[2024-07-07T23:44:31.574+0500] {processor.py:183} INFO - Processing /home/nicolaspc/anaconda3/envs/mlops_env/lib/python3.12/site-packages/airflow/example_dags/example_short_circuit_operator.py took 0.065 seconds
[2024-07-07T23:45:02.124+0500] {processor.py:161} INFO - Started process (PID=20611) to work on /home/nicolaspc/anaconda3/envs/mlops_env/lib/python3.12/site-packages/airflow/example_dags/example_short_circuit_operator.py
[2024-07-07T23:45:02.125+0500] {processor.py:830} INFO - Processing file /home/nicolaspc/anaconda3/envs/mlops_env/lib/python3.12/site-packages/airflow/example_dags/example_short_circuit_operator.py for tasks to queue
[2024-07-07T23:45:02.126+0500] {logging_mixin.py:188} INFO - [2024-07-07T23:45:02.125+0500] {dagbag.py:545} INFO - Filling up the DagBag from /home/nicolaspc/anaconda3/envs/mlops_env/lib/python3.12/site-packages/airflow/example_dags/example_short_circuit_operator.py
[2024-07-07T23:45:02.130+0500] {processor.py:840} INFO - DAG(s) 'example_short_circuit_operator' retrieved from /home/nicolaspc/anaconda3/envs/mlops_env/lib/python3.12/site-packages/airflow/example_dags/example_short_circuit_operator.py
[2024-07-07T23:45:02.151+0500] {logging_mixin.py:188} INFO - [2024-07-07T23:45:02.151+0500] {dag.py:3096} INFO - Sync 1 DAGs
[2024-07-07T23:45:02.167+0500] {logging_mixin.py:188} INFO - [2024-07-07T23:45:02.167+0500] {dag.py:3954} INFO - Setting next_dagrun for example_short_circuit_operator to 2024-07-06 00:00:00+00:00, run_after=2024-07-07 00:00:00+00:00
[2024-07-07T23:45:02.182+0500] {processor.py:183} INFO - Processing /home/nicolaspc/anaconda3/envs/mlops_env/lib/python3.12/site-packages/airflow/example_dags/example_short_circuit_operator.py took 0.063 seconds
[2024-07-07T23:45:32.878+0500] {processor.py:161} INFO - Started process (PID=20936) to work on /home/nicolaspc/anaconda3/envs/mlops_env/lib/python3.12/site-packages/airflow/example_dags/example_short_circuit_operator.py
[2024-07-07T23:45:32.879+0500] {processor.py:830} INFO - Processing file /home/nicolaspc/anaconda3/envs/mlops_env/lib/python3.12/site-packages/airflow/example_dags/example_short_circuit_operator.py for tasks to queue
[2024-07-07T23:45:32.880+0500] {logging_mixin.py:188} INFO - [2024-07-07T23:45:32.879+0500] {dagbag.py:545} INFO - Filling up the DagBag from /home/nicolaspc/anaconda3/envs/mlops_env/lib/python3.12/site-packages/airflow/example_dags/example_short_circuit_operator.py
[2024-07-07T23:45:32.884+0500] {processor.py:840} INFO - DAG(s) 'example_short_circuit_operator' retrieved from /home/nicolaspc/anaconda3/envs/mlops_env/lib/python3.12/site-packages/airflow/example_dags/example_short_circuit_operator.py
[2024-07-07T23:45:32.904+0500] {logging_mixin.py:188} INFO - [2024-07-07T23:45:32.904+0500] {dag.py:3096} INFO - Sync 1 DAGs
[2024-07-07T23:45:32.921+0500] {logging_mixin.py:188} INFO - [2024-07-07T23:45:32.921+0500] {dag.py:3954} INFO - Setting next_dagrun for example_short_circuit_operator to 2024-07-06 00:00:00+00:00, run_after=2024-07-07 00:00:00+00:00
[2024-07-07T23:45:32.936+0500] {processor.py:183} INFO - Processing /home/nicolaspc/anaconda3/envs/mlops_env/lib/python3.12/site-packages/airflow/example_dags/example_short_circuit_operator.py took 0.063 seconds
[2024-07-07T23:46:03.556+0500] {processor.py:161} INFO - Started process (PID=21274) to work on /home/nicolaspc/anaconda3/envs/mlops_env/lib/python3.12/site-packages/airflow/example_dags/example_short_circuit_operator.py
[2024-07-07T23:46:03.557+0500] {processor.py:830} INFO - Processing file /home/nicolaspc/anaconda3/envs/mlops_env/lib/python3.12/site-packages/airflow/example_dags/example_short_circuit_operator.py for tasks to queue
[2024-07-07T23:46:03.557+0500] {logging_mixin.py:188} INFO - [2024-07-07T23:46:03.557+0500] {dagbag.py:545} INFO - Filling up the DagBag from /home/nicolaspc/anaconda3/envs/mlops_env/lib/python3.12/site-packages/airflow/example_dags/example_short_circuit_operator.py
[2024-07-07T23:46:03.562+0500] {processor.py:840} INFO - DAG(s) 'example_short_circuit_operator' retrieved from /home/nicolaspc/anaconda3/envs/mlops_env/lib/python3.12/site-packages/airflow/example_dags/example_short_circuit_operator.py
[2024-07-07T23:46:03.584+0500] {logging_mixin.py:188} INFO - [2024-07-07T23:46:03.584+0500] {dag.py:3096} INFO - Sync 1 DAGs
[2024-07-07T23:46:03.601+0500] {logging_mixin.py:188} INFO - [2024-07-07T23:46:03.601+0500] {dag.py:3954} INFO - Setting next_dagrun for example_short_circuit_operator to 2024-07-06 00:00:00+00:00, run_after=2024-07-07 00:00:00+00:00
[2024-07-07T23:46:03.617+0500] {processor.py:183} INFO - Processing /home/nicolaspc/anaconda3/envs/mlops_env/lib/python3.12/site-packages/airflow/example_dags/example_short_circuit_operator.py took 0.067 seconds
[2024-07-07T23:46:34.073+0500] {processor.py:161} INFO - Started process (PID=21640) to work on /home/nicolaspc/anaconda3/envs/mlops_env/lib/python3.12/site-packages/airflow/example_dags/example_short_circuit_operator.py
[2024-07-07T23:46:34.074+0500] {processor.py:830} INFO - Processing file /home/nicolaspc/anaconda3/envs/mlops_env/lib/python3.12/site-packages/airflow/example_dags/example_short_circuit_operator.py for tasks to queue
[2024-07-07T23:46:34.075+0500] {logging_mixin.py:188} INFO - [2024-07-07T23:46:34.074+0500] {dagbag.py:545} INFO - Filling up the DagBag from /home/nicolaspc/anaconda3/envs/mlops_env/lib/python3.12/site-packages/airflow/example_dags/example_short_circuit_operator.py
[2024-07-07T23:46:34.080+0500] {processor.py:840} INFO - DAG(s) 'example_short_circuit_operator' retrieved from /home/nicolaspc/anaconda3/envs/mlops_env/lib/python3.12/site-packages/airflow/example_dags/example_short_circuit_operator.py
[2024-07-07T23:46:34.101+0500] {logging_mixin.py:188} INFO - [2024-07-07T23:46:34.100+0500] {dag.py:3096} INFO - Sync 1 DAGs
[2024-07-07T23:46:34.117+0500] {logging_mixin.py:188} INFO - [2024-07-07T23:46:34.117+0500] {dag.py:3954} INFO - Setting next_dagrun for example_short_circuit_operator to 2024-07-06 00:00:00+00:00, run_after=2024-07-07 00:00:00+00:00
[2024-07-07T23:46:34.133+0500] {processor.py:183} INFO - Processing /home/nicolaspc/anaconda3/envs/mlops_env/lib/python3.12/site-packages/airflow/example_dags/example_short_circuit_operator.py took 0.065 seconds
[2024-07-07T23:47:04.855+0500] {processor.py:161} INFO - Started process (PID=21970) to work on /home/nicolaspc/anaconda3/envs/mlops_env/lib/python3.12/site-packages/airflow/example_dags/example_short_circuit_operator.py
[2024-07-07T23:47:04.856+0500] {processor.py:830} INFO - Processing file /home/nicolaspc/anaconda3/envs/mlops_env/lib/python3.12/site-packages/airflow/example_dags/example_short_circuit_operator.py for tasks to queue
[2024-07-07T23:47:04.856+0500] {logging_mixin.py:188} INFO - [2024-07-07T23:47:04.856+0500] {dagbag.py:545} INFO - Filling up the DagBag from /home/nicolaspc/anaconda3/envs/mlops_env/lib/python3.12/site-packages/airflow/example_dags/example_short_circuit_operator.py
[2024-07-07T23:47:04.861+0500] {processor.py:840} INFO - DAG(s) 'example_short_circuit_operator' retrieved from /home/nicolaspc/anaconda3/envs/mlops_env/lib/python3.12/site-packages/airflow/example_dags/example_short_circuit_operator.py
[2024-07-07T23:47:04.883+0500] {logging_mixin.py:188} INFO - [2024-07-07T23:47:04.882+0500] {dag.py:3096} INFO - Sync 1 DAGs
[2024-07-07T23:47:04.899+0500] {logging_mixin.py:188} INFO - [2024-07-07T23:47:04.898+0500] {dag.py:3954} INFO - Setting next_dagrun for example_short_circuit_operator to 2024-07-06 00:00:00+00:00, run_after=2024-07-07 00:00:00+00:00
[2024-07-07T23:47:04.914+0500] {processor.py:183} INFO - Processing /home/nicolaspc/anaconda3/envs/mlops_env/lib/python3.12/site-packages/airflow/example_dags/example_short_circuit_operator.py took 0.065 seconds
[2024-07-07T23:47:35.382+0500] {processor.py:161} INFO - Started process (PID=22298) to work on /home/nicolaspc/anaconda3/envs/mlops_env/lib/python3.12/site-packages/airflow/example_dags/example_short_circuit_operator.py
[2024-07-07T23:47:35.383+0500] {processor.py:830} INFO - Processing file /home/nicolaspc/anaconda3/envs/mlops_env/lib/python3.12/site-packages/airflow/example_dags/example_short_circuit_operator.py for tasks to queue
[2024-07-07T23:47:35.383+0500] {logging_mixin.py:188} INFO - [2024-07-07T23:47:35.383+0500] {dagbag.py:545} INFO - Filling up the DagBag from /home/nicolaspc/anaconda3/envs/mlops_env/lib/python3.12/site-packages/airflow/example_dags/example_short_circuit_operator.py
[2024-07-07T23:47:35.388+0500] {processor.py:840} INFO - DAG(s) 'example_short_circuit_operator' retrieved from /home/nicolaspc/anaconda3/envs/mlops_env/lib/python3.12/site-packages/airflow/example_dags/example_short_circuit_operator.py
[2024-07-07T23:47:35.410+0500] {logging_mixin.py:188} INFO - [2024-07-07T23:47:35.410+0500] {dag.py:3096} INFO - Sync 1 DAGs
[2024-07-07T23:47:35.428+0500] {logging_mixin.py:188} INFO - [2024-07-07T23:47:35.428+0500] {dag.py:3954} INFO - Setting next_dagrun for example_short_circuit_operator to 2024-07-06 00:00:00+00:00, run_after=2024-07-07 00:00:00+00:00
[2024-07-07T23:47:35.443+0500] {processor.py:183} INFO - Processing /home/nicolaspc/anaconda3/envs/mlops_env/lib/python3.12/site-packages/airflow/example_dags/example_short_circuit_operator.py took 0.068 seconds
[2024-07-07T23:48:05.977+0500] {processor.py:161} INFO - Started process (PID=22623) to work on /home/nicolaspc/anaconda3/envs/mlops_env/lib/python3.12/site-packages/airflow/example_dags/example_short_circuit_operator.py
[2024-07-07T23:48:05.977+0500] {processor.py:830} INFO - Processing file /home/nicolaspc/anaconda3/envs/mlops_env/lib/python3.12/site-packages/airflow/example_dags/example_short_circuit_operator.py for tasks to queue
[2024-07-07T23:48:05.978+0500] {logging_mixin.py:188} INFO - [2024-07-07T23:48:05.978+0500] {dagbag.py:545} INFO - Filling up the DagBag from /home/nicolaspc/anaconda3/envs/mlops_env/lib/python3.12/site-packages/airflow/example_dags/example_short_circuit_operator.py
[2024-07-07T23:48:05.983+0500] {processor.py:840} INFO - DAG(s) 'example_short_circuit_operator' retrieved from /home/nicolaspc/anaconda3/envs/mlops_env/lib/python3.12/site-packages/airflow/example_dags/example_short_circuit_operator.py
[2024-07-07T23:48:06.005+0500] {logging_mixin.py:188} INFO - [2024-07-07T23:48:06.004+0500] {dag.py:3096} INFO - Sync 1 DAGs
[2024-07-07T23:48:06.020+0500] {logging_mixin.py:188} INFO - [2024-07-07T23:48:06.020+0500] {dag.py:3954} INFO - Setting next_dagrun for example_short_circuit_operator to 2024-07-06 00:00:00+00:00, run_after=2024-07-07 00:00:00+00:00
[2024-07-07T23:48:06.036+0500] {processor.py:183} INFO - Processing /home/nicolaspc/anaconda3/envs/mlops_env/lib/python3.12/site-packages/airflow/example_dags/example_short_circuit_operator.py took 0.066 seconds
[2024-07-07T23:48:36.582+0500] {processor.py:161} INFO - Started process (PID=22979) to work on /home/nicolaspc/anaconda3/envs/mlops_env/lib/python3.12/site-packages/airflow/example_dags/example_short_circuit_operator.py
[2024-07-07T23:48:36.583+0500] {processor.py:830} INFO - Processing file /home/nicolaspc/anaconda3/envs/mlops_env/lib/python3.12/site-packages/airflow/example_dags/example_short_circuit_operator.py for tasks to queue
[2024-07-07T23:48:36.583+0500] {logging_mixin.py:188} INFO - [2024-07-07T23:48:36.583+0500] {dagbag.py:545} INFO - Filling up the DagBag from /home/nicolaspc/anaconda3/envs/mlops_env/lib/python3.12/site-packages/airflow/example_dags/example_short_circuit_operator.py
[2024-07-07T23:48:36.588+0500] {processor.py:840} INFO - DAG(s) 'example_short_circuit_operator' retrieved from /home/nicolaspc/anaconda3/envs/mlops_env/lib/python3.12/site-packages/airflow/example_dags/example_short_circuit_operator.py
[2024-07-07T23:48:36.609+0500] {logging_mixin.py:188} INFO - [2024-07-07T23:48:36.609+0500] {dag.py:3096} INFO - Sync 1 DAGs
[2024-07-07T23:48:36.626+0500] {logging_mixin.py:188} INFO - [2024-07-07T23:48:36.626+0500] {dag.py:3954} INFO - Setting next_dagrun for example_short_circuit_operator to 2024-07-06 00:00:00+00:00, run_after=2024-07-07 00:00:00+00:00
[2024-07-07T23:48:36.642+0500] {processor.py:183} INFO - Processing /home/nicolaspc/anaconda3/envs/mlops_env/lib/python3.12/site-packages/airflow/example_dags/example_short_circuit_operator.py took 0.065 seconds
[2024-07-07T23:49:08.128+0500] {processor.py:161} INFO - Started process (PID=23503) to work on /home/nicolaspc/anaconda3/envs/mlops_env/lib/python3.12/site-packages/airflow/example_dags/example_short_circuit_operator.py
[2024-07-07T23:49:08.129+0500] {processor.py:830} INFO - Processing file /home/nicolaspc/anaconda3/envs/mlops_env/lib/python3.12/site-packages/airflow/example_dags/example_short_circuit_operator.py for tasks to queue
[2024-07-07T23:49:08.129+0500] {logging_mixin.py:188} INFO - [2024-07-07T23:49:08.129+0500] {dagbag.py:545} INFO - Filling up the DagBag from /home/nicolaspc/anaconda3/envs/mlops_env/lib/python3.12/site-packages/airflow/example_dags/example_short_circuit_operator.py
[2024-07-07T23:49:08.134+0500] {processor.py:840} INFO - DAG(s) 'example_short_circuit_operator' retrieved from /home/nicolaspc/anaconda3/envs/mlops_env/lib/python3.12/site-packages/airflow/example_dags/example_short_circuit_operator.py
[2024-07-07T23:49:08.212+0500] {logging_mixin.py:188} INFO - [2024-07-07T23:49:08.212+0500] {dag.py:3096} INFO - Sync 1 DAGs
[2024-07-07T23:49:08.227+0500] {logging_mixin.py:188} INFO - [2024-07-07T23:49:08.227+0500] {dag.py:3954} INFO - Setting next_dagrun for example_short_circuit_operator to 2024-07-06 00:00:00+00:00, run_after=2024-07-07 00:00:00+00:00
[2024-07-07T23:49:08.244+0500] {processor.py:183} INFO - Processing /home/nicolaspc/anaconda3/envs/mlops_env/lib/python3.12/site-packages/airflow/example_dags/example_short_circuit_operator.py took 0.121 seconds
[2024-07-07T23:49:38.288+0500] {processor.py:161} INFO - Started process (PID=23869) to work on /home/nicolaspc/anaconda3/envs/mlops_env/lib/python3.12/site-packages/airflow/example_dags/example_short_circuit_operator.py
[2024-07-07T23:49:38.289+0500] {processor.py:830} INFO - Processing file /home/nicolaspc/anaconda3/envs/mlops_env/lib/python3.12/site-packages/airflow/example_dags/example_short_circuit_operator.py for tasks to queue
[2024-07-07T23:49:38.290+0500] {logging_mixin.py:188} INFO - [2024-07-07T23:49:38.289+0500] {dagbag.py:545} INFO - Filling up the DagBag from /home/nicolaspc/anaconda3/envs/mlops_env/lib/python3.12/site-packages/airflow/example_dags/example_short_circuit_operator.py
[2024-07-07T23:49:38.294+0500] {processor.py:840} INFO - DAG(s) 'example_short_circuit_operator' retrieved from /home/nicolaspc/anaconda3/envs/mlops_env/lib/python3.12/site-packages/airflow/example_dags/example_short_circuit_operator.py
[2024-07-07T23:49:38.315+0500] {logging_mixin.py:188} INFO - [2024-07-07T23:49:38.314+0500] {dag.py:3096} INFO - Sync 1 DAGs
[2024-07-07T23:49:38.330+0500] {logging_mixin.py:188} INFO - [2024-07-07T23:49:38.330+0500] {dag.py:3954} INFO - Setting next_dagrun for example_short_circuit_operator to 2024-07-06 00:00:00+00:00, run_after=2024-07-07 00:00:00+00:00
[2024-07-07T23:49:38.345+0500] {processor.py:183} INFO - Processing /home/nicolaspc/anaconda3/envs/mlops_env/lib/python3.12/site-packages/airflow/example_dags/example_short_circuit_operator.py took 0.062 seconds
