[2024-07-07T23:35:18.894+0500] {processor.py:161} INFO - Started process (PID=13372) to work on /home/nicolaspc/anaconda3/envs/mlops_env/lib/python3.12/site-packages/airflow/example_dags/example_python_decorator.py
[2024-07-07T23:35:18.895+0500] {processor.py:830} INFO - Processing file /home/nicolaspc/anaconda3/envs/mlops_env/lib/python3.12/site-packages/airflow/example_dags/example_python_decorator.py for tasks to queue
[2024-07-07T23:35:18.895+0500] {logging_mixin.py:188} INFO - [2024-07-07T23:35:18.895+0500] {dagbag.py:545} INFO - Filling up the DagBag from /home/nicolaspc/anaconda3/envs/mlops_env/lib/python3.12/site-packages/airflow/example_dags/example_python_decorator.py
[2024-07-07T23:35:18.901+0500] {logging_mixin.py:188} INFO - [2024-07-07T23:35:18.901+0500] {example_python_decorator.py:80} WARNING - The virtalenv_python example task requires virtualenv, please install it.
[2024-07-07T23:35:18.901+0500] {processor.py:840} INFO - DAG(s) 'example_python_decorator' retrieved from /home/nicolaspc/anaconda3/envs/mlops_env/lib/python3.12/site-packages/airflow/example_dags/example_python_decorator.py
[2024-07-07T23:35:18.923+0500] {logging_mixin.py:188} INFO - [2024-07-07T23:35:18.922+0500] {dag.py:3096} INFO - Sync 1 DAGs
[2024-07-07T23:35:18.932+0500] {logging_mixin.py:188} INFO - [2024-07-07T23:35:18.932+0500] {dag.py:3954} INFO - Setting next_dagrun for example_python_decorator to None, run_after=None
[2024-07-07T23:35:18.947+0500] {processor.py:183} INFO - Processing /home/nicolaspc/anaconda3/envs/mlops_env/lib/python3.12/site-packages/airflow/example_dags/example_python_decorator.py took 0.058 seconds
[2024-07-07T23:35:49.611+0500] {processor.py:161} INFO - Started process (PID=13721) to work on /home/nicolaspc/anaconda3/envs/mlops_env/lib/python3.12/site-packages/airflow/example_dags/example_python_decorator.py
[2024-07-07T23:35:49.612+0500] {processor.py:830} INFO - Processing file /home/nicolaspc/anaconda3/envs/mlops_env/lib/python3.12/site-packages/airflow/example_dags/example_python_decorator.py for tasks to queue
[2024-07-07T23:35:49.612+0500] {logging_mixin.py:188} INFO - [2024-07-07T23:35:49.612+0500] {dagbag.py:545} INFO - Filling up the DagBag from /home/nicolaspc/anaconda3/envs/mlops_env/lib/python3.12/site-packages/airflow/example_dags/example_python_decorator.py
[2024-07-07T23:35:49.618+0500] {logging_mixin.py:188} INFO - [2024-07-07T23:35:49.618+0500] {example_python_decorator.py:80} WARNING - The virtalenv_python example task requires virtualenv, please install it.
[2024-07-07T23:35:49.618+0500] {processor.py:840} INFO - DAG(s) 'example_python_decorator' retrieved from /home/nicolaspc/anaconda3/envs/mlops_env/lib/python3.12/site-packages/airflow/example_dags/example_python_decorator.py
[2024-07-07T23:35:49.638+0500] {logging_mixin.py:188} INFO - [2024-07-07T23:35:49.638+0500] {dag.py:3096} INFO - Sync 1 DAGs
[2024-07-07T23:35:49.648+0500] {logging_mixin.py:188} INFO - [2024-07-07T23:35:49.648+0500] {dag.py:3954} INFO - Setting next_dagrun for example_python_decorator to None, run_after=None
[2024-07-07T23:35:49.663+0500] {processor.py:183} INFO - Processing /home/nicolaspc/anaconda3/envs/mlops_env/lib/python3.12/site-packages/airflow/example_dags/example_python_decorator.py took 0.057 seconds
[2024-07-07T23:36:20.318+0500] {processor.py:161} INFO - Started process (PID=14136) to work on /home/nicolaspc/anaconda3/envs/mlops_env/lib/python3.12/site-packages/airflow/example_dags/example_python_decorator.py
[2024-07-07T23:36:20.319+0500] {processor.py:830} INFO - Processing file /home/nicolaspc/anaconda3/envs/mlops_env/lib/python3.12/site-packages/airflow/example_dags/example_python_decorator.py for tasks to queue
[2024-07-07T23:36:20.320+0500] {logging_mixin.py:188} INFO - [2024-07-07T23:36:20.319+0500] {dagbag.py:545} INFO - Filling up the DagBag from /home/nicolaspc/anaconda3/envs/mlops_env/lib/python3.12/site-packages/airflow/example_dags/example_python_decorator.py
[2024-07-07T23:36:20.325+0500] {logging_mixin.py:188} INFO - [2024-07-07T23:36:20.325+0500] {example_python_decorator.py:80} WARNING - The virtalenv_python example task requires virtualenv, please install it.
[2024-07-07T23:36:20.325+0500] {processor.py:840} INFO - DAG(s) 'example_python_decorator' retrieved from /home/nicolaspc/anaconda3/envs/mlops_env/lib/python3.12/site-packages/airflow/example_dags/example_python_decorator.py
[2024-07-07T23:36:20.346+0500] {logging_mixin.py:188} INFO - [2024-07-07T23:36:20.346+0500] {dag.py:3096} INFO - Sync 1 DAGs
[2024-07-07T23:36:20.356+0500] {logging_mixin.py:188} INFO - [2024-07-07T23:36:20.355+0500] {dag.py:3954} INFO - Setting next_dagrun for example_python_decorator to None, run_after=None
[2024-07-07T23:36:20.372+0500] {processor.py:183} INFO - Processing /home/nicolaspc/anaconda3/envs/mlops_env/lib/python3.12/site-packages/airflow/example_dags/example_python_decorator.py took 0.059 seconds
[2024-07-07T23:36:24.848+0500] {processor.py:161} INFO - Started process (PID=14360) to work on /home/nicolaspc/anaconda3/envs/mlops_env/lib/python3.12/site-packages/airflow/example_dags/example_python_decorator.py
[2024-07-07T23:36:24.848+0500] {processor.py:830} INFO - Processing file /home/nicolaspc/anaconda3/envs/mlops_env/lib/python3.12/site-packages/airflow/example_dags/example_python_decorator.py for tasks to queue
[2024-07-07T23:36:24.850+0500] {logging_mixin.py:188} INFO - [2024-07-07T23:36:24.849+0500] {dagbag.py:545} INFO - Filling up the DagBag from /home/nicolaspc/anaconda3/envs/mlops_env/lib/python3.12/site-packages/airflow/example_dags/example_python_decorator.py
[2024-07-07T23:36:24.855+0500] {logging_mixin.py:188} INFO - [2024-07-07T23:36:24.854+0500] {example_python_decorator.py:80} WARNING - The virtalenv_python example task requires virtualenv, please install it.
[2024-07-07T23:36:24.856+0500] {processor.py:840} INFO - DAG(s) 'example_python_decorator' retrieved from /home/nicolaspc/anaconda3/envs/mlops_env/lib/python3.12/site-packages/airflow/example_dags/example_python_decorator.py
[2024-07-07T23:36:24.939+0500] {logging_mixin.py:188} INFO - [2024-07-07T23:36:24.938+0500] {override.py:1829} INFO - Created Permission View: can delete on DAG:example_python_decorator
[2024-07-07T23:36:24.952+0500] {logging_mixin.py:188} INFO - [2024-07-07T23:36:24.952+0500] {override.py:1829} INFO - Created Permission View: can edit on DAG:example_python_decorator
[2024-07-07T23:36:24.965+0500] {logging_mixin.py:188} INFO - [2024-07-07T23:36:24.964+0500] {override.py:1829} INFO - Created Permission View: can read on DAG:example_python_decorator
[2024-07-07T23:36:24.965+0500] {logging_mixin.py:188} INFO - [2024-07-07T23:36:24.965+0500] {dag.py:3096} INFO - Sync 1 DAGs
[2024-07-07T23:36:24.973+0500] {logging_mixin.py:188} INFO - [2024-07-07T23:36:24.973+0500] {dag.py:3118} INFO - Creating ORM DAG for example_python_decorator
[2024-07-07T23:36:24.974+0500] {logging_mixin.py:188} INFO - [2024-07-07T23:36:24.974+0500] {dag.py:3954} INFO - Setting next_dagrun for example_python_decorator to None, run_after=None
[2024-07-07T23:36:24.994+0500] {processor.py:183} INFO - Processing /home/nicolaspc/anaconda3/envs/mlops_env/lib/python3.12/site-packages/airflow/example_dags/example_python_decorator.py took 0.150 seconds
[2024-07-07T23:36:50.958+0500] {processor.py:161} INFO - Started process (PID=14528) to work on /home/nicolaspc/anaconda3/envs/mlops_env/lib/python3.12/site-packages/airflow/example_dags/example_python_decorator.py
[2024-07-07T23:36:50.960+0500] {processor.py:830} INFO - Processing file /home/nicolaspc/anaconda3/envs/mlops_env/lib/python3.12/site-packages/airflow/example_dags/example_python_decorator.py for tasks to queue
[2024-07-07T23:36:50.960+0500] {logging_mixin.py:188} INFO - [2024-07-07T23:36:50.960+0500] {dagbag.py:545} INFO - Filling up the DagBag from /home/nicolaspc/anaconda3/envs/mlops_env/lib/python3.12/site-packages/airflow/example_dags/example_python_decorator.py
[2024-07-07T23:36:50.966+0500] {logging_mixin.py:188} INFO - [2024-07-07T23:36:50.966+0500] {example_python_decorator.py:80} WARNING - The virtalenv_python example task requires virtualenv, please install it.
[2024-07-07T23:36:50.966+0500] {processor.py:840} INFO - DAG(s) 'example_python_decorator' retrieved from /home/nicolaspc/anaconda3/envs/mlops_env/lib/python3.12/site-packages/airflow/example_dags/example_python_decorator.py
[2024-07-07T23:36:50.988+0500] {logging_mixin.py:188} INFO - [2024-07-07T23:36:50.988+0500] {dag.py:3096} INFO - Sync 1 DAGs
[2024-07-07T23:36:50.998+0500] {logging_mixin.py:188} INFO - [2024-07-07T23:36:50.998+0500] {dag.py:3954} INFO - Setting next_dagrun for example_python_decorator to None, run_after=None
[2024-07-07T23:36:51.016+0500] {processor.py:183} INFO - Processing /home/nicolaspc/anaconda3/envs/mlops_env/lib/python3.12/site-packages/airflow/example_dags/example_python_decorator.py took 0.064 seconds
[2024-07-07T23:37:16.801+0500] {processor.py:161} INFO - Started process (PID=14766) to work on /home/nicolaspc/anaconda3/envs/mlops_env/lib/python3.12/site-packages/airflow/example_dags/example_python_decorator.py
[2024-07-07T23:37:16.809+0500] {processor.py:830} INFO - Processing file /home/nicolaspc/anaconda3/envs/mlops_env/lib/python3.12/site-packages/airflow/example_dags/example_python_decorator.py for tasks to queue
[2024-07-07T23:37:16.811+0500] {logging_mixin.py:188} INFO - [2024-07-07T23:37:16.811+0500] {dagbag.py:545} INFO - Filling up the DagBag from /home/nicolaspc/anaconda3/envs/mlops_env/lib/python3.12/site-packages/airflow/example_dags/example_python_decorator.py
[2024-07-07T23:37:16.817+0500] {logging_mixin.py:188} INFO - [2024-07-07T23:37:16.816+0500] {example_python_decorator.py:80} WARNING - The virtalenv_python example task requires virtualenv, please install it.
[2024-07-07T23:37:16.817+0500] {processor.py:840} INFO - DAG(s) 'example_python_decorator' retrieved from /home/nicolaspc/anaconda3/envs/mlops_env/lib/python3.12/site-packages/airflow/example_dags/example_python_decorator.py
[2024-07-07T23:37:16.827+0500] {logging_mixin.py:188} INFO - [2024-07-07T23:37:16.827+0500] {dag.py:3096} INFO - Sync 1 DAGs
[2024-07-07T23:37:16.834+0500] {logging_mixin.py:188} INFO - [2024-07-07T23:37:16.834+0500] {dag.py:3954} INFO - Setting next_dagrun for example_python_decorator to None, run_after=None
[2024-07-07T23:37:16.860+0500] {processor.py:183} INFO - Processing /home/nicolaspc/anaconda3/envs/mlops_env/lib/python3.12/site-packages/airflow/example_dags/example_python_decorator.py took 0.063 seconds
[2024-07-07T23:37:21.368+0500] {processor.py:161} INFO - Started process (PID=14883) to work on /home/nicolaspc/anaconda3/envs/mlops_env/lib/python3.12/site-packages/airflow/example_dags/example_python_decorator.py
[2024-07-07T23:37:21.369+0500] {processor.py:830} INFO - Processing file /home/nicolaspc/anaconda3/envs/mlops_env/lib/python3.12/site-packages/airflow/example_dags/example_python_decorator.py for tasks to queue
[2024-07-07T23:37:21.369+0500] {logging_mixin.py:188} INFO - [2024-07-07T23:37:21.369+0500] {dagbag.py:545} INFO - Filling up the DagBag from /home/nicolaspc/anaconda3/envs/mlops_env/lib/python3.12/site-packages/airflow/example_dags/example_python_decorator.py
[2024-07-07T23:37:21.375+0500] {logging_mixin.py:188} INFO - [2024-07-07T23:37:21.375+0500] {example_python_decorator.py:80} WARNING - The virtalenv_python example task requires virtualenv, please install it.
[2024-07-07T23:37:21.375+0500] {processor.py:840} INFO - DAG(s) 'example_python_decorator' retrieved from /home/nicolaspc/anaconda3/envs/mlops_env/lib/python3.12/site-packages/airflow/example_dags/example_python_decorator.py
[2024-07-07T23:37:21.395+0500] {logging_mixin.py:188} INFO - [2024-07-07T23:37:21.395+0500] {dag.py:3096} INFO - Sync 1 DAGs
[2024-07-07T23:37:21.405+0500] {logging_mixin.py:188} INFO - [2024-07-07T23:37:21.405+0500] {dag.py:3954} INFO - Setting next_dagrun for example_python_decorator to None, run_after=None
[2024-07-07T23:37:21.420+0500] {processor.py:183} INFO - Processing /home/nicolaspc/anaconda3/envs/mlops_env/lib/python3.12/site-packages/airflow/example_dags/example_python_decorator.py took 0.057 seconds
[2024-07-07T23:37:51.788+0500] {processor.py:161} INFO - Started process (PID=15269) to work on /home/nicolaspc/anaconda3/envs/mlops_env/lib/python3.12/site-packages/airflow/example_dags/example_python_decorator.py
[2024-07-07T23:37:51.789+0500] {processor.py:830} INFO - Processing file /home/nicolaspc/anaconda3/envs/mlops_env/lib/python3.12/site-packages/airflow/example_dags/example_python_decorator.py for tasks to queue
[2024-07-07T23:37:51.789+0500] {logging_mixin.py:188} INFO - [2024-07-07T23:37:51.789+0500] {dagbag.py:545} INFO - Filling up the DagBag from /home/nicolaspc/anaconda3/envs/mlops_env/lib/python3.12/site-packages/airflow/example_dags/example_python_decorator.py
[2024-07-07T23:37:51.795+0500] {logging_mixin.py:188} INFO - [2024-07-07T23:37:51.795+0500] {example_python_decorator.py:80} WARNING - The virtalenv_python example task requires virtualenv, please install it.
[2024-07-07T23:37:51.796+0500] {processor.py:840} INFO - DAG(s) 'example_python_decorator' retrieved from /home/nicolaspc/anaconda3/envs/mlops_env/lib/python3.12/site-packages/airflow/example_dags/example_python_decorator.py
[2024-07-07T23:37:51.815+0500] {logging_mixin.py:188} INFO - [2024-07-07T23:37:51.815+0500] {dag.py:3096} INFO - Sync 1 DAGs
[2024-07-07T23:37:51.824+0500] {logging_mixin.py:188} INFO - [2024-07-07T23:37:51.824+0500] {dag.py:3954} INFO - Setting next_dagrun for example_python_decorator to None, run_after=None
[2024-07-07T23:37:51.839+0500] {processor.py:183} INFO - Processing /home/nicolaspc/anaconda3/envs/mlops_env/lib/python3.12/site-packages/airflow/example_dags/example_python_decorator.py took 0.057 seconds
[2024-07-07T23:38:04.781+0500] {processor.py:161} INFO - Started process (PID=15514) to work on /home/nicolaspc/anaconda3/envs/mlops_env/lib/python3.12/site-packages/airflow/example_dags/example_python_decorator.py
[2024-07-07T23:38:04.782+0500] {processor.py:830} INFO - Processing file /home/nicolaspc/anaconda3/envs/mlops_env/lib/python3.12/site-packages/airflow/example_dags/example_python_decorator.py for tasks to queue
[2024-07-07T23:38:04.783+0500] {logging_mixin.py:188} INFO - [2024-07-07T23:38:04.783+0500] {dagbag.py:545} INFO - Filling up the DagBag from /home/nicolaspc/anaconda3/envs/mlops_env/lib/python3.12/site-packages/airflow/example_dags/example_python_decorator.py
[2024-07-07T23:38:04.788+0500] {logging_mixin.py:188} INFO - [2024-07-07T23:38:04.788+0500] {example_python_decorator.py:80} WARNING - The virtalenv_python example task requires virtualenv, please install it.
[2024-07-07T23:38:04.788+0500] {processor.py:840} INFO - DAG(s) 'example_python_decorator' retrieved from /home/nicolaspc/anaconda3/envs/mlops_env/lib/python3.12/site-packages/airflow/example_dags/example_python_decorator.py
[2024-07-07T23:38:04.799+0500] {logging_mixin.py:188} INFO - [2024-07-07T23:38:04.799+0500] {dag.py:3096} INFO - Sync 1 DAGs
[2024-07-07T23:38:04.806+0500] {logging_mixin.py:188} INFO - [2024-07-07T23:38:04.806+0500] {dag.py:3954} INFO - Setting next_dagrun for example_python_decorator to None, run_after=None
[2024-07-07T23:38:04.826+0500] {processor.py:183} INFO - Processing /home/nicolaspc/anaconda3/envs/mlops_env/lib/python3.12/site-packages/airflow/example_dags/example_python_decorator.py took 0.049 seconds
[2024-07-07T23:38:22.465+0500] {processor.py:161} INFO - Started process (PID=15661) to work on /home/nicolaspc/anaconda3/envs/mlops_env/lib/python3.12/site-packages/airflow/example_dags/example_python_decorator.py
[2024-07-07T23:38:22.468+0500] {processor.py:830} INFO - Processing file /home/nicolaspc/anaconda3/envs/mlops_env/lib/python3.12/site-packages/airflow/example_dags/example_python_decorator.py for tasks to queue
[2024-07-07T23:38:22.468+0500] {logging_mixin.py:188} INFO - [2024-07-07T23:38:22.468+0500] {dagbag.py:545} INFO - Filling up the DagBag from /home/nicolaspc/anaconda3/envs/mlops_env/lib/python3.12/site-packages/airflow/example_dags/example_python_decorator.py
[2024-07-07T23:38:22.475+0500] {logging_mixin.py:188} INFO - [2024-07-07T23:38:22.474+0500] {example_python_decorator.py:80} WARNING - The virtalenv_python example task requires virtualenv, please install it.
[2024-07-07T23:38:22.475+0500] {processor.py:840} INFO - DAG(s) 'example_python_decorator' retrieved from /home/nicolaspc/anaconda3/envs/mlops_env/lib/python3.12/site-packages/airflow/example_dags/example_python_decorator.py
[2024-07-07T23:38:22.497+0500] {logging_mixin.py:188} INFO - [2024-07-07T23:38:22.497+0500] {dag.py:3096} INFO - Sync 1 DAGs
[2024-07-07T23:38:22.505+0500] {logging_mixin.py:188} INFO - [2024-07-07T23:38:22.505+0500] {dag.py:3954} INFO - Setting next_dagrun for example_python_decorator to None, run_after=None
[2024-07-07T23:38:22.522+0500] {processor.py:183} INFO - Processing /home/nicolaspc/anaconda3/envs/mlops_env/lib/python3.12/site-packages/airflow/example_dags/example_python_decorator.py took 0.063 seconds
[2024-07-07T23:38:47.190+0500] {processor.py:161} INFO - Started process (PID=15927) to work on /home/nicolaspc/anaconda3/envs/mlops_env/lib/python3.12/site-packages/airflow/example_dags/example_python_decorator.py
[2024-07-07T23:38:47.198+0500] {processor.py:830} INFO - Processing file /home/nicolaspc/anaconda3/envs/mlops_env/lib/python3.12/site-packages/airflow/example_dags/example_python_decorator.py for tasks to queue
[2024-07-07T23:38:47.200+0500] {logging_mixin.py:188} INFO - [2024-07-07T23:38:47.199+0500] {dagbag.py:545} INFO - Filling up the DagBag from /home/nicolaspc/anaconda3/envs/mlops_env/lib/python3.12/site-packages/airflow/example_dags/example_python_decorator.py
[2024-07-07T23:38:47.205+0500] {logging_mixin.py:188} INFO - [2024-07-07T23:38:47.205+0500] {example_python_decorator.py:80} WARNING - The virtalenv_python example task requires virtualenv, please install it.
[2024-07-07T23:38:47.206+0500] {processor.py:840} INFO - DAG(s) 'example_python_decorator' retrieved from /home/nicolaspc/anaconda3/envs/mlops_env/lib/python3.12/site-packages/airflow/example_dags/example_python_decorator.py
[2024-07-07T23:38:47.216+0500] {logging_mixin.py:188} INFO - [2024-07-07T23:38:47.216+0500] {dag.py:3096} INFO - Sync 1 DAGs
[2024-07-07T23:38:47.223+0500] {logging_mixin.py:188} INFO - [2024-07-07T23:38:47.223+0500] {dag.py:3954} INFO - Setting next_dagrun for example_python_decorator to None, run_after=None
[2024-07-07T23:38:47.246+0500] {processor.py:183} INFO - Processing /home/nicolaspc/anaconda3/envs/mlops_env/lib/python3.12/site-packages/airflow/example_dags/example_python_decorator.py took 0.060 seconds
[2024-07-07T23:38:53.244+0500] {processor.py:161} INFO - Started process (PID=16046) to work on /home/nicolaspc/anaconda3/envs/mlops_env/lib/python3.12/site-packages/airflow/example_dags/example_python_decorator.py
[2024-07-07T23:38:53.245+0500] {processor.py:830} INFO - Processing file /home/nicolaspc/anaconda3/envs/mlops_env/lib/python3.12/site-packages/airflow/example_dags/example_python_decorator.py for tasks to queue
[2024-07-07T23:38:53.245+0500] {logging_mixin.py:188} INFO - [2024-07-07T23:38:53.245+0500] {dagbag.py:545} INFO - Filling up the DagBag from /home/nicolaspc/anaconda3/envs/mlops_env/lib/python3.12/site-packages/airflow/example_dags/example_python_decorator.py
[2024-07-07T23:38:53.251+0500] {logging_mixin.py:188} INFO - [2024-07-07T23:38:53.251+0500] {example_python_decorator.py:80} WARNING - The virtalenv_python example task requires virtualenv, please install it.
[2024-07-07T23:38:53.252+0500] {processor.py:840} INFO - DAG(s) 'example_python_decorator' retrieved from /home/nicolaspc/anaconda3/envs/mlops_env/lib/python3.12/site-packages/airflow/example_dags/example_python_decorator.py
[2024-07-07T23:38:53.275+0500] {logging_mixin.py:188} INFO - [2024-07-07T23:38:53.274+0500] {dag.py:3096} INFO - Sync 1 DAGs
[2024-07-07T23:38:53.284+0500] {logging_mixin.py:188} INFO - [2024-07-07T23:38:53.284+0500] {dag.py:3954} INFO - Setting next_dagrun for example_python_decorator to None, run_after=None
[2024-07-07T23:38:53.302+0500] {processor.py:183} INFO - Processing /home/nicolaspc/anaconda3/envs/mlops_env/lib/python3.12/site-packages/airflow/example_dags/example_python_decorator.py took 0.064 seconds
[2024-07-07T23:39:23.861+0500] {processor.py:161} INFO - Started process (PID=16444) to work on /home/nicolaspc/anaconda3/envs/mlops_env/lib/python3.12/site-packages/airflow/example_dags/example_python_decorator.py
[2024-07-07T23:39:23.862+0500] {processor.py:830} INFO - Processing file /home/nicolaspc/anaconda3/envs/mlops_env/lib/python3.12/site-packages/airflow/example_dags/example_python_decorator.py for tasks to queue
[2024-07-07T23:39:23.862+0500] {logging_mixin.py:188} INFO - [2024-07-07T23:39:23.862+0500] {dagbag.py:545} INFO - Filling up the DagBag from /home/nicolaspc/anaconda3/envs/mlops_env/lib/python3.12/site-packages/airflow/example_dags/example_python_decorator.py
[2024-07-07T23:39:23.868+0500] {logging_mixin.py:188} INFO - [2024-07-07T23:39:23.868+0500] {example_python_decorator.py:80} WARNING - The virtalenv_python example task requires virtualenv, please install it.
[2024-07-07T23:39:23.868+0500] {processor.py:840} INFO - DAG(s) 'example_python_decorator' retrieved from /home/nicolaspc/anaconda3/envs/mlops_env/lib/python3.12/site-packages/airflow/example_dags/example_python_decorator.py
[2024-07-07T23:39:23.890+0500] {logging_mixin.py:188} INFO - [2024-07-07T23:39:23.890+0500] {dag.py:3096} INFO - Sync 1 DAGs
[2024-07-07T23:39:23.899+0500] {logging_mixin.py:188} INFO - [2024-07-07T23:39:23.899+0500] {dag.py:3954} INFO - Setting next_dagrun for example_python_decorator to None, run_after=None
[2024-07-07T23:39:23.915+0500] {processor.py:183} INFO - Processing /home/nicolaspc/anaconda3/envs/mlops_env/lib/python3.12/site-packages/airflow/example_dags/example_python_decorator.py took 0.061 seconds
[2024-07-07T23:39:28.850+0500] {processor.py:161} INFO - Started process (PID=16659) to work on /home/nicolaspc/anaconda3/envs/mlops_env/lib/python3.12/site-packages/airflow/example_dags/example_python_decorator.py
[2024-07-07T23:39:28.859+0500] {processor.py:830} INFO - Processing file /home/nicolaspc/anaconda3/envs/mlops_env/lib/python3.12/site-packages/airflow/example_dags/example_python_decorator.py for tasks to queue
[2024-07-07T23:39:28.861+0500] {logging_mixin.py:188} INFO - [2024-07-07T23:39:28.861+0500] {dagbag.py:545} INFO - Filling up the DagBag from /home/nicolaspc/anaconda3/envs/mlops_env/lib/python3.12/site-packages/airflow/example_dags/example_python_decorator.py
[2024-07-07T23:39:28.866+0500] {logging_mixin.py:188} INFO - [2024-07-07T23:39:28.866+0500] {example_python_decorator.py:80} WARNING - The virtalenv_python example task requires virtualenv, please install it.
[2024-07-07T23:39:28.866+0500] {processor.py:840} INFO - DAG(s) 'example_python_decorator' retrieved from /home/nicolaspc/anaconda3/envs/mlops_env/lib/python3.12/site-packages/airflow/example_dags/example_python_decorator.py
[2024-07-07T23:39:28.877+0500] {logging_mixin.py:188} INFO - [2024-07-07T23:39:28.877+0500] {dag.py:3096} INFO - Sync 1 DAGs
[2024-07-07T23:39:28.884+0500] {logging_mixin.py:188} INFO - [2024-07-07T23:39:28.884+0500] {dag.py:3954} INFO - Setting next_dagrun for example_python_decorator to None, run_after=None
[2024-07-07T23:39:28.906+0500] {processor.py:183} INFO - Processing /home/nicolaspc/anaconda3/envs/mlops_env/lib/python3.12/site-packages/airflow/example_dags/example_python_decorator.py took 0.060 seconds
[2024-07-07T23:39:54.518+0500] {processor.py:161} INFO - Started process (PID=16800) to work on /home/nicolaspc/anaconda3/envs/mlops_env/lib/python3.12/site-packages/airflow/example_dags/example_python_decorator.py
[2024-07-07T23:39:54.519+0500] {processor.py:830} INFO - Processing file /home/nicolaspc/anaconda3/envs/mlops_env/lib/python3.12/site-packages/airflow/example_dags/example_python_decorator.py for tasks to queue
[2024-07-07T23:39:54.519+0500] {logging_mixin.py:188} INFO - [2024-07-07T23:39:54.519+0500] {dagbag.py:545} INFO - Filling up the DagBag from /home/nicolaspc/anaconda3/envs/mlops_env/lib/python3.12/site-packages/airflow/example_dags/example_python_decorator.py
[2024-07-07T23:39:54.525+0500] {logging_mixin.py:188} INFO - [2024-07-07T23:39:54.525+0500] {example_python_decorator.py:80} WARNING - The virtalenv_python example task requires virtualenv, please install it.
[2024-07-07T23:39:54.526+0500] {processor.py:840} INFO - DAG(s) 'example_python_decorator' retrieved from /home/nicolaspc/anaconda3/envs/mlops_env/lib/python3.12/site-packages/airflow/example_dags/example_python_decorator.py
[2024-07-07T23:39:54.547+0500] {logging_mixin.py:188} INFO - [2024-07-07T23:39:54.547+0500] {dag.py:3096} INFO - Sync 1 DAGs
[2024-07-07T23:39:54.557+0500] {logging_mixin.py:188} INFO - [2024-07-07T23:39:54.557+0500] {dag.py:3954} INFO - Setting next_dagrun for example_python_decorator to None, run_after=None
[2024-07-07T23:39:54.573+0500] {processor.py:183} INFO - Processing /home/nicolaspc/anaconda3/envs/mlops_env/lib/python3.12/site-packages/airflow/example_dags/example_python_decorator.py took 0.060 seconds
[2024-07-07T23:40:08.162+0500] {processor.py:161} INFO - Started process (PID=17068) to work on /home/nicolaspc/anaconda3/envs/mlops_env/lib/python3.12/site-packages/airflow/example_dags/example_python_decorator.py
[2024-07-07T23:40:08.163+0500] {processor.py:830} INFO - Processing file /home/nicolaspc/anaconda3/envs/mlops_env/lib/python3.12/site-packages/airflow/example_dags/example_python_decorator.py for tasks to queue
[2024-07-07T23:40:08.164+0500] {logging_mixin.py:188} INFO - [2024-07-07T23:40:08.164+0500] {dagbag.py:545} INFO - Filling up the DagBag from /home/nicolaspc/anaconda3/envs/mlops_env/lib/python3.12/site-packages/airflow/example_dags/example_python_decorator.py
[2024-07-07T23:40:08.170+0500] {logging_mixin.py:188} INFO - [2024-07-07T23:40:08.169+0500] {example_python_decorator.py:80} WARNING - The virtalenv_python example task requires virtualenv, please install it.
[2024-07-07T23:40:08.170+0500] {processor.py:840} INFO - DAG(s) 'example_python_decorator' retrieved from /home/nicolaspc/anaconda3/envs/mlops_env/lib/python3.12/site-packages/airflow/example_dags/example_python_decorator.py
[2024-07-07T23:40:08.182+0500] {logging_mixin.py:188} INFO - [2024-07-07T23:40:08.182+0500] {dag.py:3096} INFO - Sync 1 DAGs
[2024-07-07T23:40:08.189+0500] {logging_mixin.py:188} INFO - [2024-07-07T23:40:08.189+0500] {dag.py:3954} INFO - Setting next_dagrun for example_python_decorator to None, run_after=None
[2024-07-07T23:40:08.210+0500] {processor.py:183} INFO - Processing /home/nicolaspc/anaconda3/envs/mlops_env/lib/python3.12/site-packages/airflow/example_dags/example_python_decorator.py took 0.051 seconds
[2024-07-07T23:40:25.122+0500] {processor.py:161} INFO - Started process (PID=17229) to work on /home/nicolaspc/anaconda3/envs/mlops_env/lib/python3.12/site-packages/airflow/example_dags/example_python_decorator.py
[2024-07-07T23:40:25.123+0500] {processor.py:830} INFO - Processing file /home/nicolaspc/anaconda3/envs/mlops_env/lib/python3.12/site-packages/airflow/example_dags/example_python_decorator.py for tasks to queue
[2024-07-07T23:40:25.124+0500] {logging_mixin.py:188} INFO - [2024-07-07T23:40:25.123+0500] {dagbag.py:545} INFO - Filling up the DagBag from /home/nicolaspc/anaconda3/envs/mlops_env/lib/python3.12/site-packages/airflow/example_dags/example_python_decorator.py
[2024-07-07T23:40:25.131+0500] {logging_mixin.py:188} INFO - [2024-07-07T23:40:25.130+0500] {example_python_decorator.py:80} WARNING - The virtalenv_python example task requires virtualenv, please install it.
[2024-07-07T23:40:25.131+0500] {processor.py:840} INFO - DAG(s) 'example_python_decorator' retrieved from /home/nicolaspc/anaconda3/envs/mlops_env/lib/python3.12/site-packages/airflow/example_dags/example_python_decorator.py
[2024-07-07T23:40:25.154+0500] {logging_mixin.py:188} INFO - [2024-07-07T23:40:25.154+0500] {dag.py:3096} INFO - Sync 1 DAGs
[2024-07-07T23:40:25.164+0500] {logging_mixin.py:188} INFO - [2024-07-07T23:40:25.164+0500] {dag.py:3954} INFO - Setting next_dagrun for example_python_decorator to None, run_after=None
[2024-07-07T23:40:25.184+0500] {processor.py:183} INFO - Processing /home/nicolaspc/anaconda3/envs/mlops_env/lib/python3.12/site-packages/airflow/example_dags/example_python_decorator.py took 0.067 seconds
[2024-07-07T23:40:48.907+0500] {processor.py:161} INFO - Started process (PID=17472) to work on /home/nicolaspc/anaconda3/envs/mlops_env/lib/python3.12/site-packages/airflow/example_dags/example_python_decorator.py
[2024-07-07T23:40:48.916+0500] {processor.py:830} INFO - Processing file /home/nicolaspc/anaconda3/envs/mlops_env/lib/python3.12/site-packages/airflow/example_dags/example_python_decorator.py for tasks to queue
[2024-07-07T23:40:48.918+0500] {logging_mixin.py:188} INFO - [2024-07-07T23:40:48.917+0500] {dagbag.py:545} INFO - Filling up the DagBag from /home/nicolaspc/anaconda3/envs/mlops_env/lib/python3.12/site-packages/airflow/example_dags/example_python_decorator.py
[2024-07-07T23:40:48.924+0500] {logging_mixin.py:188} INFO - [2024-07-07T23:40:48.924+0500] {example_python_decorator.py:80} WARNING - The virtalenv_python example task requires virtualenv, please install it.
[2024-07-07T23:40:48.924+0500] {processor.py:840} INFO - DAG(s) 'example_python_decorator' retrieved from /home/nicolaspc/anaconda3/envs/mlops_env/lib/python3.12/site-packages/airflow/example_dags/example_python_decorator.py
[2024-07-07T23:40:48.936+0500] {logging_mixin.py:188} INFO - [2024-07-07T23:40:48.936+0500] {dag.py:3096} INFO - Sync 1 DAGs
[2024-07-07T23:40:48.943+0500] {logging_mixin.py:188} INFO - [2024-07-07T23:40:48.943+0500] {dag.py:3954} INFO - Setting next_dagrun for example_python_decorator to None, run_after=None
[2024-07-07T23:40:48.969+0500] {processor.py:183} INFO - Processing /home/nicolaspc/anaconda3/envs/mlops_env/lib/python3.12/site-packages/airflow/example_dags/example_python_decorator.py took 0.066 seconds
[2024-07-07T23:40:55.908+0500] {processor.py:161} INFO - Started process (PID=17596) to work on /home/nicolaspc/anaconda3/envs/mlops_env/lib/python3.12/site-packages/airflow/example_dags/example_python_decorator.py
[2024-07-07T23:40:55.908+0500] {processor.py:830} INFO - Processing file /home/nicolaspc/anaconda3/envs/mlops_env/lib/python3.12/site-packages/airflow/example_dags/example_python_decorator.py for tasks to queue
[2024-07-07T23:40:55.909+0500] {logging_mixin.py:188} INFO - [2024-07-07T23:40:55.909+0500] {dagbag.py:545} INFO - Filling up the DagBag from /home/nicolaspc/anaconda3/envs/mlops_env/lib/python3.12/site-packages/airflow/example_dags/example_python_decorator.py
[2024-07-07T23:40:55.916+0500] {logging_mixin.py:188} INFO - [2024-07-07T23:40:55.916+0500] {example_python_decorator.py:80} WARNING - The virtalenv_python example task requires virtualenv, please install it.
[2024-07-07T23:40:55.916+0500] {processor.py:840} INFO - DAG(s) 'example_python_decorator' retrieved from /home/nicolaspc/anaconda3/envs/mlops_env/lib/python3.12/site-packages/airflow/example_dags/example_python_decorator.py
[2024-07-07T23:40:55.939+0500] {logging_mixin.py:188} INFO - [2024-07-07T23:40:55.939+0500] {dag.py:3096} INFO - Sync 1 DAGs
[2024-07-07T23:40:55.950+0500] {logging_mixin.py:188} INFO - [2024-07-07T23:40:55.950+0500] {dag.py:3954} INFO - Setting next_dagrun for example_python_decorator to None, run_after=None
[2024-07-07T23:40:55.967+0500] {processor.py:183} INFO - Processing /home/nicolaspc/anaconda3/envs/mlops_env/lib/python3.12/site-packages/airflow/example_dags/example_python_decorator.py took 0.066 seconds
[2024-07-07T23:41:26.678+0500] {processor.py:161} INFO - Started process (PID=18009) to work on /home/nicolaspc/anaconda3/envs/mlops_env/lib/python3.12/site-packages/airflow/example_dags/example_python_decorator.py
[2024-07-07T23:41:26.679+0500] {processor.py:830} INFO - Processing file /home/nicolaspc/anaconda3/envs/mlops_env/lib/python3.12/site-packages/airflow/example_dags/example_python_decorator.py for tasks to queue
[2024-07-07T23:41:26.680+0500] {logging_mixin.py:188} INFO - [2024-07-07T23:41:26.679+0500] {dagbag.py:545} INFO - Filling up the DagBag from /home/nicolaspc/anaconda3/envs/mlops_env/lib/python3.12/site-packages/airflow/example_dags/example_python_decorator.py
[2024-07-07T23:41:26.686+0500] {logging_mixin.py:188} INFO - [2024-07-07T23:41:26.686+0500] {example_python_decorator.py:80} WARNING - The virtalenv_python example task requires virtualenv, please install it.
[2024-07-07T23:41:26.686+0500] {processor.py:840} INFO - DAG(s) 'example_python_decorator' retrieved from /home/nicolaspc/anaconda3/envs/mlops_env/lib/python3.12/site-packages/airflow/example_dags/example_python_decorator.py
[2024-07-07T23:41:26.710+0500] {logging_mixin.py:188} INFO - [2024-07-07T23:41:26.710+0500] {dag.py:3096} INFO - Sync 1 DAGs
[2024-07-07T23:41:26.720+0500] {logging_mixin.py:188} INFO - [2024-07-07T23:41:26.720+0500] {dag.py:3954} INFO - Setting next_dagrun for example_python_decorator to None, run_after=None
[2024-07-07T23:41:26.738+0500] {processor.py:183} INFO - Processing /home/nicolaspc/anaconda3/envs/mlops_env/lib/python3.12/site-packages/airflow/example_dags/example_python_decorator.py took 0.066 seconds
[2024-07-07T23:41:30.744+0500] {processor.py:161} INFO - Started process (PID=18226) to work on /home/nicolaspc/anaconda3/envs/mlops_env/lib/python3.12/site-packages/airflow/example_dags/example_python_decorator.py
[2024-07-07T23:41:30.753+0500] {processor.py:830} INFO - Processing file /home/nicolaspc/anaconda3/envs/mlops_env/lib/python3.12/site-packages/airflow/example_dags/example_python_decorator.py for tasks to queue
[2024-07-07T23:41:30.754+0500] {logging_mixin.py:188} INFO - [2024-07-07T23:41:30.754+0500] {dagbag.py:545} INFO - Filling up the DagBag from /home/nicolaspc/anaconda3/envs/mlops_env/lib/python3.12/site-packages/airflow/example_dags/example_python_decorator.py
[2024-07-07T23:41:30.760+0500] {logging_mixin.py:188} INFO - [2024-07-07T23:41:30.760+0500] {example_python_decorator.py:80} WARNING - The virtalenv_python example task requires virtualenv, please install it.
[2024-07-07T23:41:30.761+0500] {processor.py:840} INFO - DAG(s) 'example_python_decorator' retrieved from /home/nicolaspc/anaconda3/envs/mlops_env/lib/python3.12/site-packages/airflow/example_dags/example_python_decorator.py
[2024-07-07T23:41:30.772+0500] {logging_mixin.py:188} INFO - [2024-07-07T23:41:30.772+0500] {dag.py:3096} INFO - Sync 1 DAGs
[2024-07-07T23:41:30.780+0500] {logging_mixin.py:188} INFO - [2024-07-07T23:41:30.780+0500] {dag.py:3954} INFO - Setting next_dagrun for example_python_decorator to None, run_after=None
[2024-07-07T23:41:30.809+0500] {processor.py:183} INFO - Processing /home/nicolaspc/anaconda3/envs/mlops_env/lib/python3.12/site-packages/airflow/example_dags/example_python_decorator.py took 0.069 seconds
[2024-07-07T23:41:57.622+0500] {processor.py:161} INFO - Started process (PID=18385) to work on /home/nicolaspc/anaconda3/envs/mlops_env/lib/python3.12/site-packages/airflow/example_dags/example_python_decorator.py
[2024-07-07T23:41:57.623+0500] {processor.py:830} INFO - Processing file /home/nicolaspc/anaconda3/envs/mlops_env/lib/python3.12/site-packages/airflow/example_dags/example_python_decorator.py for tasks to queue
[2024-07-07T23:41:57.623+0500] {logging_mixin.py:188} INFO - [2024-07-07T23:41:57.623+0500] {dagbag.py:545} INFO - Filling up the DagBag from /home/nicolaspc/anaconda3/envs/mlops_env/lib/python3.12/site-packages/airflow/example_dags/example_python_decorator.py
[2024-07-07T23:41:57.630+0500] {logging_mixin.py:188} INFO - [2024-07-07T23:41:57.629+0500] {example_python_decorator.py:80} WARNING - The virtalenv_python example task requires virtualenv, please install it.
[2024-07-07T23:41:57.630+0500] {processor.py:840} INFO - DAG(s) 'example_python_decorator' retrieved from /home/nicolaspc/anaconda3/envs/mlops_env/lib/python3.12/site-packages/airflow/example_dags/example_python_decorator.py
[2024-07-07T23:41:57.651+0500] {logging_mixin.py:188} INFO - [2024-07-07T23:41:57.651+0500] {dag.py:3096} INFO - Sync 1 DAGs
[2024-07-07T23:41:57.660+0500] {logging_mixin.py:188} INFO - [2024-07-07T23:41:57.660+0500] {dag.py:3954} INFO - Setting next_dagrun for example_python_decorator to None, run_after=None
[2024-07-07T23:41:57.677+0500] {processor.py:183} INFO - Processing /home/nicolaspc/anaconda3/envs/mlops_env/lib/python3.12/site-packages/airflow/example_dags/example_python_decorator.py took 0.062 seconds
[2024-07-07T23:42:28.598+0500] {processor.py:161} INFO - Started process (PID=18799) to work on /home/nicolaspc/anaconda3/envs/mlops_env/lib/python3.12/site-packages/airflow/example_dags/example_python_decorator.py
[2024-07-07T23:42:28.599+0500] {processor.py:830} INFO - Processing file /home/nicolaspc/anaconda3/envs/mlops_env/lib/python3.12/site-packages/airflow/example_dags/example_python_decorator.py for tasks to queue
[2024-07-07T23:42:28.599+0500] {logging_mixin.py:188} INFO - [2024-07-07T23:42:28.599+0500] {dagbag.py:545} INFO - Filling up the DagBag from /home/nicolaspc/anaconda3/envs/mlops_env/lib/python3.12/site-packages/airflow/example_dags/example_python_decorator.py
[2024-07-07T23:42:28.605+0500] {logging_mixin.py:188} INFO - [2024-07-07T23:42:28.605+0500] {example_python_decorator.py:80} WARNING - The virtalenv_python example task requires virtualenv, please install it.
[2024-07-07T23:42:28.605+0500] {processor.py:840} INFO - DAG(s) 'example_python_decorator' retrieved from /home/nicolaspc/anaconda3/envs/mlops_env/lib/python3.12/site-packages/airflow/example_dags/example_python_decorator.py
[2024-07-07T23:42:28.627+0500] {logging_mixin.py:188} INFO - [2024-07-07T23:42:28.627+0500] {dag.py:3096} INFO - Sync 1 DAGs
[2024-07-07T23:42:28.637+0500] {logging_mixin.py:188} INFO - [2024-07-07T23:42:28.637+0500] {dag.py:3954} INFO - Setting next_dagrun for example_python_decorator to None, run_after=None
[2024-07-07T23:42:28.652+0500] {processor.py:183} INFO - Processing /home/nicolaspc/anaconda3/envs/mlops_env/lib/python3.12/site-packages/airflow/example_dags/example_python_decorator.py took 0.059 seconds
[2024-07-07T23:42:29.436+0500] {processor.py:161} INFO - Started process (PID=18908) to work on /home/nicolaspc/anaconda3/envs/mlops_env/lib/python3.12/site-packages/airflow/example_dags/example_python_decorator.py
[2024-07-07T23:42:29.436+0500] {processor.py:830} INFO - Processing file /home/nicolaspc/anaconda3/envs/mlops_env/lib/python3.12/site-packages/airflow/example_dags/example_python_decorator.py for tasks to queue
[2024-07-07T23:42:29.438+0500] {logging_mixin.py:188} INFO - [2024-07-07T23:42:29.438+0500] {dagbag.py:545} INFO - Filling up the DagBag from /home/nicolaspc/anaconda3/envs/mlops_env/lib/python3.12/site-packages/airflow/example_dags/example_python_decorator.py
[2024-07-07T23:42:29.445+0500] {logging_mixin.py:188} INFO - [2024-07-07T23:42:29.445+0500] {example_python_decorator.py:80} WARNING - The virtalenv_python example task requires virtualenv, please install it.
[2024-07-07T23:42:29.446+0500] {processor.py:840} INFO - DAG(s) 'example_python_decorator' retrieved from /home/nicolaspc/anaconda3/envs/mlops_env/lib/python3.12/site-packages/airflow/example_dags/example_python_decorator.py
[2024-07-07T23:42:29.465+0500] {logging_mixin.py:188} INFO - [2024-07-07T23:42:29.465+0500] {dag.py:3096} INFO - Sync 1 DAGs
[2024-07-07T23:42:29.475+0500] {logging_mixin.py:188} INFO - [2024-07-07T23:42:29.475+0500] {dag.py:3954} INFO - Setting next_dagrun for example_python_decorator to None, run_after=None
[2024-07-07T23:42:29.499+0500] {processor.py:183} INFO - Processing /home/nicolaspc/anaconda3/envs/mlops_env/lib/python3.12/site-packages/airflow/example_dags/example_python_decorator.py took 0.069 seconds
[2024-07-07T23:42:59.469+0500] {processor.py:161} INFO - Started process (PID=19162) to work on /home/nicolaspc/anaconda3/envs/mlops_env/lib/python3.12/site-packages/airflow/example_dags/example_python_decorator.py
[2024-07-07T23:42:59.469+0500] {processor.py:830} INFO - Processing file /home/nicolaspc/anaconda3/envs/mlops_env/lib/python3.12/site-packages/airflow/example_dags/example_python_decorator.py for tasks to queue
[2024-07-07T23:42:59.470+0500] {logging_mixin.py:188} INFO - [2024-07-07T23:42:59.469+0500] {dagbag.py:545} INFO - Filling up the DagBag from /home/nicolaspc/anaconda3/envs/mlops_env/lib/python3.12/site-packages/airflow/example_dags/example_python_decorator.py
[2024-07-07T23:42:59.476+0500] {logging_mixin.py:188} INFO - [2024-07-07T23:42:59.476+0500] {example_python_decorator.py:80} WARNING - The virtalenv_python example task requires virtualenv, please install it.
[2024-07-07T23:42:59.476+0500] {processor.py:840} INFO - DAG(s) 'example_python_decorator' retrieved from /home/nicolaspc/anaconda3/envs/mlops_env/lib/python3.12/site-packages/airflow/example_dags/example_python_decorator.py
[2024-07-07T23:42:59.500+0500] {logging_mixin.py:188} INFO - [2024-07-07T23:42:59.500+0500] {dag.py:3096} INFO - Sync 1 DAGs
[2024-07-07T23:42:59.509+0500] {logging_mixin.py:188} INFO - [2024-07-07T23:42:59.509+0500] {dag.py:3954} INFO - Setting next_dagrun for example_python_decorator to None, run_after=None
[2024-07-07T23:42:59.526+0500] {processor.py:183} INFO - Processing /home/nicolaspc/anaconda3/envs/mlops_env/lib/python3.12/site-packages/airflow/example_dags/example_python_decorator.py took 0.063 seconds
[2024-07-07T23:43:30.141+0500] {processor.py:161} INFO - Started process (PID=19488) to work on /home/nicolaspc/anaconda3/envs/mlops_env/lib/python3.12/site-packages/airflow/example_dags/example_python_decorator.py
[2024-07-07T23:43:30.142+0500] {processor.py:830} INFO - Processing file /home/nicolaspc/anaconda3/envs/mlops_env/lib/python3.12/site-packages/airflow/example_dags/example_python_decorator.py for tasks to queue
[2024-07-07T23:43:30.142+0500] {logging_mixin.py:188} INFO - [2024-07-07T23:43:30.142+0500] {dagbag.py:545} INFO - Filling up the DagBag from /home/nicolaspc/anaconda3/envs/mlops_env/lib/python3.12/site-packages/airflow/example_dags/example_python_decorator.py
[2024-07-07T23:43:30.148+0500] {logging_mixin.py:188} INFO - [2024-07-07T23:43:30.148+0500] {example_python_decorator.py:80} WARNING - The virtalenv_python example task requires virtualenv, please install it.
[2024-07-07T23:43:30.148+0500] {processor.py:840} INFO - DAG(s) 'example_python_decorator' retrieved from /home/nicolaspc/anaconda3/envs/mlops_env/lib/python3.12/site-packages/airflow/example_dags/example_python_decorator.py
[2024-07-07T23:43:30.169+0500] {logging_mixin.py:188} INFO - [2024-07-07T23:43:30.169+0500] {dag.py:3096} INFO - Sync 1 DAGs
[2024-07-07T23:43:30.178+0500] {logging_mixin.py:188} INFO - [2024-07-07T23:43:30.178+0500] {dag.py:3954} INFO - Setting next_dagrun for example_python_decorator to None, run_after=None
[2024-07-07T23:43:30.193+0500] {processor.py:183} INFO - Processing /home/nicolaspc/anaconda3/envs/mlops_env/lib/python3.12/site-packages/airflow/example_dags/example_python_decorator.py took 0.057 seconds
[2024-07-07T23:44:00.859+0500] {processor.py:161} INFO - Started process (PID=19857) to work on /home/nicolaspc/anaconda3/envs/mlops_env/lib/python3.12/site-packages/airflow/example_dags/example_python_decorator.py
[2024-07-07T23:44:00.860+0500] {processor.py:830} INFO - Processing file /home/nicolaspc/anaconda3/envs/mlops_env/lib/python3.12/site-packages/airflow/example_dags/example_python_decorator.py for tasks to queue
[2024-07-07T23:44:00.861+0500] {logging_mixin.py:188} INFO - [2024-07-07T23:44:00.860+0500] {dagbag.py:545} INFO - Filling up the DagBag from /home/nicolaspc/anaconda3/envs/mlops_env/lib/python3.12/site-packages/airflow/example_dags/example_python_decorator.py
[2024-07-07T23:44:00.866+0500] {logging_mixin.py:188} INFO - [2024-07-07T23:44:00.866+0500] {example_python_decorator.py:80} WARNING - The virtalenv_python example task requires virtualenv, please install it.
[2024-07-07T23:44:00.867+0500] {processor.py:840} INFO - DAG(s) 'example_python_decorator' retrieved from /home/nicolaspc/anaconda3/envs/mlops_env/lib/python3.12/site-packages/airflow/example_dags/example_python_decorator.py
[2024-07-07T23:44:00.887+0500] {logging_mixin.py:188} INFO - [2024-07-07T23:44:00.887+0500] {dag.py:3096} INFO - Sync 1 DAGs
[2024-07-07T23:44:00.896+0500] {logging_mixin.py:188} INFO - [2024-07-07T23:44:00.896+0500] {dag.py:3954} INFO - Setting next_dagrun for example_python_decorator to None, run_after=None
[2024-07-07T23:44:00.912+0500] {processor.py:183} INFO - Processing /home/nicolaspc/anaconda3/envs/mlops_env/lib/python3.12/site-packages/airflow/example_dags/example_python_decorator.py took 0.059 seconds
[2024-07-07T23:44:31.350+0500] {processor.py:161} INFO - Started process (PID=20221) to work on /home/nicolaspc/anaconda3/envs/mlops_env/lib/python3.12/site-packages/airflow/example_dags/example_python_decorator.py
[2024-07-07T23:44:31.351+0500] {processor.py:830} INFO - Processing file /home/nicolaspc/anaconda3/envs/mlops_env/lib/python3.12/site-packages/airflow/example_dags/example_python_decorator.py for tasks to queue
[2024-07-07T23:44:31.351+0500] {logging_mixin.py:188} INFO - [2024-07-07T23:44:31.351+0500] {dagbag.py:545} INFO - Filling up the DagBag from /home/nicolaspc/anaconda3/envs/mlops_env/lib/python3.12/site-packages/airflow/example_dags/example_python_decorator.py
[2024-07-07T23:44:31.357+0500] {logging_mixin.py:188} INFO - [2024-07-07T23:44:31.357+0500] {example_python_decorator.py:80} WARNING - The virtalenv_python example task requires virtualenv, please install it.
[2024-07-07T23:44:31.357+0500] {processor.py:840} INFO - DAG(s) 'example_python_decorator' retrieved from /home/nicolaspc/anaconda3/envs/mlops_env/lib/python3.12/site-packages/airflow/example_dags/example_python_decorator.py
[2024-07-07T23:44:31.381+0500] {logging_mixin.py:188} INFO - [2024-07-07T23:44:31.381+0500] {dag.py:3096} INFO - Sync 1 DAGs
[2024-07-07T23:44:31.391+0500] {logging_mixin.py:188} INFO - [2024-07-07T23:44:31.391+0500] {dag.py:3954} INFO - Setting next_dagrun for example_python_decorator to None, run_after=None
[2024-07-07T23:44:31.408+0500] {processor.py:183} INFO - Processing /home/nicolaspc/anaconda3/envs/mlops_env/lib/python3.12/site-packages/airflow/example_dags/example_python_decorator.py took 0.064 seconds
[2024-07-07T23:45:01.962+0500] {processor.py:161} INFO - Started process (PID=20587) to work on /home/nicolaspc/anaconda3/envs/mlops_env/lib/python3.12/site-packages/airflow/example_dags/example_python_decorator.py
[2024-07-07T23:45:01.963+0500] {processor.py:830} INFO - Processing file /home/nicolaspc/anaconda3/envs/mlops_env/lib/python3.12/site-packages/airflow/example_dags/example_python_decorator.py for tasks to queue
[2024-07-07T23:45:01.963+0500] {logging_mixin.py:188} INFO - [2024-07-07T23:45:01.963+0500] {dagbag.py:545} INFO - Filling up the DagBag from /home/nicolaspc/anaconda3/envs/mlops_env/lib/python3.12/site-packages/airflow/example_dags/example_python_decorator.py
[2024-07-07T23:45:01.970+0500] {logging_mixin.py:188} INFO - [2024-07-07T23:45:01.969+0500] {example_python_decorator.py:80} WARNING - The virtalenv_python example task requires virtualenv, please install it.
[2024-07-07T23:45:01.970+0500] {processor.py:840} INFO - DAG(s) 'example_python_decorator' retrieved from /home/nicolaspc/anaconda3/envs/mlops_env/lib/python3.12/site-packages/airflow/example_dags/example_python_decorator.py
[2024-07-07T23:45:01.990+0500] {logging_mixin.py:188} INFO - [2024-07-07T23:45:01.990+0500] {dag.py:3096} INFO - Sync 1 DAGs
[2024-07-07T23:45:01.999+0500] {logging_mixin.py:188} INFO - [2024-07-07T23:45:01.999+0500] {dag.py:3954} INFO - Setting next_dagrun for example_python_decorator to None, run_after=None
[2024-07-07T23:45:02.016+0500] {processor.py:183} INFO - Processing /home/nicolaspc/anaconda3/envs/mlops_env/lib/python3.12/site-packages/airflow/example_dags/example_python_decorator.py took 0.060 seconds
[2024-07-07T23:45:32.715+0500] {processor.py:161} INFO - Started process (PID=20912) to work on /home/nicolaspc/anaconda3/envs/mlops_env/lib/python3.12/site-packages/airflow/example_dags/example_python_decorator.py
[2024-07-07T23:45:32.715+0500] {processor.py:830} INFO - Processing file /home/nicolaspc/anaconda3/envs/mlops_env/lib/python3.12/site-packages/airflow/example_dags/example_python_decorator.py for tasks to queue
[2024-07-07T23:45:32.716+0500] {logging_mixin.py:188} INFO - [2024-07-07T23:45:32.716+0500] {dagbag.py:545} INFO - Filling up the DagBag from /home/nicolaspc/anaconda3/envs/mlops_env/lib/python3.12/site-packages/airflow/example_dags/example_python_decorator.py
[2024-07-07T23:45:32.722+0500] {logging_mixin.py:188} INFO - [2024-07-07T23:45:32.722+0500] {example_python_decorator.py:80} WARNING - The virtalenv_python example task requires virtualenv, please install it.
[2024-07-07T23:45:32.723+0500] {processor.py:840} INFO - DAG(s) 'example_python_decorator' retrieved from /home/nicolaspc/anaconda3/envs/mlops_env/lib/python3.12/site-packages/airflow/example_dags/example_python_decorator.py
[2024-07-07T23:45:32.744+0500] {logging_mixin.py:188} INFO - [2024-07-07T23:45:32.744+0500] {dag.py:3096} INFO - Sync 1 DAGs
[2024-07-07T23:45:32.753+0500] {logging_mixin.py:188} INFO - [2024-07-07T23:45:32.753+0500] {dag.py:3954} INFO - Setting next_dagrun for example_python_decorator to None, run_after=None
[2024-07-07T23:45:32.770+0500] {processor.py:183} INFO - Processing /home/nicolaspc/anaconda3/envs/mlops_env/lib/python3.12/site-packages/airflow/example_dags/example_python_decorator.py took 0.061 seconds
[2024-07-07T23:46:03.364+0500] {processor.py:161} INFO - Started process (PID=21252) to work on /home/nicolaspc/anaconda3/envs/mlops_env/lib/python3.12/site-packages/airflow/example_dags/example_python_decorator.py
[2024-07-07T23:46:03.365+0500] {processor.py:830} INFO - Processing file /home/nicolaspc/anaconda3/envs/mlops_env/lib/python3.12/site-packages/airflow/example_dags/example_python_decorator.py for tasks to queue
[2024-07-07T23:46:03.365+0500] {logging_mixin.py:188} INFO - [2024-07-07T23:46:03.365+0500] {dagbag.py:545} INFO - Filling up the DagBag from /home/nicolaspc/anaconda3/envs/mlops_env/lib/python3.12/site-packages/airflow/example_dags/example_python_decorator.py
[2024-07-07T23:46:03.371+0500] {logging_mixin.py:188} INFO - [2024-07-07T23:46:03.371+0500] {example_python_decorator.py:80} WARNING - The virtalenv_python example task requires virtualenv, please install it.
[2024-07-07T23:46:03.372+0500] {processor.py:840} INFO - DAG(s) 'example_python_decorator' retrieved from /home/nicolaspc/anaconda3/envs/mlops_env/lib/python3.12/site-packages/airflow/example_dags/example_python_decorator.py
[2024-07-07T23:46:03.395+0500] {logging_mixin.py:188} INFO - [2024-07-07T23:46:03.395+0500] {dag.py:3096} INFO - Sync 1 DAGs
[2024-07-07T23:46:03.404+0500] {logging_mixin.py:188} INFO - [2024-07-07T23:46:03.404+0500] {dag.py:3954} INFO - Setting next_dagrun for example_python_decorator to None, run_after=None
[2024-07-07T23:46:03.423+0500] {processor.py:183} INFO - Processing /home/nicolaspc/anaconda3/envs/mlops_env/lib/python3.12/site-packages/airflow/example_dags/example_python_decorator.py took 0.064 seconds
[2024-07-07T23:46:33.892+0500] {processor.py:161} INFO - Started process (PID=21616) to work on /home/nicolaspc/anaconda3/envs/mlops_env/lib/python3.12/site-packages/airflow/example_dags/example_python_decorator.py
[2024-07-07T23:46:33.893+0500] {processor.py:830} INFO - Processing file /home/nicolaspc/anaconda3/envs/mlops_env/lib/python3.12/site-packages/airflow/example_dags/example_python_decorator.py for tasks to queue
[2024-07-07T23:46:33.893+0500] {logging_mixin.py:188} INFO - [2024-07-07T23:46:33.893+0500] {dagbag.py:545} INFO - Filling up the DagBag from /home/nicolaspc/anaconda3/envs/mlops_env/lib/python3.12/site-packages/airflow/example_dags/example_python_decorator.py
[2024-07-07T23:46:33.899+0500] {logging_mixin.py:188} INFO - [2024-07-07T23:46:33.899+0500] {example_python_decorator.py:80} WARNING - The virtalenv_python example task requires virtualenv, please install it.
[2024-07-07T23:46:33.900+0500] {processor.py:840} INFO - DAG(s) 'example_python_decorator' retrieved from /home/nicolaspc/anaconda3/envs/mlops_env/lib/python3.12/site-packages/airflow/example_dags/example_python_decorator.py
[2024-07-07T23:46:33.922+0500] {logging_mixin.py:188} INFO - [2024-07-07T23:46:33.922+0500] {dag.py:3096} INFO - Sync 1 DAGs
[2024-07-07T23:46:33.932+0500] {logging_mixin.py:188} INFO - [2024-07-07T23:46:33.932+0500] {dag.py:3954} INFO - Setting next_dagrun for example_python_decorator to None, run_after=None
[2024-07-07T23:46:33.950+0500] {processor.py:183} INFO - Processing /home/nicolaspc/anaconda3/envs/mlops_env/lib/python3.12/site-packages/airflow/example_dags/example_python_decorator.py took 0.065 seconds
[2024-07-07T23:47:04.698+0500] {processor.py:161} INFO - Started process (PID=21946) to work on /home/nicolaspc/anaconda3/envs/mlops_env/lib/python3.12/site-packages/airflow/example_dags/example_python_decorator.py
[2024-07-07T23:47:04.698+0500] {processor.py:830} INFO - Processing file /home/nicolaspc/anaconda3/envs/mlops_env/lib/python3.12/site-packages/airflow/example_dags/example_python_decorator.py for tasks to queue
[2024-07-07T23:47:04.699+0500] {logging_mixin.py:188} INFO - [2024-07-07T23:47:04.699+0500] {dagbag.py:545} INFO - Filling up the DagBag from /home/nicolaspc/anaconda3/envs/mlops_env/lib/python3.12/site-packages/airflow/example_dags/example_python_decorator.py
[2024-07-07T23:47:04.704+0500] {logging_mixin.py:188} INFO - [2024-07-07T23:47:04.704+0500] {example_python_decorator.py:80} WARNING - The virtalenv_python example task requires virtualenv, please install it.
[2024-07-07T23:47:04.705+0500] {processor.py:840} INFO - DAG(s) 'example_python_decorator' retrieved from /home/nicolaspc/anaconda3/envs/mlops_env/lib/python3.12/site-packages/airflow/example_dags/example_python_decorator.py
[2024-07-07T23:47:04.725+0500] {logging_mixin.py:188} INFO - [2024-07-07T23:47:04.724+0500] {dag.py:3096} INFO - Sync 1 DAGs
[2024-07-07T23:47:04.734+0500] {logging_mixin.py:188} INFO - [2024-07-07T23:47:04.734+0500] {dag.py:3954} INFO - Setting next_dagrun for example_python_decorator to None, run_after=None
[2024-07-07T23:47:04.749+0500] {processor.py:183} INFO - Processing /home/nicolaspc/anaconda3/envs/mlops_env/lib/python3.12/site-packages/airflow/example_dags/example_python_decorator.py took 0.057 seconds
[2024-07-07T23:47:35.222+0500] {processor.py:161} INFO - Started process (PID=22274) to work on /home/nicolaspc/anaconda3/envs/mlops_env/lib/python3.12/site-packages/airflow/example_dags/example_python_decorator.py
[2024-07-07T23:47:35.223+0500] {processor.py:830} INFO - Processing file /home/nicolaspc/anaconda3/envs/mlops_env/lib/python3.12/site-packages/airflow/example_dags/example_python_decorator.py for tasks to queue
[2024-07-07T23:47:35.224+0500] {logging_mixin.py:188} INFO - [2024-07-07T23:47:35.224+0500] {dagbag.py:545} INFO - Filling up the DagBag from /home/nicolaspc/anaconda3/envs/mlops_env/lib/python3.12/site-packages/airflow/example_dags/example_python_decorator.py
[2024-07-07T23:47:35.230+0500] {logging_mixin.py:188} INFO - [2024-07-07T23:47:35.230+0500] {example_python_decorator.py:80} WARNING - The virtalenv_python example task requires virtualenv, please install it.
[2024-07-07T23:47:35.230+0500] {processor.py:840} INFO - DAG(s) 'example_python_decorator' retrieved from /home/nicolaspc/anaconda3/envs/mlops_env/lib/python3.12/site-packages/airflow/example_dags/example_python_decorator.py
[2024-07-07T23:47:35.251+0500] {logging_mixin.py:188} INFO - [2024-07-07T23:47:35.251+0500] {dag.py:3096} INFO - Sync 1 DAGs
[2024-07-07T23:47:35.260+0500] {logging_mixin.py:188} INFO - [2024-07-07T23:47:35.260+0500] {dag.py:3954} INFO - Setting next_dagrun for example_python_decorator to None, run_after=None
[2024-07-07T23:47:35.275+0500] {processor.py:183} INFO - Processing /home/nicolaspc/anaconda3/envs/mlops_env/lib/python3.12/site-packages/airflow/example_dags/example_python_decorator.py took 0.058 seconds
[2024-07-07T23:48:05.814+0500] {processor.py:161} INFO - Started process (PID=22599) to work on /home/nicolaspc/anaconda3/envs/mlops_env/lib/python3.12/site-packages/airflow/example_dags/example_python_decorator.py
[2024-07-07T23:48:05.815+0500] {processor.py:830} INFO - Processing file /home/nicolaspc/anaconda3/envs/mlops_env/lib/python3.12/site-packages/airflow/example_dags/example_python_decorator.py for tasks to queue
[2024-07-07T23:48:05.815+0500] {logging_mixin.py:188} INFO - [2024-07-07T23:48:05.815+0500] {dagbag.py:545} INFO - Filling up the DagBag from /home/nicolaspc/anaconda3/envs/mlops_env/lib/python3.12/site-packages/airflow/example_dags/example_python_decorator.py
[2024-07-07T23:48:05.821+0500] {logging_mixin.py:188} INFO - [2024-07-07T23:48:05.821+0500] {example_python_decorator.py:80} WARNING - The virtalenv_python example task requires virtualenv, please install it.
[2024-07-07T23:48:05.821+0500] {processor.py:840} INFO - DAG(s) 'example_python_decorator' retrieved from /home/nicolaspc/anaconda3/envs/mlops_env/lib/python3.12/site-packages/airflow/example_dags/example_python_decorator.py
[2024-07-07T23:48:05.841+0500] {logging_mixin.py:188} INFO - [2024-07-07T23:48:05.841+0500] {dag.py:3096} INFO - Sync 1 DAGs
[2024-07-07T23:48:05.851+0500] {logging_mixin.py:188} INFO - [2024-07-07T23:48:05.851+0500] {dag.py:3954} INFO - Setting next_dagrun for example_python_decorator to None, run_after=None
[2024-07-07T23:48:05.867+0500] {processor.py:183} INFO - Processing /home/nicolaspc/anaconda3/envs/mlops_env/lib/python3.12/site-packages/airflow/example_dags/example_python_decorator.py took 0.058 seconds
[2024-07-07T23:48:36.422+0500] {processor.py:161} INFO - Started process (PID=22955) to work on /home/nicolaspc/anaconda3/envs/mlops_env/lib/python3.12/site-packages/airflow/example_dags/example_python_decorator.py
[2024-07-07T23:48:36.423+0500] {processor.py:830} INFO - Processing file /home/nicolaspc/anaconda3/envs/mlops_env/lib/python3.12/site-packages/airflow/example_dags/example_python_decorator.py for tasks to queue
[2024-07-07T23:48:36.423+0500] {logging_mixin.py:188} INFO - [2024-07-07T23:48:36.423+0500] {dagbag.py:545} INFO - Filling up the DagBag from /home/nicolaspc/anaconda3/envs/mlops_env/lib/python3.12/site-packages/airflow/example_dags/example_python_decorator.py
[2024-07-07T23:48:36.429+0500] {logging_mixin.py:188} INFO - [2024-07-07T23:48:36.429+0500] {example_python_decorator.py:80} WARNING - The virtalenv_python example task requires virtualenv, please install it.
[2024-07-07T23:48:36.430+0500] {processor.py:840} INFO - DAG(s) 'example_python_decorator' retrieved from /home/nicolaspc/anaconda3/envs/mlops_env/lib/python3.12/site-packages/airflow/example_dags/example_python_decorator.py
[2024-07-07T23:48:36.451+0500] {logging_mixin.py:188} INFO - [2024-07-07T23:48:36.451+0500] {dag.py:3096} INFO - Sync 1 DAGs
[2024-07-07T23:48:36.461+0500] {logging_mixin.py:188} INFO - [2024-07-07T23:48:36.461+0500] {dag.py:3954} INFO - Setting next_dagrun for example_python_decorator to None, run_after=None
[2024-07-07T23:48:36.478+0500] {processor.py:183} INFO - Processing /home/nicolaspc/anaconda3/envs/mlops_env/lib/python3.12/site-packages/airflow/example_dags/example_python_decorator.py took 0.062 seconds
[2024-07-07T23:49:07.854+0500] {processor.py:161} INFO - Started process (PID=23479) to work on /home/nicolaspc/anaconda3/envs/mlops_env/lib/python3.12/site-packages/airflow/example_dags/example_python_decorator.py
[2024-07-07T23:49:07.855+0500] {processor.py:830} INFO - Processing file /home/nicolaspc/anaconda3/envs/mlops_env/lib/python3.12/site-packages/airflow/example_dags/example_python_decorator.py for tasks to queue
[2024-07-07T23:49:07.855+0500] {logging_mixin.py:188} INFO - [2024-07-07T23:49:07.855+0500] {dagbag.py:545} INFO - Filling up the DagBag from /home/nicolaspc/anaconda3/envs/mlops_env/lib/python3.12/site-packages/airflow/example_dags/example_python_decorator.py
[2024-07-07T23:49:07.861+0500] {logging_mixin.py:188} INFO - [2024-07-07T23:49:07.861+0500] {example_python_decorator.py:80} WARNING - The virtalenv_python example task requires virtualenv, please install it.
[2024-07-07T23:49:07.861+0500] {processor.py:840} INFO - DAG(s) 'example_python_decorator' retrieved from /home/nicolaspc/anaconda3/envs/mlops_env/lib/python3.12/site-packages/airflow/example_dags/example_python_decorator.py
[2024-07-07T23:49:07.937+0500] {logging_mixin.py:188} INFO - [2024-07-07T23:49:07.937+0500] {dag.py:3096} INFO - Sync 1 DAGs
[2024-07-07T23:49:07.945+0500] {logging_mixin.py:188} INFO - [2024-07-07T23:49:07.945+0500] {dag.py:3954} INFO - Setting next_dagrun for example_python_decorator to None, run_after=None
[2024-07-07T23:49:07.965+0500] {processor.py:183} INFO - Processing /home/nicolaspc/anaconda3/envs/mlops_env/lib/python3.12/site-packages/airflow/example_dags/example_python_decorator.py took 0.117 seconds
[2024-07-07T23:49:38.089+0500] {processor.py:161} INFO - Started process (PID=23837) to work on /home/nicolaspc/anaconda3/envs/mlops_env/lib/python3.12/site-packages/airflow/example_dags/example_python_decorator.py
[2024-07-07T23:49:38.091+0500] {processor.py:830} INFO - Processing file /home/nicolaspc/anaconda3/envs/mlops_env/lib/python3.12/site-packages/airflow/example_dags/example_python_decorator.py for tasks to queue
[2024-07-07T23:49:38.091+0500] {logging_mixin.py:188} INFO - [2024-07-07T23:49:38.091+0500] {dagbag.py:545} INFO - Filling up the DagBag from /home/nicolaspc/anaconda3/envs/mlops_env/lib/python3.12/site-packages/airflow/example_dags/example_python_decorator.py
[2024-07-07T23:49:38.098+0500] {logging_mixin.py:188} INFO - [2024-07-07T23:49:38.097+0500] {example_python_decorator.py:80} WARNING - The virtalenv_python example task requires virtualenv, please install it.
[2024-07-07T23:49:38.098+0500] {processor.py:840} INFO - DAG(s) 'example_python_decorator' retrieved from /home/nicolaspc/anaconda3/envs/mlops_env/lib/python3.12/site-packages/airflow/example_dags/example_python_decorator.py
[2024-07-07T23:49:38.119+0500] {logging_mixin.py:188} INFO - [2024-07-07T23:49:38.119+0500] {dag.py:3096} INFO - Sync 1 DAGs
[2024-07-07T23:49:38.127+0500] {logging_mixin.py:188} INFO - [2024-07-07T23:49:38.127+0500] {dag.py:3954} INFO - Setting next_dagrun for example_python_decorator to None, run_after=None
[2024-07-07T23:49:38.142+0500] {processor.py:183} INFO - Processing /home/nicolaspc/anaconda3/envs/mlops_env/lib/python3.12/site-packages/airflow/example_dags/example_python_decorator.py took 0.059 seconds
