[2024-07-07T23:35:20.118+0500] {processor.py:161} INFO - Started process (PID=13516) to work on /home/nicolaspc/anaconda3/envs/mlops_env/lib/python3.12/site-packages/airflow/example_dags/example_branch_operator_decorator.py
[2024-07-07T23:35:20.118+0500] {processor.py:830} INFO - Processing file /home/nicolaspc/anaconda3/envs/mlops_env/lib/python3.12/site-packages/airflow/example_dags/example_branch_operator_decorator.py for tasks to queue
[2024-07-07T23:35:20.119+0500] {logging_mixin.py:188} INFO - [2024-07-07T23:35:20.119+0500] {dagbag.py:545} INFO - Filling up the DagBag from /home/nicolaspc/anaconda3/envs/mlops_env/lib/python3.12/site-packages/airflow/example_dags/example_branch_operator_decorator.py
[2024-07-07T23:35:20.121+0500] {processor.py:842} WARNING - No viable dags retrieved from /home/nicolaspc/anaconda3/envs/mlops_env/lib/python3.12/site-packages/airflow/example_dags/example_branch_operator_decorator.py
[2024-07-07T23:35:20.137+0500] {processor.py:183} INFO - Processing /home/nicolaspc/anaconda3/envs/mlops_env/lib/python3.12/site-packages/airflow/example_dags/example_branch_operator_decorator.py took 0.025 seconds
[2024-07-07T23:35:50.807+0500] {processor.py:161} INFO - Started process (PID=13863) to work on /home/nicolaspc/anaconda3/envs/mlops_env/lib/python3.12/site-packages/airflow/example_dags/example_branch_operator_decorator.py
[2024-07-07T23:35:50.808+0500] {processor.py:830} INFO - Processing file /home/nicolaspc/anaconda3/envs/mlops_env/lib/python3.12/site-packages/airflow/example_dags/example_branch_operator_decorator.py for tasks to queue
[2024-07-07T23:35:50.808+0500] {logging_mixin.py:188} INFO - [2024-07-07T23:35:50.808+0500] {dagbag.py:545} INFO - Filling up the DagBag from /home/nicolaspc/anaconda3/envs/mlops_env/lib/python3.12/site-packages/airflow/example_dags/example_branch_operator_decorator.py
[2024-07-07T23:35:50.810+0500] {processor.py:842} WARNING - No viable dags retrieved from /home/nicolaspc/anaconda3/envs/mlops_env/lib/python3.12/site-packages/airflow/example_dags/example_branch_operator_decorator.py
[2024-07-07T23:35:50.825+0500] {processor.py:183} INFO - Processing /home/nicolaspc/anaconda3/envs/mlops_env/lib/python3.12/site-packages/airflow/example_dags/example_branch_operator_decorator.py took 0.024 seconds
[2024-07-07T23:36:21.557+0500] {processor.py:161} INFO - Started process (PID=14281) to work on /home/nicolaspc/anaconda3/envs/mlops_env/lib/python3.12/site-packages/airflow/example_dags/example_branch_operator_decorator.py
[2024-07-07T23:36:21.557+0500] {processor.py:830} INFO - Processing file /home/nicolaspc/anaconda3/envs/mlops_env/lib/python3.12/site-packages/airflow/example_dags/example_branch_operator_decorator.py for tasks to queue
[2024-07-07T23:36:21.558+0500] {logging_mixin.py:188} INFO - [2024-07-07T23:36:21.558+0500] {dagbag.py:545} INFO - Filling up the DagBag from /home/nicolaspc/anaconda3/envs/mlops_env/lib/python3.12/site-packages/airflow/example_dags/example_branch_operator_decorator.py
[2024-07-07T23:36:21.560+0500] {processor.py:842} WARNING - No viable dags retrieved from /home/nicolaspc/anaconda3/envs/mlops_env/lib/python3.12/site-packages/airflow/example_dags/example_branch_operator_decorator.py
[2024-07-07T23:36:21.575+0500] {processor.py:183} INFO - Processing /home/nicolaspc/anaconda3/envs/mlops_env/lib/python3.12/site-packages/airflow/example_dags/example_branch_operator_decorator.py took 0.024 seconds
[2024-07-07T23:36:48.001+0500] {processor.py:161} INFO - Started process (PID=14412) to work on /home/nicolaspc/anaconda3/envs/mlops_env/lib/python3.12/site-packages/airflow/example_dags/example_branch_operator_decorator.py
[2024-07-07T23:36:48.010+0500] {processor.py:830} INFO - Processing file /home/nicolaspc/anaconda3/envs/mlops_env/lib/python3.12/site-packages/airflow/example_dags/example_branch_operator_decorator.py for tasks to queue
[2024-07-07T23:36:48.012+0500] {logging_mixin.py:188} INFO - [2024-07-07T23:36:48.012+0500] {dagbag.py:545} INFO - Filling up the DagBag from /home/nicolaspc/anaconda3/envs/mlops_env/lib/python3.12/site-packages/airflow/example_dags/example_branch_operator_decorator.py
[2024-07-07T23:36:48.014+0500] {processor.py:842} WARNING - No viable dags retrieved from /home/nicolaspc/anaconda3/envs/mlops_env/lib/python3.12/site-packages/airflow/example_dags/example_branch_operator_decorator.py
[2024-07-07T23:36:48.021+0500] {processor.py:183} INFO - Processing /home/nicolaspc/anaconda3/envs/mlops_env/lib/python3.12/site-packages/airflow/example_dags/example_branch_operator_decorator.py took 0.023 seconds
[2024-07-07T23:36:52.060+0500] {processor.py:161} INFO - Started process (PID=14670) to work on /home/nicolaspc/anaconda3/envs/mlops_env/lib/python3.12/site-packages/airflow/example_dags/example_branch_operator_decorator.py
[2024-07-07T23:36:52.060+0500] {processor.py:830} INFO - Processing file /home/nicolaspc/anaconda3/envs/mlops_env/lib/python3.12/site-packages/airflow/example_dags/example_branch_operator_decorator.py for tasks to queue
[2024-07-07T23:36:52.061+0500] {logging_mixin.py:188} INFO - [2024-07-07T23:36:52.061+0500] {dagbag.py:545} INFO - Filling up the DagBag from /home/nicolaspc/anaconda3/envs/mlops_env/lib/python3.12/site-packages/airflow/example_dags/example_branch_operator_decorator.py
[2024-07-07T23:36:52.063+0500] {processor.py:842} WARNING - No viable dags retrieved from /home/nicolaspc/anaconda3/envs/mlops_env/lib/python3.12/site-packages/airflow/example_dags/example_branch_operator_decorator.py
[2024-07-07T23:36:52.077+0500] {processor.py:183} INFO - Processing /home/nicolaspc/anaconda3/envs/mlops_env/lib/python3.12/site-packages/airflow/example_dags/example_branch_operator_decorator.py took 0.023 seconds
[2024-07-07T23:37:22.456+0500] {processor.py:161} INFO - Started process (PID=15031) to work on /home/nicolaspc/anaconda3/envs/mlops_env/lib/python3.12/site-packages/airflow/example_dags/example_branch_operator_decorator.py
[2024-07-07T23:37:22.457+0500] {processor.py:830} INFO - Processing file /home/nicolaspc/anaconda3/envs/mlops_env/lib/python3.12/site-packages/airflow/example_dags/example_branch_operator_decorator.py for tasks to queue
[2024-07-07T23:37:22.458+0500] {logging_mixin.py:188} INFO - [2024-07-07T23:37:22.457+0500] {dagbag.py:545} INFO - Filling up the DagBag from /home/nicolaspc/anaconda3/envs/mlops_env/lib/python3.12/site-packages/airflow/example_dags/example_branch_operator_decorator.py
[2024-07-07T23:37:22.460+0500] {processor.py:842} WARNING - No viable dags retrieved from /home/nicolaspc/anaconda3/envs/mlops_env/lib/python3.12/site-packages/airflow/example_dags/example_branch_operator_decorator.py
[2024-07-07T23:37:22.476+0500] {processor.py:183} INFO - Processing /home/nicolaspc/anaconda3/envs/mlops_env/lib/python3.12/site-packages/airflow/example_dags/example_branch_operator_decorator.py took 0.025 seconds
[2024-07-07T23:37:37.390+0500] {processor.py:161} INFO - Started process (PID=15142) to work on /home/nicolaspc/anaconda3/envs/mlops_env/lib/python3.12/site-packages/airflow/example_dags/example_branch_operator_decorator.py
[2024-07-07T23:37:37.399+0500] {processor.py:830} INFO - Processing file /home/nicolaspc/anaconda3/envs/mlops_env/lib/python3.12/site-packages/airflow/example_dags/example_branch_operator_decorator.py for tasks to queue
[2024-07-07T23:37:37.401+0500] {logging_mixin.py:188} INFO - [2024-07-07T23:37:37.401+0500] {dagbag.py:545} INFO - Filling up the DagBag from /home/nicolaspc/anaconda3/envs/mlops_env/lib/python3.12/site-packages/airflow/example_dags/example_branch_operator_decorator.py
[2024-07-07T23:37:37.403+0500] {processor.py:842} WARNING - No viable dags retrieved from /home/nicolaspc/anaconda3/envs/mlops_env/lib/python3.12/site-packages/airflow/example_dags/example_branch_operator_decorator.py
[2024-07-07T23:37:37.410+0500] {processor.py:183} INFO - Processing /home/nicolaspc/anaconda3/envs/mlops_env/lib/python3.12/site-packages/airflow/example_dags/example_branch_operator_decorator.py took 0.023 seconds
[2024-07-07T23:37:52.958+0500] {processor.py:161} INFO - Started process (PID=15414) to work on /home/nicolaspc/anaconda3/envs/mlops_env/lib/python3.12/site-packages/airflow/example_dags/example_branch_operator_decorator.py
[2024-07-07T23:37:52.960+0500] {processor.py:830} INFO - Processing file /home/nicolaspc/anaconda3/envs/mlops_env/lib/python3.12/site-packages/airflow/example_dags/example_branch_operator_decorator.py for tasks to queue
[2024-07-07T23:37:52.960+0500] {logging_mixin.py:188} INFO - [2024-07-07T23:37:52.960+0500] {dagbag.py:545} INFO - Filling up the DagBag from /home/nicolaspc/anaconda3/envs/mlops_env/lib/python3.12/site-packages/airflow/example_dags/example_branch_operator_decorator.py
[2024-07-07T23:37:52.962+0500] {processor.py:842} WARNING - No viable dags retrieved from /home/nicolaspc/anaconda3/envs/mlops_env/lib/python3.12/site-packages/airflow/example_dags/example_branch_operator_decorator.py
[2024-07-07T23:37:52.979+0500] {processor.py:183} INFO - Processing /home/nicolaspc/anaconda3/envs/mlops_env/lib/python3.12/site-packages/airflow/example_dags/example_branch_operator_decorator.py took 0.027 seconds
[2024-07-07T23:38:23.767+0500] {processor.py:161} INFO - Started process (PID=15835) to work on /home/nicolaspc/anaconda3/envs/mlops_env/lib/python3.12/site-packages/airflow/example_dags/example_branch_operator_decorator.py
[2024-07-07T23:38:23.767+0500] {processor.py:830} INFO - Processing file /home/nicolaspc/anaconda3/envs/mlops_env/lib/python3.12/site-packages/airflow/example_dags/example_branch_operator_decorator.py for tasks to queue
[2024-07-07T23:38:23.768+0500] {logging_mixin.py:188} INFO - [2024-07-07T23:38:23.768+0500] {dagbag.py:545} INFO - Filling up the DagBag from /home/nicolaspc/anaconda3/envs/mlops_env/lib/python3.12/site-packages/airflow/example_dags/example_branch_operator_decorator.py
[2024-07-07T23:38:23.770+0500] {processor.py:842} WARNING - No viable dags retrieved from /home/nicolaspc/anaconda3/envs/mlops_env/lib/python3.12/site-packages/airflow/example_dags/example_branch_operator_decorator.py
[2024-07-07T23:38:23.784+0500] {processor.py:183} INFO - Processing /home/nicolaspc/anaconda3/envs/mlops_env/lib/python3.12/site-packages/airflow/example_dags/example_branch_operator_decorator.py took 0.023 seconds
[2024-07-07T23:38:33.987+0500] {processor.py:161} INFO - Started process (PID=15914) to work on /home/nicolaspc/anaconda3/envs/mlops_env/lib/python3.12/site-packages/airflow/example_dags/example_branch_operator_decorator.py
[2024-07-07T23:38:33.996+0500] {processor.py:830} INFO - Processing file /home/nicolaspc/anaconda3/envs/mlops_env/lib/python3.12/site-packages/airflow/example_dags/example_branch_operator_decorator.py for tasks to queue
[2024-07-07T23:38:33.997+0500] {logging_mixin.py:188} INFO - [2024-07-07T23:38:33.997+0500] {dagbag.py:545} INFO - Filling up the DagBag from /home/nicolaspc/anaconda3/envs/mlops_env/lib/python3.12/site-packages/airflow/example_dags/example_branch_operator_decorator.py
[2024-07-07T23:38:33.999+0500] {processor.py:842} WARNING - No viable dags retrieved from /home/nicolaspc/anaconda3/envs/mlops_env/lib/python3.12/site-packages/airflow/example_dags/example_branch_operator_decorator.py
[2024-07-07T23:38:34.007+0500] {processor.py:183} INFO - Processing /home/nicolaspc/anaconda3/envs/mlops_env/lib/python3.12/site-packages/airflow/example_dags/example_branch_operator_decorator.py took 0.023 seconds
[2024-07-07T23:38:54.469+0500] {processor.py:161} INFO - Started process (PID=16188) to work on /home/nicolaspc/anaconda3/envs/mlops_env/lib/python3.12/site-packages/airflow/example_dags/example_branch_operator_decorator.py
[2024-07-07T23:38:54.470+0500] {processor.py:830} INFO - Processing file /home/nicolaspc/anaconda3/envs/mlops_env/lib/python3.12/site-packages/airflow/example_dags/example_branch_operator_decorator.py for tasks to queue
[2024-07-07T23:38:54.471+0500] {logging_mixin.py:188} INFO - [2024-07-07T23:38:54.471+0500] {dagbag.py:545} INFO - Filling up the DagBag from /home/nicolaspc/anaconda3/envs/mlops_env/lib/python3.12/site-packages/airflow/example_dags/example_branch_operator_decorator.py
[2024-07-07T23:38:54.474+0500] {processor.py:842} WARNING - No viable dags retrieved from /home/nicolaspc/anaconda3/envs/mlops_env/lib/python3.12/site-packages/airflow/example_dags/example_branch_operator_decorator.py
[2024-07-07T23:38:54.492+0500] {processor.py:183} INFO - Processing /home/nicolaspc/anaconda3/envs/mlops_env/lib/python3.12/site-packages/airflow/example_dags/example_branch_operator_decorator.py took 0.030 seconds
[2024-07-07T23:39:24.971+0500] {processor.py:161} INFO - Started process (PID=16587) to work on /home/nicolaspc/anaconda3/envs/mlops_env/lib/python3.12/site-packages/airflow/example_dags/example_branch_operator_decorator.py
[2024-07-07T23:39:24.972+0500] {processor.py:830} INFO - Processing file /home/nicolaspc/anaconda3/envs/mlops_env/lib/python3.12/site-packages/airflow/example_dags/example_branch_operator_decorator.py for tasks to queue
[2024-07-07T23:39:24.972+0500] {logging_mixin.py:188} INFO - [2024-07-07T23:39:24.972+0500] {dagbag.py:545} INFO - Filling up the DagBag from /home/nicolaspc/anaconda3/envs/mlops_env/lib/python3.12/site-packages/airflow/example_dags/example_branch_operator_decorator.py
[2024-07-07T23:39:24.974+0500] {processor.py:842} WARNING - No viable dags retrieved from /home/nicolaspc/anaconda3/envs/mlops_env/lib/python3.12/site-packages/airflow/example_dags/example_branch_operator_decorator.py
[2024-07-07T23:39:24.991+0500] {processor.py:183} INFO - Processing /home/nicolaspc/anaconda3/envs/mlops_env/lib/python3.12/site-packages/airflow/example_dags/example_branch_operator_decorator.py took 0.026 seconds
[2024-07-07T23:39:36.617+0500] {processor.py:161} INFO - Started process (PID=16668) to work on /home/nicolaspc/anaconda3/envs/mlops_env/lib/python3.12/site-packages/airflow/example_dags/example_branch_operator_decorator.py
[2024-07-07T23:39:36.625+0500] {processor.py:830} INFO - Processing file /home/nicolaspc/anaconda3/envs/mlops_env/lib/python3.12/site-packages/airflow/example_dags/example_branch_operator_decorator.py for tasks to queue
[2024-07-07T23:39:36.627+0500] {logging_mixin.py:188} INFO - [2024-07-07T23:39:36.627+0500] {dagbag.py:545} INFO - Filling up the DagBag from /home/nicolaspc/anaconda3/envs/mlops_env/lib/python3.12/site-packages/airflow/example_dags/example_branch_operator_decorator.py
[2024-07-07T23:39:36.629+0500] {processor.py:842} WARNING - No viable dags retrieved from /home/nicolaspc/anaconda3/envs/mlops_env/lib/python3.12/site-packages/airflow/example_dags/example_branch_operator_decorator.py
[2024-07-07T23:39:36.636+0500] {processor.py:183} INFO - Processing /home/nicolaspc/anaconda3/envs/mlops_env/lib/python3.12/site-packages/airflow/example_dags/example_branch_operator_decorator.py took 0.022 seconds
[2024-07-07T23:39:55.622+0500] {processor.py:161} INFO - Started process (PID=16943) to work on /home/nicolaspc/anaconda3/envs/mlops_env/lib/python3.12/site-packages/airflow/example_dags/example_branch_operator_decorator.py
[2024-07-07T23:39:55.623+0500] {processor.py:830} INFO - Processing file /home/nicolaspc/anaconda3/envs/mlops_env/lib/python3.12/site-packages/airflow/example_dags/example_branch_operator_decorator.py for tasks to queue
[2024-07-07T23:39:55.623+0500] {logging_mixin.py:188} INFO - [2024-07-07T23:39:55.623+0500] {dagbag.py:545} INFO - Filling up the DagBag from /home/nicolaspc/anaconda3/envs/mlops_env/lib/python3.12/site-packages/airflow/example_dags/example_branch_operator_decorator.py
[2024-07-07T23:39:55.625+0500] {processor.py:842} WARNING - No viable dags retrieved from /home/nicolaspc/anaconda3/envs/mlops_env/lib/python3.12/site-packages/airflow/example_dags/example_branch_operator_decorator.py
[2024-07-07T23:39:55.641+0500] {processor.py:183} INFO - Processing /home/nicolaspc/anaconda3/envs/mlops_env/lib/python3.12/site-packages/airflow/example_dags/example_branch_operator_decorator.py took 0.024 seconds
[2024-07-07T23:40:26.297+0500] {processor.py:161} INFO - Started process (PID=17372) to work on /home/nicolaspc/anaconda3/envs/mlops_env/lib/python3.12/site-packages/airflow/example_dags/example_branch_operator_decorator.py
[2024-07-07T23:40:26.298+0500] {processor.py:830} INFO - Processing file /home/nicolaspc/anaconda3/envs/mlops_env/lib/python3.12/site-packages/airflow/example_dags/example_branch_operator_decorator.py for tasks to queue
[2024-07-07T23:40:26.299+0500] {logging_mixin.py:188} INFO - [2024-07-07T23:40:26.298+0500] {dagbag.py:545} INFO - Filling up the DagBag from /home/nicolaspc/anaconda3/envs/mlops_env/lib/python3.12/site-packages/airflow/example_dags/example_branch_operator_decorator.py
[2024-07-07T23:40:26.301+0500] {processor.py:842} WARNING - No viable dags retrieved from /home/nicolaspc/anaconda3/envs/mlops_env/lib/python3.12/site-packages/airflow/example_dags/example_branch_operator_decorator.py
[2024-07-07T23:40:26.318+0500] {processor.py:183} INFO - Processing /home/nicolaspc/anaconda3/envs/mlops_env/lib/python3.12/site-packages/airflow/example_dags/example_branch_operator_decorator.py took 0.027 seconds
[2024-07-07T23:40:35.901+0500] {processor.py:161} INFO - Started process (PID=17457) to work on /home/nicolaspc/anaconda3/envs/mlops_env/lib/python3.12/site-packages/airflow/example_dags/example_branch_operator_decorator.py
[2024-07-07T23:40:35.910+0500] {processor.py:830} INFO - Processing file /home/nicolaspc/anaconda3/envs/mlops_env/lib/python3.12/site-packages/airflow/example_dags/example_branch_operator_decorator.py for tasks to queue
[2024-07-07T23:40:35.911+0500] {logging_mixin.py:188} INFO - [2024-07-07T23:40:35.911+0500] {dagbag.py:545} INFO - Filling up the DagBag from /home/nicolaspc/anaconda3/envs/mlops_env/lib/python3.12/site-packages/airflow/example_dags/example_branch_operator_decorator.py
[2024-07-07T23:40:35.913+0500] {processor.py:842} WARNING - No viable dags retrieved from /home/nicolaspc/anaconda3/envs/mlops_env/lib/python3.12/site-packages/airflow/example_dags/example_branch_operator_decorator.py
[2024-07-07T23:40:35.920+0500] {processor.py:183} INFO - Processing /home/nicolaspc/anaconda3/envs/mlops_env/lib/python3.12/site-packages/airflow/example_dags/example_branch_operator_decorator.py took 0.022 seconds
[2024-07-07T23:40:57.168+0500] {processor.py:161} INFO - Started process (PID=17740) to work on /home/nicolaspc/anaconda3/envs/mlops_env/lib/python3.12/site-packages/airflow/example_dags/example_branch_operator_decorator.py
[2024-07-07T23:40:57.169+0500] {processor.py:830} INFO - Processing file /home/nicolaspc/anaconda3/envs/mlops_env/lib/python3.12/site-packages/airflow/example_dags/example_branch_operator_decorator.py for tasks to queue
[2024-07-07T23:40:57.169+0500] {logging_mixin.py:188} INFO - [2024-07-07T23:40:57.169+0500] {dagbag.py:545} INFO - Filling up the DagBag from /home/nicolaspc/anaconda3/envs/mlops_env/lib/python3.12/site-packages/airflow/example_dags/example_branch_operator_decorator.py
[2024-07-07T23:40:57.172+0500] {processor.py:842} WARNING - No viable dags retrieved from /home/nicolaspc/anaconda3/envs/mlops_env/lib/python3.12/site-packages/airflow/example_dags/example_branch_operator_decorator.py
[2024-07-07T23:40:57.188+0500] {processor.py:183} INFO - Processing /home/nicolaspc/anaconda3/envs/mlops_env/lib/python3.12/site-packages/airflow/example_dags/example_branch_operator_decorator.py took 0.026 seconds
[2024-07-07T23:41:28.047+0500] {processor.py:161} INFO - Started process (PID=18155) to work on /home/nicolaspc/anaconda3/envs/mlops_env/lib/python3.12/site-packages/airflow/example_dags/example_branch_operator_decorator.py
[2024-07-07T23:41:28.048+0500] {processor.py:830} INFO - Processing file /home/nicolaspc/anaconda3/envs/mlops_env/lib/python3.12/site-packages/airflow/example_dags/example_branch_operator_decorator.py for tasks to queue
[2024-07-07T23:41:28.049+0500] {logging_mixin.py:188} INFO - [2024-07-07T23:41:28.049+0500] {dagbag.py:545} INFO - Filling up the DagBag from /home/nicolaspc/anaconda3/envs/mlops_env/lib/python3.12/site-packages/airflow/example_dags/example_branch_operator_decorator.py
[2024-07-07T23:41:28.052+0500] {processor.py:842} WARNING - No viable dags retrieved from /home/nicolaspc/anaconda3/envs/mlops_env/lib/python3.12/site-packages/airflow/example_dags/example_branch_operator_decorator.py
[2024-07-07T23:41:28.074+0500] {processor.py:183} INFO - Processing /home/nicolaspc/anaconda3/envs/mlops_env/lib/python3.12/site-packages/airflow/example_dags/example_branch_operator_decorator.py took 0.036 seconds
[2024-07-07T23:41:37.567+0500] {processor.py:161} INFO - Started process (PID=18242) to work on /home/nicolaspc/anaconda3/envs/mlops_env/lib/python3.12/site-packages/airflow/example_dags/example_branch_operator_decorator.py
[2024-07-07T23:41:37.576+0500] {processor.py:830} INFO - Processing file /home/nicolaspc/anaconda3/envs/mlops_env/lib/python3.12/site-packages/airflow/example_dags/example_branch_operator_decorator.py for tasks to queue
[2024-07-07T23:41:37.577+0500] {logging_mixin.py:188} INFO - [2024-07-07T23:41:37.577+0500] {dagbag.py:545} INFO - Filling up the DagBag from /home/nicolaspc/anaconda3/envs/mlops_env/lib/python3.12/site-packages/airflow/example_dags/example_branch_operator_decorator.py
[2024-07-07T23:41:37.581+0500] {processor.py:842} WARNING - No viable dags retrieved from /home/nicolaspc/anaconda3/envs/mlops_env/lib/python3.12/site-packages/airflow/example_dags/example_branch_operator_decorator.py
[2024-07-07T23:41:37.589+0500] {processor.py:183} INFO - Processing /home/nicolaspc/anaconda3/envs/mlops_env/lib/python3.12/site-packages/airflow/example_dags/example_branch_operator_decorator.py took 0.025 seconds
[2024-07-07T23:41:59.029+0500] {processor.py:161} INFO - Started process (PID=18532) to work on /home/nicolaspc/anaconda3/envs/mlops_env/lib/python3.12/site-packages/airflow/example_dags/example_branch_operator_decorator.py
[2024-07-07T23:41:59.030+0500] {processor.py:830} INFO - Processing file /home/nicolaspc/anaconda3/envs/mlops_env/lib/python3.12/site-packages/airflow/example_dags/example_branch_operator_decorator.py for tasks to queue
[2024-07-07T23:41:59.031+0500] {logging_mixin.py:188} INFO - [2024-07-07T23:41:59.030+0500] {dagbag.py:545} INFO - Filling up the DagBag from /home/nicolaspc/anaconda3/envs/mlops_env/lib/python3.12/site-packages/airflow/example_dags/example_branch_operator_decorator.py
[2024-07-07T23:41:59.034+0500] {processor.py:842} WARNING - No viable dags retrieved from /home/nicolaspc/anaconda3/envs/mlops_env/lib/python3.12/site-packages/airflow/example_dags/example_branch_operator_decorator.py
[2024-07-07T23:41:59.053+0500] {processor.py:183} INFO - Processing /home/nicolaspc/anaconda3/envs/mlops_env/lib/python3.12/site-packages/airflow/example_dags/example_branch_operator_decorator.py took 0.032 seconds
[2024-07-07T23:42:29.929+0500] {processor.py:161} INFO - Started process (PID=18943) to work on /home/nicolaspc/anaconda3/envs/mlops_env/lib/python3.12/site-packages/airflow/example_dags/example_branch_operator_decorator.py
[2024-07-07T23:42:29.930+0500] {processor.py:830} INFO - Processing file /home/nicolaspc/anaconda3/envs/mlops_env/lib/python3.12/site-packages/airflow/example_dags/example_branch_operator_decorator.py for tasks to queue
[2024-07-07T23:42:29.931+0500] {logging_mixin.py:188} INFO - [2024-07-07T23:42:29.930+0500] {dagbag.py:545} INFO - Filling up the DagBag from /home/nicolaspc/anaconda3/envs/mlops_env/lib/python3.12/site-packages/airflow/example_dags/example_branch_operator_decorator.py
[2024-07-07T23:42:29.933+0500] {processor.py:842} WARNING - No viable dags retrieved from /home/nicolaspc/anaconda3/envs/mlops_env/lib/python3.12/site-packages/airflow/example_dags/example_branch_operator_decorator.py
[2024-07-07T23:42:29.951+0500] {processor.py:183} INFO - Processing /home/nicolaspc/anaconda3/envs/mlops_env/lib/python3.12/site-packages/airflow/example_dags/example_branch_operator_decorator.py took 0.029 seconds
[2024-07-07T23:42:38.207+0500] {processor.py:161} INFO - Started process (PID=19020) to work on /home/nicolaspc/anaconda3/envs/mlops_env/lib/python3.12/site-packages/airflow/example_dags/example_branch_operator_decorator.py
[2024-07-07T23:42:38.215+0500] {processor.py:830} INFO - Processing file /home/nicolaspc/anaconda3/envs/mlops_env/lib/python3.12/site-packages/airflow/example_dags/example_branch_operator_decorator.py for tasks to queue
[2024-07-07T23:42:38.217+0500] {logging_mixin.py:188} INFO - [2024-07-07T23:42:38.216+0500] {dagbag.py:545} INFO - Filling up the DagBag from /home/nicolaspc/anaconda3/envs/mlops_env/lib/python3.12/site-packages/airflow/example_dags/example_branch_operator_decorator.py
[2024-07-07T23:42:38.219+0500] {processor.py:842} WARNING - No viable dags retrieved from /home/nicolaspc/anaconda3/envs/mlops_env/lib/python3.12/site-packages/airflow/example_dags/example_branch_operator_decorator.py
[2024-07-07T23:42:38.225+0500] {processor.py:183} INFO - Processing /home/nicolaspc/anaconda3/envs/mlops_env/lib/python3.12/site-packages/airflow/example_dags/example_branch_operator_decorator.py took 0.022 seconds
[2024-07-07T23:43:00.624+0500] {processor.py:161} INFO - Started process (PID=19307) to work on /home/nicolaspc/anaconda3/envs/mlops_env/lib/python3.12/site-packages/airflow/example_dags/example_branch_operator_decorator.py
[2024-07-07T23:43:00.624+0500] {processor.py:830} INFO - Processing file /home/nicolaspc/anaconda3/envs/mlops_env/lib/python3.12/site-packages/airflow/example_dags/example_branch_operator_decorator.py for tasks to queue
[2024-07-07T23:43:00.625+0500] {logging_mixin.py:188} INFO - [2024-07-07T23:43:00.625+0500] {dagbag.py:545} INFO - Filling up the DagBag from /home/nicolaspc/anaconda3/envs/mlops_env/lib/python3.12/site-packages/airflow/example_dags/example_branch_operator_decorator.py
[2024-07-07T23:43:00.627+0500] {processor.py:842} WARNING - No viable dags retrieved from /home/nicolaspc/anaconda3/envs/mlops_env/lib/python3.12/site-packages/airflow/example_dags/example_branch_operator_decorator.py
[2024-07-07T23:43:00.643+0500] {processor.py:183} INFO - Processing /home/nicolaspc/anaconda3/envs/mlops_env/lib/python3.12/site-packages/airflow/example_dags/example_branch_operator_decorator.py took 0.025 seconds
[2024-07-07T23:43:31.456+0500] {processor.py:161} INFO - Started process (PID=19631) to work on /home/nicolaspc/anaconda3/envs/mlops_env/lib/python3.12/site-packages/airflow/example_dags/example_branch_operator_decorator.py
[2024-07-07T23:43:31.457+0500] {processor.py:830} INFO - Processing file /home/nicolaspc/anaconda3/envs/mlops_env/lib/python3.12/site-packages/airflow/example_dags/example_branch_operator_decorator.py for tasks to queue
[2024-07-07T23:43:31.458+0500] {logging_mixin.py:188} INFO - [2024-07-07T23:43:31.457+0500] {dagbag.py:545} INFO - Filling up the DagBag from /home/nicolaspc/anaconda3/envs/mlops_env/lib/python3.12/site-packages/airflow/example_dags/example_branch_operator_decorator.py
[2024-07-07T23:43:31.460+0500] {processor.py:842} WARNING - No viable dags retrieved from /home/nicolaspc/anaconda3/envs/mlops_env/lib/python3.12/site-packages/airflow/example_dags/example_branch_operator_decorator.py
[2024-07-07T23:43:31.476+0500] {processor.py:183} INFO - Processing /home/nicolaspc/anaconda3/envs/mlops_env/lib/python3.12/site-packages/airflow/example_dags/example_branch_operator_decorator.py took 0.025 seconds
[2024-07-07T23:44:01.951+0500] {processor.py:161} INFO - Started process (PID=19999) to work on /home/nicolaspc/anaconda3/envs/mlops_env/lib/python3.12/site-packages/airflow/example_dags/example_branch_operator_decorator.py
[2024-07-07T23:44:01.952+0500] {processor.py:830} INFO - Processing file /home/nicolaspc/anaconda3/envs/mlops_env/lib/python3.12/site-packages/airflow/example_dags/example_branch_operator_decorator.py for tasks to queue
[2024-07-07T23:44:01.953+0500] {logging_mixin.py:188} INFO - [2024-07-07T23:44:01.952+0500] {dagbag.py:545} INFO - Filling up the DagBag from /home/nicolaspc/anaconda3/envs/mlops_env/lib/python3.12/site-packages/airflow/example_dags/example_branch_operator_decorator.py
[2024-07-07T23:44:01.955+0500] {processor.py:842} WARNING - No viable dags retrieved from /home/nicolaspc/anaconda3/envs/mlops_env/lib/python3.12/site-packages/airflow/example_dags/example_branch_operator_decorator.py
[2024-07-07T23:44:01.970+0500] {processor.py:183} INFO - Processing /home/nicolaspc/anaconda3/envs/mlops_env/lib/python3.12/site-packages/airflow/example_dags/example_branch_operator_decorator.py took 0.025 seconds
[2024-07-07T23:44:32.501+0500] {processor.py:161} INFO - Started process (PID=20363) to work on /home/nicolaspc/anaconda3/envs/mlops_env/lib/python3.12/site-packages/airflow/example_dags/example_branch_operator_decorator.py
[2024-07-07T23:44:32.502+0500] {processor.py:830} INFO - Processing file /home/nicolaspc/anaconda3/envs/mlops_env/lib/python3.12/site-packages/airflow/example_dags/example_branch_operator_decorator.py for tasks to queue
[2024-07-07T23:44:32.502+0500] {logging_mixin.py:188} INFO - [2024-07-07T23:44:32.502+0500] {dagbag.py:545} INFO - Filling up the DagBag from /home/nicolaspc/anaconda3/envs/mlops_env/lib/python3.12/site-packages/airflow/example_dags/example_branch_operator_decorator.py
[2024-07-07T23:44:32.504+0500] {processor.py:842} WARNING - No viable dags retrieved from /home/nicolaspc/anaconda3/envs/mlops_env/lib/python3.12/site-packages/airflow/example_dags/example_branch_operator_decorator.py
[2024-07-07T23:44:32.518+0500] {processor.py:183} INFO - Processing /home/nicolaspc/anaconda3/envs/mlops_env/lib/python3.12/site-packages/airflow/example_dags/example_branch_operator_decorator.py took 0.023 seconds
[2024-07-07T23:45:03.218+0500] {processor.py:161} INFO - Started process (PID=20728) to work on /home/nicolaspc/anaconda3/envs/mlops_env/lib/python3.12/site-packages/airflow/example_dags/example_branch_operator_decorator.py
[2024-07-07T23:45:03.218+0500] {processor.py:830} INFO - Processing file /home/nicolaspc/anaconda3/envs/mlops_env/lib/python3.12/site-packages/airflow/example_dags/example_branch_operator_decorator.py for tasks to queue
[2024-07-07T23:45:03.219+0500] {logging_mixin.py:188} INFO - [2024-07-07T23:45:03.219+0500] {dagbag.py:545} INFO - Filling up the DagBag from /home/nicolaspc/anaconda3/envs/mlops_env/lib/python3.12/site-packages/airflow/example_dags/example_branch_operator_decorator.py
[2024-07-07T23:45:03.221+0500] {processor.py:842} WARNING - No viable dags retrieved from /home/nicolaspc/anaconda3/envs/mlops_env/lib/python3.12/site-packages/airflow/example_dags/example_branch_operator_decorator.py
[2024-07-07T23:45:03.236+0500] {processor.py:183} INFO - Processing /home/nicolaspc/anaconda3/envs/mlops_env/lib/python3.12/site-packages/airflow/example_dags/example_branch_operator_decorator.py took 0.024 seconds
[2024-07-07T23:45:33.804+0500] {processor.py:161} INFO - Started process (PID=21055) to work on /home/nicolaspc/anaconda3/envs/mlops_env/lib/python3.12/site-packages/airflow/example_dags/example_branch_operator_decorator.py
[2024-07-07T23:45:33.804+0500] {processor.py:830} INFO - Processing file /home/nicolaspc/anaconda3/envs/mlops_env/lib/python3.12/site-packages/airflow/example_dags/example_branch_operator_decorator.py for tasks to queue
[2024-07-07T23:45:33.805+0500] {logging_mixin.py:188} INFO - [2024-07-07T23:45:33.805+0500] {dagbag.py:545} INFO - Filling up the DagBag from /home/nicolaspc/anaconda3/envs/mlops_env/lib/python3.12/site-packages/airflow/example_dags/example_branch_operator_decorator.py
[2024-07-07T23:45:33.807+0500] {processor.py:842} WARNING - No viable dags retrieved from /home/nicolaspc/anaconda3/envs/mlops_env/lib/python3.12/site-packages/airflow/example_dags/example_branch_operator_decorator.py
[2024-07-07T23:45:33.822+0500] {processor.py:183} INFO - Processing /home/nicolaspc/anaconda3/envs/mlops_env/lib/python3.12/site-packages/airflow/example_dags/example_branch_operator_decorator.py took 0.024 seconds
[2024-07-07T23:46:04.580+0500] {processor.py:161} INFO - Started process (PID=21394) to work on /home/nicolaspc/anaconda3/envs/mlops_env/lib/python3.12/site-packages/airflow/example_dags/example_branch_operator_decorator.py
[2024-07-07T23:46:04.581+0500] {processor.py:830} INFO - Processing file /home/nicolaspc/anaconda3/envs/mlops_env/lib/python3.12/site-packages/airflow/example_dags/example_branch_operator_decorator.py for tasks to queue
[2024-07-07T23:46:04.581+0500] {logging_mixin.py:188} INFO - [2024-07-07T23:46:04.581+0500] {dagbag.py:545} INFO - Filling up the DagBag from /home/nicolaspc/anaconda3/envs/mlops_env/lib/python3.12/site-packages/airflow/example_dags/example_branch_operator_decorator.py
[2024-07-07T23:46:04.583+0500] {processor.py:842} WARNING - No viable dags retrieved from /home/nicolaspc/anaconda3/envs/mlops_env/lib/python3.12/site-packages/airflow/example_dags/example_branch_operator_decorator.py
[2024-07-07T23:46:04.599+0500] {processor.py:183} INFO - Processing /home/nicolaspc/anaconda3/envs/mlops_env/lib/python3.12/site-packages/airflow/example_dags/example_branch_operator_decorator.py took 0.025 seconds
[2024-07-07T23:46:35.171+0500] {processor.py:161} INFO - Started process (PID=21758) to work on /home/nicolaspc/anaconda3/envs/mlops_env/lib/python3.12/site-packages/airflow/example_dags/example_branch_operator_decorator.py
[2024-07-07T23:46:35.172+0500] {processor.py:830} INFO - Processing file /home/nicolaspc/anaconda3/envs/mlops_env/lib/python3.12/site-packages/airflow/example_dags/example_branch_operator_decorator.py for tasks to queue
[2024-07-07T23:46:35.172+0500] {logging_mixin.py:188} INFO - [2024-07-07T23:46:35.172+0500] {dagbag.py:545} INFO - Filling up the DagBag from /home/nicolaspc/anaconda3/envs/mlops_env/lib/python3.12/site-packages/airflow/example_dags/example_branch_operator_decorator.py
[2024-07-07T23:46:35.175+0500] {processor.py:842} WARNING - No viable dags retrieved from /home/nicolaspc/anaconda3/envs/mlops_env/lib/python3.12/site-packages/airflow/example_dags/example_branch_operator_decorator.py
[2024-07-07T23:46:35.192+0500] {processor.py:183} INFO - Processing /home/nicolaspc/anaconda3/envs/mlops_env/lib/python3.12/site-packages/airflow/example_dags/example_branch_operator_decorator.py took 0.027 seconds
[2024-07-07T23:47:05.919+0500] {processor.py:161} INFO - Started process (PID=22090) to work on /home/nicolaspc/anaconda3/envs/mlops_env/lib/python3.12/site-packages/airflow/example_dags/example_branch_operator_decorator.py
[2024-07-07T23:47:05.919+0500] {processor.py:830} INFO - Processing file /home/nicolaspc/anaconda3/envs/mlops_env/lib/python3.12/site-packages/airflow/example_dags/example_branch_operator_decorator.py for tasks to queue
[2024-07-07T23:47:05.920+0500] {logging_mixin.py:188} INFO - [2024-07-07T23:47:05.920+0500] {dagbag.py:545} INFO - Filling up the DagBag from /home/nicolaspc/anaconda3/envs/mlops_env/lib/python3.12/site-packages/airflow/example_dags/example_branch_operator_decorator.py
[2024-07-07T23:47:05.922+0500] {processor.py:842} WARNING - No viable dags retrieved from /home/nicolaspc/anaconda3/envs/mlops_env/lib/python3.12/site-packages/airflow/example_dags/example_branch_operator_decorator.py
[2024-07-07T23:47:05.937+0500] {processor.py:183} INFO - Processing /home/nicolaspc/anaconda3/envs/mlops_env/lib/python3.12/site-packages/airflow/example_dags/example_branch_operator_decorator.py took 0.024 seconds
[2024-07-07T23:47:36.458+0500] {processor.py:161} INFO - Started process (PID=22418) to work on /home/nicolaspc/anaconda3/envs/mlops_env/lib/python3.12/site-packages/airflow/example_dags/example_branch_operator_decorator.py
[2024-07-07T23:47:36.459+0500] {processor.py:830} INFO - Processing file /home/nicolaspc/anaconda3/envs/mlops_env/lib/python3.12/site-packages/airflow/example_dags/example_branch_operator_decorator.py for tasks to queue
[2024-07-07T23:47:36.459+0500] {logging_mixin.py:188} INFO - [2024-07-07T23:47:36.459+0500] {dagbag.py:545} INFO - Filling up the DagBag from /home/nicolaspc/anaconda3/envs/mlops_env/lib/python3.12/site-packages/airflow/example_dags/example_branch_operator_decorator.py
[2024-07-07T23:47:36.461+0500] {processor.py:842} WARNING - No viable dags retrieved from /home/nicolaspc/anaconda3/envs/mlops_env/lib/python3.12/site-packages/airflow/example_dags/example_branch_operator_decorator.py
[2024-07-07T23:47:36.476+0500] {processor.py:183} INFO - Processing /home/nicolaspc/anaconda3/envs/mlops_env/lib/python3.12/site-packages/airflow/example_dags/example_branch_operator_decorator.py took 0.024 seconds
[2024-07-07T23:48:07.029+0500] {processor.py:161} INFO - Started process (PID=22743) to work on /home/nicolaspc/anaconda3/envs/mlops_env/lib/python3.12/site-packages/airflow/example_dags/example_branch_operator_decorator.py
[2024-07-07T23:48:07.029+0500] {processor.py:830} INFO - Processing file /home/nicolaspc/anaconda3/envs/mlops_env/lib/python3.12/site-packages/airflow/example_dags/example_branch_operator_decorator.py for tasks to queue
[2024-07-07T23:48:07.030+0500] {logging_mixin.py:188} INFO - [2024-07-07T23:48:07.030+0500] {dagbag.py:545} INFO - Filling up the DagBag from /home/nicolaspc/anaconda3/envs/mlops_env/lib/python3.12/site-packages/airflow/example_dags/example_branch_operator_decorator.py
[2024-07-07T23:48:07.032+0500] {processor.py:842} WARNING - No viable dags retrieved from /home/nicolaspc/anaconda3/envs/mlops_env/lib/python3.12/site-packages/airflow/example_dags/example_branch_operator_decorator.py
[2024-07-07T23:48:07.048+0500] {processor.py:183} INFO - Processing /home/nicolaspc/anaconda3/envs/mlops_env/lib/python3.12/site-packages/airflow/example_dags/example_branch_operator_decorator.py took 0.025 seconds
[2024-07-07T23:48:37.790+0500] {processor.py:161} INFO - Started process (PID=23099) to work on /home/nicolaspc/anaconda3/envs/mlops_env/lib/python3.12/site-packages/airflow/example_dags/example_branch_operator_decorator.py
[2024-07-07T23:48:37.791+0500] {processor.py:830} INFO - Processing file /home/nicolaspc/anaconda3/envs/mlops_env/lib/python3.12/site-packages/airflow/example_dags/example_branch_operator_decorator.py for tasks to queue
[2024-07-07T23:48:37.791+0500] {logging_mixin.py:188} INFO - [2024-07-07T23:48:37.791+0500] {dagbag.py:545} INFO - Filling up the DagBag from /home/nicolaspc/anaconda3/envs/mlops_env/lib/python3.12/site-packages/airflow/example_dags/example_branch_operator_decorator.py
[2024-07-07T23:48:37.794+0500] {processor.py:842} WARNING - No viable dags retrieved from /home/nicolaspc/anaconda3/envs/mlops_env/lib/python3.12/site-packages/airflow/example_dags/example_branch_operator_decorator.py
[2024-07-07T23:48:37.809+0500] {processor.py:183} INFO - Processing /home/nicolaspc/anaconda3/envs/mlops_env/lib/python3.12/site-packages/airflow/example_dags/example_branch_operator_decorator.py took 0.026 seconds
[2024-07-07T23:49:09.365+0500] {processor.py:161} INFO - Started process (PID=23621) to work on /home/nicolaspc/anaconda3/envs/mlops_env/lib/python3.12/site-packages/airflow/example_dags/example_branch_operator_decorator.py
[2024-07-07T23:49:09.366+0500] {processor.py:830} INFO - Processing file /home/nicolaspc/anaconda3/envs/mlops_env/lib/python3.12/site-packages/airflow/example_dags/example_branch_operator_decorator.py for tasks to queue
[2024-07-07T23:49:09.366+0500] {logging_mixin.py:188} INFO - [2024-07-07T23:49:09.366+0500] {dagbag.py:545} INFO - Filling up the DagBag from /home/nicolaspc/anaconda3/envs/mlops_env/lib/python3.12/site-packages/airflow/example_dags/example_branch_operator_decorator.py
[2024-07-07T23:49:09.368+0500] {processor.py:842} WARNING - No viable dags retrieved from /home/nicolaspc/anaconda3/envs/mlops_env/lib/python3.12/site-packages/airflow/example_dags/example_branch_operator_decorator.py
[2024-07-07T23:49:09.383+0500] {processor.py:183} INFO - Processing /home/nicolaspc/anaconda3/envs/mlops_env/lib/python3.12/site-packages/airflow/example_dags/example_branch_operator_decorator.py took 0.024 seconds
[2024-07-07T23:49:40.183+0500] {processor.py:161} INFO - Started process (PID=23973) to work on /home/nicolaspc/anaconda3/envs/mlops_env/lib/python3.12/site-packages/airflow/example_dags/example_branch_operator_decorator.py
[2024-07-07T23:49:40.184+0500] {processor.py:830} INFO - Processing file /home/nicolaspc/anaconda3/envs/mlops_env/lib/python3.12/site-packages/airflow/example_dags/example_branch_operator_decorator.py for tasks to queue
[2024-07-07T23:49:40.185+0500] {logging_mixin.py:188} INFO - [2024-07-07T23:49:40.184+0500] {dagbag.py:545} INFO - Filling up the DagBag from /home/nicolaspc/anaconda3/envs/mlops_env/lib/python3.12/site-packages/airflow/example_dags/example_branch_operator_decorator.py
[2024-07-07T23:49:40.187+0500] {processor.py:842} WARNING - No viable dags retrieved from /home/nicolaspc/anaconda3/envs/mlops_env/lib/python3.12/site-packages/airflow/example_dags/example_branch_operator_decorator.py
[2024-07-07T23:49:40.202+0500] {processor.py:183} INFO - Processing /home/nicolaspc/anaconda3/envs/mlops_env/lib/python3.12/site-packages/airflow/example_dags/example_branch_operator_decorator.py took 0.024 seconds
