[2024-07-07T23:35:19.650+0500] {processor.py:161} INFO - Started process (PID=13465) to work on /home/nicolaspc/anaconda3/envs/mlops_env/lib/python3.12/site-packages/airflow/example_dags/example_dynamic_task_mapping.py
[2024-07-07T23:35:19.650+0500] {processor.py:830} INFO - Processing file /home/nicolaspc/anaconda3/envs/mlops_env/lib/python3.12/site-packages/airflow/example_dags/example_dynamic_task_mapping.py for tasks to queue
[2024-07-07T23:35:19.651+0500] {logging_mixin.py:188} INFO - [2024-07-07T23:35:19.651+0500] {dagbag.py:545} INFO - Filling up the DagBag from /home/nicolaspc/anaconda3/envs/mlops_env/lib/python3.12/site-packages/airflow/example_dags/example_dynamic_task_mapping.py
[2024-07-07T23:35:19.656+0500] {processor.py:840} INFO - DAG(s) 'example_dynamic_task_mapping' retrieved from /home/nicolaspc/anaconda3/envs/mlops_env/lib/python3.12/site-packages/airflow/example_dags/example_dynamic_task_mapping.py
[2024-07-07T23:35:19.676+0500] {logging_mixin.py:188} INFO - [2024-07-07T23:35:19.675+0500] {dag.py:3096} INFO - Sync 1 DAGs
[2024-07-07T23:35:19.691+0500] {logging_mixin.py:188} INFO - [2024-07-07T23:35:19.690+0500] {dag.py:3954} INFO - Setting next_dagrun for example_dynamic_task_mapping to 2022-03-04 00:00:00+00:00, run_after=2022-03-05 00:00:00+00:00
[2024-07-07T23:35:19.706+0500] {processor.py:183} INFO - Processing /home/nicolaspc/anaconda3/envs/mlops_env/lib/python3.12/site-packages/airflow/example_dags/example_dynamic_task_mapping.py took 0.061 seconds
[2024-07-07T23:35:50.271+0500] {processor.py:161} INFO - Started process (PID=13814) to work on /home/nicolaspc/anaconda3/envs/mlops_env/lib/python3.12/site-packages/airflow/example_dags/example_dynamic_task_mapping.py
[2024-07-07T23:35:50.271+0500] {processor.py:830} INFO - Processing file /home/nicolaspc/anaconda3/envs/mlops_env/lib/python3.12/site-packages/airflow/example_dags/example_dynamic_task_mapping.py for tasks to queue
[2024-07-07T23:35:50.272+0500] {logging_mixin.py:188} INFO - [2024-07-07T23:35:50.271+0500] {dagbag.py:545} INFO - Filling up the DagBag from /home/nicolaspc/anaconda3/envs/mlops_env/lib/python3.12/site-packages/airflow/example_dags/example_dynamic_task_mapping.py
[2024-07-07T23:35:50.276+0500] {processor.py:840} INFO - DAG(s) 'example_dynamic_task_mapping' retrieved from /home/nicolaspc/anaconda3/envs/mlops_env/lib/python3.12/site-packages/airflow/example_dags/example_dynamic_task_mapping.py
[2024-07-07T23:35:50.295+0500] {logging_mixin.py:188} INFO - [2024-07-07T23:35:50.295+0500] {dag.py:3096} INFO - Sync 1 DAGs
[2024-07-07T23:35:50.310+0500] {logging_mixin.py:188} INFO - [2024-07-07T23:35:50.310+0500] {dag.py:3954} INFO - Setting next_dagrun for example_dynamic_task_mapping to 2022-03-04 00:00:00+00:00, run_after=2022-03-05 00:00:00+00:00
[2024-07-07T23:35:50.325+0500] {processor.py:183} INFO - Processing /home/nicolaspc/anaconda3/envs/mlops_env/lib/python3.12/site-packages/airflow/example_dags/example_dynamic_task_mapping.py took 0.060 seconds
[2024-07-07T23:36:20.985+0500] {processor.py:161} INFO - Started process (PID=14230) to work on /home/nicolaspc/anaconda3/envs/mlops_env/lib/python3.12/site-packages/airflow/example_dags/example_dynamic_task_mapping.py
[2024-07-07T23:36:20.986+0500] {processor.py:830} INFO - Processing file /home/nicolaspc/anaconda3/envs/mlops_env/lib/python3.12/site-packages/airflow/example_dags/example_dynamic_task_mapping.py for tasks to queue
[2024-07-07T23:36:20.986+0500] {logging_mixin.py:188} INFO - [2024-07-07T23:36:20.986+0500] {dagbag.py:545} INFO - Filling up the DagBag from /home/nicolaspc/anaconda3/envs/mlops_env/lib/python3.12/site-packages/airflow/example_dags/example_dynamic_task_mapping.py
[2024-07-07T23:36:20.991+0500] {processor.py:840} INFO - DAG(s) 'example_dynamic_task_mapping' retrieved from /home/nicolaspc/anaconda3/envs/mlops_env/lib/python3.12/site-packages/airflow/example_dags/example_dynamic_task_mapping.py
[2024-07-07T23:36:21.012+0500] {logging_mixin.py:188} INFO - [2024-07-07T23:36:21.012+0500] {dag.py:3096} INFO - Sync 1 DAGs
[2024-07-07T23:36:21.028+0500] {logging_mixin.py:188} INFO - [2024-07-07T23:36:21.028+0500] {dag.py:3954} INFO - Setting next_dagrun for example_dynamic_task_mapping to 2022-03-04 00:00:00+00:00, run_after=2022-03-05 00:00:00+00:00
[2024-07-07T23:36:21.043+0500] {processor.py:183} INFO - Processing /home/nicolaspc/anaconda3/envs/mlops_env/lib/python3.12/site-packages/airflow/example_dags/example_dynamic_task_mapping.py took 0.064 seconds
[2024-07-07T23:36:37.715+0500] {processor.py:161} INFO - Started process (PID=14392) to work on /home/nicolaspc/anaconda3/envs/mlops_env/lib/python3.12/site-packages/airflow/example_dags/example_dynamic_task_mapping.py
[2024-07-07T23:36:37.715+0500] {processor.py:830} INFO - Processing file /home/nicolaspc/anaconda3/envs/mlops_env/lib/python3.12/site-packages/airflow/example_dags/example_dynamic_task_mapping.py for tasks to queue
[2024-07-07T23:36:37.717+0500] {logging_mixin.py:188} INFO - [2024-07-07T23:36:37.717+0500] {dagbag.py:545} INFO - Filling up the DagBag from /home/nicolaspc/anaconda3/envs/mlops_env/lib/python3.12/site-packages/airflow/example_dags/example_dynamic_task_mapping.py
[2024-07-07T23:36:37.721+0500] {processor.py:840} INFO - DAG(s) 'example_dynamic_task_mapping' retrieved from /home/nicolaspc/anaconda3/envs/mlops_env/lib/python3.12/site-packages/airflow/example_dags/example_dynamic_task_mapping.py
[2024-07-07T23:36:37.797+0500] {logging_mixin.py:188} INFO - [2024-07-07T23:36:37.796+0500] {override.py:1829} INFO - Created Permission View: can delete on DAG:example_dynamic_task_mapping
[2024-07-07T23:36:37.812+0500] {logging_mixin.py:188} INFO - [2024-07-07T23:36:37.811+0500] {override.py:1829} INFO - Created Permission View: can edit on DAG:example_dynamic_task_mapping
[2024-07-07T23:36:37.824+0500] {logging_mixin.py:188} INFO - [2024-07-07T23:36:37.823+0500] {override.py:1829} INFO - Created Permission View: can read on DAG:example_dynamic_task_mapping
[2024-07-07T23:36:37.824+0500] {logging_mixin.py:188} INFO - [2024-07-07T23:36:37.824+0500] {dag.py:3096} INFO - Sync 1 DAGs
[2024-07-07T23:36:37.831+0500] {logging_mixin.py:188} INFO - [2024-07-07T23:36:37.830+0500] {dag.py:3118} INFO - Creating ORM DAG for example_dynamic_task_mapping
[2024-07-07T23:36:37.836+0500] {logging_mixin.py:188} INFO - [2024-07-07T23:36:37.836+0500] {dag.py:3954} INFO - Setting next_dagrun for example_dynamic_task_mapping to 2022-03-04 00:00:00+00:00, run_after=2022-03-05 00:00:00+00:00
[2024-07-07T23:36:37.854+0500] {processor.py:183} INFO - Processing /home/nicolaspc/anaconda3/envs/mlops_env/lib/python3.12/site-packages/airflow/example_dags/example_dynamic_task_mapping.py took 0.143 seconds
[2024-07-07T23:36:51.622+0500] {processor.py:161} INFO - Started process (PID=14621) to work on /home/nicolaspc/anaconda3/envs/mlops_env/lib/python3.12/site-packages/airflow/example_dags/example_dynamic_task_mapping.py
[2024-07-07T23:36:51.623+0500] {processor.py:830} INFO - Processing file /home/nicolaspc/anaconda3/envs/mlops_env/lib/python3.12/site-packages/airflow/example_dags/example_dynamic_task_mapping.py for tasks to queue
[2024-07-07T23:36:51.624+0500] {logging_mixin.py:188} INFO - [2024-07-07T23:36:51.623+0500] {dagbag.py:545} INFO - Filling up the DagBag from /home/nicolaspc/anaconda3/envs/mlops_env/lib/python3.12/site-packages/airflow/example_dags/example_dynamic_task_mapping.py
[2024-07-07T23:36:51.628+0500] {processor.py:840} INFO - DAG(s) 'example_dynamic_task_mapping' retrieved from /home/nicolaspc/anaconda3/envs/mlops_env/lib/python3.12/site-packages/airflow/example_dags/example_dynamic_task_mapping.py
[2024-07-07T23:36:51.646+0500] {logging_mixin.py:188} INFO - [2024-07-07T23:36:51.646+0500] {dag.py:3096} INFO - Sync 1 DAGs
[2024-07-07T23:36:51.661+0500] {logging_mixin.py:188} INFO - [2024-07-07T23:36:51.661+0500] {dag.py:3954} INFO - Setting next_dagrun for example_dynamic_task_mapping to 2022-03-04 00:00:00+00:00, run_after=2022-03-05 00:00:00+00:00
[2024-07-07T23:36:51.676+0500] {processor.py:183} INFO - Processing /home/nicolaspc/anaconda3/envs/mlops_env/lib/python3.12/site-packages/airflow/example_dags/example_dynamic_task_mapping.py took 0.059 seconds
[2024-07-07T23:37:21.927+0500] {processor.py:161} INFO - Started process (PID=14976) to work on /home/nicolaspc/anaconda3/envs/mlops_env/lib/python3.12/site-packages/airflow/example_dags/example_dynamic_task_mapping.py
[2024-07-07T23:37:21.935+0500] {processor.py:830} INFO - Processing file /home/nicolaspc/anaconda3/envs/mlops_env/lib/python3.12/site-packages/airflow/example_dags/example_dynamic_task_mapping.py for tasks to queue
[2024-07-07T23:37:21.936+0500] {logging_mixin.py:188} INFO - [2024-07-07T23:37:21.936+0500] {dagbag.py:545} INFO - Filling up the DagBag from /home/nicolaspc/anaconda3/envs/mlops_env/lib/python3.12/site-packages/airflow/example_dags/example_dynamic_task_mapping.py
[2024-07-07T23:37:21.941+0500] {processor.py:840} INFO - DAG(s) 'example_dynamic_task_mapping' retrieved from /home/nicolaspc/anaconda3/envs/mlops_env/lib/python3.12/site-packages/airflow/example_dags/example_dynamic_task_mapping.py
[2024-07-07T23:37:21.960+0500] {logging_mixin.py:188} INFO - [2024-07-07T23:37:21.959+0500] {dag.py:3096} INFO - Sync 1 DAGs
[2024-07-07T23:37:21.974+0500] {logging_mixin.py:188} INFO - [2024-07-07T23:37:21.974+0500] {dag.py:3954} INFO - Setting next_dagrun for example_dynamic_task_mapping to 2022-03-04 00:00:00+00:00, run_after=2022-03-05 00:00:00+00:00
[2024-07-07T23:37:21.989+0500] {processor.py:183} INFO - Processing /home/nicolaspc/anaconda3/envs/mlops_env/lib/python3.12/site-packages/airflow/example_dags/example_dynamic_task_mapping.py took 0.069 seconds
[2024-07-07T23:37:29.375+0500] {processor.py:161} INFO - Started process (PID=15120) to work on /home/nicolaspc/anaconda3/envs/mlops_env/lib/python3.12/site-packages/airflow/example_dags/example_dynamic_task_mapping.py
[2024-07-07T23:37:29.383+0500] {processor.py:830} INFO - Processing file /home/nicolaspc/anaconda3/envs/mlops_env/lib/python3.12/site-packages/airflow/example_dags/example_dynamic_task_mapping.py for tasks to queue
[2024-07-07T23:37:29.385+0500] {logging_mixin.py:188} INFO - [2024-07-07T23:37:29.385+0500] {dagbag.py:545} INFO - Filling up the DagBag from /home/nicolaspc/anaconda3/envs/mlops_env/lib/python3.12/site-packages/airflow/example_dags/example_dynamic_task_mapping.py
[2024-07-07T23:37:29.390+0500] {processor.py:840} INFO - DAG(s) 'example_dynamic_task_mapping' retrieved from /home/nicolaspc/anaconda3/envs/mlops_env/lib/python3.12/site-packages/airflow/example_dags/example_dynamic_task_mapping.py
[2024-07-07T23:37:29.400+0500] {logging_mixin.py:188} INFO - [2024-07-07T23:37:29.400+0500] {dag.py:3096} INFO - Sync 1 DAGs
[2024-07-07T23:37:29.412+0500] {logging_mixin.py:188} INFO - [2024-07-07T23:37:29.411+0500] {dag.py:3954} INFO - Setting next_dagrun for example_dynamic_task_mapping to 2022-03-04 00:00:00+00:00, run_after=2022-03-05 00:00:00+00:00
[2024-07-07T23:37:29.431+0500] {processor.py:183} INFO - Processing /home/nicolaspc/anaconda3/envs/mlops_env/lib/python3.12/site-packages/airflow/example_dags/example_dynamic_task_mapping.py took 0.060 seconds
[2024-07-07T23:37:52.287+0500] {processor.py:161} INFO - Started process (PID=15344) to work on /home/nicolaspc/anaconda3/envs/mlops_env/lib/python3.12/site-packages/airflow/example_dags/example_dynamic_task_mapping.py
[2024-07-07T23:37:52.287+0500] {processor.py:830} INFO - Processing file /home/nicolaspc/anaconda3/envs/mlops_env/lib/python3.12/site-packages/airflow/example_dags/example_dynamic_task_mapping.py for tasks to queue
[2024-07-07T23:37:52.288+0500] {logging_mixin.py:188} INFO - [2024-07-07T23:37:52.288+0500] {dagbag.py:545} INFO - Filling up the DagBag from /home/nicolaspc/anaconda3/envs/mlops_env/lib/python3.12/site-packages/airflow/example_dags/example_dynamic_task_mapping.py
[2024-07-07T23:37:52.292+0500] {processor.py:840} INFO - DAG(s) 'example_dynamic_task_mapping' retrieved from /home/nicolaspc/anaconda3/envs/mlops_env/lib/python3.12/site-packages/airflow/example_dags/example_dynamic_task_mapping.py
[2024-07-07T23:37:52.316+0500] {logging_mixin.py:188} INFO - [2024-07-07T23:37:52.315+0500] {dag.py:3096} INFO - Sync 1 DAGs
[2024-07-07T23:37:52.332+0500] {logging_mixin.py:188} INFO - [2024-07-07T23:37:52.332+0500] {dag.py:3954} INFO - Setting next_dagrun for example_dynamic_task_mapping to 2022-03-04 00:00:00+00:00, run_after=2022-03-05 00:00:00+00:00
[2024-07-07T23:37:52.349+0500] {processor.py:183} INFO - Processing /home/nicolaspc/anaconda3/envs/mlops_env/lib/python3.12/site-packages/airflow/example_dags/example_dynamic_task_mapping.py took 0.068 seconds
[2024-07-07T23:38:17.916+0500] {processor.py:161} INFO - Started process (PID=15543) to work on /home/nicolaspc/anaconda3/envs/mlops_env/lib/python3.12/site-packages/airflow/example_dags/example_dynamic_task_mapping.py
[2024-07-07T23:38:17.925+0500] {processor.py:830} INFO - Processing file /home/nicolaspc/anaconda3/envs/mlops_env/lib/python3.12/site-packages/airflow/example_dags/example_dynamic_task_mapping.py for tasks to queue
[2024-07-07T23:38:17.927+0500] {logging_mixin.py:188} INFO - [2024-07-07T23:38:17.927+0500] {dagbag.py:545} INFO - Filling up the DagBag from /home/nicolaspc/anaconda3/envs/mlops_env/lib/python3.12/site-packages/airflow/example_dags/example_dynamic_task_mapping.py
[2024-07-07T23:38:17.931+0500] {processor.py:840} INFO - DAG(s) 'example_dynamic_task_mapping' retrieved from /home/nicolaspc/anaconda3/envs/mlops_env/lib/python3.12/site-packages/airflow/example_dags/example_dynamic_task_mapping.py
[2024-07-07T23:38:17.941+0500] {logging_mixin.py:188} INFO - [2024-07-07T23:38:17.941+0500] {dag.py:3096} INFO - Sync 1 DAGs
[2024-07-07T23:38:17.952+0500] {logging_mixin.py:188} INFO - [2024-07-07T23:38:17.952+0500] {dag.py:3954} INFO - Setting next_dagrun for example_dynamic_task_mapping to 2022-03-04 00:00:00+00:00, run_after=2022-03-05 00:00:00+00:00
[2024-07-07T23:38:17.980+0500] {processor.py:183} INFO - Processing /home/nicolaspc/anaconda3/envs/mlops_env/lib/python3.12/site-packages/airflow/example_dags/example_dynamic_task_mapping.py took 0.068 seconds
[2024-07-07T23:38:23.136+0500] {processor.py:161} INFO - Started process (PID=15754) to work on /home/nicolaspc/anaconda3/envs/mlops_env/lib/python3.12/site-packages/airflow/example_dags/example_dynamic_task_mapping.py
[2024-07-07T23:38:23.137+0500] {processor.py:830} INFO - Processing file /home/nicolaspc/anaconda3/envs/mlops_env/lib/python3.12/site-packages/airflow/example_dags/example_dynamic_task_mapping.py for tasks to queue
[2024-07-07T23:38:23.137+0500] {logging_mixin.py:188} INFO - [2024-07-07T23:38:23.137+0500] {dagbag.py:545} INFO - Filling up the DagBag from /home/nicolaspc/anaconda3/envs/mlops_env/lib/python3.12/site-packages/airflow/example_dags/example_dynamic_task_mapping.py
[2024-07-07T23:38:23.142+0500] {processor.py:840} INFO - DAG(s) 'example_dynamic_task_mapping' retrieved from /home/nicolaspc/anaconda3/envs/mlops_env/lib/python3.12/site-packages/airflow/example_dags/example_dynamic_task_mapping.py
[2024-07-07T23:38:23.165+0500] {logging_mixin.py:188} INFO - [2024-07-07T23:38:23.165+0500] {dag.py:3096} INFO - Sync 1 DAGs
[2024-07-07T23:38:23.181+0500] {logging_mixin.py:188} INFO - [2024-07-07T23:38:23.180+0500] {dag.py:3954} INFO - Setting next_dagrun for example_dynamic_task_mapping to 2022-03-04 00:00:00+00:00, run_after=2022-03-05 00:00:00+00:00
[2024-07-07T23:38:23.195+0500] {processor.py:183} INFO - Processing /home/nicolaspc/anaconda3/envs/mlops_env/lib/python3.12/site-packages/airflow/example_dags/example_dynamic_task_mapping.py took 0.064 seconds
[2024-07-07T23:38:53.919+0500] {processor.py:161} INFO - Started process (PID=16140) to work on /home/nicolaspc/anaconda3/envs/mlops_env/lib/python3.12/site-packages/airflow/example_dags/example_dynamic_task_mapping.py
[2024-07-07T23:38:53.923+0500] {processor.py:830} INFO - Processing file /home/nicolaspc/anaconda3/envs/mlops_env/lib/python3.12/site-packages/airflow/example_dags/example_dynamic_task_mapping.py for tasks to queue
[2024-07-07T23:38:53.924+0500] {logging_mixin.py:188} INFO - [2024-07-07T23:38:53.923+0500] {dagbag.py:545} INFO - Filling up the DagBag from /home/nicolaspc/anaconda3/envs/mlops_env/lib/python3.12/site-packages/airflow/example_dags/example_dynamic_task_mapping.py
[2024-07-07T23:38:53.928+0500] {processor.py:840} INFO - DAG(s) 'example_dynamic_task_mapping' retrieved from /home/nicolaspc/anaconda3/envs/mlops_env/lib/python3.12/site-packages/airflow/example_dags/example_dynamic_task_mapping.py
[2024-07-07T23:38:53.949+0500] {logging_mixin.py:188} INFO - [2024-07-07T23:38:53.949+0500] {dag.py:3096} INFO - Sync 1 DAGs
[2024-07-07T23:38:53.965+0500] {logging_mixin.py:188} INFO - [2024-07-07T23:38:53.965+0500] {dag.py:3954} INFO - Setting next_dagrun for example_dynamic_task_mapping to 2022-03-04 00:00:00+00:00, run_after=2022-03-05 00:00:00+00:00
[2024-07-07T23:38:53.979+0500] {processor.py:183} INFO - Processing /home/nicolaspc/anaconda3/envs/mlops_env/lib/python3.12/site-packages/airflow/example_dags/example_dynamic_task_mapping.py took 0.066 seconds
[2024-07-07T23:39:16.457+0500] {processor.py:161} INFO - Started process (PID=16324) to work on /home/nicolaspc/anaconda3/envs/mlops_env/lib/python3.12/site-packages/airflow/example_dags/example_dynamic_task_mapping.py
[2024-07-07T23:39:16.466+0500] {processor.py:830} INFO - Processing file /home/nicolaspc/anaconda3/envs/mlops_env/lib/python3.12/site-packages/airflow/example_dags/example_dynamic_task_mapping.py for tasks to queue
[2024-07-07T23:39:16.467+0500] {logging_mixin.py:188} INFO - [2024-07-07T23:39:16.467+0500] {dagbag.py:545} INFO - Filling up the DagBag from /home/nicolaspc/anaconda3/envs/mlops_env/lib/python3.12/site-packages/airflow/example_dags/example_dynamic_task_mapping.py
[2024-07-07T23:39:16.472+0500] {processor.py:840} INFO - DAG(s) 'example_dynamic_task_mapping' retrieved from /home/nicolaspc/anaconda3/envs/mlops_env/lib/python3.12/site-packages/airflow/example_dags/example_dynamic_task_mapping.py
[2024-07-07T23:39:16.482+0500] {logging_mixin.py:188} INFO - [2024-07-07T23:39:16.481+0500] {dag.py:3096} INFO - Sync 1 DAGs
[2024-07-07T23:39:16.493+0500] {logging_mixin.py:188} INFO - [2024-07-07T23:39:16.493+0500] {dag.py:3954} INFO - Setting next_dagrun for example_dynamic_task_mapping to 2022-03-04 00:00:00+00:00, run_after=2022-03-05 00:00:00+00:00
[2024-07-07T23:39:16.525+0500] {processor.py:183} INFO - Processing /home/nicolaspc/anaconda3/envs/mlops_env/lib/python3.12/site-packages/airflow/example_dags/example_dynamic_task_mapping.py took 0.072 seconds
[2024-07-07T23:39:24.272+0500] {processor.py:161} INFO - Started process (PID=16516) to work on /home/nicolaspc/anaconda3/envs/mlops_env/lib/python3.12/site-packages/airflow/example_dags/example_dynamic_task_mapping.py
[2024-07-07T23:39:24.273+0500] {processor.py:830} INFO - Processing file /home/nicolaspc/anaconda3/envs/mlops_env/lib/python3.12/site-packages/airflow/example_dags/example_dynamic_task_mapping.py for tasks to queue
[2024-07-07T23:39:24.273+0500] {logging_mixin.py:188} INFO - [2024-07-07T23:39:24.273+0500] {dagbag.py:545} INFO - Filling up the DagBag from /home/nicolaspc/anaconda3/envs/mlops_env/lib/python3.12/site-packages/airflow/example_dags/example_dynamic_task_mapping.py
[2024-07-07T23:39:24.278+0500] {processor.py:840} INFO - DAG(s) 'example_dynamic_task_mapping' retrieved from /home/nicolaspc/anaconda3/envs/mlops_env/lib/python3.12/site-packages/airflow/example_dags/example_dynamic_task_mapping.py
[2024-07-07T23:39:24.297+0500] {logging_mixin.py:188} INFO - [2024-07-07T23:39:24.297+0500] {dag.py:3096} INFO - Sync 1 DAGs
[2024-07-07T23:39:24.314+0500] {logging_mixin.py:188} INFO - [2024-07-07T23:39:24.314+0500] {dag.py:3954} INFO - Setting next_dagrun for example_dynamic_task_mapping to 2022-03-04 00:00:00+00:00, run_after=2022-03-05 00:00:00+00:00
[2024-07-07T23:39:24.329+0500] {processor.py:183} INFO - Processing /home/nicolaspc/anaconda3/envs/mlops_env/lib/python3.12/site-packages/airflow/example_dags/example_dynamic_task_mapping.py took 0.062 seconds
[2024-07-07T23:39:55.172+0500] {processor.py:161} INFO - Started process (PID=16893) to work on /home/nicolaspc/anaconda3/envs/mlops_env/lib/python3.12/site-packages/airflow/example_dags/example_dynamic_task_mapping.py
[2024-07-07T23:39:55.173+0500] {processor.py:830} INFO - Processing file /home/nicolaspc/anaconda3/envs/mlops_env/lib/python3.12/site-packages/airflow/example_dags/example_dynamic_task_mapping.py for tasks to queue
[2024-07-07T23:39:55.173+0500] {logging_mixin.py:188} INFO - [2024-07-07T23:39:55.173+0500] {dagbag.py:545} INFO - Filling up the DagBag from /home/nicolaspc/anaconda3/envs/mlops_env/lib/python3.12/site-packages/airflow/example_dags/example_dynamic_task_mapping.py
[2024-07-07T23:39:55.178+0500] {processor.py:840} INFO - DAG(s) 'example_dynamic_task_mapping' retrieved from /home/nicolaspc/anaconda3/envs/mlops_env/lib/python3.12/site-packages/airflow/example_dags/example_dynamic_task_mapping.py
[2024-07-07T23:39:55.197+0500] {logging_mixin.py:188} INFO - [2024-07-07T23:39:55.197+0500] {dag.py:3096} INFO - Sync 1 DAGs
[2024-07-07T23:39:55.214+0500] {logging_mixin.py:188} INFO - [2024-07-07T23:39:55.214+0500] {dag.py:3954} INFO - Setting next_dagrun for example_dynamic_task_mapping to 2022-03-04 00:00:00+00:00, run_after=2022-03-05 00:00:00+00:00
[2024-07-07T23:39:55.229+0500] {processor.py:183} INFO - Processing /home/nicolaspc/anaconda3/envs/mlops_env/lib/python3.12/site-packages/airflow/example_dags/example_dynamic_task_mapping.py took 0.063 seconds
[2024-07-07T23:40:16.647+0500] {processor.py:161} INFO - Started process (PID=17101) to work on /home/nicolaspc/anaconda3/envs/mlops_env/lib/python3.12/site-packages/airflow/example_dags/example_dynamic_task_mapping.py
[2024-07-07T23:40:16.648+0500] {processor.py:830} INFO - Processing file /home/nicolaspc/anaconda3/envs/mlops_env/lib/python3.12/site-packages/airflow/example_dags/example_dynamic_task_mapping.py for tasks to queue
[2024-07-07T23:40:16.649+0500] {logging_mixin.py:188} INFO - [2024-07-07T23:40:16.649+0500] {dagbag.py:545} INFO - Filling up the DagBag from /home/nicolaspc/anaconda3/envs/mlops_env/lib/python3.12/site-packages/airflow/example_dags/example_dynamic_task_mapping.py
[2024-07-07T23:40:16.656+0500] {processor.py:840} INFO - DAG(s) 'example_dynamic_task_mapping' retrieved from /home/nicolaspc/anaconda3/envs/mlops_env/lib/python3.12/site-packages/airflow/example_dags/example_dynamic_task_mapping.py
[2024-07-07T23:40:16.667+0500] {logging_mixin.py:188} INFO - [2024-07-07T23:40:16.667+0500] {dag.py:3096} INFO - Sync 1 DAGs
[2024-07-07T23:40:16.679+0500] {logging_mixin.py:188} INFO - [2024-07-07T23:40:16.679+0500] {dag.py:3954} INFO - Setting next_dagrun for example_dynamic_task_mapping to 2022-03-04 00:00:00+00:00, run_after=2022-03-05 00:00:00+00:00
[2024-07-07T23:40:16.700+0500] {processor.py:183} INFO - Processing /home/nicolaspc/anaconda3/envs/mlops_env/lib/python3.12/site-packages/airflow/example_dags/example_dynamic_task_mapping.py took 0.056 seconds
[2024-07-07T23:40:25.901+0500] {processor.py:161} INFO - Started process (PID=17326) to work on /home/nicolaspc/anaconda3/envs/mlops_env/lib/python3.12/site-packages/airflow/example_dags/example_dynamic_task_mapping.py
[2024-07-07T23:40:25.902+0500] {processor.py:830} INFO - Processing file /home/nicolaspc/anaconda3/envs/mlops_env/lib/python3.12/site-packages/airflow/example_dags/example_dynamic_task_mapping.py for tasks to queue
[2024-07-07T23:40:25.903+0500] {logging_mixin.py:188} INFO - [2024-07-07T23:40:25.902+0500] {dagbag.py:545} INFO - Filling up the DagBag from /home/nicolaspc/anaconda3/envs/mlops_env/lib/python3.12/site-packages/airflow/example_dags/example_dynamic_task_mapping.py
[2024-07-07T23:40:25.908+0500] {processor.py:840} INFO - DAG(s) 'example_dynamic_task_mapping' retrieved from /home/nicolaspc/anaconda3/envs/mlops_env/lib/python3.12/site-packages/airflow/example_dags/example_dynamic_task_mapping.py
[2024-07-07T23:40:25.928+0500] {logging_mixin.py:188} INFO - [2024-07-07T23:40:25.928+0500] {dag.py:3096} INFO - Sync 1 DAGs
[2024-07-07T23:40:25.945+0500] {logging_mixin.py:188} INFO - [2024-07-07T23:40:25.945+0500] {dag.py:3954} INFO - Setting next_dagrun for example_dynamic_task_mapping to 2022-03-04 00:00:00+00:00, run_after=2022-03-05 00:00:00+00:00
[2024-07-07T23:40:25.962+0500] {processor.py:183} INFO - Processing /home/nicolaspc/anaconda3/envs/mlops_env/lib/python3.12/site-packages/airflow/example_dags/example_dynamic_task_mapping.py took 0.067 seconds
[2024-07-07T23:40:56.673+0500] {processor.py:161} INFO - Started process (PID=17690) to work on /home/nicolaspc/anaconda3/envs/mlops_env/lib/python3.12/site-packages/airflow/example_dags/example_dynamic_task_mapping.py
[2024-07-07T23:40:56.674+0500] {processor.py:830} INFO - Processing file /home/nicolaspc/anaconda3/envs/mlops_env/lib/python3.12/site-packages/airflow/example_dags/example_dynamic_task_mapping.py for tasks to queue
[2024-07-07T23:40:56.674+0500] {logging_mixin.py:188} INFO - [2024-07-07T23:40:56.674+0500] {dagbag.py:545} INFO - Filling up the DagBag from /home/nicolaspc/anaconda3/envs/mlops_env/lib/python3.12/site-packages/airflow/example_dags/example_dynamic_task_mapping.py
[2024-07-07T23:40:56.679+0500] {processor.py:840} INFO - DAG(s) 'example_dynamic_task_mapping' retrieved from /home/nicolaspc/anaconda3/envs/mlops_env/lib/python3.12/site-packages/airflow/example_dags/example_dynamic_task_mapping.py
[2024-07-07T23:40:56.701+0500] {logging_mixin.py:188} INFO - [2024-07-07T23:40:56.701+0500] {dag.py:3096} INFO - Sync 1 DAGs
[2024-07-07T23:40:56.718+0500] {logging_mixin.py:188} INFO - [2024-07-07T23:40:56.718+0500] {dag.py:3954} INFO - Setting next_dagrun for example_dynamic_task_mapping to 2022-03-04 00:00:00+00:00, run_after=2022-03-05 00:00:00+00:00
[2024-07-07T23:40:56.735+0500] {processor.py:183} INFO - Processing /home/nicolaspc/anaconda3/envs/mlops_env/lib/python3.12/site-packages/airflow/example_dags/example_dynamic_task_mapping.py took 0.068 seconds
[2024-07-07T23:41:17.509+0500] {processor.py:161} INFO - Started process (PID=17856) to work on /home/nicolaspc/anaconda3/envs/mlops_env/lib/python3.12/site-packages/airflow/example_dags/example_dynamic_task_mapping.py
[2024-07-07T23:41:17.517+0500] {processor.py:830} INFO - Processing file /home/nicolaspc/anaconda3/envs/mlops_env/lib/python3.12/site-packages/airflow/example_dags/example_dynamic_task_mapping.py for tasks to queue
[2024-07-07T23:41:17.519+0500] {logging_mixin.py:188} INFO - [2024-07-07T23:41:17.518+0500] {dagbag.py:545} INFO - Filling up the DagBag from /home/nicolaspc/anaconda3/envs/mlops_env/lib/python3.12/site-packages/airflow/example_dags/example_dynamic_task_mapping.py
[2024-07-07T23:41:17.523+0500] {processor.py:840} INFO - DAG(s) 'example_dynamic_task_mapping' retrieved from /home/nicolaspc/anaconda3/envs/mlops_env/lib/python3.12/site-packages/airflow/example_dags/example_dynamic_task_mapping.py
[2024-07-07T23:41:17.535+0500] {logging_mixin.py:188} INFO - [2024-07-07T23:41:17.534+0500] {dag.py:3096} INFO - Sync 1 DAGs
[2024-07-07T23:41:17.566+0500] {logging_mixin.py:188} INFO - [2024-07-07T23:41:17.566+0500] {dag.py:3954} INFO - Setting next_dagrun for example_dynamic_task_mapping to 2022-03-04 00:00:00+00:00, run_after=2022-03-05 00:00:00+00:00
[2024-07-07T23:41:17.587+0500] {processor.py:183} INFO - Processing /home/nicolaspc/anaconda3/envs/mlops_env/lib/python3.12/site-packages/airflow/example_dags/example_dynamic_task_mapping.py took 0.082 seconds
[2024-07-07T23:41:27.472+0500] {processor.py:161} INFO - Started process (PID=18104) to work on /home/nicolaspc/anaconda3/envs/mlops_env/lib/python3.12/site-packages/airflow/example_dags/example_dynamic_task_mapping.py
[2024-07-07T23:41:27.473+0500] {processor.py:830} INFO - Processing file /home/nicolaspc/anaconda3/envs/mlops_env/lib/python3.12/site-packages/airflow/example_dags/example_dynamic_task_mapping.py for tasks to queue
[2024-07-07T23:41:27.473+0500] {logging_mixin.py:188} INFO - [2024-07-07T23:41:27.473+0500] {dagbag.py:545} INFO - Filling up the DagBag from /home/nicolaspc/anaconda3/envs/mlops_env/lib/python3.12/site-packages/airflow/example_dags/example_dynamic_task_mapping.py
[2024-07-07T23:41:27.478+0500] {processor.py:840} INFO - DAG(s) 'example_dynamic_task_mapping' retrieved from /home/nicolaspc/anaconda3/envs/mlops_env/lib/python3.12/site-packages/airflow/example_dags/example_dynamic_task_mapping.py
[2024-07-07T23:41:27.499+0500] {logging_mixin.py:188} INFO - [2024-07-07T23:41:27.499+0500] {dag.py:3096} INFO - Sync 1 DAGs
[2024-07-07T23:41:27.517+0500] {logging_mixin.py:188} INFO - [2024-07-07T23:41:27.517+0500] {dag.py:3954} INFO - Setting next_dagrun for example_dynamic_task_mapping to 2022-03-04 00:00:00+00:00, run_after=2022-03-05 00:00:00+00:00
[2024-07-07T23:41:27.536+0500] {processor.py:183} INFO - Processing /home/nicolaspc/anaconda3/envs/mlops_env/lib/python3.12/site-packages/airflow/example_dags/example_dynamic_task_mapping.py took 0.070 seconds
[2024-07-07T23:41:58.157+0500] {processor.py:161} INFO - Started process (PID=18459) to work on /home/nicolaspc/anaconda3/envs/mlops_env/lib/python3.12/site-packages/airflow/example_dags/example_dynamic_task_mapping.py
[2024-07-07T23:41:58.157+0500] {processor.py:830} INFO - Processing file /home/nicolaspc/anaconda3/envs/mlops_env/lib/python3.12/site-packages/airflow/example_dags/example_dynamic_task_mapping.py for tasks to queue
[2024-07-07T23:41:58.158+0500] {logging_mixin.py:188} INFO - [2024-07-07T23:41:58.158+0500] {dagbag.py:545} INFO - Filling up the DagBag from /home/nicolaspc/anaconda3/envs/mlops_env/lib/python3.12/site-packages/airflow/example_dags/example_dynamic_task_mapping.py
[2024-07-07T23:41:58.162+0500] {processor.py:840} INFO - DAG(s) 'example_dynamic_task_mapping' retrieved from /home/nicolaspc/anaconda3/envs/mlops_env/lib/python3.12/site-packages/airflow/example_dags/example_dynamic_task_mapping.py
[2024-07-07T23:41:58.185+0500] {logging_mixin.py:188} INFO - [2024-07-07T23:41:58.184+0500] {dag.py:3096} INFO - Sync 1 DAGs
[2024-07-07T23:41:58.203+0500] {logging_mixin.py:188} INFO - [2024-07-07T23:41:58.203+0500] {dag.py:3954} INFO - Setting next_dagrun for example_dynamic_task_mapping to 2022-03-04 00:00:00+00:00, run_after=2022-03-05 00:00:00+00:00
[2024-07-07T23:41:58.237+0500] {processor.py:183} INFO - Processing /home/nicolaspc/anaconda3/envs/mlops_env/lib/python3.12/site-packages/airflow/example_dags/example_dynamic_task_mapping.py took 0.087 seconds
[2024-07-07T23:42:17.093+0500] {processor.py:161} INFO - Started process (PID=18671) to work on /home/nicolaspc/anaconda3/envs/mlops_env/lib/python3.12/site-packages/airflow/example_dags/example_dynamic_task_mapping.py
[2024-07-07T23:42:17.101+0500] {processor.py:830} INFO - Processing file /home/nicolaspc/anaconda3/envs/mlops_env/lib/python3.12/site-packages/airflow/example_dags/example_dynamic_task_mapping.py for tasks to queue
[2024-07-07T23:42:17.103+0500] {logging_mixin.py:188} INFO - [2024-07-07T23:42:17.103+0500] {dagbag.py:545} INFO - Filling up the DagBag from /home/nicolaspc/anaconda3/envs/mlops_env/lib/python3.12/site-packages/airflow/example_dags/example_dynamic_task_mapping.py
[2024-07-07T23:42:17.108+0500] {processor.py:840} INFO - DAG(s) 'example_dynamic_task_mapping' retrieved from /home/nicolaspc/anaconda3/envs/mlops_env/lib/python3.12/site-packages/airflow/example_dags/example_dynamic_task_mapping.py
[2024-07-07T23:42:17.118+0500] {logging_mixin.py:188} INFO - [2024-07-07T23:42:17.118+0500] {dag.py:3096} INFO - Sync 1 DAGs
[2024-07-07T23:42:17.129+0500] {logging_mixin.py:188} INFO - [2024-07-07T23:42:17.129+0500] {dag.py:3954} INFO - Setting next_dagrun for example_dynamic_task_mapping to 2022-03-04 00:00:00+00:00, run_after=2022-03-05 00:00:00+00:00
[2024-07-07T23:42:17.170+0500] {processor.py:183} INFO - Processing /home/nicolaspc/anaconda3/envs/mlops_env/lib/python3.12/site-packages/airflow/example_dags/example_dynamic_task_mapping.py took 0.081 seconds
[2024-07-07T23:42:29.093+0500] {processor.py:161} INFO - Started process (PID=18874) to work on /home/nicolaspc/anaconda3/envs/mlops_env/lib/python3.12/site-packages/airflow/example_dags/example_dynamic_task_mapping.py
[2024-07-07T23:42:29.093+0500] {processor.py:830} INFO - Processing file /home/nicolaspc/anaconda3/envs/mlops_env/lib/python3.12/site-packages/airflow/example_dags/example_dynamic_task_mapping.py for tasks to queue
[2024-07-07T23:42:29.094+0500] {logging_mixin.py:188} INFO - [2024-07-07T23:42:29.094+0500] {dagbag.py:545} INFO - Filling up the DagBag from /home/nicolaspc/anaconda3/envs/mlops_env/lib/python3.12/site-packages/airflow/example_dags/example_dynamic_task_mapping.py
[2024-07-07T23:42:29.098+0500] {processor.py:840} INFO - DAG(s) 'example_dynamic_task_mapping' retrieved from /home/nicolaspc/anaconda3/envs/mlops_env/lib/python3.12/site-packages/airflow/example_dags/example_dynamic_task_mapping.py
[2024-07-07T23:42:29.116+0500] {logging_mixin.py:188} INFO - [2024-07-07T23:42:29.116+0500] {dag.py:3096} INFO - Sync 1 DAGs
[2024-07-07T23:42:29.131+0500] {logging_mixin.py:188} INFO - [2024-07-07T23:42:29.130+0500] {dag.py:3954} INFO - Setting next_dagrun for example_dynamic_task_mapping to 2022-03-04 00:00:00+00:00, run_after=2022-03-05 00:00:00+00:00
[2024-07-07T23:42:29.144+0500] {processor.py:183} INFO - Processing /home/nicolaspc/anaconda3/envs/mlops_env/lib/python3.12/site-packages/airflow/example_dags/example_dynamic_task_mapping.py took 0.057 seconds
[2024-07-07T23:42:59.921+0500] {processor.py:161} INFO - Started process (PID=19234) to work on /home/nicolaspc/anaconda3/envs/mlops_env/lib/python3.12/site-packages/airflow/example_dags/example_dynamic_task_mapping.py
[2024-07-07T23:42:59.922+0500] {processor.py:830} INFO - Processing file /home/nicolaspc/anaconda3/envs/mlops_env/lib/python3.12/site-packages/airflow/example_dags/example_dynamic_task_mapping.py for tasks to queue
[2024-07-07T23:42:59.923+0500] {logging_mixin.py:188} INFO - [2024-07-07T23:42:59.923+0500] {dagbag.py:545} INFO - Filling up the DagBag from /home/nicolaspc/anaconda3/envs/mlops_env/lib/python3.12/site-packages/airflow/example_dags/example_dynamic_task_mapping.py
[2024-07-07T23:42:59.928+0500] {processor.py:840} INFO - DAG(s) 'example_dynamic_task_mapping' retrieved from /home/nicolaspc/anaconda3/envs/mlops_env/lib/python3.12/site-packages/airflow/example_dags/example_dynamic_task_mapping.py
[2024-07-07T23:42:59.949+0500] {logging_mixin.py:188} INFO - [2024-07-07T23:42:59.948+0500] {dag.py:3096} INFO - Sync 1 DAGs
[2024-07-07T23:42:59.965+0500] {logging_mixin.py:188} INFO - [2024-07-07T23:42:59.965+0500] {dag.py:3954} INFO - Setting next_dagrun for example_dynamic_task_mapping to 2022-03-04 00:00:00+00:00, run_after=2022-03-05 00:00:00+00:00
[2024-07-07T23:42:59.981+0500] {processor.py:183} INFO - Processing /home/nicolaspc/anaconda3/envs/mlops_env/lib/python3.12/site-packages/airflow/example_dags/example_dynamic_task_mapping.py took 0.066 seconds
[2024-07-07T23:43:30.931+0500] {processor.py:161} INFO - Started process (PID=19582) to work on /home/nicolaspc/anaconda3/envs/mlops_env/lib/python3.12/site-packages/airflow/example_dags/example_dynamic_task_mapping.py
[2024-07-07T23:43:30.931+0500] {processor.py:830} INFO - Processing file /home/nicolaspc/anaconda3/envs/mlops_env/lib/python3.12/site-packages/airflow/example_dags/example_dynamic_task_mapping.py for tasks to queue
[2024-07-07T23:43:30.932+0500] {logging_mixin.py:188} INFO - [2024-07-07T23:43:30.931+0500] {dagbag.py:545} INFO - Filling up the DagBag from /home/nicolaspc/anaconda3/envs/mlops_env/lib/python3.12/site-packages/airflow/example_dags/example_dynamic_task_mapping.py
[2024-07-07T23:43:30.936+0500] {processor.py:840} INFO - DAG(s) 'example_dynamic_task_mapping' retrieved from /home/nicolaspc/anaconda3/envs/mlops_env/lib/python3.12/site-packages/airflow/example_dags/example_dynamic_task_mapping.py
[2024-07-07T23:43:30.957+0500] {logging_mixin.py:188} INFO - [2024-07-07T23:43:30.957+0500] {dag.py:3096} INFO - Sync 1 DAGs
[2024-07-07T23:43:30.972+0500] {logging_mixin.py:188} INFO - [2024-07-07T23:43:30.972+0500] {dag.py:3954} INFO - Setting next_dagrun for example_dynamic_task_mapping to 2022-03-04 00:00:00+00:00, run_after=2022-03-05 00:00:00+00:00
[2024-07-07T23:43:30.988+0500] {processor.py:183} INFO - Processing /home/nicolaspc/anaconda3/envs/mlops_env/lib/python3.12/site-packages/airflow/example_dags/example_dynamic_task_mapping.py took 0.063 seconds
[2024-07-07T23:44:01.539+0500] {processor.py:161} INFO - Started process (PID=19950) to work on /home/nicolaspc/anaconda3/envs/mlops_env/lib/python3.12/site-packages/airflow/example_dags/example_dynamic_task_mapping.py
[2024-07-07T23:44:01.540+0500] {processor.py:830} INFO - Processing file /home/nicolaspc/anaconda3/envs/mlops_env/lib/python3.12/site-packages/airflow/example_dags/example_dynamic_task_mapping.py for tasks to queue
[2024-07-07T23:44:01.540+0500] {logging_mixin.py:188} INFO - [2024-07-07T23:44:01.540+0500] {dagbag.py:545} INFO - Filling up the DagBag from /home/nicolaspc/anaconda3/envs/mlops_env/lib/python3.12/site-packages/airflow/example_dags/example_dynamic_task_mapping.py
[2024-07-07T23:44:01.545+0500] {processor.py:840} INFO - DAG(s) 'example_dynamic_task_mapping' retrieved from /home/nicolaspc/anaconda3/envs/mlops_env/lib/python3.12/site-packages/airflow/example_dags/example_dynamic_task_mapping.py
[2024-07-07T23:44:01.564+0500] {logging_mixin.py:188} INFO - [2024-07-07T23:44:01.564+0500] {dag.py:3096} INFO - Sync 1 DAGs
[2024-07-07T23:44:01.580+0500] {logging_mixin.py:188} INFO - [2024-07-07T23:44:01.580+0500] {dag.py:3954} INFO - Setting next_dagrun for example_dynamic_task_mapping to 2022-03-04 00:00:00+00:00, run_after=2022-03-05 00:00:00+00:00
[2024-07-07T23:44:01.594+0500] {processor.py:183} INFO - Processing /home/nicolaspc/anaconda3/envs/mlops_env/lib/python3.12/site-packages/airflow/example_dags/example_dynamic_task_mapping.py took 0.061 seconds
[2024-07-07T23:44:32.037+0500] {processor.py:161} INFO - Started process (PID=20314) to work on /home/nicolaspc/anaconda3/envs/mlops_env/lib/python3.12/site-packages/airflow/example_dags/example_dynamic_task_mapping.py
[2024-07-07T23:44:32.037+0500] {processor.py:830} INFO - Processing file /home/nicolaspc/anaconda3/envs/mlops_env/lib/python3.12/site-packages/airflow/example_dags/example_dynamic_task_mapping.py for tasks to queue
[2024-07-07T23:44:32.038+0500] {logging_mixin.py:188} INFO - [2024-07-07T23:44:32.038+0500] {dagbag.py:545} INFO - Filling up the DagBag from /home/nicolaspc/anaconda3/envs/mlops_env/lib/python3.12/site-packages/airflow/example_dags/example_dynamic_task_mapping.py
[2024-07-07T23:44:32.043+0500] {processor.py:840} INFO - DAG(s) 'example_dynamic_task_mapping' retrieved from /home/nicolaspc/anaconda3/envs/mlops_env/lib/python3.12/site-packages/airflow/example_dags/example_dynamic_task_mapping.py
[2024-07-07T23:44:32.064+0500] {logging_mixin.py:188} INFO - [2024-07-07T23:44:32.064+0500] {dag.py:3096} INFO - Sync 1 DAGs
[2024-07-07T23:44:32.080+0500] {logging_mixin.py:188} INFO - [2024-07-07T23:44:32.079+0500] {dag.py:3954} INFO - Setting next_dagrun for example_dynamic_task_mapping to 2022-03-04 00:00:00+00:00, run_after=2022-03-05 00:00:00+00:00
[2024-07-07T23:44:32.094+0500] {processor.py:183} INFO - Processing /home/nicolaspc/anaconda3/envs/mlops_env/lib/python3.12/site-packages/airflow/example_dags/example_dynamic_task_mapping.py took 0.064 seconds
[2024-07-07T23:45:02.465+0500] {processor.py:161} INFO - Started process (PID=20661) to work on /home/nicolaspc/anaconda3/envs/mlops_env/lib/python3.12/site-packages/airflow/example_dags/example_dynamic_task_mapping.py
[2024-07-07T23:45:02.465+0500] {processor.py:830} INFO - Processing file /home/nicolaspc/anaconda3/envs/mlops_env/lib/python3.12/site-packages/airflow/example_dags/example_dynamic_task_mapping.py for tasks to queue
[2024-07-07T23:45:02.466+0500] {logging_mixin.py:188} INFO - [2024-07-07T23:45:02.466+0500] {dagbag.py:545} INFO - Filling up the DagBag from /home/nicolaspc/anaconda3/envs/mlops_env/lib/python3.12/site-packages/airflow/example_dags/example_dynamic_task_mapping.py
[2024-07-07T23:45:02.471+0500] {processor.py:840} INFO - DAG(s) 'example_dynamic_task_mapping' retrieved from /home/nicolaspc/anaconda3/envs/mlops_env/lib/python3.12/site-packages/airflow/example_dags/example_dynamic_task_mapping.py
[2024-07-07T23:45:02.493+0500] {logging_mixin.py:188} INFO - [2024-07-07T23:45:02.493+0500] {dag.py:3096} INFO - Sync 1 DAGs
[2024-07-07T23:45:02.508+0500] {logging_mixin.py:188} INFO - [2024-07-07T23:45:02.508+0500] {dag.py:3954} INFO - Setting next_dagrun for example_dynamic_task_mapping to 2022-03-04 00:00:00+00:00, run_after=2022-03-05 00:00:00+00:00
[2024-07-07T23:45:02.524+0500] {processor.py:183} INFO - Processing /home/nicolaspc/anaconda3/envs/mlops_env/lib/python3.12/site-packages/airflow/example_dags/example_dynamic_task_mapping.py took 0.065 seconds
[2024-07-07T23:45:33.301+0500] {processor.py:161} INFO - Started process (PID=21005) to work on /home/nicolaspc/anaconda3/envs/mlops_env/lib/python3.12/site-packages/airflow/example_dags/example_dynamic_task_mapping.py
[2024-07-07T23:45:33.309+0500] {processor.py:830} INFO - Processing file /home/nicolaspc/anaconda3/envs/mlops_env/lib/python3.12/site-packages/airflow/example_dags/example_dynamic_task_mapping.py for tasks to queue
[2024-07-07T23:45:33.310+0500] {logging_mixin.py:188} INFO - [2024-07-07T23:45:33.310+0500] {dagbag.py:545} INFO - Filling up the DagBag from /home/nicolaspc/anaconda3/envs/mlops_env/lib/python3.12/site-packages/airflow/example_dags/example_dynamic_task_mapping.py
[2024-07-07T23:45:33.314+0500] {processor.py:840} INFO - DAG(s) 'example_dynamic_task_mapping' retrieved from /home/nicolaspc/anaconda3/envs/mlops_env/lib/python3.12/site-packages/airflow/example_dags/example_dynamic_task_mapping.py
[2024-07-07T23:45:33.337+0500] {logging_mixin.py:188} INFO - [2024-07-07T23:45:33.336+0500] {dag.py:3096} INFO - Sync 1 DAGs
[2024-07-07T23:45:33.352+0500] {logging_mixin.py:188} INFO - [2024-07-07T23:45:33.352+0500] {dag.py:3954} INFO - Setting next_dagrun for example_dynamic_task_mapping to 2022-03-04 00:00:00+00:00, run_after=2022-03-05 00:00:00+00:00
[2024-07-07T23:45:33.367+0500] {processor.py:183} INFO - Processing /home/nicolaspc/anaconda3/envs/mlops_env/lib/python3.12/site-packages/airflow/example_dags/example_dynamic_task_mapping.py took 0.073 seconds
[2024-07-07T23:46:03.820+0500] {processor.py:161} INFO - Started process (PID=21322) to work on /home/nicolaspc/anaconda3/envs/mlops_env/lib/python3.12/site-packages/airflow/example_dags/example_dynamic_task_mapping.py
[2024-07-07T23:46:03.821+0500] {processor.py:830} INFO - Processing file /home/nicolaspc/anaconda3/envs/mlops_env/lib/python3.12/site-packages/airflow/example_dags/example_dynamic_task_mapping.py for tasks to queue
[2024-07-07T23:46:03.821+0500] {logging_mixin.py:188} INFO - [2024-07-07T23:46:03.821+0500] {dagbag.py:545} INFO - Filling up the DagBag from /home/nicolaspc/anaconda3/envs/mlops_env/lib/python3.12/site-packages/airflow/example_dags/example_dynamic_task_mapping.py
[2024-07-07T23:46:03.826+0500] {processor.py:840} INFO - DAG(s) 'example_dynamic_task_mapping' retrieved from /home/nicolaspc/anaconda3/envs/mlops_env/lib/python3.12/site-packages/airflow/example_dags/example_dynamic_task_mapping.py
[2024-07-07T23:46:03.845+0500] {logging_mixin.py:188} INFO - [2024-07-07T23:46:03.845+0500] {dag.py:3096} INFO - Sync 1 DAGs
[2024-07-07T23:46:03.861+0500] {logging_mixin.py:188} INFO - [2024-07-07T23:46:03.861+0500] {dag.py:3954} INFO - Setting next_dagrun for example_dynamic_task_mapping to 2022-03-04 00:00:00+00:00, run_after=2022-03-05 00:00:00+00:00
[2024-07-07T23:46:03.876+0500] {processor.py:183} INFO - Processing /home/nicolaspc/anaconda3/envs/mlops_env/lib/python3.12/site-packages/airflow/example_dags/example_dynamic_task_mapping.py took 0.062 seconds
[2024-07-07T23:46:34.469+0500] {processor.py:161} INFO - Started process (PID=21690) to work on /home/nicolaspc/anaconda3/envs/mlops_env/lib/python3.12/site-packages/airflow/example_dags/example_dynamic_task_mapping.py
[2024-07-07T23:46:34.470+0500] {processor.py:830} INFO - Processing file /home/nicolaspc/anaconda3/envs/mlops_env/lib/python3.12/site-packages/airflow/example_dags/example_dynamic_task_mapping.py for tasks to queue
[2024-07-07T23:46:34.471+0500] {logging_mixin.py:188} INFO - [2024-07-07T23:46:34.470+0500] {dagbag.py:545} INFO - Filling up the DagBag from /home/nicolaspc/anaconda3/envs/mlops_env/lib/python3.12/site-packages/airflow/example_dags/example_dynamic_task_mapping.py
[2024-07-07T23:46:34.475+0500] {processor.py:840} INFO - DAG(s) 'example_dynamic_task_mapping' retrieved from /home/nicolaspc/anaconda3/envs/mlops_env/lib/python3.12/site-packages/airflow/example_dags/example_dynamic_task_mapping.py
[2024-07-07T23:46:34.495+0500] {logging_mixin.py:188} INFO - [2024-07-07T23:46:34.494+0500] {dag.py:3096} INFO - Sync 1 DAGs
[2024-07-07T23:46:34.510+0500] {logging_mixin.py:188} INFO - [2024-07-07T23:46:34.510+0500] {dag.py:3954} INFO - Setting next_dagrun for example_dynamic_task_mapping to 2022-03-04 00:00:00+00:00, run_after=2022-03-05 00:00:00+00:00
[2024-07-07T23:46:34.525+0500] {processor.py:183} INFO - Processing /home/nicolaspc/anaconda3/envs/mlops_env/lib/python3.12/site-packages/airflow/example_dags/example_dynamic_task_mapping.py took 0.062 seconds
[2024-07-07T23:47:05.191+0500] {processor.py:161} INFO - Started process (PID=22020) to work on /home/nicolaspc/anaconda3/envs/mlops_env/lib/python3.12/site-packages/airflow/example_dags/example_dynamic_task_mapping.py
[2024-07-07T23:47:05.192+0500] {processor.py:830} INFO - Processing file /home/nicolaspc/anaconda3/envs/mlops_env/lib/python3.12/site-packages/airflow/example_dags/example_dynamic_task_mapping.py for tasks to queue
[2024-07-07T23:47:05.192+0500] {logging_mixin.py:188} INFO - [2024-07-07T23:47:05.192+0500] {dagbag.py:545} INFO - Filling up the DagBag from /home/nicolaspc/anaconda3/envs/mlops_env/lib/python3.12/site-packages/airflow/example_dags/example_dynamic_task_mapping.py
[2024-07-07T23:47:05.197+0500] {processor.py:840} INFO - DAG(s) 'example_dynamic_task_mapping' retrieved from /home/nicolaspc/anaconda3/envs/mlops_env/lib/python3.12/site-packages/airflow/example_dags/example_dynamic_task_mapping.py
[2024-07-07T23:47:05.217+0500] {logging_mixin.py:188} INFO - [2024-07-07T23:47:05.217+0500] {dag.py:3096} INFO - Sync 1 DAGs
[2024-07-07T23:47:05.234+0500] {logging_mixin.py:188} INFO - [2024-07-07T23:47:05.234+0500] {dag.py:3954} INFO - Setting next_dagrun for example_dynamic_task_mapping to 2022-03-04 00:00:00+00:00, run_after=2022-03-05 00:00:00+00:00
[2024-07-07T23:47:05.249+0500] {processor.py:183} INFO - Processing /home/nicolaspc/anaconda3/envs/mlops_env/lib/python3.12/site-packages/airflow/example_dags/example_dynamic_task_mapping.py took 0.064 seconds
[2024-07-07T23:47:35.715+0500] {processor.py:161} INFO - Started process (PID=22348) to work on /home/nicolaspc/anaconda3/envs/mlops_env/lib/python3.12/site-packages/airflow/example_dags/example_dynamic_task_mapping.py
[2024-07-07T23:47:35.716+0500] {processor.py:830} INFO - Processing file /home/nicolaspc/anaconda3/envs/mlops_env/lib/python3.12/site-packages/airflow/example_dags/example_dynamic_task_mapping.py for tasks to queue
[2024-07-07T23:47:35.716+0500] {logging_mixin.py:188} INFO - [2024-07-07T23:47:35.716+0500] {dagbag.py:545} INFO - Filling up the DagBag from /home/nicolaspc/anaconda3/envs/mlops_env/lib/python3.12/site-packages/airflow/example_dags/example_dynamic_task_mapping.py
[2024-07-07T23:47:35.721+0500] {processor.py:840} INFO - DAG(s) 'example_dynamic_task_mapping' retrieved from /home/nicolaspc/anaconda3/envs/mlops_env/lib/python3.12/site-packages/airflow/example_dags/example_dynamic_task_mapping.py
[2024-07-07T23:47:35.743+0500] {logging_mixin.py:188} INFO - [2024-07-07T23:47:35.743+0500] {dag.py:3096} INFO - Sync 1 DAGs
[2024-07-07T23:47:35.759+0500] {logging_mixin.py:188} INFO - [2024-07-07T23:47:35.759+0500] {dag.py:3954} INFO - Setting next_dagrun for example_dynamic_task_mapping to 2022-03-04 00:00:00+00:00, run_after=2022-03-05 00:00:00+00:00
[2024-07-07T23:47:35.774+0500] {processor.py:183} INFO - Processing /home/nicolaspc/anaconda3/envs/mlops_env/lib/python3.12/site-packages/airflow/example_dags/example_dynamic_task_mapping.py took 0.065 seconds
[2024-07-07T23:48:06.320+0500] {processor.py:161} INFO - Started process (PID=22673) to work on /home/nicolaspc/anaconda3/envs/mlops_env/lib/python3.12/site-packages/airflow/example_dags/example_dynamic_task_mapping.py
[2024-07-07T23:48:06.321+0500] {processor.py:830} INFO - Processing file /home/nicolaspc/anaconda3/envs/mlops_env/lib/python3.12/site-packages/airflow/example_dags/example_dynamic_task_mapping.py for tasks to queue
[2024-07-07T23:48:06.321+0500] {logging_mixin.py:188} INFO - [2024-07-07T23:48:06.321+0500] {dagbag.py:545} INFO - Filling up the DagBag from /home/nicolaspc/anaconda3/envs/mlops_env/lib/python3.12/site-packages/airflow/example_dags/example_dynamic_task_mapping.py
[2024-07-07T23:48:06.327+0500] {processor.py:840} INFO - DAG(s) 'example_dynamic_task_mapping' retrieved from /home/nicolaspc/anaconda3/envs/mlops_env/lib/python3.12/site-packages/airflow/example_dags/example_dynamic_task_mapping.py
[2024-07-07T23:48:06.350+0500] {logging_mixin.py:188} INFO - [2024-07-07T23:48:06.349+0500] {dag.py:3096} INFO - Sync 1 DAGs
[2024-07-07T23:48:06.365+0500] {logging_mixin.py:188} INFO - [2024-07-07T23:48:06.365+0500] {dag.py:3954} INFO - Setting next_dagrun for example_dynamic_task_mapping to 2022-03-04 00:00:00+00:00, run_after=2022-03-05 00:00:00+00:00
[2024-07-07T23:48:06.381+0500] {processor.py:183} INFO - Processing /home/nicolaspc/anaconda3/envs/mlops_env/lib/python3.12/site-packages/airflow/example_dags/example_dynamic_task_mapping.py took 0.066 seconds
[2024-07-07T23:48:36.854+0500] {processor.py:161} INFO - Started process (PID=23026) to work on /home/nicolaspc/anaconda3/envs/mlops_env/lib/python3.12/site-packages/airflow/example_dags/example_dynamic_task_mapping.py
[2024-07-07T23:48:36.855+0500] {processor.py:830} INFO - Processing file /home/nicolaspc/anaconda3/envs/mlops_env/lib/python3.12/site-packages/airflow/example_dags/example_dynamic_task_mapping.py for tasks to queue
[2024-07-07T23:48:36.855+0500] {logging_mixin.py:188} INFO - [2024-07-07T23:48:36.855+0500] {dagbag.py:545} INFO - Filling up the DagBag from /home/nicolaspc/anaconda3/envs/mlops_env/lib/python3.12/site-packages/airflow/example_dags/example_dynamic_task_mapping.py
[2024-07-07T23:48:36.859+0500] {processor.py:840} INFO - DAG(s) 'example_dynamic_task_mapping' retrieved from /home/nicolaspc/anaconda3/envs/mlops_env/lib/python3.12/site-packages/airflow/example_dags/example_dynamic_task_mapping.py
[2024-07-07T23:48:36.880+0500] {logging_mixin.py:188} INFO - [2024-07-07T23:48:36.880+0500] {dag.py:3096} INFO - Sync 1 DAGs
[2024-07-07T23:48:36.897+0500] {logging_mixin.py:188} INFO - [2024-07-07T23:48:36.897+0500] {dag.py:3954} INFO - Setting next_dagrun for example_dynamic_task_mapping to 2022-03-04 00:00:00+00:00, run_after=2022-03-05 00:00:00+00:00
[2024-07-07T23:48:36.911+0500] {processor.py:183} INFO - Processing /home/nicolaspc/anaconda3/envs/mlops_env/lib/python3.12/site-packages/airflow/example_dags/example_dynamic_task_mapping.py took 0.063 seconds
[2024-07-07T23:49:08.774+0500] {processor.py:161} INFO - Started process (PID=23573) to work on /home/nicolaspc/anaconda3/envs/mlops_env/lib/python3.12/site-packages/airflow/example_dags/example_dynamic_task_mapping.py
[2024-07-07T23:49:08.775+0500] {processor.py:830} INFO - Processing file /home/nicolaspc/anaconda3/envs/mlops_env/lib/python3.12/site-packages/airflow/example_dags/example_dynamic_task_mapping.py for tasks to queue
[2024-07-07T23:49:08.776+0500] {logging_mixin.py:188} INFO - [2024-07-07T23:49:08.776+0500] {dagbag.py:545} INFO - Filling up the DagBag from /home/nicolaspc/anaconda3/envs/mlops_env/lib/python3.12/site-packages/airflow/example_dags/example_dynamic_task_mapping.py
[2024-07-07T23:49:08.780+0500] {processor.py:840} INFO - DAG(s) 'example_dynamic_task_mapping' retrieved from /home/nicolaspc/anaconda3/envs/mlops_env/lib/python3.12/site-packages/airflow/example_dags/example_dynamic_task_mapping.py
[2024-07-07T23:49:08.863+0500] {logging_mixin.py:188} INFO - [2024-07-07T23:49:08.863+0500] {dag.py:3096} INFO - Sync 1 DAGs
[2024-07-07T23:49:08.881+0500] {logging_mixin.py:188} INFO - [2024-07-07T23:49:08.880+0500] {dag.py:3954} INFO - Setting next_dagrun for example_dynamic_task_mapping to 2022-03-04 00:00:00+00:00, run_after=2022-03-05 00:00:00+00:00
[2024-07-07T23:49:08.899+0500] {processor.py:183} INFO - Processing /home/nicolaspc/anaconda3/envs/mlops_env/lib/python3.12/site-packages/airflow/example_dags/example_dynamic_task_mapping.py took 0.130 seconds
[2024-07-07T23:49:39.785+0500] {processor.py:161} INFO - Started process (PID=23930) to work on /home/nicolaspc/anaconda3/envs/mlops_env/lib/python3.12/site-packages/airflow/example_dags/example_dynamic_task_mapping.py
[2024-07-07T23:49:39.786+0500] {processor.py:830} INFO - Processing file /home/nicolaspc/anaconda3/envs/mlops_env/lib/python3.12/site-packages/airflow/example_dags/example_dynamic_task_mapping.py for tasks to queue
[2024-07-07T23:49:39.787+0500] {logging_mixin.py:188} INFO - [2024-07-07T23:49:39.786+0500] {dagbag.py:545} INFO - Filling up the DagBag from /home/nicolaspc/anaconda3/envs/mlops_env/lib/python3.12/site-packages/airflow/example_dags/example_dynamic_task_mapping.py
[2024-07-07T23:49:39.791+0500] {processor.py:840} INFO - DAG(s) 'example_dynamic_task_mapping' retrieved from /home/nicolaspc/anaconda3/envs/mlops_env/lib/python3.12/site-packages/airflow/example_dags/example_dynamic_task_mapping.py
[2024-07-07T23:49:39.812+0500] {logging_mixin.py:188} INFO - [2024-07-07T23:49:39.811+0500] {dag.py:3096} INFO - Sync 1 DAGs
[2024-07-07T23:49:39.827+0500] {logging_mixin.py:188} INFO - [2024-07-07T23:49:39.827+0500] {dag.py:3954} INFO - Setting next_dagrun for example_dynamic_task_mapping to 2022-03-04 00:00:00+00:00, run_after=2022-03-05 00:00:00+00:00
[2024-07-07T23:49:39.843+0500] {processor.py:183} INFO - Processing /home/nicolaspc/anaconda3/envs/mlops_env/lib/python3.12/site-packages/airflow/example_dags/example_dynamic_task_mapping.py took 0.063 seconds
