[2024-07-07T23:35:19.894+0500] {processor.py:161} INFO - Started process (PID=13492) to work on /home/nicolaspc/anaconda3/envs/mlops_env/lib/python3.12/site-packages/airflow/example_dags/example_local_kubernetes_executor.py
[2024-07-07T23:35:19.895+0500] {processor.py:830} INFO - Processing file /home/nicolaspc/anaconda3/envs/mlops_env/lib/python3.12/site-packages/airflow/example_dags/example_local_kubernetes_executor.py for tasks to queue
[2024-07-07T23:35:19.895+0500] {logging_mixin.py:188} INFO - [2024-07-07T23:35:19.895+0500] {dagbag.py:545} INFO - Filling up the DagBag from /home/nicolaspc/anaconda3/envs/mlops_env/lib/python3.12/site-packages/airflow/example_dags/example_local_kubernetes_executor.py
[2024-07-07T23:35:19.898+0500] {logging_mixin.py:188} INFO - [2024-07-07T23:35:19.897+0500] {example_local_kubernetes_executor.py:40} WARNING - Could not import DAGs in example_local_kubernetes_executor.py
Traceback (most recent call last):
  File "/home/nicolaspc/anaconda3/envs/mlops_env/lib/python3.12/site-packages/airflow/example_dags/example_local_kubernetes_executor.py", line 38, in <module>
    from kubernetes.client import models as k8s
ModuleNotFoundError: No module named 'kubernetes'
[2024-07-07T23:35:19.898+0500] {logging_mixin.py:188} INFO - [2024-07-07T23:35:19.898+0500] {example_local_kubernetes_executor.py:41} WARNING - Install Kubernetes dependencies with: pip install apache-airflow[cncf.kubernetes]
[2024-07-07T23:35:19.898+0500] {processor.py:842} WARNING - No viable dags retrieved from /home/nicolaspc/anaconda3/envs/mlops_env/lib/python3.12/site-packages/airflow/example_dags/example_local_kubernetes_executor.py
[2024-07-07T23:35:19.912+0500] {processor.py:183} INFO - Processing /home/nicolaspc/anaconda3/envs/mlops_env/lib/python3.12/site-packages/airflow/example_dags/example_local_kubernetes_executor.py took 0.023 seconds
[2024-07-07T23:35:50.630+0500] {processor.py:161} INFO - Started process (PID=13841) to work on /home/nicolaspc/anaconda3/envs/mlops_env/lib/python3.12/site-packages/airflow/example_dags/example_local_kubernetes_executor.py
[2024-07-07T23:35:50.631+0500] {processor.py:830} INFO - Processing file /home/nicolaspc/anaconda3/envs/mlops_env/lib/python3.12/site-packages/airflow/example_dags/example_local_kubernetes_executor.py for tasks to queue
[2024-07-07T23:35:50.631+0500] {logging_mixin.py:188} INFO - [2024-07-07T23:35:50.631+0500] {dagbag.py:545} INFO - Filling up the DagBag from /home/nicolaspc/anaconda3/envs/mlops_env/lib/python3.12/site-packages/airflow/example_dags/example_local_kubernetes_executor.py
[2024-07-07T23:35:50.634+0500] {logging_mixin.py:188} INFO - [2024-07-07T23:35:50.633+0500] {example_local_kubernetes_executor.py:40} WARNING - Could not import DAGs in example_local_kubernetes_executor.py
Traceback (most recent call last):
  File "/home/nicolaspc/anaconda3/envs/mlops_env/lib/python3.12/site-packages/airflow/example_dags/example_local_kubernetes_executor.py", line 38, in <module>
    from kubernetes.client import models as k8s
ModuleNotFoundError: No module named 'kubernetes'
[2024-07-07T23:35:50.634+0500] {logging_mixin.py:188} INFO - [2024-07-07T23:35:50.634+0500] {example_local_kubernetes_executor.py:41} WARNING - Install Kubernetes dependencies with: pip install apache-airflow[cncf.kubernetes]
[2024-07-07T23:35:50.634+0500] {processor.py:842} WARNING - No viable dags retrieved from /home/nicolaspc/anaconda3/envs/mlops_env/lib/python3.12/site-packages/airflow/example_dags/example_local_kubernetes_executor.py
[2024-07-07T23:35:50.650+0500] {processor.py:183} INFO - Processing /home/nicolaspc/anaconda3/envs/mlops_env/lib/python3.12/site-packages/airflow/example_dags/example_local_kubernetes_executor.py took 0.026 seconds
[2024-07-07T23:36:21.299+0500] {processor.py:161} INFO - Started process (PID=14255) to work on /home/nicolaspc/anaconda3/envs/mlops_env/lib/python3.12/site-packages/airflow/example_dags/example_local_kubernetes_executor.py
[2024-07-07T23:36:21.299+0500] {processor.py:830} INFO - Processing file /home/nicolaspc/anaconda3/envs/mlops_env/lib/python3.12/site-packages/airflow/example_dags/example_local_kubernetes_executor.py for tasks to queue
[2024-07-07T23:36:21.300+0500] {logging_mixin.py:188} INFO - [2024-07-07T23:36:21.300+0500] {dagbag.py:545} INFO - Filling up the DagBag from /home/nicolaspc/anaconda3/envs/mlops_env/lib/python3.12/site-packages/airflow/example_dags/example_local_kubernetes_executor.py
[2024-07-07T23:36:21.302+0500] {logging_mixin.py:188} INFO - [2024-07-07T23:36:21.302+0500] {example_local_kubernetes_executor.py:40} WARNING - Could not import DAGs in example_local_kubernetes_executor.py
Traceback (most recent call last):
  File "/home/nicolaspc/anaconda3/envs/mlops_env/lib/python3.12/site-packages/airflow/example_dags/example_local_kubernetes_executor.py", line 38, in <module>
    from kubernetes.client import models as k8s
ModuleNotFoundError: No module named 'kubernetes'
[2024-07-07T23:36:21.302+0500] {logging_mixin.py:188} INFO - [2024-07-07T23:36:21.302+0500] {example_local_kubernetes_executor.py:41} WARNING - Install Kubernetes dependencies with: pip install apache-airflow[cncf.kubernetes]
[2024-07-07T23:36:21.303+0500] {processor.py:842} WARNING - No viable dags retrieved from /home/nicolaspc/anaconda3/envs/mlops_env/lib/python3.12/site-packages/airflow/example_dags/example_local_kubernetes_executor.py
[2024-07-07T23:36:21.318+0500] {processor.py:183} INFO - Processing /home/nicolaspc/anaconda3/envs/mlops_env/lib/python3.12/site-packages/airflow/example_dags/example_local_kubernetes_executor.py took 0.025 seconds
[2024-07-07T23:36:42.746+0500] {processor.py:161} INFO - Started process (PID=14396) to work on /home/nicolaspc/anaconda3/envs/mlops_env/lib/python3.12/site-packages/airflow/example_dags/example_local_kubernetes_executor.py
[2024-07-07T23:36:42.747+0500] {processor.py:830} INFO - Processing file /home/nicolaspc/anaconda3/envs/mlops_env/lib/python3.12/site-packages/airflow/example_dags/example_local_kubernetes_executor.py for tasks to queue
[2024-07-07T23:36:42.748+0500] {logging_mixin.py:188} INFO - [2024-07-07T23:36:42.747+0500] {dagbag.py:545} INFO - Filling up the DagBag from /home/nicolaspc/anaconda3/envs/mlops_env/lib/python3.12/site-packages/airflow/example_dags/example_local_kubernetes_executor.py
[2024-07-07T23:36:42.749+0500] {logging_mixin.py:188} INFO - [2024-07-07T23:36:42.749+0500] {example_local_kubernetes_executor.py:40} WARNING - Could not import DAGs in example_local_kubernetes_executor.py
Traceback (most recent call last):
  File "/home/nicolaspc/anaconda3/envs/mlops_env/lib/python3.12/site-packages/airflow/example_dags/example_local_kubernetes_executor.py", line 38, in <module>
    from kubernetes.client import models as k8s
ModuleNotFoundError: No module named 'kubernetes'
[2024-07-07T23:36:42.750+0500] {logging_mixin.py:188} INFO - [2024-07-07T23:36:42.750+0500] {example_local_kubernetes_executor.py:41} WARNING - Install Kubernetes dependencies with: pip install apache-airflow[cncf.kubernetes]
[2024-07-07T23:36:42.750+0500] {processor.py:842} WARNING - No viable dags retrieved from /home/nicolaspc/anaconda3/envs/mlops_env/lib/python3.12/site-packages/airflow/example_dags/example_local_kubernetes_executor.py
[2024-07-07T23:36:42.757+0500] {processor.py:183} INFO - Processing /home/nicolaspc/anaconda3/envs/mlops_env/lib/python3.12/site-packages/airflow/example_dags/example_local_kubernetes_executor.py took 0.014 seconds
[2024-07-07T23:36:51.879+0500] {processor.py:161} INFO - Started process (PID=14648) to work on /home/nicolaspc/anaconda3/envs/mlops_env/lib/python3.12/site-packages/airflow/example_dags/example_local_kubernetes_executor.py
[2024-07-07T23:36:51.879+0500] {processor.py:830} INFO - Processing file /home/nicolaspc/anaconda3/envs/mlops_env/lib/python3.12/site-packages/airflow/example_dags/example_local_kubernetes_executor.py for tasks to queue
[2024-07-07T23:36:51.880+0500] {logging_mixin.py:188} INFO - [2024-07-07T23:36:51.880+0500] {dagbag.py:545} INFO - Filling up the DagBag from /home/nicolaspc/anaconda3/envs/mlops_env/lib/python3.12/site-packages/airflow/example_dags/example_local_kubernetes_executor.py
[2024-07-07T23:36:51.882+0500] {logging_mixin.py:188} INFO - [2024-07-07T23:36:51.882+0500] {example_local_kubernetes_executor.py:40} WARNING - Could not import DAGs in example_local_kubernetes_executor.py
Traceback (most recent call last):
  File "/home/nicolaspc/anaconda3/envs/mlops_env/lib/python3.12/site-packages/airflow/example_dags/example_local_kubernetes_executor.py", line 38, in <module>
    from kubernetes.client import models as k8s
ModuleNotFoundError: No module named 'kubernetes'
[2024-07-07T23:36:51.882+0500] {logging_mixin.py:188} INFO - [2024-07-07T23:36:51.882+0500] {example_local_kubernetes_executor.py:41} WARNING - Install Kubernetes dependencies with: pip install apache-airflow[cncf.kubernetes]
[2024-07-07T23:36:51.883+0500] {processor.py:842} WARNING - No viable dags retrieved from /home/nicolaspc/anaconda3/envs/mlops_env/lib/python3.12/site-packages/airflow/example_dags/example_local_kubernetes_executor.py
[2024-07-07T23:36:51.899+0500] {processor.py:183} INFO - Processing /home/nicolaspc/anaconda3/envs/mlops_env/lib/python3.12/site-packages/airflow/example_dags/example_local_kubernetes_executor.py took 0.027 seconds
[2024-07-07T23:37:22.279+0500] {processor.py:161} INFO - Started process (PID=15006) to work on /home/nicolaspc/anaconda3/envs/mlops_env/lib/python3.12/site-packages/airflow/example_dags/example_local_kubernetes_executor.py
[2024-07-07T23:37:22.280+0500] {processor.py:830} INFO - Processing file /home/nicolaspc/anaconda3/envs/mlops_env/lib/python3.12/site-packages/airflow/example_dags/example_local_kubernetes_executor.py for tasks to queue
[2024-07-07T23:37:22.280+0500] {logging_mixin.py:188} INFO - [2024-07-07T23:37:22.280+0500] {dagbag.py:545} INFO - Filling up the DagBag from /home/nicolaspc/anaconda3/envs/mlops_env/lib/python3.12/site-packages/airflow/example_dags/example_local_kubernetes_executor.py
[2024-07-07T23:37:22.283+0500] {logging_mixin.py:188} INFO - [2024-07-07T23:37:22.282+0500] {example_local_kubernetes_executor.py:40} WARNING - Could not import DAGs in example_local_kubernetes_executor.py
Traceback (most recent call last):
  File "/home/nicolaspc/anaconda3/envs/mlops_env/lib/python3.12/site-packages/airflow/example_dags/example_local_kubernetes_executor.py", line 38, in <module>
    from kubernetes.client import models as k8s
ModuleNotFoundError: No module named 'kubernetes'
[2024-07-07T23:37:22.283+0500] {logging_mixin.py:188} INFO - [2024-07-07T23:37:22.283+0500] {example_local_kubernetes_executor.py:41} WARNING - Install Kubernetes dependencies with: pip install apache-airflow[cncf.kubernetes]
[2024-07-07T23:37:22.283+0500] {processor.py:842} WARNING - No viable dags retrieved from /home/nicolaspc/anaconda3/envs/mlops_env/lib/python3.12/site-packages/airflow/example_dags/example_local_kubernetes_executor.py
[2024-07-07T23:37:22.298+0500] {processor.py:183} INFO - Processing /home/nicolaspc/anaconda3/envs/mlops_env/lib/python3.12/site-packages/airflow/example_dags/example_local_kubernetes_executor.py took 0.025 seconds
[2024-07-07T23:37:33.389+0500] {processor.py:161} INFO - Started process (PID=15138) to work on /home/nicolaspc/anaconda3/envs/mlops_env/lib/python3.12/site-packages/airflow/example_dags/example_local_kubernetes_executor.py
[2024-07-07T23:37:33.398+0500] {processor.py:830} INFO - Processing file /home/nicolaspc/anaconda3/envs/mlops_env/lib/python3.12/site-packages/airflow/example_dags/example_local_kubernetes_executor.py for tasks to queue
[2024-07-07T23:37:33.399+0500] {logging_mixin.py:188} INFO - [2024-07-07T23:37:33.399+0500] {dagbag.py:545} INFO - Filling up the DagBag from /home/nicolaspc/anaconda3/envs/mlops_env/lib/python3.12/site-packages/airflow/example_dags/example_local_kubernetes_executor.py
[2024-07-07T23:37:33.401+0500] {logging_mixin.py:188} INFO - [2024-07-07T23:37:33.401+0500] {example_local_kubernetes_executor.py:40} WARNING - Could not import DAGs in example_local_kubernetes_executor.py
Traceback (most recent call last):
  File "/home/nicolaspc/anaconda3/envs/mlops_env/lib/python3.12/site-packages/airflow/example_dags/example_local_kubernetes_executor.py", line 38, in <module>
    from kubernetes.client import models as k8s
ModuleNotFoundError: No module named 'kubernetes'
[2024-07-07T23:37:33.402+0500] {logging_mixin.py:188} INFO - [2024-07-07T23:37:33.401+0500] {example_local_kubernetes_executor.py:41} WARNING - Install Kubernetes dependencies with: pip install apache-airflow[cncf.kubernetes]
[2024-07-07T23:37:33.402+0500] {processor.py:842} WARNING - No viable dags retrieved from /home/nicolaspc/anaconda3/envs/mlops_env/lib/python3.12/site-packages/airflow/example_dags/example_local_kubernetes_executor.py
[2024-07-07T23:37:33.409+0500] {processor.py:183} INFO - Processing /home/nicolaspc/anaconda3/envs/mlops_env/lib/python3.12/site-packages/airflow/example_dags/example_local_kubernetes_executor.py took 0.023 seconds
[2024-07-07T23:37:52.802+0500] {processor.py:161} INFO - Started process (PID=15391) to work on /home/nicolaspc/anaconda3/envs/mlops_env/lib/python3.12/site-packages/airflow/example_dags/example_local_kubernetes_executor.py
[2024-07-07T23:37:52.803+0500] {processor.py:830} INFO - Processing file /home/nicolaspc/anaconda3/envs/mlops_env/lib/python3.12/site-packages/airflow/example_dags/example_local_kubernetes_executor.py for tasks to queue
[2024-07-07T23:37:52.803+0500] {logging_mixin.py:188} INFO - [2024-07-07T23:37:52.803+0500] {dagbag.py:545} INFO - Filling up the DagBag from /home/nicolaspc/anaconda3/envs/mlops_env/lib/python3.12/site-packages/airflow/example_dags/example_local_kubernetes_executor.py
[2024-07-07T23:37:52.805+0500] {logging_mixin.py:188} INFO - [2024-07-07T23:37:52.805+0500] {example_local_kubernetes_executor.py:40} WARNING - Could not import DAGs in example_local_kubernetes_executor.py
Traceback (most recent call last):
  File "/home/nicolaspc/anaconda3/envs/mlops_env/lib/python3.12/site-packages/airflow/example_dags/example_local_kubernetes_executor.py", line 38, in <module>
    from kubernetes.client import models as k8s
ModuleNotFoundError: No module named 'kubernetes'
[2024-07-07T23:37:52.806+0500] {logging_mixin.py:188} INFO - [2024-07-07T23:37:52.806+0500] {example_local_kubernetes_executor.py:41} WARNING - Install Kubernetes dependencies with: pip install apache-airflow[cncf.kubernetes]
[2024-07-07T23:37:52.806+0500] {processor.py:842} WARNING - No viable dags retrieved from /home/nicolaspc/anaconda3/envs/mlops_env/lib/python3.12/site-packages/airflow/example_dags/example_local_kubernetes_executor.py
[2024-07-07T23:37:52.821+0500] {processor.py:183} INFO - Processing /home/nicolaspc/anaconda3/envs/mlops_env/lib/python3.12/site-packages/airflow/example_dags/example_local_kubernetes_executor.py took 0.025 seconds
[2024-07-07T23:38:23.497+0500] {processor.py:161} INFO - Started process (PID=15808) to work on /home/nicolaspc/anaconda3/envs/mlops_env/lib/python3.12/site-packages/airflow/example_dags/example_local_kubernetes_executor.py
[2024-07-07T23:38:23.499+0500] {processor.py:830} INFO - Processing file /home/nicolaspc/anaconda3/envs/mlops_env/lib/python3.12/site-packages/airflow/example_dags/example_local_kubernetes_executor.py for tasks to queue
[2024-07-07T23:38:23.500+0500] {logging_mixin.py:188} INFO - [2024-07-07T23:38:23.499+0500] {dagbag.py:545} INFO - Filling up the DagBag from /home/nicolaspc/anaconda3/envs/mlops_env/lib/python3.12/site-packages/airflow/example_dags/example_local_kubernetes_executor.py
[2024-07-07T23:38:23.503+0500] {logging_mixin.py:188} INFO - [2024-07-07T23:38:23.502+0500] {example_local_kubernetes_executor.py:40} WARNING - Could not import DAGs in example_local_kubernetes_executor.py
Traceback (most recent call last):
  File "/home/nicolaspc/anaconda3/envs/mlops_env/lib/python3.12/site-packages/airflow/example_dags/example_local_kubernetes_executor.py", line 38, in <module>
    from kubernetes.client import models as k8s
ModuleNotFoundError: No module named 'kubernetes'
[2024-07-07T23:38:23.503+0500] {logging_mixin.py:188} INFO - [2024-07-07T23:38:23.503+0500] {example_local_kubernetes_executor.py:41} WARNING - Install Kubernetes dependencies with: pip install apache-airflow[cncf.kubernetes]
[2024-07-07T23:38:23.504+0500] {processor.py:842} WARNING - No viable dags retrieved from /home/nicolaspc/anaconda3/envs/mlops_env/lib/python3.12/site-packages/airflow/example_dags/example_local_kubernetes_executor.py
[2024-07-07T23:38:23.520+0500] {processor.py:183} INFO - Processing /home/nicolaspc/anaconda3/envs/mlops_env/lib/python3.12/site-packages/airflow/example_dags/example_local_kubernetes_executor.py took 0.030 seconds
[2024-07-07T23:38:29.987+0500] {processor.py:161} INFO - Started process (PID=15909) to work on /home/nicolaspc/anaconda3/envs/mlops_env/lib/python3.12/site-packages/airflow/example_dags/example_local_kubernetes_executor.py
[2024-07-07T23:38:29.987+0500] {processor.py:830} INFO - Processing file /home/nicolaspc/anaconda3/envs/mlops_env/lib/python3.12/site-packages/airflow/example_dags/example_local_kubernetes_executor.py for tasks to queue
[2024-07-07T23:38:29.989+0500] {logging_mixin.py:188} INFO - [2024-07-07T23:38:29.989+0500] {dagbag.py:545} INFO - Filling up the DagBag from /home/nicolaspc/anaconda3/envs/mlops_env/lib/python3.12/site-packages/airflow/example_dags/example_local_kubernetes_executor.py
[2024-07-07T23:38:29.992+0500] {logging_mixin.py:188} INFO - [2024-07-07T23:38:29.991+0500] {example_local_kubernetes_executor.py:40} WARNING - Could not import DAGs in example_local_kubernetes_executor.py
Traceback (most recent call last):
  File "/home/nicolaspc/anaconda3/envs/mlops_env/lib/python3.12/site-packages/airflow/example_dags/example_local_kubernetes_executor.py", line 38, in <module>
    from kubernetes.client import models as k8s
ModuleNotFoundError: No module named 'kubernetes'
[2024-07-07T23:38:29.992+0500] {logging_mixin.py:188} INFO - [2024-07-07T23:38:29.992+0500] {example_local_kubernetes_executor.py:41} WARNING - Install Kubernetes dependencies with: pip install apache-airflow[cncf.kubernetes]
[2024-07-07T23:38:29.992+0500] {processor.py:842} WARNING - No viable dags retrieved from /home/nicolaspc/anaconda3/envs/mlops_env/lib/python3.12/site-packages/airflow/example_dags/example_local_kubernetes_executor.py
[2024-07-07T23:38:29.999+0500] {processor.py:183} INFO - Processing /home/nicolaspc/anaconda3/envs/mlops_env/lib/python3.12/site-packages/airflow/example_dags/example_local_kubernetes_executor.py took 0.016 seconds
[2024-07-07T23:38:54.287+0500] {processor.py:161} INFO - Started process (PID=16164) to work on /home/nicolaspc/anaconda3/envs/mlops_env/lib/python3.12/site-packages/airflow/example_dags/example_local_kubernetes_executor.py
[2024-07-07T23:38:54.288+0500] {processor.py:830} INFO - Processing file /home/nicolaspc/anaconda3/envs/mlops_env/lib/python3.12/site-packages/airflow/example_dags/example_local_kubernetes_executor.py for tasks to queue
[2024-07-07T23:38:54.288+0500] {logging_mixin.py:188} INFO - [2024-07-07T23:38:54.288+0500] {dagbag.py:545} INFO - Filling up the DagBag from /home/nicolaspc/anaconda3/envs/mlops_env/lib/python3.12/site-packages/airflow/example_dags/example_local_kubernetes_executor.py
[2024-07-07T23:38:54.291+0500] {logging_mixin.py:188} INFO - [2024-07-07T23:38:54.290+0500] {example_local_kubernetes_executor.py:40} WARNING - Could not import DAGs in example_local_kubernetes_executor.py
Traceback (most recent call last):
  File "/home/nicolaspc/anaconda3/envs/mlops_env/lib/python3.12/site-packages/airflow/example_dags/example_local_kubernetes_executor.py", line 38, in <module>
    from kubernetes.client import models as k8s
ModuleNotFoundError: No module named 'kubernetes'
[2024-07-07T23:38:54.291+0500] {logging_mixin.py:188} INFO - [2024-07-07T23:38:54.291+0500] {example_local_kubernetes_executor.py:41} WARNING - Install Kubernetes dependencies with: pip install apache-airflow[cncf.kubernetes]
[2024-07-07T23:38:54.291+0500] {processor.py:842} WARNING - No viable dags retrieved from /home/nicolaspc/anaconda3/envs/mlops_env/lib/python3.12/site-packages/airflow/example_dags/example_local_kubernetes_executor.py
[2024-07-07T23:38:54.305+0500] {processor.py:183} INFO - Processing /home/nicolaspc/anaconda3/envs/mlops_env/lib/python3.12/site-packages/airflow/example_dags/example_local_kubernetes_executor.py took 0.024 seconds
[2024-07-07T23:39:24.796+0500] {processor.py:161} INFO - Started process (PID=16564) to work on /home/nicolaspc/anaconda3/envs/mlops_env/lib/python3.12/site-packages/airflow/example_dags/example_local_kubernetes_executor.py
[2024-07-07T23:39:24.796+0500] {processor.py:830} INFO - Processing file /home/nicolaspc/anaconda3/envs/mlops_env/lib/python3.12/site-packages/airflow/example_dags/example_local_kubernetes_executor.py for tasks to queue
[2024-07-07T23:39:24.797+0500] {logging_mixin.py:188} INFO - [2024-07-07T23:39:24.797+0500] {dagbag.py:545} INFO - Filling up the DagBag from /home/nicolaspc/anaconda3/envs/mlops_env/lib/python3.12/site-packages/airflow/example_dags/example_local_kubernetes_executor.py
[2024-07-07T23:39:24.799+0500] {logging_mixin.py:188} INFO - [2024-07-07T23:39:24.799+0500] {example_local_kubernetes_executor.py:40} WARNING - Could not import DAGs in example_local_kubernetes_executor.py
Traceback (most recent call last):
  File "/home/nicolaspc/anaconda3/envs/mlops_env/lib/python3.12/site-packages/airflow/example_dags/example_local_kubernetes_executor.py", line 38, in <module>
    from kubernetes.client import models as k8s
ModuleNotFoundError: No module named 'kubernetes'
[2024-07-07T23:39:24.800+0500] {logging_mixin.py:188} INFO - [2024-07-07T23:39:24.799+0500] {example_local_kubernetes_executor.py:41} WARNING - Install Kubernetes dependencies with: pip install apache-airflow[cncf.kubernetes]
[2024-07-07T23:39:24.800+0500] {processor.py:842} WARNING - No viable dags retrieved from /home/nicolaspc/anaconda3/envs/mlops_env/lib/python3.12/site-packages/airflow/example_dags/example_local_kubernetes_executor.py
[2024-07-07T23:39:24.815+0500] {processor.py:183} INFO - Processing /home/nicolaspc/anaconda3/envs/mlops_env/lib/python3.12/site-packages/airflow/example_dags/example_local_kubernetes_executor.py took 0.025 seconds
[2024-07-07T23:39:32.602+0500] {processor.py:161} INFO - Started process (PID=16663) to work on /home/nicolaspc/anaconda3/envs/mlops_env/lib/python3.12/site-packages/airflow/example_dags/example_local_kubernetes_executor.py
[2024-07-07T23:39:32.611+0500] {processor.py:830} INFO - Processing file /home/nicolaspc/anaconda3/envs/mlops_env/lib/python3.12/site-packages/airflow/example_dags/example_local_kubernetes_executor.py for tasks to queue
[2024-07-07T23:39:32.613+0500] {logging_mixin.py:188} INFO - [2024-07-07T23:39:32.612+0500] {dagbag.py:545} INFO - Filling up the DagBag from /home/nicolaspc/anaconda3/envs/mlops_env/lib/python3.12/site-packages/airflow/example_dags/example_local_kubernetes_executor.py
[2024-07-07T23:39:32.614+0500] {logging_mixin.py:188} INFO - [2024-07-07T23:39:32.614+0500] {example_local_kubernetes_executor.py:40} WARNING - Could not import DAGs in example_local_kubernetes_executor.py
Traceback (most recent call last):
  File "/home/nicolaspc/anaconda3/envs/mlops_env/lib/python3.12/site-packages/airflow/example_dags/example_local_kubernetes_executor.py", line 38, in <module>
    from kubernetes.client import models as k8s
ModuleNotFoundError: No module named 'kubernetes'
[2024-07-07T23:39:32.615+0500] {logging_mixin.py:188} INFO - [2024-07-07T23:39:32.615+0500] {example_local_kubernetes_executor.py:41} WARNING - Install Kubernetes dependencies with: pip install apache-airflow[cncf.kubernetes]
[2024-07-07T23:39:32.615+0500] {processor.py:842} WARNING - No viable dags retrieved from /home/nicolaspc/anaconda3/envs/mlops_env/lib/python3.12/site-packages/airflow/example_dags/example_local_kubernetes_executor.py
[2024-07-07T23:39:32.622+0500] {processor.py:183} INFO - Processing /home/nicolaspc/anaconda3/envs/mlops_env/lib/python3.12/site-packages/airflow/example_dags/example_local_kubernetes_executor.py took 0.023 seconds
[2024-07-07T23:39:55.439+0500] {processor.py:161} INFO - Started process (PID=16920) to work on /home/nicolaspc/anaconda3/envs/mlops_env/lib/python3.12/site-packages/airflow/example_dags/example_local_kubernetes_executor.py
[2024-07-07T23:39:55.440+0500] {processor.py:830} INFO - Processing file /home/nicolaspc/anaconda3/envs/mlops_env/lib/python3.12/site-packages/airflow/example_dags/example_local_kubernetes_executor.py for tasks to queue
[2024-07-07T23:39:55.441+0500] {logging_mixin.py:188} INFO - [2024-07-07T23:39:55.440+0500] {dagbag.py:545} INFO - Filling up the DagBag from /home/nicolaspc/anaconda3/envs/mlops_env/lib/python3.12/site-packages/airflow/example_dags/example_local_kubernetes_executor.py
[2024-07-07T23:39:55.443+0500] {logging_mixin.py:188} INFO - [2024-07-07T23:39:55.443+0500] {example_local_kubernetes_executor.py:40} WARNING - Could not import DAGs in example_local_kubernetes_executor.py
Traceback (most recent call last):
  File "/home/nicolaspc/anaconda3/envs/mlops_env/lib/python3.12/site-packages/airflow/example_dags/example_local_kubernetes_executor.py", line 38, in <module>
    from kubernetes.client import models as k8s
ModuleNotFoundError: No module named 'kubernetes'
[2024-07-07T23:39:55.443+0500] {logging_mixin.py:188} INFO - [2024-07-07T23:39:55.443+0500] {example_local_kubernetes_executor.py:41} WARNING - Install Kubernetes dependencies with: pip install apache-airflow[cncf.kubernetes]
[2024-07-07T23:39:55.443+0500] {processor.py:842} WARNING - No viable dags retrieved from /home/nicolaspc/anaconda3/envs/mlops_env/lib/python3.12/site-packages/airflow/example_dags/example_local_kubernetes_executor.py
[2024-07-07T23:39:55.461+0500] {processor.py:183} INFO - Processing /home/nicolaspc/anaconda3/envs/mlops_env/lib/python3.12/site-packages/airflow/example_dags/example_local_kubernetes_executor.py took 0.027 seconds
[2024-07-07T23:40:26.087+0500] {processor.py:161} INFO - Started process (PID=17347) to work on /home/nicolaspc/anaconda3/envs/mlops_env/lib/python3.12/site-packages/airflow/example_dags/example_local_kubernetes_executor.py
[2024-07-07T23:40:26.088+0500] {processor.py:830} INFO - Processing file /home/nicolaspc/anaconda3/envs/mlops_env/lib/python3.12/site-packages/airflow/example_dags/example_local_kubernetes_executor.py for tasks to queue
[2024-07-07T23:40:26.088+0500] {logging_mixin.py:188} INFO - [2024-07-07T23:40:26.088+0500] {dagbag.py:545} INFO - Filling up the DagBag from /home/nicolaspc/anaconda3/envs/mlops_env/lib/python3.12/site-packages/airflow/example_dags/example_local_kubernetes_executor.py
[2024-07-07T23:40:26.091+0500] {logging_mixin.py:188} INFO - [2024-07-07T23:40:26.090+0500] {example_local_kubernetes_executor.py:40} WARNING - Could not import DAGs in example_local_kubernetes_executor.py
Traceback (most recent call last):
  File "/home/nicolaspc/anaconda3/envs/mlops_env/lib/python3.12/site-packages/airflow/example_dags/example_local_kubernetes_executor.py", line 38, in <module>
    from kubernetes.client import models as k8s
ModuleNotFoundError: No module named 'kubernetes'
[2024-07-07T23:40:26.091+0500] {logging_mixin.py:188} INFO - [2024-07-07T23:40:26.091+0500] {example_local_kubernetes_executor.py:41} WARNING - Install Kubernetes dependencies with: pip install apache-airflow[cncf.kubernetes]
[2024-07-07T23:40:26.091+0500] {processor.py:842} WARNING - No viable dags retrieved from /home/nicolaspc/anaconda3/envs/mlops_env/lib/python3.12/site-packages/airflow/example_dags/example_local_kubernetes_executor.py
[2024-07-07T23:40:26.108+0500] {processor.py:183} INFO - Processing /home/nicolaspc/anaconda3/envs/mlops_env/lib/python3.12/site-packages/airflow/example_dags/example_local_kubernetes_executor.py took 0.027 seconds
[2024-07-07T23:40:32.055+0500] {processor.py:161} INFO - Started process (PID=17451) to work on /home/nicolaspc/anaconda3/envs/mlops_env/lib/python3.12/site-packages/airflow/example_dags/example_local_kubernetes_executor.py
[2024-07-07T23:40:32.056+0500] {processor.py:830} INFO - Processing file /home/nicolaspc/anaconda3/envs/mlops_env/lib/python3.12/site-packages/airflow/example_dags/example_local_kubernetes_executor.py for tasks to queue
[2024-07-07T23:40:32.057+0500] {logging_mixin.py:188} INFO - [2024-07-07T23:40:32.056+0500] {dagbag.py:545} INFO - Filling up the DagBag from /home/nicolaspc/anaconda3/envs/mlops_env/lib/python3.12/site-packages/airflow/example_dags/example_local_kubernetes_executor.py
[2024-07-07T23:40:32.059+0500] {logging_mixin.py:188} INFO - [2024-07-07T23:40:32.058+0500] {example_local_kubernetes_executor.py:40} WARNING - Could not import DAGs in example_local_kubernetes_executor.py
Traceback (most recent call last):
  File "/home/nicolaspc/anaconda3/envs/mlops_env/lib/python3.12/site-packages/airflow/example_dags/example_local_kubernetes_executor.py", line 38, in <module>
    from kubernetes.client import models as k8s
ModuleNotFoundError: No module named 'kubernetes'
[2024-07-07T23:40:32.059+0500] {logging_mixin.py:188} INFO - [2024-07-07T23:40:32.059+0500] {example_local_kubernetes_executor.py:41} WARNING - Install Kubernetes dependencies with: pip install apache-airflow[cncf.kubernetes]
[2024-07-07T23:40:32.059+0500] {processor.py:842} WARNING - No viable dags retrieved from /home/nicolaspc/anaconda3/envs/mlops_env/lib/python3.12/site-packages/airflow/example_dags/example_local_kubernetes_executor.py
[2024-07-07T23:40:32.066+0500] {processor.py:183} INFO - Processing /home/nicolaspc/anaconda3/envs/mlops_env/lib/python3.12/site-packages/airflow/example_dags/example_local_kubernetes_executor.py took 0.016 seconds
[2024-07-07T23:40:56.962+0500] {processor.py:161} INFO - Started process (PID=17715) to work on /home/nicolaspc/anaconda3/envs/mlops_env/lib/python3.12/site-packages/airflow/example_dags/example_local_kubernetes_executor.py
[2024-07-07T23:40:56.962+0500] {processor.py:830} INFO - Processing file /home/nicolaspc/anaconda3/envs/mlops_env/lib/python3.12/site-packages/airflow/example_dags/example_local_kubernetes_executor.py for tasks to queue
[2024-07-07T23:40:56.963+0500] {logging_mixin.py:188} INFO - [2024-07-07T23:40:56.963+0500] {dagbag.py:545} INFO - Filling up the DagBag from /home/nicolaspc/anaconda3/envs/mlops_env/lib/python3.12/site-packages/airflow/example_dags/example_local_kubernetes_executor.py
[2024-07-07T23:40:56.966+0500] {logging_mixin.py:188} INFO - [2024-07-07T23:40:56.965+0500] {example_local_kubernetes_executor.py:40} WARNING - Could not import DAGs in example_local_kubernetes_executor.py
Traceback (most recent call last):
  File "/home/nicolaspc/anaconda3/envs/mlops_env/lib/python3.12/site-packages/airflow/example_dags/example_local_kubernetes_executor.py", line 38, in <module>
    from kubernetes.client import models as k8s
ModuleNotFoundError: No module named 'kubernetes'
[2024-07-07T23:40:56.966+0500] {logging_mixin.py:188} INFO - [2024-07-07T23:40:56.966+0500] {example_local_kubernetes_executor.py:41} WARNING - Install Kubernetes dependencies with: pip install apache-airflow[cncf.kubernetes]
[2024-07-07T23:40:56.966+0500] {processor.py:842} WARNING - No viable dags retrieved from /home/nicolaspc/anaconda3/envs/mlops_env/lib/python3.12/site-packages/airflow/example_dags/example_local_kubernetes_executor.py
[2024-07-07T23:40:56.984+0500] {processor.py:183} INFO - Processing /home/nicolaspc/anaconda3/envs/mlops_env/lib/python3.12/site-packages/airflow/example_dags/example_local_kubernetes_executor.py took 0.029 seconds
[2024-07-07T23:41:27.809+0500] {processor.py:161} INFO - Started process (PID=18129) to work on /home/nicolaspc/anaconda3/envs/mlops_env/lib/python3.12/site-packages/airflow/example_dags/example_local_kubernetes_executor.py
[2024-07-07T23:41:27.810+0500] {processor.py:830} INFO - Processing file /home/nicolaspc/anaconda3/envs/mlops_env/lib/python3.12/site-packages/airflow/example_dags/example_local_kubernetes_executor.py for tasks to queue
[2024-07-07T23:41:27.810+0500] {logging_mixin.py:188} INFO - [2024-07-07T23:41:27.810+0500] {dagbag.py:545} INFO - Filling up the DagBag from /home/nicolaspc/anaconda3/envs/mlops_env/lib/python3.12/site-packages/airflow/example_dags/example_local_kubernetes_executor.py
[2024-07-07T23:41:27.813+0500] {logging_mixin.py:188} INFO - [2024-07-07T23:41:27.812+0500] {example_local_kubernetes_executor.py:40} WARNING - Could not import DAGs in example_local_kubernetes_executor.py
Traceback (most recent call last):
  File "/home/nicolaspc/anaconda3/envs/mlops_env/lib/python3.12/site-packages/airflow/example_dags/example_local_kubernetes_executor.py", line 38, in <module>
    from kubernetes.client import models as k8s
ModuleNotFoundError: No module named 'kubernetes'
[2024-07-07T23:41:27.813+0500] {logging_mixin.py:188} INFO - [2024-07-07T23:41:27.813+0500] {example_local_kubernetes_executor.py:41} WARNING - Install Kubernetes dependencies with: pip install apache-airflow[cncf.kubernetes]
[2024-07-07T23:41:27.813+0500] {processor.py:842} WARNING - No viable dags retrieved from /home/nicolaspc/anaconda3/envs/mlops_env/lib/python3.12/site-packages/airflow/example_dags/example_local_kubernetes_executor.py
[2024-07-07T23:41:27.827+0500] {processor.py:183} INFO - Processing /home/nicolaspc/anaconda3/envs/mlops_env/lib/python3.12/site-packages/airflow/example_dags/example_local_kubernetes_executor.py took 0.025 seconds
[2024-07-07T23:41:33.616+0500] {processor.py:161} INFO - Started process (PID=18236) to work on /home/nicolaspc/anaconda3/envs/mlops_env/lib/python3.12/site-packages/airflow/example_dags/example_local_kubernetes_executor.py
[2024-07-07T23:41:33.617+0500] {processor.py:830} INFO - Processing file /home/nicolaspc/anaconda3/envs/mlops_env/lib/python3.12/site-packages/airflow/example_dags/example_local_kubernetes_executor.py for tasks to queue
[2024-07-07T23:41:33.618+0500] {logging_mixin.py:188} INFO - [2024-07-07T23:41:33.618+0500] {dagbag.py:545} INFO - Filling up the DagBag from /home/nicolaspc/anaconda3/envs/mlops_env/lib/python3.12/site-packages/airflow/example_dags/example_local_kubernetes_executor.py
[2024-07-07T23:41:33.620+0500] {logging_mixin.py:188} INFO - [2024-07-07T23:41:33.620+0500] {example_local_kubernetes_executor.py:40} WARNING - Could not import DAGs in example_local_kubernetes_executor.py
Traceback (most recent call last):
  File "/home/nicolaspc/anaconda3/envs/mlops_env/lib/python3.12/site-packages/airflow/example_dags/example_local_kubernetes_executor.py", line 38, in <module>
    from kubernetes.client import models as k8s
ModuleNotFoundError: No module named 'kubernetes'
[2024-07-07T23:41:33.620+0500] {logging_mixin.py:188} INFO - [2024-07-07T23:41:33.620+0500] {example_local_kubernetes_executor.py:41} WARNING - Install Kubernetes dependencies with: pip install apache-airflow[cncf.kubernetes]
[2024-07-07T23:41:33.620+0500] {processor.py:842} WARNING - No viable dags retrieved from /home/nicolaspc/anaconda3/envs/mlops_env/lib/python3.12/site-packages/airflow/example_dags/example_local_kubernetes_executor.py
[2024-07-07T23:41:33.627+0500] {processor.py:183} INFO - Processing /home/nicolaspc/anaconda3/envs/mlops_env/lib/python3.12/site-packages/airflow/example_dags/example_local_kubernetes_executor.py took 0.015 seconds
[2024-07-07T23:41:58.747+0500] {processor.py:161} INFO - Started process (PID=18506) to work on /home/nicolaspc/anaconda3/envs/mlops_env/lib/python3.12/site-packages/airflow/example_dags/example_local_kubernetes_executor.py
[2024-07-07T23:41:58.748+0500] {processor.py:830} INFO - Processing file /home/nicolaspc/anaconda3/envs/mlops_env/lib/python3.12/site-packages/airflow/example_dags/example_local_kubernetes_executor.py for tasks to queue
[2024-07-07T23:41:58.749+0500] {logging_mixin.py:188} INFO - [2024-07-07T23:41:58.749+0500] {dagbag.py:545} INFO - Filling up the DagBag from /home/nicolaspc/anaconda3/envs/mlops_env/lib/python3.12/site-packages/airflow/example_dags/example_local_kubernetes_executor.py
[2024-07-07T23:41:58.752+0500] {logging_mixin.py:188} INFO - [2024-07-07T23:41:58.752+0500] {example_local_kubernetes_executor.py:40} WARNING - Could not import DAGs in example_local_kubernetes_executor.py
Traceback (most recent call last):
  File "/home/nicolaspc/anaconda3/envs/mlops_env/lib/python3.12/site-packages/airflow/example_dags/example_local_kubernetes_executor.py", line 38, in <module>
    from kubernetes.client import models as k8s
ModuleNotFoundError: No module named 'kubernetes'
[2024-07-07T23:41:58.752+0500] {logging_mixin.py:188} INFO - [2024-07-07T23:41:58.752+0500] {example_local_kubernetes_executor.py:41} WARNING - Install Kubernetes dependencies with: pip install apache-airflow[cncf.kubernetes]
[2024-07-07T23:41:58.753+0500] {processor.py:842} WARNING - No viable dags retrieved from /home/nicolaspc/anaconda3/envs/mlops_env/lib/python3.12/site-packages/airflow/example_dags/example_local_kubernetes_executor.py
[2024-07-07T23:41:58.773+0500] {processor.py:183} INFO - Processing /home/nicolaspc/anaconda3/envs/mlops_env/lib/python3.12/site-packages/airflow/example_dags/example_local_kubernetes_executor.py took 0.034 seconds
[2024-07-07T23:42:29.659+0500] {processor.py:161} INFO - Started process (PID=18918) to work on /home/nicolaspc/anaconda3/envs/mlops_env/lib/python3.12/site-packages/airflow/example_dags/example_local_kubernetes_executor.py
[2024-07-07T23:42:29.659+0500] {processor.py:830} INFO - Processing file /home/nicolaspc/anaconda3/envs/mlops_env/lib/python3.12/site-packages/airflow/example_dags/example_local_kubernetes_executor.py for tasks to queue
[2024-07-07T23:42:29.660+0500] {logging_mixin.py:188} INFO - [2024-07-07T23:42:29.660+0500] {dagbag.py:545} INFO - Filling up the DagBag from /home/nicolaspc/anaconda3/envs/mlops_env/lib/python3.12/site-packages/airflow/example_dags/example_local_kubernetes_executor.py
[2024-07-07T23:42:29.663+0500] {logging_mixin.py:188} INFO - [2024-07-07T23:42:29.662+0500] {example_local_kubernetes_executor.py:40} WARNING - Could not import DAGs in example_local_kubernetes_executor.py
Traceback (most recent call last):
  File "/home/nicolaspc/anaconda3/envs/mlops_env/lib/python3.12/site-packages/airflow/example_dags/example_local_kubernetes_executor.py", line 38, in <module>
    from kubernetes.client import models as k8s
ModuleNotFoundError: No module named 'kubernetes'
[2024-07-07T23:42:29.663+0500] {logging_mixin.py:188} INFO - [2024-07-07T23:42:29.663+0500] {example_local_kubernetes_executor.py:41} WARNING - Install Kubernetes dependencies with: pip install apache-airflow[cncf.kubernetes]
[2024-07-07T23:42:29.663+0500] {processor.py:842} WARNING - No viable dags retrieved from /home/nicolaspc/anaconda3/envs/mlops_env/lib/python3.12/site-packages/airflow/example_dags/example_local_kubernetes_executor.py
[2024-07-07T23:42:29.681+0500] {processor.py:183} INFO - Processing /home/nicolaspc/anaconda3/envs/mlops_env/lib/python3.12/site-packages/airflow/example_dags/example_local_kubernetes_executor.py took 0.028 seconds
[2024-07-07T23:42:34.786+0500] {processor.py:161} INFO - Started process (PID=19016) to work on /home/nicolaspc/anaconda3/envs/mlops_env/lib/python3.12/site-packages/airflow/example_dags/example_local_kubernetes_executor.py
[2024-07-07T23:42:34.795+0500] {processor.py:830} INFO - Processing file /home/nicolaspc/anaconda3/envs/mlops_env/lib/python3.12/site-packages/airflow/example_dags/example_local_kubernetes_executor.py for tasks to queue
[2024-07-07T23:42:34.796+0500] {logging_mixin.py:188} INFO - [2024-07-07T23:42:34.796+0500] {dagbag.py:545} INFO - Filling up the DagBag from /home/nicolaspc/anaconda3/envs/mlops_env/lib/python3.12/site-packages/airflow/example_dags/example_local_kubernetes_executor.py
[2024-07-07T23:42:34.799+0500] {logging_mixin.py:188} INFO - [2024-07-07T23:42:34.798+0500] {example_local_kubernetes_executor.py:40} WARNING - Could not import DAGs in example_local_kubernetes_executor.py
Traceback (most recent call last):
  File "/home/nicolaspc/anaconda3/envs/mlops_env/lib/python3.12/site-packages/airflow/example_dags/example_local_kubernetes_executor.py", line 38, in <module>
    from kubernetes.client import models as k8s
ModuleNotFoundError: No module named 'kubernetes'
[2024-07-07T23:42:34.799+0500] {logging_mixin.py:188} INFO - [2024-07-07T23:42:34.799+0500] {example_local_kubernetes_executor.py:41} WARNING - Install Kubernetes dependencies with: pip install apache-airflow[cncf.kubernetes]
[2024-07-07T23:42:34.799+0500] {processor.py:842} WARNING - No viable dags retrieved from /home/nicolaspc/anaconda3/envs/mlops_env/lib/python3.12/site-packages/airflow/example_dags/example_local_kubernetes_executor.py
[2024-07-07T23:42:34.807+0500] {processor.py:183} INFO - Processing /home/nicolaspc/anaconda3/envs/mlops_env/lib/python3.12/site-packages/airflow/example_dags/example_local_kubernetes_executor.py took 0.025 seconds
[2024-07-07T23:43:00.435+0500] {processor.py:161} INFO - Started process (PID=19282) to work on /home/nicolaspc/anaconda3/envs/mlops_env/lib/python3.12/site-packages/airflow/example_dags/example_local_kubernetes_executor.py
[2024-07-07T23:43:00.435+0500] {processor.py:830} INFO - Processing file /home/nicolaspc/anaconda3/envs/mlops_env/lib/python3.12/site-packages/airflow/example_dags/example_local_kubernetes_executor.py for tasks to queue
[2024-07-07T23:43:00.436+0500] {logging_mixin.py:188} INFO - [2024-07-07T23:43:00.436+0500] {dagbag.py:545} INFO - Filling up the DagBag from /home/nicolaspc/anaconda3/envs/mlops_env/lib/python3.12/site-packages/airflow/example_dags/example_local_kubernetes_executor.py
[2024-07-07T23:43:00.438+0500] {logging_mixin.py:188} INFO - [2024-07-07T23:43:00.438+0500] {example_local_kubernetes_executor.py:40} WARNING - Could not import DAGs in example_local_kubernetes_executor.py
Traceback (most recent call last):
  File "/home/nicolaspc/anaconda3/envs/mlops_env/lib/python3.12/site-packages/airflow/example_dags/example_local_kubernetes_executor.py", line 38, in <module>
    from kubernetes.client import models as k8s
ModuleNotFoundError: No module named 'kubernetes'
[2024-07-07T23:43:00.438+0500] {logging_mixin.py:188} INFO - [2024-07-07T23:43:00.438+0500] {example_local_kubernetes_executor.py:41} WARNING - Install Kubernetes dependencies with: pip install apache-airflow[cncf.kubernetes]
[2024-07-07T23:43:00.439+0500] {processor.py:842} WARNING - No viable dags retrieved from /home/nicolaspc/anaconda3/envs/mlops_env/lib/python3.12/site-packages/airflow/example_dags/example_local_kubernetes_executor.py
[2024-07-07T23:43:00.453+0500] {processor.py:183} INFO - Processing /home/nicolaspc/anaconda3/envs/mlops_env/lib/python3.12/site-packages/airflow/example_dags/example_local_kubernetes_executor.py took 0.025 seconds
[2024-07-07T23:43:31.279+0500] {processor.py:161} INFO - Started process (PID=19609) to work on /home/nicolaspc/anaconda3/envs/mlops_env/lib/python3.12/site-packages/airflow/example_dags/example_local_kubernetes_executor.py
[2024-07-07T23:43:31.280+0500] {processor.py:830} INFO - Processing file /home/nicolaspc/anaconda3/envs/mlops_env/lib/python3.12/site-packages/airflow/example_dags/example_local_kubernetes_executor.py for tasks to queue
[2024-07-07T23:43:31.280+0500] {logging_mixin.py:188} INFO - [2024-07-07T23:43:31.280+0500] {dagbag.py:545} INFO - Filling up the DagBag from /home/nicolaspc/anaconda3/envs/mlops_env/lib/python3.12/site-packages/airflow/example_dags/example_local_kubernetes_executor.py
[2024-07-07T23:43:31.283+0500] {logging_mixin.py:188} INFO - [2024-07-07T23:43:31.282+0500] {example_local_kubernetes_executor.py:40} WARNING - Could not import DAGs in example_local_kubernetes_executor.py
Traceback (most recent call last):
  File "/home/nicolaspc/anaconda3/envs/mlops_env/lib/python3.12/site-packages/airflow/example_dags/example_local_kubernetes_executor.py", line 38, in <module>
    from kubernetes.client import models as k8s
ModuleNotFoundError: No module named 'kubernetes'
[2024-07-07T23:43:31.283+0500] {logging_mixin.py:188} INFO - [2024-07-07T23:43:31.283+0500] {example_local_kubernetes_executor.py:41} WARNING - Install Kubernetes dependencies with: pip install apache-airflow[cncf.kubernetes]
[2024-07-07T23:43:31.283+0500] {processor.py:842} WARNING - No viable dags retrieved from /home/nicolaspc/anaconda3/envs/mlops_env/lib/python3.12/site-packages/airflow/example_dags/example_local_kubernetes_executor.py
[2024-07-07T23:43:31.299+0500] {processor.py:183} INFO - Processing /home/nicolaspc/anaconda3/envs/mlops_env/lib/python3.12/site-packages/airflow/example_dags/example_local_kubernetes_executor.py took 0.025 seconds
[2024-07-07T23:44:01.802+0500] {processor.py:161} INFO - Started process (PID=19977) to work on /home/nicolaspc/anaconda3/envs/mlops_env/lib/python3.12/site-packages/airflow/example_dags/example_local_kubernetes_executor.py
[2024-07-07T23:44:01.803+0500] {processor.py:830} INFO - Processing file /home/nicolaspc/anaconda3/envs/mlops_env/lib/python3.12/site-packages/airflow/example_dags/example_local_kubernetes_executor.py for tasks to queue
[2024-07-07T23:44:01.803+0500] {logging_mixin.py:188} INFO - [2024-07-07T23:44:01.803+0500] {dagbag.py:545} INFO - Filling up the DagBag from /home/nicolaspc/anaconda3/envs/mlops_env/lib/python3.12/site-packages/airflow/example_dags/example_local_kubernetes_executor.py
[2024-07-07T23:44:01.806+0500] {logging_mixin.py:188} INFO - [2024-07-07T23:44:01.805+0500] {example_local_kubernetes_executor.py:40} WARNING - Could not import DAGs in example_local_kubernetes_executor.py
Traceback (most recent call last):
  File "/home/nicolaspc/anaconda3/envs/mlops_env/lib/python3.12/site-packages/airflow/example_dags/example_local_kubernetes_executor.py", line 38, in <module>
    from kubernetes.client import models as k8s
ModuleNotFoundError: No module named 'kubernetes'
[2024-07-07T23:44:01.806+0500] {logging_mixin.py:188} INFO - [2024-07-07T23:44:01.806+0500] {example_local_kubernetes_executor.py:41} WARNING - Install Kubernetes dependencies with: pip install apache-airflow[cncf.kubernetes]
[2024-07-07T23:44:01.806+0500] {processor.py:842} WARNING - No viable dags retrieved from /home/nicolaspc/anaconda3/envs/mlops_env/lib/python3.12/site-packages/airflow/example_dags/example_local_kubernetes_executor.py
[2024-07-07T23:44:01.820+0500] {processor.py:183} INFO - Processing /home/nicolaspc/anaconda3/envs/mlops_env/lib/python3.12/site-packages/airflow/example_dags/example_local_kubernetes_executor.py took 0.024 seconds
[2024-07-07T23:44:32.321+0500] {processor.py:161} INFO - Started process (PID=20339) to work on /home/nicolaspc/anaconda3/envs/mlops_env/lib/python3.12/site-packages/airflow/example_dags/example_local_kubernetes_executor.py
[2024-07-07T23:44:32.321+0500] {processor.py:830} INFO - Processing file /home/nicolaspc/anaconda3/envs/mlops_env/lib/python3.12/site-packages/airflow/example_dags/example_local_kubernetes_executor.py for tasks to queue
[2024-07-07T23:44:32.322+0500] {logging_mixin.py:188} INFO - [2024-07-07T23:44:32.322+0500] {dagbag.py:545} INFO - Filling up the DagBag from /home/nicolaspc/anaconda3/envs/mlops_env/lib/python3.12/site-packages/airflow/example_dags/example_local_kubernetes_executor.py
[2024-07-07T23:44:32.324+0500] {logging_mixin.py:188} INFO - [2024-07-07T23:44:32.324+0500] {example_local_kubernetes_executor.py:40} WARNING - Could not import DAGs in example_local_kubernetes_executor.py
Traceback (most recent call last):
  File "/home/nicolaspc/anaconda3/envs/mlops_env/lib/python3.12/site-packages/airflow/example_dags/example_local_kubernetes_executor.py", line 38, in <module>
    from kubernetes.client import models as k8s
ModuleNotFoundError: No module named 'kubernetes'
[2024-07-07T23:44:32.325+0500] {logging_mixin.py:188} INFO - [2024-07-07T23:44:32.325+0500] {example_local_kubernetes_executor.py:41} WARNING - Install Kubernetes dependencies with: pip install apache-airflow[cncf.kubernetes]
[2024-07-07T23:44:32.325+0500] {processor.py:842} WARNING - No viable dags retrieved from /home/nicolaspc/anaconda3/envs/mlops_env/lib/python3.12/site-packages/airflow/example_dags/example_local_kubernetes_executor.py
[2024-07-07T23:44:32.340+0500] {processor.py:183} INFO - Processing /home/nicolaspc/anaconda3/envs/mlops_env/lib/python3.12/site-packages/airflow/example_dags/example_local_kubernetes_executor.py took 0.025 seconds
[2024-07-07T23:45:02.948+0500] {processor.py:161} INFO - Started process (PID=20704) to work on /home/nicolaspc/anaconda3/envs/mlops_env/lib/python3.12/site-packages/airflow/example_dags/example_local_kubernetes_executor.py
[2024-07-07T23:45:02.949+0500] {processor.py:830} INFO - Processing file /home/nicolaspc/anaconda3/envs/mlops_env/lib/python3.12/site-packages/airflow/example_dags/example_local_kubernetes_executor.py for tasks to queue
[2024-07-07T23:45:02.949+0500] {logging_mixin.py:188} INFO - [2024-07-07T23:45:02.949+0500] {dagbag.py:545} INFO - Filling up the DagBag from /home/nicolaspc/anaconda3/envs/mlops_env/lib/python3.12/site-packages/airflow/example_dags/example_local_kubernetes_executor.py
[2024-07-07T23:45:02.952+0500] {logging_mixin.py:188} INFO - [2024-07-07T23:45:02.951+0500] {example_local_kubernetes_executor.py:40} WARNING - Could not import DAGs in example_local_kubernetes_executor.py
Traceback (most recent call last):
  File "/home/nicolaspc/anaconda3/envs/mlops_env/lib/python3.12/site-packages/airflow/example_dags/example_local_kubernetes_executor.py", line 38, in <module>
    from kubernetes.client import models as k8s
ModuleNotFoundError: No module named 'kubernetes'
[2024-07-07T23:45:02.952+0500] {logging_mixin.py:188} INFO - [2024-07-07T23:45:02.952+0500] {example_local_kubernetes_executor.py:41} WARNING - Install Kubernetes dependencies with: pip install apache-airflow[cncf.kubernetes]
[2024-07-07T23:45:02.952+0500] {processor.py:842} WARNING - No viable dags retrieved from /home/nicolaspc/anaconda3/envs/mlops_env/lib/python3.12/site-packages/airflow/example_dags/example_local_kubernetes_executor.py
[2024-07-07T23:45:02.969+0500] {processor.py:183} INFO - Processing /home/nicolaspc/anaconda3/envs/mlops_env/lib/python3.12/site-packages/airflow/example_dags/example_local_kubernetes_executor.py took 0.027 seconds
[2024-07-07T23:45:33.647+0500] {processor.py:161} INFO - Started process (PID=21031) to work on /home/nicolaspc/anaconda3/envs/mlops_env/lib/python3.12/site-packages/airflow/example_dags/example_local_kubernetes_executor.py
[2024-07-07T23:45:33.647+0500] {processor.py:830} INFO - Processing file /home/nicolaspc/anaconda3/envs/mlops_env/lib/python3.12/site-packages/airflow/example_dags/example_local_kubernetes_executor.py for tasks to queue
[2024-07-07T23:45:33.648+0500] {logging_mixin.py:188} INFO - [2024-07-07T23:45:33.647+0500] {dagbag.py:545} INFO - Filling up the DagBag from /home/nicolaspc/anaconda3/envs/mlops_env/lib/python3.12/site-packages/airflow/example_dags/example_local_kubernetes_executor.py
[2024-07-07T23:45:33.650+0500] {logging_mixin.py:188} INFO - [2024-07-07T23:45:33.650+0500] {example_local_kubernetes_executor.py:40} WARNING - Could not import DAGs in example_local_kubernetes_executor.py
Traceback (most recent call last):
  File "/home/nicolaspc/anaconda3/envs/mlops_env/lib/python3.12/site-packages/airflow/example_dags/example_local_kubernetes_executor.py", line 38, in <module>
    from kubernetes.client import models as k8s
ModuleNotFoundError: No module named 'kubernetes'
[2024-07-07T23:45:33.650+0500] {logging_mixin.py:188} INFO - [2024-07-07T23:45:33.650+0500] {example_local_kubernetes_executor.py:41} WARNING - Install Kubernetes dependencies with: pip install apache-airflow[cncf.kubernetes]
[2024-07-07T23:45:33.650+0500] {processor.py:842} WARNING - No viable dags retrieved from /home/nicolaspc/anaconda3/envs/mlops_env/lib/python3.12/site-packages/airflow/example_dags/example_local_kubernetes_executor.py
[2024-07-07T23:45:33.665+0500] {processor.py:183} INFO - Processing /home/nicolaspc/anaconda3/envs/mlops_env/lib/python3.12/site-packages/airflow/example_dags/example_local_kubernetes_executor.py took 0.025 seconds
[2024-07-07T23:46:04.310+0500] {processor.py:161} INFO - Started process (PID=21368) to work on /home/nicolaspc/anaconda3/envs/mlops_env/lib/python3.12/site-packages/airflow/example_dags/example_local_kubernetes_executor.py
[2024-07-07T23:46:04.311+0500] {processor.py:830} INFO - Processing file /home/nicolaspc/anaconda3/envs/mlops_env/lib/python3.12/site-packages/airflow/example_dags/example_local_kubernetes_executor.py for tasks to queue
[2024-07-07T23:46:04.311+0500] {logging_mixin.py:188} INFO - [2024-07-07T23:46:04.311+0500] {dagbag.py:545} INFO - Filling up the DagBag from /home/nicolaspc/anaconda3/envs/mlops_env/lib/python3.12/site-packages/airflow/example_dags/example_local_kubernetes_executor.py
[2024-07-07T23:46:04.314+0500] {logging_mixin.py:188} INFO - [2024-07-07T23:46:04.313+0500] {example_local_kubernetes_executor.py:40} WARNING - Could not import DAGs in example_local_kubernetes_executor.py
Traceback (most recent call last):
  File "/home/nicolaspc/anaconda3/envs/mlops_env/lib/python3.12/site-packages/airflow/example_dags/example_local_kubernetes_executor.py", line 38, in <module>
    from kubernetes.client import models as k8s
ModuleNotFoundError: No module named 'kubernetes'
[2024-07-07T23:46:04.314+0500] {logging_mixin.py:188} INFO - [2024-07-07T23:46:04.314+0500] {example_local_kubernetes_executor.py:41} WARNING - Install Kubernetes dependencies with: pip install apache-airflow[cncf.kubernetes]
[2024-07-07T23:46:04.314+0500] {processor.py:842} WARNING - No viable dags retrieved from /home/nicolaspc/anaconda3/envs/mlops_env/lib/python3.12/site-packages/airflow/example_dags/example_local_kubernetes_executor.py
[2024-07-07T23:46:04.330+0500] {processor.py:183} INFO - Processing /home/nicolaspc/anaconda3/envs/mlops_env/lib/python3.12/site-packages/airflow/example_dags/example_local_kubernetes_executor.py took 0.026 seconds
[2024-07-07T23:46:34.991+0500] {processor.py:161} INFO - Started process (PID=21734) to work on /home/nicolaspc/anaconda3/envs/mlops_env/lib/python3.12/site-packages/airflow/example_dags/example_local_kubernetes_executor.py
[2024-07-07T23:46:34.992+0500] {processor.py:830} INFO - Processing file /home/nicolaspc/anaconda3/envs/mlops_env/lib/python3.12/site-packages/airflow/example_dags/example_local_kubernetes_executor.py for tasks to queue
[2024-07-07T23:46:34.993+0500] {logging_mixin.py:188} INFO - [2024-07-07T23:46:34.992+0500] {dagbag.py:545} INFO - Filling up the DagBag from /home/nicolaspc/anaconda3/envs/mlops_env/lib/python3.12/site-packages/airflow/example_dags/example_local_kubernetes_executor.py
[2024-07-07T23:46:34.995+0500] {logging_mixin.py:188} INFO - [2024-07-07T23:46:34.995+0500] {example_local_kubernetes_executor.py:40} WARNING - Could not import DAGs in example_local_kubernetes_executor.py
Traceback (most recent call last):
  File "/home/nicolaspc/anaconda3/envs/mlops_env/lib/python3.12/site-packages/airflow/example_dags/example_local_kubernetes_executor.py", line 38, in <module>
    from kubernetes.client import models as k8s
ModuleNotFoundError: No module named 'kubernetes'
[2024-07-07T23:46:34.996+0500] {logging_mixin.py:188} INFO - [2024-07-07T23:46:34.996+0500] {example_local_kubernetes_executor.py:41} WARNING - Install Kubernetes dependencies with: pip install apache-airflow[cncf.kubernetes]
[2024-07-07T23:46:34.996+0500] {processor.py:842} WARNING - No viable dags retrieved from /home/nicolaspc/anaconda3/envs/mlops_env/lib/python3.12/site-packages/airflow/example_dags/example_local_kubernetes_executor.py
[2024-07-07T23:46:35.015+0500] {processor.py:183} INFO - Processing /home/nicolaspc/anaconda3/envs/mlops_env/lib/python3.12/site-packages/airflow/example_dags/example_local_kubernetes_executor.py took 0.029 seconds
[2024-07-07T23:47:05.670+0500] {processor.py:161} INFO - Started process (PID=22063) to work on /home/nicolaspc/anaconda3/envs/mlops_env/lib/python3.12/site-packages/airflow/example_dags/example_local_kubernetes_executor.py
[2024-07-07T23:47:05.670+0500] {processor.py:830} INFO - Processing file /home/nicolaspc/anaconda3/envs/mlops_env/lib/python3.12/site-packages/airflow/example_dags/example_local_kubernetes_executor.py for tasks to queue
[2024-07-07T23:47:05.671+0500] {logging_mixin.py:188} INFO - [2024-07-07T23:47:05.671+0500] {dagbag.py:545} INFO - Filling up the DagBag from /home/nicolaspc/anaconda3/envs/mlops_env/lib/python3.12/site-packages/airflow/example_dags/example_local_kubernetes_executor.py
[2024-07-07T23:47:05.673+0500] {logging_mixin.py:188} INFO - [2024-07-07T23:47:05.673+0500] {example_local_kubernetes_executor.py:40} WARNING - Could not import DAGs in example_local_kubernetes_executor.py
Traceback (most recent call last):
  File "/home/nicolaspc/anaconda3/envs/mlops_env/lib/python3.12/site-packages/airflow/example_dags/example_local_kubernetes_executor.py", line 38, in <module>
    from kubernetes.client import models as k8s
ModuleNotFoundError: No module named 'kubernetes'
[2024-07-07T23:47:05.673+0500] {logging_mixin.py:188} INFO - [2024-07-07T23:47:05.673+0500] {example_local_kubernetes_executor.py:41} WARNING - Install Kubernetes dependencies with: pip install apache-airflow[cncf.kubernetes]
[2024-07-07T23:47:05.674+0500] {processor.py:842} WARNING - No viable dags retrieved from /home/nicolaspc/anaconda3/envs/mlops_env/lib/python3.12/site-packages/airflow/example_dags/example_local_kubernetes_executor.py
[2024-07-07T23:47:05.688+0500] {processor.py:183} INFO - Processing /home/nicolaspc/anaconda3/envs/mlops_env/lib/python3.12/site-packages/airflow/example_dags/example_local_kubernetes_executor.py took 0.025 seconds
[2024-07-07T23:47:36.195+0500] {processor.py:161} INFO - Started process (PID=22391) to work on /home/nicolaspc/anaconda3/envs/mlops_env/lib/python3.12/site-packages/airflow/example_dags/example_local_kubernetes_executor.py
[2024-07-07T23:47:36.196+0500] {processor.py:830} INFO - Processing file /home/nicolaspc/anaconda3/envs/mlops_env/lib/python3.12/site-packages/airflow/example_dags/example_local_kubernetes_executor.py for tasks to queue
[2024-07-07T23:47:36.196+0500] {logging_mixin.py:188} INFO - [2024-07-07T23:47:36.196+0500] {dagbag.py:545} INFO - Filling up the DagBag from /home/nicolaspc/anaconda3/envs/mlops_env/lib/python3.12/site-packages/airflow/example_dags/example_local_kubernetes_executor.py
[2024-07-07T23:47:36.199+0500] {logging_mixin.py:188} INFO - [2024-07-07T23:47:36.198+0500] {example_local_kubernetes_executor.py:40} WARNING - Could not import DAGs in example_local_kubernetes_executor.py
Traceback (most recent call last):
  File "/home/nicolaspc/anaconda3/envs/mlops_env/lib/python3.12/site-packages/airflow/example_dags/example_local_kubernetes_executor.py", line 38, in <module>
    from kubernetes.client import models as k8s
ModuleNotFoundError: No module named 'kubernetes'
[2024-07-07T23:47:36.199+0500] {logging_mixin.py:188} INFO - [2024-07-07T23:47:36.199+0500] {example_local_kubernetes_executor.py:41} WARNING - Install Kubernetes dependencies with: pip install apache-airflow[cncf.kubernetes]
[2024-07-07T23:47:36.199+0500] {processor.py:842} WARNING - No viable dags retrieved from /home/nicolaspc/anaconda3/envs/mlops_env/lib/python3.12/site-packages/airflow/example_dags/example_local_kubernetes_executor.py
[2024-07-07T23:47:36.214+0500] {processor.py:183} INFO - Processing /home/nicolaspc/anaconda3/envs/mlops_env/lib/python3.12/site-packages/airflow/example_dags/example_local_kubernetes_executor.py took 0.025 seconds
[2024-07-07T23:48:06.684+0500] {processor.py:161} INFO - Started process (PID=22716) to work on /home/nicolaspc/anaconda3/envs/mlops_env/lib/python3.12/site-packages/airflow/example_dags/example_local_kubernetes_executor.py
[2024-07-07T23:48:06.685+0500] {processor.py:830} INFO - Processing file /home/nicolaspc/anaconda3/envs/mlops_env/lib/python3.12/site-packages/airflow/example_dags/example_local_kubernetes_executor.py for tasks to queue
[2024-07-07T23:48:06.685+0500] {logging_mixin.py:188} INFO - [2024-07-07T23:48:06.685+0500] {dagbag.py:545} INFO - Filling up the DagBag from /home/nicolaspc/anaconda3/envs/mlops_env/lib/python3.12/site-packages/airflow/example_dags/example_local_kubernetes_executor.py
[2024-07-07T23:48:06.688+0500] {logging_mixin.py:188} INFO - [2024-07-07T23:48:06.687+0500] {example_local_kubernetes_executor.py:40} WARNING - Could not import DAGs in example_local_kubernetes_executor.py
Traceback (most recent call last):
  File "/home/nicolaspc/anaconda3/envs/mlops_env/lib/python3.12/site-packages/airflow/example_dags/example_local_kubernetes_executor.py", line 38, in <module>
    from kubernetes.client import models as k8s
ModuleNotFoundError: No module named 'kubernetes'
[2024-07-07T23:48:06.688+0500] {logging_mixin.py:188} INFO - [2024-07-07T23:48:06.688+0500] {example_local_kubernetes_executor.py:41} WARNING - Install Kubernetes dependencies with: pip install apache-airflow[cncf.kubernetes]
[2024-07-07T23:48:06.688+0500] {processor.py:842} WARNING - No viable dags retrieved from /home/nicolaspc/anaconda3/envs/mlops_env/lib/python3.12/site-packages/airflow/example_dags/example_local_kubernetes_executor.py
[2024-07-07T23:48:06.703+0500] {processor.py:183} INFO - Processing /home/nicolaspc/anaconda3/envs/mlops_env/lib/python3.12/site-packages/airflow/example_dags/example_local_kubernetes_executor.py took 0.025 seconds
[2024-07-07T23:48:37.562+0500] {processor.py:161} INFO - Started process (PID=23075) to work on /home/nicolaspc/anaconda3/envs/mlops_env/lib/python3.12/site-packages/airflow/example_dags/example_local_kubernetes_executor.py
[2024-07-07T23:48:37.570+0500] {processor.py:830} INFO - Processing file /home/nicolaspc/anaconda3/envs/mlops_env/lib/python3.12/site-packages/airflow/example_dags/example_local_kubernetes_executor.py for tasks to queue
[2024-07-07T23:48:37.571+0500] {logging_mixin.py:188} INFO - [2024-07-07T23:48:37.571+0500] {dagbag.py:545} INFO - Filling up the DagBag from /home/nicolaspc/anaconda3/envs/mlops_env/lib/python3.12/site-packages/airflow/example_dags/example_local_kubernetes_executor.py
[2024-07-07T23:48:37.574+0500] {logging_mixin.py:188} INFO - [2024-07-07T23:48:37.573+0500] {example_local_kubernetes_executor.py:40} WARNING - Could not import DAGs in example_local_kubernetes_executor.py
Traceback (most recent call last):
  File "/home/nicolaspc/anaconda3/envs/mlops_env/lib/python3.12/site-packages/airflow/example_dags/example_local_kubernetes_executor.py", line 38, in <module>
    from kubernetes.client import models as k8s
ModuleNotFoundError: No module named 'kubernetes'
[2024-07-07T23:48:37.574+0500] {logging_mixin.py:188} INFO - [2024-07-07T23:48:37.574+0500] {example_local_kubernetes_executor.py:41} WARNING - Install Kubernetes dependencies with: pip install apache-airflow[cncf.kubernetes]
[2024-07-07T23:48:37.574+0500] {processor.py:842} WARNING - No viable dags retrieved from /home/nicolaspc/anaconda3/envs/mlops_env/lib/python3.12/site-packages/airflow/example_dags/example_local_kubernetes_executor.py
[2024-07-07T23:48:37.590+0500] {processor.py:183} INFO - Processing /home/nicolaspc/anaconda3/envs/mlops_env/lib/python3.12/site-packages/airflow/example_dags/example_local_kubernetes_executor.py took 0.034 seconds
[2024-07-07T23:49:09.074+0500] {processor.py:161} INFO - Started process (PID=23596) to work on /home/nicolaspc/anaconda3/envs/mlops_env/lib/python3.12/site-packages/airflow/example_dags/example_local_kubernetes_executor.py
[2024-07-07T23:49:09.075+0500] {processor.py:830} INFO - Processing file /home/nicolaspc/anaconda3/envs/mlops_env/lib/python3.12/site-packages/airflow/example_dags/example_local_kubernetes_executor.py for tasks to queue
[2024-07-07T23:49:09.076+0500] {logging_mixin.py:188} INFO - [2024-07-07T23:49:09.075+0500] {dagbag.py:545} INFO - Filling up the DagBag from /home/nicolaspc/anaconda3/envs/mlops_env/lib/python3.12/site-packages/airflow/example_dags/example_local_kubernetes_executor.py
[2024-07-07T23:49:09.078+0500] {logging_mixin.py:188} INFO - [2024-07-07T23:49:09.077+0500] {example_local_kubernetes_executor.py:40} WARNING - Could not import DAGs in example_local_kubernetes_executor.py
Traceback (most recent call last):
  File "/home/nicolaspc/anaconda3/envs/mlops_env/lib/python3.12/site-packages/airflow/example_dags/example_local_kubernetes_executor.py", line 38, in <module>
    from kubernetes.client import models as k8s
ModuleNotFoundError: No module named 'kubernetes'
[2024-07-07T23:49:09.078+0500] {logging_mixin.py:188} INFO - [2024-07-07T23:49:09.078+0500] {example_local_kubernetes_executor.py:41} WARNING - Install Kubernetes dependencies with: pip install apache-airflow[cncf.kubernetes]
[2024-07-07T23:49:09.078+0500] {processor.py:842} WARNING - No viable dags retrieved from /home/nicolaspc/anaconda3/envs/mlops_env/lib/python3.12/site-packages/airflow/example_dags/example_local_kubernetes_executor.py
[2024-07-07T23:49:09.094+0500] {processor.py:183} INFO - Processing /home/nicolaspc/anaconda3/envs/mlops_env/lib/python3.12/site-packages/airflow/example_dags/example_local_kubernetes_executor.py took 0.026 seconds
[2024-07-07T23:49:40.057+0500] {processor.py:161} INFO - Started process (PID=23957) to work on /home/nicolaspc/anaconda3/envs/mlops_env/lib/python3.12/site-packages/airflow/example_dags/example_local_kubernetes_executor.py
[2024-07-07T23:49:40.058+0500] {processor.py:830} INFO - Processing file /home/nicolaspc/anaconda3/envs/mlops_env/lib/python3.12/site-packages/airflow/example_dags/example_local_kubernetes_executor.py for tasks to queue
[2024-07-07T23:49:40.058+0500] {logging_mixin.py:188} INFO - [2024-07-07T23:49:40.058+0500] {dagbag.py:545} INFO - Filling up the DagBag from /home/nicolaspc/anaconda3/envs/mlops_env/lib/python3.12/site-packages/airflow/example_dags/example_local_kubernetes_executor.py
[2024-07-07T23:49:40.061+0500] {logging_mixin.py:188} INFO - [2024-07-07T23:49:40.060+0500] {example_local_kubernetes_executor.py:40} WARNING - Could not import DAGs in example_local_kubernetes_executor.py
Traceback (most recent call last):
  File "/home/nicolaspc/anaconda3/envs/mlops_env/lib/python3.12/site-packages/airflow/example_dags/example_local_kubernetes_executor.py", line 38, in <module>
    from kubernetes.client import models as k8s
ModuleNotFoundError: No module named 'kubernetes'
[2024-07-07T23:49:40.061+0500] {logging_mixin.py:188} INFO - [2024-07-07T23:49:40.061+0500] {example_local_kubernetes_executor.py:41} WARNING - Install Kubernetes dependencies with: pip install apache-airflow[cncf.kubernetes]
[2024-07-07T23:49:40.061+0500] {processor.py:842} WARNING - No viable dags retrieved from /home/nicolaspc/anaconda3/envs/mlops_env/lib/python3.12/site-packages/airflow/example_dags/example_local_kubernetes_executor.py
[2024-07-07T23:49:40.076+0500] {processor.py:183} INFO - Processing /home/nicolaspc/anaconda3/envs/mlops_env/lib/python3.12/site-packages/airflow/example_dags/example_local_kubernetes_executor.py took 0.024 seconds
