[2024-07-07T23:35:20.338+0500] {processor.py:161} INFO - Started process (PID=13552) to work on /home/nicolaspc/anaconda3/envs/mlops_env/lib/python3.12/site-packages/airflow/example_dags/example_params_trigger_ui.py
[2024-07-07T23:35:20.339+0500] {processor.py:830} INFO - Processing file /home/nicolaspc/anaconda3/envs/mlops_env/lib/python3.12/site-packages/airflow/example_dags/example_params_trigger_ui.py for tasks to queue
[2024-07-07T23:35:20.339+0500] {logging_mixin.py:188} INFO - [2024-07-07T23:35:20.339+0500] {dagbag.py:545} INFO - Filling up the DagBag from /home/nicolaspc/anaconda3/envs/mlops_env/lib/python3.12/site-packages/airflow/example_dags/example_params_trigger_ui.py
[2024-07-07T23:35:20.348+0500] {processor.py:840} INFO - DAG(s) 'example_params_trigger_ui' retrieved from /home/nicolaspc/anaconda3/envs/mlops_env/lib/python3.12/site-packages/airflow/example_dags/example_params_trigger_ui.py
[2024-07-07T23:35:20.382+0500] {logging_mixin.py:188} INFO - [2024-07-07T23:35:20.382+0500] {dag.py:3096} INFO - Sync 1 DAGs
[2024-07-07T23:35:20.390+0500] {logging_mixin.py:188} INFO - [2024-07-07T23:35:20.390+0500] {dag.py:3954} INFO - Setting next_dagrun for example_params_trigger_ui to None, run_after=None
[2024-07-07T23:35:20.412+0500] {processor.py:183} INFO - Processing /home/nicolaspc/anaconda3/envs/mlops_env/lib/python3.12/site-packages/airflow/example_dags/example_params_trigger_ui.py took 0.079 seconds
[2024-07-07T23:35:51.063+0500] {processor.py:161} INFO - Started process (PID=13901) to work on /home/nicolaspc/anaconda3/envs/mlops_env/lib/python3.12/site-packages/airflow/example_dags/example_params_trigger_ui.py
[2024-07-07T23:35:51.064+0500] {processor.py:830} INFO - Processing file /home/nicolaspc/anaconda3/envs/mlops_env/lib/python3.12/site-packages/airflow/example_dags/example_params_trigger_ui.py for tasks to queue
[2024-07-07T23:35:51.064+0500] {logging_mixin.py:188} INFO - [2024-07-07T23:35:51.064+0500] {dagbag.py:545} INFO - Filling up the DagBag from /home/nicolaspc/anaconda3/envs/mlops_env/lib/python3.12/site-packages/airflow/example_dags/example_params_trigger_ui.py
[2024-07-07T23:35:51.073+0500] {processor.py:840} INFO - DAG(s) 'example_params_trigger_ui' retrieved from /home/nicolaspc/anaconda3/envs/mlops_env/lib/python3.12/site-packages/airflow/example_dags/example_params_trigger_ui.py
[2024-07-07T23:35:51.106+0500] {logging_mixin.py:188} INFO - [2024-07-07T23:35:51.106+0500] {dag.py:3096} INFO - Sync 1 DAGs
[2024-07-07T23:35:51.115+0500] {logging_mixin.py:188} INFO - [2024-07-07T23:35:51.114+0500] {dag.py:3954} INFO - Setting next_dagrun for example_params_trigger_ui to None, run_after=None
[2024-07-07T23:35:51.130+0500] {processor.py:183} INFO - Processing /home/nicolaspc/anaconda3/envs/mlops_env/lib/python3.12/site-packages/airflow/example_dags/example_params_trigger_ui.py took 0.072 seconds
[2024-07-07T23:36:21.767+0500] {processor.py:161} INFO - Started process (PID=14315) to work on /home/nicolaspc/anaconda3/envs/mlops_env/lib/python3.12/site-packages/airflow/example_dags/example_params_trigger_ui.py
[2024-07-07T23:36:21.768+0500] {processor.py:830} INFO - Processing file /home/nicolaspc/anaconda3/envs/mlops_env/lib/python3.12/site-packages/airflow/example_dags/example_params_trigger_ui.py for tasks to queue
[2024-07-07T23:36:21.768+0500] {logging_mixin.py:188} INFO - [2024-07-07T23:36:21.768+0500] {dagbag.py:545} INFO - Filling up the DagBag from /home/nicolaspc/anaconda3/envs/mlops_env/lib/python3.12/site-packages/airflow/example_dags/example_params_trigger_ui.py
[2024-07-07T23:36:21.777+0500] {processor.py:840} INFO - DAG(s) 'example_params_trigger_ui' retrieved from /home/nicolaspc/anaconda3/envs/mlops_env/lib/python3.12/site-packages/airflow/example_dags/example_params_trigger_ui.py
[2024-07-07T23:36:21.809+0500] {logging_mixin.py:188} INFO - [2024-07-07T23:36:21.809+0500] {dag.py:3096} INFO - Sync 1 DAGs
[2024-07-07T23:36:21.818+0500] {logging_mixin.py:188} INFO - [2024-07-07T23:36:21.818+0500] {dag.py:3954} INFO - Setting next_dagrun for example_params_trigger_ui to None, run_after=None
[2024-07-07T23:36:21.833+0500] {processor.py:183} INFO - Processing /home/nicolaspc/anaconda3/envs/mlops_env/lib/python3.12/site-packages/airflow/example_dags/example_params_trigger_ui.py took 0.072 seconds
[2024-07-07T23:36:52.264+0500] {processor.py:161} INFO - Started process (PID=14707) to work on /home/nicolaspc/anaconda3/envs/mlops_env/lib/python3.12/site-packages/airflow/example_dags/example_params_trigger_ui.py
[2024-07-07T23:36:52.266+0500] {processor.py:830} INFO - Processing file /home/nicolaspc/anaconda3/envs/mlops_env/lib/python3.12/site-packages/airflow/example_dags/example_params_trigger_ui.py for tasks to queue
[2024-07-07T23:36:52.266+0500] {logging_mixin.py:188} INFO - [2024-07-07T23:36:52.266+0500] {dagbag.py:545} INFO - Filling up the DagBag from /home/nicolaspc/anaconda3/envs/mlops_env/lib/python3.12/site-packages/airflow/example_dags/example_params_trigger_ui.py
[2024-07-07T23:36:52.276+0500] {processor.py:840} INFO - DAG(s) 'example_params_trigger_ui' retrieved from /home/nicolaspc/anaconda3/envs/mlops_env/lib/python3.12/site-packages/airflow/example_dags/example_params_trigger_ui.py
[2024-07-07T23:36:52.310+0500] {logging_mixin.py:188} INFO - [2024-07-07T23:36:52.310+0500] {dag.py:3096} INFO - Sync 1 DAGs
[2024-07-07T23:36:52.319+0500] {logging_mixin.py:188} INFO - [2024-07-07T23:36:52.319+0500] {dag.py:3954} INFO - Setting next_dagrun for example_params_trigger_ui to None, run_after=None
[2024-07-07T23:36:52.334+0500] {processor.py:183} INFO - Processing /home/nicolaspc/anaconda3/envs/mlops_env/lib/python3.12/site-packages/airflow/example_dags/example_params_trigger_ui.py took 0.075 seconds
[2024-07-07T23:36:54.477+0500] {processor.py:161} INFO - Started process (PID=14741) to work on /home/nicolaspc/anaconda3/envs/mlops_env/lib/python3.12/site-packages/airflow/example_dags/example_params_trigger_ui.py
[2024-07-07T23:36:54.478+0500] {processor.py:830} INFO - Processing file /home/nicolaspc/anaconda3/envs/mlops_env/lib/python3.12/site-packages/airflow/example_dags/example_params_trigger_ui.py for tasks to queue
[2024-07-07T23:36:54.479+0500] {logging_mixin.py:188} INFO - [2024-07-07T23:36:54.479+0500] {dagbag.py:545} INFO - Filling up the DagBag from /home/nicolaspc/anaconda3/envs/mlops_env/lib/python3.12/site-packages/airflow/example_dags/example_params_trigger_ui.py
[2024-07-07T23:36:54.488+0500] {processor.py:840} INFO - DAG(s) 'example_params_trigger_ui' retrieved from /home/nicolaspc/anaconda3/envs/mlops_env/lib/python3.12/site-packages/airflow/example_dags/example_params_trigger_ui.py
[2024-07-07T23:36:54.596+0500] {logging_mixin.py:188} INFO - [2024-07-07T23:36:54.595+0500] {override.py:1829} INFO - Created Permission View: can delete on DAG:example_params_trigger_ui
[2024-07-07T23:36:54.611+0500] {logging_mixin.py:188} INFO - [2024-07-07T23:36:54.610+0500] {override.py:1829} INFO - Created Permission View: can edit on DAG:example_params_trigger_ui
[2024-07-07T23:36:54.624+0500] {logging_mixin.py:188} INFO - [2024-07-07T23:36:54.623+0500] {override.py:1829} INFO - Created Permission View: can read on DAG:example_params_trigger_ui
[2024-07-07T23:36:54.624+0500] {logging_mixin.py:188} INFO - [2024-07-07T23:36:54.624+0500] {dag.py:3096} INFO - Sync 1 DAGs
[2024-07-07T23:36:54.630+0500] {logging_mixin.py:188} INFO - [2024-07-07T23:36:54.630+0500] {dag.py:3118} INFO - Creating ORM DAG for example_params_trigger_ui
[2024-07-07T23:36:54.630+0500] {logging_mixin.py:188} INFO - [2024-07-07T23:36:54.630+0500] {dag.py:3954} INFO - Setting next_dagrun for example_params_trigger_ui to None, run_after=None
[2024-07-07T23:36:54.672+0500] {processor.py:183} INFO - Processing /home/nicolaspc/anaconda3/envs/mlops_env/lib/python3.12/site-packages/airflow/example_dags/example_params_trigger_ui.py took 0.198 seconds
[2024-07-07T23:37:22.695+0500] {processor.py:161} INFO - Started process (PID=15067) to work on /home/nicolaspc/anaconda3/envs/mlops_env/lib/python3.12/site-packages/airflow/example_dags/example_params_trigger_ui.py
[2024-07-07T23:37:22.695+0500] {processor.py:830} INFO - Processing file /home/nicolaspc/anaconda3/envs/mlops_env/lib/python3.12/site-packages/airflow/example_dags/example_params_trigger_ui.py for tasks to queue
[2024-07-07T23:37:22.696+0500] {logging_mixin.py:188} INFO - [2024-07-07T23:37:22.696+0500] {dagbag.py:545} INFO - Filling up the DagBag from /home/nicolaspc/anaconda3/envs/mlops_env/lib/python3.12/site-packages/airflow/example_dags/example_params_trigger_ui.py
[2024-07-07T23:37:22.705+0500] {processor.py:840} INFO - DAG(s) 'example_params_trigger_ui' retrieved from /home/nicolaspc/anaconda3/envs/mlops_env/lib/python3.12/site-packages/airflow/example_dags/example_params_trigger_ui.py
[2024-07-07T23:37:22.737+0500] {logging_mixin.py:188} INFO - [2024-07-07T23:37:22.736+0500] {dag.py:3096} INFO - Sync 1 DAGs
[2024-07-07T23:37:22.745+0500] {logging_mixin.py:188} INFO - [2024-07-07T23:37:22.745+0500] {dag.py:3954} INFO - Setting next_dagrun for example_params_trigger_ui to None, run_after=None
[2024-07-07T23:37:22.760+0500] {processor.py:183} INFO - Processing /home/nicolaspc/anaconda3/envs/mlops_env/lib/python3.12/site-packages/airflow/example_dags/example_params_trigger_ui.py took 0.071 seconds
[2024-07-07T23:37:53.213+0500] {processor.py:161} INFO - Started process (PID=15452) to work on /home/nicolaspc/anaconda3/envs/mlops_env/lib/python3.12/site-packages/airflow/example_dags/example_params_trigger_ui.py
[2024-07-07T23:37:53.214+0500] {processor.py:830} INFO - Processing file /home/nicolaspc/anaconda3/envs/mlops_env/lib/python3.12/site-packages/airflow/example_dags/example_params_trigger_ui.py for tasks to queue
[2024-07-07T23:37:53.214+0500] {logging_mixin.py:188} INFO - [2024-07-07T23:37:53.214+0500] {dagbag.py:545} INFO - Filling up the DagBag from /home/nicolaspc/anaconda3/envs/mlops_env/lib/python3.12/site-packages/airflow/example_dags/example_params_trigger_ui.py
[2024-07-07T23:37:53.223+0500] {processor.py:840} INFO - DAG(s) 'example_params_trigger_ui' retrieved from /home/nicolaspc/anaconda3/envs/mlops_env/lib/python3.12/site-packages/airflow/example_dags/example_params_trigger_ui.py
[2024-07-07T23:37:53.260+0500] {logging_mixin.py:188} INFO - [2024-07-07T23:37:53.260+0500] {dag.py:3096} INFO - Sync 1 DAGs
[2024-07-07T23:37:53.270+0500] {logging_mixin.py:188} INFO - [2024-07-07T23:37:53.269+0500] {dag.py:3954} INFO - Setting next_dagrun for example_params_trigger_ui to None, run_after=None
[2024-07-07T23:37:53.288+0500] {processor.py:183} INFO - Processing /home/nicolaspc/anaconda3/envs/mlops_env/lib/python3.12/site-packages/airflow/example_dags/example_params_trigger_ui.py took 0.080 seconds
[2024-07-07T23:37:55.392+0500] {processor.py:161} INFO - Started process (PID=15490) to work on /home/nicolaspc/anaconda3/envs/mlops_env/lib/python3.12/site-packages/airflow/example_dags/example_params_trigger_ui.py
[2024-07-07T23:37:55.392+0500] {processor.py:830} INFO - Processing file /home/nicolaspc/anaconda3/envs/mlops_env/lib/python3.12/site-packages/airflow/example_dags/example_params_trigger_ui.py for tasks to queue
[2024-07-07T23:37:55.393+0500] {logging_mixin.py:188} INFO - [2024-07-07T23:37:55.393+0500] {dagbag.py:545} INFO - Filling up the DagBag from /home/nicolaspc/anaconda3/envs/mlops_env/lib/python3.12/site-packages/airflow/example_dags/example_params_trigger_ui.py
[2024-07-07T23:37:55.402+0500] {processor.py:840} INFO - DAG(s) 'example_params_trigger_ui' retrieved from /home/nicolaspc/anaconda3/envs/mlops_env/lib/python3.12/site-packages/airflow/example_dags/example_params_trigger_ui.py
[2024-07-07T23:37:55.425+0500] {logging_mixin.py:188} INFO - [2024-07-07T23:37:55.425+0500] {dag.py:3096} INFO - Sync 1 DAGs
[2024-07-07T23:37:55.432+0500] {logging_mixin.py:188} INFO - [2024-07-07T23:37:55.432+0500] {dag.py:3954} INFO - Setting next_dagrun for example_params_trigger_ui to None, run_after=None
[2024-07-07T23:37:55.452+0500] {processor.py:183} INFO - Processing /home/nicolaspc/anaconda3/envs/mlops_env/lib/python3.12/site-packages/airflow/example_dags/example_params_trigger_ui.py took 0.064 seconds
[2024-07-07T23:38:23.999+0500] {processor.py:161} INFO - Started process (PID=15869) to work on /home/nicolaspc/anaconda3/envs/mlops_env/lib/python3.12/site-packages/airflow/example_dags/example_params_trigger_ui.py
[2024-07-07T23:38:24.000+0500] {processor.py:830} INFO - Processing file /home/nicolaspc/anaconda3/envs/mlops_env/lib/python3.12/site-packages/airflow/example_dags/example_params_trigger_ui.py for tasks to queue
[2024-07-07T23:38:24.001+0500] {logging_mixin.py:188} INFO - [2024-07-07T23:38:24.001+0500] {dagbag.py:545} INFO - Filling up the DagBag from /home/nicolaspc/anaconda3/envs/mlops_env/lib/python3.12/site-packages/airflow/example_dags/example_params_trigger_ui.py
[2024-07-07T23:38:24.011+0500] {processor.py:840} INFO - DAG(s) 'example_params_trigger_ui' retrieved from /home/nicolaspc/anaconda3/envs/mlops_env/lib/python3.12/site-packages/airflow/example_dags/example_params_trigger_ui.py
[2024-07-07T23:38:24.044+0500] {logging_mixin.py:188} INFO - [2024-07-07T23:38:24.044+0500] {dag.py:3096} INFO - Sync 1 DAGs
[2024-07-07T23:38:24.053+0500] {logging_mixin.py:188} INFO - [2024-07-07T23:38:24.053+0500] {dag.py:3954} INFO - Setting next_dagrun for example_params_trigger_ui to None, run_after=None
[2024-07-07T23:38:24.069+0500] {processor.py:183} INFO - Processing /home/nicolaspc/anaconda3/envs/mlops_env/lib/python3.12/site-packages/airflow/example_dags/example_params_trigger_ui.py took 0.075 seconds
[2024-07-07T23:38:53.567+0500] {processor.py:161} INFO - Started process (PID=16100) to work on /home/nicolaspc/anaconda3/envs/mlops_env/lib/python3.12/site-packages/airflow/example_dags/example_params_trigger_ui.py
[2024-07-07T23:38:53.568+0500] {processor.py:830} INFO - Processing file /home/nicolaspc/anaconda3/envs/mlops_env/lib/python3.12/site-packages/airflow/example_dags/example_params_trigger_ui.py for tasks to queue
[2024-07-07T23:38:53.569+0500] {logging_mixin.py:188} INFO - [2024-07-07T23:38:53.569+0500] {dagbag.py:545} INFO - Filling up the DagBag from /home/nicolaspc/anaconda3/envs/mlops_env/lib/python3.12/site-packages/airflow/example_dags/example_params_trigger_ui.py
[2024-07-07T23:38:53.578+0500] {processor.py:840} INFO - DAG(s) 'example_params_trigger_ui' retrieved from /home/nicolaspc/anaconda3/envs/mlops_env/lib/python3.12/site-packages/airflow/example_dags/example_params_trigger_ui.py
[2024-07-07T23:38:53.603+0500] {logging_mixin.py:188} INFO - [2024-07-07T23:38:53.602+0500] {dag.py:3096} INFO - Sync 1 DAGs
[2024-07-07T23:38:53.610+0500] {logging_mixin.py:188} INFO - [2024-07-07T23:38:53.610+0500] {dag.py:3954} INFO - Setting next_dagrun for example_params_trigger_ui to None, run_after=None
[2024-07-07T23:38:53.634+0500] {processor.py:183} INFO - Processing /home/nicolaspc/anaconda3/envs/mlops_env/lib/python3.12/site-packages/airflow/example_dags/example_params_trigger_ui.py took 0.070 seconds
[2024-07-07T23:38:54.725+0500] {processor.py:161} INFO - Started process (PID=16228) to work on /home/nicolaspc/anaconda3/envs/mlops_env/lib/python3.12/site-packages/airflow/example_dags/example_params_trigger_ui.py
[2024-07-07T23:38:54.726+0500] {processor.py:830} INFO - Processing file /home/nicolaspc/anaconda3/envs/mlops_env/lib/python3.12/site-packages/airflow/example_dags/example_params_trigger_ui.py for tasks to queue
[2024-07-07T23:38:54.726+0500] {logging_mixin.py:188} INFO - [2024-07-07T23:38:54.726+0500] {dagbag.py:545} INFO - Filling up the DagBag from /home/nicolaspc/anaconda3/envs/mlops_env/lib/python3.12/site-packages/airflow/example_dags/example_params_trigger_ui.py
[2024-07-07T23:38:54.735+0500] {processor.py:840} INFO - DAG(s) 'example_params_trigger_ui' retrieved from /home/nicolaspc/anaconda3/envs/mlops_env/lib/python3.12/site-packages/airflow/example_dags/example_params_trigger_ui.py
[2024-07-07T23:38:54.769+0500] {logging_mixin.py:188} INFO - [2024-07-07T23:38:54.769+0500] {dag.py:3096} INFO - Sync 1 DAGs
[2024-07-07T23:38:54.778+0500] {logging_mixin.py:188} INFO - [2024-07-07T23:38:54.777+0500] {dag.py:3954} INFO - Setting next_dagrun for example_params_trigger_ui to None, run_after=None
[2024-07-07T23:38:54.795+0500] {processor.py:183} INFO - Processing /home/nicolaspc/anaconda3/envs/mlops_env/lib/python3.12/site-packages/airflow/example_dags/example_params_trigger_ui.py took 0.076 seconds
[2024-07-07T23:39:25.232+0500] {processor.py:161} INFO - Started process (PID=16626) to work on /home/nicolaspc/anaconda3/envs/mlops_env/lib/python3.12/site-packages/airflow/example_dags/example_params_trigger_ui.py
[2024-07-07T23:39:25.232+0500] {processor.py:830} INFO - Processing file /home/nicolaspc/anaconda3/envs/mlops_env/lib/python3.12/site-packages/airflow/example_dags/example_params_trigger_ui.py for tasks to queue
[2024-07-07T23:39:25.233+0500] {logging_mixin.py:188} INFO - [2024-07-07T23:39:25.233+0500] {dagbag.py:545} INFO - Filling up the DagBag from /home/nicolaspc/anaconda3/envs/mlops_env/lib/python3.12/site-packages/airflow/example_dags/example_params_trigger_ui.py
[2024-07-07T23:39:25.242+0500] {processor.py:840} INFO - DAG(s) 'example_params_trigger_ui' retrieved from /home/nicolaspc/anaconda3/envs/mlops_env/lib/python3.12/site-packages/airflow/example_dags/example_params_trigger_ui.py
[2024-07-07T23:39:25.276+0500] {logging_mixin.py:188} INFO - [2024-07-07T23:39:25.276+0500] {dag.py:3096} INFO - Sync 1 DAGs
[2024-07-07T23:39:25.285+0500] {logging_mixin.py:188} INFO - [2024-07-07T23:39:25.285+0500] {dag.py:3954} INFO - Setting next_dagrun for example_params_trigger_ui to None, run_after=None
[2024-07-07T23:39:25.304+0500] {processor.py:183} INFO - Processing /home/nicolaspc/anaconda3/envs/mlops_env/lib/python3.12/site-packages/airflow/example_dags/example_params_trigger_ui.py took 0.078 seconds
[2024-07-07T23:39:55.453+0500] {processor.py:161} INFO - Started process (PID=16923) to work on /home/nicolaspc/anaconda3/envs/mlops_env/lib/python3.12/site-packages/airflow/example_dags/example_params_trigger_ui.py
[2024-07-07T23:39:55.454+0500] {processor.py:830} INFO - Processing file /home/nicolaspc/anaconda3/envs/mlops_env/lib/python3.12/site-packages/airflow/example_dags/example_params_trigger_ui.py for tasks to queue
[2024-07-07T23:39:55.455+0500] {logging_mixin.py:188} INFO - [2024-07-07T23:39:55.455+0500] {dagbag.py:545} INFO - Filling up the DagBag from /home/nicolaspc/anaconda3/envs/mlops_env/lib/python3.12/site-packages/airflow/example_dags/example_params_trigger_ui.py
[2024-07-07T23:39:55.464+0500] {processor.py:840} INFO - DAG(s) 'example_params_trigger_ui' retrieved from /home/nicolaspc/anaconda3/envs/mlops_env/lib/python3.12/site-packages/airflow/example_dags/example_params_trigger_ui.py
[2024-07-07T23:39:55.489+0500] {logging_mixin.py:188} INFO - [2024-07-07T23:39:55.489+0500] {dag.py:3096} INFO - Sync 1 DAGs
[2024-07-07T23:39:55.496+0500] {logging_mixin.py:188} INFO - [2024-07-07T23:39:55.496+0500] {dag.py:3954} INFO - Setting next_dagrun for example_params_trigger_ui to None, run_after=None
[2024-07-07T23:39:55.521+0500] {processor.py:183} INFO - Processing /home/nicolaspc/anaconda3/envs/mlops_env/lib/python3.12/site-packages/airflow/example_dags/example_params_trigger_ui.py took 0.071 seconds
[2024-07-07T23:39:55.824+0500] {processor.py:161} INFO - Started process (PID=16978) to work on /home/nicolaspc/anaconda3/envs/mlops_env/lib/python3.12/site-packages/airflow/example_dags/example_params_trigger_ui.py
[2024-07-07T23:39:55.825+0500] {processor.py:830} INFO - Processing file /home/nicolaspc/anaconda3/envs/mlops_env/lib/python3.12/site-packages/airflow/example_dags/example_params_trigger_ui.py for tasks to queue
[2024-07-07T23:39:55.825+0500] {logging_mixin.py:188} INFO - [2024-07-07T23:39:55.825+0500] {dagbag.py:545} INFO - Filling up the DagBag from /home/nicolaspc/anaconda3/envs/mlops_env/lib/python3.12/site-packages/airflow/example_dags/example_params_trigger_ui.py
[2024-07-07T23:39:55.834+0500] {processor.py:840} INFO - DAG(s) 'example_params_trigger_ui' retrieved from /home/nicolaspc/anaconda3/envs/mlops_env/lib/python3.12/site-packages/airflow/example_dags/example_params_trigger_ui.py
[2024-07-07T23:39:55.866+0500] {logging_mixin.py:188} INFO - [2024-07-07T23:39:55.866+0500] {dag.py:3096} INFO - Sync 1 DAGs
[2024-07-07T23:39:55.875+0500] {logging_mixin.py:188} INFO - [2024-07-07T23:39:55.875+0500] {dag.py:3954} INFO - Setting next_dagrun for example_params_trigger_ui to None, run_after=None
[2024-07-07T23:39:55.891+0500] {processor.py:183} INFO - Processing /home/nicolaspc/anaconda3/envs/mlops_env/lib/python3.12/site-packages/airflow/example_dags/example_params_trigger_ui.py took 0.072 seconds
[2024-07-07T23:40:26.559+0500] {processor.py:161} INFO - Started process (PID=17409) to work on /home/nicolaspc/anaconda3/envs/mlops_env/lib/python3.12/site-packages/airflow/example_dags/example_params_trigger_ui.py
[2024-07-07T23:40:26.560+0500] {processor.py:830} INFO - Processing file /home/nicolaspc/anaconda3/envs/mlops_env/lib/python3.12/site-packages/airflow/example_dags/example_params_trigger_ui.py for tasks to queue
[2024-07-07T23:40:26.561+0500] {logging_mixin.py:188} INFO - [2024-07-07T23:40:26.560+0500] {dagbag.py:545} INFO - Filling up the DagBag from /home/nicolaspc/anaconda3/envs/mlops_env/lib/python3.12/site-packages/airflow/example_dags/example_params_trigger_ui.py
[2024-07-07T23:40:26.572+0500] {processor.py:840} INFO - DAG(s) 'example_params_trigger_ui' retrieved from /home/nicolaspc/anaconda3/envs/mlops_env/lib/python3.12/site-packages/airflow/example_dags/example_params_trigger_ui.py
[2024-07-07T23:40:26.607+0500] {logging_mixin.py:188} INFO - [2024-07-07T23:40:26.607+0500] {dag.py:3096} INFO - Sync 1 DAGs
[2024-07-07T23:40:26.617+0500] {logging_mixin.py:188} INFO - [2024-07-07T23:40:26.617+0500] {dag.py:3954} INFO - Setting next_dagrun for example_params_trigger_ui to None, run_after=None
[2024-07-07T23:40:26.635+0500] {processor.py:183} INFO - Processing /home/nicolaspc/anaconda3/envs/mlops_env/lib/python3.12/site-packages/airflow/example_dags/example_params_trigger_ui.py took 0.081 seconds
[2024-07-07T23:40:55.873+0500] {processor.py:161} INFO - Started process (PID=17592) to work on /home/nicolaspc/anaconda3/envs/mlops_env/lib/python3.12/site-packages/airflow/example_dags/example_params_trigger_ui.py
[2024-07-07T23:40:55.874+0500] {processor.py:830} INFO - Processing file /home/nicolaspc/anaconda3/envs/mlops_env/lib/python3.12/site-packages/airflow/example_dags/example_params_trigger_ui.py for tasks to queue
[2024-07-07T23:40:55.876+0500] {logging_mixin.py:188} INFO - [2024-07-07T23:40:55.875+0500] {dagbag.py:545} INFO - Filling up the DagBag from /home/nicolaspc/anaconda3/envs/mlops_env/lib/python3.12/site-packages/airflow/example_dags/example_params_trigger_ui.py
[2024-07-07T23:40:55.886+0500] {processor.py:840} INFO - DAG(s) 'example_params_trigger_ui' retrieved from /home/nicolaspc/anaconda3/envs/mlops_env/lib/python3.12/site-packages/airflow/example_dags/example_params_trigger_ui.py
[2024-07-07T23:40:55.913+0500] {logging_mixin.py:188} INFO - [2024-07-07T23:40:55.913+0500] {dag.py:3096} INFO - Sync 1 DAGs
[2024-07-07T23:40:55.922+0500] {logging_mixin.py:188} INFO - [2024-07-07T23:40:55.922+0500] {dag.py:3954} INFO - Setting next_dagrun for example_params_trigger_ui to None, run_after=None
[2024-07-07T23:40:55.950+0500] {processor.py:183} INFO - Processing /home/nicolaspc/anaconda3/envs/mlops_env/lib/python3.12/site-packages/airflow/example_dags/example_params_trigger_ui.py took 0.081 seconds
[2024-07-07T23:40:57.376+0500] {processor.py:161} INFO - Started process (PID=17775) to work on /home/nicolaspc/anaconda3/envs/mlops_env/lib/python3.12/site-packages/airflow/example_dags/example_params_trigger_ui.py
[2024-07-07T23:40:57.377+0500] {processor.py:830} INFO - Processing file /home/nicolaspc/anaconda3/envs/mlops_env/lib/python3.12/site-packages/airflow/example_dags/example_params_trigger_ui.py for tasks to queue
[2024-07-07T23:40:57.377+0500] {logging_mixin.py:188} INFO - [2024-07-07T23:40:57.377+0500] {dagbag.py:545} INFO - Filling up the DagBag from /home/nicolaspc/anaconda3/envs/mlops_env/lib/python3.12/site-packages/airflow/example_dags/example_params_trigger_ui.py
[2024-07-07T23:40:57.387+0500] {processor.py:840} INFO - DAG(s) 'example_params_trigger_ui' retrieved from /home/nicolaspc/anaconda3/envs/mlops_env/lib/python3.12/site-packages/airflow/example_dags/example_params_trigger_ui.py
[2024-07-07T23:40:57.420+0500] {logging_mixin.py:188} INFO - [2024-07-07T23:40:57.420+0500] {dag.py:3096} INFO - Sync 1 DAGs
[2024-07-07T23:40:57.430+0500] {logging_mixin.py:188} INFO - [2024-07-07T23:40:57.430+0500] {dag.py:3954} INFO - Setting next_dagrun for example_params_trigger_ui to None, run_after=None
[2024-07-07T23:40:57.448+0500] {processor.py:183} INFO - Processing /home/nicolaspc/anaconda3/envs/mlops_env/lib/python3.12/site-packages/airflow/example_dags/example_params_trigger_ui.py took 0.079 seconds
[2024-07-07T23:41:28.331+0500] {processor.py:161} INFO - Started process (PID=18190) to work on /home/nicolaspc/anaconda3/envs/mlops_env/lib/python3.12/site-packages/airflow/example_dags/example_params_trigger_ui.py
[2024-07-07T23:41:28.332+0500] {processor.py:830} INFO - Processing file /home/nicolaspc/anaconda3/envs/mlops_env/lib/python3.12/site-packages/airflow/example_dags/example_params_trigger_ui.py for tasks to queue
[2024-07-07T23:41:28.333+0500] {logging_mixin.py:188} INFO - [2024-07-07T23:41:28.332+0500] {dagbag.py:545} INFO - Filling up the DagBag from /home/nicolaspc/anaconda3/envs/mlops_env/lib/python3.12/site-packages/airflow/example_dags/example_params_trigger_ui.py
[2024-07-07T23:41:28.343+0500] {processor.py:840} INFO - DAG(s) 'example_params_trigger_ui' retrieved from /home/nicolaspc/anaconda3/envs/mlops_env/lib/python3.12/site-packages/airflow/example_dags/example_params_trigger_ui.py
[2024-07-07T23:41:28.380+0500] {logging_mixin.py:188} INFO - [2024-07-07T23:41:28.380+0500] {dag.py:3096} INFO - Sync 1 DAGs
[2024-07-07T23:41:28.390+0500] {logging_mixin.py:188} INFO - [2024-07-07T23:41:28.390+0500] {dag.py:3954} INFO - Setting next_dagrun for example_params_trigger_ui to None, run_after=None
[2024-07-07T23:41:28.409+0500] {processor.py:183} INFO - Processing /home/nicolaspc/anaconda3/envs/mlops_env/lib/python3.12/site-packages/airflow/example_dags/example_params_trigger_ui.py took 0.085 seconds
[2024-07-07T23:41:55.384+0500] {processor.py:161} INFO - Started process (PID=18270) to work on /home/nicolaspc/anaconda3/envs/mlops_env/lib/python3.12/site-packages/airflow/example_dags/example_params_trigger_ui.py
[2024-07-07T23:41:55.393+0500] {processor.py:830} INFO - Processing file /home/nicolaspc/anaconda3/envs/mlops_env/lib/python3.12/site-packages/airflow/example_dags/example_params_trigger_ui.py for tasks to queue
[2024-07-07T23:41:55.395+0500] {logging_mixin.py:188} INFO - [2024-07-07T23:41:55.395+0500] {dagbag.py:545} INFO - Filling up the DagBag from /home/nicolaspc/anaconda3/envs/mlops_env/lib/python3.12/site-packages/airflow/example_dags/example_params_trigger_ui.py
[2024-07-07T23:41:55.405+0500] {processor.py:840} INFO - DAG(s) 'example_params_trigger_ui' retrieved from /home/nicolaspc/anaconda3/envs/mlops_env/lib/python3.12/site-packages/airflow/example_dags/example_params_trigger_ui.py
[2024-07-07T23:41:55.430+0500] {logging_mixin.py:188} INFO - [2024-07-07T23:41:55.430+0500] {dag.py:3096} INFO - Sync 1 DAGs
[2024-07-07T23:41:55.570+0500] {logging_mixin.py:188} INFO - [2024-07-07T23:41:55.570+0500] {dag.py:3954} INFO - Setting next_dagrun for example_params_trigger_ui to None, run_after=None
[2024-07-07T23:41:55.602+0500] {processor.py:183} INFO - Processing /home/nicolaspc/anaconda3/envs/mlops_env/lib/python3.12/site-packages/airflow/example_dags/example_params_trigger_ui.py took 0.221 seconds
[2024-07-07T23:41:59.377+0500] {processor.py:161} INFO - Started process (PID=18568) to work on /home/nicolaspc/anaconda3/envs/mlops_env/lib/python3.12/site-packages/airflow/example_dags/example_params_trigger_ui.py
[2024-07-07T23:41:59.378+0500] {processor.py:830} INFO - Processing file /home/nicolaspc/anaconda3/envs/mlops_env/lib/python3.12/site-packages/airflow/example_dags/example_params_trigger_ui.py for tasks to queue
[2024-07-07T23:41:59.379+0500] {logging_mixin.py:188} INFO - [2024-07-07T23:41:59.378+0500] {dagbag.py:545} INFO - Filling up the DagBag from /home/nicolaspc/anaconda3/envs/mlops_env/lib/python3.12/site-packages/airflow/example_dags/example_params_trigger_ui.py
[2024-07-07T23:41:59.392+0500] {processor.py:840} INFO - DAG(s) 'example_params_trigger_ui' retrieved from /home/nicolaspc/anaconda3/envs/mlops_env/lib/python3.12/site-packages/airflow/example_dags/example_params_trigger_ui.py
[2024-07-07T23:41:59.429+0500] {logging_mixin.py:188} INFO - [2024-07-07T23:41:59.429+0500] {dag.py:3096} INFO - Sync 1 DAGs
[2024-07-07T23:41:59.442+0500] {logging_mixin.py:188} INFO - [2024-07-07T23:41:59.442+0500] {dag.py:3954} INFO - Setting next_dagrun for example_params_trigger_ui to None, run_after=None
[2024-07-07T23:41:59.460+0500] {processor.py:183} INFO - Processing /home/nicolaspc/anaconda3/envs/mlops_env/lib/python3.12/site-packages/airflow/example_dags/example_params_trigger_ui.py took 0.091 seconds
[2024-07-07T23:42:30.173+0500] {processor.py:161} INFO - Started process (PID=18978) to work on /home/nicolaspc/anaconda3/envs/mlops_env/lib/python3.12/site-packages/airflow/example_dags/example_params_trigger_ui.py
[2024-07-07T23:42:30.174+0500] {processor.py:830} INFO - Processing file /home/nicolaspc/anaconda3/envs/mlops_env/lib/python3.12/site-packages/airflow/example_dags/example_params_trigger_ui.py for tasks to queue
[2024-07-07T23:42:30.174+0500] {logging_mixin.py:188} INFO - [2024-07-07T23:42:30.174+0500] {dagbag.py:545} INFO - Filling up the DagBag from /home/nicolaspc/anaconda3/envs/mlops_env/lib/python3.12/site-packages/airflow/example_dags/example_params_trigger_ui.py
[2024-07-07T23:42:30.186+0500] {processor.py:840} INFO - DAG(s) 'example_params_trigger_ui' retrieved from /home/nicolaspc/anaconda3/envs/mlops_env/lib/python3.12/site-packages/airflow/example_dags/example_params_trigger_ui.py
[2024-07-07T23:42:30.223+0500] {logging_mixin.py:188} INFO - [2024-07-07T23:42:30.223+0500] {dag.py:3096} INFO - Sync 1 DAGs
[2024-07-07T23:42:30.234+0500] {logging_mixin.py:188} INFO - [2024-07-07T23:42:30.233+0500] {dag.py:3954} INFO - Setting next_dagrun for example_params_trigger_ui to None, run_after=None
[2024-07-07T23:42:30.253+0500] {processor.py:183} INFO - Processing /home/nicolaspc/anaconda3/envs/mlops_env/lib/python3.12/site-packages/airflow/example_dags/example_params_trigger_ui.py took 0.086 seconds
[2024-07-07T23:43:00.846+0500] {processor.py:161} INFO - Started process (PID=19342) to work on /home/nicolaspc/anaconda3/envs/mlops_env/lib/python3.12/site-packages/airflow/example_dags/example_params_trigger_ui.py
[2024-07-07T23:43:00.847+0500] {processor.py:830} INFO - Processing file /home/nicolaspc/anaconda3/envs/mlops_env/lib/python3.12/site-packages/airflow/example_dags/example_params_trigger_ui.py for tasks to queue
[2024-07-07T23:43:00.847+0500] {logging_mixin.py:188} INFO - [2024-07-07T23:43:00.847+0500] {dagbag.py:545} INFO - Filling up the DagBag from /home/nicolaspc/anaconda3/envs/mlops_env/lib/python3.12/site-packages/airflow/example_dags/example_params_trigger_ui.py
[2024-07-07T23:43:00.858+0500] {processor.py:840} INFO - DAG(s) 'example_params_trigger_ui' retrieved from /home/nicolaspc/anaconda3/envs/mlops_env/lib/python3.12/site-packages/airflow/example_dags/example_params_trigger_ui.py
[2024-07-07T23:43:00.892+0500] {logging_mixin.py:188} INFO - [2024-07-07T23:43:00.892+0500] {dag.py:3096} INFO - Sync 1 DAGs
[2024-07-07T23:43:00.901+0500] {logging_mixin.py:188} INFO - [2024-07-07T23:43:00.901+0500] {dag.py:3954} INFO - Setting next_dagrun for example_params_trigger_ui to None, run_after=None
[2024-07-07T23:43:00.917+0500] {processor.py:183} INFO - Processing /home/nicolaspc/anaconda3/envs/mlops_env/lib/python3.12/site-packages/airflow/example_dags/example_params_trigger_ui.py took 0.077 seconds
[2024-07-07T23:43:31.704+0500] {processor.py:161} INFO - Started process (PID=19669) to work on /home/nicolaspc/anaconda3/envs/mlops_env/lib/python3.12/site-packages/airflow/example_dags/example_params_trigger_ui.py
[2024-07-07T23:43:31.704+0500] {processor.py:830} INFO - Processing file /home/nicolaspc/anaconda3/envs/mlops_env/lib/python3.12/site-packages/airflow/example_dags/example_params_trigger_ui.py for tasks to queue
[2024-07-07T23:43:31.705+0500] {logging_mixin.py:188} INFO - [2024-07-07T23:43:31.705+0500] {dagbag.py:545} INFO - Filling up the DagBag from /home/nicolaspc/anaconda3/envs/mlops_env/lib/python3.12/site-packages/airflow/example_dags/example_params_trigger_ui.py
[2024-07-07T23:43:31.714+0500] {processor.py:840} INFO - DAG(s) 'example_params_trigger_ui' retrieved from /home/nicolaspc/anaconda3/envs/mlops_env/lib/python3.12/site-packages/airflow/example_dags/example_params_trigger_ui.py
[2024-07-07T23:43:31.747+0500] {logging_mixin.py:188} INFO - [2024-07-07T23:43:31.747+0500] {dag.py:3096} INFO - Sync 1 DAGs
[2024-07-07T23:43:31.755+0500] {logging_mixin.py:188} INFO - [2024-07-07T23:43:31.755+0500] {dag.py:3954} INFO - Setting next_dagrun for example_params_trigger_ui to None, run_after=None
[2024-07-07T23:43:31.771+0500] {processor.py:183} INFO - Processing /home/nicolaspc/anaconda3/envs/mlops_env/lib/python3.12/site-packages/airflow/example_dags/example_params_trigger_ui.py took 0.073 seconds
[2024-07-07T23:44:02.199+0500] {processor.py:161} INFO - Started process (PID=20037) to work on /home/nicolaspc/anaconda3/envs/mlops_env/lib/python3.12/site-packages/airflow/example_dags/example_params_trigger_ui.py
[2024-07-07T23:44:02.200+0500] {processor.py:830} INFO - Processing file /home/nicolaspc/anaconda3/envs/mlops_env/lib/python3.12/site-packages/airflow/example_dags/example_params_trigger_ui.py for tasks to queue
[2024-07-07T23:44:02.200+0500] {logging_mixin.py:188} INFO - [2024-07-07T23:44:02.200+0500] {dagbag.py:545} INFO - Filling up the DagBag from /home/nicolaspc/anaconda3/envs/mlops_env/lib/python3.12/site-packages/airflow/example_dags/example_params_trigger_ui.py
[2024-07-07T23:44:02.209+0500] {processor.py:840} INFO - DAG(s) 'example_params_trigger_ui' retrieved from /home/nicolaspc/anaconda3/envs/mlops_env/lib/python3.12/site-packages/airflow/example_dags/example_params_trigger_ui.py
[2024-07-07T23:44:02.243+0500] {logging_mixin.py:188} INFO - [2024-07-07T23:44:02.242+0500] {dag.py:3096} INFO - Sync 1 DAGs
[2024-07-07T23:44:02.252+0500] {logging_mixin.py:188} INFO - [2024-07-07T23:44:02.252+0500] {dag.py:3954} INFO - Setting next_dagrun for example_params_trigger_ui to None, run_after=None
[2024-07-07T23:44:02.268+0500] {processor.py:183} INFO - Processing /home/nicolaspc/anaconda3/envs/mlops_env/lib/python3.12/site-packages/airflow/example_dags/example_params_trigger_ui.py took 0.075 seconds
[2024-07-07T23:44:32.722+0500] {processor.py:161} INFO - Started process (PID=20399) to work on /home/nicolaspc/anaconda3/envs/mlops_env/lib/python3.12/site-packages/airflow/example_dags/example_params_trigger_ui.py
[2024-07-07T23:44:32.723+0500] {processor.py:830} INFO - Processing file /home/nicolaspc/anaconda3/envs/mlops_env/lib/python3.12/site-packages/airflow/example_dags/example_params_trigger_ui.py for tasks to queue
[2024-07-07T23:44:32.724+0500] {logging_mixin.py:188} INFO - [2024-07-07T23:44:32.723+0500] {dagbag.py:545} INFO - Filling up the DagBag from /home/nicolaspc/anaconda3/envs/mlops_env/lib/python3.12/site-packages/airflow/example_dags/example_params_trigger_ui.py
[2024-07-07T23:44:32.733+0500] {processor.py:840} INFO - DAG(s) 'example_params_trigger_ui' retrieved from /home/nicolaspc/anaconda3/envs/mlops_env/lib/python3.12/site-packages/airflow/example_dags/example_params_trigger_ui.py
[2024-07-07T23:44:32.766+0500] {logging_mixin.py:188} INFO - [2024-07-07T23:44:32.766+0500] {dag.py:3096} INFO - Sync 1 DAGs
[2024-07-07T23:44:32.775+0500] {logging_mixin.py:188} INFO - [2024-07-07T23:44:32.775+0500] {dag.py:3954} INFO - Setting next_dagrun for example_params_trigger_ui to None, run_after=None
[2024-07-07T23:44:32.792+0500] {processor.py:183} INFO - Processing /home/nicolaspc/anaconda3/envs/mlops_env/lib/python3.12/site-packages/airflow/example_dags/example_params_trigger_ui.py took 0.076 seconds
[2024-07-07T23:45:03.482+0500] {processor.py:161} INFO - Started process (PID=20765) to work on /home/nicolaspc/anaconda3/envs/mlops_env/lib/python3.12/site-packages/airflow/example_dags/example_params_trigger_ui.py
[2024-07-07T23:45:03.483+0500] {processor.py:830} INFO - Processing file /home/nicolaspc/anaconda3/envs/mlops_env/lib/python3.12/site-packages/airflow/example_dags/example_params_trigger_ui.py for tasks to queue
[2024-07-07T23:45:03.483+0500] {logging_mixin.py:188} INFO - [2024-07-07T23:45:03.483+0500] {dagbag.py:545} INFO - Filling up the DagBag from /home/nicolaspc/anaconda3/envs/mlops_env/lib/python3.12/site-packages/airflow/example_dags/example_params_trigger_ui.py
[2024-07-07T23:45:03.493+0500] {processor.py:840} INFO - DAG(s) 'example_params_trigger_ui' retrieved from /home/nicolaspc/anaconda3/envs/mlops_env/lib/python3.12/site-packages/airflow/example_dags/example_params_trigger_ui.py
[2024-07-07T23:45:03.525+0500] {logging_mixin.py:188} INFO - [2024-07-07T23:45:03.525+0500] {dag.py:3096} INFO - Sync 1 DAGs
[2024-07-07T23:45:03.534+0500] {logging_mixin.py:188} INFO - [2024-07-07T23:45:03.534+0500] {dag.py:3954} INFO - Setting next_dagrun for example_params_trigger_ui to None, run_after=None
[2024-07-07T23:45:03.549+0500] {processor.py:183} INFO - Processing /home/nicolaspc/anaconda3/envs/mlops_env/lib/python3.12/site-packages/airflow/example_dags/example_params_trigger_ui.py took 0.073 seconds
[2024-07-07T23:45:34.059+0500] {processor.py:161} INFO - Started process (PID=21091) to work on /home/nicolaspc/anaconda3/envs/mlops_env/lib/python3.12/site-packages/airflow/example_dags/example_params_trigger_ui.py
[2024-07-07T23:45:34.060+0500] {processor.py:830} INFO - Processing file /home/nicolaspc/anaconda3/envs/mlops_env/lib/python3.12/site-packages/airflow/example_dags/example_params_trigger_ui.py for tasks to queue
[2024-07-07T23:45:34.060+0500] {logging_mixin.py:188} INFO - [2024-07-07T23:45:34.060+0500] {dagbag.py:545} INFO - Filling up the DagBag from /home/nicolaspc/anaconda3/envs/mlops_env/lib/python3.12/site-packages/airflow/example_dags/example_params_trigger_ui.py
[2024-07-07T23:45:34.069+0500] {processor.py:840} INFO - DAG(s) 'example_params_trigger_ui' retrieved from /home/nicolaspc/anaconda3/envs/mlops_env/lib/python3.12/site-packages/airflow/example_dags/example_params_trigger_ui.py
[2024-07-07T23:45:34.102+0500] {logging_mixin.py:188} INFO - [2024-07-07T23:45:34.102+0500] {dag.py:3096} INFO - Sync 1 DAGs
[2024-07-07T23:45:34.111+0500] {logging_mixin.py:188} INFO - [2024-07-07T23:45:34.111+0500] {dag.py:3954} INFO - Setting next_dagrun for example_params_trigger_ui to None, run_after=None
[2024-07-07T23:45:34.126+0500] {processor.py:183} INFO - Processing /home/nicolaspc/anaconda3/envs/mlops_env/lib/python3.12/site-packages/airflow/example_dags/example_params_trigger_ui.py took 0.073 seconds
[2024-07-07T23:46:04.806+0500] {processor.py:161} INFO - Started process (PID=21428) to work on /home/nicolaspc/anaconda3/envs/mlops_env/lib/python3.12/site-packages/airflow/example_dags/example_params_trigger_ui.py
[2024-07-07T23:46:04.807+0500] {processor.py:830} INFO - Processing file /home/nicolaspc/anaconda3/envs/mlops_env/lib/python3.12/site-packages/airflow/example_dags/example_params_trigger_ui.py for tasks to queue
[2024-07-07T23:46:04.808+0500] {logging_mixin.py:188} INFO - [2024-07-07T23:46:04.807+0500] {dagbag.py:545} INFO - Filling up the DagBag from /home/nicolaspc/anaconda3/envs/mlops_env/lib/python3.12/site-packages/airflow/example_dags/example_params_trigger_ui.py
[2024-07-07T23:46:04.817+0500] {processor.py:840} INFO - DAG(s) 'example_params_trigger_ui' retrieved from /home/nicolaspc/anaconda3/envs/mlops_env/lib/python3.12/site-packages/airflow/example_dags/example_params_trigger_ui.py
[2024-07-07T23:46:04.850+0500] {logging_mixin.py:188} INFO - [2024-07-07T23:46:04.850+0500] {dag.py:3096} INFO - Sync 1 DAGs
[2024-07-07T23:46:04.859+0500] {logging_mixin.py:188} INFO - [2024-07-07T23:46:04.859+0500] {dag.py:3954} INFO - Setting next_dagrun for example_params_trigger_ui to None, run_after=None
[2024-07-07T23:46:04.875+0500] {processor.py:183} INFO - Processing /home/nicolaspc/anaconda3/envs/mlops_env/lib/python3.12/site-packages/airflow/example_dags/example_params_trigger_ui.py took 0.074 seconds
[2024-07-07T23:46:35.530+0500] {processor.py:161} INFO - Started process (PID=21796) to work on /home/nicolaspc/anaconda3/envs/mlops_env/lib/python3.12/site-packages/airflow/example_dags/example_params_trigger_ui.py
[2024-07-07T23:46:35.531+0500] {processor.py:830} INFO - Processing file /home/nicolaspc/anaconda3/envs/mlops_env/lib/python3.12/site-packages/airflow/example_dags/example_params_trigger_ui.py for tasks to queue
[2024-07-07T23:46:35.532+0500] {logging_mixin.py:188} INFO - [2024-07-07T23:46:35.531+0500] {dagbag.py:545} INFO - Filling up the DagBag from /home/nicolaspc/anaconda3/envs/mlops_env/lib/python3.12/site-packages/airflow/example_dags/example_params_trigger_ui.py
[2024-07-07T23:46:35.545+0500] {processor.py:840} INFO - DAG(s) 'example_params_trigger_ui' retrieved from /home/nicolaspc/anaconda3/envs/mlops_env/lib/python3.12/site-packages/airflow/example_dags/example_params_trigger_ui.py
[2024-07-07T23:46:35.594+0500] {logging_mixin.py:188} INFO - [2024-07-07T23:46:35.594+0500] {dag.py:3096} INFO - Sync 1 DAGs
[2024-07-07T23:46:35.603+0500] {logging_mixin.py:188} INFO - [2024-07-07T23:46:35.603+0500] {dag.py:3954} INFO - Setting next_dagrun for example_params_trigger_ui to None, run_after=None
[2024-07-07T23:46:35.620+0500] {processor.py:183} INFO - Processing /home/nicolaspc/anaconda3/envs/mlops_env/lib/python3.12/site-packages/airflow/example_dags/example_params_trigger_ui.py took 0.098 seconds
[2024-07-07T23:47:06.133+0500] {processor.py:161} INFO - Started process (PID=22124) to work on /home/nicolaspc/anaconda3/envs/mlops_env/lib/python3.12/site-packages/airflow/example_dags/example_params_trigger_ui.py
[2024-07-07T23:47:06.134+0500] {processor.py:830} INFO - Processing file /home/nicolaspc/anaconda3/envs/mlops_env/lib/python3.12/site-packages/airflow/example_dags/example_params_trigger_ui.py for tasks to queue
[2024-07-07T23:47:06.134+0500] {logging_mixin.py:188} INFO - [2024-07-07T23:47:06.134+0500] {dagbag.py:545} INFO - Filling up the DagBag from /home/nicolaspc/anaconda3/envs/mlops_env/lib/python3.12/site-packages/airflow/example_dags/example_params_trigger_ui.py
[2024-07-07T23:47:06.143+0500] {processor.py:840} INFO - DAG(s) 'example_params_trigger_ui' retrieved from /home/nicolaspc/anaconda3/envs/mlops_env/lib/python3.12/site-packages/airflow/example_dags/example_params_trigger_ui.py
[2024-07-07T23:47:06.175+0500] {logging_mixin.py:188} INFO - [2024-07-07T23:47:06.175+0500] {dag.py:3096} INFO - Sync 1 DAGs
[2024-07-07T23:47:06.183+0500] {logging_mixin.py:188} INFO - [2024-07-07T23:47:06.183+0500] {dag.py:3954} INFO - Setting next_dagrun for example_params_trigger_ui to None, run_after=None
[2024-07-07T23:47:06.197+0500] {processor.py:183} INFO - Processing /home/nicolaspc/anaconda3/envs/mlops_env/lib/python3.12/site-packages/airflow/example_dags/example_params_trigger_ui.py took 0.070 seconds
[2024-07-07T23:47:36.677+0500] {processor.py:161} INFO - Started process (PID=22454) to work on /home/nicolaspc/anaconda3/envs/mlops_env/lib/python3.12/site-packages/airflow/example_dags/example_params_trigger_ui.py
[2024-07-07T23:47:36.678+0500] {processor.py:830} INFO - Processing file /home/nicolaspc/anaconda3/envs/mlops_env/lib/python3.12/site-packages/airflow/example_dags/example_params_trigger_ui.py for tasks to queue
[2024-07-07T23:47:36.678+0500] {logging_mixin.py:188} INFO - [2024-07-07T23:47:36.678+0500] {dagbag.py:545} INFO - Filling up the DagBag from /home/nicolaspc/anaconda3/envs/mlops_env/lib/python3.12/site-packages/airflow/example_dags/example_params_trigger_ui.py
[2024-07-07T23:47:36.688+0500] {processor.py:840} INFO - DAG(s) 'example_params_trigger_ui' retrieved from /home/nicolaspc/anaconda3/envs/mlops_env/lib/python3.12/site-packages/airflow/example_dags/example_params_trigger_ui.py
[2024-07-07T23:47:36.722+0500] {logging_mixin.py:188} INFO - [2024-07-07T23:47:36.721+0500] {dag.py:3096} INFO - Sync 1 DAGs
[2024-07-07T23:47:36.730+0500] {logging_mixin.py:188} INFO - [2024-07-07T23:47:36.730+0500] {dag.py:3954} INFO - Setting next_dagrun for example_params_trigger_ui to None, run_after=None
[2024-07-07T23:47:36.747+0500] {processor.py:183} INFO - Processing /home/nicolaspc/anaconda3/envs/mlops_env/lib/python3.12/site-packages/airflow/example_dags/example_params_trigger_ui.py took 0.076 seconds
[2024-07-07T23:48:07.255+0500] {processor.py:161} INFO - Started process (PID=22777) to work on /home/nicolaspc/anaconda3/envs/mlops_env/lib/python3.12/site-packages/airflow/example_dags/example_params_trigger_ui.py
[2024-07-07T23:48:07.256+0500] {processor.py:830} INFO - Processing file /home/nicolaspc/anaconda3/envs/mlops_env/lib/python3.12/site-packages/airflow/example_dags/example_params_trigger_ui.py for tasks to queue
[2024-07-07T23:48:07.256+0500] {logging_mixin.py:188} INFO - [2024-07-07T23:48:07.256+0500] {dagbag.py:545} INFO - Filling up the DagBag from /home/nicolaspc/anaconda3/envs/mlops_env/lib/python3.12/site-packages/airflow/example_dags/example_params_trigger_ui.py
[2024-07-07T23:48:07.265+0500] {processor.py:840} INFO - DAG(s) 'example_params_trigger_ui' retrieved from /home/nicolaspc/anaconda3/envs/mlops_env/lib/python3.12/site-packages/airflow/example_dags/example_params_trigger_ui.py
[2024-07-07T23:48:07.298+0500] {logging_mixin.py:188} INFO - [2024-07-07T23:48:07.298+0500] {dag.py:3096} INFO - Sync 1 DAGs
[2024-07-07T23:48:07.307+0500] {logging_mixin.py:188} INFO - [2024-07-07T23:48:07.307+0500] {dag.py:3954} INFO - Setting next_dagrun for example_params_trigger_ui to None, run_after=None
[2024-07-07T23:48:07.322+0500] {processor.py:183} INFO - Processing /home/nicolaspc/anaconda3/envs/mlops_env/lib/python3.12/site-packages/airflow/example_dags/example_params_trigger_ui.py took 0.072 seconds
[2024-07-07T23:48:38.025+0500] {processor.py:161} INFO - Started process (PID=23133) to work on /home/nicolaspc/anaconda3/envs/mlops_env/lib/python3.12/site-packages/airflow/example_dags/example_params_trigger_ui.py
[2024-07-07T23:48:38.025+0500] {processor.py:830} INFO - Processing file /home/nicolaspc/anaconda3/envs/mlops_env/lib/python3.12/site-packages/airflow/example_dags/example_params_trigger_ui.py for tasks to queue
[2024-07-07T23:48:38.026+0500] {logging_mixin.py:188} INFO - [2024-07-07T23:48:38.025+0500] {dagbag.py:545} INFO - Filling up the DagBag from /home/nicolaspc/anaconda3/envs/mlops_env/lib/python3.12/site-packages/airflow/example_dags/example_params_trigger_ui.py
[2024-07-07T23:48:38.034+0500] {processor.py:840} INFO - DAG(s) 'example_params_trigger_ui' retrieved from /home/nicolaspc/anaconda3/envs/mlops_env/lib/python3.12/site-packages/airflow/example_dags/example_params_trigger_ui.py
[2024-07-07T23:48:38.069+0500] {logging_mixin.py:188} INFO - [2024-07-07T23:48:38.068+0500] {dag.py:3096} INFO - Sync 1 DAGs
[2024-07-07T23:48:38.077+0500] {logging_mixin.py:188} INFO - [2024-07-07T23:48:38.077+0500] {dag.py:3954} INFO - Setting next_dagrun for example_params_trigger_ui to None, run_after=None
[2024-07-07T23:48:38.092+0500] {processor.py:183} INFO - Processing /home/nicolaspc/anaconda3/envs/mlops_env/lib/python3.12/site-packages/airflow/example_dags/example_params_trigger_ui.py took 0.073 seconds
[2024-07-07T23:49:09.691+0500] {processor.py:161} INFO - Started process (PID=23657) to work on /home/nicolaspc/anaconda3/envs/mlops_env/lib/python3.12/site-packages/airflow/example_dags/example_params_trigger_ui.py
[2024-07-07T23:49:09.691+0500] {processor.py:830} INFO - Processing file /home/nicolaspc/anaconda3/envs/mlops_env/lib/python3.12/site-packages/airflow/example_dags/example_params_trigger_ui.py for tasks to queue
[2024-07-07T23:49:09.692+0500] {logging_mixin.py:188} INFO - [2024-07-07T23:49:09.692+0500] {dagbag.py:545} INFO - Filling up the DagBag from /home/nicolaspc/anaconda3/envs/mlops_env/lib/python3.12/site-packages/airflow/example_dags/example_params_trigger_ui.py
[2024-07-07T23:49:09.701+0500] {processor.py:840} INFO - DAG(s) 'example_params_trigger_ui' retrieved from /home/nicolaspc/anaconda3/envs/mlops_env/lib/python3.12/site-packages/airflow/example_dags/example_params_trigger_ui.py
[2024-07-07T23:49:09.790+0500] {logging_mixin.py:188} INFO - [2024-07-07T23:49:09.789+0500] {dag.py:3096} INFO - Sync 1 DAGs
[2024-07-07T23:49:09.797+0500] {logging_mixin.py:188} INFO - [2024-07-07T23:49:09.797+0500] {dag.py:3954} INFO - Setting next_dagrun for example_params_trigger_ui to None, run_after=None
[2024-07-07T23:49:09.813+0500] {processor.py:183} INFO - Processing /home/nicolaspc/anaconda3/envs/mlops_env/lib/python3.12/site-packages/airflow/example_dags/example_params_trigger_ui.py took 0.128 seconds
[2024-07-07T23:49:40.422+0500] {processor.py:161} INFO - Started process (PID=24015) to work on /home/nicolaspc/anaconda3/envs/mlops_env/lib/python3.12/site-packages/airflow/example_dags/example_params_trigger_ui.py
[2024-07-07T23:49:40.423+0500] {processor.py:830} INFO - Processing file /home/nicolaspc/anaconda3/envs/mlops_env/lib/python3.12/site-packages/airflow/example_dags/example_params_trigger_ui.py for tasks to queue
[2024-07-07T23:49:40.423+0500] {logging_mixin.py:188} INFO - [2024-07-07T23:49:40.423+0500] {dagbag.py:545} INFO - Filling up the DagBag from /home/nicolaspc/anaconda3/envs/mlops_env/lib/python3.12/site-packages/airflow/example_dags/example_params_trigger_ui.py
[2024-07-07T23:49:40.433+0500] {processor.py:840} INFO - DAG(s) 'example_params_trigger_ui' retrieved from /home/nicolaspc/anaconda3/envs/mlops_env/lib/python3.12/site-packages/airflow/example_dags/example_params_trigger_ui.py
[2024-07-07T23:49:40.466+0500] {logging_mixin.py:188} INFO - [2024-07-07T23:49:40.465+0500] {dag.py:3096} INFO - Sync 1 DAGs
[2024-07-07T23:49:40.474+0500] {logging_mixin.py:188} INFO - [2024-07-07T23:49:40.474+0500] {dag.py:3954} INFO - Setting next_dagrun for example_params_trigger_ui to None, run_after=None
[2024-07-07T23:49:40.490+0500] {processor.py:183} INFO - Processing /home/nicolaspc/anaconda3/envs/mlops_env/lib/python3.12/site-packages/airflow/example_dags/example_params_trigger_ui.py took 0.074 seconds
