[2024-07-07T23:35:18.749+0500] {processor.py:161} INFO - Started process (PID=13354) to work on /home/nicolaspc/anaconda3/envs/mlops_env/lib/python3.12/site-packages/airflow/example_dags/example_setup_teardown_taskflow.py
[2024-07-07T23:35:18.750+0500] {processor.py:830} INFO - Processing file /home/nicolaspc/anaconda3/envs/mlops_env/lib/python3.12/site-packages/airflow/example_dags/example_setup_teardown_taskflow.py for tasks to queue
[2024-07-07T23:35:18.750+0500] {logging_mixin.py:188} INFO - [2024-07-07T23:35:18.750+0500] {dagbag.py:545} INFO - Filling up the DagBag from /home/nicolaspc/anaconda3/envs/mlops_env/lib/python3.12/site-packages/airflow/example_dags/example_setup_teardown_taskflow.py
[2024-07-07T23:35:18.756+0500] {processor.py:840} INFO - DAG(s) 'example_setup_teardown_taskflow' retrieved from /home/nicolaspc/anaconda3/envs/mlops_env/lib/python3.12/site-packages/airflow/example_dags/example_setup_teardown_taskflow.py
[2024-07-07T23:35:18.777+0500] {logging_mixin.py:188} INFO - [2024-07-07T23:35:18.776+0500] {dag.py:3096} INFO - Sync 1 DAGs
[2024-07-07T23:35:18.793+0500] {logging_mixin.py:188} INFO - [2024-07-07T23:35:18.793+0500] {dag.py:3954} INFO - Setting next_dagrun for example_setup_teardown_taskflow to 2024-07-06 00:00:00+00:00, run_after=2024-07-07 00:00:00+00:00
[2024-07-07T23:35:18.809+0500] {processor.py:183} INFO - Processing /home/nicolaspc/anaconda3/envs/mlops_env/lib/python3.12/site-packages/airflow/example_dags/example_setup_teardown_taskflow.py took 0.066 seconds
[2024-07-07T23:35:49.480+0500] {processor.py:161} INFO - Started process (PID=13703) to work on /home/nicolaspc/anaconda3/envs/mlops_env/lib/python3.12/site-packages/airflow/example_dags/example_setup_teardown_taskflow.py
[2024-07-07T23:35:49.481+0500] {processor.py:830} INFO - Processing file /home/nicolaspc/anaconda3/envs/mlops_env/lib/python3.12/site-packages/airflow/example_dags/example_setup_teardown_taskflow.py for tasks to queue
[2024-07-07T23:35:49.481+0500] {logging_mixin.py:188} INFO - [2024-07-07T23:35:49.481+0500] {dagbag.py:545} INFO - Filling up the DagBag from /home/nicolaspc/anaconda3/envs/mlops_env/lib/python3.12/site-packages/airflow/example_dags/example_setup_teardown_taskflow.py
[2024-07-07T23:35:49.487+0500] {processor.py:840} INFO - DAG(s) 'example_setup_teardown_taskflow' retrieved from /home/nicolaspc/anaconda3/envs/mlops_env/lib/python3.12/site-packages/airflow/example_dags/example_setup_teardown_taskflow.py
[2024-07-07T23:35:49.507+0500] {logging_mixin.py:188} INFO - [2024-07-07T23:35:49.507+0500] {dag.py:3096} INFO - Sync 1 DAGs
[2024-07-07T23:35:49.524+0500] {logging_mixin.py:188} INFO - [2024-07-07T23:35:49.523+0500] {dag.py:3954} INFO - Setting next_dagrun for example_setup_teardown_taskflow to 2024-07-06 00:00:00+00:00, run_after=2024-07-07 00:00:00+00:00
[2024-07-07T23:35:49.539+0500] {processor.py:183} INFO - Processing /home/nicolaspc/anaconda3/envs/mlops_env/lib/python3.12/site-packages/airflow/example_dags/example_setup_teardown_taskflow.py took 0.064 seconds
[2024-07-07T23:36:20.190+0500] {processor.py:161} INFO - Started process (PID=14118) to work on /home/nicolaspc/anaconda3/envs/mlops_env/lib/python3.12/site-packages/airflow/example_dags/example_setup_teardown_taskflow.py
[2024-07-07T23:36:20.191+0500] {processor.py:830} INFO - Processing file /home/nicolaspc/anaconda3/envs/mlops_env/lib/python3.12/site-packages/airflow/example_dags/example_setup_teardown_taskflow.py for tasks to queue
[2024-07-07T23:36:20.192+0500] {logging_mixin.py:188} INFO - [2024-07-07T23:36:20.191+0500] {dagbag.py:545} INFO - Filling up the DagBag from /home/nicolaspc/anaconda3/envs/mlops_env/lib/python3.12/site-packages/airflow/example_dags/example_setup_teardown_taskflow.py
[2024-07-07T23:36:20.197+0500] {processor.py:840} INFO - DAG(s) 'example_setup_teardown_taskflow' retrieved from /home/nicolaspc/anaconda3/envs/mlops_env/lib/python3.12/site-packages/airflow/example_dags/example_setup_teardown_taskflow.py
[2024-07-07T23:36:20.217+0500] {logging_mixin.py:188} INFO - [2024-07-07T23:36:20.217+0500] {dag.py:3096} INFO - Sync 1 DAGs
[2024-07-07T23:36:20.233+0500] {logging_mixin.py:188} INFO - [2024-07-07T23:36:20.233+0500] {dag.py:3954} INFO - Setting next_dagrun for example_setup_teardown_taskflow to 2024-07-06 00:00:00+00:00, run_after=2024-07-07 00:00:00+00:00
[2024-07-07T23:36:20.249+0500] {processor.py:183} INFO - Processing /home/nicolaspc/anaconda3/envs/mlops_env/lib/python3.12/site-packages/airflow/example_dags/example_setup_teardown_taskflow.py took 0.064 seconds
[2024-07-07T23:36:22.083+0500] {processor.py:161} INFO - Started process (PID=14347) to work on /home/nicolaspc/anaconda3/envs/mlops_env/lib/python3.12/site-packages/airflow/example_dags/example_setup_teardown_taskflow.py
[2024-07-07T23:36:22.084+0500] {processor.py:830} INFO - Processing file /home/nicolaspc/anaconda3/envs/mlops_env/lib/python3.12/site-packages/airflow/example_dags/example_setup_teardown_taskflow.py for tasks to queue
[2024-07-07T23:36:22.085+0500] {logging_mixin.py:188} INFO - [2024-07-07T23:36:22.085+0500] {dagbag.py:545} INFO - Filling up the DagBag from /home/nicolaspc/anaconda3/envs/mlops_env/lib/python3.12/site-packages/airflow/example_dags/example_setup_teardown_taskflow.py
[2024-07-07T23:36:22.092+0500] {processor.py:840} INFO - DAG(s) 'example_setup_teardown_taskflow' retrieved from /home/nicolaspc/anaconda3/envs/mlops_env/lib/python3.12/site-packages/airflow/example_dags/example_setup_teardown_taskflow.py
[2024-07-07T23:36:22.175+0500] {logging_mixin.py:188} INFO - [2024-07-07T23:36:22.175+0500] {override.py:1829} INFO - Created Permission View: can delete on DAG:example_setup_teardown_taskflow
[2024-07-07T23:36:22.190+0500] {logging_mixin.py:188} INFO - [2024-07-07T23:36:22.189+0500] {override.py:1829} INFO - Created Permission View: can edit on DAG:example_setup_teardown_taskflow
[2024-07-07T23:36:22.202+0500] {logging_mixin.py:188} INFO - [2024-07-07T23:36:22.202+0500] {override.py:1829} INFO - Created Permission View: can read on DAG:example_setup_teardown_taskflow
[2024-07-07T23:36:22.203+0500] {logging_mixin.py:188} INFO - [2024-07-07T23:36:22.203+0500] {dag.py:3096} INFO - Sync 1 DAGs
[2024-07-07T23:36:22.210+0500] {logging_mixin.py:188} INFO - [2024-07-07T23:36:22.209+0500] {dag.py:3118} INFO - Creating ORM DAG for example_setup_teardown_taskflow
[2024-07-07T23:36:22.215+0500] {logging_mixin.py:188} INFO - [2024-07-07T23:36:22.215+0500] {dag.py:3954} INFO - Setting next_dagrun for example_setup_teardown_taskflow to 2024-07-06 00:00:00+00:00, run_after=2024-07-07 00:00:00+00:00
[2024-07-07T23:36:22.236+0500] {processor.py:183} INFO - Processing /home/nicolaspc/anaconda3/envs/mlops_env/lib/python3.12/site-packages/airflow/example_dags/example_setup_teardown_taskflow.py took 0.157 seconds
[2024-07-07T23:36:50.838+0500] {processor.py:161} INFO - Started process (PID=14510) to work on /home/nicolaspc/anaconda3/envs/mlops_env/lib/python3.12/site-packages/airflow/example_dags/example_setup_teardown_taskflow.py
[2024-07-07T23:36:50.839+0500] {processor.py:830} INFO - Processing file /home/nicolaspc/anaconda3/envs/mlops_env/lib/python3.12/site-packages/airflow/example_dags/example_setup_teardown_taskflow.py for tasks to queue
[2024-07-07T23:36:50.839+0500] {logging_mixin.py:188} INFO - [2024-07-07T23:36:50.839+0500] {dagbag.py:545} INFO - Filling up the DagBag from /home/nicolaspc/anaconda3/envs/mlops_env/lib/python3.12/site-packages/airflow/example_dags/example_setup_teardown_taskflow.py
[2024-07-07T23:36:50.845+0500] {processor.py:840} INFO - DAG(s) 'example_setup_teardown_taskflow' retrieved from /home/nicolaspc/anaconda3/envs/mlops_env/lib/python3.12/site-packages/airflow/example_dags/example_setup_teardown_taskflow.py
[2024-07-07T23:36:50.865+0500] {logging_mixin.py:188} INFO - [2024-07-07T23:36:50.865+0500] {dag.py:3096} INFO - Sync 1 DAGs
[2024-07-07T23:36:50.882+0500] {logging_mixin.py:188} INFO - [2024-07-07T23:36:50.882+0500] {dag.py:3954} INFO - Setting next_dagrun for example_setup_teardown_taskflow to 2024-07-06 00:00:00+00:00, run_after=2024-07-07 00:00:00+00:00
[2024-07-07T23:36:50.898+0500] {processor.py:183} INFO - Processing /home/nicolaspc/anaconda3/envs/mlops_env/lib/python3.12/site-packages/airflow/example_dags/example_setup_teardown_taskflow.py took 0.067 seconds
[2024-07-07T23:37:13.929+0500] {processor.py:161} INFO - Started process (PID=14763) to work on /home/nicolaspc/anaconda3/envs/mlops_env/lib/python3.12/site-packages/airflow/example_dags/example_setup_teardown_taskflow.py
[2024-07-07T23:37:13.937+0500] {processor.py:830} INFO - Processing file /home/nicolaspc/anaconda3/envs/mlops_env/lib/python3.12/site-packages/airflow/example_dags/example_setup_teardown_taskflow.py for tasks to queue
[2024-07-07T23:37:13.938+0500] {logging_mixin.py:188} INFO - [2024-07-07T23:37:13.938+0500] {dagbag.py:545} INFO - Filling up the DagBag from /home/nicolaspc/anaconda3/envs/mlops_env/lib/python3.12/site-packages/airflow/example_dags/example_setup_teardown_taskflow.py
[2024-07-07T23:37:13.944+0500] {processor.py:840} INFO - DAG(s) 'example_setup_teardown_taskflow' retrieved from /home/nicolaspc/anaconda3/envs/mlops_env/lib/python3.12/site-packages/airflow/example_dags/example_setup_teardown_taskflow.py
[2024-07-07T23:37:13.955+0500] {logging_mixin.py:188} INFO - [2024-07-07T23:37:13.955+0500] {dag.py:3096} INFO - Sync 1 DAGs
[2024-07-07T23:37:13.967+0500] {logging_mixin.py:188} INFO - [2024-07-07T23:37:13.966+0500] {dag.py:3954} INFO - Setting next_dagrun for example_setup_teardown_taskflow to 2024-07-06 00:00:00+00:00, run_after=2024-07-07 00:00:00+00:00
[2024-07-07T23:37:13.987+0500] {processor.py:183} INFO - Processing /home/nicolaspc/anaconda3/envs/mlops_env/lib/python3.12/site-packages/airflow/example_dags/example_setup_teardown_taskflow.py took 0.062 seconds
[2024-07-07T23:37:21.222+0500] {processor.py:161} INFO - Started process (PID=14865) to work on /home/nicolaspc/anaconda3/envs/mlops_env/lib/python3.12/site-packages/airflow/example_dags/example_setup_teardown_taskflow.py
[2024-07-07T23:37:21.223+0500] {processor.py:830} INFO - Processing file /home/nicolaspc/anaconda3/envs/mlops_env/lib/python3.12/site-packages/airflow/example_dags/example_setup_teardown_taskflow.py for tasks to queue
[2024-07-07T23:37:21.224+0500] {logging_mixin.py:188} INFO - [2024-07-07T23:37:21.223+0500] {dagbag.py:545} INFO - Filling up the DagBag from /home/nicolaspc/anaconda3/envs/mlops_env/lib/python3.12/site-packages/airflow/example_dags/example_setup_teardown_taskflow.py
[2024-07-07T23:37:21.229+0500] {processor.py:840} INFO - DAG(s) 'example_setup_teardown_taskflow' retrieved from /home/nicolaspc/anaconda3/envs/mlops_env/lib/python3.12/site-packages/airflow/example_dags/example_setup_teardown_taskflow.py
[2024-07-07T23:37:21.249+0500] {logging_mixin.py:188} INFO - [2024-07-07T23:37:21.249+0500] {dag.py:3096} INFO - Sync 1 DAGs
[2024-07-07T23:37:21.265+0500] {logging_mixin.py:188} INFO - [2024-07-07T23:37:21.265+0500] {dag.py:3954} INFO - Setting next_dagrun for example_setup_teardown_taskflow to 2024-07-06 00:00:00+00:00, run_after=2024-07-07 00:00:00+00:00
[2024-07-07T23:37:21.280+0500] {processor.py:183} INFO - Processing /home/nicolaspc/anaconda3/envs/mlops_env/lib/python3.12/site-packages/airflow/example_dags/example_setup_teardown_taskflow.py took 0.064 seconds
[2024-07-07T23:37:51.644+0500] {processor.py:161} INFO - Started process (PID=15251) to work on /home/nicolaspc/anaconda3/envs/mlops_env/lib/python3.12/site-packages/airflow/example_dags/example_setup_teardown_taskflow.py
[2024-07-07T23:37:51.644+0500] {processor.py:830} INFO - Processing file /home/nicolaspc/anaconda3/envs/mlops_env/lib/python3.12/site-packages/airflow/example_dags/example_setup_teardown_taskflow.py for tasks to queue
[2024-07-07T23:37:51.645+0500] {logging_mixin.py:188} INFO - [2024-07-07T23:37:51.644+0500] {dagbag.py:545} INFO - Filling up the DagBag from /home/nicolaspc/anaconda3/envs/mlops_env/lib/python3.12/site-packages/airflow/example_dags/example_setup_teardown_taskflow.py
[2024-07-07T23:37:51.651+0500] {processor.py:840} INFO - DAG(s) 'example_setup_teardown_taskflow' retrieved from /home/nicolaspc/anaconda3/envs/mlops_env/lib/python3.12/site-packages/airflow/example_dags/example_setup_teardown_taskflow.py
[2024-07-07T23:37:51.671+0500] {logging_mixin.py:188} INFO - [2024-07-07T23:37:51.671+0500] {dag.py:3096} INFO - Sync 1 DAGs
[2024-07-07T23:37:51.686+0500] {logging_mixin.py:188} INFO - [2024-07-07T23:37:51.686+0500] {dag.py:3954} INFO - Setting next_dagrun for example_setup_teardown_taskflow to 2024-07-06 00:00:00+00:00, run_after=2024-07-07 00:00:00+00:00
[2024-07-07T23:37:51.702+0500] {processor.py:183} INFO - Processing /home/nicolaspc/anaconda3/envs/mlops_env/lib/python3.12/site-packages/airflow/example_dags/example_setup_teardown_taskflow.py took 0.064 seconds
[2024-07-07T23:38:03.123+0500] {processor.py:161} INFO - Started process (PID=15511) to work on /home/nicolaspc/anaconda3/envs/mlops_env/lib/python3.12/site-packages/airflow/example_dags/example_setup_teardown_taskflow.py
[2024-07-07T23:38:03.127+0500] {processor.py:830} INFO - Processing file /home/nicolaspc/anaconda3/envs/mlops_env/lib/python3.12/site-packages/airflow/example_dags/example_setup_teardown_taskflow.py for tasks to queue
[2024-07-07T23:38:03.128+0500] {logging_mixin.py:188} INFO - [2024-07-07T23:38:03.128+0500] {dagbag.py:545} INFO - Filling up the DagBag from /home/nicolaspc/anaconda3/envs/mlops_env/lib/python3.12/site-packages/airflow/example_dags/example_setup_teardown_taskflow.py
[2024-07-07T23:38:03.134+0500] {processor.py:840} INFO - DAG(s) 'example_setup_teardown_taskflow' retrieved from /home/nicolaspc/anaconda3/envs/mlops_env/lib/python3.12/site-packages/airflow/example_dags/example_setup_teardown_taskflow.py
[2024-07-07T23:38:03.145+0500] {logging_mixin.py:188} INFO - [2024-07-07T23:38:03.145+0500] {dag.py:3096} INFO - Sync 1 DAGs
[2024-07-07T23:38:03.156+0500] {logging_mixin.py:188} INFO - [2024-07-07T23:38:03.156+0500] {dag.py:3954} INFO - Setting next_dagrun for example_setup_teardown_taskflow to 2024-07-06 00:00:00+00:00, run_after=2024-07-07 00:00:00+00:00
[2024-07-07T23:38:03.182+0500] {processor.py:183} INFO - Processing /home/nicolaspc/anaconda3/envs/mlops_env/lib/python3.12/site-packages/airflow/example_dags/example_setup_teardown_taskflow.py took 0.063 seconds
[2024-07-07T23:38:22.336+0500] {processor.py:161} INFO - Started process (PID=15643) to work on /home/nicolaspc/anaconda3/envs/mlops_env/lib/python3.12/site-packages/airflow/example_dags/example_setup_teardown_taskflow.py
[2024-07-07T23:38:22.336+0500] {processor.py:830} INFO - Processing file /home/nicolaspc/anaconda3/envs/mlops_env/lib/python3.12/site-packages/airflow/example_dags/example_setup_teardown_taskflow.py for tasks to queue
[2024-07-07T23:38:22.337+0500] {logging_mixin.py:188} INFO - [2024-07-07T23:38:22.337+0500] {dagbag.py:545} INFO - Filling up the DagBag from /home/nicolaspc/anaconda3/envs/mlops_env/lib/python3.12/site-packages/airflow/example_dags/example_setup_teardown_taskflow.py
[2024-07-07T23:38:22.342+0500] {processor.py:840} INFO - DAG(s) 'example_setup_teardown_taskflow' retrieved from /home/nicolaspc/anaconda3/envs/mlops_env/lib/python3.12/site-packages/airflow/example_dags/example_setup_teardown_taskflow.py
[2024-07-07T23:38:22.364+0500] {logging_mixin.py:188} INFO - [2024-07-07T23:38:22.363+0500] {dag.py:3096} INFO - Sync 1 DAGs
[2024-07-07T23:38:22.380+0500] {logging_mixin.py:188} INFO - [2024-07-07T23:38:22.379+0500] {dag.py:3954} INFO - Setting next_dagrun for example_setup_teardown_taskflow to 2024-07-06 00:00:00+00:00, run_after=2024-07-07 00:00:00+00:00
[2024-07-07T23:38:22.395+0500] {processor.py:183} INFO - Processing /home/nicolaspc/anaconda3/envs/mlops_env/lib/python3.12/site-packages/airflow/example_dags/example_setup_teardown_taskflow.py took 0.065 seconds
[2024-07-07T23:38:44.281+0500] {processor.py:161} INFO - Started process (PID=15924) to work on /home/nicolaspc/anaconda3/envs/mlops_env/lib/python3.12/site-packages/airflow/example_dags/example_setup_teardown_taskflow.py
[2024-07-07T23:38:44.289+0500] {processor.py:830} INFO - Processing file /home/nicolaspc/anaconda3/envs/mlops_env/lib/python3.12/site-packages/airflow/example_dags/example_setup_teardown_taskflow.py for tasks to queue
[2024-07-07T23:38:44.292+0500] {logging_mixin.py:188} INFO - [2024-07-07T23:38:44.291+0500] {dagbag.py:545} INFO - Filling up the DagBag from /home/nicolaspc/anaconda3/envs/mlops_env/lib/python3.12/site-packages/airflow/example_dags/example_setup_teardown_taskflow.py
[2024-07-07T23:38:44.297+0500] {processor.py:840} INFO - DAG(s) 'example_setup_teardown_taskflow' retrieved from /home/nicolaspc/anaconda3/envs/mlops_env/lib/python3.12/site-packages/airflow/example_dags/example_setup_teardown_taskflow.py
[2024-07-07T23:38:44.308+0500] {logging_mixin.py:188} INFO - [2024-07-07T23:38:44.308+0500] {dag.py:3096} INFO - Sync 1 DAGs
[2024-07-07T23:38:44.320+0500] {logging_mixin.py:188} INFO - [2024-07-07T23:38:44.319+0500] {dag.py:3954} INFO - Setting next_dagrun for example_setup_teardown_taskflow to 2024-07-06 00:00:00+00:00, run_after=2024-07-07 00:00:00+00:00
[2024-07-07T23:38:44.342+0500] {processor.py:183} INFO - Processing /home/nicolaspc/anaconda3/envs/mlops_env/lib/python3.12/site-packages/airflow/example_dags/example_setup_teardown_taskflow.py took 0.065 seconds
[2024-07-07T23:38:53.095+0500] {processor.py:161} INFO - Started process (PID=16028) to work on /home/nicolaspc/anaconda3/envs/mlops_env/lib/python3.12/site-packages/airflow/example_dags/example_setup_teardown_taskflow.py
[2024-07-07T23:38:53.095+0500] {processor.py:830} INFO - Processing file /home/nicolaspc/anaconda3/envs/mlops_env/lib/python3.12/site-packages/airflow/example_dags/example_setup_teardown_taskflow.py for tasks to queue
[2024-07-07T23:38:53.096+0500] {logging_mixin.py:188} INFO - [2024-07-07T23:38:53.096+0500] {dagbag.py:545} INFO - Filling up the DagBag from /home/nicolaspc/anaconda3/envs/mlops_env/lib/python3.12/site-packages/airflow/example_dags/example_setup_teardown_taskflow.py
[2024-07-07T23:38:53.102+0500] {processor.py:840} INFO - DAG(s) 'example_setup_teardown_taskflow' retrieved from /home/nicolaspc/anaconda3/envs/mlops_env/lib/python3.12/site-packages/airflow/example_dags/example_setup_teardown_taskflow.py
[2024-07-07T23:38:53.122+0500] {logging_mixin.py:188} INFO - [2024-07-07T23:38:53.122+0500] {dag.py:3096} INFO - Sync 1 DAGs
[2024-07-07T23:38:53.139+0500] {logging_mixin.py:188} INFO - [2024-07-07T23:38:53.139+0500] {dag.py:3954} INFO - Setting next_dagrun for example_setup_teardown_taskflow to 2024-07-06 00:00:00+00:00, run_after=2024-07-07 00:00:00+00:00
[2024-07-07T23:38:53.157+0500] {processor.py:183} INFO - Processing /home/nicolaspc/anaconda3/envs/mlops_env/lib/python3.12/site-packages/airflow/example_dags/example_setup_teardown_taskflow.py took 0.068 seconds
[2024-07-07T23:39:23.716+0500] {processor.py:161} INFO - Started process (PID=16425) to work on /home/nicolaspc/anaconda3/envs/mlops_env/lib/python3.12/site-packages/airflow/example_dags/example_setup_teardown_taskflow.py
[2024-07-07T23:39:23.717+0500] {processor.py:830} INFO - Processing file /home/nicolaspc/anaconda3/envs/mlops_env/lib/python3.12/site-packages/airflow/example_dags/example_setup_teardown_taskflow.py for tasks to queue
[2024-07-07T23:39:23.717+0500] {logging_mixin.py:188} INFO - [2024-07-07T23:39:23.717+0500] {dagbag.py:545} INFO - Filling up the DagBag from /home/nicolaspc/anaconda3/envs/mlops_env/lib/python3.12/site-packages/airflow/example_dags/example_setup_teardown_taskflow.py
[2024-07-07T23:39:23.723+0500] {processor.py:840} INFO - DAG(s) 'example_setup_teardown_taskflow' retrieved from /home/nicolaspc/anaconda3/envs/mlops_env/lib/python3.12/site-packages/airflow/example_dags/example_setup_teardown_taskflow.py
[2024-07-07T23:39:23.743+0500] {logging_mixin.py:188} INFO - [2024-07-07T23:39:23.743+0500] {dag.py:3096} INFO - Sync 1 DAGs
[2024-07-07T23:39:23.761+0500] {logging_mixin.py:188} INFO - [2024-07-07T23:39:23.760+0500] {dag.py:3954} INFO - Setting next_dagrun for example_setup_teardown_taskflow to 2024-07-06 00:00:00+00:00, run_after=2024-07-07 00:00:00+00:00
[2024-07-07T23:39:23.777+0500] {processor.py:183} INFO - Processing /home/nicolaspc/anaconda3/envs/mlops_env/lib/python3.12/site-packages/airflow/example_dags/example_setup_teardown_taskflow.py took 0.067 seconds
[2024-07-07T23:39:26.329+0500] {processor.py:161} INFO - Started process (PID=16656) to work on /home/nicolaspc/anaconda3/envs/mlops_env/lib/python3.12/site-packages/airflow/example_dags/example_setup_teardown_taskflow.py
[2024-07-07T23:39:26.330+0500] {processor.py:830} INFO - Processing file /home/nicolaspc/anaconda3/envs/mlops_env/lib/python3.12/site-packages/airflow/example_dags/example_setup_teardown_taskflow.py for tasks to queue
[2024-07-07T23:39:26.331+0500] {logging_mixin.py:188} INFO - [2024-07-07T23:39:26.331+0500] {dagbag.py:545} INFO - Filling up the DagBag from /home/nicolaspc/anaconda3/envs/mlops_env/lib/python3.12/site-packages/airflow/example_dags/example_setup_teardown_taskflow.py
[2024-07-07T23:39:26.336+0500] {processor.py:840} INFO - DAG(s) 'example_setup_teardown_taskflow' retrieved from /home/nicolaspc/anaconda3/envs/mlops_env/lib/python3.12/site-packages/airflow/example_dags/example_setup_teardown_taskflow.py
[2024-07-07T23:39:26.347+0500] {logging_mixin.py:188} INFO - [2024-07-07T23:39:26.347+0500] {dag.py:3096} INFO - Sync 1 DAGs
[2024-07-07T23:39:26.359+0500] {logging_mixin.py:188} INFO - [2024-07-07T23:39:26.358+0500] {dag.py:3954} INFO - Setting next_dagrun for example_setup_teardown_taskflow to 2024-07-06 00:00:00+00:00, run_after=2024-07-07 00:00:00+00:00
[2024-07-07T23:39:26.379+0500] {processor.py:183} INFO - Processing /home/nicolaspc/anaconda3/envs/mlops_env/lib/python3.12/site-packages/airflow/example_dags/example_setup_teardown_taskflow.py took 0.053 seconds
[2024-07-07T23:39:54.383+0500] {processor.py:161} INFO - Started process (PID=16782) to work on /home/nicolaspc/anaconda3/envs/mlops_env/lib/python3.12/site-packages/airflow/example_dags/example_setup_teardown_taskflow.py
[2024-07-07T23:39:54.384+0500] {processor.py:830} INFO - Processing file /home/nicolaspc/anaconda3/envs/mlops_env/lib/python3.12/site-packages/airflow/example_dags/example_setup_teardown_taskflow.py for tasks to queue
[2024-07-07T23:39:54.384+0500] {logging_mixin.py:188} INFO - [2024-07-07T23:39:54.384+0500] {dagbag.py:545} INFO - Filling up the DagBag from /home/nicolaspc/anaconda3/envs/mlops_env/lib/python3.12/site-packages/airflow/example_dags/example_setup_teardown_taskflow.py
[2024-07-07T23:39:54.390+0500] {processor.py:840} INFO - DAG(s) 'example_setup_teardown_taskflow' retrieved from /home/nicolaspc/anaconda3/envs/mlops_env/lib/python3.12/site-packages/airflow/example_dags/example_setup_teardown_taskflow.py
[2024-07-07T23:39:54.410+0500] {logging_mixin.py:188} INFO - [2024-07-07T23:39:54.409+0500] {dag.py:3096} INFO - Sync 1 DAGs
[2024-07-07T23:39:54.425+0500] {logging_mixin.py:188} INFO - [2024-07-07T23:39:54.425+0500] {dag.py:3954} INFO - Setting next_dagrun for example_setup_teardown_taskflow to 2024-07-06 00:00:00+00:00, run_after=2024-07-07 00:00:00+00:00
[2024-07-07T23:39:54.440+0500] {processor.py:183} INFO - Processing /home/nicolaspc/anaconda3/envs/mlops_env/lib/python3.12/site-packages/airflow/example_dags/example_setup_teardown_taskflow.py took 0.063 seconds
[2024-07-07T23:40:05.749+0500] {processor.py:161} INFO - Started process (PID=17035) to work on /home/nicolaspc/anaconda3/envs/mlops_env/lib/python3.12/site-packages/airflow/example_dags/example_setup_teardown_taskflow.py
[2024-07-07T23:40:05.757+0500] {processor.py:830} INFO - Processing file /home/nicolaspc/anaconda3/envs/mlops_env/lib/python3.12/site-packages/airflow/example_dags/example_setup_teardown_taskflow.py for tasks to queue
[2024-07-07T23:40:05.759+0500] {logging_mixin.py:188} INFO - [2024-07-07T23:40:05.759+0500] {dagbag.py:545} INFO - Filling up the DagBag from /home/nicolaspc/anaconda3/envs/mlops_env/lib/python3.12/site-packages/airflow/example_dags/example_setup_teardown_taskflow.py
[2024-07-07T23:40:05.766+0500] {processor.py:840} INFO - DAG(s) 'example_setup_teardown_taskflow' retrieved from /home/nicolaspc/anaconda3/envs/mlops_env/lib/python3.12/site-packages/airflow/example_dags/example_setup_teardown_taskflow.py
[2024-07-07T23:40:05.778+0500] {logging_mixin.py:188} INFO - [2024-07-07T23:40:05.778+0500] {dag.py:3096} INFO - Sync 1 DAGs
[2024-07-07T23:40:05.791+0500] {logging_mixin.py:188} INFO - [2024-07-07T23:40:05.791+0500] {dag.py:3954} INFO - Setting next_dagrun for example_setup_teardown_taskflow to 2024-07-06 00:00:00+00:00, run_after=2024-07-07 00:00:00+00:00
[2024-07-07T23:40:05.813+0500] {processor.py:183} INFO - Processing /home/nicolaspc/anaconda3/envs/mlops_env/lib/python3.12/site-packages/airflow/example_dags/example_setup_teardown_taskflow.py took 0.068 seconds
[2024-07-07T23:40:24.991+0500] {processor.py:161} INFO - Started process (PID=17211) to work on /home/nicolaspc/anaconda3/envs/mlops_env/lib/python3.12/site-packages/airflow/example_dags/example_setup_teardown_taskflow.py
[2024-07-07T23:40:24.992+0500] {processor.py:830} INFO - Processing file /home/nicolaspc/anaconda3/envs/mlops_env/lib/python3.12/site-packages/airflow/example_dags/example_setup_teardown_taskflow.py for tasks to queue
[2024-07-07T23:40:24.993+0500] {logging_mixin.py:188} INFO - [2024-07-07T23:40:24.993+0500] {dagbag.py:545} INFO - Filling up the DagBag from /home/nicolaspc/anaconda3/envs/mlops_env/lib/python3.12/site-packages/airflow/example_dags/example_setup_teardown_taskflow.py
[2024-07-07T23:40:25.000+0500] {processor.py:840} INFO - DAG(s) 'example_setup_teardown_taskflow' retrieved from /home/nicolaspc/anaconda3/envs/mlops_env/lib/python3.12/site-packages/airflow/example_dags/example_setup_teardown_taskflow.py
[2024-07-07T23:40:25.023+0500] {logging_mixin.py:188} INFO - [2024-07-07T23:40:25.023+0500] {dag.py:3096} INFO - Sync 1 DAGs
[2024-07-07T23:40:25.041+0500] {logging_mixin.py:188} INFO - [2024-07-07T23:40:25.040+0500] {dag.py:3954} INFO - Setting next_dagrun for example_setup_teardown_taskflow to 2024-07-06 00:00:00+00:00, run_after=2024-07-07 00:00:00+00:00
[2024-07-07T23:40:25.059+0500] {processor.py:183} INFO - Processing /home/nicolaspc/anaconda3/envs/mlops_env/lib/python3.12/site-packages/airflow/example_dags/example_setup_teardown_taskflow.py took 0.074 seconds
[2024-07-07T23:40:46.707+0500] {processor.py:161} INFO - Started process (PID=17469) to work on /home/nicolaspc/anaconda3/envs/mlops_env/lib/python3.12/site-packages/airflow/example_dags/example_setup_teardown_taskflow.py
[2024-07-07T23:40:46.716+0500] {processor.py:830} INFO - Processing file /home/nicolaspc/anaconda3/envs/mlops_env/lib/python3.12/site-packages/airflow/example_dags/example_setup_teardown_taskflow.py for tasks to queue
[2024-07-07T23:40:46.718+0500] {logging_mixin.py:188} INFO - [2024-07-07T23:40:46.718+0500] {dagbag.py:545} INFO - Filling up the DagBag from /home/nicolaspc/anaconda3/envs/mlops_env/lib/python3.12/site-packages/airflow/example_dags/example_setup_teardown_taskflow.py
[2024-07-07T23:40:46.724+0500] {processor.py:840} INFO - DAG(s) 'example_setup_teardown_taskflow' retrieved from /home/nicolaspc/anaconda3/envs/mlops_env/lib/python3.12/site-packages/airflow/example_dags/example_setup_teardown_taskflow.py
[2024-07-07T23:40:46.736+0500] {logging_mixin.py:188} INFO - [2024-07-07T23:40:46.736+0500] {dag.py:3096} INFO - Sync 1 DAGs
[2024-07-07T23:40:46.748+0500] {logging_mixin.py:188} INFO - [2024-07-07T23:40:46.748+0500] {dag.py:3954} INFO - Setting next_dagrun for example_setup_teardown_taskflow to 2024-07-06 00:00:00+00:00, run_after=2024-07-07 00:00:00+00:00
[2024-07-07T23:40:46.770+0500] {processor.py:183} INFO - Processing /home/nicolaspc/anaconda3/envs/mlops_env/lib/python3.12/site-packages/airflow/example_dags/example_setup_teardown_taskflow.py took 0.067 seconds
[2024-07-07T23:40:55.769+0500] {processor.py:161} INFO - Started process (PID=17577) to work on /home/nicolaspc/anaconda3/envs/mlops_env/lib/python3.12/site-packages/airflow/example_dags/example_setup_teardown_taskflow.py
[2024-07-07T23:40:55.772+0500] {processor.py:830} INFO - Processing file /home/nicolaspc/anaconda3/envs/mlops_env/lib/python3.12/site-packages/airflow/example_dags/example_setup_teardown_taskflow.py for tasks to queue
[2024-07-07T23:40:55.773+0500] {logging_mixin.py:188} INFO - [2024-07-07T23:40:55.773+0500] {dagbag.py:545} INFO - Filling up the DagBag from /home/nicolaspc/anaconda3/envs/mlops_env/lib/python3.12/site-packages/airflow/example_dags/example_setup_teardown_taskflow.py
[2024-07-07T23:40:55.780+0500] {processor.py:840} INFO - DAG(s) 'example_setup_teardown_taskflow' retrieved from /home/nicolaspc/anaconda3/envs/mlops_env/lib/python3.12/site-packages/airflow/example_dags/example_setup_teardown_taskflow.py
[2024-07-07T23:40:55.801+0500] {logging_mixin.py:188} INFO - [2024-07-07T23:40:55.801+0500] {dag.py:3096} INFO - Sync 1 DAGs
[2024-07-07T23:40:55.819+0500] {logging_mixin.py:188} INFO - [2024-07-07T23:40:55.819+0500] {dag.py:3954} INFO - Setting next_dagrun for example_setup_teardown_taskflow to 2024-07-06 00:00:00+00:00, run_after=2024-07-07 00:00:00+00:00
[2024-07-07T23:40:55.835+0500] {processor.py:183} INFO - Processing /home/nicolaspc/anaconda3/envs/mlops_env/lib/python3.12/site-packages/airflow/example_dags/example_setup_teardown_taskflow.py took 0.072 seconds
[2024-07-07T23:41:26.532+0500] {processor.py:161} INFO - Started process (PID=17991) to work on /home/nicolaspc/anaconda3/envs/mlops_env/lib/python3.12/site-packages/airflow/example_dags/example_setup_teardown_taskflow.py
[2024-07-07T23:41:26.533+0500] {processor.py:830} INFO - Processing file /home/nicolaspc/anaconda3/envs/mlops_env/lib/python3.12/site-packages/airflow/example_dags/example_setup_teardown_taskflow.py for tasks to queue
[2024-07-07T23:41:26.534+0500] {logging_mixin.py:188} INFO - [2024-07-07T23:41:26.533+0500] {dagbag.py:545} INFO - Filling up the DagBag from /home/nicolaspc/anaconda3/envs/mlops_env/lib/python3.12/site-packages/airflow/example_dags/example_setup_teardown_taskflow.py
[2024-07-07T23:41:26.541+0500] {processor.py:840} INFO - DAG(s) 'example_setup_teardown_taskflow' retrieved from /home/nicolaspc/anaconda3/envs/mlops_env/lib/python3.12/site-packages/airflow/example_dags/example_setup_teardown_taskflow.py
[2024-07-07T23:41:26.562+0500] {logging_mixin.py:188} INFO - [2024-07-07T23:41:26.562+0500] {dag.py:3096} INFO - Sync 1 DAGs
[2024-07-07T23:41:26.578+0500] {logging_mixin.py:188} INFO - [2024-07-07T23:41:26.578+0500] {dag.py:3954} INFO - Setting next_dagrun for example_setup_teardown_taskflow to 2024-07-06 00:00:00+00:00, run_after=2024-07-07 00:00:00+00:00
[2024-07-07T23:41:26.593+0500] {processor.py:183} INFO - Processing /home/nicolaspc/anaconda3/envs/mlops_env/lib/python3.12/site-packages/airflow/example_dags/example_setup_teardown_taskflow.py took 0.068 seconds
[2024-07-07T23:41:28.024+0500] {processor.py:161} INFO - Started process (PID=18154) to work on /home/nicolaspc/anaconda3/envs/mlops_env/lib/python3.12/site-packages/airflow/example_dags/example_setup_teardown_taskflow.py
[2024-07-07T23:41:28.026+0500] {processor.py:830} INFO - Processing file /home/nicolaspc/anaconda3/envs/mlops_env/lib/python3.12/site-packages/airflow/example_dags/example_setup_teardown_taskflow.py for tasks to queue
[2024-07-07T23:41:28.028+0500] {logging_mixin.py:188} INFO - [2024-07-07T23:41:28.027+0500] {dagbag.py:545} INFO - Filling up the DagBag from /home/nicolaspc/anaconda3/envs/mlops_env/lib/python3.12/site-packages/airflow/example_dags/example_setup_teardown_taskflow.py
[2024-07-07T23:41:28.037+0500] {processor.py:840} INFO - DAG(s) 'example_setup_teardown_taskflow' retrieved from /home/nicolaspc/anaconda3/envs/mlops_env/lib/python3.12/site-packages/airflow/example_dags/example_setup_teardown_taskflow.py
[2024-07-07T23:41:28.055+0500] {logging_mixin.py:188} INFO - [2024-07-07T23:41:28.055+0500] {dag.py:3096} INFO - Sync 1 DAGs
[2024-07-07T23:41:28.077+0500] {logging_mixin.py:188} INFO - [2024-07-07T23:41:28.076+0500] {dag.py:3954} INFO - Setting next_dagrun for example_setup_teardown_taskflow to 2024-07-06 00:00:00+00:00, run_after=2024-07-07 00:00:00+00:00
[2024-07-07T23:41:28.113+0500] {processor.py:183} INFO - Processing /home/nicolaspc/anaconda3/envs/mlops_env/lib/python3.12/site-packages/airflow/example_dags/example_setup_teardown_taskflow.py took 0.096 seconds
[2024-07-07T23:41:57.512+0500] {processor.py:161} INFO - Started process (PID=18370) to work on /home/nicolaspc/anaconda3/envs/mlops_env/lib/python3.12/site-packages/airflow/example_dags/example_setup_teardown_taskflow.py
[2024-07-07T23:41:57.513+0500] {processor.py:830} INFO - Processing file /home/nicolaspc/anaconda3/envs/mlops_env/lib/python3.12/site-packages/airflow/example_dags/example_setup_teardown_taskflow.py for tasks to queue
[2024-07-07T23:41:57.514+0500] {logging_mixin.py:188} INFO - [2024-07-07T23:41:57.514+0500] {dagbag.py:545} INFO - Filling up the DagBag from /home/nicolaspc/anaconda3/envs/mlops_env/lib/python3.12/site-packages/airflow/example_dags/example_setup_teardown_taskflow.py
[2024-07-07T23:41:57.521+0500] {processor.py:840} INFO - DAG(s) 'example_setup_teardown_taskflow' retrieved from /home/nicolaspc/anaconda3/envs/mlops_env/lib/python3.12/site-packages/airflow/example_dags/example_setup_teardown_taskflow.py
[2024-07-07T23:41:57.543+0500] {logging_mixin.py:188} INFO - [2024-07-07T23:41:57.543+0500] {dag.py:3096} INFO - Sync 1 DAGs
[2024-07-07T23:41:57.561+0500] {logging_mixin.py:188} INFO - [2024-07-07T23:41:57.561+0500] {dag.py:3954} INFO - Setting next_dagrun for example_setup_teardown_taskflow to 2024-07-06 00:00:00+00:00, run_after=2024-07-07 00:00:00+00:00
[2024-07-07T23:41:57.578+0500] {processor.py:183} INFO - Processing /home/nicolaspc/anaconda3/envs/mlops_env/lib/python3.12/site-packages/airflow/example_dags/example_setup_teardown_taskflow.py took 0.072 seconds
[2024-07-07T23:42:07.932+0500] {processor.py:161} INFO - Started process (PID=18640) to work on /home/nicolaspc/anaconda3/envs/mlops_env/lib/python3.12/site-packages/airflow/example_dags/example_setup_teardown_taskflow.py
[2024-07-07T23:42:07.940+0500] {processor.py:830} INFO - Processing file /home/nicolaspc/anaconda3/envs/mlops_env/lib/python3.12/site-packages/airflow/example_dags/example_setup_teardown_taskflow.py for tasks to queue
[2024-07-07T23:42:07.941+0500] {logging_mixin.py:188} INFO - [2024-07-07T23:42:07.941+0500] {dagbag.py:545} INFO - Filling up the DagBag from /home/nicolaspc/anaconda3/envs/mlops_env/lib/python3.12/site-packages/airflow/example_dags/example_setup_teardown_taskflow.py
[2024-07-07T23:42:07.948+0500] {processor.py:840} INFO - DAG(s) 'example_setup_teardown_taskflow' retrieved from /home/nicolaspc/anaconda3/envs/mlops_env/lib/python3.12/site-packages/airflow/example_dags/example_setup_teardown_taskflow.py
[2024-07-07T23:42:07.960+0500] {logging_mixin.py:188} INFO - [2024-07-07T23:42:07.959+0500] {dag.py:3096} INFO - Sync 1 DAGs
[2024-07-07T23:42:08.065+0500] {logging_mixin.py:188} INFO - [2024-07-07T23:42:08.065+0500] {dag.py:3954} INFO - Setting next_dagrun for example_setup_teardown_taskflow to 2024-07-06 00:00:00+00:00, run_after=2024-07-07 00:00:00+00:00
[2024-07-07T23:42:08.104+0500] {processor.py:183} INFO - Processing /home/nicolaspc/anaconda3/envs/mlops_env/lib/python3.12/site-packages/airflow/example_dags/example_setup_teardown_taskflow.py took 0.177 seconds
[2024-07-07T23:42:28.464+0500] {processor.py:161} INFO - Started process (PID=18780) to work on /home/nicolaspc/anaconda3/envs/mlops_env/lib/python3.12/site-packages/airflow/example_dags/example_setup_teardown_taskflow.py
[2024-07-07T23:42:28.465+0500] {processor.py:830} INFO - Processing file /home/nicolaspc/anaconda3/envs/mlops_env/lib/python3.12/site-packages/airflow/example_dags/example_setup_teardown_taskflow.py for tasks to queue
[2024-07-07T23:42:28.465+0500] {logging_mixin.py:188} INFO - [2024-07-07T23:42:28.465+0500] {dagbag.py:545} INFO - Filling up the DagBag from /home/nicolaspc/anaconda3/envs/mlops_env/lib/python3.12/site-packages/airflow/example_dags/example_setup_teardown_taskflow.py
[2024-07-07T23:42:28.471+0500] {processor.py:840} INFO - DAG(s) 'example_setup_teardown_taskflow' retrieved from /home/nicolaspc/anaconda3/envs/mlops_env/lib/python3.12/site-packages/airflow/example_dags/example_setup_teardown_taskflow.py
[2024-07-07T23:42:28.491+0500] {logging_mixin.py:188} INFO - [2024-07-07T23:42:28.491+0500] {dag.py:3096} INFO - Sync 1 DAGs
[2024-07-07T23:42:28.507+0500] {logging_mixin.py:188} INFO - [2024-07-07T23:42:28.507+0500] {dag.py:3954} INFO - Setting next_dagrun for example_setup_teardown_taskflow to 2024-07-06 00:00:00+00:00, run_after=2024-07-07 00:00:00+00:00
[2024-07-07T23:42:28.523+0500] {processor.py:183} INFO - Processing /home/nicolaspc/anaconda3/envs/mlops_env/lib/python3.12/site-packages/airflow/example_dags/example_setup_teardown_taskflow.py took 0.065 seconds
[2024-07-07T23:42:48.059+0500] {processor.py:161} INFO - Started process (PID=19030) to work on /home/nicolaspc/anaconda3/envs/mlops_env/lib/python3.12/site-packages/airflow/example_dags/example_setup_teardown_taskflow.py
[2024-07-07T23:42:48.067+0500] {processor.py:830} INFO - Processing file /home/nicolaspc/anaconda3/envs/mlops_env/lib/python3.12/site-packages/airflow/example_dags/example_setup_teardown_taskflow.py for tasks to queue
[2024-07-07T23:42:48.069+0500] {logging_mixin.py:188} INFO - [2024-07-07T23:42:48.069+0500] {dagbag.py:545} INFO - Filling up the DagBag from /home/nicolaspc/anaconda3/envs/mlops_env/lib/python3.12/site-packages/airflow/example_dags/example_setup_teardown_taskflow.py
[2024-07-07T23:42:48.075+0500] {processor.py:840} INFO - DAG(s) 'example_setup_teardown_taskflow' retrieved from /home/nicolaspc/anaconda3/envs/mlops_env/lib/python3.12/site-packages/airflow/example_dags/example_setup_teardown_taskflow.py
[2024-07-07T23:42:48.086+0500] {logging_mixin.py:188} INFO - [2024-07-07T23:42:48.086+0500] {dag.py:3096} INFO - Sync 1 DAGs
[2024-07-07T23:42:48.098+0500] {logging_mixin.py:188} INFO - [2024-07-07T23:42:48.097+0500] {dag.py:3954} INFO - Setting next_dagrun for example_setup_teardown_taskflow to 2024-07-06 00:00:00+00:00, run_after=2024-07-07 00:00:00+00:00
[2024-07-07T23:42:48.117+0500] {processor.py:183} INFO - Processing /home/nicolaspc/anaconda3/envs/mlops_env/lib/python3.12/site-packages/airflow/example_dags/example_setup_teardown_taskflow.py took 0.062 seconds
[2024-07-07T23:42:59.337+0500] {processor.py:161} INFO - Started process (PID=19144) to work on /home/nicolaspc/anaconda3/envs/mlops_env/lib/python3.12/site-packages/airflow/example_dags/example_setup_teardown_taskflow.py
[2024-07-07T23:42:59.338+0500] {processor.py:830} INFO - Processing file /home/nicolaspc/anaconda3/envs/mlops_env/lib/python3.12/site-packages/airflow/example_dags/example_setup_teardown_taskflow.py for tasks to queue
[2024-07-07T23:42:59.339+0500] {logging_mixin.py:188} INFO - [2024-07-07T23:42:59.339+0500] {dagbag.py:545} INFO - Filling up the DagBag from /home/nicolaspc/anaconda3/envs/mlops_env/lib/python3.12/site-packages/airflow/example_dags/example_setup_teardown_taskflow.py
[2024-07-07T23:42:59.346+0500] {processor.py:840} INFO - DAG(s) 'example_setup_teardown_taskflow' retrieved from /home/nicolaspc/anaconda3/envs/mlops_env/lib/python3.12/site-packages/airflow/example_dags/example_setup_teardown_taskflow.py
[2024-07-07T23:42:59.368+0500] {logging_mixin.py:188} INFO - [2024-07-07T23:42:59.368+0500] {dag.py:3096} INFO - Sync 1 DAGs
[2024-07-07T23:42:59.386+0500] {logging_mixin.py:188} INFO - [2024-07-07T23:42:59.386+0500] {dag.py:3954} INFO - Setting next_dagrun for example_setup_teardown_taskflow to 2024-07-06 00:00:00+00:00, run_after=2024-07-07 00:00:00+00:00
[2024-07-07T23:42:59.402+0500] {processor.py:183} INFO - Processing /home/nicolaspc/anaconda3/envs/mlops_env/lib/python3.12/site-packages/airflow/example_dags/example_setup_teardown_taskflow.py took 0.071 seconds
[2024-07-07T23:43:29.967+0500] {processor.py:161} INFO - Started process (PID=19470) to work on /home/nicolaspc/anaconda3/envs/mlops_env/lib/python3.12/site-packages/airflow/example_dags/example_setup_teardown_taskflow.py
[2024-07-07T23:43:29.968+0500] {processor.py:830} INFO - Processing file /home/nicolaspc/anaconda3/envs/mlops_env/lib/python3.12/site-packages/airflow/example_dags/example_setup_teardown_taskflow.py for tasks to queue
[2024-07-07T23:43:29.968+0500] {logging_mixin.py:188} INFO - [2024-07-07T23:43:29.968+0500] {dagbag.py:545} INFO - Filling up the DagBag from /home/nicolaspc/anaconda3/envs/mlops_env/lib/python3.12/site-packages/airflow/example_dags/example_setup_teardown_taskflow.py
[2024-07-07T23:43:29.974+0500] {processor.py:840} INFO - DAG(s) 'example_setup_teardown_taskflow' retrieved from /home/nicolaspc/anaconda3/envs/mlops_env/lib/python3.12/site-packages/airflow/example_dags/example_setup_teardown_taskflow.py
[2024-07-07T23:43:29.994+0500] {logging_mixin.py:188} INFO - [2024-07-07T23:43:29.994+0500] {dag.py:3096} INFO - Sync 1 DAGs
[2024-07-07T23:43:30.011+0500] {logging_mixin.py:188} INFO - [2024-07-07T23:43:30.011+0500] {dag.py:3954} INFO - Setting next_dagrun for example_setup_teardown_taskflow to 2024-07-06 00:00:00+00:00, run_after=2024-07-07 00:00:00+00:00
[2024-07-07T23:43:30.026+0500] {processor.py:183} INFO - Processing /home/nicolaspc/anaconda3/envs/mlops_env/lib/python3.12/site-packages/airflow/example_dags/example_setup_teardown_taskflow.py took 0.065 seconds
[2024-07-07T23:44:00.719+0500] {processor.py:161} INFO - Started process (PID=19839) to work on /home/nicolaspc/anaconda3/envs/mlops_env/lib/python3.12/site-packages/airflow/example_dags/example_setup_teardown_taskflow.py
[2024-07-07T23:44:00.720+0500] {processor.py:830} INFO - Processing file /home/nicolaspc/anaconda3/envs/mlops_env/lib/python3.12/site-packages/airflow/example_dags/example_setup_teardown_taskflow.py for tasks to queue
[2024-07-07T23:44:00.720+0500] {logging_mixin.py:188} INFO - [2024-07-07T23:44:00.720+0500] {dagbag.py:545} INFO - Filling up the DagBag from /home/nicolaspc/anaconda3/envs/mlops_env/lib/python3.12/site-packages/airflow/example_dags/example_setup_teardown_taskflow.py
[2024-07-07T23:44:00.726+0500] {processor.py:840} INFO - DAG(s) 'example_setup_teardown_taskflow' retrieved from /home/nicolaspc/anaconda3/envs/mlops_env/lib/python3.12/site-packages/airflow/example_dags/example_setup_teardown_taskflow.py
[2024-07-07T23:44:00.746+0500] {logging_mixin.py:188} INFO - [2024-07-07T23:44:00.746+0500] {dag.py:3096} INFO - Sync 1 DAGs
[2024-07-07T23:44:00.761+0500] {logging_mixin.py:188} INFO - [2024-07-07T23:44:00.761+0500] {dag.py:3954} INFO - Setting next_dagrun for example_setup_teardown_taskflow to 2024-07-06 00:00:00+00:00, run_after=2024-07-07 00:00:00+00:00
[2024-07-07T23:44:00.777+0500] {processor.py:183} INFO - Processing /home/nicolaspc/anaconda3/envs/mlops_env/lib/python3.12/site-packages/airflow/example_dags/example_setup_teardown_taskflow.py took 0.064 seconds
[2024-07-07T23:44:31.210+0500] {processor.py:161} INFO - Started process (PID=20203) to work on /home/nicolaspc/anaconda3/envs/mlops_env/lib/python3.12/site-packages/airflow/example_dags/example_setup_teardown_taskflow.py
[2024-07-07T23:44:31.211+0500] {processor.py:830} INFO - Processing file /home/nicolaspc/anaconda3/envs/mlops_env/lib/python3.12/site-packages/airflow/example_dags/example_setup_teardown_taskflow.py for tasks to queue
[2024-07-07T23:44:31.211+0500] {logging_mixin.py:188} INFO - [2024-07-07T23:44:31.211+0500] {dagbag.py:545} INFO - Filling up the DagBag from /home/nicolaspc/anaconda3/envs/mlops_env/lib/python3.12/site-packages/airflow/example_dags/example_setup_teardown_taskflow.py
[2024-07-07T23:44:31.217+0500] {processor.py:840} INFO - DAG(s) 'example_setup_teardown_taskflow' retrieved from /home/nicolaspc/anaconda3/envs/mlops_env/lib/python3.12/site-packages/airflow/example_dags/example_setup_teardown_taskflow.py
[2024-07-07T23:44:31.239+0500] {logging_mixin.py:188} INFO - [2024-07-07T23:44:31.239+0500] {dag.py:3096} INFO - Sync 1 DAGs
[2024-07-07T23:44:31.254+0500] {logging_mixin.py:188} INFO - [2024-07-07T23:44:31.254+0500] {dag.py:3954} INFO - Setting next_dagrun for example_setup_teardown_taskflow to 2024-07-06 00:00:00+00:00, run_after=2024-07-07 00:00:00+00:00
[2024-07-07T23:44:31.276+0500] {processor.py:183} INFO - Processing /home/nicolaspc/anaconda3/envs/mlops_env/lib/python3.12/site-packages/airflow/example_dags/example_setup_teardown_taskflow.py took 0.073 seconds
[2024-07-07T23:45:01.822+0500] {processor.py:161} INFO - Started process (PID=20569) to work on /home/nicolaspc/anaconda3/envs/mlops_env/lib/python3.12/site-packages/airflow/example_dags/example_setup_teardown_taskflow.py
[2024-07-07T23:45:01.823+0500] {processor.py:830} INFO - Processing file /home/nicolaspc/anaconda3/envs/mlops_env/lib/python3.12/site-packages/airflow/example_dags/example_setup_teardown_taskflow.py for tasks to queue
[2024-07-07T23:45:01.823+0500] {logging_mixin.py:188} INFO - [2024-07-07T23:45:01.823+0500] {dagbag.py:545} INFO - Filling up the DagBag from /home/nicolaspc/anaconda3/envs/mlops_env/lib/python3.12/site-packages/airflow/example_dags/example_setup_teardown_taskflow.py
[2024-07-07T23:45:01.829+0500] {processor.py:840} INFO - DAG(s) 'example_setup_teardown_taskflow' retrieved from /home/nicolaspc/anaconda3/envs/mlops_env/lib/python3.12/site-packages/airflow/example_dags/example_setup_teardown_taskflow.py
[2024-07-07T23:45:01.849+0500] {logging_mixin.py:188} INFO - [2024-07-07T23:45:01.849+0500] {dag.py:3096} INFO - Sync 1 DAGs
[2024-07-07T23:45:01.866+0500] {logging_mixin.py:188} INFO - [2024-07-07T23:45:01.866+0500] {dag.py:3954} INFO - Setting next_dagrun for example_setup_teardown_taskflow to 2024-07-06 00:00:00+00:00, run_after=2024-07-07 00:00:00+00:00
[2024-07-07T23:45:01.884+0500] {processor.py:183} INFO - Processing /home/nicolaspc/anaconda3/envs/mlops_env/lib/python3.12/site-packages/airflow/example_dags/example_setup_teardown_taskflow.py took 0.067 seconds
[2024-07-07T23:45:32.584+0500] {processor.py:161} INFO - Started process (PID=20894) to work on /home/nicolaspc/anaconda3/envs/mlops_env/lib/python3.12/site-packages/airflow/example_dags/example_setup_teardown_taskflow.py
[2024-07-07T23:45:32.585+0500] {processor.py:830} INFO - Processing file /home/nicolaspc/anaconda3/envs/mlops_env/lib/python3.12/site-packages/airflow/example_dags/example_setup_teardown_taskflow.py for tasks to queue
[2024-07-07T23:45:32.586+0500] {logging_mixin.py:188} INFO - [2024-07-07T23:45:32.585+0500] {dagbag.py:545} INFO - Filling up the DagBag from /home/nicolaspc/anaconda3/envs/mlops_env/lib/python3.12/site-packages/airflow/example_dags/example_setup_teardown_taskflow.py
[2024-07-07T23:45:32.591+0500] {processor.py:840} INFO - DAG(s) 'example_setup_teardown_taskflow' retrieved from /home/nicolaspc/anaconda3/envs/mlops_env/lib/python3.12/site-packages/airflow/example_dags/example_setup_teardown_taskflow.py
[2024-07-07T23:45:32.612+0500] {logging_mixin.py:188} INFO - [2024-07-07T23:45:32.612+0500] {dag.py:3096} INFO - Sync 1 DAGs
[2024-07-07T23:45:32.628+0500] {logging_mixin.py:188} INFO - [2024-07-07T23:45:32.628+0500] {dag.py:3954} INFO - Setting next_dagrun for example_setup_teardown_taskflow to 2024-07-06 00:00:00+00:00, run_after=2024-07-07 00:00:00+00:00
[2024-07-07T23:45:32.643+0500] {processor.py:183} INFO - Processing /home/nicolaspc/anaconda3/envs/mlops_env/lib/python3.12/site-packages/airflow/example_dags/example_setup_teardown_taskflow.py took 0.064 seconds
[2024-07-07T23:46:03.198+0500] {processor.py:161} INFO - Started process (PID=21231) to work on /home/nicolaspc/anaconda3/envs/mlops_env/lib/python3.12/site-packages/airflow/example_dags/example_setup_teardown_taskflow.py
[2024-07-07T23:46:03.199+0500] {processor.py:830} INFO - Processing file /home/nicolaspc/anaconda3/envs/mlops_env/lib/python3.12/site-packages/airflow/example_dags/example_setup_teardown_taskflow.py for tasks to queue
[2024-07-07T23:46:03.200+0500] {logging_mixin.py:188} INFO - [2024-07-07T23:46:03.199+0500] {dagbag.py:545} INFO - Filling up the DagBag from /home/nicolaspc/anaconda3/envs/mlops_env/lib/python3.12/site-packages/airflow/example_dags/example_setup_teardown_taskflow.py
[2024-07-07T23:46:03.206+0500] {processor.py:840} INFO - DAG(s) 'example_setup_teardown_taskflow' retrieved from /home/nicolaspc/anaconda3/envs/mlops_env/lib/python3.12/site-packages/airflow/example_dags/example_setup_teardown_taskflow.py
[2024-07-07T23:46:03.227+0500] {logging_mixin.py:188} INFO - [2024-07-07T23:46:03.227+0500] {dag.py:3096} INFO - Sync 1 DAGs
[2024-07-07T23:46:03.243+0500] {logging_mixin.py:188} INFO - [2024-07-07T23:46:03.243+0500] {dag.py:3954} INFO - Setting next_dagrun for example_setup_teardown_taskflow to 2024-07-06 00:00:00+00:00, run_after=2024-07-07 00:00:00+00:00
[2024-07-07T23:46:03.260+0500] {processor.py:183} INFO - Processing /home/nicolaspc/anaconda3/envs/mlops_env/lib/python3.12/site-packages/airflow/example_dags/example_setup_teardown_taskflow.py took 0.068 seconds
[2024-07-07T23:46:33.745+0500] {processor.py:161} INFO - Started process (PID=21598) to work on /home/nicolaspc/anaconda3/envs/mlops_env/lib/python3.12/site-packages/airflow/example_dags/example_setup_teardown_taskflow.py
[2024-07-07T23:46:33.745+0500] {processor.py:830} INFO - Processing file /home/nicolaspc/anaconda3/envs/mlops_env/lib/python3.12/site-packages/airflow/example_dags/example_setup_teardown_taskflow.py for tasks to queue
[2024-07-07T23:46:33.746+0500] {logging_mixin.py:188} INFO - [2024-07-07T23:46:33.746+0500] {dagbag.py:545} INFO - Filling up the DagBag from /home/nicolaspc/anaconda3/envs/mlops_env/lib/python3.12/site-packages/airflow/example_dags/example_setup_teardown_taskflow.py
[2024-07-07T23:46:33.752+0500] {processor.py:840} INFO - DAG(s) 'example_setup_teardown_taskflow' retrieved from /home/nicolaspc/anaconda3/envs/mlops_env/lib/python3.12/site-packages/airflow/example_dags/example_setup_teardown_taskflow.py
[2024-07-07T23:46:33.773+0500] {logging_mixin.py:188} INFO - [2024-07-07T23:46:33.773+0500] {dag.py:3096} INFO - Sync 1 DAGs
[2024-07-07T23:46:33.790+0500] {logging_mixin.py:188} INFO - [2024-07-07T23:46:33.789+0500] {dag.py:3954} INFO - Setting next_dagrun for example_setup_teardown_taskflow to 2024-07-06 00:00:00+00:00, run_after=2024-07-07 00:00:00+00:00
[2024-07-07T23:46:33.806+0500] {processor.py:183} INFO - Processing /home/nicolaspc/anaconda3/envs/mlops_env/lib/python3.12/site-packages/airflow/example_dags/example_setup_teardown_taskflow.py took 0.068 seconds
[2024-07-07T23:47:04.563+0500] {processor.py:161} INFO - Started process (PID=21928) to work on /home/nicolaspc/anaconda3/envs/mlops_env/lib/python3.12/site-packages/airflow/example_dags/example_setup_teardown_taskflow.py
[2024-07-07T23:47:04.564+0500] {processor.py:830} INFO - Processing file /home/nicolaspc/anaconda3/envs/mlops_env/lib/python3.12/site-packages/airflow/example_dags/example_setup_teardown_taskflow.py for tasks to queue
[2024-07-07T23:47:04.564+0500] {logging_mixin.py:188} INFO - [2024-07-07T23:47:04.564+0500] {dagbag.py:545} INFO - Filling up the DagBag from /home/nicolaspc/anaconda3/envs/mlops_env/lib/python3.12/site-packages/airflow/example_dags/example_setup_teardown_taskflow.py
[2024-07-07T23:47:04.570+0500] {processor.py:840} INFO - DAG(s) 'example_setup_teardown_taskflow' retrieved from /home/nicolaspc/anaconda3/envs/mlops_env/lib/python3.12/site-packages/airflow/example_dags/example_setup_teardown_taskflow.py
[2024-07-07T23:47:04.593+0500] {logging_mixin.py:188} INFO - [2024-07-07T23:47:04.593+0500] {dag.py:3096} INFO - Sync 1 DAGs
[2024-07-07T23:47:04.608+0500] {logging_mixin.py:188} INFO - [2024-07-07T23:47:04.608+0500] {dag.py:3954} INFO - Setting next_dagrun for example_setup_teardown_taskflow to 2024-07-06 00:00:00+00:00, run_after=2024-07-07 00:00:00+00:00
[2024-07-07T23:47:04.623+0500] {processor.py:183} INFO - Processing /home/nicolaspc/anaconda3/envs/mlops_env/lib/python3.12/site-packages/airflow/example_dags/example_setup_teardown_taskflow.py took 0.066 seconds
[2024-07-07T23:47:35.074+0500] {processor.py:161} INFO - Started process (PID=22256) to work on /home/nicolaspc/anaconda3/envs/mlops_env/lib/python3.12/site-packages/airflow/example_dags/example_setup_teardown_taskflow.py
[2024-07-07T23:47:35.075+0500] {processor.py:830} INFO - Processing file /home/nicolaspc/anaconda3/envs/mlops_env/lib/python3.12/site-packages/airflow/example_dags/example_setup_teardown_taskflow.py for tasks to queue
[2024-07-07T23:47:35.075+0500] {logging_mixin.py:188} INFO - [2024-07-07T23:47:35.075+0500] {dagbag.py:545} INFO - Filling up the DagBag from /home/nicolaspc/anaconda3/envs/mlops_env/lib/python3.12/site-packages/airflow/example_dags/example_setup_teardown_taskflow.py
[2024-07-07T23:47:35.081+0500] {processor.py:840} INFO - DAG(s) 'example_setup_teardown_taskflow' retrieved from /home/nicolaspc/anaconda3/envs/mlops_env/lib/python3.12/site-packages/airflow/example_dags/example_setup_teardown_taskflow.py
[2024-07-07T23:47:35.101+0500] {logging_mixin.py:188} INFO - [2024-07-07T23:47:35.101+0500] {dag.py:3096} INFO - Sync 1 DAGs
[2024-07-07T23:47:35.116+0500] {logging_mixin.py:188} INFO - [2024-07-07T23:47:35.116+0500] {dag.py:3954} INFO - Setting next_dagrun for example_setup_teardown_taskflow to 2024-07-06 00:00:00+00:00, run_after=2024-07-07 00:00:00+00:00
[2024-07-07T23:47:35.131+0500] {processor.py:183} INFO - Processing /home/nicolaspc/anaconda3/envs/mlops_env/lib/python3.12/site-packages/airflow/example_dags/example_setup_teardown_taskflow.py took 0.063 seconds
[2024-07-07T23:48:05.676+0500] {processor.py:161} INFO - Started process (PID=22581) to work on /home/nicolaspc/anaconda3/envs/mlops_env/lib/python3.12/site-packages/airflow/example_dags/example_setup_teardown_taskflow.py
[2024-07-07T23:48:05.676+0500] {processor.py:830} INFO - Processing file /home/nicolaspc/anaconda3/envs/mlops_env/lib/python3.12/site-packages/airflow/example_dags/example_setup_teardown_taskflow.py for tasks to queue
[2024-07-07T23:48:05.677+0500] {logging_mixin.py:188} INFO - [2024-07-07T23:48:05.676+0500] {dagbag.py:545} INFO - Filling up the DagBag from /home/nicolaspc/anaconda3/envs/mlops_env/lib/python3.12/site-packages/airflow/example_dags/example_setup_teardown_taskflow.py
[2024-07-07T23:48:05.682+0500] {processor.py:840} INFO - DAG(s) 'example_setup_teardown_taskflow' retrieved from /home/nicolaspc/anaconda3/envs/mlops_env/lib/python3.12/site-packages/airflow/example_dags/example_setup_teardown_taskflow.py
[2024-07-07T23:48:05.704+0500] {logging_mixin.py:188} INFO - [2024-07-07T23:48:05.703+0500] {dag.py:3096} INFO - Sync 1 DAGs
[2024-07-07T23:48:05.720+0500] {logging_mixin.py:188} INFO - [2024-07-07T23:48:05.720+0500] {dag.py:3954} INFO - Setting next_dagrun for example_setup_teardown_taskflow to 2024-07-06 00:00:00+00:00, run_after=2024-07-07 00:00:00+00:00
[2024-07-07T23:48:05.735+0500] {processor.py:183} INFO - Processing /home/nicolaspc/anaconda3/envs/mlops_env/lib/python3.12/site-packages/airflow/example_dags/example_setup_teardown_taskflow.py took 0.065 seconds
[2024-07-07T23:48:36.261+0500] {processor.py:161} INFO - Started process (PID=22937) to work on /home/nicolaspc/anaconda3/envs/mlops_env/lib/python3.12/site-packages/airflow/example_dags/example_setup_teardown_taskflow.py
[2024-07-07T23:48:36.263+0500] {processor.py:830} INFO - Processing file /home/nicolaspc/anaconda3/envs/mlops_env/lib/python3.12/site-packages/airflow/example_dags/example_setup_teardown_taskflow.py for tasks to queue
[2024-07-07T23:48:36.263+0500] {logging_mixin.py:188} INFO - [2024-07-07T23:48:36.263+0500] {dagbag.py:545} INFO - Filling up the DagBag from /home/nicolaspc/anaconda3/envs/mlops_env/lib/python3.12/site-packages/airflow/example_dags/example_setup_teardown_taskflow.py
[2024-07-07T23:48:36.272+0500] {processor.py:840} INFO - DAG(s) 'example_setup_teardown_taskflow' retrieved from /home/nicolaspc/anaconda3/envs/mlops_env/lib/python3.12/site-packages/airflow/example_dags/example_setup_teardown_taskflow.py
[2024-07-07T23:48:36.298+0500] {logging_mixin.py:188} INFO - [2024-07-07T23:48:36.297+0500] {dag.py:3096} INFO - Sync 1 DAGs
[2024-07-07T23:48:36.320+0500] {logging_mixin.py:188} INFO - [2024-07-07T23:48:36.320+0500] {dag.py:3954} INFO - Setting next_dagrun for example_setup_teardown_taskflow to 2024-07-06 00:00:00+00:00, run_after=2024-07-07 00:00:00+00:00
[2024-07-07T23:48:36.340+0500] {processor.py:183} INFO - Processing /home/nicolaspc/anaconda3/envs/mlops_env/lib/python3.12/site-packages/airflow/example_dags/example_setup_teardown_taskflow.py took 0.088 seconds
[2024-07-07T23:49:07.583+0500] {processor.py:161} INFO - Started process (PID=23461) to work on /home/nicolaspc/anaconda3/envs/mlops_env/lib/python3.12/site-packages/airflow/example_dags/example_setup_teardown_taskflow.py
[2024-07-07T23:49:07.584+0500] {processor.py:830} INFO - Processing file /home/nicolaspc/anaconda3/envs/mlops_env/lib/python3.12/site-packages/airflow/example_dags/example_setup_teardown_taskflow.py for tasks to queue
[2024-07-07T23:49:07.585+0500] {logging_mixin.py:188} INFO - [2024-07-07T23:49:07.584+0500] {dagbag.py:545} INFO - Filling up the DagBag from /home/nicolaspc/anaconda3/envs/mlops_env/lib/python3.12/site-packages/airflow/example_dags/example_setup_teardown_taskflow.py
[2024-07-07T23:49:07.591+0500] {processor.py:840} INFO - DAG(s) 'example_setup_teardown_taskflow' retrieved from /home/nicolaspc/anaconda3/envs/mlops_env/lib/python3.12/site-packages/airflow/example_dags/example_setup_teardown_taskflow.py
[2024-07-07T23:49:07.680+0500] {logging_mixin.py:188} INFO - [2024-07-07T23:49:07.679+0500] {dag.py:3096} INFO - Sync 1 DAGs
[2024-07-07T23:49:07.694+0500] {logging_mixin.py:188} INFO - [2024-07-07T23:49:07.694+0500] {dag.py:3954} INFO - Setting next_dagrun for example_setup_teardown_taskflow to 2024-07-06 00:00:00+00:00, run_after=2024-07-07 00:00:00+00:00
[2024-07-07T23:49:07.713+0500] {processor.py:183} INFO - Processing /home/nicolaspc/anaconda3/envs/mlops_env/lib/python3.12/site-packages/airflow/example_dags/example_setup_teardown_taskflow.py took 0.137 seconds
[2024-07-07T23:49:37.946+0500] {processor.py:161} INFO - Started process (PID=23819) to work on /home/nicolaspc/anaconda3/envs/mlops_env/lib/python3.12/site-packages/airflow/example_dags/example_setup_teardown_taskflow.py
[2024-07-07T23:49:37.947+0500] {processor.py:830} INFO - Processing file /home/nicolaspc/anaconda3/envs/mlops_env/lib/python3.12/site-packages/airflow/example_dags/example_setup_teardown_taskflow.py for tasks to queue
[2024-07-07T23:49:37.947+0500] {logging_mixin.py:188} INFO - [2024-07-07T23:49:37.947+0500] {dagbag.py:545} INFO - Filling up the DagBag from /home/nicolaspc/anaconda3/envs/mlops_env/lib/python3.12/site-packages/airflow/example_dags/example_setup_teardown_taskflow.py
[2024-07-07T23:49:37.953+0500] {processor.py:840} INFO - DAG(s) 'example_setup_teardown_taskflow' retrieved from /home/nicolaspc/anaconda3/envs/mlops_env/lib/python3.12/site-packages/airflow/example_dags/example_setup_teardown_taskflow.py
[2024-07-07T23:49:37.973+0500] {logging_mixin.py:188} INFO - [2024-07-07T23:49:37.973+0500] {dag.py:3096} INFO - Sync 1 DAGs
[2024-07-07T23:49:37.989+0500] {logging_mixin.py:188} INFO - [2024-07-07T23:49:37.989+0500] {dag.py:3954} INFO - Setting next_dagrun for example_setup_teardown_taskflow to 2024-07-06 00:00:00+00:00, run_after=2024-07-07 00:00:00+00:00
[2024-07-07T23:49:38.005+0500] {processor.py:183} INFO - Processing /home/nicolaspc/anaconda3/envs/mlops_env/lib/python3.12/site-packages/airflow/example_dags/example_setup_teardown_taskflow.py took 0.065 seconds
