[2024-07-07T23:35:20.516+0500] {processor.py:161} INFO - Started process (PID=13570) to work on /home/nicolaspc/anaconda3/envs/mlops_env/lib/python3.12/site-packages/airflow/example_dags/example_params_ui_tutorial.py
[2024-07-07T23:35:20.516+0500] {processor.py:830} INFO - Processing file /home/nicolaspc/anaconda3/envs/mlops_env/lib/python3.12/site-packages/airflow/example_dags/example_params_ui_tutorial.py for tasks to queue
[2024-07-07T23:35:20.517+0500] {logging_mixin.py:188} INFO - [2024-07-07T23:35:20.517+0500] {dagbag.py:545} INFO - Filling up the DagBag from /home/nicolaspc/anaconda3/envs/mlops_env/lib/python3.12/site-packages/airflow/example_dags/example_params_ui_tutorial.py
[2024-07-07T23:35:20.524+0500] {processor.py:840} INFO - DAG(s) 'example_params_ui_tutorial' retrieved from /home/nicolaspc/anaconda3/envs/mlops_env/lib/python3.12/site-packages/airflow/example_dags/example_params_ui_tutorial.py
[2024-07-07T23:35:20.560+0500] {logging_mixin.py:188} INFO - [2024-07-07T23:35:20.560+0500] {dag.py:3096} INFO - Sync 1 DAGs
[2024-07-07T23:35:20.568+0500] {logging_mixin.py:188} INFO - [2024-07-07T23:35:20.568+0500] {dag.py:3954} INFO - Setting next_dagrun for example_params_ui_tutorial to None, run_after=None
[2024-07-07T23:35:20.584+0500] {processor.py:183} INFO - Processing /home/nicolaspc/anaconda3/envs/mlops_env/lib/python3.12/site-packages/airflow/example_dags/example_params_ui_tutorial.py took 0.073 seconds
[2024-07-07T23:35:51.241+0500] {processor.py:161} INFO - Started process (PID=13919) to work on /home/nicolaspc/anaconda3/envs/mlops_env/lib/python3.12/site-packages/airflow/example_dags/example_params_ui_tutorial.py
[2024-07-07T23:35:51.241+0500] {processor.py:830} INFO - Processing file /home/nicolaspc/anaconda3/envs/mlops_env/lib/python3.12/site-packages/airflow/example_dags/example_params_ui_tutorial.py for tasks to queue
[2024-07-07T23:35:51.242+0500] {logging_mixin.py:188} INFO - [2024-07-07T23:35:51.242+0500] {dagbag.py:545} INFO - Filling up the DagBag from /home/nicolaspc/anaconda3/envs/mlops_env/lib/python3.12/site-packages/airflow/example_dags/example_params_ui_tutorial.py
[2024-07-07T23:35:51.249+0500] {processor.py:840} INFO - DAG(s) 'example_params_ui_tutorial' retrieved from /home/nicolaspc/anaconda3/envs/mlops_env/lib/python3.12/site-packages/airflow/example_dags/example_params_ui_tutorial.py
[2024-07-07T23:35:51.287+0500] {logging_mixin.py:188} INFO - [2024-07-07T23:35:51.287+0500] {dag.py:3096} INFO - Sync 1 DAGs
[2024-07-07T23:35:51.296+0500] {logging_mixin.py:188} INFO - [2024-07-07T23:35:51.296+0500] {dag.py:3954} INFO - Setting next_dagrun for example_params_ui_tutorial to None, run_after=None
[2024-07-07T23:35:51.311+0500] {processor.py:183} INFO - Processing /home/nicolaspc/anaconda3/envs/mlops_env/lib/python3.12/site-packages/airflow/example_dags/example_params_ui_tutorial.py took 0.076 seconds
[2024-07-07T23:36:21.873+0500] {processor.py:161} INFO - Started process (PID=14332) to work on /home/nicolaspc/anaconda3/envs/mlops_env/lib/python3.12/site-packages/airflow/example_dags/example_params_ui_tutorial.py
[2024-07-07T23:36:21.874+0500] {processor.py:830} INFO - Processing file /home/nicolaspc/anaconda3/envs/mlops_env/lib/python3.12/site-packages/airflow/example_dags/example_params_ui_tutorial.py for tasks to queue
[2024-07-07T23:36:21.874+0500] {logging_mixin.py:188} INFO - [2024-07-07T23:36:21.874+0500] {dagbag.py:545} INFO - Filling up the DagBag from /home/nicolaspc/anaconda3/envs/mlops_env/lib/python3.12/site-packages/airflow/example_dags/example_params_ui_tutorial.py
[2024-07-07T23:36:21.881+0500] {processor.py:840} INFO - DAG(s) 'example_params_ui_tutorial' retrieved from /home/nicolaspc/anaconda3/envs/mlops_env/lib/python3.12/site-packages/airflow/example_dags/example_params_ui_tutorial.py
[2024-07-07T23:36:21.918+0500] {logging_mixin.py:188} INFO - [2024-07-07T23:36:21.917+0500] {dag.py:3096} INFO - Sync 1 DAGs
[2024-07-07T23:36:21.926+0500] {logging_mixin.py:188} INFO - [2024-07-07T23:36:21.925+0500] {dag.py:3954} INFO - Setting next_dagrun for example_params_ui_tutorial to None, run_after=None
[2024-07-07T23:36:21.942+0500] {processor.py:183} INFO - Processing /home/nicolaspc/anaconda3/envs/mlops_env/lib/python3.12/site-packages/airflow/example_dags/example_params_ui_tutorial.py took 0.075 seconds
[2024-07-07T23:36:52.379+0500] {processor.py:161} INFO - Started process (PID=14725) to work on /home/nicolaspc/anaconda3/envs/mlops_env/lib/python3.12/site-packages/airflow/example_dags/example_params_ui_tutorial.py
[2024-07-07T23:36:52.379+0500] {processor.py:830} INFO - Processing file /home/nicolaspc/anaconda3/envs/mlops_env/lib/python3.12/site-packages/airflow/example_dags/example_params_ui_tutorial.py for tasks to queue
[2024-07-07T23:36:52.380+0500] {logging_mixin.py:188} INFO - [2024-07-07T23:36:52.380+0500] {dagbag.py:545} INFO - Filling up the DagBag from /home/nicolaspc/anaconda3/envs/mlops_env/lib/python3.12/site-packages/airflow/example_dags/example_params_ui_tutorial.py
[2024-07-07T23:36:52.387+0500] {processor.py:840} INFO - DAG(s) 'example_params_ui_tutorial' retrieved from /home/nicolaspc/anaconda3/envs/mlops_env/lib/python3.12/site-packages/airflow/example_dags/example_params_ui_tutorial.py
[2024-07-07T23:36:52.423+0500] {logging_mixin.py:188} INFO - [2024-07-07T23:36:52.423+0500] {dag.py:3096} INFO - Sync 1 DAGs
[2024-07-07T23:36:52.433+0500] {logging_mixin.py:188} INFO - [2024-07-07T23:36:52.432+0500] {dag.py:3954} INFO - Setting next_dagrun for example_params_ui_tutorial to None, run_after=None
[2024-07-07T23:36:52.447+0500] {processor.py:183} INFO - Processing /home/nicolaspc/anaconda3/envs/mlops_env/lib/python3.12/site-packages/airflow/example_dags/example_params_ui_tutorial.py took 0.074 seconds
[2024-07-07T23:36:57.362+0500] {processor.py:161} INFO - Started process (PID=14744) to work on /home/nicolaspc/anaconda3/envs/mlops_env/lib/python3.12/site-packages/airflow/example_dags/example_params_ui_tutorial.py
[2024-07-07T23:36:57.371+0500] {processor.py:830} INFO - Processing file /home/nicolaspc/anaconda3/envs/mlops_env/lib/python3.12/site-packages/airflow/example_dags/example_params_ui_tutorial.py for tasks to queue
[2024-07-07T23:36:57.373+0500] {logging_mixin.py:188} INFO - [2024-07-07T23:36:57.373+0500] {dagbag.py:545} INFO - Filling up the DagBag from /home/nicolaspc/anaconda3/envs/mlops_env/lib/python3.12/site-packages/airflow/example_dags/example_params_ui_tutorial.py
[2024-07-07T23:36:57.380+0500] {processor.py:840} INFO - DAG(s) 'example_params_ui_tutorial' retrieved from /home/nicolaspc/anaconda3/envs/mlops_env/lib/python3.12/site-packages/airflow/example_dags/example_params_ui_tutorial.py
[2024-07-07T23:36:57.480+0500] {logging_mixin.py:188} INFO - [2024-07-07T23:36:57.479+0500] {override.py:1829} INFO - Created Permission View: can delete on DAG:example_params_ui_tutorial
[2024-07-07T23:36:57.496+0500] {logging_mixin.py:188} INFO - [2024-07-07T23:36:57.496+0500] {override.py:1829} INFO - Created Permission View: can edit on DAG:example_params_ui_tutorial
[2024-07-07T23:36:57.511+0500] {logging_mixin.py:188} INFO - [2024-07-07T23:36:57.511+0500] {override.py:1829} INFO - Created Permission View: can read on DAG:example_params_ui_tutorial
[2024-07-07T23:36:57.512+0500] {logging_mixin.py:188} INFO - [2024-07-07T23:36:57.512+0500] {dag.py:3096} INFO - Sync 1 DAGs
[2024-07-07T23:36:57.519+0500] {logging_mixin.py:188} INFO - [2024-07-07T23:36:57.519+0500] {dag.py:3118} INFO - Creating ORM DAG for example_params_ui_tutorial
[2024-07-07T23:36:57.519+0500] {logging_mixin.py:188} INFO - [2024-07-07T23:36:57.519+0500] {dag.py:3954} INFO - Setting next_dagrun for example_params_ui_tutorial to None, run_after=None
[2024-07-07T23:36:57.542+0500] {processor.py:183} INFO - Processing /home/nicolaspc/anaconda3/envs/mlops_env/lib/python3.12/site-packages/airflow/example_dags/example_params_ui_tutorial.py took 0.184 seconds
[2024-07-07T23:37:22.796+0500] {processor.py:161} INFO - Started process (PID=15082) to work on /home/nicolaspc/anaconda3/envs/mlops_env/lib/python3.12/site-packages/airflow/example_dags/example_params_ui_tutorial.py
[2024-07-07T23:37:22.797+0500] {processor.py:830} INFO - Processing file /home/nicolaspc/anaconda3/envs/mlops_env/lib/python3.12/site-packages/airflow/example_dags/example_params_ui_tutorial.py for tasks to queue
[2024-07-07T23:37:22.798+0500] {logging_mixin.py:188} INFO - [2024-07-07T23:37:22.797+0500] {dagbag.py:545} INFO - Filling up the DagBag from /home/nicolaspc/anaconda3/envs/mlops_env/lib/python3.12/site-packages/airflow/example_dags/example_params_ui_tutorial.py
[2024-07-07T23:37:22.807+0500] {processor.py:840} INFO - DAG(s) 'example_params_ui_tutorial' retrieved from /home/nicolaspc/anaconda3/envs/mlops_env/lib/python3.12/site-packages/airflow/example_dags/example_params_ui_tutorial.py
[2024-07-07T23:37:22.844+0500] {logging_mixin.py:188} INFO - [2024-07-07T23:37:22.844+0500] {dag.py:3096} INFO - Sync 1 DAGs
[2024-07-07T23:37:22.854+0500] {logging_mixin.py:188} INFO - [2024-07-07T23:37:22.854+0500] {dag.py:3954} INFO - Setting next_dagrun for example_params_ui_tutorial to None, run_after=None
[2024-07-07T23:37:22.871+0500] {processor.py:183} INFO - Processing /home/nicolaspc/anaconda3/envs/mlops_env/lib/python3.12/site-packages/airflow/example_dags/example_params_ui_tutorial.py took 0.080 seconds
[2024-07-07T23:37:53.391+0500] {processor.py:161} INFO - Started process (PID=15470) to work on /home/nicolaspc/anaconda3/envs/mlops_env/lib/python3.12/site-packages/airflow/example_dags/example_params_ui_tutorial.py
[2024-07-07T23:37:53.392+0500] {processor.py:830} INFO - Processing file /home/nicolaspc/anaconda3/envs/mlops_env/lib/python3.12/site-packages/airflow/example_dags/example_params_ui_tutorial.py for tasks to queue
[2024-07-07T23:37:53.392+0500] {logging_mixin.py:188} INFO - [2024-07-07T23:37:53.392+0500] {dagbag.py:545} INFO - Filling up the DagBag from /home/nicolaspc/anaconda3/envs/mlops_env/lib/python3.12/site-packages/airflow/example_dags/example_params_ui_tutorial.py
[2024-07-07T23:37:53.400+0500] {processor.py:840} INFO - DAG(s) 'example_params_ui_tutorial' retrieved from /home/nicolaspc/anaconda3/envs/mlops_env/lib/python3.12/site-packages/airflow/example_dags/example_params_ui_tutorial.py
[2024-07-07T23:37:53.437+0500] {logging_mixin.py:188} INFO - [2024-07-07T23:37:53.436+0500] {dag.py:3096} INFO - Sync 1 DAGs
[2024-07-07T23:37:53.447+0500] {logging_mixin.py:188} INFO - [2024-07-07T23:37:53.447+0500] {dag.py:3954} INFO - Setting next_dagrun for example_params_ui_tutorial to None, run_after=None
[2024-07-07T23:37:53.462+0500] {processor.py:183} INFO - Processing /home/nicolaspc/anaconda3/envs/mlops_env/lib/python3.12/site-packages/airflow/example_dags/example_params_ui_tutorial.py took 0.077 seconds
[2024-07-07T23:37:57.980+0500] {processor.py:161} INFO - Started process (PID=15493) to work on /home/nicolaspc/anaconda3/envs/mlops_env/lib/python3.12/site-packages/airflow/example_dags/example_params_ui_tutorial.py
[2024-07-07T23:37:57.980+0500] {processor.py:830} INFO - Processing file /home/nicolaspc/anaconda3/envs/mlops_env/lib/python3.12/site-packages/airflow/example_dags/example_params_ui_tutorial.py for tasks to queue
[2024-07-07T23:37:57.981+0500] {logging_mixin.py:188} INFO - [2024-07-07T23:37:57.981+0500] {dagbag.py:545} INFO - Filling up the DagBag from /home/nicolaspc/anaconda3/envs/mlops_env/lib/python3.12/site-packages/airflow/example_dags/example_params_ui_tutorial.py
[2024-07-07T23:37:57.988+0500] {processor.py:840} INFO - DAG(s) 'example_params_ui_tutorial' retrieved from /home/nicolaspc/anaconda3/envs/mlops_env/lib/python3.12/site-packages/airflow/example_dags/example_params_ui_tutorial.py
[2024-07-07T23:37:58.014+0500] {logging_mixin.py:188} INFO - [2024-07-07T23:37:58.014+0500] {dag.py:3096} INFO - Sync 1 DAGs
[2024-07-07T23:37:58.021+0500] {logging_mixin.py:188} INFO - [2024-07-07T23:37:58.021+0500] {dag.py:3954} INFO - Setting next_dagrun for example_params_ui_tutorial to None, run_after=None
[2024-07-07T23:37:58.045+0500] {processor.py:183} INFO - Processing /home/nicolaspc/anaconda3/envs/mlops_env/lib/python3.12/site-packages/airflow/example_dags/example_params_ui_tutorial.py took 0.069 seconds
[2024-07-07T23:38:24.120+0500] {processor.py:161} INFO - Started process (PID=15887) to work on /home/nicolaspc/anaconda3/envs/mlops_env/lib/python3.12/site-packages/airflow/example_dags/example_params_ui_tutorial.py
[2024-07-07T23:38:24.120+0500] {processor.py:830} INFO - Processing file /home/nicolaspc/anaconda3/envs/mlops_env/lib/python3.12/site-packages/airflow/example_dags/example_params_ui_tutorial.py for tasks to queue
[2024-07-07T23:38:24.121+0500] {logging_mixin.py:188} INFO - [2024-07-07T23:38:24.120+0500] {dagbag.py:545} INFO - Filling up the DagBag from /home/nicolaspc/anaconda3/envs/mlops_env/lib/python3.12/site-packages/airflow/example_dags/example_params_ui_tutorial.py
[2024-07-07T23:38:24.128+0500] {processor.py:840} INFO - DAG(s) 'example_params_ui_tutorial' retrieved from /home/nicolaspc/anaconda3/envs/mlops_env/lib/python3.12/site-packages/airflow/example_dags/example_params_ui_tutorial.py
[2024-07-07T23:38:24.165+0500] {logging_mixin.py:188} INFO - [2024-07-07T23:38:24.165+0500] {dag.py:3096} INFO - Sync 1 DAGs
[2024-07-07T23:38:24.175+0500] {logging_mixin.py:188} INFO - [2024-07-07T23:38:24.175+0500] {dag.py:3954} INFO - Setting next_dagrun for example_params_ui_tutorial to None, run_after=None
[2024-07-07T23:38:24.194+0500] {processor.py:183} INFO - Processing /home/nicolaspc/anaconda3/envs/mlops_env/lib/python3.12/site-packages/airflow/example_dags/example_params_ui_tutorial.py took 0.080 seconds
[2024-07-07T23:38:54.895+0500] {processor.py:161} INFO - Started process (PID=16246) to work on /home/nicolaspc/anaconda3/envs/mlops_env/lib/python3.12/site-packages/airflow/example_dags/example_params_ui_tutorial.py
[2024-07-07T23:38:54.896+0500] {processor.py:830} INFO - Processing file /home/nicolaspc/anaconda3/envs/mlops_env/lib/python3.12/site-packages/airflow/example_dags/example_params_ui_tutorial.py for tasks to queue
[2024-07-07T23:38:54.897+0500] {logging_mixin.py:188} INFO - [2024-07-07T23:38:54.896+0500] {dagbag.py:545} INFO - Filling up the DagBag from /home/nicolaspc/anaconda3/envs/mlops_env/lib/python3.12/site-packages/airflow/example_dags/example_params_ui_tutorial.py
[2024-07-07T23:38:54.904+0500] {processor.py:840} INFO - DAG(s) 'example_params_ui_tutorial' retrieved from /home/nicolaspc/anaconda3/envs/mlops_env/lib/python3.12/site-packages/airflow/example_dags/example_params_ui_tutorial.py
[2024-07-07T23:38:54.943+0500] {logging_mixin.py:188} INFO - [2024-07-07T23:38:54.943+0500] {dag.py:3096} INFO - Sync 1 DAGs
[2024-07-07T23:38:54.953+0500] {logging_mixin.py:188} INFO - [2024-07-07T23:38:54.953+0500] {dag.py:3954} INFO - Setting next_dagrun for example_params_ui_tutorial to None, run_after=None
[2024-07-07T23:38:54.974+0500] {processor.py:183} INFO - Processing /home/nicolaspc/anaconda3/envs/mlops_env/lib/python3.12/site-packages/airflow/example_dags/example_params_ui_tutorial.py took 0.084 seconds
[2024-07-07T23:38:56.190+0500] {processor.py:161} INFO - Started process (PID=16259) to work on /home/nicolaspc/anaconda3/envs/mlops_env/lib/python3.12/site-packages/airflow/example_dags/example_params_ui_tutorial.py
[2024-07-07T23:38:56.190+0500] {processor.py:830} INFO - Processing file /home/nicolaspc/anaconda3/envs/mlops_env/lib/python3.12/site-packages/airflow/example_dags/example_params_ui_tutorial.py for tasks to queue
[2024-07-07T23:38:56.191+0500] {logging_mixin.py:188} INFO - [2024-07-07T23:38:56.191+0500] {dagbag.py:545} INFO - Filling up the DagBag from /home/nicolaspc/anaconda3/envs/mlops_env/lib/python3.12/site-packages/airflow/example_dags/example_params_ui_tutorial.py
[2024-07-07T23:38:56.198+0500] {processor.py:840} INFO - DAG(s) 'example_params_ui_tutorial' retrieved from /home/nicolaspc/anaconda3/envs/mlops_env/lib/python3.12/site-packages/airflow/example_dags/example_params_ui_tutorial.py
[2024-07-07T23:38:56.224+0500] {logging_mixin.py:188} INFO - [2024-07-07T23:38:56.224+0500] {dag.py:3096} INFO - Sync 1 DAGs
[2024-07-07T23:38:56.231+0500] {logging_mixin.py:188} INFO - [2024-07-07T23:38:56.231+0500] {dag.py:3954} INFO - Setting next_dagrun for example_params_ui_tutorial to None, run_after=None
[2024-07-07T23:38:56.252+0500] {processor.py:183} INFO - Processing /home/nicolaspc/anaconda3/envs/mlops_env/lib/python3.12/site-packages/airflow/example_dags/example_params_ui_tutorial.py took 0.066 seconds
[2024-07-07T23:39:25.405+0500] {processor.py:161} INFO - Started process (PID=16644) to work on /home/nicolaspc/anaconda3/envs/mlops_env/lib/python3.12/site-packages/airflow/example_dags/example_params_ui_tutorial.py
[2024-07-07T23:39:25.406+0500] {processor.py:830} INFO - Processing file /home/nicolaspc/anaconda3/envs/mlops_env/lib/python3.12/site-packages/airflow/example_dags/example_params_ui_tutorial.py for tasks to queue
[2024-07-07T23:39:25.406+0500] {logging_mixin.py:188} INFO - [2024-07-07T23:39:25.406+0500] {dagbag.py:545} INFO - Filling up the DagBag from /home/nicolaspc/anaconda3/envs/mlops_env/lib/python3.12/site-packages/airflow/example_dags/example_params_ui_tutorial.py
[2024-07-07T23:39:25.413+0500] {processor.py:840} INFO - DAG(s) 'example_params_ui_tutorial' retrieved from /home/nicolaspc/anaconda3/envs/mlops_env/lib/python3.12/site-packages/airflow/example_dags/example_params_ui_tutorial.py
[2024-07-07T23:39:25.447+0500] {logging_mixin.py:188} INFO - [2024-07-07T23:39:25.447+0500] {dag.py:3096} INFO - Sync 1 DAGs
[2024-07-07T23:39:25.457+0500] {logging_mixin.py:188} INFO - [2024-07-07T23:39:25.456+0500] {dag.py:3954} INFO - Setting next_dagrun for example_params_ui_tutorial to None, run_after=None
[2024-07-07T23:39:25.472+0500] {processor.py:183} INFO - Processing /home/nicolaspc/anaconda3/envs/mlops_env/lib/python3.12/site-packages/airflow/example_dags/example_params_ui_tutorial.py took 0.072 seconds
[2024-07-07T23:39:55.950+0500] {processor.py:161} INFO - Started process (PID=16997) to work on /home/nicolaspc/anaconda3/envs/mlops_env/lib/python3.12/site-packages/airflow/example_dags/example_params_ui_tutorial.py
[2024-07-07T23:39:55.951+0500] {processor.py:830} INFO - Processing file /home/nicolaspc/anaconda3/envs/mlops_env/lib/python3.12/site-packages/airflow/example_dags/example_params_ui_tutorial.py for tasks to queue
[2024-07-07T23:39:55.951+0500] {logging_mixin.py:188} INFO - [2024-07-07T23:39:55.951+0500] {dagbag.py:545} INFO - Filling up the DagBag from /home/nicolaspc/anaconda3/envs/mlops_env/lib/python3.12/site-packages/airflow/example_dags/example_params_ui_tutorial.py
[2024-07-07T23:39:55.958+0500] {processor.py:840} INFO - DAG(s) 'example_params_ui_tutorial' retrieved from /home/nicolaspc/anaconda3/envs/mlops_env/lib/python3.12/site-packages/airflow/example_dags/example_params_ui_tutorial.py
[2024-07-07T23:39:55.994+0500] {logging_mixin.py:188} INFO - [2024-07-07T23:39:55.994+0500] {dag.py:3096} INFO - Sync 1 DAGs
[2024-07-07T23:39:56.003+0500] {logging_mixin.py:188} INFO - [2024-07-07T23:39:56.002+0500] {dag.py:3954} INFO - Setting next_dagrun for example_params_ui_tutorial to None, run_after=None
[2024-07-07T23:39:56.019+0500] {processor.py:183} INFO - Processing /home/nicolaspc/anaconda3/envs/mlops_env/lib/python3.12/site-packages/airflow/example_dags/example_params_ui_tutorial.py took 0.075 seconds
[2024-07-07T23:39:58.020+0500] {processor.py:161} INFO - Started process (PID=17013) to work on /home/nicolaspc/anaconda3/envs/mlops_env/lib/python3.12/site-packages/airflow/example_dags/example_params_ui_tutorial.py
[2024-07-07T23:39:58.029+0500] {processor.py:830} INFO - Processing file /home/nicolaspc/anaconda3/envs/mlops_env/lib/python3.12/site-packages/airflow/example_dags/example_params_ui_tutorial.py for tasks to queue
[2024-07-07T23:39:58.031+0500] {logging_mixin.py:188} INFO - [2024-07-07T23:39:58.030+0500] {dagbag.py:545} INFO - Filling up the DagBag from /home/nicolaspc/anaconda3/envs/mlops_env/lib/python3.12/site-packages/airflow/example_dags/example_params_ui_tutorial.py
[2024-07-07T23:39:58.039+0500] {processor.py:840} INFO - DAG(s) 'example_params_ui_tutorial' retrieved from /home/nicolaspc/anaconda3/envs/mlops_env/lib/python3.12/site-packages/airflow/example_dags/example_params_ui_tutorial.py
[2024-07-07T23:39:58.065+0500] {logging_mixin.py:188} INFO - [2024-07-07T23:39:58.065+0500] {dag.py:3096} INFO - Sync 1 DAGs
[2024-07-07T23:39:58.072+0500] {logging_mixin.py:188} INFO - [2024-07-07T23:39:58.072+0500] {dag.py:3954} INFO - Setting next_dagrun for example_params_ui_tutorial to None, run_after=None
[2024-07-07T23:39:58.093+0500] {processor.py:183} INFO - Processing /home/nicolaspc/anaconda3/envs/mlops_env/lib/python3.12/site-packages/airflow/example_dags/example_params_ui_tutorial.py took 0.077 seconds
[2024-07-07T23:40:26.748+0500] {processor.py:161} INFO - Started process (PID=17429) to work on /home/nicolaspc/anaconda3/envs/mlops_env/lib/python3.12/site-packages/airflow/example_dags/example_params_ui_tutorial.py
[2024-07-07T23:40:26.749+0500] {processor.py:830} INFO - Processing file /home/nicolaspc/anaconda3/envs/mlops_env/lib/python3.12/site-packages/airflow/example_dags/example_params_ui_tutorial.py for tasks to queue
[2024-07-07T23:40:26.749+0500] {logging_mixin.py:188} INFO - [2024-07-07T23:40:26.749+0500] {dagbag.py:545} INFO - Filling up the DagBag from /home/nicolaspc/anaconda3/envs/mlops_env/lib/python3.12/site-packages/airflow/example_dags/example_params_ui_tutorial.py
[2024-07-07T23:40:26.757+0500] {processor.py:840} INFO - DAG(s) 'example_params_ui_tutorial' retrieved from /home/nicolaspc/anaconda3/envs/mlops_env/lib/python3.12/site-packages/airflow/example_dags/example_params_ui_tutorial.py
[2024-07-07T23:40:26.799+0500] {logging_mixin.py:188} INFO - [2024-07-07T23:40:26.799+0500] {dag.py:3096} INFO - Sync 1 DAGs
[2024-07-07T23:40:26.808+0500] {logging_mixin.py:188} INFO - [2024-07-07T23:40:26.808+0500] {dag.py:3954} INFO - Setting next_dagrun for example_params_ui_tutorial to None, run_after=None
[2024-07-07T23:40:26.825+0500] {processor.py:183} INFO - Processing /home/nicolaspc/anaconda3/envs/mlops_env/lib/python3.12/site-packages/airflow/example_dags/example_params_ui_tutorial.py took 0.083 seconds
[2024-07-07T23:40:57.502+0500] {processor.py:161} INFO - Started process (PID=17794) to work on /home/nicolaspc/anaconda3/envs/mlops_env/lib/python3.12/site-packages/airflow/example_dags/example_params_ui_tutorial.py
[2024-07-07T23:40:57.503+0500] {processor.py:830} INFO - Processing file /home/nicolaspc/anaconda3/envs/mlops_env/lib/python3.12/site-packages/airflow/example_dags/example_params_ui_tutorial.py for tasks to queue
[2024-07-07T23:40:57.503+0500] {logging_mixin.py:188} INFO - [2024-07-07T23:40:57.503+0500] {dagbag.py:545} INFO - Filling up the DagBag from /home/nicolaspc/anaconda3/envs/mlops_env/lib/python3.12/site-packages/airflow/example_dags/example_params_ui_tutorial.py
[2024-07-07T23:40:57.512+0500] {processor.py:840} INFO - DAG(s) 'example_params_ui_tutorial' retrieved from /home/nicolaspc/anaconda3/envs/mlops_env/lib/python3.12/site-packages/airflow/example_dags/example_params_ui_tutorial.py
[2024-07-07T23:40:57.551+0500] {logging_mixin.py:188} INFO - [2024-07-07T23:40:57.551+0500] {dag.py:3096} INFO - Sync 1 DAGs
[2024-07-07T23:40:57.560+0500] {logging_mixin.py:188} INFO - [2024-07-07T23:40:57.559+0500] {dag.py:3954} INFO - Setting next_dagrun for example_params_ui_tutorial to None, run_after=None
[2024-07-07T23:40:57.578+0500] {processor.py:183} INFO - Processing /home/nicolaspc/anaconda3/envs/mlops_env/lib/python3.12/site-packages/airflow/example_dags/example_params_ui_tutorial.py took 0.082 seconds
[2024-07-07T23:40:57.907+0500] {processor.py:161} INFO - Started process (PID=17810) to work on /home/nicolaspc/anaconda3/envs/mlops_env/lib/python3.12/site-packages/airflow/example_dags/example_params_ui_tutorial.py
[2024-07-07T23:40:57.908+0500] {processor.py:830} INFO - Processing file /home/nicolaspc/anaconda3/envs/mlops_env/lib/python3.12/site-packages/airflow/example_dags/example_params_ui_tutorial.py for tasks to queue
[2024-07-07T23:40:57.909+0500] {logging_mixin.py:188} INFO - [2024-07-07T23:40:57.909+0500] {dagbag.py:545} INFO - Filling up the DagBag from /home/nicolaspc/anaconda3/envs/mlops_env/lib/python3.12/site-packages/airflow/example_dags/example_params_ui_tutorial.py
[2024-07-07T23:40:57.918+0500] {processor.py:840} INFO - DAG(s) 'example_params_ui_tutorial' retrieved from /home/nicolaspc/anaconda3/envs/mlops_env/lib/python3.12/site-packages/airflow/example_dags/example_params_ui_tutorial.py
[2024-07-07T23:40:57.945+0500] {logging_mixin.py:188} INFO - [2024-07-07T23:40:57.945+0500] {dag.py:3096} INFO - Sync 1 DAGs
[2024-07-07T23:40:57.953+0500] {logging_mixin.py:188} INFO - [2024-07-07T23:40:57.952+0500] {dag.py:3954} INFO - Setting next_dagrun for example_params_ui_tutorial to None, run_after=None
[2024-07-07T23:40:57.972+0500] {processor.py:183} INFO - Processing /home/nicolaspc/anaconda3/envs/mlops_env/lib/python3.12/site-packages/airflow/example_dags/example_params_ui_tutorial.py took 0.069 seconds
[2024-07-07T23:41:28.456+0500] {processor.py:161} INFO - Started process (PID=18208) to work on /home/nicolaspc/anaconda3/envs/mlops_env/lib/python3.12/site-packages/airflow/example_dags/example_params_ui_tutorial.py
[2024-07-07T23:41:28.457+0500] {processor.py:830} INFO - Processing file /home/nicolaspc/anaconda3/envs/mlops_env/lib/python3.12/site-packages/airflow/example_dags/example_params_ui_tutorial.py for tasks to queue
[2024-07-07T23:41:28.458+0500] {logging_mixin.py:188} INFO - [2024-07-07T23:41:28.458+0500] {dagbag.py:545} INFO - Filling up the DagBag from /home/nicolaspc/anaconda3/envs/mlops_env/lib/python3.12/site-packages/airflow/example_dags/example_params_ui_tutorial.py
[2024-07-07T23:41:28.467+0500] {processor.py:840} INFO - DAG(s) 'example_params_ui_tutorial' retrieved from /home/nicolaspc/anaconda3/envs/mlops_env/lib/python3.12/site-packages/airflow/example_dags/example_params_ui_tutorial.py
[2024-07-07T23:41:28.509+0500] {logging_mixin.py:188} INFO - [2024-07-07T23:41:28.509+0500] {dag.py:3096} INFO - Sync 1 DAGs
[2024-07-07T23:41:28.522+0500] {logging_mixin.py:188} INFO - [2024-07-07T23:41:28.522+0500] {dag.py:3954} INFO - Setting next_dagrun for example_params_ui_tutorial to None, run_after=None
[2024-07-07T23:41:28.546+0500] {processor.py:183} INFO - Processing /home/nicolaspc/anaconda3/envs/mlops_env/lib/python3.12/site-packages/airflow/example_dags/example_params_ui_tutorial.py took 0.095 seconds
[2024-07-07T23:41:58.885+0500] {processor.py:161} INFO - Started process (PID=18522) to work on /home/nicolaspc/anaconda3/envs/mlops_env/lib/python3.12/site-packages/airflow/example_dags/example_params_ui_tutorial.py
[2024-07-07T23:41:58.886+0500] {processor.py:830} INFO - Processing file /home/nicolaspc/anaconda3/envs/mlops_env/lib/python3.12/site-packages/airflow/example_dags/example_params_ui_tutorial.py for tasks to queue
[2024-07-07T23:41:58.887+0500] {logging_mixin.py:188} INFO - [2024-07-07T23:41:58.887+0500] {dagbag.py:545} INFO - Filling up the DagBag from /home/nicolaspc/anaconda3/envs/mlops_env/lib/python3.12/site-packages/airflow/example_dags/example_params_ui_tutorial.py
[2024-07-07T23:41:58.899+0500] {processor.py:840} INFO - DAG(s) 'example_params_ui_tutorial' retrieved from /home/nicolaspc/anaconda3/envs/mlops_env/lib/python3.12/site-packages/airflow/example_dags/example_params_ui_tutorial.py
[2024-07-07T23:41:58.937+0500] {logging_mixin.py:188} INFO - [2024-07-07T23:41:58.937+0500] {dag.py:3096} INFO - Sync 1 DAGs
[2024-07-07T23:41:59.082+0500] {logging_mixin.py:188} INFO - [2024-07-07T23:41:59.081+0500] {dag.py:3954} INFO - Setting next_dagrun for example_params_ui_tutorial to None, run_after=None
[2024-07-07T23:41:59.114+0500] {processor.py:183} INFO - Processing /home/nicolaspc/anaconda3/envs/mlops_env/lib/python3.12/site-packages/airflow/example_dags/example_params_ui_tutorial.py took 0.235 seconds
[2024-07-07T23:41:59.511+0500] {processor.py:161} INFO - Started process (PID=18586) to work on /home/nicolaspc/anaconda3/envs/mlops_env/lib/python3.12/site-packages/airflow/example_dags/example_params_ui_tutorial.py
[2024-07-07T23:41:59.512+0500] {processor.py:830} INFO - Processing file /home/nicolaspc/anaconda3/envs/mlops_env/lib/python3.12/site-packages/airflow/example_dags/example_params_ui_tutorial.py for tasks to queue
[2024-07-07T23:41:59.513+0500] {logging_mixin.py:188} INFO - [2024-07-07T23:41:59.512+0500] {dagbag.py:545} INFO - Filling up the DagBag from /home/nicolaspc/anaconda3/envs/mlops_env/lib/python3.12/site-packages/airflow/example_dags/example_params_ui_tutorial.py
[2024-07-07T23:41:59.522+0500] {processor.py:840} INFO - DAG(s) 'example_params_ui_tutorial' retrieved from /home/nicolaspc/anaconda3/envs/mlops_env/lib/python3.12/site-packages/airflow/example_dags/example_params_ui_tutorial.py
[2024-07-07T23:41:59.562+0500] {logging_mixin.py:188} INFO - [2024-07-07T23:41:59.562+0500] {dag.py:3096} INFO - Sync 1 DAGs
[2024-07-07T23:41:59.572+0500] {logging_mixin.py:188} INFO - [2024-07-07T23:41:59.571+0500] {dag.py:3954} INFO - Setting next_dagrun for example_params_ui_tutorial to None, run_after=None
[2024-07-07T23:41:59.591+0500] {processor.py:183} INFO - Processing /home/nicolaspc/anaconda3/envs/mlops_env/lib/python3.12/site-packages/airflow/example_dags/example_params_ui_tutorial.py took 0.086 seconds
[2024-07-07T23:42:30.350+0500] {processor.py:161} INFO - Started process (PID=18998) to work on /home/nicolaspc/anaconda3/envs/mlops_env/lib/python3.12/site-packages/airflow/example_dags/example_params_ui_tutorial.py
[2024-07-07T23:42:30.350+0500] {processor.py:830} INFO - Processing file /home/nicolaspc/anaconda3/envs/mlops_env/lib/python3.12/site-packages/airflow/example_dags/example_params_ui_tutorial.py for tasks to queue
[2024-07-07T23:42:30.351+0500] {logging_mixin.py:188} INFO - [2024-07-07T23:42:30.351+0500] {dagbag.py:545} INFO - Filling up the DagBag from /home/nicolaspc/anaconda3/envs/mlops_env/lib/python3.12/site-packages/airflow/example_dags/example_params_ui_tutorial.py
[2024-07-07T23:42:30.358+0500] {processor.py:840} INFO - DAG(s) 'example_params_ui_tutorial' retrieved from /home/nicolaspc/anaconda3/envs/mlops_env/lib/python3.12/site-packages/airflow/example_dags/example_params_ui_tutorial.py
[2024-07-07T23:42:30.393+0500] {logging_mixin.py:188} INFO - [2024-07-07T23:42:30.392+0500] {dag.py:3096} INFO - Sync 1 DAGs
[2024-07-07T23:42:30.402+0500] {logging_mixin.py:188} INFO - [2024-07-07T23:42:30.402+0500] {dag.py:3954} INFO - Setting next_dagrun for example_params_ui_tutorial to None, run_after=None
[2024-07-07T23:42:30.419+0500] {processor.py:183} INFO - Processing /home/nicolaspc/anaconda3/envs/mlops_env/lib/python3.12/site-packages/airflow/example_dags/example_params_ui_tutorial.py took 0.075 seconds
[2024-07-07T23:43:00.973+0500] {processor.py:161} INFO - Started process (PID=19361) to work on /home/nicolaspc/anaconda3/envs/mlops_env/lib/python3.12/site-packages/airflow/example_dags/example_params_ui_tutorial.py
[2024-07-07T23:43:00.974+0500] {processor.py:830} INFO - Processing file /home/nicolaspc/anaconda3/envs/mlops_env/lib/python3.12/site-packages/airflow/example_dags/example_params_ui_tutorial.py for tasks to queue
[2024-07-07T23:43:00.975+0500] {logging_mixin.py:188} INFO - [2024-07-07T23:43:00.974+0500] {dagbag.py:545} INFO - Filling up the DagBag from /home/nicolaspc/anaconda3/envs/mlops_env/lib/python3.12/site-packages/airflow/example_dags/example_params_ui_tutorial.py
[2024-07-07T23:43:00.983+0500] {processor.py:840} INFO - DAG(s) 'example_params_ui_tutorial' retrieved from /home/nicolaspc/anaconda3/envs/mlops_env/lib/python3.12/site-packages/airflow/example_dags/example_params_ui_tutorial.py
[2024-07-07T23:43:01.024+0500] {logging_mixin.py:188} INFO - [2024-07-07T23:43:01.024+0500] {dag.py:3096} INFO - Sync 1 DAGs
[2024-07-07T23:43:01.033+0500] {logging_mixin.py:188} INFO - [2024-07-07T23:43:01.033+0500] {dag.py:3954} INFO - Setting next_dagrun for example_params_ui_tutorial to None, run_after=None
[2024-07-07T23:43:01.049+0500] {processor.py:183} INFO - Processing /home/nicolaspc/anaconda3/envs/mlops_env/lib/python3.12/site-packages/airflow/example_dags/example_params_ui_tutorial.py took 0.082 seconds
[2024-07-07T23:43:31.880+0500] {processor.py:161} INFO - Started process (PID=19687) to work on /home/nicolaspc/anaconda3/envs/mlops_env/lib/python3.12/site-packages/airflow/example_dags/example_params_ui_tutorial.py
[2024-07-07T23:43:31.881+0500] {processor.py:830} INFO - Processing file /home/nicolaspc/anaconda3/envs/mlops_env/lib/python3.12/site-packages/airflow/example_dags/example_params_ui_tutorial.py for tasks to queue
[2024-07-07T23:43:31.881+0500] {logging_mixin.py:188} INFO - [2024-07-07T23:43:31.881+0500] {dagbag.py:545} INFO - Filling up the DagBag from /home/nicolaspc/anaconda3/envs/mlops_env/lib/python3.12/site-packages/airflow/example_dags/example_params_ui_tutorial.py
[2024-07-07T23:43:31.888+0500] {processor.py:840} INFO - DAG(s) 'example_params_ui_tutorial' retrieved from /home/nicolaspc/anaconda3/envs/mlops_env/lib/python3.12/site-packages/airflow/example_dags/example_params_ui_tutorial.py
[2024-07-07T23:43:31.924+0500] {logging_mixin.py:188} INFO - [2024-07-07T23:43:31.924+0500] {dag.py:3096} INFO - Sync 1 DAGs
[2024-07-07T23:43:31.932+0500] {logging_mixin.py:188} INFO - [2024-07-07T23:43:31.932+0500] {dag.py:3954} INFO - Setting next_dagrun for example_params_ui_tutorial to None, run_after=None
[2024-07-07T23:43:31.948+0500] {processor.py:183} INFO - Processing /home/nicolaspc/anaconda3/envs/mlops_env/lib/python3.12/site-packages/airflow/example_dags/example_params_ui_tutorial.py took 0.073 seconds
[2024-07-07T23:44:02.375+0500] {processor.py:161} INFO - Started process (PID=20055) to work on /home/nicolaspc/anaconda3/envs/mlops_env/lib/python3.12/site-packages/airflow/example_dags/example_params_ui_tutorial.py
[2024-07-07T23:44:02.375+0500] {processor.py:830} INFO - Processing file /home/nicolaspc/anaconda3/envs/mlops_env/lib/python3.12/site-packages/airflow/example_dags/example_params_ui_tutorial.py for tasks to queue
[2024-07-07T23:44:02.376+0500] {logging_mixin.py:188} INFO - [2024-07-07T23:44:02.376+0500] {dagbag.py:545} INFO - Filling up the DagBag from /home/nicolaspc/anaconda3/envs/mlops_env/lib/python3.12/site-packages/airflow/example_dags/example_params_ui_tutorial.py
[2024-07-07T23:44:02.383+0500] {processor.py:840} INFO - DAG(s) 'example_params_ui_tutorial' retrieved from /home/nicolaspc/anaconda3/envs/mlops_env/lib/python3.12/site-packages/airflow/example_dags/example_params_ui_tutorial.py
[2024-07-07T23:44:02.418+0500] {logging_mixin.py:188} INFO - [2024-07-07T23:44:02.418+0500] {dag.py:3096} INFO - Sync 1 DAGs
[2024-07-07T23:44:02.428+0500] {logging_mixin.py:188} INFO - [2024-07-07T23:44:02.428+0500] {dag.py:3954} INFO - Setting next_dagrun for example_params_ui_tutorial to None, run_after=None
[2024-07-07T23:44:02.444+0500] {processor.py:183} INFO - Processing /home/nicolaspc/anaconda3/envs/mlops_env/lib/python3.12/site-packages/airflow/example_dags/example_params_ui_tutorial.py took 0.075 seconds
[2024-07-07T23:44:32.840+0500] {processor.py:161} INFO - Started process (PID=20417) to work on /home/nicolaspc/anaconda3/envs/mlops_env/lib/python3.12/site-packages/airflow/example_dags/example_params_ui_tutorial.py
[2024-07-07T23:44:32.840+0500] {processor.py:830} INFO - Processing file /home/nicolaspc/anaconda3/envs/mlops_env/lib/python3.12/site-packages/airflow/example_dags/example_params_ui_tutorial.py for tasks to queue
[2024-07-07T23:44:32.841+0500] {logging_mixin.py:188} INFO - [2024-07-07T23:44:32.840+0500] {dagbag.py:545} INFO - Filling up the DagBag from /home/nicolaspc/anaconda3/envs/mlops_env/lib/python3.12/site-packages/airflow/example_dags/example_params_ui_tutorial.py
[2024-07-07T23:44:32.848+0500] {processor.py:840} INFO - DAG(s) 'example_params_ui_tutorial' retrieved from /home/nicolaspc/anaconda3/envs/mlops_env/lib/python3.12/site-packages/airflow/example_dags/example_params_ui_tutorial.py
[2024-07-07T23:44:32.885+0500] {logging_mixin.py:188} INFO - [2024-07-07T23:44:32.884+0500] {dag.py:3096} INFO - Sync 1 DAGs
[2024-07-07T23:44:32.894+0500] {logging_mixin.py:188} INFO - [2024-07-07T23:44:32.894+0500] {dag.py:3954} INFO - Setting next_dagrun for example_params_ui_tutorial to None, run_after=None
[2024-07-07T23:44:32.912+0500] {processor.py:183} INFO - Processing /home/nicolaspc/anaconda3/envs/mlops_env/lib/python3.12/site-packages/airflow/example_dags/example_params_ui_tutorial.py took 0.078 seconds
[2024-07-07T23:45:03.607+0500] {processor.py:161} INFO - Started process (PID=20783) to work on /home/nicolaspc/anaconda3/envs/mlops_env/lib/python3.12/site-packages/airflow/example_dags/example_params_ui_tutorial.py
[2024-07-07T23:45:03.607+0500] {processor.py:830} INFO - Processing file /home/nicolaspc/anaconda3/envs/mlops_env/lib/python3.12/site-packages/airflow/example_dags/example_params_ui_tutorial.py for tasks to queue
[2024-07-07T23:45:03.608+0500] {logging_mixin.py:188} INFO - [2024-07-07T23:45:03.607+0500] {dagbag.py:545} INFO - Filling up the DagBag from /home/nicolaspc/anaconda3/envs/mlops_env/lib/python3.12/site-packages/airflow/example_dags/example_params_ui_tutorial.py
[2024-07-07T23:45:03.615+0500] {processor.py:840} INFO - DAG(s) 'example_params_ui_tutorial' retrieved from /home/nicolaspc/anaconda3/envs/mlops_env/lib/python3.12/site-packages/airflow/example_dags/example_params_ui_tutorial.py
[2024-07-07T23:45:03.651+0500] {logging_mixin.py:188} INFO - [2024-07-07T23:45:03.651+0500] {dag.py:3096} INFO - Sync 1 DAGs
[2024-07-07T23:45:03.660+0500] {logging_mixin.py:188} INFO - [2024-07-07T23:45:03.660+0500] {dag.py:3954} INFO - Setting next_dagrun for example_params_ui_tutorial to None, run_after=None
[2024-07-07T23:45:03.677+0500] {processor.py:183} INFO - Processing /home/nicolaspc/anaconda3/envs/mlops_env/lib/python3.12/site-packages/airflow/example_dags/example_params_ui_tutorial.py took 0.076 seconds
[2024-07-07T23:45:34.168+0500] {processor.py:161} INFO - Started process (PID=21108) to work on /home/nicolaspc/anaconda3/envs/mlops_env/lib/python3.12/site-packages/airflow/example_dags/example_params_ui_tutorial.py
[2024-07-07T23:45:34.169+0500] {processor.py:830} INFO - Processing file /home/nicolaspc/anaconda3/envs/mlops_env/lib/python3.12/site-packages/airflow/example_dags/example_params_ui_tutorial.py for tasks to queue
[2024-07-07T23:45:34.170+0500] {logging_mixin.py:188} INFO - [2024-07-07T23:45:34.169+0500] {dagbag.py:545} INFO - Filling up the DagBag from /home/nicolaspc/anaconda3/envs/mlops_env/lib/python3.12/site-packages/airflow/example_dags/example_params_ui_tutorial.py
[2024-07-07T23:45:34.177+0500] {processor.py:840} INFO - DAG(s) 'example_params_ui_tutorial' retrieved from /home/nicolaspc/anaconda3/envs/mlops_env/lib/python3.12/site-packages/airflow/example_dags/example_params_ui_tutorial.py
[2024-07-07T23:45:34.212+0500] {logging_mixin.py:188} INFO - [2024-07-07T23:45:34.212+0500] {dag.py:3096} INFO - Sync 1 DAGs
[2024-07-07T23:45:34.220+0500] {logging_mixin.py:188} INFO - [2024-07-07T23:45:34.220+0500] {dag.py:3954} INFO - Setting next_dagrun for example_params_ui_tutorial to None, run_after=None
[2024-07-07T23:45:34.238+0500] {processor.py:183} INFO - Processing /home/nicolaspc/anaconda3/envs/mlops_env/lib/python3.12/site-packages/airflow/example_dags/example_params_ui_tutorial.py took 0.075 seconds
[2024-07-07T23:46:04.913+0500] {processor.py:161} INFO - Started process (PID=21445) to work on /home/nicolaspc/anaconda3/envs/mlops_env/lib/python3.12/site-packages/airflow/example_dags/example_params_ui_tutorial.py
[2024-07-07T23:46:04.913+0500] {processor.py:830} INFO - Processing file /home/nicolaspc/anaconda3/envs/mlops_env/lib/python3.12/site-packages/airflow/example_dags/example_params_ui_tutorial.py for tasks to queue
[2024-07-07T23:46:04.914+0500] {logging_mixin.py:188} INFO - [2024-07-07T23:46:04.914+0500] {dagbag.py:545} INFO - Filling up the DagBag from /home/nicolaspc/anaconda3/envs/mlops_env/lib/python3.12/site-packages/airflow/example_dags/example_params_ui_tutorial.py
[2024-07-07T23:46:04.921+0500] {processor.py:840} INFO - DAG(s) 'example_params_ui_tutorial' retrieved from /home/nicolaspc/anaconda3/envs/mlops_env/lib/python3.12/site-packages/airflow/example_dags/example_params_ui_tutorial.py
[2024-07-07T23:46:04.959+0500] {logging_mixin.py:188} INFO - [2024-07-07T23:46:04.958+0500] {dag.py:3096} INFO - Sync 1 DAGs
[2024-07-07T23:46:04.969+0500] {logging_mixin.py:188} INFO - [2024-07-07T23:46:04.968+0500] {dag.py:3954} INFO - Setting next_dagrun for example_params_ui_tutorial to None, run_after=None
[2024-07-07T23:46:04.984+0500] {processor.py:183} INFO - Processing /home/nicolaspc/anaconda3/envs/mlops_env/lib/python3.12/site-packages/airflow/example_dags/example_params_ui_tutorial.py took 0.077 seconds
[2024-07-07T23:46:35.737+0500] {processor.py:161} INFO - Started process (PID=21814) to work on /home/nicolaspc/anaconda3/envs/mlops_env/lib/python3.12/site-packages/airflow/example_dags/example_params_ui_tutorial.py
[2024-07-07T23:46:35.737+0500] {processor.py:830} INFO - Processing file /home/nicolaspc/anaconda3/envs/mlops_env/lib/python3.12/site-packages/airflow/example_dags/example_params_ui_tutorial.py for tasks to queue
[2024-07-07T23:46:35.738+0500] {logging_mixin.py:188} INFO - [2024-07-07T23:46:35.738+0500] {dagbag.py:545} INFO - Filling up the DagBag from /home/nicolaspc/anaconda3/envs/mlops_env/lib/python3.12/site-packages/airflow/example_dags/example_params_ui_tutorial.py
[2024-07-07T23:46:35.745+0500] {processor.py:840} INFO - DAG(s) 'example_params_ui_tutorial' retrieved from /home/nicolaspc/anaconda3/envs/mlops_env/lib/python3.12/site-packages/airflow/example_dags/example_params_ui_tutorial.py
[2024-07-07T23:46:35.781+0500] {logging_mixin.py:188} INFO - [2024-07-07T23:46:35.781+0500] {dag.py:3096} INFO - Sync 1 DAGs
[2024-07-07T23:46:35.790+0500] {logging_mixin.py:188} INFO - [2024-07-07T23:46:35.790+0500] {dag.py:3954} INFO - Setting next_dagrun for example_params_ui_tutorial to None, run_after=None
[2024-07-07T23:46:35.807+0500] {processor.py:183} INFO - Processing /home/nicolaspc/anaconda3/envs/mlops_env/lib/python3.12/site-packages/airflow/example_dags/example_params_ui_tutorial.py took 0.076 seconds
[2024-07-07T23:47:06.244+0500] {processor.py:161} INFO - Started process (PID=22142) to work on /home/nicolaspc/anaconda3/envs/mlops_env/lib/python3.12/site-packages/airflow/example_dags/example_params_ui_tutorial.py
[2024-07-07T23:47:06.245+0500] {processor.py:830} INFO - Processing file /home/nicolaspc/anaconda3/envs/mlops_env/lib/python3.12/site-packages/airflow/example_dags/example_params_ui_tutorial.py for tasks to queue
[2024-07-07T23:47:06.245+0500] {logging_mixin.py:188} INFO - [2024-07-07T23:47:06.245+0500] {dagbag.py:545} INFO - Filling up the DagBag from /home/nicolaspc/anaconda3/envs/mlops_env/lib/python3.12/site-packages/airflow/example_dags/example_params_ui_tutorial.py
[2024-07-07T23:47:06.252+0500] {processor.py:840} INFO - DAG(s) 'example_params_ui_tutorial' retrieved from /home/nicolaspc/anaconda3/envs/mlops_env/lib/python3.12/site-packages/airflow/example_dags/example_params_ui_tutorial.py
[2024-07-07T23:47:06.287+0500] {logging_mixin.py:188} INFO - [2024-07-07T23:47:06.287+0500] {dag.py:3096} INFO - Sync 1 DAGs
[2024-07-07T23:47:06.296+0500] {logging_mixin.py:188} INFO - [2024-07-07T23:47:06.296+0500] {dag.py:3954} INFO - Setting next_dagrun for example_params_ui_tutorial to None, run_after=None
[2024-07-07T23:47:06.312+0500] {processor.py:183} INFO - Processing /home/nicolaspc/anaconda3/envs/mlops_env/lib/python3.12/site-packages/airflow/example_dags/example_params_ui_tutorial.py took 0.073 seconds
[2024-07-07T23:47:36.854+0500] {processor.py:161} INFO - Started process (PID=22472) to work on /home/nicolaspc/anaconda3/envs/mlops_env/lib/python3.12/site-packages/airflow/example_dags/example_params_ui_tutorial.py
[2024-07-07T23:47:36.855+0500] {processor.py:830} INFO - Processing file /home/nicolaspc/anaconda3/envs/mlops_env/lib/python3.12/site-packages/airflow/example_dags/example_params_ui_tutorial.py for tasks to queue
[2024-07-07T23:47:36.855+0500] {logging_mixin.py:188} INFO - [2024-07-07T23:47:36.855+0500] {dagbag.py:545} INFO - Filling up the DagBag from /home/nicolaspc/anaconda3/envs/mlops_env/lib/python3.12/site-packages/airflow/example_dags/example_params_ui_tutorial.py
[2024-07-07T23:47:36.863+0500] {processor.py:840} INFO - DAG(s) 'example_params_ui_tutorial' retrieved from /home/nicolaspc/anaconda3/envs/mlops_env/lib/python3.12/site-packages/airflow/example_dags/example_params_ui_tutorial.py
[2024-07-07T23:47:36.897+0500] {logging_mixin.py:188} INFO - [2024-07-07T23:47:36.897+0500] {dag.py:3096} INFO - Sync 1 DAGs
[2024-07-07T23:47:36.905+0500] {logging_mixin.py:188} INFO - [2024-07-07T23:47:36.905+0500] {dag.py:3954} INFO - Setting next_dagrun for example_params_ui_tutorial to None, run_after=None
[2024-07-07T23:47:36.920+0500] {processor.py:183} INFO - Processing /home/nicolaspc/anaconda3/envs/mlops_env/lib/python3.12/site-packages/airflow/example_dags/example_params_ui_tutorial.py took 0.072 seconds
[2024-07-07T23:48:07.380+0500] {processor.py:161} INFO - Started process (PID=22795) to work on /home/nicolaspc/anaconda3/envs/mlops_env/lib/python3.12/site-packages/airflow/example_dags/example_params_ui_tutorial.py
[2024-07-07T23:48:07.381+0500] {processor.py:830} INFO - Processing file /home/nicolaspc/anaconda3/envs/mlops_env/lib/python3.12/site-packages/airflow/example_dags/example_params_ui_tutorial.py for tasks to queue
[2024-07-07T23:48:07.381+0500] {logging_mixin.py:188} INFO - [2024-07-07T23:48:07.381+0500] {dagbag.py:545} INFO - Filling up the DagBag from /home/nicolaspc/anaconda3/envs/mlops_env/lib/python3.12/site-packages/airflow/example_dags/example_params_ui_tutorial.py
[2024-07-07T23:48:07.389+0500] {processor.py:840} INFO - DAG(s) 'example_params_ui_tutorial' retrieved from /home/nicolaspc/anaconda3/envs/mlops_env/lib/python3.12/site-packages/airflow/example_dags/example_params_ui_tutorial.py
[2024-07-07T23:48:07.426+0500] {logging_mixin.py:188} INFO - [2024-07-07T23:48:07.426+0500] {dag.py:3096} INFO - Sync 1 DAGs
[2024-07-07T23:48:07.435+0500] {logging_mixin.py:188} INFO - [2024-07-07T23:48:07.435+0500] {dag.py:3954} INFO - Setting next_dagrun for example_params_ui_tutorial to None, run_after=None
[2024-07-07T23:48:07.451+0500] {processor.py:183} INFO - Processing /home/nicolaspc/anaconda3/envs/mlops_env/lib/python3.12/site-packages/airflow/example_dags/example_params_ui_tutorial.py took 0.077 seconds
[2024-07-07T23:48:38.155+0500] {processor.py:161} INFO - Started process (PID=23151) to work on /home/nicolaspc/anaconda3/envs/mlops_env/lib/python3.12/site-packages/airflow/example_dags/example_params_ui_tutorial.py
[2024-07-07T23:48:38.155+0500] {processor.py:830} INFO - Processing file /home/nicolaspc/anaconda3/envs/mlops_env/lib/python3.12/site-packages/airflow/example_dags/example_params_ui_tutorial.py for tasks to queue
[2024-07-07T23:48:38.156+0500] {logging_mixin.py:188} INFO - [2024-07-07T23:48:38.156+0500] {dagbag.py:545} INFO - Filling up the DagBag from /home/nicolaspc/anaconda3/envs/mlops_env/lib/python3.12/site-packages/airflow/example_dags/example_params_ui_tutorial.py
[2024-07-07T23:48:38.164+0500] {processor.py:840} INFO - DAG(s) 'example_params_ui_tutorial' retrieved from /home/nicolaspc/anaconda3/envs/mlops_env/lib/python3.12/site-packages/airflow/example_dags/example_params_ui_tutorial.py
[2024-07-07T23:48:38.200+0500] {logging_mixin.py:188} INFO - [2024-07-07T23:48:38.200+0500] {dag.py:3096} INFO - Sync 1 DAGs
[2024-07-07T23:48:38.210+0500] {logging_mixin.py:188} INFO - [2024-07-07T23:48:38.210+0500] {dag.py:3954} INFO - Setting next_dagrun for example_params_ui_tutorial to None, run_after=None
[2024-07-07T23:48:38.226+0500] {processor.py:183} INFO - Processing /home/nicolaspc/anaconda3/envs/mlops_env/lib/python3.12/site-packages/airflow/example_dags/example_params_ui_tutorial.py took 0.078 seconds
[2024-07-07T23:49:09.856+0500] {processor.py:161} INFO - Started process (PID=23674) to work on /home/nicolaspc/anaconda3/envs/mlops_env/lib/python3.12/site-packages/airflow/example_dags/example_params_ui_tutorial.py
[2024-07-07T23:49:09.857+0500] {processor.py:830} INFO - Processing file /home/nicolaspc/anaconda3/envs/mlops_env/lib/python3.12/site-packages/airflow/example_dags/example_params_ui_tutorial.py for tasks to queue
[2024-07-07T23:49:09.857+0500] {logging_mixin.py:188} INFO - [2024-07-07T23:49:09.857+0500] {dagbag.py:545} INFO - Filling up the DagBag from /home/nicolaspc/anaconda3/envs/mlops_env/lib/python3.12/site-packages/airflow/example_dags/example_params_ui_tutorial.py
[2024-07-07T23:49:09.864+0500] {processor.py:840} INFO - DAG(s) 'example_params_ui_tutorial' retrieved from /home/nicolaspc/anaconda3/envs/mlops_env/lib/python3.12/site-packages/airflow/example_dags/example_params_ui_tutorial.py
[2024-07-07T23:49:09.951+0500] {logging_mixin.py:188} INFO - [2024-07-07T23:49:09.950+0500] {dag.py:3096} INFO - Sync 1 DAGs
[2024-07-07T23:49:09.958+0500] {logging_mixin.py:188} INFO - [2024-07-07T23:49:09.958+0500] {dag.py:3954} INFO - Setting next_dagrun for example_params_ui_tutorial to None, run_after=None
[2024-07-07T23:49:09.977+0500] {processor.py:183} INFO - Processing /home/nicolaspc/anaconda3/envs/mlops_env/lib/python3.12/site-packages/airflow/example_dags/example_params_ui_tutorial.py took 0.127 seconds
[2024-07-07T23:49:40.532+0500] {processor.py:161} INFO - Started process (PID=24032) to work on /home/nicolaspc/anaconda3/envs/mlops_env/lib/python3.12/site-packages/airflow/example_dags/example_params_ui_tutorial.py
[2024-07-07T23:49:40.532+0500] {processor.py:830} INFO - Processing file /home/nicolaspc/anaconda3/envs/mlops_env/lib/python3.12/site-packages/airflow/example_dags/example_params_ui_tutorial.py for tasks to queue
[2024-07-07T23:49:40.533+0500] {logging_mixin.py:188} INFO - [2024-07-07T23:49:40.533+0500] {dagbag.py:545} INFO - Filling up the DagBag from /home/nicolaspc/anaconda3/envs/mlops_env/lib/python3.12/site-packages/airflow/example_dags/example_params_ui_tutorial.py
[2024-07-07T23:49:40.540+0500] {processor.py:840} INFO - DAG(s) 'example_params_ui_tutorial' retrieved from /home/nicolaspc/anaconda3/envs/mlops_env/lib/python3.12/site-packages/airflow/example_dags/example_params_ui_tutorial.py
[2024-07-07T23:49:40.575+0500] {logging_mixin.py:188} INFO - [2024-07-07T23:49:40.575+0500] {dag.py:3096} INFO - Sync 1 DAGs
[2024-07-07T23:49:40.584+0500] {logging_mixin.py:188} INFO - [2024-07-07T23:49:40.584+0500] {dag.py:3954} INFO - Setting next_dagrun for example_params_ui_tutorial to None, run_after=None
[2024-07-07T23:49:40.599+0500] {processor.py:183} INFO - Processing /home/nicolaspc/anaconda3/envs/mlops_env/lib/python3.12/site-packages/airflow/example_dags/example_params_ui_tutorial.py took 0.073 seconds
