[2024-07-07T23:35:19.014+0500] {processor.py:161} INFO - Started process (PID=13390) to work on /home/nicolaspc/anaconda3/envs/mlops_env/lib/python3.12/site-packages/airflow/example_dags/example_time_delta_sensor_async.py
[2024-07-07T23:35:19.015+0500] {processor.py:830} INFO - Processing file /home/nicolaspc/anaconda3/envs/mlops_env/lib/python3.12/site-packages/airflow/example_dags/example_time_delta_sensor_async.py for tasks to queue
[2024-07-07T23:35:19.015+0500] {logging_mixin.py:188} INFO - [2024-07-07T23:35:19.015+0500] {dagbag.py:545} INFO - Filling up the DagBag from /home/nicolaspc/anaconda3/envs/mlops_env/lib/python3.12/site-packages/airflow/example_dags/example_time_delta_sensor_async.py
[2024-07-07T23:35:19.018+0500] {processor.py:840} INFO - DAG(s) 'example_time_delta_sensor_async' retrieved from /home/nicolaspc/anaconda3/envs/mlops_env/lib/python3.12/site-packages/airflow/example_dags/example_time_delta_sensor_async.py
[2024-07-07T23:35:19.040+0500] {logging_mixin.py:188} INFO - [2024-07-07T23:35:19.040+0500] {dag.py:3096} INFO - Sync 1 DAGs
[2024-07-07T23:35:19.049+0500] {logging_mixin.py:188} INFO - [2024-07-07T23:35:19.049+0500] {dag.py:3954} INFO - Setting next_dagrun for example_time_delta_sensor_async to None, run_after=None
[2024-07-07T23:35:19.064+0500] {processor.py:183} INFO - Processing /home/nicolaspc/anaconda3/envs/mlops_env/lib/python3.12/site-packages/airflow/example_dags/example_time_delta_sensor_async.py took 0.055 seconds
[2024-07-07T23:35:49.745+0500] {processor.py:161} INFO - Started process (PID=13739) to work on /home/nicolaspc/anaconda3/envs/mlops_env/lib/python3.12/site-packages/airflow/example_dags/example_time_delta_sensor_async.py
[2024-07-07T23:35:49.746+0500] {processor.py:830} INFO - Processing file /home/nicolaspc/anaconda3/envs/mlops_env/lib/python3.12/site-packages/airflow/example_dags/example_time_delta_sensor_async.py for tasks to queue
[2024-07-07T23:35:49.746+0500] {logging_mixin.py:188} INFO - [2024-07-07T23:35:49.746+0500] {dagbag.py:545} INFO - Filling up the DagBag from /home/nicolaspc/anaconda3/envs/mlops_env/lib/python3.12/site-packages/airflow/example_dags/example_time_delta_sensor_async.py
[2024-07-07T23:35:49.749+0500] {processor.py:840} INFO - DAG(s) 'example_time_delta_sensor_async' retrieved from /home/nicolaspc/anaconda3/envs/mlops_env/lib/python3.12/site-packages/airflow/example_dags/example_time_delta_sensor_async.py
[2024-07-07T23:35:49.769+0500] {logging_mixin.py:188} INFO - [2024-07-07T23:35:49.769+0500] {dag.py:3096} INFO - Sync 1 DAGs
[2024-07-07T23:35:49.779+0500] {logging_mixin.py:188} INFO - [2024-07-07T23:35:49.778+0500] {dag.py:3954} INFO - Setting next_dagrun for example_time_delta_sensor_async to None, run_after=None
[2024-07-07T23:35:49.793+0500] {processor.py:183} INFO - Processing /home/nicolaspc/anaconda3/envs/mlops_env/lib/python3.12/site-packages/airflow/example_dags/example_time_delta_sensor_async.py took 0.054 seconds
[2024-07-07T23:36:20.453+0500] {processor.py:161} INFO - Started process (PID=14154) to work on /home/nicolaspc/anaconda3/envs/mlops_env/lib/python3.12/site-packages/airflow/example_dags/example_time_delta_sensor_async.py
[2024-07-07T23:36:20.454+0500] {processor.py:830} INFO - Processing file /home/nicolaspc/anaconda3/envs/mlops_env/lib/python3.12/site-packages/airflow/example_dags/example_time_delta_sensor_async.py for tasks to queue
[2024-07-07T23:36:20.454+0500] {logging_mixin.py:188} INFO - [2024-07-07T23:36:20.454+0500] {dagbag.py:545} INFO - Filling up the DagBag from /home/nicolaspc/anaconda3/envs/mlops_env/lib/python3.12/site-packages/airflow/example_dags/example_time_delta_sensor_async.py
[2024-07-07T23:36:20.457+0500] {processor.py:840} INFO - DAG(s) 'example_time_delta_sensor_async' retrieved from /home/nicolaspc/anaconda3/envs/mlops_env/lib/python3.12/site-packages/airflow/example_dags/example_time_delta_sensor_async.py
[2024-07-07T23:36:20.477+0500] {logging_mixin.py:188} INFO - [2024-07-07T23:36:20.477+0500] {dag.py:3096} INFO - Sync 1 DAGs
[2024-07-07T23:36:20.486+0500] {logging_mixin.py:188} INFO - [2024-07-07T23:36:20.486+0500] {dag.py:3954} INFO - Setting next_dagrun for example_time_delta_sensor_async to None, run_after=None
[2024-07-07T23:36:20.501+0500] {processor.py:183} INFO - Processing /home/nicolaspc/anaconda3/envs/mlops_env/lib/python3.12/site-packages/airflow/example_dags/example_time_delta_sensor_async.py took 0.053 seconds
[2024-07-07T23:36:28.561+0500] {processor.py:161} INFO - Started process (PID=14363) to work on /home/nicolaspc/anaconda3/envs/mlops_env/lib/python3.12/site-packages/airflow/example_dags/example_time_delta_sensor_async.py
[2024-07-07T23:36:28.569+0500] {processor.py:830} INFO - Processing file /home/nicolaspc/anaconda3/envs/mlops_env/lib/python3.12/site-packages/airflow/example_dags/example_time_delta_sensor_async.py for tasks to queue
[2024-07-07T23:36:28.572+0500] {logging_mixin.py:188} INFO - [2024-07-07T23:36:28.571+0500] {dagbag.py:545} INFO - Filling up the DagBag from /home/nicolaspc/anaconda3/envs/mlops_env/lib/python3.12/site-packages/airflow/example_dags/example_time_delta_sensor_async.py
[2024-07-07T23:36:28.575+0500] {processor.py:840} INFO - DAG(s) 'example_time_delta_sensor_async' retrieved from /home/nicolaspc/anaconda3/envs/mlops_env/lib/python3.12/site-packages/airflow/example_dags/example_time_delta_sensor_async.py
[2024-07-07T23:36:28.656+0500] {logging_mixin.py:188} INFO - [2024-07-07T23:36:28.655+0500] {override.py:1829} INFO - Created Permission View: can delete on DAG:example_time_delta_sensor_async
[2024-07-07T23:36:28.670+0500] {logging_mixin.py:188} INFO - [2024-07-07T23:36:28.670+0500] {override.py:1829} INFO - Created Permission View: can edit on DAG:example_time_delta_sensor_async
[2024-07-07T23:36:28.682+0500] {logging_mixin.py:188} INFO - [2024-07-07T23:36:28.681+0500] {override.py:1829} INFO - Created Permission View: can read on DAG:example_time_delta_sensor_async
[2024-07-07T23:36:28.682+0500] {logging_mixin.py:188} INFO - [2024-07-07T23:36:28.682+0500] {dag.py:3096} INFO - Sync 1 DAGs
[2024-07-07T23:36:28.689+0500] {logging_mixin.py:188} INFO - [2024-07-07T23:36:28.689+0500] {dag.py:3118} INFO - Creating ORM DAG for example_time_delta_sensor_async
[2024-07-07T23:36:28.689+0500] {logging_mixin.py:188} INFO - [2024-07-07T23:36:28.689+0500] {dag.py:3954} INFO - Setting next_dagrun for example_time_delta_sensor_async to None, run_after=None
[2024-07-07T23:36:28.710+0500] {processor.py:183} INFO - Processing /home/nicolaspc/anaconda3/envs/mlops_env/lib/python3.12/site-packages/airflow/example_dags/example_time_delta_sensor_async.py took 0.153 seconds
[2024-07-07T23:36:51.103+0500] {processor.py:161} INFO - Started process (PID=14546) to work on /home/nicolaspc/anaconda3/envs/mlops_env/lib/python3.12/site-packages/airflow/example_dags/example_time_delta_sensor_async.py
[2024-07-07T23:36:51.104+0500] {processor.py:830} INFO - Processing file /home/nicolaspc/anaconda3/envs/mlops_env/lib/python3.12/site-packages/airflow/example_dags/example_time_delta_sensor_async.py for tasks to queue
[2024-07-07T23:36:51.104+0500] {logging_mixin.py:188} INFO - [2024-07-07T23:36:51.104+0500] {dagbag.py:545} INFO - Filling up the DagBag from /home/nicolaspc/anaconda3/envs/mlops_env/lib/python3.12/site-packages/airflow/example_dags/example_time_delta_sensor_async.py
[2024-07-07T23:36:51.107+0500] {processor.py:840} INFO - DAG(s) 'example_time_delta_sensor_async' retrieved from /home/nicolaspc/anaconda3/envs/mlops_env/lib/python3.12/site-packages/airflow/example_dags/example_time_delta_sensor_async.py
[2024-07-07T23:36:51.128+0500] {logging_mixin.py:188} INFO - [2024-07-07T23:36:51.127+0500] {dag.py:3096} INFO - Sync 1 DAGs
[2024-07-07T23:36:51.136+0500] {logging_mixin.py:188} INFO - [2024-07-07T23:36:51.136+0500] {dag.py:3954} INFO - Setting next_dagrun for example_time_delta_sensor_async to None, run_after=None
[2024-07-07T23:36:51.151+0500] {processor.py:183} INFO - Processing /home/nicolaspc/anaconda3/envs/mlops_env/lib/python3.12/site-packages/airflow/example_dags/example_time_delta_sensor_async.py took 0.054 seconds
[2024-07-07T23:37:19.496+0500] {processor.py:161} INFO - Started process (PID=14769) to work on /home/nicolaspc/anaconda3/envs/mlops_env/lib/python3.12/site-packages/airflow/example_dags/example_time_delta_sensor_async.py
[2024-07-07T23:37:19.498+0500] {processor.py:830} INFO - Processing file /home/nicolaspc/anaconda3/envs/mlops_env/lib/python3.12/site-packages/airflow/example_dags/example_time_delta_sensor_async.py for tasks to queue
[2024-07-07T23:37:19.499+0500] {logging_mixin.py:188} INFO - [2024-07-07T23:37:19.499+0500] {dagbag.py:545} INFO - Filling up the DagBag from /home/nicolaspc/anaconda3/envs/mlops_env/lib/python3.12/site-packages/airflow/example_dags/example_time_delta_sensor_async.py
[2024-07-07T23:37:19.502+0500] {processor.py:840} INFO - DAG(s) 'example_time_delta_sensor_async' retrieved from /home/nicolaspc/anaconda3/envs/mlops_env/lib/python3.12/site-packages/airflow/example_dags/example_time_delta_sensor_async.py
[2024-07-07T23:37:19.514+0500] {logging_mixin.py:188} INFO - [2024-07-07T23:37:19.514+0500] {dag.py:3096} INFO - Sync 1 DAGs
[2024-07-07T23:37:19.522+0500] {logging_mixin.py:188} INFO - [2024-07-07T23:37:19.522+0500] {dag.py:3954} INFO - Setting next_dagrun for example_time_delta_sensor_async to None, run_after=None
[2024-07-07T23:37:19.542+0500] {processor.py:183} INFO - Processing /home/nicolaspc/anaconda3/envs/mlops_env/lib/python3.12/site-packages/airflow/example_dags/example_time_delta_sensor_async.py took 0.050 seconds
[2024-07-07T23:37:21.484+0500] {processor.py:161} INFO - Started process (PID=14901) to work on /home/nicolaspc/anaconda3/envs/mlops_env/lib/python3.12/site-packages/airflow/example_dags/example_time_delta_sensor_async.py
[2024-07-07T23:37:21.485+0500] {processor.py:830} INFO - Processing file /home/nicolaspc/anaconda3/envs/mlops_env/lib/python3.12/site-packages/airflow/example_dags/example_time_delta_sensor_async.py for tasks to queue
[2024-07-07T23:37:21.485+0500] {logging_mixin.py:188} INFO - [2024-07-07T23:37:21.485+0500] {dagbag.py:545} INFO - Filling up the DagBag from /home/nicolaspc/anaconda3/envs/mlops_env/lib/python3.12/site-packages/airflow/example_dags/example_time_delta_sensor_async.py
[2024-07-07T23:37:21.488+0500] {processor.py:840} INFO - DAG(s) 'example_time_delta_sensor_async' retrieved from /home/nicolaspc/anaconda3/envs/mlops_env/lib/python3.12/site-packages/airflow/example_dags/example_time_delta_sensor_async.py
[2024-07-07T23:37:21.508+0500] {logging_mixin.py:188} INFO - [2024-07-07T23:37:21.507+0500] {dag.py:3096} INFO - Sync 1 DAGs
[2024-07-07T23:37:21.518+0500] {logging_mixin.py:188} INFO - [2024-07-07T23:37:21.518+0500] {dag.py:3954} INFO - Setting next_dagrun for example_time_delta_sensor_async to None, run_after=None
[2024-07-07T23:37:21.534+0500] {processor.py:183} INFO - Processing /home/nicolaspc/anaconda3/envs/mlops_env/lib/python3.12/site-packages/airflow/example_dags/example_time_delta_sensor_async.py took 0.055 seconds
[2024-07-07T23:37:51.907+0500] {processor.py:161} INFO - Started process (PID=15287) to work on /home/nicolaspc/anaconda3/envs/mlops_env/lib/python3.12/site-packages/airflow/example_dags/example_time_delta_sensor_async.py
[2024-07-07T23:37:51.908+0500] {processor.py:830} INFO - Processing file /home/nicolaspc/anaconda3/envs/mlops_env/lib/python3.12/site-packages/airflow/example_dags/example_time_delta_sensor_async.py for tasks to queue
[2024-07-07T23:37:51.908+0500] {logging_mixin.py:188} INFO - [2024-07-07T23:37:51.908+0500] {dagbag.py:545} INFO - Filling up the DagBag from /home/nicolaspc/anaconda3/envs/mlops_env/lib/python3.12/site-packages/airflow/example_dags/example_time_delta_sensor_async.py
[2024-07-07T23:37:51.912+0500] {processor.py:840} INFO - DAG(s) 'example_time_delta_sensor_async' retrieved from /home/nicolaspc/anaconda3/envs/mlops_env/lib/python3.12/site-packages/airflow/example_dags/example_time_delta_sensor_async.py
[2024-07-07T23:37:51.935+0500] {logging_mixin.py:188} INFO - [2024-07-07T23:37:51.935+0500] {dag.py:3096} INFO - Sync 1 DAGs
[2024-07-07T23:37:51.945+0500] {logging_mixin.py:188} INFO - [2024-07-07T23:37:51.945+0500] {dag.py:3954} INFO - Setting next_dagrun for example_time_delta_sensor_async to None, run_after=None
[2024-07-07T23:37:51.963+0500] {processor.py:183} INFO - Processing /home/nicolaspc/anaconda3/envs/mlops_env/lib/python3.12/site-packages/airflow/example_dags/example_time_delta_sensor_async.py took 0.062 seconds
[2024-07-07T23:38:07.787+0500] {processor.py:161} INFO - Started process (PID=15517) to work on /home/nicolaspc/anaconda3/envs/mlops_env/lib/python3.12/site-packages/airflow/example_dags/example_time_delta_sensor_async.py
[2024-07-07T23:38:07.796+0500] {processor.py:830} INFO - Processing file /home/nicolaspc/anaconda3/envs/mlops_env/lib/python3.12/site-packages/airflow/example_dags/example_time_delta_sensor_async.py for tasks to queue
[2024-07-07T23:38:07.797+0500] {logging_mixin.py:188} INFO - [2024-07-07T23:38:07.797+0500] {dagbag.py:545} INFO - Filling up the DagBag from /home/nicolaspc/anaconda3/envs/mlops_env/lib/python3.12/site-packages/airflow/example_dags/example_time_delta_sensor_async.py
[2024-07-07T23:38:07.800+0500] {processor.py:840} INFO - DAG(s) 'example_time_delta_sensor_async' retrieved from /home/nicolaspc/anaconda3/envs/mlops_env/lib/python3.12/site-packages/airflow/example_dags/example_time_delta_sensor_async.py
[2024-07-07T23:38:07.810+0500] {logging_mixin.py:188} INFO - [2024-07-07T23:38:07.810+0500] {dag.py:3096} INFO - Sync 1 DAGs
[2024-07-07T23:38:07.817+0500] {logging_mixin.py:188} INFO - [2024-07-07T23:38:07.817+0500] {dag.py:3954} INFO - Setting next_dagrun for example_time_delta_sensor_async to None, run_after=None
[2024-07-07T23:38:07.837+0500] {processor.py:183} INFO - Processing /home/nicolaspc/anaconda3/envs/mlops_env/lib/python3.12/site-packages/airflow/example_dags/example_time_delta_sensor_async.py took 0.053 seconds
[2024-07-07T23:38:22.600+0500] {processor.py:161} INFO - Started process (PID=15679) to work on /home/nicolaspc/anaconda3/envs/mlops_env/lib/python3.12/site-packages/airflow/example_dags/example_time_delta_sensor_async.py
[2024-07-07T23:38:22.600+0500] {processor.py:830} INFO - Processing file /home/nicolaspc/anaconda3/envs/mlops_env/lib/python3.12/site-packages/airflow/example_dags/example_time_delta_sensor_async.py for tasks to queue
[2024-07-07T23:38:22.601+0500] {logging_mixin.py:188} INFO - [2024-07-07T23:38:22.600+0500] {dagbag.py:545} INFO - Filling up the DagBag from /home/nicolaspc/anaconda3/envs/mlops_env/lib/python3.12/site-packages/airflow/example_dags/example_time_delta_sensor_async.py
[2024-07-07T23:38:22.603+0500] {processor.py:840} INFO - DAG(s) 'example_time_delta_sensor_async' retrieved from /home/nicolaspc/anaconda3/envs/mlops_env/lib/python3.12/site-packages/airflow/example_dags/example_time_delta_sensor_async.py
[2024-07-07T23:38:22.624+0500] {logging_mixin.py:188} INFO - [2024-07-07T23:38:22.623+0500] {dag.py:3096} INFO - Sync 1 DAGs
[2024-07-07T23:38:22.632+0500] {logging_mixin.py:188} INFO - [2024-07-07T23:38:22.632+0500] {dag.py:3954} INFO - Setting next_dagrun for example_time_delta_sensor_async to None, run_after=None
[2024-07-07T23:38:22.648+0500] {processor.py:183} INFO - Processing /home/nicolaspc/anaconda3/envs/mlops_env/lib/python3.12/site-packages/airflow/example_dags/example_time_delta_sensor_async.py took 0.054 seconds
[2024-07-07T23:38:53.379+0500] {processor.py:161} INFO - Started process (PID=16064) to work on /home/nicolaspc/anaconda3/envs/mlops_env/lib/python3.12/site-packages/airflow/example_dags/example_time_delta_sensor_async.py
[2024-07-07T23:38:53.380+0500] {processor.py:830} INFO - Processing file /home/nicolaspc/anaconda3/envs/mlops_env/lib/python3.12/site-packages/airflow/example_dags/example_time_delta_sensor_async.py for tasks to queue
[2024-07-07T23:38:53.380+0500] {logging_mixin.py:188} INFO - [2024-07-07T23:38:53.380+0500] {dagbag.py:545} INFO - Filling up the DagBag from /home/nicolaspc/anaconda3/envs/mlops_env/lib/python3.12/site-packages/airflow/example_dags/example_time_delta_sensor_async.py
[2024-07-07T23:38:53.383+0500] {processor.py:840} INFO - DAG(s) 'example_time_delta_sensor_async' retrieved from /home/nicolaspc/anaconda3/envs/mlops_env/lib/python3.12/site-packages/airflow/example_dags/example_time_delta_sensor_async.py
[2024-07-07T23:38:53.403+0500] {logging_mixin.py:188} INFO - [2024-07-07T23:38:53.403+0500] {dag.py:3096} INFO - Sync 1 DAGs
[2024-07-07T23:38:53.413+0500] {logging_mixin.py:188} INFO - [2024-07-07T23:38:53.413+0500] {dag.py:3954} INFO - Setting next_dagrun for example_time_delta_sensor_async to None, run_after=None
[2024-07-07T23:38:53.428+0500] {processor.py:183} INFO - Processing /home/nicolaspc/anaconda3/envs/mlops_env/lib/python3.12/site-packages/airflow/example_dags/example_time_delta_sensor_async.py took 0.055 seconds
[2024-07-07T23:39:07.456+0500] {processor.py:161} INFO - Started process (PID=16298) to work on /home/nicolaspc/anaconda3/envs/mlops_env/lib/python3.12/site-packages/airflow/example_dags/example_time_delta_sensor_async.py
[2024-07-07T23:39:07.465+0500] {processor.py:830} INFO - Processing file /home/nicolaspc/anaconda3/envs/mlops_env/lib/python3.12/site-packages/airflow/example_dags/example_time_delta_sensor_async.py for tasks to queue
[2024-07-07T23:39:07.467+0500] {logging_mixin.py:188} INFO - [2024-07-07T23:39:07.467+0500] {dagbag.py:545} INFO - Filling up the DagBag from /home/nicolaspc/anaconda3/envs/mlops_env/lib/python3.12/site-packages/airflow/example_dags/example_time_delta_sensor_async.py
[2024-07-07T23:39:07.470+0500] {processor.py:840} INFO - DAG(s) 'example_time_delta_sensor_async' retrieved from /home/nicolaspc/anaconda3/envs/mlops_env/lib/python3.12/site-packages/airflow/example_dags/example_time_delta_sensor_async.py
[2024-07-07T23:39:07.480+0500] {logging_mixin.py:188} INFO - [2024-07-07T23:39:07.480+0500] {dag.py:3096} INFO - Sync 1 DAGs
[2024-07-07T23:39:07.487+0500] {logging_mixin.py:188} INFO - [2024-07-07T23:39:07.487+0500] {dag.py:3954} INFO - Setting next_dagrun for example_time_delta_sensor_async to None, run_after=None
[2024-07-07T23:39:07.510+0500] {processor.py:183} INFO - Processing /home/nicolaspc/anaconda3/envs/mlops_env/lib/python3.12/site-packages/airflow/example_dags/example_time_delta_sensor_async.py took 0.057 seconds
[2024-07-07T23:39:23.986+0500] {processor.py:161} INFO - Started process (PID=16462) to work on /home/nicolaspc/anaconda3/envs/mlops_env/lib/python3.12/site-packages/airflow/example_dags/example_time_delta_sensor_async.py
[2024-07-07T23:39:23.987+0500] {processor.py:830} INFO - Processing file /home/nicolaspc/anaconda3/envs/mlops_env/lib/python3.12/site-packages/airflow/example_dags/example_time_delta_sensor_async.py for tasks to queue
[2024-07-07T23:39:23.987+0500] {logging_mixin.py:188} INFO - [2024-07-07T23:39:23.987+0500] {dagbag.py:545} INFO - Filling up the DagBag from /home/nicolaspc/anaconda3/envs/mlops_env/lib/python3.12/site-packages/airflow/example_dags/example_time_delta_sensor_async.py
[2024-07-07T23:39:23.990+0500] {processor.py:840} INFO - DAG(s) 'example_time_delta_sensor_async' retrieved from /home/nicolaspc/anaconda3/envs/mlops_env/lib/python3.12/site-packages/airflow/example_dags/example_time_delta_sensor_async.py
[2024-07-07T23:39:24.010+0500] {logging_mixin.py:188} INFO - [2024-07-07T23:39:24.010+0500] {dag.py:3096} INFO - Sync 1 DAGs
[2024-07-07T23:39:24.019+0500] {logging_mixin.py:188} INFO - [2024-07-07T23:39:24.019+0500] {dag.py:3954} INFO - Setting next_dagrun for example_time_delta_sensor_async to None, run_after=None
[2024-07-07T23:39:24.033+0500] {processor.py:183} INFO - Processing /home/nicolaspc/anaconda3/envs/mlops_env/lib/python3.12/site-packages/airflow/example_dags/example_time_delta_sensor_async.py took 0.053 seconds
[2024-07-07T23:39:49.016+0500] {processor.py:161} INFO - Started process (PID=16680) to work on /home/nicolaspc/anaconda3/envs/mlops_env/lib/python3.12/site-packages/airflow/example_dags/example_time_delta_sensor_async.py
[2024-07-07T23:39:49.017+0500] {processor.py:830} INFO - Processing file /home/nicolaspc/anaconda3/envs/mlops_env/lib/python3.12/site-packages/airflow/example_dags/example_time_delta_sensor_async.py for tasks to queue
[2024-07-07T23:39:49.018+0500] {logging_mixin.py:188} INFO - [2024-07-07T23:39:49.018+0500] {dagbag.py:545} INFO - Filling up the DagBag from /home/nicolaspc/anaconda3/envs/mlops_env/lib/python3.12/site-packages/airflow/example_dags/example_time_delta_sensor_async.py
[2024-07-07T23:39:49.021+0500] {processor.py:840} INFO - DAG(s) 'example_time_delta_sensor_async' retrieved from /home/nicolaspc/anaconda3/envs/mlops_env/lib/python3.12/site-packages/airflow/example_dags/example_time_delta_sensor_async.py
[2024-07-07T23:39:49.032+0500] {logging_mixin.py:188} INFO - [2024-07-07T23:39:49.031+0500] {dag.py:3096} INFO - Sync 1 DAGs
[2024-07-07T23:39:49.039+0500] {logging_mixin.py:188} INFO - [2024-07-07T23:39:49.038+0500] {dag.py:3954} INFO - Setting next_dagrun for example_time_delta_sensor_async to None, run_after=None
[2024-07-07T23:39:49.059+0500] {processor.py:183} INFO - Processing /home/nicolaspc/anaconda3/envs/mlops_env/lib/python3.12/site-packages/airflow/example_dags/example_time_delta_sensor_async.py took 0.046 seconds
[2024-07-07T23:39:54.643+0500] {processor.py:161} INFO - Started process (PID=16818) to work on /home/nicolaspc/anaconda3/envs/mlops_env/lib/python3.12/site-packages/airflow/example_dags/example_time_delta_sensor_async.py
[2024-07-07T23:39:54.643+0500] {processor.py:830} INFO - Processing file /home/nicolaspc/anaconda3/envs/mlops_env/lib/python3.12/site-packages/airflow/example_dags/example_time_delta_sensor_async.py for tasks to queue
[2024-07-07T23:39:54.644+0500] {logging_mixin.py:188} INFO - [2024-07-07T23:39:54.644+0500] {dagbag.py:545} INFO - Filling up the DagBag from /home/nicolaspc/anaconda3/envs/mlops_env/lib/python3.12/site-packages/airflow/example_dags/example_time_delta_sensor_async.py
[2024-07-07T23:39:54.647+0500] {processor.py:840} INFO - DAG(s) 'example_time_delta_sensor_async' retrieved from /home/nicolaspc/anaconda3/envs/mlops_env/lib/python3.12/site-packages/airflow/example_dags/example_time_delta_sensor_async.py
[2024-07-07T23:39:54.666+0500] {logging_mixin.py:188} INFO - [2024-07-07T23:39:54.666+0500] {dag.py:3096} INFO - Sync 1 DAGs
[2024-07-07T23:39:54.676+0500] {logging_mixin.py:188} INFO - [2024-07-07T23:39:54.676+0500] {dag.py:3954} INFO - Setting next_dagrun for example_time_delta_sensor_async to None, run_after=None
[2024-07-07T23:39:54.691+0500] {processor.py:183} INFO - Processing /home/nicolaspc/anaconda3/envs/mlops_env/lib/python3.12/site-packages/airflow/example_dags/example_time_delta_sensor_async.py took 0.054 seconds
[2024-07-07T23:40:25.293+0500] {processor.py:161} INFO - Started process (PID=17250) to work on /home/nicolaspc/anaconda3/envs/mlops_env/lib/python3.12/site-packages/airflow/example_dags/example_time_delta_sensor_async.py
[2024-07-07T23:40:25.294+0500] {processor.py:830} INFO - Processing file /home/nicolaspc/anaconda3/envs/mlops_env/lib/python3.12/site-packages/airflow/example_dags/example_time_delta_sensor_async.py for tasks to queue
[2024-07-07T23:40:25.294+0500] {logging_mixin.py:188} INFO - [2024-07-07T23:40:25.294+0500] {dagbag.py:545} INFO - Filling up the DagBag from /home/nicolaspc/anaconda3/envs/mlops_env/lib/python3.12/site-packages/airflow/example_dags/example_time_delta_sensor_async.py
[2024-07-07T23:40:25.298+0500] {processor.py:840} INFO - DAG(s) 'example_time_delta_sensor_async' retrieved from /home/nicolaspc/anaconda3/envs/mlops_env/lib/python3.12/site-packages/airflow/example_dags/example_time_delta_sensor_async.py
[2024-07-07T23:40:25.320+0500] {logging_mixin.py:188} INFO - [2024-07-07T23:40:25.320+0500] {dag.py:3096} INFO - Sync 1 DAGs
[2024-07-07T23:40:25.332+0500] {logging_mixin.py:188} INFO - [2024-07-07T23:40:25.332+0500] {dag.py:3954} INFO - Setting next_dagrun for example_time_delta_sensor_async to None, run_after=None
[2024-07-07T23:40:25.350+0500] {processor.py:183} INFO - Processing /home/nicolaspc/anaconda3/envs/mlops_env/lib/python3.12/site-packages/airflow/example_dags/example_time_delta_sensor_async.py took 0.062 seconds
[2024-07-07T23:40:29.768+0500] {processor.py:161} INFO - Started process (PID=17447) to work on /home/nicolaspc/anaconda3/envs/mlops_env/lib/python3.12/site-packages/airflow/example_dags/example_time_delta_sensor_async.py
[2024-07-07T23:40:29.768+0500] {processor.py:830} INFO - Processing file /home/nicolaspc/anaconda3/envs/mlops_env/lib/python3.12/site-packages/airflow/example_dags/example_time_delta_sensor_async.py for tasks to queue
[2024-07-07T23:40:29.769+0500] {logging_mixin.py:188} INFO - [2024-07-07T23:40:29.769+0500] {dagbag.py:545} INFO - Filling up the DagBag from /home/nicolaspc/anaconda3/envs/mlops_env/lib/python3.12/site-packages/airflow/example_dags/example_time_delta_sensor_async.py
[2024-07-07T23:40:29.772+0500] {processor.py:840} INFO - DAG(s) 'example_time_delta_sensor_async' retrieved from /home/nicolaspc/anaconda3/envs/mlops_env/lib/python3.12/site-packages/airflow/example_dags/example_time_delta_sensor_async.py
[2024-07-07T23:40:29.783+0500] {logging_mixin.py:188} INFO - [2024-07-07T23:40:29.783+0500] {dag.py:3096} INFO - Sync 1 DAGs
[2024-07-07T23:40:29.791+0500] {logging_mixin.py:188} INFO - [2024-07-07T23:40:29.791+0500] {dag.py:3954} INFO - Setting next_dagrun for example_time_delta_sensor_async to None, run_after=None
[2024-07-07T23:40:29.811+0500] {processor.py:183} INFO - Processing /home/nicolaspc/anaconda3/envs/mlops_env/lib/python3.12/site-packages/airflow/example_dags/example_time_delta_sensor_async.py took 0.047 seconds
[2024-07-07T23:40:56.066+0500] {processor.py:161} INFO - Started process (PID=17614) to work on /home/nicolaspc/anaconda3/envs/mlops_env/lib/python3.12/site-packages/airflow/example_dags/example_time_delta_sensor_async.py
[2024-07-07T23:40:56.067+0500] {processor.py:830} INFO - Processing file /home/nicolaspc/anaconda3/envs/mlops_env/lib/python3.12/site-packages/airflow/example_dags/example_time_delta_sensor_async.py for tasks to queue
[2024-07-07T23:40:56.067+0500] {logging_mixin.py:188} INFO - [2024-07-07T23:40:56.067+0500] {dagbag.py:545} INFO - Filling up the DagBag from /home/nicolaspc/anaconda3/envs/mlops_env/lib/python3.12/site-packages/airflow/example_dags/example_time_delta_sensor_async.py
[2024-07-07T23:40:56.070+0500] {processor.py:840} INFO - DAG(s) 'example_time_delta_sensor_async' retrieved from /home/nicolaspc/anaconda3/envs/mlops_env/lib/python3.12/site-packages/airflow/example_dags/example_time_delta_sensor_async.py
[2024-07-07T23:40:56.091+0500] {logging_mixin.py:188} INFO - [2024-07-07T23:40:56.091+0500] {dag.py:3096} INFO - Sync 1 DAGs
[2024-07-07T23:40:56.101+0500] {logging_mixin.py:188} INFO - [2024-07-07T23:40:56.101+0500] {dag.py:3954} INFO - Setting next_dagrun for example_time_delta_sensor_async to None, run_after=None
[2024-07-07T23:40:56.119+0500] {processor.py:183} INFO - Processing /home/nicolaspc/anaconda3/envs/mlops_env/lib/python3.12/site-packages/airflow/example_dags/example_time_delta_sensor_async.py took 0.060 seconds
[2024-07-07T23:41:09.174+0500] {processor.py:161} INFO - Started process (PID=17829) to work on /home/nicolaspc/anaconda3/envs/mlops_env/lib/python3.12/site-packages/airflow/example_dags/example_time_delta_sensor_async.py
[2024-07-07T23:41:09.183+0500] {processor.py:830} INFO - Processing file /home/nicolaspc/anaconda3/envs/mlops_env/lib/python3.12/site-packages/airflow/example_dags/example_time_delta_sensor_async.py for tasks to queue
[2024-07-07T23:41:09.184+0500] {logging_mixin.py:188} INFO - [2024-07-07T23:41:09.184+0500] {dagbag.py:545} INFO - Filling up the DagBag from /home/nicolaspc/anaconda3/envs/mlops_env/lib/python3.12/site-packages/airflow/example_dags/example_time_delta_sensor_async.py
[2024-07-07T23:41:09.188+0500] {processor.py:840} INFO - DAG(s) 'example_time_delta_sensor_async' retrieved from /home/nicolaspc/anaconda3/envs/mlops_env/lib/python3.12/site-packages/airflow/example_dags/example_time_delta_sensor_async.py
[2024-07-07T23:41:09.199+0500] {logging_mixin.py:188} INFO - [2024-07-07T23:41:09.199+0500] {dag.py:3096} INFO - Sync 1 DAGs
[2024-07-07T23:41:09.207+0500] {logging_mixin.py:188} INFO - [2024-07-07T23:41:09.207+0500] {dag.py:3954} INFO - Setting next_dagrun for example_time_delta_sensor_async to None, run_after=None
[2024-07-07T23:41:09.229+0500] {processor.py:183} INFO - Processing /home/nicolaspc/anaconda3/envs/mlops_env/lib/python3.12/site-packages/airflow/example_dags/example_time_delta_sensor_async.py took 0.060 seconds
[2024-07-07T23:41:26.827+0500] {processor.py:161} INFO - Started process (PID=18027) to work on /home/nicolaspc/anaconda3/envs/mlops_env/lib/python3.12/site-packages/airflow/example_dags/example_time_delta_sensor_async.py
[2024-07-07T23:41:26.827+0500] {processor.py:830} INFO - Processing file /home/nicolaspc/anaconda3/envs/mlops_env/lib/python3.12/site-packages/airflow/example_dags/example_time_delta_sensor_async.py for tasks to queue
[2024-07-07T23:41:26.828+0500] {logging_mixin.py:188} INFO - [2024-07-07T23:41:26.828+0500] {dagbag.py:545} INFO - Filling up the DagBag from /home/nicolaspc/anaconda3/envs/mlops_env/lib/python3.12/site-packages/airflow/example_dags/example_time_delta_sensor_async.py
[2024-07-07T23:41:26.831+0500] {processor.py:840} INFO - DAG(s) 'example_time_delta_sensor_async' retrieved from /home/nicolaspc/anaconda3/envs/mlops_env/lib/python3.12/site-packages/airflow/example_dags/example_time_delta_sensor_async.py
[2024-07-07T23:41:26.852+0500] {logging_mixin.py:188} INFO - [2024-07-07T23:41:26.852+0500] {dag.py:3096} INFO - Sync 1 DAGs
[2024-07-07T23:41:26.862+0500] {logging_mixin.py:188} INFO - [2024-07-07T23:41:26.862+0500] {dag.py:3954} INFO - Setting next_dagrun for example_time_delta_sensor_async to None, run_after=None
[2024-07-07T23:41:26.879+0500] {processor.py:183} INFO - Processing /home/nicolaspc/anaconda3/envs/mlops_env/lib/python3.12/site-packages/airflow/example_dags/example_time_delta_sensor_async.py took 0.059 seconds
[2024-07-07T23:41:50.218+0500] {processor.py:161} INFO - Started process (PID=18260) to work on /home/nicolaspc/anaconda3/envs/mlops_env/lib/python3.12/site-packages/airflow/example_dags/example_time_delta_sensor_async.py
[2024-07-07T23:41:50.227+0500] {processor.py:830} INFO - Processing file /home/nicolaspc/anaconda3/envs/mlops_env/lib/python3.12/site-packages/airflow/example_dags/example_time_delta_sensor_async.py for tasks to queue
[2024-07-07T23:41:50.228+0500] {logging_mixin.py:188} INFO - [2024-07-07T23:41:50.228+0500] {dagbag.py:545} INFO - Filling up the DagBag from /home/nicolaspc/anaconda3/envs/mlops_env/lib/python3.12/site-packages/airflow/example_dags/example_time_delta_sensor_async.py
[2024-07-07T23:41:50.231+0500] {processor.py:840} INFO - DAG(s) 'example_time_delta_sensor_async' retrieved from /home/nicolaspc/anaconda3/envs/mlops_env/lib/python3.12/site-packages/airflow/example_dags/example_time_delta_sensor_async.py
[2024-07-07T23:41:50.243+0500] {logging_mixin.py:188} INFO - [2024-07-07T23:41:50.242+0500] {dag.py:3096} INFO - Sync 1 DAGs
[2024-07-07T23:41:50.251+0500] {logging_mixin.py:188} INFO - [2024-07-07T23:41:50.251+0500] {dag.py:3954} INFO - Setting next_dagrun for example_time_delta_sensor_async to None, run_after=None
[2024-07-07T23:41:50.271+0500] {processor.py:183} INFO - Processing /home/nicolaspc/anaconda3/envs/mlops_env/lib/python3.12/site-packages/airflow/example_dags/example_time_delta_sensor_async.py took 0.057 seconds
[2024-07-07T23:41:57.792+0500] {processor.py:161} INFO - Started process (PID=18406) to work on /home/nicolaspc/anaconda3/envs/mlops_env/lib/python3.12/site-packages/airflow/example_dags/example_time_delta_sensor_async.py
[2024-07-07T23:41:57.793+0500] {processor.py:830} INFO - Processing file /home/nicolaspc/anaconda3/envs/mlops_env/lib/python3.12/site-packages/airflow/example_dags/example_time_delta_sensor_async.py for tasks to queue
[2024-07-07T23:41:57.793+0500] {logging_mixin.py:188} INFO - [2024-07-07T23:41:57.793+0500] {dagbag.py:545} INFO - Filling up the DagBag from /home/nicolaspc/anaconda3/envs/mlops_env/lib/python3.12/site-packages/airflow/example_dags/example_time_delta_sensor_async.py
[2024-07-07T23:41:57.796+0500] {processor.py:840} INFO - DAG(s) 'example_time_delta_sensor_async' retrieved from /home/nicolaspc/anaconda3/envs/mlops_env/lib/python3.12/site-packages/airflow/example_dags/example_time_delta_sensor_async.py
[2024-07-07T23:41:57.818+0500] {logging_mixin.py:188} INFO - [2024-07-07T23:41:57.818+0500] {dag.py:3096} INFO - Sync 1 DAGs
[2024-07-07T23:41:57.828+0500] {logging_mixin.py:188} INFO - [2024-07-07T23:41:57.828+0500] {dag.py:3954} INFO - Setting next_dagrun for example_time_delta_sensor_async to None, run_after=None
[2024-07-07T23:41:57.843+0500] {processor.py:183} INFO - Processing /home/nicolaspc/anaconda3/envs/mlops_env/lib/python3.12/site-packages/airflow/example_dags/example_time_delta_sensor_async.py took 0.058 seconds
[2024-07-07T23:42:28.732+0500] {processor.py:161} INFO - Started process (PID=18817) to work on /home/nicolaspc/anaconda3/envs/mlops_env/lib/python3.12/site-packages/airflow/example_dags/example_time_delta_sensor_async.py
[2024-07-07T23:42:28.733+0500] {processor.py:830} INFO - Processing file /home/nicolaspc/anaconda3/envs/mlops_env/lib/python3.12/site-packages/airflow/example_dags/example_time_delta_sensor_async.py for tasks to queue
[2024-07-07T23:42:28.733+0500] {logging_mixin.py:188} INFO - [2024-07-07T23:42:28.733+0500] {dagbag.py:545} INFO - Filling up the DagBag from /home/nicolaspc/anaconda3/envs/mlops_env/lib/python3.12/site-packages/airflow/example_dags/example_time_delta_sensor_async.py
[2024-07-07T23:42:28.736+0500] {processor.py:840} INFO - DAG(s) 'example_time_delta_sensor_async' retrieved from /home/nicolaspc/anaconda3/envs/mlops_env/lib/python3.12/site-packages/airflow/example_dags/example_time_delta_sensor_async.py
[2024-07-07T23:42:28.756+0500] {logging_mixin.py:188} INFO - [2024-07-07T23:42:28.756+0500] {dag.py:3096} INFO - Sync 1 DAGs
[2024-07-07T23:42:28.766+0500] {logging_mixin.py:188} INFO - [2024-07-07T23:42:28.766+0500] {dag.py:3954} INFO - Setting next_dagrun for example_time_delta_sensor_async to None, run_after=None
[2024-07-07T23:42:28.782+0500] {processor.py:183} INFO - Processing /home/nicolaspc/anaconda3/envs/mlops_env/lib/python3.12/site-packages/airflow/example_dags/example_time_delta_sensor_async.py took 0.055 seconds
[2024-07-07T23:42:59.616+0500] {processor.py:161} INFO - Started process (PID=19180) to work on /home/nicolaspc/anaconda3/envs/mlops_env/lib/python3.12/site-packages/airflow/example_dags/example_time_delta_sensor_async.py
[2024-07-07T23:42:59.617+0500] {processor.py:830} INFO - Processing file /home/nicolaspc/anaconda3/envs/mlops_env/lib/python3.12/site-packages/airflow/example_dags/example_time_delta_sensor_async.py for tasks to queue
[2024-07-07T23:42:59.618+0500] {logging_mixin.py:188} INFO - [2024-07-07T23:42:59.617+0500] {dagbag.py:545} INFO - Filling up the DagBag from /home/nicolaspc/anaconda3/envs/mlops_env/lib/python3.12/site-packages/airflow/example_dags/example_time_delta_sensor_async.py
[2024-07-07T23:42:59.621+0500] {processor.py:840} INFO - DAG(s) 'example_time_delta_sensor_async' retrieved from /home/nicolaspc/anaconda3/envs/mlops_env/lib/python3.12/site-packages/airflow/example_dags/example_time_delta_sensor_async.py
[2024-07-07T23:42:59.644+0500] {logging_mixin.py:188} INFO - [2024-07-07T23:42:59.643+0500] {dag.py:3096} INFO - Sync 1 DAGs
[2024-07-07T23:42:59.652+0500] {logging_mixin.py:188} INFO - [2024-07-07T23:42:59.652+0500] {dag.py:3954} INFO - Setting next_dagrun for example_time_delta_sensor_async to None, run_after=None
[2024-07-07T23:42:59.669+0500] {processor.py:183} INFO - Processing /home/nicolaspc/anaconda3/envs/mlops_env/lib/python3.12/site-packages/airflow/example_dags/example_time_delta_sensor_async.py took 0.058 seconds
[2024-07-07T23:43:30.319+0500] {processor.py:161} INFO - Started process (PID=19506) to work on /home/nicolaspc/anaconda3/envs/mlops_env/lib/python3.12/site-packages/airflow/example_dags/example_time_delta_sensor_async.py
[2024-07-07T23:43:30.319+0500] {processor.py:830} INFO - Processing file /home/nicolaspc/anaconda3/envs/mlops_env/lib/python3.12/site-packages/airflow/example_dags/example_time_delta_sensor_async.py for tasks to queue
[2024-07-07T23:43:30.320+0500] {logging_mixin.py:188} INFO - [2024-07-07T23:43:30.319+0500] {dagbag.py:545} INFO - Filling up the DagBag from /home/nicolaspc/anaconda3/envs/mlops_env/lib/python3.12/site-packages/airflow/example_dags/example_time_delta_sensor_async.py
[2024-07-07T23:43:30.323+0500] {processor.py:840} INFO - DAG(s) 'example_time_delta_sensor_async' retrieved from /home/nicolaspc/anaconda3/envs/mlops_env/lib/python3.12/site-packages/airflow/example_dags/example_time_delta_sensor_async.py
[2024-07-07T23:43:30.342+0500] {logging_mixin.py:188} INFO - [2024-07-07T23:43:30.342+0500] {dag.py:3096} INFO - Sync 1 DAGs
[2024-07-07T23:43:30.351+0500] {logging_mixin.py:188} INFO - [2024-07-07T23:43:30.350+0500] {dag.py:3954} INFO - Setting next_dagrun for example_time_delta_sensor_async to None, run_after=None
[2024-07-07T23:43:30.366+0500] {processor.py:183} INFO - Processing /home/nicolaspc/anaconda3/envs/mlops_env/lib/python3.12/site-packages/airflow/example_dags/example_time_delta_sensor_async.py took 0.053 seconds
[2024-07-07T23:44:00.986+0500] {processor.py:161} INFO - Started process (PID=19875) to work on /home/nicolaspc/anaconda3/envs/mlops_env/lib/python3.12/site-packages/airflow/example_dags/example_time_delta_sensor_async.py
[2024-07-07T23:44:00.987+0500] {processor.py:830} INFO - Processing file /home/nicolaspc/anaconda3/envs/mlops_env/lib/python3.12/site-packages/airflow/example_dags/example_time_delta_sensor_async.py for tasks to queue
[2024-07-07T23:44:00.987+0500] {logging_mixin.py:188} INFO - [2024-07-07T23:44:00.987+0500] {dagbag.py:545} INFO - Filling up the DagBag from /home/nicolaspc/anaconda3/envs/mlops_env/lib/python3.12/site-packages/airflow/example_dags/example_time_delta_sensor_async.py
[2024-07-07T23:44:00.990+0500] {processor.py:840} INFO - DAG(s) 'example_time_delta_sensor_async' retrieved from /home/nicolaspc/anaconda3/envs/mlops_env/lib/python3.12/site-packages/airflow/example_dags/example_time_delta_sensor_async.py
[2024-07-07T23:44:01.012+0500] {logging_mixin.py:188} INFO - [2024-07-07T23:44:01.012+0500] {dag.py:3096} INFO - Sync 1 DAGs
[2024-07-07T23:44:01.022+0500] {logging_mixin.py:188} INFO - [2024-07-07T23:44:01.022+0500] {dag.py:3954} INFO - Setting next_dagrun for example_time_delta_sensor_async to None, run_after=None
[2024-07-07T23:44:01.037+0500] {processor.py:183} INFO - Processing /home/nicolaspc/anaconda3/envs/mlops_env/lib/python3.12/site-packages/airflow/example_dags/example_time_delta_sensor_async.py took 0.057 seconds
[2024-07-07T23:44:31.486+0500] {processor.py:161} INFO - Started process (PID=20239) to work on /home/nicolaspc/anaconda3/envs/mlops_env/lib/python3.12/site-packages/airflow/example_dags/example_time_delta_sensor_async.py
[2024-07-07T23:44:31.486+0500] {processor.py:830} INFO - Processing file /home/nicolaspc/anaconda3/envs/mlops_env/lib/python3.12/site-packages/airflow/example_dags/example_time_delta_sensor_async.py for tasks to queue
[2024-07-07T23:44:31.487+0500] {logging_mixin.py:188} INFO - [2024-07-07T23:44:31.487+0500] {dagbag.py:545} INFO - Filling up the DagBag from /home/nicolaspc/anaconda3/envs/mlops_env/lib/python3.12/site-packages/airflow/example_dags/example_time_delta_sensor_async.py
[2024-07-07T23:44:31.490+0500] {processor.py:840} INFO - DAG(s) 'example_time_delta_sensor_async' retrieved from /home/nicolaspc/anaconda3/envs/mlops_env/lib/python3.12/site-packages/airflow/example_dags/example_time_delta_sensor_async.py
[2024-07-07T23:44:31.512+0500] {logging_mixin.py:188} INFO - [2024-07-07T23:44:31.511+0500] {dag.py:3096} INFO - Sync 1 DAGs
[2024-07-07T23:44:31.520+0500] {logging_mixin.py:188} INFO - [2024-07-07T23:44:31.520+0500] {dag.py:3954} INFO - Setting next_dagrun for example_time_delta_sensor_async to None, run_after=None
[2024-07-07T23:44:31.536+0500] {processor.py:183} INFO - Processing /home/nicolaspc/anaconda3/envs/mlops_env/lib/python3.12/site-packages/airflow/example_dags/example_time_delta_sensor_async.py took 0.056 seconds
[2024-07-07T23:45:02.088+0500] {processor.py:161} INFO - Started process (PID=20605) to work on /home/nicolaspc/anaconda3/envs/mlops_env/lib/python3.12/site-packages/airflow/example_dags/example_time_delta_sensor_async.py
[2024-07-07T23:45:02.089+0500] {processor.py:830} INFO - Processing file /home/nicolaspc/anaconda3/envs/mlops_env/lib/python3.12/site-packages/airflow/example_dags/example_time_delta_sensor_async.py for tasks to queue
[2024-07-07T23:45:02.089+0500] {logging_mixin.py:188} INFO - [2024-07-07T23:45:02.089+0500] {dagbag.py:545} INFO - Filling up the DagBag from /home/nicolaspc/anaconda3/envs/mlops_env/lib/python3.12/site-packages/airflow/example_dags/example_time_delta_sensor_async.py
[2024-07-07T23:45:02.092+0500] {processor.py:840} INFO - DAG(s) 'example_time_delta_sensor_async' retrieved from /home/nicolaspc/anaconda3/envs/mlops_env/lib/python3.12/site-packages/airflow/example_dags/example_time_delta_sensor_async.py
[2024-07-07T23:45:02.113+0500] {logging_mixin.py:188} INFO - [2024-07-07T23:45:02.113+0500] {dag.py:3096} INFO - Sync 1 DAGs
[2024-07-07T23:45:02.122+0500] {logging_mixin.py:188} INFO - [2024-07-07T23:45:02.122+0500] {dag.py:3954} INFO - Setting next_dagrun for example_time_delta_sensor_async to None, run_after=None
[2024-07-07T23:45:02.137+0500] {processor.py:183} INFO - Processing /home/nicolaspc/anaconda3/envs/mlops_env/lib/python3.12/site-packages/airflow/example_dags/example_time_delta_sensor_async.py took 0.054 seconds
[2024-07-07T23:45:32.852+0500] {processor.py:161} INFO - Started process (PID=20930) to work on /home/nicolaspc/anaconda3/envs/mlops_env/lib/python3.12/site-packages/airflow/example_dags/example_time_delta_sensor_async.py
[2024-07-07T23:45:32.853+0500] {processor.py:830} INFO - Processing file /home/nicolaspc/anaconda3/envs/mlops_env/lib/python3.12/site-packages/airflow/example_dags/example_time_delta_sensor_async.py for tasks to queue
[2024-07-07T23:45:32.853+0500] {logging_mixin.py:188} INFO - [2024-07-07T23:45:32.853+0500] {dagbag.py:545} INFO - Filling up the DagBag from /home/nicolaspc/anaconda3/envs/mlops_env/lib/python3.12/site-packages/airflow/example_dags/example_time_delta_sensor_async.py
[2024-07-07T23:45:32.856+0500] {processor.py:840} INFO - DAG(s) 'example_time_delta_sensor_async' retrieved from /home/nicolaspc/anaconda3/envs/mlops_env/lib/python3.12/site-packages/airflow/example_dags/example_time_delta_sensor_async.py
[2024-07-07T23:45:32.877+0500] {logging_mixin.py:188} INFO - [2024-07-07T23:45:32.877+0500] {dag.py:3096} INFO - Sync 1 DAGs
[2024-07-07T23:45:32.886+0500] {logging_mixin.py:188} INFO - [2024-07-07T23:45:32.885+0500] {dag.py:3954} INFO - Setting next_dagrun for example_time_delta_sensor_async to None, run_after=None
[2024-07-07T23:45:32.901+0500] {processor.py:183} INFO - Processing /home/nicolaspc/anaconda3/envs/mlops_env/lib/python3.12/site-packages/airflow/example_dags/example_time_delta_sensor_async.py took 0.055 seconds
[2024-07-07T23:46:03.538+0500] {processor.py:161} INFO - Started process (PID=21268) to work on /home/nicolaspc/anaconda3/envs/mlops_env/lib/python3.12/site-packages/airflow/example_dags/example_time_delta_sensor_async.py
[2024-07-07T23:46:03.539+0500] {processor.py:830} INFO - Processing file /home/nicolaspc/anaconda3/envs/mlops_env/lib/python3.12/site-packages/airflow/example_dags/example_time_delta_sensor_async.py for tasks to queue
[2024-07-07T23:46:03.539+0500] {logging_mixin.py:188} INFO - [2024-07-07T23:46:03.539+0500] {dagbag.py:545} INFO - Filling up the DagBag from /home/nicolaspc/anaconda3/envs/mlops_env/lib/python3.12/site-packages/airflow/example_dags/example_time_delta_sensor_async.py
[2024-07-07T23:46:03.543+0500] {processor.py:840} INFO - DAG(s) 'example_time_delta_sensor_async' retrieved from /home/nicolaspc/anaconda3/envs/mlops_env/lib/python3.12/site-packages/airflow/example_dags/example_time_delta_sensor_async.py
[2024-07-07T23:46:03.567+0500] {logging_mixin.py:188} INFO - [2024-07-07T23:46:03.567+0500] {dag.py:3096} INFO - Sync 1 DAGs
[2024-07-07T23:46:03.576+0500] {logging_mixin.py:188} INFO - [2024-07-07T23:46:03.575+0500] {dag.py:3954} INFO - Setting next_dagrun for example_time_delta_sensor_async to None, run_after=None
[2024-07-07T23:46:03.592+0500] {processor.py:183} INFO - Processing /home/nicolaspc/anaconda3/envs/mlops_env/lib/python3.12/site-packages/airflow/example_dags/example_time_delta_sensor_async.py took 0.059 seconds
[2024-07-07T23:46:34.028+0500] {processor.py:161} INFO - Started process (PID=21634) to work on /home/nicolaspc/anaconda3/envs/mlops_env/lib/python3.12/site-packages/airflow/example_dags/example_time_delta_sensor_async.py
[2024-07-07T23:46:34.029+0500] {processor.py:830} INFO - Processing file /home/nicolaspc/anaconda3/envs/mlops_env/lib/python3.12/site-packages/airflow/example_dags/example_time_delta_sensor_async.py for tasks to queue
[2024-07-07T23:46:34.029+0500] {logging_mixin.py:188} INFO - [2024-07-07T23:46:34.029+0500] {dagbag.py:545} INFO - Filling up the DagBag from /home/nicolaspc/anaconda3/envs/mlops_env/lib/python3.12/site-packages/airflow/example_dags/example_time_delta_sensor_async.py
[2024-07-07T23:46:34.032+0500] {processor.py:840} INFO - DAG(s) 'example_time_delta_sensor_async' retrieved from /home/nicolaspc/anaconda3/envs/mlops_env/lib/python3.12/site-packages/airflow/example_dags/example_time_delta_sensor_async.py
[2024-07-07T23:46:34.053+0500] {logging_mixin.py:188} INFO - [2024-07-07T23:46:34.053+0500] {dag.py:3096} INFO - Sync 1 DAGs
[2024-07-07T23:46:34.062+0500] {logging_mixin.py:188} INFO - [2024-07-07T23:46:34.062+0500] {dag.py:3954} INFO - Setting next_dagrun for example_time_delta_sensor_async to None, run_after=None
[2024-07-07T23:46:34.079+0500] {processor.py:183} INFO - Processing /home/nicolaspc/anaconda3/envs/mlops_env/lib/python3.12/site-packages/airflow/example_dags/example_time_delta_sensor_async.py took 0.057 seconds
[2024-07-07T23:47:04.822+0500] {processor.py:161} INFO - Started process (PID=21964) to work on /home/nicolaspc/anaconda3/envs/mlops_env/lib/python3.12/site-packages/airflow/example_dags/example_time_delta_sensor_async.py
[2024-07-07T23:47:04.823+0500] {processor.py:830} INFO - Processing file /home/nicolaspc/anaconda3/envs/mlops_env/lib/python3.12/site-packages/airflow/example_dags/example_time_delta_sensor_async.py for tasks to queue
[2024-07-07T23:47:04.823+0500] {logging_mixin.py:188} INFO - [2024-07-07T23:47:04.823+0500] {dagbag.py:545} INFO - Filling up the DagBag from /home/nicolaspc/anaconda3/envs/mlops_env/lib/python3.12/site-packages/airflow/example_dags/example_time_delta_sensor_async.py
[2024-07-07T23:47:04.826+0500] {processor.py:840} INFO - DAG(s) 'example_time_delta_sensor_async' retrieved from /home/nicolaspc/anaconda3/envs/mlops_env/lib/python3.12/site-packages/airflow/example_dags/example_time_delta_sensor_async.py
[2024-07-07T23:47:04.846+0500] {logging_mixin.py:188} INFO - [2024-07-07T23:47:04.846+0500] {dag.py:3096} INFO - Sync 1 DAGs
[2024-07-07T23:47:04.855+0500] {logging_mixin.py:188} INFO - [2024-07-07T23:47:04.854+0500] {dag.py:3954} INFO - Setting next_dagrun for example_time_delta_sensor_async to None, run_after=None
[2024-07-07T23:47:04.870+0500] {processor.py:183} INFO - Processing /home/nicolaspc/anaconda3/envs/mlops_env/lib/python3.12/site-packages/airflow/example_dags/example_time_delta_sensor_async.py took 0.054 seconds
[2024-07-07T23:47:35.338+0500] {processor.py:161} INFO - Started process (PID=22292) to work on /home/nicolaspc/anaconda3/envs/mlops_env/lib/python3.12/site-packages/airflow/example_dags/example_time_delta_sensor_async.py
[2024-07-07T23:47:35.339+0500] {processor.py:830} INFO - Processing file /home/nicolaspc/anaconda3/envs/mlops_env/lib/python3.12/site-packages/airflow/example_dags/example_time_delta_sensor_async.py for tasks to queue
[2024-07-07T23:47:35.339+0500] {logging_mixin.py:188} INFO - [2024-07-07T23:47:35.339+0500] {dagbag.py:545} INFO - Filling up the DagBag from /home/nicolaspc/anaconda3/envs/mlops_env/lib/python3.12/site-packages/airflow/example_dags/example_time_delta_sensor_async.py
[2024-07-07T23:47:35.342+0500] {processor.py:840} INFO - DAG(s) 'example_time_delta_sensor_async' retrieved from /home/nicolaspc/anaconda3/envs/mlops_env/lib/python3.12/site-packages/airflow/example_dags/example_time_delta_sensor_async.py
[2024-07-07T23:47:35.361+0500] {logging_mixin.py:188} INFO - [2024-07-07T23:47:35.361+0500] {dag.py:3096} INFO - Sync 1 DAGs
[2024-07-07T23:47:35.371+0500] {logging_mixin.py:188} INFO - [2024-07-07T23:47:35.371+0500] {dag.py:3954} INFO - Setting next_dagrun for example_time_delta_sensor_async to None, run_after=None
[2024-07-07T23:47:35.389+0500] {processor.py:183} INFO - Processing /home/nicolaspc/anaconda3/envs/mlops_env/lib/python3.12/site-packages/airflow/example_dags/example_time_delta_sensor_async.py took 0.057 seconds
[2024-07-07T23:48:05.939+0500] {processor.py:161} INFO - Started process (PID=22617) to work on /home/nicolaspc/anaconda3/envs/mlops_env/lib/python3.12/site-packages/airflow/example_dags/example_time_delta_sensor_async.py
[2024-07-07T23:48:05.940+0500] {processor.py:830} INFO - Processing file /home/nicolaspc/anaconda3/envs/mlops_env/lib/python3.12/site-packages/airflow/example_dags/example_time_delta_sensor_async.py for tasks to queue
[2024-07-07T23:48:05.941+0500] {logging_mixin.py:188} INFO - [2024-07-07T23:48:05.941+0500] {dagbag.py:545} INFO - Filling up the DagBag from /home/nicolaspc/anaconda3/envs/mlops_env/lib/python3.12/site-packages/airflow/example_dags/example_time_delta_sensor_async.py
[2024-07-07T23:48:05.944+0500] {processor.py:840} INFO - DAG(s) 'example_time_delta_sensor_async' retrieved from /home/nicolaspc/anaconda3/envs/mlops_env/lib/python3.12/site-packages/airflow/example_dags/example_time_delta_sensor_async.py
[2024-07-07T23:48:05.965+0500] {logging_mixin.py:188} INFO - [2024-07-07T23:48:05.965+0500] {dag.py:3096} INFO - Sync 1 DAGs
[2024-07-07T23:48:05.976+0500] {logging_mixin.py:188} INFO - [2024-07-07T23:48:05.975+0500] {dag.py:3954} INFO - Setting next_dagrun for example_time_delta_sensor_async to None, run_after=None
[2024-07-07T23:48:05.990+0500] {processor.py:183} INFO - Processing /home/nicolaspc/anaconda3/envs/mlops_env/lib/python3.12/site-packages/airflow/example_dags/example_time_delta_sensor_async.py took 0.057 seconds
[2024-07-07T23:48:36.556+0500] {processor.py:161} INFO - Started process (PID=22973) to work on /home/nicolaspc/anaconda3/envs/mlops_env/lib/python3.12/site-packages/airflow/example_dags/example_time_delta_sensor_async.py
[2024-07-07T23:48:36.557+0500] {processor.py:830} INFO - Processing file /home/nicolaspc/anaconda3/envs/mlops_env/lib/python3.12/site-packages/airflow/example_dags/example_time_delta_sensor_async.py for tasks to queue
[2024-07-07T23:48:36.558+0500] {logging_mixin.py:188} INFO - [2024-07-07T23:48:36.557+0500] {dagbag.py:545} INFO - Filling up the DagBag from /home/nicolaspc/anaconda3/envs/mlops_env/lib/python3.12/site-packages/airflow/example_dags/example_time_delta_sensor_async.py
[2024-07-07T23:48:36.561+0500] {processor.py:840} INFO - DAG(s) 'example_time_delta_sensor_async' retrieved from /home/nicolaspc/anaconda3/envs/mlops_env/lib/python3.12/site-packages/airflow/example_dags/example_time_delta_sensor_async.py
[2024-07-07T23:48:36.579+0500] {logging_mixin.py:188} INFO - [2024-07-07T23:48:36.579+0500] {dag.py:3096} INFO - Sync 1 DAGs
[2024-07-07T23:48:36.589+0500] {logging_mixin.py:188} INFO - [2024-07-07T23:48:36.588+0500] {dag.py:3954} INFO - Setting next_dagrun for example_time_delta_sensor_async to None, run_after=None
[2024-07-07T23:48:36.604+0500] {processor.py:183} INFO - Processing /home/nicolaspc/anaconda3/envs/mlops_env/lib/python3.12/site-packages/airflow/example_dags/example_time_delta_sensor_async.py took 0.054 seconds
[2024-07-07T23:49:08.038+0500] {processor.py:161} INFO - Started process (PID=23497) to work on /home/nicolaspc/anaconda3/envs/mlops_env/lib/python3.12/site-packages/airflow/example_dags/example_time_delta_sensor_async.py
[2024-07-07T23:49:08.039+0500] {processor.py:830} INFO - Processing file /home/nicolaspc/anaconda3/envs/mlops_env/lib/python3.12/site-packages/airflow/example_dags/example_time_delta_sensor_async.py for tasks to queue
[2024-07-07T23:49:08.039+0500] {logging_mixin.py:188} INFO - [2024-07-07T23:49:08.039+0500] {dagbag.py:545} INFO - Filling up the DagBag from /home/nicolaspc/anaconda3/envs/mlops_env/lib/python3.12/site-packages/airflow/example_dags/example_time_delta_sensor_async.py
[2024-07-07T23:49:08.042+0500] {processor.py:840} INFO - DAG(s) 'example_time_delta_sensor_async' retrieved from /home/nicolaspc/anaconda3/envs/mlops_env/lib/python3.12/site-packages/airflow/example_dags/example_time_delta_sensor_async.py
[2024-07-07T23:49:08.121+0500] {logging_mixin.py:188} INFO - [2024-07-07T23:49:08.121+0500] {dag.py:3096} INFO - Sync 1 DAGs
[2024-07-07T23:49:08.129+0500] {logging_mixin.py:188} INFO - [2024-07-07T23:49:08.129+0500] {dag.py:3954} INFO - Setting next_dagrun for example_time_delta_sensor_async to None, run_after=None
[2024-07-07T23:49:08.147+0500] {processor.py:183} INFO - Processing /home/nicolaspc/anaconda3/envs/mlops_env/lib/python3.12/site-packages/airflow/example_dags/example_time_delta_sensor_async.py took 0.116 seconds
[2024-07-07T23:49:38.211+0500] {processor.py:161} INFO - Started process (PID=23855) to work on /home/nicolaspc/anaconda3/envs/mlops_env/lib/python3.12/site-packages/airflow/example_dags/example_time_delta_sensor_async.py
[2024-07-07T23:49:38.212+0500] {processor.py:830} INFO - Processing file /home/nicolaspc/anaconda3/envs/mlops_env/lib/python3.12/site-packages/airflow/example_dags/example_time_delta_sensor_async.py for tasks to queue
[2024-07-07T23:49:38.212+0500] {logging_mixin.py:188} INFO - [2024-07-07T23:49:38.212+0500] {dagbag.py:545} INFO - Filling up the DagBag from /home/nicolaspc/anaconda3/envs/mlops_env/lib/python3.12/site-packages/airflow/example_dags/example_time_delta_sensor_async.py
[2024-07-07T23:49:38.215+0500] {processor.py:840} INFO - DAG(s) 'example_time_delta_sensor_async' retrieved from /home/nicolaspc/anaconda3/envs/mlops_env/lib/python3.12/site-packages/airflow/example_dags/example_time_delta_sensor_async.py
[2024-07-07T23:49:38.235+0500] {logging_mixin.py:188} INFO - [2024-07-07T23:49:38.235+0500] {dag.py:3096} INFO - Sync 1 DAGs
[2024-07-07T23:49:38.245+0500] {logging_mixin.py:188} INFO - [2024-07-07T23:49:38.245+0500] {dag.py:3954} INFO - Setting next_dagrun for example_time_delta_sensor_async to None, run_after=None
[2024-07-07T23:49:38.261+0500] {processor.py:183} INFO - Processing /home/nicolaspc/anaconda3/envs/mlops_env/lib/python3.12/site-packages/airflow/example_dags/example_time_delta_sensor_async.py took 0.055 seconds
