[2024-07-07T23:35:20.197+0500] {processor.py:161} INFO - Started process (PID=13534) to work on /home/nicolaspc/anaconda3/envs/mlops_env/lib/python3.12/site-packages/airflow/example_dags/example_branch_datetime_operator.py
[2024-07-07T23:35:20.197+0500] {processor.py:830} INFO - Processing file /home/nicolaspc/anaconda3/envs/mlops_env/lib/python3.12/site-packages/airflow/example_dags/example_branch_datetime_operator.py for tasks to queue
[2024-07-07T23:35:20.198+0500] {logging_mixin.py:188} INFO - [2024-07-07T23:35:20.198+0500] {dagbag.py:545} INFO - Filling up the DagBag from /home/nicolaspc/anaconda3/envs/mlops_env/lib/python3.12/site-packages/airflow/example_dags/example_branch_datetime_operator.py
[2024-07-07T23:35:20.203+0500] {processor.py:840} INFO - DAG(s) 'example_branch_datetime_operator', 'example_branch_datetime_operator_3', 'example_branch_datetime_operator_2' retrieved from /home/nicolaspc/anaconda3/envs/mlops_env/lib/python3.12/site-packages/airflow/example_dags/example_branch_datetime_operator.py
[2024-07-07T23:35:20.230+0500] {logging_mixin.py:188} INFO - [2024-07-07T23:35:20.230+0500] {dag.py:3096} INFO - Sync 3 DAGs
[2024-07-07T23:35:20.248+0500] {logging_mixin.py:188} INFO - [2024-07-07T23:35:20.248+0500] {dag.py:3954} INFO - Setting next_dagrun for example_branch_datetime_operator to 2024-07-06 00:00:00+00:00, run_after=2024-07-07 00:00:00+00:00
[2024-07-07T23:35:20.252+0500] {logging_mixin.py:188} INFO - [2024-07-07T23:35:20.251+0500] {dag.py:3954} INFO - Setting next_dagrun for example_branch_datetime_operator_2 to 2024-07-06 00:00:00+00:00, run_after=2024-07-07 00:00:00+00:00
[2024-07-07T23:35:20.253+0500] {logging_mixin.py:188} INFO - [2024-07-07T23:35:20.253+0500] {dag.py:3954} INFO - Setting next_dagrun for example_branch_datetime_operator_3 to 2024-07-06 00:00:00+00:00, run_after=2024-07-07 00:00:00+00:00
[2024-07-07T23:35:20.266+0500] {processor.py:183} INFO - Processing /home/nicolaspc/anaconda3/envs/mlops_env/lib/python3.12/site-packages/airflow/example_dags/example_branch_datetime_operator.py took 0.075 seconds
[2024-07-07T23:35:50.932+0500] {processor.py:161} INFO - Started process (PID=13880) to work on /home/nicolaspc/anaconda3/envs/mlops_env/lib/python3.12/site-packages/airflow/example_dags/example_branch_datetime_operator.py
[2024-07-07T23:35:50.933+0500] {processor.py:830} INFO - Processing file /home/nicolaspc/anaconda3/envs/mlops_env/lib/python3.12/site-packages/airflow/example_dags/example_branch_datetime_operator.py for tasks to queue
[2024-07-07T23:35:50.933+0500] {logging_mixin.py:188} INFO - [2024-07-07T23:35:50.933+0500] {dagbag.py:545} INFO - Filling up the DagBag from /home/nicolaspc/anaconda3/envs/mlops_env/lib/python3.12/site-packages/airflow/example_dags/example_branch_datetime_operator.py
[2024-07-07T23:35:50.939+0500] {processor.py:840} INFO - DAG(s) 'example_branch_datetime_operator', 'example_branch_datetime_operator_2', 'example_branch_datetime_operator_3' retrieved from /home/nicolaspc/anaconda3/envs/mlops_env/lib/python3.12/site-packages/airflow/example_dags/example_branch_datetime_operator.py
[2024-07-07T23:35:50.964+0500] {logging_mixin.py:188} INFO - [2024-07-07T23:35:50.964+0500] {dag.py:3096} INFO - Sync 3 DAGs
[2024-07-07T23:35:50.981+0500] {logging_mixin.py:188} INFO - [2024-07-07T23:35:50.981+0500] {dag.py:3954} INFO - Setting next_dagrun for example_branch_datetime_operator to 2024-07-06 00:00:00+00:00, run_after=2024-07-07 00:00:00+00:00
[2024-07-07T23:35:50.984+0500] {logging_mixin.py:188} INFO - [2024-07-07T23:35:50.984+0500] {dag.py:3954} INFO - Setting next_dagrun for example_branch_datetime_operator_2 to 2024-07-06 00:00:00+00:00, run_after=2024-07-07 00:00:00+00:00
[2024-07-07T23:35:50.986+0500] {logging_mixin.py:188} INFO - [2024-07-07T23:35:50.986+0500] {dag.py:3954} INFO - Setting next_dagrun for example_branch_datetime_operator_3 to 2024-07-06 00:00:00+00:00, run_after=2024-07-07 00:00:00+00:00
[2024-07-07T23:35:51.000+0500] {processor.py:183} INFO - Processing /home/nicolaspc/anaconda3/envs/mlops_env/lib/python3.12/site-packages/airflow/example_dags/example_branch_datetime_operator.py took 0.074 seconds
[2024-07-07T23:36:21.647+0500] {processor.py:161} INFO - Started process (PID=14297) to work on /home/nicolaspc/anaconda3/envs/mlops_env/lib/python3.12/site-packages/airflow/example_dags/example_branch_datetime_operator.py
[2024-07-07T23:36:21.648+0500] {processor.py:830} INFO - Processing file /home/nicolaspc/anaconda3/envs/mlops_env/lib/python3.12/site-packages/airflow/example_dags/example_branch_datetime_operator.py for tasks to queue
[2024-07-07T23:36:21.648+0500] {logging_mixin.py:188} INFO - [2024-07-07T23:36:21.648+0500] {dagbag.py:545} INFO - Filling up the DagBag from /home/nicolaspc/anaconda3/envs/mlops_env/lib/python3.12/site-packages/airflow/example_dags/example_branch_datetime_operator.py
[2024-07-07T23:36:21.654+0500] {processor.py:840} INFO - DAG(s) 'example_branch_datetime_operator_3', 'example_branch_datetime_operator', 'example_branch_datetime_operator_2' retrieved from /home/nicolaspc/anaconda3/envs/mlops_env/lib/python3.12/site-packages/airflow/example_dags/example_branch_datetime_operator.py
[2024-07-07T23:36:21.678+0500] {logging_mixin.py:188} INFO - [2024-07-07T23:36:21.678+0500] {dag.py:3096} INFO - Sync 3 DAGs
[2024-07-07T23:36:21.695+0500] {logging_mixin.py:188} INFO - [2024-07-07T23:36:21.695+0500] {dag.py:3954} INFO - Setting next_dagrun for example_branch_datetime_operator to 2024-07-06 00:00:00+00:00, run_after=2024-07-07 00:00:00+00:00
[2024-07-07T23:36:21.698+0500] {logging_mixin.py:188} INFO - [2024-07-07T23:36:21.698+0500] {dag.py:3954} INFO - Setting next_dagrun for example_branch_datetime_operator_2 to 2024-07-06 00:00:00+00:00, run_after=2024-07-07 00:00:00+00:00
[2024-07-07T23:36:21.700+0500] {logging_mixin.py:188} INFO - [2024-07-07T23:36:21.700+0500] {dag.py:3954} INFO - Setting next_dagrun for example_branch_datetime_operator_3 to 2024-07-06 00:00:00+00:00, run_after=2024-07-07 00:00:00+00:00
[2024-07-07T23:36:21.714+0500] {processor.py:183} INFO - Processing /home/nicolaspc/anaconda3/envs/mlops_env/lib/python3.12/site-packages/airflow/example_dags/example_branch_datetime_operator.py took 0.072 seconds
[2024-07-07T23:36:50.770+0500] {processor.py:161} INFO - Started process (PID=14501) to work on /home/nicolaspc/anaconda3/envs/mlops_env/lib/python3.12/site-packages/airflow/example_dags/example_branch_datetime_operator.py
[2024-07-07T23:36:50.771+0500] {processor.py:830} INFO - Processing file /home/nicolaspc/anaconda3/envs/mlops_env/lib/python3.12/site-packages/airflow/example_dags/example_branch_datetime_operator.py for tasks to queue
[2024-07-07T23:36:50.772+0500] {logging_mixin.py:188} INFO - [2024-07-07T23:36:50.771+0500] {dagbag.py:545} INFO - Filling up the DagBag from /home/nicolaspc/anaconda3/envs/mlops_env/lib/python3.12/site-packages/airflow/example_dags/example_branch_datetime_operator.py
[2024-07-07T23:36:50.778+0500] {processor.py:840} INFO - DAG(s) 'example_branch_datetime_operator_2', 'example_branch_datetime_operator', 'example_branch_datetime_operator_3' retrieved from /home/nicolaspc/anaconda3/envs/mlops_env/lib/python3.12/site-packages/airflow/example_dags/example_branch_datetime_operator.py
[2024-07-07T23:36:50.861+0500] {logging_mixin.py:188} INFO - [2024-07-07T23:36:50.861+0500] {override.py:1829} INFO - Created Permission View: can delete on DAG:example_branch_datetime_operator_2
[2024-07-07T23:36:50.876+0500] {logging_mixin.py:188} INFO - [2024-07-07T23:36:50.875+0500] {override.py:1829} INFO - Created Permission View: can edit on DAG:example_branch_datetime_operator_2
[2024-07-07T23:36:50.893+0500] {logging_mixin.py:188} INFO - [2024-07-07T23:36:50.893+0500] {override.py:1829} INFO - Created Permission View: can read on DAG:example_branch_datetime_operator_2
[2024-07-07T23:36:50.929+0500] {logging_mixin.py:188} INFO - [2024-07-07T23:36:50.928+0500] {override.py:1829} INFO - Created Permission View: can delete on DAG:example_branch_datetime_operator
[2024-07-07T23:36:50.945+0500] {logging_mixin.py:188} INFO - [2024-07-07T23:36:50.944+0500] {override.py:1829} INFO - Created Permission View: can edit on DAG:example_branch_datetime_operator
[2024-07-07T23:36:50.960+0500] {logging_mixin.py:188} INFO - [2024-07-07T23:36:50.960+0500] {override.py:1829} INFO - Created Permission View: can read on DAG:example_branch_datetime_operator
[2024-07-07T23:36:50.992+0500] {logging_mixin.py:188} INFO - [2024-07-07T23:36:50.991+0500] {override.py:1829} INFO - Created Permission View: can delete on DAG:example_branch_datetime_operator_3
[2024-07-07T23:36:51.007+0500] {logging_mixin.py:188} INFO - [2024-07-07T23:36:51.007+0500] {override.py:1829} INFO - Created Permission View: can edit on DAG:example_branch_datetime_operator_3
[2024-07-07T23:36:51.018+0500] {logging_mixin.py:188} INFO - [2024-07-07T23:36:51.018+0500] {override.py:1829} INFO - Created Permission View: can read on DAG:example_branch_datetime_operator_3
[2024-07-07T23:36:51.019+0500] {logging_mixin.py:188} INFO - [2024-07-07T23:36:51.018+0500] {dag.py:3096} INFO - Sync 3 DAGs
[2024-07-07T23:36:51.025+0500] {logging_mixin.py:188} INFO - [2024-07-07T23:36:51.025+0500] {dag.py:3118} INFO - Creating ORM DAG for example_branch_datetime_operator
[2024-07-07T23:36:51.026+0500] {logging_mixin.py:188} INFO - [2024-07-07T23:36:51.026+0500] {dag.py:3118} INFO - Creating ORM DAG for example_branch_datetime_operator_2
[2024-07-07T23:36:51.026+0500] {logging_mixin.py:188} INFO - [2024-07-07T23:36:51.026+0500] {dag.py:3118} INFO - Creating ORM DAG for example_branch_datetime_operator_3
[2024-07-07T23:36:51.032+0500] {logging_mixin.py:188} INFO - [2024-07-07T23:36:51.032+0500] {dag.py:3954} INFO - Setting next_dagrun for example_branch_datetime_operator to 2024-07-06 00:00:00+00:00, run_after=2024-07-07 00:00:00+00:00
[2024-07-07T23:36:51.033+0500] {logging_mixin.py:188} INFO - [2024-07-07T23:36:51.033+0500] {dag.py:3954} INFO - Setting next_dagrun for example_branch_datetime_operator_2 to 2024-07-06 00:00:00+00:00, run_after=2024-07-07 00:00:00+00:00
[2024-07-07T23:36:51.034+0500] {logging_mixin.py:188} INFO - [2024-07-07T23:36:51.034+0500] {dag.py:3954} INFO - Setting next_dagrun for example_branch_datetime_operator_3 to 2024-07-06 00:00:00+00:00, run_after=2024-07-07 00:00:00+00:00
[2024-07-07T23:36:51.055+0500] {processor.py:183} INFO - Processing /home/nicolaspc/anaconda3/envs/mlops_env/lib/python3.12/site-packages/airflow/example_dags/example_branch_datetime_operator.py took 0.289 seconds
[2024-07-07T23:36:52.148+0500] {processor.py:161} INFO - Started process (PID=14689) to work on /home/nicolaspc/anaconda3/envs/mlops_env/lib/python3.12/site-packages/airflow/example_dags/example_branch_datetime_operator.py
[2024-07-07T23:36:52.149+0500] {processor.py:830} INFO - Processing file /home/nicolaspc/anaconda3/envs/mlops_env/lib/python3.12/site-packages/airflow/example_dags/example_branch_datetime_operator.py for tasks to queue
[2024-07-07T23:36:52.149+0500] {logging_mixin.py:188} INFO - [2024-07-07T23:36:52.149+0500] {dagbag.py:545} INFO - Filling up the DagBag from /home/nicolaspc/anaconda3/envs/mlops_env/lib/python3.12/site-packages/airflow/example_dags/example_branch_datetime_operator.py
[2024-07-07T23:36:52.156+0500] {processor.py:840} INFO - DAG(s) 'example_branch_datetime_operator_3', 'example_branch_datetime_operator', 'example_branch_datetime_operator_2' retrieved from /home/nicolaspc/anaconda3/envs/mlops_env/lib/python3.12/site-packages/airflow/example_dags/example_branch_datetime_operator.py
[2024-07-07T23:36:52.182+0500] {logging_mixin.py:188} INFO - [2024-07-07T23:36:52.182+0500] {dag.py:3096} INFO - Sync 3 DAGs
[2024-07-07T23:36:52.200+0500] {logging_mixin.py:188} INFO - [2024-07-07T23:36:52.200+0500] {dag.py:3954} INFO - Setting next_dagrun for example_branch_datetime_operator to 2024-07-06 00:00:00+00:00, run_after=2024-07-07 00:00:00+00:00
[2024-07-07T23:36:52.204+0500] {logging_mixin.py:188} INFO - [2024-07-07T23:36:52.203+0500] {dag.py:3954} INFO - Setting next_dagrun for example_branch_datetime_operator_2 to 2024-07-06 00:00:00+00:00, run_after=2024-07-07 00:00:00+00:00
[2024-07-07T23:36:52.205+0500] {logging_mixin.py:188} INFO - [2024-07-07T23:36:52.205+0500] {dag.py:3954} INFO - Setting next_dagrun for example_branch_datetime_operator_3 to 2024-07-06 00:00:00+00:00, run_after=2024-07-07 00:00:00+00:00
[2024-07-07T23:36:52.220+0500] {processor.py:183} INFO - Processing /home/nicolaspc/anaconda3/envs/mlops_env/lib/python3.12/site-packages/airflow/example_dags/example_branch_datetime_operator.py took 0.078 seconds
[2024-07-07T23:37:22.564+0500] {processor.py:161} INFO - Started process (PID=15047) to work on /home/nicolaspc/anaconda3/envs/mlops_env/lib/python3.12/site-packages/airflow/example_dags/example_branch_datetime_operator.py
[2024-07-07T23:37:22.565+0500] {processor.py:830} INFO - Processing file /home/nicolaspc/anaconda3/envs/mlops_env/lib/python3.12/site-packages/airflow/example_dags/example_branch_datetime_operator.py for tasks to queue
[2024-07-07T23:37:22.566+0500] {logging_mixin.py:188} INFO - [2024-07-07T23:37:22.565+0500] {dagbag.py:545} INFO - Filling up the DagBag from /home/nicolaspc/anaconda3/envs/mlops_env/lib/python3.12/site-packages/airflow/example_dags/example_branch_datetime_operator.py
[2024-07-07T23:37:22.572+0500] {processor.py:840} INFO - DAG(s) 'example_branch_datetime_operator_2', 'example_branch_datetime_operator_3', 'example_branch_datetime_operator' retrieved from /home/nicolaspc/anaconda3/envs/mlops_env/lib/python3.12/site-packages/airflow/example_dags/example_branch_datetime_operator.py
[2024-07-07T23:37:22.600+0500] {logging_mixin.py:188} INFO - [2024-07-07T23:37:22.600+0500] {dag.py:3096} INFO - Sync 3 DAGs
[2024-07-07T23:37:22.618+0500] {logging_mixin.py:188} INFO - [2024-07-07T23:37:22.618+0500] {dag.py:3954} INFO - Setting next_dagrun for example_branch_datetime_operator to 2024-07-06 00:00:00+00:00, run_after=2024-07-07 00:00:00+00:00
[2024-07-07T23:37:22.621+0500] {logging_mixin.py:188} INFO - [2024-07-07T23:37:22.621+0500] {dag.py:3954} INFO - Setting next_dagrun for example_branch_datetime_operator_2 to 2024-07-06 00:00:00+00:00, run_after=2024-07-07 00:00:00+00:00
[2024-07-07T23:37:22.623+0500] {logging_mixin.py:188} INFO - [2024-07-07T23:37:22.623+0500] {dag.py:3954} INFO - Setting next_dagrun for example_branch_datetime_operator_3 to 2024-07-06 00:00:00+00:00, run_after=2024-07-07 00:00:00+00:00
[2024-07-07T23:37:22.637+0500] {processor.py:183} INFO - Processing /home/nicolaspc/anaconda3/envs/mlops_env/lib/python3.12/site-packages/airflow/example_dags/example_branch_datetime_operator.py took 0.081 seconds
[2024-07-07T23:37:52.836+0500] {processor.py:161} INFO - Started process (PID=15400) to work on /home/nicolaspc/anaconda3/envs/mlops_env/lib/python3.12/site-packages/airflow/example_dags/example_branch_datetime_operator.py
[2024-07-07T23:37:52.837+0500] {processor.py:830} INFO - Processing file /home/nicolaspc/anaconda3/envs/mlops_env/lib/python3.12/site-packages/airflow/example_dags/example_branch_datetime_operator.py for tasks to queue
[2024-07-07T23:37:52.838+0500] {logging_mixin.py:188} INFO - [2024-07-07T23:37:52.838+0500] {dagbag.py:545} INFO - Filling up the DagBag from /home/nicolaspc/anaconda3/envs/mlops_env/lib/python3.12/site-packages/airflow/example_dags/example_branch_datetime_operator.py
[2024-07-07T23:37:52.845+0500] {processor.py:840} INFO - DAG(s) 'example_branch_datetime_operator_3', 'example_branch_datetime_operator', 'example_branch_datetime_operator_2' retrieved from /home/nicolaspc/anaconda3/envs/mlops_env/lib/python3.12/site-packages/airflow/example_dags/example_branch_datetime_operator.py
[2024-07-07T23:37:52.860+0500] {logging_mixin.py:188} INFO - [2024-07-07T23:37:52.859+0500] {dag.py:3096} INFO - Sync 3 DAGs
[2024-07-07T23:37:52.873+0500] {logging_mixin.py:188} INFO - [2024-07-07T23:37:52.873+0500] {dag.py:3954} INFO - Setting next_dagrun for example_branch_datetime_operator to 2024-07-06 00:00:00+00:00, run_after=2024-07-07 00:00:00+00:00
[2024-07-07T23:37:52.876+0500] {logging_mixin.py:188} INFO - [2024-07-07T23:37:52.876+0500] {dag.py:3954} INFO - Setting next_dagrun for example_branch_datetime_operator_2 to 2024-07-06 00:00:00+00:00, run_after=2024-07-07 00:00:00+00:00
[2024-07-07T23:37:52.877+0500] {logging_mixin.py:188} INFO - [2024-07-07T23:37:52.877+0500] {dag.py:3954} INFO - Setting next_dagrun for example_branch_datetime_operator_3 to 2024-07-06 00:00:00+00:00, run_after=2024-07-07 00:00:00+00:00
[2024-07-07T23:37:52.897+0500] {processor.py:183} INFO - Processing /home/nicolaspc/anaconda3/envs/mlops_env/lib/python3.12/site-packages/airflow/example_dags/example_branch_datetime_operator.py took 0.065 seconds
[2024-07-07T23:37:53.087+0500] {processor.py:161} INFO - Started process (PID=15431) to work on /home/nicolaspc/anaconda3/envs/mlops_env/lib/python3.12/site-packages/airflow/example_dags/example_branch_datetime_operator.py
[2024-07-07T23:37:53.088+0500] {processor.py:830} INFO - Processing file /home/nicolaspc/anaconda3/envs/mlops_env/lib/python3.12/site-packages/airflow/example_dags/example_branch_datetime_operator.py for tasks to queue
[2024-07-07T23:37:53.088+0500] {logging_mixin.py:188} INFO - [2024-07-07T23:37:53.088+0500] {dagbag.py:545} INFO - Filling up the DagBag from /home/nicolaspc/anaconda3/envs/mlops_env/lib/python3.12/site-packages/airflow/example_dags/example_branch_datetime_operator.py
[2024-07-07T23:37:53.094+0500] {processor.py:840} INFO - DAG(s) 'example_branch_datetime_operator', 'example_branch_datetime_operator_2', 'example_branch_datetime_operator_3' retrieved from /home/nicolaspc/anaconda3/envs/mlops_env/lib/python3.12/site-packages/airflow/example_dags/example_branch_datetime_operator.py
[2024-07-07T23:37:53.119+0500] {logging_mixin.py:188} INFO - [2024-07-07T23:37:53.119+0500] {dag.py:3096} INFO - Sync 3 DAGs
[2024-07-07T23:37:53.136+0500] {logging_mixin.py:188} INFO - [2024-07-07T23:37:53.136+0500] {dag.py:3954} INFO - Setting next_dagrun for example_branch_datetime_operator to 2024-07-06 00:00:00+00:00, run_after=2024-07-07 00:00:00+00:00
[2024-07-07T23:37:53.139+0500] {logging_mixin.py:188} INFO - [2024-07-07T23:37:53.139+0500] {dag.py:3954} INFO - Setting next_dagrun for example_branch_datetime_operator_2 to 2024-07-06 00:00:00+00:00, run_after=2024-07-07 00:00:00+00:00
[2024-07-07T23:37:53.141+0500] {logging_mixin.py:188} INFO - [2024-07-07T23:37:53.141+0500] {dag.py:3954} INFO - Setting next_dagrun for example_branch_datetime_operator_3 to 2024-07-06 00:00:00+00:00, run_after=2024-07-07 00:00:00+00:00
[2024-07-07T23:37:53.154+0500] {processor.py:183} INFO - Processing /home/nicolaspc/anaconda3/envs/mlops_env/lib/python3.12/site-packages/airflow/example_dags/example_branch_datetime_operator.py took 0.073 seconds
[2024-07-07T23:38:23.855+0500] {processor.py:161} INFO - Started process (PID=15853) to work on /home/nicolaspc/anaconda3/envs/mlops_env/lib/python3.12/site-packages/airflow/example_dags/example_branch_datetime_operator.py
[2024-07-07T23:38:23.856+0500] {processor.py:830} INFO - Processing file /home/nicolaspc/anaconda3/envs/mlops_env/lib/python3.12/site-packages/airflow/example_dags/example_branch_datetime_operator.py for tasks to queue
[2024-07-07T23:38:23.856+0500] {logging_mixin.py:188} INFO - [2024-07-07T23:38:23.856+0500] {dagbag.py:545} INFO - Filling up the DagBag from /home/nicolaspc/anaconda3/envs/mlops_env/lib/python3.12/site-packages/airflow/example_dags/example_branch_datetime_operator.py
[2024-07-07T23:38:23.862+0500] {processor.py:840} INFO - DAG(s) 'example_branch_datetime_operator_3', 'example_branch_datetime_operator_2', 'example_branch_datetime_operator' retrieved from /home/nicolaspc/anaconda3/envs/mlops_env/lib/python3.12/site-packages/airflow/example_dags/example_branch_datetime_operator.py
[2024-07-07T23:38:23.887+0500] {logging_mixin.py:188} INFO - [2024-07-07T23:38:23.887+0500] {dag.py:3096} INFO - Sync 3 DAGs
[2024-07-07T23:38:23.904+0500] {logging_mixin.py:188} INFO - [2024-07-07T23:38:23.904+0500] {dag.py:3954} INFO - Setting next_dagrun for example_branch_datetime_operator to 2024-07-06 00:00:00+00:00, run_after=2024-07-07 00:00:00+00:00
[2024-07-07T23:38:23.907+0500] {logging_mixin.py:188} INFO - [2024-07-07T23:38:23.907+0500] {dag.py:3954} INFO - Setting next_dagrun for example_branch_datetime_operator_2 to 2024-07-06 00:00:00+00:00, run_after=2024-07-07 00:00:00+00:00
[2024-07-07T23:38:23.909+0500] {logging_mixin.py:188} INFO - [2024-07-07T23:38:23.909+0500] {dag.py:3954} INFO - Setting next_dagrun for example_branch_datetime_operator_3 to 2024-07-06 00:00:00+00:00, run_after=2024-07-07 00:00:00+00:00
[2024-07-07T23:38:23.922+0500] {processor.py:183} INFO - Processing /home/nicolaspc/anaconda3/envs/mlops_env/lib/python3.12/site-packages/airflow/example_dags/example_branch_datetime_operator.py took 0.073 seconds
[2024-07-07T23:38:50.176+0500] {processor.py:161} INFO - Started process (PID=15930) to work on /home/nicolaspc/anaconda3/envs/mlops_env/lib/python3.12/site-packages/airflow/example_dags/example_branch_datetime_operator.py
[2024-07-07T23:38:50.185+0500] {processor.py:830} INFO - Processing file /home/nicolaspc/anaconda3/envs/mlops_env/lib/python3.12/site-packages/airflow/example_dags/example_branch_datetime_operator.py for tasks to queue
[2024-07-07T23:38:50.187+0500] {logging_mixin.py:188} INFO - [2024-07-07T23:38:50.187+0500] {dagbag.py:545} INFO - Filling up the DagBag from /home/nicolaspc/anaconda3/envs/mlops_env/lib/python3.12/site-packages/airflow/example_dags/example_branch_datetime_operator.py
[2024-07-07T23:38:50.193+0500] {processor.py:840} INFO - DAG(s) 'example_branch_datetime_operator_3', 'example_branch_datetime_operator', 'example_branch_datetime_operator_2' retrieved from /home/nicolaspc/anaconda3/envs/mlops_env/lib/python3.12/site-packages/airflow/example_dags/example_branch_datetime_operator.py
[2024-07-07T23:38:50.206+0500] {logging_mixin.py:188} INFO - [2024-07-07T23:38:50.206+0500] {dag.py:3096} INFO - Sync 3 DAGs
[2024-07-07T23:38:50.219+0500] {logging_mixin.py:188} INFO - [2024-07-07T23:38:50.219+0500] {dag.py:3954} INFO - Setting next_dagrun for example_branch_datetime_operator to 2024-07-06 00:00:00+00:00, run_after=2024-07-07 00:00:00+00:00
[2024-07-07T23:38:50.222+0500] {logging_mixin.py:188} INFO - [2024-07-07T23:38:50.222+0500] {dag.py:3954} INFO - Setting next_dagrun for example_branch_datetime_operator_2 to 2024-07-06 00:00:00+00:00, run_after=2024-07-07 00:00:00+00:00
[2024-07-07T23:38:50.223+0500] {logging_mixin.py:188} INFO - [2024-07-07T23:38:50.223+0500] {dag.py:3954} INFO - Setting next_dagrun for example_branch_datetime_operator_3 to 2024-07-06 00:00:00+00:00, run_after=2024-07-07 00:00:00+00:00
[2024-07-07T23:38:50.242+0500] {processor.py:183} INFO - Processing /home/nicolaspc/anaconda3/envs/mlops_env/lib/python3.12/site-packages/airflow/example_dags/example_branch_datetime_operator.py took 0.069 seconds
[2024-07-07T23:38:54.583+0500] {processor.py:161} INFO - Started process (PID=16210) to work on /home/nicolaspc/anaconda3/envs/mlops_env/lib/python3.12/site-packages/airflow/example_dags/example_branch_datetime_operator.py
[2024-07-07T23:38:54.584+0500] {processor.py:830} INFO - Processing file /home/nicolaspc/anaconda3/envs/mlops_env/lib/python3.12/site-packages/airflow/example_dags/example_branch_datetime_operator.py for tasks to queue
[2024-07-07T23:38:54.585+0500] {logging_mixin.py:188} INFO - [2024-07-07T23:38:54.584+0500] {dagbag.py:545} INFO - Filling up the DagBag from /home/nicolaspc/anaconda3/envs/mlops_env/lib/python3.12/site-packages/airflow/example_dags/example_branch_datetime_operator.py
[2024-07-07T23:38:54.592+0500] {processor.py:840} INFO - DAG(s) 'example_branch_datetime_operator_2', 'example_branch_datetime_operator', 'example_branch_datetime_operator_3' retrieved from /home/nicolaspc/anaconda3/envs/mlops_env/lib/python3.12/site-packages/airflow/example_dags/example_branch_datetime_operator.py
[2024-07-07T23:38:54.619+0500] {logging_mixin.py:188} INFO - [2024-07-07T23:38:54.619+0500] {dag.py:3096} INFO - Sync 3 DAGs
[2024-07-07T23:38:54.636+0500] {logging_mixin.py:188} INFO - [2024-07-07T23:38:54.636+0500] {dag.py:3954} INFO - Setting next_dagrun for example_branch_datetime_operator to 2024-07-06 00:00:00+00:00, run_after=2024-07-07 00:00:00+00:00
[2024-07-07T23:38:54.639+0500] {logging_mixin.py:188} INFO - [2024-07-07T23:38:54.639+0500] {dag.py:3954} INFO - Setting next_dagrun for example_branch_datetime_operator_2 to 2024-07-06 00:00:00+00:00, run_after=2024-07-07 00:00:00+00:00
[2024-07-07T23:38:54.641+0500] {logging_mixin.py:188} INFO - [2024-07-07T23:38:54.641+0500] {dag.py:3954} INFO - Setting next_dagrun for example_branch_datetime_operator_3 to 2024-07-06 00:00:00+00:00, run_after=2024-07-07 00:00:00+00:00
[2024-07-07T23:38:54.655+0500] {processor.py:183} INFO - Processing /home/nicolaspc/anaconda3/envs/mlops_env/lib/python3.12/site-packages/airflow/example_dags/example_branch_datetime_operator.py took 0.077 seconds
[2024-07-07T23:39:25.096+0500] {processor.py:161} INFO - Started process (PID=16604) to work on /home/nicolaspc/anaconda3/envs/mlops_env/lib/python3.12/site-packages/airflow/example_dags/example_branch_datetime_operator.py
[2024-07-07T23:39:25.097+0500] {processor.py:830} INFO - Processing file /home/nicolaspc/anaconda3/envs/mlops_env/lib/python3.12/site-packages/airflow/example_dags/example_branch_datetime_operator.py for tasks to queue
[2024-07-07T23:39:25.097+0500] {logging_mixin.py:188} INFO - [2024-07-07T23:39:25.097+0500] {dagbag.py:545} INFO - Filling up the DagBag from /home/nicolaspc/anaconda3/envs/mlops_env/lib/python3.12/site-packages/airflow/example_dags/example_branch_datetime_operator.py
[2024-07-07T23:39:25.104+0500] {processor.py:840} INFO - DAG(s) 'example_branch_datetime_operator', 'example_branch_datetime_operator_3', 'example_branch_datetime_operator_2' retrieved from /home/nicolaspc/anaconda3/envs/mlops_env/lib/python3.12/site-packages/airflow/example_dags/example_branch_datetime_operator.py
[2024-07-07T23:39:25.129+0500] {logging_mixin.py:188} INFO - [2024-07-07T23:39:25.129+0500] {dag.py:3096} INFO - Sync 3 DAGs
[2024-07-07T23:39:25.146+0500] {logging_mixin.py:188} INFO - [2024-07-07T23:39:25.146+0500] {dag.py:3954} INFO - Setting next_dagrun for example_branch_datetime_operator to 2024-07-06 00:00:00+00:00, run_after=2024-07-07 00:00:00+00:00
[2024-07-07T23:39:25.149+0500] {logging_mixin.py:188} INFO - [2024-07-07T23:39:25.149+0500] {dag.py:3954} INFO - Setting next_dagrun for example_branch_datetime_operator_2 to 2024-07-06 00:00:00+00:00, run_after=2024-07-07 00:00:00+00:00
[2024-07-07T23:39:25.151+0500] {logging_mixin.py:188} INFO - [2024-07-07T23:39:25.151+0500] {dag.py:3954} INFO - Setting next_dagrun for example_branch_datetime_operator_3 to 2024-07-06 00:00:00+00:00, run_after=2024-07-07 00:00:00+00:00
[2024-07-07T23:39:25.165+0500] {processor.py:183} INFO - Processing /home/nicolaspc/anaconda3/envs/mlops_env/lib/python3.12/site-packages/airflow/example_dags/example_branch_datetime_operator.py took 0.075 seconds
[2024-07-07T23:39:52.061+0500] {processor.py:161} INFO - Started process (PID=16684) to work on /home/nicolaspc/anaconda3/envs/mlops_env/lib/python3.12/site-packages/airflow/example_dags/example_branch_datetime_operator.py
[2024-07-07T23:39:52.070+0500] {processor.py:830} INFO - Processing file /home/nicolaspc/anaconda3/envs/mlops_env/lib/python3.12/site-packages/airflow/example_dags/example_branch_datetime_operator.py for tasks to queue
[2024-07-07T23:39:52.072+0500] {logging_mixin.py:188} INFO - [2024-07-07T23:39:52.072+0500] {dagbag.py:545} INFO - Filling up the DagBag from /home/nicolaspc/anaconda3/envs/mlops_env/lib/python3.12/site-packages/airflow/example_dags/example_branch_datetime_operator.py
[2024-07-07T23:39:52.078+0500] {processor.py:840} INFO - DAG(s) 'example_branch_datetime_operator', 'example_branch_datetime_operator_2', 'example_branch_datetime_operator_3' retrieved from /home/nicolaspc/anaconda3/envs/mlops_env/lib/python3.12/site-packages/airflow/example_dags/example_branch_datetime_operator.py
[2024-07-07T23:39:52.091+0500] {logging_mixin.py:188} INFO - [2024-07-07T23:39:52.091+0500] {dag.py:3096} INFO - Sync 3 DAGs
[2024-07-07T23:39:52.104+0500] {logging_mixin.py:188} INFO - [2024-07-07T23:39:52.104+0500] {dag.py:3954} INFO - Setting next_dagrun for example_branch_datetime_operator to 2024-07-06 00:00:00+00:00, run_after=2024-07-07 00:00:00+00:00
[2024-07-07T23:39:52.107+0500] {logging_mixin.py:188} INFO - [2024-07-07T23:39:52.106+0500] {dag.py:3954} INFO - Setting next_dagrun for example_branch_datetime_operator_2 to 2024-07-06 00:00:00+00:00, run_after=2024-07-07 00:00:00+00:00
[2024-07-07T23:39:52.108+0500] {logging_mixin.py:188} INFO - [2024-07-07T23:39:52.108+0500] {dag.py:3954} INFO - Setting next_dagrun for example_branch_datetime_operator_3 to 2024-07-06 00:00:00+00:00, run_after=2024-07-07 00:00:00+00:00
[2024-07-07T23:39:52.127+0500] {processor.py:183} INFO - Processing /home/nicolaspc/anaconda3/envs/mlops_env/lib/python3.12/site-packages/airflow/example_dags/example_branch_datetime_operator.py took 0.069 seconds
[2024-07-07T23:39:55.711+0500] {processor.py:161} INFO - Started process (PID=16961) to work on /home/nicolaspc/anaconda3/envs/mlops_env/lib/python3.12/site-packages/airflow/example_dags/example_branch_datetime_operator.py
[2024-07-07T23:39:55.712+0500] {processor.py:830} INFO - Processing file /home/nicolaspc/anaconda3/envs/mlops_env/lib/python3.12/site-packages/airflow/example_dags/example_branch_datetime_operator.py for tasks to queue
[2024-07-07T23:39:55.712+0500] {logging_mixin.py:188} INFO - [2024-07-07T23:39:55.712+0500] {dagbag.py:545} INFO - Filling up the DagBag from /home/nicolaspc/anaconda3/envs/mlops_env/lib/python3.12/site-packages/airflow/example_dags/example_branch_datetime_operator.py
[2024-07-07T23:39:55.720+0500] {processor.py:840} INFO - DAG(s) 'example_branch_datetime_operator', 'example_branch_datetime_operator_3', 'example_branch_datetime_operator_2' retrieved from /home/nicolaspc/anaconda3/envs/mlops_env/lib/python3.12/site-packages/airflow/example_dags/example_branch_datetime_operator.py
[2024-07-07T23:39:55.748+0500] {logging_mixin.py:188} INFO - [2024-07-07T23:39:55.748+0500] {dag.py:3096} INFO - Sync 3 DAGs
[2024-07-07T23:39:55.766+0500] {logging_mixin.py:188} INFO - [2024-07-07T23:39:55.766+0500] {dag.py:3954} INFO - Setting next_dagrun for example_branch_datetime_operator to 2024-07-06 00:00:00+00:00, run_after=2024-07-07 00:00:00+00:00
[2024-07-07T23:39:55.769+0500] {logging_mixin.py:188} INFO - [2024-07-07T23:39:55.769+0500] {dag.py:3954} INFO - Setting next_dagrun for example_branch_datetime_operator_2 to 2024-07-06 00:00:00+00:00, run_after=2024-07-07 00:00:00+00:00
[2024-07-07T23:39:55.771+0500] {logging_mixin.py:188} INFO - [2024-07-07T23:39:55.771+0500] {dag.py:3954} INFO - Setting next_dagrun for example_branch_datetime_operator_3 to 2024-07-06 00:00:00+00:00, run_after=2024-07-07 00:00:00+00:00
[2024-07-07T23:39:55.785+0500] {processor.py:183} INFO - Processing /home/nicolaspc/anaconda3/envs/mlops_env/lib/python3.12/site-packages/airflow/example_dags/example_branch_datetime_operator.py took 0.080 seconds
[2024-07-07T23:40:26.425+0500] {processor.py:161} INFO - Started process (PID=17390) to work on /home/nicolaspc/anaconda3/envs/mlops_env/lib/python3.12/site-packages/airflow/example_dags/example_branch_datetime_operator.py
[2024-07-07T23:40:26.426+0500] {processor.py:830} INFO - Processing file /home/nicolaspc/anaconda3/envs/mlops_env/lib/python3.12/site-packages/airflow/example_dags/example_branch_datetime_operator.py for tasks to queue
[2024-07-07T23:40:26.426+0500] {logging_mixin.py:188} INFO - [2024-07-07T23:40:26.426+0500] {dagbag.py:545} INFO - Filling up the DagBag from /home/nicolaspc/anaconda3/envs/mlops_env/lib/python3.12/site-packages/airflow/example_dags/example_branch_datetime_operator.py
[2024-07-07T23:40:26.433+0500] {processor.py:840} INFO - DAG(s) 'example_branch_datetime_operator_3', 'example_branch_datetime_operator', 'example_branch_datetime_operator_2' retrieved from /home/nicolaspc/anaconda3/envs/mlops_env/lib/python3.12/site-packages/airflow/example_dags/example_branch_datetime_operator.py
[2024-07-07T23:40:26.462+0500] {logging_mixin.py:188} INFO - [2024-07-07T23:40:26.462+0500] {dag.py:3096} INFO - Sync 3 DAGs
[2024-07-07T23:40:26.482+0500] {logging_mixin.py:188} INFO - [2024-07-07T23:40:26.482+0500] {dag.py:3954} INFO - Setting next_dagrun for example_branch_datetime_operator to 2024-07-06 00:00:00+00:00, run_after=2024-07-07 00:00:00+00:00
[2024-07-07T23:40:26.485+0500] {logging_mixin.py:188} INFO - [2024-07-07T23:40:26.485+0500] {dag.py:3954} INFO - Setting next_dagrun for example_branch_datetime_operator_2 to 2024-07-06 00:00:00+00:00, run_after=2024-07-07 00:00:00+00:00
[2024-07-07T23:40:26.487+0500] {logging_mixin.py:188} INFO - [2024-07-07T23:40:26.487+0500] {dag.py:3954} INFO - Setting next_dagrun for example_branch_datetime_operator_3 to 2024-07-06 00:00:00+00:00, run_after=2024-07-07 00:00:00+00:00
[2024-07-07T23:40:26.501+0500] {processor.py:183} INFO - Processing /home/nicolaspc/anaconda3/envs/mlops_env/lib/python3.12/site-packages/airflow/example_dags/example_branch_datetime_operator.py took 0.082 seconds
[2024-07-07T23:40:52.454+0500] {processor.py:161} INFO - Started process (PID=17477) to work on /home/nicolaspc/anaconda3/envs/mlops_env/lib/python3.12/site-packages/airflow/example_dags/example_branch_datetime_operator.py
[2024-07-07T23:40:52.463+0500] {processor.py:830} INFO - Processing file /home/nicolaspc/anaconda3/envs/mlops_env/lib/python3.12/site-packages/airflow/example_dags/example_branch_datetime_operator.py for tasks to queue
[2024-07-07T23:40:52.464+0500] {logging_mixin.py:188} INFO - [2024-07-07T23:40:52.464+0500] {dagbag.py:545} INFO - Filling up the DagBag from /home/nicolaspc/anaconda3/envs/mlops_env/lib/python3.12/site-packages/airflow/example_dags/example_branch_datetime_operator.py
[2024-07-07T23:40:52.470+0500] {processor.py:840} INFO - DAG(s) 'example_branch_datetime_operator_3', 'example_branch_datetime_operator', 'example_branch_datetime_operator_2' retrieved from /home/nicolaspc/anaconda3/envs/mlops_env/lib/python3.12/site-packages/airflow/example_dags/example_branch_datetime_operator.py
[2024-07-07T23:40:52.485+0500] {logging_mixin.py:188} INFO - [2024-07-07T23:40:52.485+0500] {dag.py:3096} INFO - Sync 3 DAGs
[2024-07-07T23:40:52.499+0500] {logging_mixin.py:188} INFO - [2024-07-07T23:40:52.499+0500] {dag.py:3954} INFO - Setting next_dagrun for example_branch_datetime_operator to 2024-07-06 00:00:00+00:00, run_after=2024-07-07 00:00:00+00:00
[2024-07-07T23:40:52.502+0500] {logging_mixin.py:188} INFO - [2024-07-07T23:40:52.502+0500] {dag.py:3954} INFO - Setting next_dagrun for example_branch_datetime_operator_2 to 2024-07-06 00:00:00+00:00, run_after=2024-07-07 00:00:00+00:00
[2024-07-07T23:40:52.504+0500] {logging_mixin.py:188} INFO - [2024-07-07T23:40:52.504+0500] {dag.py:3954} INFO - Setting next_dagrun for example_branch_datetime_operator_3 to 2024-07-06 00:00:00+00:00, run_after=2024-07-07 00:00:00+00:00
[2024-07-07T23:40:52.527+0500] {processor.py:183} INFO - Processing /home/nicolaspc/anaconda3/envs/mlops_env/lib/python3.12/site-packages/airflow/example_dags/example_branch_datetime_operator.py took 0.077 seconds
[2024-07-07T23:40:57.265+0500] {processor.py:161} INFO - Started process (PID=17760) to work on /home/nicolaspc/anaconda3/envs/mlops_env/lib/python3.12/site-packages/airflow/example_dags/example_branch_datetime_operator.py
[2024-07-07T23:40:57.266+0500] {processor.py:830} INFO - Processing file /home/nicolaspc/anaconda3/envs/mlops_env/lib/python3.12/site-packages/airflow/example_dags/example_branch_datetime_operator.py for tasks to queue
[2024-07-07T23:40:57.267+0500] {logging_mixin.py:188} INFO - [2024-07-07T23:40:57.266+0500] {dagbag.py:545} INFO - Filling up the DagBag from /home/nicolaspc/anaconda3/envs/mlops_env/lib/python3.12/site-packages/airflow/example_dags/example_branch_datetime_operator.py
[2024-07-07T23:40:57.272+0500] {processor.py:840} INFO - DAG(s) 'example_branch_datetime_operator_3', 'example_branch_datetime_operator_2', 'example_branch_datetime_operator' retrieved from /home/nicolaspc/anaconda3/envs/mlops_env/lib/python3.12/site-packages/airflow/example_dags/example_branch_datetime_operator.py
[2024-07-07T23:40:57.297+0500] {logging_mixin.py:188} INFO - [2024-07-07T23:40:57.297+0500] {dag.py:3096} INFO - Sync 3 DAGs
[2024-07-07T23:40:57.315+0500] {logging_mixin.py:188} INFO - [2024-07-07T23:40:57.315+0500] {dag.py:3954} INFO - Setting next_dagrun for example_branch_datetime_operator to 2024-07-06 00:00:00+00:00, run_after=2024-07-07 00:00:00+00:00
[2024-07-07T23:40:57.318+0500] {logging_mixin.py:188} INFO - [2024-07-07T23:40:57.318+0500] {dag.py:3954} INFO - Setting next_dagrun for example_branch_datetime_operator_2 to 2024-07-06 00:00:00+00:00, run_after=2024-07-07 00:00:00+00:00
[2024-07-07T23:40:57.320+0500] {logging_mixin.py:188} INFO - [2024-07-07T23:40:57.320+0500] {dag.py:3954} INFO - Setting next_dagrun for example_branch_datetime_operator_3 to 2024-07-06 00:00:00+00:00, run_after=2024-07-07 00:00:00+00:00
[2024-07-07T23:40:57.335+0500] {processor.py:183} INFO - Processing /home/nicolaspc/anaconda3/envs/mlops_env/lib/python3.12/site-packages/airflow/example_dags/example_branch_datetime_operator.py took 0.076 seconds
[2024-07-07T23:41:28.195+0500] {processor.py:161} INFO - Started process (PID=18173) to work on /home/nicolaspc/anaconda3/envs/mlops_env/lib/python3.12/site-packages/airflow/example_dags/example_branch_datetime_operator.py
[2024-07-07T23:41:28.196+0500] {processor.py:830} INFO - Processing file /home/nicolaspc/anaconda3/envs/mlops_env/lib/python3.12/site-packages/airflow/example_dags/example_branch_datetime_operator.py for tasks to queue
[2024-07-07T23:41:28.197+0500] {logging_mixin.py:188} INFO - [2024-07-07T23:41:28.197+0500] {dagbag.py:545} INFO - Filling up the DagBag from /home/nicolaspc/anaconda3/envs/mlops_env/lib/python3.12/site-packages/airflow/example_dags/example_branch_datetime_operator.py
[2024-07-07T23:41:28.206+0500] {processor.py:840} INFO - DAG(s) 'example_branch_datetime_operator_2', 'example_branch_datetime_operator_3', 'example_branch_datetime_operator' retrieved from /home/nicolaspc/anaconda3/envs/mlops_env/lib/python3.12/site-packages/airflow/example_dags/example_branch_datetime_operator.py
[2024-07-07T23:41:28.240+0500] {logging_mixin.py:188} INFO - [2024-07-07T23:41:28.240+0500] {dag.py:3096} INFO - Sync 3 DAGs
[2024-07-07T23:41:28.260+0500] {logging_mixin.py:188} INFO - [2024-07-07T23:41:28.260+0500] {dag.py:3954} INFO - Setting next_dagrun for example_branch_datetime_operator to 2024-07-06 00:00:00+00:00, run_after=2024-07-07 00:00:00+00:00
[2024-07-07T23:41:28.264+0500] {logging_mixin.py:188} INFO - [2024-07-07T23:41:28.264+0500] {dag.py:3954} INFO - Setting next_dagrun for example_branch_datetime_operator_2 to 2024-07-06 00:00:00+00:00, run_after=2024-07-07 00:00:00+00:00
[2024-07-07T23:41:28.266+0500] {logging_mixin.py:188} INFO - [2024-07-07T23:41:28.266+0500] {dag.py:3954} INFO - Setting next_dagrun for example_branch_datetime_operator_3 to 2024-07-06 00:00:00+00:00, run_after=2024-07-07 00:00:00+00:00
[2024-07-07T23:41:28.282+0500] {processor.py:183} INFO - Processing /home/nicolaspc/anaconda3/envs/mlops_env/lib/python3.12/site-packages/airflow/example_dags/example_branch_datetime_operator.py took 0.098 seconds
[2024-07-07T23:41:52.699+0500] {processor.py:161} INFO - Started process (PID=18265) to work on /home/nicolaspc/anaconda3/envs/mlops_env/lib/python3.12/site-packages/airflow/example_dags/example_branch_datetime_operator.py
[2024-07-07T23:41:52.708+0500] {processor.py:830} INFO - Processing file /home/nicolaspc/anaconda3/envs/mlops_env/lib/python3.12/site-packages/airflow/example_dags/example_branch_datetime_operator.py for tasks to queue
[2024-07-07T23:41:52.710+0500] {logging_mixin.py:188} INFO - [2024-07-07T23:41:52.710+0500] {dagbag.py:545} INFO - Filling up the DagBag from /home/nicolaspc/anaconda3/envs/mlops_env/lib/python3.12/site-packages/airflow/example_dags/example_branch_datetime_operator.py
[2024-07-07T23:41:52.717+0500] {processor.py:840} INFO - DAG(s) 'example_branch_datetime_operator_3', 'example_branch_datetime_operator_2', 'example_branch_datetime_operator' retrieved from /home/nicolaspc/anaconda3/envs/mlops_env/lib/python3.12/site-packages/airflow/example_dags/example_branch_datetime_operator.py
[2024-07-07T23:41:52.731+0500] {logging_mixin.py:188} INFO - [2024-07-07T23:41:52.731+0500] {dag.py:3096} INFO - Sync 3 DAGs
[2024-07-07T23:41:52.744+0500] {logging_mixin.py:188} INFO - [2024-07-07T23:41:52.744+0500] {dag.py:3954} INFO - Setting next_dagrun for example_branch_datetime_operator to 2024-07-06 00:00:00+00:00, run_after=2024-07-07 00:00:00+00:00
[2024-07-07T23:41:52.748+0500] {logging_mixin.py:188} INFO - [2024-07-07T23:41:52.748+0500] {dag.py:3954} INFO - Setting next_dagrun for example_branch_datetime_operator_2 to 2024-07-06 00:00:00+00:00, run_after=2024-07-07 00:00:00+00:00
[2024-07-07T23:41:52.749+0500] {logging_mixin.py:188} INFO - [2024-07-07T23:41:52.749+0500] {dag.py:3954} INFO - Setting next_dagrun for example_branch_datetime_operator_3 to 2024-07-06 00:00:00+00:00, run_after=2024-07-07 00:00:00+00:00
[2024-07-07T23:41:52.778+0500] {processor.py:183} INFO - Processing /home/nicolaspc/anaconda3/envs/mlops_env/lib/python3.12/site-packages/airflow/example_dags/example_branch_datetime_operator.py took 0.083 seconds
[2024-07-07T23:41:59.154+0500] {processor.py:161} INFO - Started process (PID=18549) to work on /home/nicolaspc/anaconda3/envs/mlops_env/lib/python3.12/site-packages/airflow/example_dags/example_branch_datetime_operator.py
[2024-07-07T23:41:59.155+0500] {processor.py:830} INFO - Processing file /home/nicolaspc/anaconda3/envs/mlops_env/lib/python3.12/site-packages/airflow/example_dags/example_branch_datetime_operator.py for tasks to queue
[2024-07-07T23:41:59.156+0500] {logging_mixin.py:188} INFO - [2024-07-07T23:41:59.155+0500] {dagbag.py:545} INFO - Filling up the DagBag from /home/nicolaspc/anaconda3/envs/mlops_env/lib/python3.12/site-packages/airflow/example_dags/example_branch_datetime_operator.py
[2024-07-07T23:41:59.163+0500] {processor.py:840} INFO - DAG(s) 'example_branch_datetime_operator_2', 'example_branch_datetime_operator', 'example_branch_datetime_operator_3' retrieved from /home/nicolaspc/anaconda3/envs/mlops_env/lib/python3.12/site-packages/airflow/example_dags/example_branch_datetime_operator.py
[2024-07-07T23:41:59.206+0500] {logging_mixin.py:188} INFO - [2024-07-07T23:41:59.205+0500] {dag.py:3096} INFO - Sync 3 DAGs
[2024-07-07T23:41:59.235+0500] {logging_mixin.py:188} INFO - [2024-07-07T23:41:59.235+0500] {dag.py:3954} INFO - Setting next_dagrun for example_branch_datetime_operator to 2024-07-06 00:00:00+00:00, run_after=2024-07-07 00:00:00+00:00
[2024-07-07T23:41:59.242+0500] {logging_mixin.py:188} INFO - [2024-07-07T23:41:59.242+0500] {dag.py:3954} INFO - Setting next_dagrun for example_branch_datetime_operator_2 to 2024-07-06 00:00:00+00:00, run_after=2024-07-07 00:00:00+00:00
[2024-07-07T23:41:59.245+0500] {logging_mixin.py:188} INFO - [2024-07-07T23:41:59.245+0500] {dag.py:3954} INFO - Setting next_dagrun for example_branch_datetime_operator_3 to 2024-07-06 00:00:00+00:00, run_after=2024-07-07 00:00:00+00:00
[2024-07-07T23:41:59.273+0500] {processor.py:183} INFO - Processing /home/nicolaspc/anaconda3/envs/mlops_env/lib/python3.12/site-packages/airflow/example_dags/example_branch_datetime_operator.py took 0.126 seconds
[2024-07-07T23:42:30.067+0500] {processor.py:161} INFO - Started process (PID=18960) to work on /home/nicolaspc/anaconda3/envs/mlops_env/lib/python3.12/site-packages/airflow/example_dags/example_branch_datetime_operator.py
[2024-07-07T23:42:30.068+0500] {processor.py:830} INFO - Processing file /home/nicolaspc/anaconda3/envs/mlops_env/lib/python3.12/site-packages/airflow/example_dags/example_branch_datetime_operator.py for tasks to queue
[2024-07-07T23:42:30.068+0500] {logging_mixin.py:188} INFO - [2024-07-07T23:42:30.068+0500] {dagbag.py:545} INFO - Filling up the DagBag from /home/nicolaspc/anaconda3/envs/mlops_env/lib/python3.12/site-packages/airflow/example_dags/example_branch_datetime_operator.py
[2024-07-07T23:42:30.074+0500] {processor.py:840} INFO - DAG(s) 'example_branch_datetime_operator_2', 'example_branch_datetime_operator', 'example_branch_datetime_operator_3' retrieved from /home/nicolaspc/anaconda3/envs/mlops_env/lib/python3.12/site-packages/airflow/example_dags/example_branch_datetime_operator.py
[2024-07-07T23:42:30.102+0500] {logging_mixin.py:188} INFO - [2024-07-07T23:42:30.102+0500] {dag.py:3096} INFO - Sync 3 DAGs
[2024-07-07T23:42:30.120+0500] {logging_mixin.py:188} INFO - [2024-07-07T23:42:30.120+0500] {dag.py:3954} INFO - Setting next_dagrun for example_branch_datetime_operator to 2024-07-06 00:00:00+00:00, run_after=2024-07-07 00:00:00+00:00
[2024-07-07T23:42:30.123+0500] {logging_mixin.py:188} INFO - [2024-07-07T23:42:30.123+0500] {dag.py:3954} INFO - Setting next_dagrun for example_branch_datetime_operator_2 to 2024-07-06 00:00:00+00:00, run_after=2024-07-07 00:00:00+00:00
[2024-07-07T23:42:30.125+0500] {logging_mixin.py:188} INFO - [2024-07-07T23:42:30.125+0500] {dag.py:3954} INFO - Setting next_dagrun for example_branch_datetime_operator_3 to 2024-07-06 00:00:00+00:00, run_after=2024-07-07 00:00:00+00:00
[2024-07-07T23:42:30.139+0500] {processor.py:183} INFO - Processing /home/nicolaspc/anaconda3/envs/mlops_env/lib/python3.12/site-packages/airflow/example_dags/example_branch_datetime_operator.py took 0.079 seconds
[2024-07-07T23:43:00.732+0500] {processor.py:161} INFO - Started process (PID=19327) to work on /home/nicolaspc/anaconda3/envs/mlops_env/lib/python3.12/site-packages/airflow/example_dags/example_branch_datetime_operator.py
[2024-07-07T23:43:00.733+0500] {processor.py:830} INFO - Processing file /home/nicolaspc/anaconda3/envs/mlops_env/lib/python3.12/site-packages/airflow/example_dags/example_branch_datetime_operator.py for tasks to queue
[2024-07-07T23:43:00.733+0500] {logging_mixin.py:188} INFO - [2024-07-07T23:43:00.733+0500] {dagbag.py:545} INFO - Filling up the DagBag from /home/nicolaspc/anaconda3/envs/mlops_env/lib/python3.12/site-packages/airflow/example_dags/example_branch_datetime_operator.py
[2024-07-07T23:43:00.739+0500] {processor.py:840} INFO - DAG(s) 'example_branch_datetime_operator_2', 'example_branch_datetime_operator', 'example_branch_datetime_operator_3' retrieved from /home/nicolaspc/anaconda3/envs/mlops_env/lib/python3.12/site-packages/airflow/example_dags/example_branch_datetime_operator.py
[2024-07-07T23:43:00.765+0500] {logging_mixin.py:188} INFO - [2024-07-07T23:43:00.765+0500] {dag.py:3096} INFO - Sync 3 DAGs
[2024-07-07T23:43:00.782+0500] {logging_mixin.py:188} INFO - [2024-07-07T23:43:00.782+0500] {dag.py:3954} INFO - Setting next_dagrun for example_branch_datetime_operator to 2024-07-06 00:00:00+00:00, run_after=2024-07-07 00:00:00+00:00
[2024-07-07T23:43:00.786+0500] {logging_mixin.py:188} INFO - [2024-07-07T23:43:00.785+0500] {dag.py:3954} INFO - Setting next_dagrun for example_branch_datetime_operator_2 to 2024-07-06 00:00:00+00:00, run_after=2024-07-07 00:00:00+00:00
[2024-07-07T23:43:00.787+0500] {logging_mixin.py:188} INFO - [2024-07-07T23:43:00.787+0500] {dag.py:3954} INFO - Setting next_dagrun for example_branch_datetime_operator_3 to 2024-07-06 00:00:00+00:00, run_after=2024-07-07 00:00:00+00:00
[2024-07-07T23:43:00.802+0500] {processor.py:183} INFO - Processing /home/nicolaspc/anaconda3/envs/mlops_env/lib/python3.12/site-packages/airflow/example_dags/example_branch_datetime_operator.py took 0.075 seconds
[2024-07-07T23:43:31.576+0500] {processor.py:161} INFO - Started process (PID=19648) to work on /home/nicolaspc/anaconda3/envs/mlops_env/lib/python3.12/site-packages/airflow/example_dags/example_branch_datetime_operator.py
[2024-07-07T23:43:31.576+0500] {processor.py:830} INFO - Processing file /home/nicolaspc/anaconda3/envs/mlops_env/lib/python3.12/site-packages/airflow/example_dags/example_branch_datetime_operator.py for tasks to queue
[2024-07-07T23:43:31.577+0500] {logging_mixin.py:188} INFO - [2024-07-07T23:43:31.577+0500] {dagbag.py:545} INFO - Filling up the DagBag from /home/nicolaspc/anaconda3/envs/mlops_env/lib/python3.12/site-packages/airflow/example_dags/example_branch_datetime_operator.py
[2024-07-07T23:43:31.584+0500] {processor.py:840} INFO - DAG(s) 'example_branch_datetime_operator_2', 'example_branch_datetime_operator_3', 'example_branch_datetime_operator' retrieved from /home/nicolaspc/anaconda3/envs/mlops_env/lib/python3.12/site-packages/airflow/example_dags/example_branch_datetime_operator.py
[2024-07-07T23:43:31.610+0500] {logging_mixin.py:188} INFO - [2024-07-07T23:43:31.609+0500] {dag.py:3096} INFO - Sync 3 DAGs
[2024-07-07T23:43:31.627+0500] {logging_mixin.py:188} INFO - [2024-07-07T23:43:31.627+0500] {dag.py:3954} INFO - Setting next_dagrun for example_branch_datetime_operator to 2024-07-06 00:00:00+00:00, run_after=2024-07-07 00:00:00+00:00
[2024-07-07T23:43:31.630+0500] {logging_mixin.py:188} INFO - [2024-07-07T23:43:31.630+0500] {dag.py:3954} INFO - Setting next_dagrun for example_branch_datetime_operator_2 to 2024-07-06 00:00:00+00:00, run_after=2024-07-07 00:00:00+00:00
[2024-07-07T23:43:31.632+0500] {logging_mixin.py:188} INFO - [2024-07-07T23:43:31.632+0500] {dag.py:3954} INFO - Setting next_dagrun for example_branch_datetime_operator_3 to 2024-07-06 00:00:00+00:00, run_after=2024-07-07 00:00:00+00:00
[2024-07-07T23:43:31.645+0500] {processor.py:183} INFO - Processing /home/nicolaspc/anaconda3/envs/mlops_env/lib/python3.12/site-packages/airflow/example_dags/example_branch_datetime_operator.py took 0.075 seconds
[2024-07-07T23:44:02.062+0500] {processor.py:161} INFO - Started process (PID=20019) to work on /home/nicolaspc/anaconda3/envs/mlops_env/lib/python3.12/site-packages/airflow/example_dags/example_branch_datetime_operator.py
[2024-07-07T23:44:02.063+0500] {processor.py:830} INFO - Processing file /home/nicolaspc/anaconda3/envs/mlops_env/lib/python3.12/site-packages/airflow/example_dags/example_branch_datetime_operator.py for tasks to queue
[2024-07-07T23:44:02.063+0500] {logging_mixin.py:188} INFO - [2024-07-07T23:44:02.063+0500] {dagbag.py:545} INFO - Filling up the DagBag from /home/nicolaspc/anaconda3/envs/mlops_env/lib/python3.12/site-packages/airflow/example_dags/example_branch_datetime_operator.py
[2024-07-07T23:44:02.069+0500] {processor.py:840} INFO - DAG(s) 'example_branch_datetime_operator_2', 'example_branch_datetime_operator_3', 'example_branch_datetime_operator' retrieved from /home/nicolaspc/anaconda3/envs/mlops_env/lib/python3.12/site-packages/airflow/example_dags/example_branch_datetime_operator.py
[2024-07-07T23:44:02.094+0500] {logging_mixin.py:188} INFO - [2024-07-07T23:44:02.094+0500] {dag.py:3096} INFO - Sync 3 DAGs
[2024-07-07T23:44:02.110+0500] {logging_mixin.py:188} INFO - [2024-07-07T23:44:02.110+0500] {dag.py:3954} INFO - Setting next_dagrun for example_branch_datetime_operator to 2024-07-06 00:00:00+00:00, run_after=2024-07-07 00:00:00+00:00
[2024-07-07T23:44:02.113+0500] {logging_mixin.py:188} INFO - [2024-07-07T23:44:02.113+0500] {dag.py:3954} INFO - Setting next_dagrun for example_branch_datetime_operator_2 to 2024-07-06 00:00:00+00:00, run_after=2024-07-07 00:00:00+00:00
[2024-07-07T23:44:02.115+0500] {logging_mixin.py:188} INFO - [2024-07-07T23:44:02.115+0500] {dag.py:3954} INFO - Setting next_dagrun for example_branch_datetime_operator_3 to 2024-07-06 00:00:00+00:00, run_after=2024-07-07 00:00:00+00:00
[2024-07-07T23:44:02.130+0500] {processor.py:183} INFO - Processing /home/nicolaspc/anaconda3/envs/mlops_env/lib/python3.12/site-packages/airflow/example_dags/example_branch_datetime_operator.py took 0.073 seconds
[2024-07-07T23:44:32.609+0500] {processor.py:161} INFO - Started process (PID=20382) to work on /home/nicolaspc/anaconda3/envs/mlops_env/lib/python3.12/site-packages/airflow/example_dags/example_branch_datetime_operator.py
[2024-07-07T23:44:32.610+0500] {processor.py:830} INFO - Processing file /home/nicolaspc/anaconda3/envs/mlops_env/lib/python3.12/site-packages/airflow/example_dags/example_branch_datetime_operator.py for tasks to queue
[2024-07-07T23:44:32.610+0500] {logging_mixin.py:188} INFO - [2024-07-07T23:44:32.610+0500] {dagbag.py:545} INFO - Filling up the DagBag from /home/nicolaspc/anaconda3/envs/mlops_env/lib/python3.12/site-packages/airflow/example_dags/example_branch_datetime_operator.py
[2024-07-07T23:44:32.616+0500] {processor.py:840} INFO - DAG(s) 'example_branch_datetime_operator_3', 'example_branch_datetime_operator', 'example_branch_datetime_operator_2' retrieved from /home/nicolaspc/anaconda3/envs/mlops_env/lib/python3.12/site-packages/airflow/example_dags/example_branch_datetime_operator.py
[2024-07-07T23:44:32.642+0500] {logging_mixin.py:188} INFO - [2024-07-07T23:44:32.642+0500] {dag.py:3096} INFO - Sync 3 DAGs
[2024-07-07T23:44:32.659+0500] {logging_mixin.py:188} INFO - [2024-07-07T23:44:32.659+0500] {dag.py:3954} INFO - Setting next_dagrun for example_branch_datetime_operator to 2024-07-06 00:00:00+00:00, run_after=2024-07-07 00:00:00+00:00
[2024-07-07T23:44:32.662+0500] {logging_mixin.py:188} INFO - [2024-07-07T23:44:32.662+0500] {dag.py:3954} INFO - Setting next_dagrun for example_branch_datetime_operator_2 to 2024-07-06 00:00:00+00:00, run_after=2024-07-07 00:00:00+00:00
[2024-07-07T23:44:32.664+0500] {logging_mixin.py:188} INFO - [2024-07-07T23:44:32.664+0500] {dag.py:3954} INFO - Setting next_dagrun for example_branch_datetime_operator_3 to 2024-07-06 00:00:00+00:00, run_after=2024-07-07 00:00:00+00:00
[2024-07-07T23:44:32.677+0500] {processor.py:183} INFO - Processing /home/nicolaspc/anaconda3/envs/mlops_env/lib/python3.12/site-packages/airflow/example_dags/example_branch_datetime_operator.py took 0.074 seconds
[2024-07-07T23:45:03.338+0500] {processor.py:161} INFO - Started process (PID=20749) to work on /home/nicolaspc/anaconda3/envs/mlops_env/lib/python3.12/site-packages/airflow/example_dags/example_branch_datetime_operator.py
[2024-07-07T23:45:03.338+0500] {processor.py:830} INFO - Processing file /home/nicolaspc/anaconda3/envs/mlops_env/lib/python3.12/site-packages/airflow/example_dags/example_branch_datetime_operator.py for tasks to queue
[2024-07-07T23:45:03.339+0500] {logging_mixin.py:188} INFO - [2024-07-07T23:45:03.339+0500] {dagbag.py:545} INFO - Filling up the DagBag from /home/nicolaspc/anaconda3/envs/mlops_env/lib/python3.12/site-packages/airflow/example_dags/example_branch_datetime_operator.py
[2024-07-07T23:45:03.345+0500] {processor.py:840} INFO - DAG(s) 'example_branch_datetime_operator', 'example_branch_datetime_operator_3', 'example_branch_datetime_operator_2' retrieved from /home/nicolaspc/anaconda3/envs/mlops_env/lib/python3.12/site-packages/airflow/example_dags/example_branch_datetime_operator.py
[2024-07-07T23:45:03.369+0500] {logging_mixin.py:188} INFO - [2024-07-07T23:45:03.369+0500] {dag.py:3096} INFO - Sync 3 DAGs
[2024-07-07T23:45:03.386+0500] {logging_mixin.py:188} INFO - [2024-07-07T23:45:03.386+0500] {dag.py:3954} INFO - Setting next_dagrun for example_branch_datetime_operator to 2024-07-06 00:00:00+00:00, run_after=2024-07-07 00:00:00+00:00
[2024-07-07T23:45:03.390+0500] {logging_mixin.py:188} INFO - [2024-07-07T23:45:03.389+0500] {dag.py:3954} INFO - Setting next_dagrun for example_branch_datetime_operator_2 to 2024-07-06 00:00:00+00:00, run_after=2024-07-07 00:00:00+00:00
[2024-07-07T23:45:03.391+0500] {logging_mixin.py:188} INFO - [2024-07-07T23:45:03.391+0500] {dag.py:3954} INFO - Setting next_dagrun for example_branch_datetime_operator_3 to 2024-07-06 00:00:00+00:00, run_after=2024-07-07 00:00:00+00:00
[2024-07-07T23:45:03.405+0500] {processor.py:183} INFO - Processing /home/nicolaspc/anaconda3/envs/mlops_env/lib/python3.12/site-packages/airflow/example_dags/example_branch_datetime_operator.py took 0.073 seconds
[2024-07-07T23:45:33.932+0500] {processor.py:161} INFO - Started process (PID=21072) to work on /home/nicolaspc/anaconda3/envs/mlops_env/lib/python3.12/site-packages/airflow/example_dags/example_branch_datetime_operator.py
[2024-07-07T23:45:33.933+0500] {processor.py:830} INFO - Processing file /home/nicolaspc/anaconda3/envs/mlops_env/lib/python3.12/site-packages/airflow/example_dags/example_branch_datetime_operator.py for tasks to queue
[2024-07-07T23:45:33.933+0500] {logging_mixin.py:188} INFO - [2024-07-07T23:45:33.933+0500] {dagbag.py:545} INFO - Filling up the DagBag from /home/nicolaspc/anaconda3/envs/mlops_env/lib/python3.12/site-packages/airflow/example_dags/example_branch_datetime_operator.py
[2024-07-07T23:45:33.939+0500] {processor.py:840} INFO - DAG(s) 'example_branch_datetime_operator_2', 'example_branch_datetime_operator', 'example_branch_datetime_operator_3' retrieved from /home/nicolaspc/anaconda3/envs/mlops_env/lib/python3.12/site-packages/airflow/example_dags/example_branch_datetime_operator.py
[2024-07-07T23:45:33.968+0500] {logging_mixin.py:188} INFO - [2024-07-07T23:45:33.968+0500] {dag.py:3096} INFO - Sync 3 DAGs
[2024-07-07T23:45:33.985+0500] {logging_mixin.py:188} INFO - [2024-07-07T23:45:33.985+0500] {dag.py:3954} INFO - Setting next_dagrun for example_branch_datetime_operator to 2024-07-06 00:00:00+00:00, run_after=2024-07-07 00:00:00+00:00
[2024-07-07T23:45:33.989+0500] {logging_mixin.py:188} INFO - [2024-07-07T23:45:33.988+0500] {dag.py:3954} INFO - Setting next_dagrun for example_branch_datetime_operator_2 to 2024-07-06 00:00:00+00:00, run_after=2024-07-07 00:00:00+00:00
[2024-07-07T23:45:33.990+0500] {logging_mixin.py:188} INFO - [2024-07-07T23:45:33.990+0500] {dag.py:3954} INFO - Setting next_dagrun for example_branch_datetime_operator_3 to 2024-07-06 00:00:00+00:00, run_after=2024-07-07 00:00:00+00:00
[2024-07-07T23:45:34.005+0500] {processor.py:183} INFO - Processing /home/nicolaspc/anaconda3/envs/mlops_env/lib/python3.12/site-packages/airflow/example_dags/example_branch_datetime_operator.py took 0.079 seconds
[2024-07-07T23:46:04.681+0500] {processor.py:161} INFO - Started process (PID=21410) to work on /home/nicolaspc/anaconda3/envs/mlops_env/lib/python3.12/site-packages/airflow/example_dags/example_branch_datetime_operator.py
[2024-07-07T23:46:04.682+0500] {processor.py:830} INFO - Processing file /home/nicolaspc/anaconda3/envs/mlops_env/lib/python3.12/site-packages/airflow/example_dags/example_branch_datetime_operator.py for tasks to queue
[2024-07-07T23:46:04.683+0500] {logging_mixin.py:188} INFO - [2024-07-07T23:46:04.682+0500] {dagbag.py:545} INFO - Filling up the DagBag from /home/nicolaspc/anaconda3/envs/mlops_env/lib/python3.12/site-packages/airflow/example_dags/example_branch_datetime_operator.py
[2024-07-07T23:46:04.688+0500] {processor.py:840} INFO - DAG(s) 'example_branch_datetime_operator', 'example_branch_datetime_operator_3', 'example_branch_datetime_operator_2' retrieved from /home/nicolaspc/anaconda3/envs/mlops_env/lib/python3.12/site-packages/airflow/example_dags/example_branch_datetime_operator.py
[2024-07-07T23:46:04.714+0500] {logging_mixin.py:188} INFO - [2024-07-07T23:46:04.714+0500] {dag.py:3096} INFO - Sync 3 DAGs
[2024-07-07T23:46:04.732+0500] {logging_mixin.py:188} INFO - [2024-07-07T23:46:04.732+0500] {dag.py:3954} INFO - Setting next_dagrun for example_branch_datetime_operator to 2024-07-06 00:00:00+00:00, run_after=2024-07-07 00:00:00+00:00
[2024-07-07T23:46:04.736+0500] {logging_mixin.py:188} INFO - [2024-07-07T23:46:04.736+0500] {dag.py:3954} INFO - Setting next_dagrun for example_branch_datetime_operator_2 to 2024-07-06 00:00:00+00:00, run_after=2024-07-07 00:00:00+00:00
[2024-07-07T23:46:04.737+0500] {logging_mixin.py:188} INFO - [2024-07-07T23:46:04.737+0500] {dag.py:3954} INFO - Setting next_dagrun for example_branch_datetime_operator_3 to 2024-07-06 00:00:00+00:00, run_after=2024-07-07 00:00:00+00:00
[2024-07-07T23:46:04.751+0500] {processor.py:183} INFO - Processing /home/nicolaspc/anaconda3/envs/mlops_env/lib/python3.12/site-packages/airflow/example_dags/example_branch_datetime_operator.py took 0.077 seconds
[2024-07-07T23:46:35.319+0500] {processor.py:161} INFO - Started process (PID=21775) to work on /home/nicolaspc/anaconda3/envs/mlops_env/lib/python3.12/site-packages/airflow/example_dags/example_branch_datetime_operator.py
[2024-07-07T23:46:35.320+0500] {processor.py:830} INFO - Processing file /home/nicolaspc/anaconda3/envs/mlops_env/lib/python3.12/site-packages/airflow/example_dags/example_branch_datetime_operator.py for tasks to queue
[2024-07-07T23:46:35.321+0500] {logging_mixin.py:188} INFO - [2024-07-07T23:46:35.320+0500] {dagbag.py:545} INFO - Filling up the DagBag from /home/nicolaspc/anaconda3/envs/mlops_env/lib/python3.12/site-packages/airflow/example_dags/example_branch_datetime_operator.py
[2024-07-07T23:46:35.329+0500] {processor.py:840} INFO - DAG(s) 'example_branch_datetime_operator', 'example_branch_datetime_operator_2', 'example_branch_datetime_operator_3' retrieved from /home/nicolaspc/anaconda3/envs/mlops_env/lib/python3.12/site-packages/airflow/example_dags/example_branch_datetime_operator.py
[2024-07-07T23:46:35.369+0500] {logging_mixin.py:188} INFO - [2024-07-07T23:46:35.368+0500] {dag.py:3096} INFO - Sync 3 DAGs
[2024-07-07T23:46:35.396+0500] {logging_mixin.py:188} INFO - [2024-07-07T23:46:35.396+0500] {dag.py:3954} INFO - Setting next_dagrun for example_branch_datetime_operator to 2024-07-06 00:00:00+00:00, run_after=2024-07-07 00:00:00+00:00
[2024-07-07T23:46:35.402+0500] {logging_mixin.py:188} INFO - [2024-07-07T23:46:35.402+0500] {dag.py:3954} INFO - Setting next_dagrun for example_branch_datetime_operator_2 to 2024-07-06 00:00:00+00:00, run_after=2024-07-07 00:00:00+00:00
[2024-07-07T23:46:35.405+0500] {logging_mixin.py:188} INFO - [2024-07-07T23:46:35.404+0500] {dag.py:3954} INFO - Setting next_dagrun for example_branch_datetime_operator_3 to 2024-07-06 00:00:00+00:00, run_after=2024-07-07 00:00:00+00:00
[2024-07-07T23:46:35.427+0500] {processor.py:183} INFO - Processing /home/nicolaspc/anaconda3/envs/mlops_env/lib/python3.12/site-packages/airflow/example_dags/example_branch_datetime_operator.py took 0.116 seconds
[2024-07-07T23:47:06.018+0500] {processor.py:161} INFO - Started process (PID=22106) to work on /home/nicolaspc/anaconda3/envs/mlops_env/lib/python3.12/site-packages/airflow/example_dags/example_branch_datetime_operator.py
[2024-07-07T23:47:06.019+0500] {processor.py:830} INFO - Processing file /home/nicolaspc/anaconda3/envs/mlops_env/lib/python3.12/site-packages/airflow/example_dags/example_branch_datetime_operator.py for tasks to queue
[2024-07-07T23:47:06.019+0500] {logging_mixin.py:188} INFO - [2024-07-07T23:47:06.019+0500] {dagbag.py:545} INFO - Filling up the DagBag from /home/nicolaspc/anaconda3/envs/mlops_env/lib/python3.12/site-packages/airflow/example_dags/example_branch_datetime_operator.py
[2024-07-07T23:47:06.025+0500] {processor.py:840} INFO - DAG(s) 'example_branch_datetime_operator', 'example_branch_datetime_operator_2', 'example_branch_datetime_operator_3' retrieved from /home/nicolaspc/anaconda3/envs/mlops_env/lib/python3.12/site-packages/airflow/example_dags/example_branch_datetime_operator.py
[2024-07-07T23:47:06.052+0500] {logging_mixin.py:188} INFO - [2024-07-07T23:47:06.052+0500] {dag.py:3096} INFO - Sync 3 DAGs
[2024-07-07T23:47:06.069+0500] {logging_mixin.py:188} INFO - [2024-07-07T23:47:06.069+0500] {dag.py:3954} INFO - Setting next_dagrun for example_branch_datetime_operator to 2024-07-06 00:00:00+00:00, run_after=2024-07-07 00:00:00+00:00
[2024-07-07T23:47:06.073+0500] {logging_mixin.py:188} INFO - [2024-07-07T23:47:06.072+0500] {dag.py:3954} INFO - Setting next_dagrun for example_branch_datetime_operator_2 to 2024-07-06 00:00:00+00:00, run_after=2024-07-07 00:00:00+00:00
[2024-07-07T23:47:06.074+0500] {logging_mixin.py:188} INFO - [2024-07-07T23:47:06.074+0500] {dag.py:3954} INFO - Setting next_dagrun for example_branch_datetime_operator_3 to 2024-07-06 00:00:00+00:00, run_after=2024-07-07 00:00:00+00:00
[2024-07-07T23:47:06.089+0500] {processor.py:183} INFO - Processing /home/nicolaspc/anaconda3/envs/mlops_env/lib/python3.12/site-packages/airflow/example_dags/example_branch_datetime_operator.py took 0.077 seconds
[2024-07-07T23:47:36.538+0500] {processor.py:161} INFO - Started process (PID=22436) to work on /home/nicolaspc/anaconda3/envs/mlops_env/lib/python3.12/site-packages/airflow/example_dags/example_branch_datetime_operator.py
[2024-07-07T23:47:36.539+0500] {processor.py:830} INFO - Processing file /home/nicolaspc/anaconda3/envs/mlops_env/lib/python3.12/site-packages/airflow/example_dags/example_branch_datetime_operator.py for tasks to queue
[2024-07-07T23:47:36.539+0500] {logging_mixin.py:188} INFO - [2024-07-07T23:47:36.539+0500] {dagbag.py:545} INFO - Filling up the DagBag from /home/nicolaspc/anaconda3/envs/mlops_env/lib/python3.12/site-packages/airflow/example_dags/example_branch_datetime_operator.py
[2024-07-07T23:47:36.545+0500] {processor.py:840} INFO - DAG(s) 'example_branch_datetime_operator_3', 'example_branch_datetime_operator', 'example_branch_datetime_operator_2' retrieved from /home/nicolaspc/anaconda3/envs/mlops_env/lib/python3.12/site-packages/airflow/example_dags/example_branch_datetime_operator.py
[2024-07-07T23:47:36.570+0500] {logging_mixin.py:188} INFO - [2024-07-07T23:47:36.569+0500] {dag.py:3096} INFO - Sync 3 DAGs
[2024-07-07T23:47:36.586+0500] {logging_mixin.py:188} INFO - [2024-07-07T23:47:36.586+0500] {dag.py:3954} INFO - Setting next_dagrun for example_branch_datetime_operator to 2024-07-06 00:00:00+00:00, run_after=2024-07-07 00:00:00+00:00
[2024-07-07T23:47:36.589+0500] {logging_mixin.py:188} INFO - [2024-07-07T23:47:36.589+0500] {dag.py:3954} INFO - Setting next_dagrun for example_branch_datetime_operator_2 to 2024-07-06 00:00:00+00:00, run_after=2024-07-07 00:00:00+00:00
[2024-07-07T23:47:36.591+0500] {logging_mixin.py:188} INFO - [2024-07-07T23:47:36.591+0500] {dag.py:3954} INFO - Setting next_dagrun for example_branch_datetime_operator_3 to 2024-07-06 00:00:00+00:00, run_after=2024-07-07 00:00:00+00:00
[2024-07-07T23:47:36.606+0500] {processor.py:183} INFO - Processing /home/nicolaspc/anaconda3/envs/mlops_env/lib/python3.12/site-packages/airflow/example_dags/example_branch_datetime_operator.py took 0.074 seconds
[2024-07-07T23:48:07.110+0500] {processor.py:161} INFO - Started process (PID=22761) to work on /home/nicolaspc/anaconda3/envs/mlops_env/lib/python3.12/site-packages/airflow/example_dags/example_branch_datetime_operator.py
[2024-07-07T23:48:07.111+0500] {processor.py:830} INFO - Processing file /home/nicolaspc/anaconda3/envs/mlops_env/lib/python3.12/site-packages/airflow/example_dags/example_branch_datetime_operator.py for tasks to queue
[2024-07-07T23:48:07.111+0500] {logging_mixin.py:188} INFO - [2024-07-07T23:48:07.111+0500] {dagbag.py:545} INFO - Filling up the DagBag from /home/nicolaspc/anaconda3/envs/mlops_env/lib/python3.12/site-packages/airflow/example_dags/example_branch_datetime_operator.py
[2024-07-07T23:48:07.117+0500] {processor.py:840} INFO - DAG(s) 'example_branch_datetime_operator_3', 'example_branch_datetime_operator_2', 'example_branch_datetime_operator' retrieved from /home/nicolaspc/anaconda3/envs/mlops_env/lib/python3.12/site-packages/airflow/example_dags/example_branch_datetime_operator.py
[2024-07-07T23:48:07.142+0500] {logging_mixin.py:188} INFO - [2024-07-07T23:48:07.142+0500] {dag.py:3096} INFO - Sync 3 DAGs
[2024-07-07T23:48:07.160+0500] {logging_mixin.py:188} INFO - [2024-07-07T23:48:07.160+0500] {dag.py:3954} INFO - Setting next_dagrun for example_branch_datetime_operator to 2024-07-06 00:00:00+00:00, run_after=2024-07-07 00:00:00+00:00
[2024-07-07T23:48:07.163+0500] {logging_mixin.py:188} INFO - [2024-07-07T23:48:07.163+0500] {dag.py:3954} INFO - Setting next_dagrun for example_branch_datetime_operator_2 to 2024-07-06 00:00:00+00:00, run_after=2024-07-07 00:00:00+00:00
[2024-07-07T23:48:07.165+0500] {logging_mixin.py:188} INFO - [2024-07-07T23:48:07.165+0500] {dag.py:3954} INFO - Setting next_dagrun for example_branch_datetime_operator_3 to 2024-07-06 00:00:00+00:00, run_after=2024-07-07 00:00:00+00:00
[2024-07-07T23:48:07.179+0500] {processor.py:183} INFO - Processing /home/nicolaspc/anaconda3/envs/mlops_env/lib/python3.12/site-packages/airflow/example_dags/example_branch_datetime_operator.py took 0.075 seconds
[2024-07-07T23:48:37.879+0500] {processor.py:161} INFO - Started process (PID=23117) to work on /home/nicolaspc/anaconda3/envs/mlops_env/lib/python3.12/site-packages/airflow/example_dags/example_branch_datetime_operator.py
[2024-07-07T23:48:37.880+0500] {processor.py:830} INFO - Processing file /home/nicolaspc/anaconda3/envs/mlops_env/lib/python3.12/site-packages/airflow/example_dags/example_branch_datetime_operator.py for tasks to queue
[2024-07-07T23:48:37.881+0500] {logging_mixin.py:188} INFO - [2024-07-07T23:48:37.880+0500] {dagbag.py:545} INFO - Filling up the DagBag from /home/nicolaspc/anaconda3/envs/mlops_env/lib/python3.12/site-packages/airflow/example_dags/example_branch_datetime_operator.py
[2024-07-07T23:48:37.886+0500] {processor.py:840} INFO - DAG(s) 'example_branch_datetime_operator', 'example_branch_datetime_operator_2', 'example_branch_datetime_operator_3' retrieved from /home/nicolaspc/anaconda3/envs/mlops_env/lib/python3.12/site-packages/airflow/example_dags/example_branch_datetime_operator.py
[2024-07-07T23:48:37.912+0500] {logging_mixin.py:188} INFO - [2024-07-07T23:48:37.912+0500] {dag.py:3096} INFO - Sync 3 DAGs
[2024-07-07T23:48:37.930+0500] {logging_mixin.py:188} INFO - [2024-07-07T23:48:37.930+0500] {dag.py:3954} INFO - Setting next_dagrun for example_branch_datetime_operator to 2024-07-06 00:00:00+00:00, run_after=2024-07-07 00:00:00+00:00
[2024-07-07T23:48:37.933+0500] {logging_mixin.py:188} INFO - [2024-07-07T23:48:37.933+0500] {dag.py:3954} INFO - Setting next_dagrun for example_branch_datetime_operator_2 to 2024-07-06 00:00:00+00:00, run_after=2024-07-07 00:00:00+00:00
[2024-07-07T23:48:37.935+0500] {logging_mixin.py:188} INFO - [2024-07-07T23:48:37.935+0500] {dag.py:3954} INFO - Setting next_dagrun for example_branch_datetime_operator_3 to 2024-07-06 00:00:00+00:00, run_after=2024-07-07 00:00:00+00:00
[2024-07-07T23:48:37.949+0500] {processor.py:183} INFO - Processing /home/nicolaspc/anaconda3/envs/mlops_env/lib/python3.12/site-packages/airflow/example_dags/example_branch_datetime_operator.py took 0.077 seconds
[2024-07-07T23:49:09.507+0500] {processor.py:161} INFO - Started process (PID=23639) to work on /home/nicolaspc/anaconda3/envs/mlops_env/lib/python3.12/site-packages/airflow/example_dags/example_branch_datetime_operator.py
[2024-07-07T23:49:09.507+0500] {processor.py:830} INFO - Processing file /home/nicolaspc/anaconda3/envs/mlops_env/lib/python3.12/site-packages/airflow/example_dags/example_branch_datetime_operator.py for tasks to queue
[2024-07-07T23:49:09.508+0500] {logging_mixin.py:188} INFO - [2024-07-07T23:49:09.508+0500] {dagbag.py:545} INFO - Filling up the DagBag from /home/nicolaspc/anaconda3/envs/mlops_env/lib/python3.12/site-packages/airflow/example_dags/example_branch_datetime_operator.py
[2024-07-07T23:49:09.514+0500] {processor.py:840} INFO - DAG(s) 'example_branch_datetime_operator', 'example_branch_datetime_operator_2', 'example_branch_datetime_operator_3' retrieved from /home/nicolaspc/anaconda3/envs/mlops_env/lib/python3.12/site-packages/airflow/example_dags/example_branch_datetime_operator.py
[2024-07-07T23:49:09.605+0500] {logging_mixin.py:188} INFO - [2024-07-07T23:49:09.605+0500] {dag.py:3096} INFO - Sync 3 DAGs
[2024-07-07T23:49:09.621+0500] {logging_mixin.py:188} INFO - [2024-07-07T23:49:09.621+0500] {dag.py:3954} INFO - Setting next_dagrun for example_branch_datetime_operator to 2024-07-06 00:00:00+00:00, run_after=2024-07-07 00:00:00+00:00
[2024-07-07T23:49:09.624+0500] {logging_mixin.py:188} INFO - [2024-07-07T23:49:09.624+0500] {dag.py:3954} INFO - Setting next_dagrun for example_branch_datetime_operator_2 to 2024-07-06 00:00:00+00:00, run_after=2024-07-07 00:00:00+00:00
[2024-07-07T23:49:09.626+0500] {logging_mixin.py:188} INFO - [2024-07-07T23:49:09.625+0500] {dag.py:3954} INFO - Setting next_dagrun for example_branch_datetime_operator_3 to 2024-07-06 00:00:00+00:00, run_after=2024-07-07 00:00:00+00:00
[2024-07-07T23:49:09.641+0500] {processor.py:183} INFO - Processing /home/nicolaspc/anaconda3/envs/mlops_env/lib/python3.12/site-packages/airflow/example_dags/example_branch_datetime_operator.py took 0.140 seconds
[2024-07-07T23:49:40.305+0500] {processor.py:161} INFO - Started process (PID=23997) to work on /home/nicolaspc/anaconda3/envs/mlops_env/lib/python3.12/site-packages/airflow/example_dags/example_branch_datetime_operator.py
[2024-07-07T23:49:40.306+0500] {processor.py:830} INFO - Processing file /home/nicolaspc/anaconda3/envs/mlops_env/lib/python3.12/site-packages/airflow/example_dags/example_branch_datetime_operator.py for tasks to queue
[2024-07-07T23:49:40.306+0500] {logging_mixin.py:188} INFO - [2024-07-07T23:49:40.306+0500] {dagbag.py:545} INFO - Filling up the DagBag from /home/nicolaspc/anaconda3/envs/mlops_env/lib/python3.12/site-packages/airflow/example_dags/example_branch_datetime_operator.py
[2024-07-07T23:49:40.312+0500] {processor.py:840} INFO - DAG(s) 'example_branch_datetime_operator', 'example_branch_datetime_operator_2', 'example_branch_datetime_operator_3' retrieved from /home/nicolaspc/anaconda3/envs/mlops_env/lib/python3.12/site-packages/airflow/example_dags/example_branch_datetime_operator.py
[2024-07-07T23:49:40.336+0500] {logging_mixin.py:188} INFO - [2024-07-07T23:49:40.336+0500] {dag.py:3096} INFO - Sync 3 DAGs
[2024-07-07T23:49:40.353+0500] {logging_mixin.py:188} INFO - [2024-07-07T23:49:40.353+0500] {dag.py:3954} INFO - Setting next_dagrun for example_branch_datetime_operator to 2024-07-06 00:00:00+00:00, run_after=2024-07-07 00:00:00+00:00
[2024-07-07T23:49:40.356+0500] {logging_mixin.py:188} INFO - [2024-07-07T23:49:40.356+0500] {dag.py:3954} INFO - Setting next_dagrun for example_branch_datetime_operator_2 to 2024-07-06 00:00:00+00:00, run_after=2024-07-07 00:00:00+00:00
[2024-07-07T23:49:40.358+0500] {logging_mixin.py:188} INFO - [2024-07-07T23:49:40.358+0500] {dag.py:3954} INFO - Setting next_dagrun for example_branch_datetime_operator_3 to 2024-07-06 00:00:00+00:00, run_after=2024-07-07 00:00:00+00:00
[2024-07-07T23:49:40.371+0500] {processor.py:183} INFO - Processing /home/nicolaspc/anaconda3/envs/mlops_env/lib/python3.12/site-packages/airflow/example_dags/example_branch_datetime_operator.py took 0.072 seconds
