[2024-07-07T23:35:18.580+0500] {processor.py:161} INFO - Started process (PID=13330) to work on /home/nicolaspc/anaconda3/envs/mlops_env/lib/python3.12/site-packages/airflow/example_dags/example_setup_teardown.py
[2024-07-07T23:35:18.581+0500] {processor.py:830} INFO - Processing file /home/nicolaspc/anaconda3/envs/mlops_env/lib/python3.12/site-packages/airflow/example_dags/example_setup_teardown.py for tasks to queue
[2024-07-07T23:35:18.581+0500] {logging_mixin.py:188} INFO - [2024-07-07T23:35:18.581+0500] {dagbag.py:545} INFO - Filling up the DagBag from /home/nicolaspc/anaconda3/envs/mlops_env/lib/python3.12/site-packages/airflow/example_dags/example_setup_teardown.py
[2024-07-07T23:35:18.585+0500] {processor.py:840} INFO - DAG(s) 'example_setup_teardown' retrieved from /home/nicolaspc/anaconda3/envs/mlops_env/lib/python3.12/site-packages/airflow/example_dags/example_setup_teardown.py
[2024-07-07T23:35:18.605+0500] {logging_mixin.py:188} INFO - [2024-07-07T23:35:18.605+0500] {dag.py:3096} INFO - Sync 1 DAGs
[2024-07-07T23:35:18.622+0500] {logging_mixin.py:188} INFO - [2024-07-07T23:35:18.622+0500] {dag.py:3954} INFO - Setting next_dagrun for example_setup_teardown to 2024-07-06 00:00:00+00:00, run_after=2024-07-07 00:00:00+00:00
[2024-07-07T23:35:18.637+0500] {processor.py:183} INFO - Processing /home/nicolaspc/anaconda3/envs/mlops_env/lib/python3.12/site-packages/airflow/example_dags/example_setup_teardown.py took 0.063 seconds
[2024-07-07T23:35:49.311+0500] {processor.py:161} INFO - Started process (PID=13679) to work on /home/nicolaspc/anaconda3/envs/mlops_env/lib/python3.12/site-packages/airflow/example_dags/example_setup_teardown.py
[2024-07-07T23:35:49.311+0500] {processor.py:830} INFO - Processing file /home/nicolaspc/anaconda3/envs/mlops_env/lib/python3.12/site-packages/airflow/example_dags/example_setup_teardown.py for tasks to queue
[2024-07-07T23:35:49.312+0500] {logging_mixin.py:188} INFO - [2024-07-07T23:35:49.312+0500] {dagbag.py:545} INFO - Filling up the DagBag from /home/nicolaspc/anaconda3/envs/mlops_env/lib/python3.12/site-packages/airflow/example_dags/example_setup_teardown.py
[2024-07-07T23:35:49.316+0500] {processor.py:840} INFO - DAG(s) 'example_setup_teardown' retrieved from /home/nicolaspc/anaconda3/envs/mlops_env/lib/python3.12/site-packages/airflow/example_dags/example_setup_teardown.py
[2024-07-07T23:35:49.335+0500] {logging_mixin.py:188} INFO - [2024-07-07T23:35:49.335+0500] {dag.py:3096} INFO - Sync 1 DAGs
[2024-07-07T23:35:49.351+0500] {logging_mixin.py:188} INFO - [2024-07-07T23:35:49.351+0500] {dag.py:3954} INFO - Setting next_dagrun for example_setup_teardown to 2024-07-06 00:00:00+00:00, run_after=2024-07-07 00:00:00+00:00
[2024-07-07T23:35:49.367+0500] {processor.py:183} INFO - Processing /home/nicolaspc/anaconda3/envs/mlops_env/lib/python3.12/site-packages/airflow/example_dags/example_setup_teardown.py took 0.064 seconds
[2024-07-07T23:36:17.968+0500] {processor.py:161} INFO - Started process (PID=14012) to work on /home/nicolaspc/anaconda3/envs/mlops_env/lib/python3.12/site-packages/airflow/example_dags/example_setup_teardown.py
[2024-07-07T23:36:17.977+0500] {processor.py:830} INFO - Processing file /home/nicolaspc/anaconda3/envs/mlops_env/lib/python3.12/site-packages/airflow/example_dags/example_setup_teardown.py for tasks to queue
[2024-07-07T23:36:17.979+0500] {logging_mixin.py:188} INFO - [2024-07-07T23:36:17.979+0500] {dagbag.py:545} INFO - Filling up the DagBag from /home/nicolaspc/anaconda3/envs/mlops_env/lib/python3.12/site-packages/airflow/example_dags/example_setup_teardown.py
[2024-07-07T23:36:17.986+0500] {processor.py:840} INFO - DAG(s) 'example_setup_teardown' retrieved from /home/nicolaspc/anaconda3/envs/mlops_env/lib/python3.12/site-packages/airflow/example_dags/example_setup_teardown.py
[2024-07-07T23:36:18.064+0500] {logging_mixin.py:188} INFO - [2024-07-07T23:36:18.064+0500] {override.py:1829} INFO - Created Permission View: can delete on DAG:example_setup_teardown
[2024-07-07T23:36:18.078+0500] {logging_mixin.py:188} INFO - [2024-07-07T23:36:18.078+0500] {override.py:1829} INFO - Created Permission View: can edit on DAG:example_setup_teardown
[2024-07-07T23:36:18.089+0500] {logging_mixin.py:188} INFO - [2024-07-07T23:36:18.089+0500] {override.py:1829} INFO - Created Permission View: can read on DAG:example_setup_teardown
[2024-07-07T23:36:18.090+0500] {logging_mixin.py:188} INFO - [2024-07-07T23:36:18.090+0500] {dag.py:3096} INFO - Sync 1 DAGs
[2024-07-07T23:36:18.096+0500] {logging_mixin.py:188} INFO - [2024-07-07T23:36:18.096+0500] {dag.py:3118} INFO - Creating ORM DAG for example_setup_teardown
[2024-07-07T23:36:18.103+0500] {logging_mixin.py:188} INFO - [2024-07-07T23:36:18.103+0500] {dag.py:3954} INFO - Setting next_dagrun for example_setup_teardown to 2024-07-06 00:00:00+00:00, run_after=2024-07-07 00:00:00+00:00
[2024-07-07T23:36:18.124+0500] {processor.py:183} INFO - Processing /home/nicolaspc/anaconda3/envs/mlops_env/lib/python3.12/site-packages/airflow/example_dags/example_setup_teardown.py took 0.159 seconds
[2024-07-07T23:36:20.020+0500] {processor.py:161} INFO - Started process (PID=14094) to work on /home/nicolaspc/anaconda3/envs/mlops_env/lib/python3.12/site-packages/airflow/example_dags/example_setup_teardown.py
[2024-07-07T23:36:20.021+0500] {processor.py:830} INFO - Processing file /home/nicolaspc/anaconda3/envs/mlops_env/lib/python3.12/site-packages/airflow/example_dags/example_setup_teardown.py for tasks to queue
[2024-07-07T23:36:20.021+0500] {logging_mixin.py:188} INFO - [2024-07-07T23:36:20.021+0500] {dagbag.py:545} INFO - Filling up the DagBag from /home/nicolaspc/anaconda3/envs/mlops_env/lib/python3.12/site-packages/airflow/example_dags/example_setup_teardown.py
[2024-07-07T23:36:20.026+0500] {processor.py:840} INFO - DAG(s) 'example_setup_teardown' retrieved from /home/nicolaspc/anaconda3/envs/mlops_env/lib/python3.12/site-packages/airflow/example_dags/example_setup_teardown.py
[2024-07-07T23:36:20.045+0500] {logging_mixin.py:188} INFO - [2024-07-07T23:36:20.044+0500] {dag.py:3096} INFO - Sync 1 DAGs
[2024-07-07T23:36:20.060+0500] {logging_mixin.py:188} INFO - [2024-07-07T23:36:20.060+0500] {dag.py:3954} INFO - Setting next_dagrun for example_setup_teardown to 2024-07-06 00:00:00+00:00, run_after=2024-07-07 00:00:00+00:00
[2024-07-07T23:36:20.078+0500] {processor.py:183} INFO - Processing /home/nicolaspc/anaconda3/envs/mlops_env/lib/python3.12/site-packages/airflow/example_dags/example_setup_teardown.py took 0.063 seconds
[2024-07-07T23:36:50.665+0500] {processor.py:161} INFO - Started process (PID=14485) to work on /home/nicolaspc/anaconda3/envs/mlops_env/lib/python3.12/site-packages/airflow/example_dags/example_setup_teardown.py
[2024-07-07T23:36:50.665+0500] {processor.py:830} INFO - Processing file /home/nicolaspc/anaconda3/envs/mlops_env/lib/python3.12/site-packages/airflow/example_dags/example_setup_teardown.py for tasks to queue
[2024-07-07T23:36:50.666+0500] {logging_mixin.py:188} INFO - [2024-07-07T23:36:50.666+0500] {dagbag.py:545} INFO - Filling up the DagBag from /home/nicolaspc/anaconda3/envs/mlops_env/lib/python3.12/site-packages/airflow/example_dags/example_setup_teardown.py
[2024-07-07T23:36:50.670+0500] {processor.py:840} INFO - DAG(s) 'example_setup_teardown' retrieved from /home/nicolaspc/anaconda3/envs/mlops_env/lib/python3.12/site-packages/airflow/example_dags/example_setup_teardown.py
[2024-07-07T23:36:50.691+0500] {logging_mixin.py:188} INFO - [2024-07-07T23:36:50.690+0500] {dag.py:3096} INFO - Sync 1 DAGs
[2024-07-07T23:36:50.706+0500] {logging_mixin.py:188} INFO - [2024-07-07T23:36:50.706+0500] {dag.py:3954} INFO - Setting next_dagrun for example_setup_teardown to 2024-07-06 00:00:00+00:00, run_after=2024-07-07 00:00:00+00:00
[2024-07-07T23:36:50.721+0500] {processor.py:183} INFO - Processing /home/nicolaspc/anaconda3/envs/mlops_env/lib/python3.12/site-packages/airflow/example_dags/example_setup_teardown.py took 0.063 seconds
[2024-07-07T23:37:09.912+0500] {processor.py:161} INFO - Started process (PID=14759) to work on /home/nicolaspc/anaconda3/envs/mlops_env/lib/python3.12/site-packages/airflow/example_dags/example_setup_teardown.py
[2024-07-07T23:37:09.913+0500] {processor.py:830} INFO - Processing file /home/nicolaspc/anaconda3/envs/mlops_env/lib/python3.12/site-packages/airflow/example_dags/example_setup_teardown.py for tasks to queue
[2024-07-07T23:37:09.914+0500] {logging_mixin.py:188} INFO - [2024-07-07T23:37:09.914+0500] {dagbag.py:545} INFO - Filling up the DagBag from /home/nicolaspc/anaconda3/envs/mlops_env/lib/python3.12/site-packages/airflow/example_dags/example_setup_teardown.py
[2024-07-07T23:37:09.919+0500] {processor.py:840} INFO - DAG(s) 'example_setup_teardown' retrieved from /home/nicolaspc/anaconda3/envs/mlops_env/lib/python3.12/site-packages/airflow/example_dags/example_setup_teardown.py
[2024-07-07T23:37:09.929+0500] {logging_mixin.py:188} INFO - [2024-07-07T23:37:09.929+0500] {dag.py:3096} INFO - Sync 1 DAGs
[2024-07-07T23:37:09.941+0500] {logging_mixin.py:188} INFO - [2024-07-07T23:37:09.941+0500] {dag.py:3954} INFO - Setting next_dagrun for example_setup_teardown to 2024-07-06 00:00:00+00:00, run_after=2024-07-07 00:00:00+00:00
[2024-07-07T23:37:09.961+0500] {processor.py:183} INFO - Processing /home/nicolaspc/anaconda3/envs/mlops_env/lib/python3.12/site-packages/airflow/example_dags/example_setup_teardown.py took 0.053 seconds
[2024-07-07T23:37:21.056+0500] {processor.py:161} INFO - Started process (PID=14840) to work on /home/nicolaspc/anaconda3/envs/mlops_env/lib/python3.12/site-packages/airflow/example_dags/example_setup_teardown.py
[2024-07-07T23:37:21.056+0500] {processor.py:830} INFO - Processing file /home/nicolaspc/anaconda3/envs/mlops_env/lib/python3.12/site-packages/airflow/example_dags/example_setup_teardown.py for tasks to queue
[2024-07-07T23:37:21.057+0500] {logging_mixin.py:188} INFO - [2024-07-07T23:37:21.057+0500] {dagbag.py:545} INFO - Filling up the DagBag from /home/nicolaspc/anaconda3/envs/mlops_env/lib/python3.12/site-packages/airflow/example_dags/example_setup_teardown.py
[2024-07-07T23:37:21.061+0500] {processor.py:840} INFO - DAG(s) 'example_setup_teardown' retrieved from /home/nicolaspc/anaconda3/envs/mlops_env/lib/python3.12/site-packages/airflow/example_dags/example_setup_teardown.py
[2024-07-07T23:37:21.080+0500] {logging_mixin.py:188} INFO - [2024-07-07T23:37:21.080+0500] {dag.py:3096} INFO - Sync 1 DAGs
[2024-07-07T23:37:21.096+0500] {logging_mixin.py:188} INFO - [2024-07-07T23:37:21.096+0500] {dag.py:3954} INFO - Setting next_dagrun for example_setup_teardown to 2024-07-06 00:00:00+00:00, run_after=2024-07-07 00:00:00+00:00
[2024-07-07T23:37:21.112+0500] {processor.py:183} INFO - Processing /home/nicolaspc/anaconda3/envs/mlops_env/lib/python3.12/site-packages/airflow/example_dags/example_setup_teardown.py took 0.062 seconds
[2024-07-07T23:37:51.473+0500] {processor.py:161} INFO - Started process (PID=15227) to work on /home/nicolaspc/anaconda3/envs/mlops_env/lib/python3.12/site-packages/airflow/example_dags/example_setup_teardown.py
[2024-07-07T23:37:51.473+0500] {processor.py:830} INFO - Processing file /home/nicolaspc/anaconda3/envs/mlops_env/lib/python3.12/site-packages/airflow/example_dags/example_setup_teardown.py for tasks to queue
[2024-07-07T23:37:51.474+0500] {logging_mixin.py:188} INFO - [2024-07-07T23:37:51.474+0500] {dagbag.py:545} INFO - Filling up the DagBag from /home/nicolaspc/anaconda3/envs/mlops_env/lib/python3.12/site-packages/airflow/example_dags/example_setup_teardown.py
[2024-07-07T23:37:51.478+0500] {processor.py:840} INFO - DAG(s) 'example_setup_teardown' retrieved from /home/nicolaspc/anaconda3/envs/mlops_env/lib/python3.12/site-packages/airflow/example_dags/example_setup_teardown.py
[2024-07-07T23:37:51.498+0500] {logging_mixin.py:188} INFO - [2024-07-07T23:37:51.498+0500] {dag.py:3096} INFO - Sync 1 DAGs
[2024-07-07T23:37:51.514+0500] {logging_mixin.py:188} INFO - [2024-07-07T23:37:51.513+0500] {dag.py:3954} INFO - Setting next_dagrun for example_setup_teardown to 2024-07-06 00:00:00+00:00, run_after=2024-07-07 00:00:00+00:00
[2024-07-07T23:37:51.529+0500] {processor.py:183} INFO - Processing /home/nicolaspc/anaconda3/envs/mlops_env/lib/python3.12/site-packages/airflow/example_dags/example_setup_teardown.py took 0.063 seconds
[2024-07-07T23:37:51.909+0500] {processor.py:161} INFO - Started process (PID=15290) to work on /home/nicolaspc/anaconda3/envs/mlops_env/lib/python3.12/site-packages/airflow/example_dags/example_setup_teardown.py
[2024-07-07T23:37:51.910+0500] {processor.py:830} INFO - Processing file /home/nicolaspc/anaconda3/envs/mlops_env/lib/python3.12/site-packages/airflow/example_dags/example_setup_teardown.py for tasks to queue
[2024-07-07T23:37:51.911+0500] {logging_mixin.py:188} INFO - [2024-07-07T23:37:51.911+0500] {dagbag.py:545} INFO - Filling up the DagBag from /home/nicolaspc/anaconda3/envs/mlops_env/lib/python3.12/site-packages/airflow/example_dags/example_setup_teardown.py
[2024-07-07T23:37:51.916+0500] {processor.py:840} INFO - DAG(s) 'example_setup_teardown' retrieved from /home/nicolaspc/anaconda3/envs/mlops_env/lib/python3.12/site-packages/airflow/example_dags/example_setup_teardown.py
[2024-07-07T23:37:51.928+0500] {logging_mixin.py:188} INFO - [2024-07-07T23:37:51.927+0500] {dag.py:3096} INFO - Sync 1 DAGs
[2024-07-07T23:37:51.941+0500] {logging_mixin.py:188} INFO - [2024-07-07T23:37:51.941+0500] {dag.py:3954} INFO - Setting next_dagrun for example_setup_teardown to 2024-07-06 00:00:00+00:00, run_after=2024-07-07 00:00:00+00:00
[2024-07-07T23:37:51.968+0500] {processor.py:183} INFO - Processing /home/nicolaspc/anaconda3/envs/mlops_env/lib/python3.12/site-packages/airflow/example_dags/example_setup_teardown.py took 0.062 seconds
[2024-07-07T23:38:22.164+0500] {processor.py:161} INFO - Started process (PID=15618) to work on /home/nicolaspc/anaconda3/envs/mlops_env/lib/python3.12/site-packages/airflow/example_dags/example_setup_teardown.py
[2024-07-07T23:38:22.165+0500] {processor.py:830} INFO - Processing file /home/nicolaspc/anaconda3/envs/mlops_env/lib/python3.12/site-packages/airflow/example_dags/example_setup_teardown.py for tasks to queue
[2024-07-07T23:38:22.165+0500] {logging_mixin.py:188} INFO - [2024-07-07T23:38:22.165+0500] {dagbag.py:545} INFO - Filling up the DagBag from /home/nicolaspc/anaconda3/envs/mlops_env/lib/python3.12/site-packages/airflow/example_dags/example_setup_teardown.py
[2024-07-07T23:38:22.170+0500] {processor.py:840} INFO - DAG(s) 'example_setup_teardown' retrieved from /home/nicolaspc/anaconda3/envs/mlops_env/lib/python3.12/site-packages/airflow/example_dags/example_setup_teardown.py
[2024-07-07T23:38:22.191+0500] {logging_mixin.py:188} INFO - [2024-07-07T23:38:22.191+0500] {dag.py:3096} INFO - Sync 1 DAGs
[2024-07-07T23:38:22.207+0500] {logging_mixin.py:188} INFO - [2024-07-07T23:38:22.206+0500] {dag.py:3954} INFO - Setting next_dagrun for example_setup_teardown to 2024-07-06 00:00:00+00:00, run_after=2024-07-07 00:00:00+00:00
[2024-07-07T23:38:22.222+0500] {processor.py:183} INFO - Processing /home/nicolaspc/anaconda3/envs/mlops_env/lib/python3.12/site-packages/airflow/example_dags/example_setup_teardown.py took 0.063 seconds
[2024-07-07T23:38:40.282+0500] {processor.py:161} INFO - Started process (PID=15920) to work on /home/nicolaspc/anaconda3/envs/mlops_env/lib/python3.12/site-packages/airflow/example_dags/example_setup_teardown.py
[2024-07-07T23:38:40.290+0500] {processor.py:830} INFO - Processing file /home/nicolaspc/anaconda3/envs/mlops_env/lib/python3.12/site-packages/airflow/example_dags/example_setup_teardown.py for tasks to queue
[2024-07-07T23:38:40.292+0500] {logging_mixin.py:188} INFO - [2024-07-07T23:38:40.292+0500] {dagbag.py:545} INFO - Filling up the DagBag from /home/nicolaspc/anaconda3/envs/mlops_env/lib/python3.12/site-packages/airflow/example_dags/example_setup_teardown.py
[2024-07-07T23:38:40.296+0500] {processor.py:840} INFO - DAG(s) 'example_setup_teardown' retrieved from /home/nicolaspc/anaconda3/envs/mlops_env/lib/python3.12/site-packages/airflow/example_dags/example_setup_teardown.py
[2024-07-07T23:38:40.306+0500] {logging_mixin.py:188} INFO - [2024-07-07T23:38:40.306+0500] {dag.py:3096} INFO - Sync 1 DAGs
[2024-07-07T23:38:40.318+0500] {logging_mixin.py:188} INFO - [2024-07-07T23:38:40.318+0500] {dag.py:3954} INFO - Setting next_dagrun for example_setup_teardown to 2024-07-06 00:00:00+00:00, run_after=2024-07-07 00:00:00+00:00
[2024-07-07T23:38:40.338+0500] {processor.py:183} INFO - Processing /home/nicolaspc/anaconda3/envs/mlops_env/lib/python3.12/site-packages/airflow/example_dags/example_setup_teardown.py took 0.059 seconds
[2024-07-07T23:38:52.926+0500] {processor.py:161} INFO - Started process (PID=16004) to work on /home/nicolaspc/anaconda3/envs/mlops_env/lib/python3.12/site-packages/airflow/example_dags/example_setup_teardown.py
[2024-07-07T23:38:52.927+0500] {processor.py:830} INFO - Processing file /home/nicolaspc/anaconda3/envs/mlops_env/lib/python3.12/site-packages/airflow/example_dags/example_setup_teardown.py for tasks to queue
[2024-07-07T23:38:52.927+0500] {logging_mixin.py:188} INFO - [2024-07-07T23:38:52.927+0500] {dagbag.py:545} INFO - Filling up the DagBag from /home/nicolaspc/anaconda3/envs/mlops_env/lib/python3.12/site-packages/airflow/example_dags/example_setup_teardown.py
[2024-07-07T23:38:52.931+0500] {processor.py:840} INFO - DAG(s) 'example_setup_teardown' retrieved from /home/nicolaspc/anaconda3/envs/mlops_env/lib/python3.12/site-packages/airflow/example_dags/example_setup_teardown.py
[2024-07-07T23:38:52.952+0500] {logging_mixin.py:188} INFO - [2024-07-07T23:38:52.952+0500] {dag.py:3096} INFO - Sync 1 DAGs
[2024-07-07T23:38:52.968+0500] {logging_mixin.py:188} INFO - [2024-07-07T23:38:52.967+0500] {dag.py:3954} INFO - Setting next_dagrun for example_setup_teardown to 2024-07-06 00:00:00+00:00, run_after=2024-07-07 00:00:00+00:00
[2024-07-07T23:38:52.983+0500] {processor.py:183} INFO - Processing /home/nicolaspc/anaconda3/envs/mlops_env/lib/python3.12/site-packages/airflow/example_dags/example_setup_teardown.py took 0.063 seconds
[2024-07-07T23:39:22.702+0500] {processor.py:161} INFO - Started process (PID=16330) to work on /home/nicolaspc/anaconda3/envs/mlops_env/lib/python3.12/site-packages/airflow/example_dags/example_setup_teardown.py
[2024-07-07T23:39:22.710+0500] {processor.py:830} INFO - Processing file /home/nicolaspc/anaconda3/envs/mlops_env/lib/python3.12/site-packages/airflow/example_dags/example_setup_teardown.py for tasks to queue
[2024-07-07T23:39:22.712+0500] {logging_mixin.py:188} INFO - [2024-07-07T23:39:22.712+0500] {dagbag.py:545} INFO - Filling up the DagBag from /home/nicolaspc/anaconda3/envs/mlops_env/lib/python3.12/site-packages/airflow/example_dags/example_setup_teardown.py
[2024-07-07T23:39:22.716+0500] {processor.py:840} INFO - DAG(s) 'example_setup_teardown' retrieved from /home/nicolaspc/anaconda3/envs/mlops_env/lib/python3.12/site-packages/airflow/example_dags/example_setup_teardown.py
[2024-07-07T23:39:22.726+0500] {logging_mixin.py:188} INFO - [2024-07-07T23:39:22.726+0500] {dag.py:3096} INFO - Sync 1 DAGs
[2024-07-07T23:39:22.738+0500] {logging_mixin.py:188} INFO - [2024-07-07T23:39:22.738+0500] {dag.py:3954} INFO - Setting next_dagrun for example_setup_teardown to 2024-07-06 00:00:00+00:00, run_after=2024-07-07 00:00:00+00:00
[2024-07-07T23:39:22.759+0500] {processor.py:183} INFO - Processing /home/nicolaspc/anaconda3/envs/mlops_env/lib/python3.12/site-packages/airflow/example_dags/example_setup_teardown.py took 0.061 seconds
[2024-07-07T23:39:23.548+0500] {processor.py:161} INFO - Started process (PID=16401) to work on /home/nicolaspc/anaconda3/envs/mlops_env/lib/python3.12/site-packages/airflow/example_dags/example_setup_teardown.py
[2024-07-07T23:39:23.548+0500] {processor.py:830} INFO - Processing file /home/nicolaspc/anaconda3/envs/mlops_env/lib/python3.12/site-packages/airflow/example_dags/example_setup_teardown.py for tasks to queue
[2024-07-07T23:39:23.549+0500] {logging_mixin.py:188} INFO - [2024-07-07T23:39:23.548+0500] {dagbag.py:545} INFO - Filling up the DagBag from /home/nicolaspc/anaconda3/envs/mlops_env/lib/python3.12/site-packages/airflow/example_dags/example_setup_teardown.py
[2024-07-07T23:39:23.553+0500] {processor.py:840} INFO - DAG(s) 'example_setup_teardown' retrieved from /home/nicolaspc/anaconda3/envs/mlops_env/lib/python3.12/site-packages/airflow/example_dags/example_setup_teardown.py
[2024-07-07T23:39:23.573+0500] {logging_mixin.py:188} INFO - [2024-07-07T23:39:23.573+0500] {dag.py:3096} INFO - Sync 1 DAGs
[2024-07-07T23:39:23.589+0500] {logging_mixin.py:188} INFO - [2024-07-07T23:39:23.589+0500] {dag.py:3954} INFO - Setting next_dagrun for example_setup_teardown to 2024-07-06 00:00:00+00:00, run_after=2024-07-07 00:00:00+00:00
[2024-07-07T23:39:23.605+0500] {processor.py:183} INFO - Processing /home/nicolaspc/anaconda3/envs/mlops_env/lib/python3.12/site-packages/airflow/example_dags/example_setup_teardown.py took 0.063 seconds
[2024-07-07T23:39:54.214+0500] {processor.py:161} INFO - Started process (PID=16757) to work on /home/nicolaspc/anaconda3/envs/mlops_env/lib/python3.12/site-packages/airflow/example_dags/example_setup_teardown.py
[2024-07-07T23:39:54.215+0500] {processor.py:830} INFO - Processing file /home/nicolaspc/anaconda3/envs/mlops_env/lib/python3.12/site-packages/airflow/example_dags/example_setup_teardown.py for tasks to queue
[2024-07-07T23:39:54.216+0500] {logging_mixin.py:188} INFO - [2024-07-07T23:39:54.215+0500] {dagbag.py:545} INFO - Filling up the DagBag from /home/nicolaspc/anaconda3/envs/mlops_env/lib/python3.12/site-packages/airflow/example_dags/example_setup_teardown.py
[2024-07-07T23:39:54.220+0500] {processor.py:840} INFO - DAG(s) 'example_setup_teardown' retrieved from /home/nicolaspc/anaconda3/envs/mlops_env/lib/python3.12/site-packages/airflow/example_dags/example_setup_teardown.py
[2024-07-07T23:39:54.241+0500] {logging_mixin.py:188} INFO - [2024-07-07T23:39:54.241+0500] {dag.py:3096} INFO - Sync 1 DAGs
[2024-07-07T23:39:54.257+0500] {logging_mixin.py:188} INFO - [2024-07-07T23:39:54.257+0500] {dag.py:3954} INFO - Setting next_dagrun for example_setup_teardown to 2024-07-06 00:00:00+00:00, run_after=2024-07-07 00:00:00+00:00
[2024-07-07T23:39:54.272+0500] {processor.py:183} INFO - Processing /home/nicolaspc/anaconda3/envs/mlops_env/lib/python3.12/site-packages/airflow/example_dags/example_setup_teardown.py took 0.063 seconds
[2024-07-07T23:40:03.483+0500] {processor.py:161} INFO - Started process (PID=17031) to work on /home/nicolaspc/anaconda3/envs/mlops_env/lib/python3.12/site-packages/airflow/example_dags/example_setup_teardown.py
[2024-07-07T23:40:03.491+0500] {processor.py:830} INFO - Processing file /home/nicolaspc/anaconda3/envs/mlops_env/lib/python3.12/site-packages/airflow/example_dags/example_setup_teardown.py for tasks to queue
[2024-07-07T23:40:03.492+0500] {logging_mixin.py:188} INFO - [2024-07-07T23:40:03.492+0500] {dagbag.py:545} INFO - Filling up the DagBag from /home/nicolaspc/anaconda3/envs/mlops_env/lib/python3.12/site-packages/airflow/example_dags/example_setup_teardown.py
[2024-07-07T23:40:03.497+0500] {processor.py:840} INFO - DAG(s) 'example_setup_teardown' retrieved from /home/nicolaspc/anaconda3/envs/mlops_env/lib/python3.12/site-packages/airflow/example_dags/example_setup_teardown.py
[2024-07-07T23:40:03.507+0500] {logging_mixin.py:188} INFO - [2024-07-07T23:40:03.507+0500] {dag.py:3096} INFO - Sync 1 DAGs
[2024-07-07T23:40:03.518+0500] {logging_mixin.py:188} INFO - [2024-07-07T23:40:03.518+0500] {dag.py:3954} INFO - Setting next_dagrun for example_setup_teardown to 2024-07-06 00:00:00+00:00, run_after=2024-07-07 00:00:00+00:00
[2024-07-07T23:40:03.543+0500] {processor.py:183} INFO - Processing /home/nicolaspc/anaconda3/envs/mlops_env/lib/python3.12/site-packages/airflow/example_dags/example_setup_teardown.py took 0.064 seconds
[2024-07-07T23:40:24.793+0500] {processor.py:161} INFO - Started process (PID=17187) to work on /home/nicolaspc/anaconda3/envs/mlops_env/lib/python3.12/site-packages/airflow/example_dags/example_setup_teardown.py
[2024-07-07T23:40:24.794+0500] {processor.py:830} INFO - Processing file /home/nicolaspc/anaconda3/envs/mlops_env/lib/python3.12/site-packages/airflow/example_dags/example_setup_teardown.py for tasks to queue
[2024-07-07T23:40:24.794+0500] {logging_mixin.py:188} INFO - [2024-07-07T23:40:24.794+0500] {dagbag.py:545} INFO - Filling up the DagBag from /home/nicolaspc/anaconda3/envs/mlops_env/lib/python3.12/site-packages/airflow/example_dags/example_setup_teardown.py
[2024-07-07T23:40:24.800+0500] {processor.py:840} INFO - DAG(s) 'example_setup_teardown' retrieved from /home/nicolaspc/anaconda3/envs/mlops_env/lib/python3.12/site-packages/airflow/example_dags/example_setup_teardown.py
[2024-07-07T23:40:24.823+0500] {logging_mixin.py:188} INFO - [2024-07-07T23:40:24.823+0500] {dag.py:3096} INFO - Sync 1 DAGs
[2024-07-07T23:40:24.843+0500] {logging_mixin.py:188} INFO - [2024-07-07T23:40:24.843+0500] {dag.py:3954} INFO - Setting next_dagrun for example_setup_teardown to 2024-07-06 00:00:00+00:00, run_after=2024-07-07 00:00:00+00:00
[2024-07-07T23:40:24.861+0500] {processor.py:183} INFO - Processing /home/nicolaspc/anaconda3/envs/mlops_env/lib/python3.12/site-packages/airflow/example_dags/example_setup_teardown.py took 0.074 seconds
[2024-07-07T23:40:42.164+0500] {processor.py:161} INFO - Started process (PID=17465) to work on /home/nicolaspc/anaconda3/envs/mlops_env/lib/python3.12/site-packages/airflow/example_dags/example_setup_teardown.py
[2024-07-07T23:40:42.165+0500] {processor.py:830} INFO - Processing file /home/nicolaspc/anaconda3/envs/mlops_env/lib/python3.12/site-packages/airflow/example_dags/example_setup_teardown.py for tasks to queue
[2024-07-07T23:40:42.167+0500] {logging_mixin.py:188} INFO - [2024-07-07T23:40:42.166+0500] {dagbag.py:545} INFO - Filling up the DagBag from /home/nicolaspc/anaconda3/envs/mlops_env/lib/python3.12/site-packages/airflow/example_dags/example_setup_teardown.py
[2024-07-07T23:40:42.173+0500] {processor.py:840} INFO - DAG(s) 'example_setup_teardown' retrieved from /home/nicolaspc/anaconda3/envs/mlops_env/lib/python3.12/site-packages/airflow/example_dags/example_setup_teardown.py
[2024-07-07T23:40:42.187+0500] {logging_mixin.py:188} INFO - [2024-07-07T23:40:42.186+0500] {dag.py:3096} INFO - Sync 1 DAGs
[2024-07-07T23:40:42.199+0500] {logging_mixin.py:188} INFO - [2024-07-07T23:40:42.198+0500] {dag.py:3954} INFO - Setting next_dagrun for example_setup_teardown to 2024-07-06 00:00:00+00:00, run_after=2024-07-07 00:00:00+00:00
[2024-07-07T23:40:42.219+0500] {processor.py:183} INFO - Processing /home/nicolaspc/anaconda3/envs/mlops_env/lib/python3.12/site-packages/airflow/example_dags/example_setup_teardown.py took 0.060 seconds
[2024-07-07T23:40:55.584+0500] {processor.py:161} INFO - Started process (PID=17553) to work on /home/nicolaspc/anaconda3/envs/mlops_env/lib/python3.12/site-packages/airflow/example_dags/example_setup_teardown.py
[2024-07-07T23:40:55.585+0500] {processor.py:830} INFO - Processing file /home/nicolaspc/anaconda3/envs/mlops_env/lib/python3.12/site-packages/airflow/example_dags/example_setup_teardown.py for tasks to queue
[2024-07-07T23:40:55.585+0500] {logging_mixin.py:188} INFO - [2024-07-07T23:40:55.585+0500] {dagbag.py:545} INFO - Filling up the DagBag from /home/nicolaspc/anaconda3/envs/mlops_env/lib/python3.12/site-packages/airflow/example_dags/example_setup_teardown.py
[2024-07-07T23:40:55.591+0500] {processor.py:840} INFO - DAG(s) 'example_setup_teardown' retrieved from /home/nicolaspc/anaconda3/envs/mlops_env/lib/python3.12/site-packages/airflow/example_dags/example_setup_teardown.py
[2024-07-07T23:40:55.614+0500] {logging_mixin.py:188} INFO - [2024-07-07T23:40:55.613+0500] {dag.py:3096} INFO - Sync 1 DAGs
[2024-07-07T23:40:55.632+0500] {logging_mixin.py:188} INFO - [2024-07-07T23:40:55.632+0500] {dag.py:3954} INFO - Setting next_dagrun for example_setup_teardown to 2024-07-06 00:00:00+00:00, run_after=2024-07-07 00:00:00+00:00
[2024-07-07T23:40:55.648+0500] {processor.py:183} INFO - Processing /home/nicolaspc/anaconda3/envs/mlops_env/lib/python3.12/site-packages/airflow/example_dags/example_setup_teardown.py took 0.070 seconds
[2024-07-07T23:41:23.461+0500] {processor.py:161} INFO - Started process (PID=17880) to work on /home/nicolaspc/anaconda3/envs/mlops_env/lib/python3.12/site-packages/airflow/example_dags/example_setup_teardown.py
[2024-07-07T23:41:23.462+0500] {processor.py:830} INFO - Processing file /home/nicolaspc/anaconda3/envs/mlops_env/lib/python3.12/site-packages/airflow/example_dags/example_setup_teardown.py for tasks to queue
[2024-07-07T23:41:23.463+0500] {logging_mixin.py:188} INFO - [2024-07-07T23:41:23.463+0500] {dagbag.py:545} INFO - Filling up the DagBag from /home/nicolaspc/anaconda3/envs/mlops_env/lib/python3.12/site-packages/airflow/example_dags/example_setup_teardown.py
[2024-07-07T23:41:23.467+0500] {processor.py:840} INFO - DAG(s) 'example_setup_teardown' retrieved from /home/nicolaspc/anaconda3/envs/mlops_env/lib/python3.12/site-packages/airflow/example_dags/example_setup_teardown.py
[2024-07-07T23:41:23.478+0500] {logging_mixin.py:188} INFO - [2024-07-07T23:41:23.478+0500] {dag.py:3096} INFO - Sync 1 DAGs
[2024-07-07T23:41:23.491+0500] {logging_mixin.py:188} INFO - [2024-07-07T23:41:23.491+0500] {dag.py:3954} INFO - Setting next_dagrun for example_setup_teardown to 2024-07-06 00:00:00+00:00, run_after=2024-07-07 00:00:00+00:00
[2024-07-07T23:41:23.513+0500] {processor.py:183} INFO - Processing /home/nicolaspc/anaconda3/envs/mlops_env/lib/python3.12/site-packages/airflow/example_dags/example_setup_teardown.py took 0.055 seconds
[2024-07-07T23:41:26.352+0500] {processor.py:161} INFO - Started process (PID=17967) to work on /home/nicolaspc/anaconda3/envs/mlops_env/lib/python3.12/site-packages/airflow/example_dags/example_setup_teardown.py
[2024-07-07T23:41:26.352+0500] {processor.py:830} INFO - Processing file /home/nicolaspc/anaconda3/envs/mlops_env/lib/python3.12/site-packages/airflow/example_dags/example_setup_teardown.py for tasks to queue
[2024-07-07T23:41:26.353+0500] {logging_mixin.py:188} INFO - [2024-07-07T23:41:26.353+0500] {dagbag.py:545} INFO - Filling up the DagBag from /home/nicolaspc/anaconda3/envs/mlops_env/lib/python3.12/site-packages/airflow/example_dags/example_setup_teardown.py
[2024-07-07T23:41:26.357+0500] {processor.py:840} INFO - DAG(s) 'example_setup_teardown' retrieved from /home/nicolaspc/anaconda3/envs/mlops_env/lib/python3.12/site-packages/airflow/example_dags/example_setup_teardown.py
[2024-07-07T23:41:26.379+0500] {logging_mixin.py:188} INFO - [2024-07-07T23:41:26.378+0500] {dag.py:3096} INFO - Sync 1 DAGs
[2024-07-07T23:41:26.395+0500] {logging_mixin.py:188} INFO - [2024-07-07T23:41:26.395+0500] {dag.py:3954} INFO - Setting next_dagrun for example_setup_teardown to 2024-07-06 00:00:00+00:00, run_after=2024-07-07 00:00:00+00:00
[2024-07-07T23:41:26.411+0500] {processor.py:183} INFO - Processing /home/nicolaspc/anaconda3/envs/mlops_env/lib/python3.12/site-packages/airflow/example_dags/example_setup_teardown.py took 0.065 seconds
[2024-07-07T23:41:57.260+0500] {processor.py:161} INFO - Started process (PID=18343) to work on /home/nicolaspc/anaconda3/envs/mlops_env/lib/python3.12/site-packages/airflow/example_dags/example_setup_teardown.py
[2024-07-07T23:41:57.261+0500] {processor.py:830} INFO - Processing file /home/nicolaspc/anaconda3/envs/mlops_env/lib/python3.12/site-packages/airflow/example_dags/example_setup_teardown.py for tasks to queue
[2024-07-07T23:41:57.261+0500] {logging_mixin.py:188} INFO - [2024-07-07T23:41:57.261+0500] {dagbag.py:545} INFO - Filling up the DagBag from /home/nicolaspc/anaconda3/envs/mlops_env/lib/python3.12/site-packages/airflow/example_dags/example_setup_teardown.py
[2024-07-07T23:41:57.267+0500] {processor.py:840} INFO - DAG(s) 'example_setup_teardown' retrieved from /home/nicolaspc/anaconda3/envs/mlops_env/lib/python3.12/site-packages/airflow/example_dags/example_setup_teardown.py
[2024-07-07T23:41:57.290+0500] {logging_mixin.py:188} INFO - [2024-07-07T23:41:57.290+0500] {dag.py:3096} INFO - Sync 1 DAGs
[2024-07-07T23:41:57.311+0500] {logging_mixin.py:188} INFO - [2024-07-07T23:41:57.311+0500] {dag.py:3954} INFO - Setting next_dagrun for example_setup_teardown to 2024-07-06 00:00:00+00:00, run_after=2024-07-07 00:00:00+00:00
[2024-07-07T23:41:57.329+0500] {processor.py:183} INFO - Processing /home/nicolaspc/anaconda3/envs/mlops_env/lib/python3.12/site-packages/airflow/example_dags/example_setup_teardown.py took 0.074 seconds
[2024-07-07T23:42:04.035+0500] {processor.py:161} INFO - Started process (PID=18606) to work on /home/nicolaspc/anaconda3/envs/mlops_env/lib/python3.12/site-packages/airflow/example_dags/example_setup_teardown.py
[2024-07-07T23:42:04.044+0500] {processor.py:830} INFO - Processing file /home/nicolaspc/anaconda3/envs/mlops_env/lib/python3.12/site-packages/airflow/example_dags/example_setup_teardown.py for tasks to queue
[2024-07-07T23:42:04.045+0500] {logging_mixin.py:188} INFO - [2024-07-07T23:42:04.045+0500] {dagbag.py:545} INFO - Filling up the DagBag from /home/nicolaspc/anaconda3/envs/mlops_env/lib/python3.12/site-packages/airflow/example_dags/example_setup_teardown.py
[2024-07-07T23:42:04.049+0500] {processor.py:840} INFO - DAG(s) 'example_setup_teardown' retrieved from /home/nicolaspc/anaconda3/envs/mlops_env/lib/python3.12/site-packages/airflow/example_dags/example_setup_teardown.py
[2024-07-07T23:42:04.059+0500] {logging_mixin.py:188} INFO - [2024-07-07T23:42:04.059+0500] {dag.py:3096} INFO - Sync 1 DAGs
[2024-07-07T23:42:04.149+0500] {logging_mixin.py:188} INFO - [2024-07-07T23:42:04.149+0500] {dag.py:3954} INFO - Setting next_dagrun for example_setup_teardown to 2024-07-06 00:00:00+00:00, run_after=2024-07-07 00:00:00+00:00
[2024-07-07T23:42:04.190+0500] {processor.py:183} INFO - Processing /home/nicolaspc/anaconda3/envs/mlops_env/lib/python3.12/site-packages/airflow/example_dags/example_setup_teardown.py took 0.158 seconds
[2024-07-07T23:42:28.295+0500] {processor.py:161} INFO - Started process (PID=18756) to work on /home/nicolaspc/anaconda3/envs/mlops_env/lib/python3.12/site-packages/airflow/example_dags/example_setup_teardown.py
[2024-07-07T23:42:28.296+0500] {processor.py:830} INFO - Processing file /home/nicolaspc/anaconda3/envs/mlops_env/lib/python3.12/site-packages/airflow/example_dags/example_setup_teardown.py for tasks to queue
[2024-07-07T23:42:28.296+0500] {logging_mixin.py:188} INFO - [2024-07-07T23:42:28.296+0500] {dagbag.py:545} INFO - Filling up the DagBag from /home/nicolaspc/anaconda3/envs/mlops_env/lib/python3.12/site-packages/airflow/example_dags/example_setup_teardown.py
[2024-07-07T23:42:28.301+0500] {processor.py:840} INFO - DAG(s) 'example_setup_teardown' retrieved from /home/nicolaspc/anaconda3/envs/mlops_env/lib/python3.12/site-packages/airflow/example_dags/example_setup_teardown.py
[2024-07-07T23:42:28.320+0500] {logging_mixin.py:188} INFO - [2024-07-07T23:42:28.320+0500] {dag.py:3096} INFO - Sync 1 DAGs
[2024-07-07T23:42:28.336+0500] {logging_mixin.py:188} INFO - [2024-07-07T23:42:28.336+0500] {dag.py:3954} INFO - Setting next_dagrun for example_setup_teardown to 2024-07-06 00:00:00+00:00, run_after=2024-07-07 00:00:00+00:00
[2024-07-07T23:42:28.352+0500] {processor.py:183} INFO - Processing /home/nicolaspc/anaconda3/envs/mlops_env/lib/python3.12/site-packages/airflow/example_dags/example_setup_teardown.py took 0.062 seconds
[2024-07-07T23:42:44.042+0500] {processor.py:161} INFO - Started process (PID=19026) to work on /home/nicolaspc/anaconda3/envs/mlops_env/lib/python3.12/site-packages/airflow/example_dags/example_setup_teardown.py
[2024-07-07T23:42:44.051+0500] {processor.py:830} INFO - Processing file /home/nicolaspc/anaconda3/envs/mlops_env/lib/python3.12/site-packages/airflow/example_dags/example_setup_teardown.py for tasks to queue
[2024-07-07T23:42:44.052+0500] {logging_mixin.py:188} INFO - [2024-07-07T23:42:44.052+0500] {dagbag.py:545} INFO - Filling up the DagBag from /home/nicolaspc/anaconda3/envs/mlops_env/lib/python3.12/site-packages/airflow/example_dags/example_setup_teardown.py
[2024-07-07T23:42:44.057+0500] {processor.py:840} INFO - DAG(s) 'example_setup_teardown' retrieved from /home/nicolaspc/anaconda3/envs/mlops_env/lib/python3.12/site-packages/airflow/example_dags/example_setup_teardown.py
[2024-07-07T23:42:44.067+0500] {logging_mixin.py:188} INFO - [2024-07-07T23:42:44.067+0500] {dag.py:3096} INFO - Sync 1 DAGs
[2024-07-07T23:42:44.078+0500] {logging_mixin.py:188} INFO - [2024-07-07T23:42:44.078+0500] {dag.py:3954} INFO - Setting next_dagrun for example_setup_teardown to 2024-07-06 00:00:00+00:00, run_after=2024-07-07 00:00:00+00:00
[2024-07-07T23:42:44.097+0500] {processor.py:183} INFO - Processing /home/nicolaspc/anaconda3/envs/mlops_env/lib/python3.12/site-packages/airflow/example_dags/example_setup_teardown.py took 0.059 seconds
[2024-07-07T23:42:59.144+0500] {processor.py:161} INFO - Started process (PID=19120) to work on /home/nicolaspc/anaconda3/envs/mlops_env/lib/python3.12/site-packages/airflow/example_dags/example_setup_teardown.py
[2024-07-07T23:42:59.145+0500] {processor.py:830} INFO - Processing file /home/nicolaspc/anaconda3/envs/mlops_env/lib/python3.12/site-packages/airflow/example_dags/example_setup_teardown.py for tasks to queue
[2024-07-07T23:42:59.145+0500] {logging_mixin.py:188} INFO - [2024-07-07T23:42:59.145+0500] {dagbag.py:545} INFO - Filling up the DagBag from /home/nicolaspc/anaconda3/envs/mlops_env/lib/python3.12/site-packages/airflow/example_dags/example_setup_teardown.py
[2024-07-07T23:42:59.149+0500] {processor.py:840} INFO - DAG(s) 'example_setup_teardown' retrieved from /home/nicolaspc/anaconda3/envs/mlops_env/lib/python3.12/site-packages/airflow/example_dags/example_setup_teardown.py
[2024-07-07T23:42:59.173+0500] {logging_mixin.py:188} INFO - [2024-07-07T23:42:59.173+0500] {dag.py:3096} INFO - Sync 1 DAGs
[2024-07-07T23:42:59.192+0500] {logging_mixin.py:188} INFO - [2024-07-07T23:42:59.192+0500] {dag.py:3954} INFO - Setting next_dagrun for example_setup_teardown to 2024-07-06 00:00:00+00:00, run_after=2024-07-07 00:00:00+00:00
[2024-07-07T23:42:59.210+0500] {processor.py:183} INFO - Processing /home/nicolaspc/anaconda3/envs/mlops_env/lib/python3.12/site-packages/airflow/example_dags/example_setup_teardown.py took 0.073 seconds
[2024-07-07T23:43:29.790+0500] {processor.py:161} INFO - Started process (PID=19449) to work on /home/nicolaspc/anaconda3/envs/mlops_env/lib/python3.12/site-packages/airflow/example_dags/example_setup_teardown.py
[2024-07-07T23:43:29.791+0500] {processor.py:830} INFO - Processing file /home/nicolaspc/anaconda3/envs/mlops_env/lib/python3.12/site-packages/airflow/example_dags/example_setup_teardown.py for tasks to queue
[2024-07-07T23:43:29.791+0500] {logging_mixin.py:188} INFO - [2024-07-07T23:43:29.791+0500] {dagbag.py:545} INFO - Filling up the DagBag from /home/nicolaspc/anaconda3/envs/mlops_env/lib/python3.12/site-packages/airflow/example_dags/example_setup_teardown.py
[2024-07-07T23:43:29.796+0500] {processor.py:840} INFO - DAG(s) 'example_setup_teardown' retrieved from /home/nicolaspc/anaconda3/envs/mlops_env/lib/python3.12/site-packages/airflow/example_dags/example_setup_teardown.py
[2024-07-07T23:43:29.817+0500] {logging_mixin.py:188} INFO - [2024-07-07T23:43:29.817+0500] {dag.py:3096} INFO - Sync 1 DAGs
[2024-07-07T23:43:29.832+0500] {logging_mixin.py:188} INFO - [2024-07-07T23:43:29.832+0500] {dag.py:3954} INFO - Setting next_dagrun for example_setup_teardown to 2024-07-06 00:00:00+00:00, run_after=2024-07-07 00:00:00+00:00
[2024-07-07T23:43:29.848+0500] {processor.py:183} INFO - Processing /home/nicolaspc/anaconda3/envs/mlops_env/lib/python3.12/site-packages/airflow/example_dags/example_setup_teardown.py took 0.063 seconds
[2024-07-07T23:44:00.546+0500] {processor.py:161} INFO - Started process (PID=19815) to work on /home/nicolaspc/anaconda3/envs/mlops_env/lib/python3.12/site-packages/airflow/example_dags/example_setup_teardown.py
[2024-07-07T23:44:00.546+0500] {processor.py:830} INFO - Processing file /home/nicolaspc/anaconda3/envs/mlops_env/lib/python3.12/site-packages/airflow/example_dags/example_setup_teardown.py for tasks to queue
[2024-07-07T23:44:00.547+0500] {logging_mixin.py:188} INFO - [2024-07-07T23:44:00.547+0500] {dagbag.py:545} INFO - Filling up the DagBag from /home/nicolaspc/anaconda3/envs/mlops_env/lib/python3.12/site-packages/airflow/example_dags/example_setup_teardown.py
[2024-07-07T23:44:00.551+0500] {processor.py:840} INFO - DAG(s) 'example_setup_teardown' retrieved from /home/nicolaspc/anaconda3/envs/mlops_env/lib/python3.12/site-packages/airflow/example_dags/example_setup_teardown.py
[2024-07-07T23:44:00.572+0500] {logging_mixin.py:188} INFO - [2024-07-07T23:44:00.572+0500] {dag.py:3096} INFO - Sync 1 DAGs
[2024-07-07T23:44:00.587+0500] {logging_mixin.py:188} INFO - [2024-07-07T23:44:00.587+0500] {dag.py:3954} INFO - Setting next_dagrun for example_setup_teardown to 2024-07-06 00:00:00+00:00, run_after=2024-07-07 00:00:00+00:00
[2024-07-07T23:44:00.603+0500] {processor.py:183} INFO - Processing /home/nicolaspc/anaconda3/envs/mlops_env/lib/python3.12/site-packages/airflow/example_dags/example_setup_teardown.py took 0.063 seconds
[2024-07-07T23:44:31.034+0500] {processor.py:161} INFO - Started process (PID=20179) to work on /home/nicolaspc/anaconda3/envs/mlops_env/lib/python3.12/site-packages/airflow/example_dags/example_setup_teardown.py
[2024-07-07T23:44:31.035+0500] {processor.py:830} INFO - Processing file /home/nicolaspc/anaconda3/envs/mlops_env/lib/python3.12/site-packages/airflow/example_dags/example_setup_teardown.py for tasks to queue
[2024-07-07T23:44:31.035+0500] {logging_mixin.py:188} INFO - [2024-07-07T23:44:31.035+0500] {dagbag.py:545} INFO - Filling up the DagBag from /home/nicolaspc/anaconda3/envs/mlops_env/lib/python3.12/site-packages/airflow/example_dags/example_setup_teardown.py
[2024-07-07T23:44:31.040+0500] {processor.py:840} INFO - DAG(s) 'example_setup_teardown' retrieved from /home/nicolaspc/anaconda3/envs/mlops_env/lib/python3.12/site-packages/airflow/example_dags/example_setup_teardown.py
[2024-07-07T23:44:31.061+0500] {logging_mixin.py:188} INFO - [2024-07-07T23:44:31.061+0500] {dag.py:3096} INFO - Sync 1 DAGs
[2024-07-07T23:44:31.077+0500] {logging_mixin.py:188} INFO - [2024-07-07T23:44:31.077+0500] {dag.py:3954} INFO - Setting next_dagrun for example_setup_teardown to 2024-07-06 00:00:00+00:00, run_after=2024-07-07 00:00:00+00:00
[2024-07-07T23:44:31.093+0500] {processor.py:183} INFO - Processing /home/nicolaspc/anaconda3/envs/mlops_env/lib/python3.12/site-packages/airflow/example_dags/example_setup_teardown.py took 0.065 seconds
[2024-07-07T23:45:01.656+0500] {processor.py:161} INFO - Started process (PID=20545) to work on /home/nicolaspc/anaconda3/envs/mlops_env/lib/python3.12/site-packages/airflow/example_dags/example_setup_teardown.py
[2024-07-07T23:45:01.657+0500] {processor.py:830} INFO - Processing file /home/nicolaspc/anaconda3/envs/mlops_env/lib/python3.12/site-packages/airflow/example_dags/example_setup_teardown.py for tasks to queue
[2024-07-07T23:45:01.657+0500] {logging_mixin.py:188} INFO - [2024-07-07T23:45:01.657+0500] {dagbag.py:545} INFO - Filling up the DagBag from /home/nicolaspc/anaconda3/envs/mlops_env/lib/python3.12/site-packages/airflow/example_dags/example_setup_teardown.py
[2024-07-07T23:45:01.662+0500] {processor.py:840} INFO - DAG(s) 'example_setup_teardown' retrieved from /home/nicolaspc/anaconda3/envs/mlops_env/lib/python3.12/site-packages/airflow/example_dags/example_setup_teardown.py
[2024-07-07T23:45:01.680+0500] {logging_mixin.py:188} INFO - [2024-07-07T23:45:01.680+0500] {dag.py:3096} INFO - Sync 1 DAGs
[2024-07-07T23:45:01.695+0500] {logging_mixin.py:188} INFO - [2024-07-07T23:45:01.695+0500] {dag.py:3954} INFO - Setting next_dagrun for example_setup_teardown to 2024-07-06 00:00:00+00:00, run_after=2024-07-07 00:00:00+00:00
[2024-07-07T23:45:01.709+0500] {processor.py:183} INFO - Processing /home/nicolaspc/anaconda3/envs/mlops_env/lib/python3.12/site-packages/airflow/example_dags/example_setup_teardown.py took 0.059 seconds
[2024-07-07T23:45:32.416+0500] {processor.py:161} INFO - Started process (PID=20870) to work on /home/nicolaspc/anaconda3/envs/mlops_env/lib/python3.12/site-packages/airflow/example_dags/example_setup_teardown.py
[2024-07-07T23:45:32.416+0500] {processor.py:830} INFO - Processing file /home/nicolaspc/anaconda3/envs/mlops_env/lib/python3.12/site-packages/airflow/example_dags/example_setup_teardown.py for tasks to queue
[2024-07-07T23:45:32.417+0500] {logging_mixin.py:188} INFO - [2024-07-07T23:45:32.416+0500] {dagbag.py:545} INFO - Filling up the DagBag from /home/nicolaspc/anaconda3/envs/mlops_env/lib/python3.12/site-packages/airflow/example_dags/example_setup_teardown.py
[2024-07-07T23:45:32.421+0500] {processor.py:840} INFO - DAG(s) 'example_setup_teardown' retrieved from /home/nicolaspc/anaconda3/envs/mlops_env/lib/python3.12/site-packages/airflow/example_dags/example_setup_teardown.py
[2024-07-07T23:45:32.443+0500] {logging_mixin.py:188} INFO - [2024-07-07T23:45:32.442+0500] {dag.py:3096} INFO - Sync 1 DAGs
[2024-07-07T23:45:32.458+0500] {logging_mixin.py:188} INFO - [2024-07-07T23:45:32.458+0500] {dag.py:3954} INFO - Setting next_dagrun for example_setup_teardown to 2024-07-06 00:00:00+00:00, run_after=2024-07-07 00:00:00+00:00
[2024-07-07T23:45:32.474+0500] {processor.py:183} INFO - Processing /home/nicolaspc/anaconda3/envs/mlops_env/lib/python3.12/site-packages/airflow/example_dags/example_setup_teardown.py took 0.064 seconds
[2024-07-07T23:46:03.025+0500] {processor.py:161} INFO - Started process (PID=21210) to work on /home/nicolaspc/anaconda3/envs/mlops_env/lib/python3.12/site-packages/airflow/example_dags/example_setup_teardown.py
[2024-07-07T23:46:03.026+0500] {processor.py:830} INFO - Processing file /home/nicolaspc/anaconda3/envs/mlops_env/lib/python3.12/site-packages/airflow/example_dags/example_setup_teardown.py for tasks to queue
[2024-07-07T23:46:03.026+0500] {logging_mixin.py:188} INFO - [2024-07-07T23:46:03.026+0500] {dagbag.py:545} INFO - Filling up the DagBag from /home/nicolaspc/anaconda3/envs/mlops_env/lib/python3.12/site-packages/airflow/example_dags/example_setup_teardown.py
[2024-07-07T23:46:03.031+0500] {processor.py:840} INFO - DAG(s) 'example_setup_teardown' retrieved from /home/nicolaspc/anaconda3/envs/mlops_env/lib/python3.12/site-packages/airflow/example_dags/example_setup_teardown.py
[2024-07-07T23:46:03.050+0500] {logging_mixin.py:188} INFO - [2024-07-07T23:46:03.049+0500] {dag.py:3096} INFO - Sync 1 DAGs
[2024-07-07T23:46:03.063+0500] {logging_mixin.py:188} INFO - [2024-07-07T23:46:03.063+0500] {dag.py:3954} INFO - Setting next_dagrun for example_setup_teardown to 2024-07-06 00:00:00+00:00, run_after=2024-07-07 00:00:00+00:00
[2024-07-07T23:46:03.078+0500] {processor.py:183} INFO - Processing /home/nicolaspc/anaconda3/envs/mlops_env/lib/python3.12/site-packages/airflow/example_dags/example_setup_teardown.py took 0.059 seconds
[2024-07-07T23:46:33.573+0500] {processor.py:161} INFO - Started process (PID=21573) to work on /home/nicolaspc/anaconda3/envs/mlops_env/lib/python3.12/site-packages/airflow/example_dags/example_setup_teardown.py
[2024-07-07T23:46:33.574+0500] {processor.py:830} INFO - Processing file /home/nicolaspc/anaconda3/envs/mlops_env/lib/python3.12/site-packages/airflow/example_dags/example_setup_teardown.py for tasks to queue
[2024-07-07T23:46:33.574+0500] {logging_mixin.py:188} INFO - [2024-07-07T23:46:33.574+0500] {dagbag.py:545} INFO - Filling up the DagBag from /home/nicolaspc/anaconda3/envs/mlops_env/lib/python3.12/site-packages/airflow/example_dags/example_setup_teardown.py
[2024-07-07T23:46:33.579+0500] {processor.py:840} INFO - DAG(s) 'example_setup_teardown' retrieved from /home/nicolaspc/anaconda3/envs/mlops_env/lib/python3.12/site-packages/airflow/example_dags/example_setup_teardown.py
[2024-07-07T23:46:33.600+0500] {logging_mixin.py:188} INFO - [2024-07-07T23:46:33.600+0500] {dag.py:3096} INFO - Sync 1 DAGs
[2024-07-07T23:46:33.617+0500] {logging_mixin.py:188} INFO - [2024-07-07T23:46:33.617+0500] {dag.py:3954} INFO - Setting next_dagrun for example_setup_teardown to 2024-07-06 00:00:00+00:00, run_after=2024-07-07 00:00:00+00:00
[2024-07-07T23:46:33.632+0500] {processor.py:183} INFO - Processing /home/nicolaspc/anaconda3/envs/mlops_env/lib/python3.12/site-packages/airflow/example_dags/example_setup_teardown.py took 0.065 seconds
[2024-07-07T23:47:04.391+0500] {processor.py:161} INFO - Started process (PID=21904) to work on /home/nicolaspc/anaconda3/envs/mlops_env/lib/python3.12/site-packages/airflow/example_dags/example_setup_teardown.py
[2024-07-07T23:47:04.391+0500] {processor.py:830} INFO - Processing file /home/nicolaspc/anaconda3/envs/mlops_env/lib/python3.12/site-packages/airflow/example_dags/example_setup_teardown.py for tasks to queue
[2024-07-07T23:47:04.392+0500] {logging_mixin.py:188} INFO - [2024-07-07T23:47:04.392+0500] {dagbag.py:545} INFO - Filling up the DagBag from /home/nicolaspc/anaconda3/envs/mlops_env/lib/python3.12/site-packages/airflow/example_dags/example_setup_teardown.py
[2024-07-07T23:47:04.396+0500] {processor.py:840} INFO - DAG(s) 'example_setup_teardown' retrieved from /home/nicolaspc/anaconda3/envs/mlops_env/lib/python3.12/site-packages/airflow/example_dags/example_setup_teardown.py
[2024-07-07T23:47:04.417+0500] {logging_mixin.py:188} INFO - [2024-07-07T23:47:04.417+0500] {dag.py:3096} INFO - Sync 1 DAGs
[2024-07-07T23:47:04.433+0500] {logging_mixin.py:188} INFO - [2024-07-07T23:47:04.433+0500] {dag.py:3954} INFO - Setting next_dagrun for example_setup_teardown to 2024-07-06 00:00:00+00:00, run_after=2024-07-07 00:00:00+00:00
[2024-07-07T23:47:04.449+0500] {processor.py:183} INFO - Processing /home/nicolaspc/anaconda3/envs/mlops_env/lib/python3.12/site-packages/airflow/example_dags/example_setup_teardown.py took 0.064 seconds
[2024-07-07T23:47:34.897+0500] {processor.py:161} INFO - Started process (PID=22232) to work on /home/nicolaspc/anaconda3/envs/mlops_env/lib/python3.12/site-packages/airflow/example_dags/example_setup_teardown.py
[2024-07-07T23:47:34.898+0500] {processor.py:830} INFO - Processing file /home/nicolaspc/anaconda3/envs/mlops_env/lib/python3.12/site-packages/airflow/example_dags/example_setup_teardown.py for tasks to queue
[2024-07-07T23:47:34.899+0500] {logging_mixin.py:188} INFO - [2024-07-07T23:47:34.898+0500] {dagbag.py:545} INFO - Filling up the DagBag from /home/nicolaspc/anaconda3/envs/mlops_env/lib/python3.12/site-packages/airflow/example_dags/example_setup_teardown.py
[2024-07-07T23:47:34.903+0500] {processor.py:840} INFO - DAG(s) 'example_setup_teardown' retrieved from /home/nicolaspc/anaconda3/envs/mlops_env/lib/python3.12/site-packages/airflow/example_dags/example_setup_teardown.py
[2024-07-07T23:47:34.924+0500] {logging_mixin.py:188} INFO - [2024-07-07T23:47:34.923+0500] {dag.py:3096} INFO - Sync 1 DAGs
[2024-07-07T23:47:34.940+0500] {logging_mixin.py:188} INFO - [2024-07-07T23:47:34.939+0500] {dag.py:3954} INFO - Setting next_dagrun for example_setup_teardown to 2024-07-06 00:00:00+00:00, run_after=2024-07-07 00:00:00+00:00
[2024-07-07T23:47:34.955+0500] {processor.py:183} INFO - Processing /home/nicolaspc/anaconda3/envs/mlops_env/lib/python3.12/site-packages/airflow/example_dags/example_setup_teardown.py took 0.064 seconds
[2024-07-07T23:48:05.505+0500] {processor.py:161} INFO - Started process (PID=22557) to work on /home/nicolaspc/anaconda3/envs/mlops_env/lib/python3.12/site-packages/airflow/example_dags/example_setup_teardown.py
[2024-07-07T23:48:05.506+0500] {processor.py:830} INFO - Processing file /home/nicolaspc/anaconda3/envs/mlops_env/lib/python3.12/site-packages/airflow/example_dags/example_setup_teardown.py for tasks to queue
[2024-07-07T23:48:05.507+0500] {logging_mixin.py:188} INFO - [2024-07-07T23:48:05.506+0500] {dagbag.py:545} INFO - Filling up the DagBag from /home/nicolaspc/anaconda3/envs/mlops_env/lib/python3.12/site-packages/airflow/example_dags/example_setup_teardown.py
[2024-07-07T23:48:05.511+0500] {processor.py:840} INFO - DAG(s) 'example_setup_teardown' retrieved from /home/nicolaspc/anaconda3/envs/mlops_env/lib/python3.12/site-packages/airflow/example_dags/example_setup_teardown.py
[2024-07-07T23:48:05.531+0500] {logging_mixin.py:188} INFO - [2024-07-07T23:48:05.531+0500] {dag.py:3096} INFO - Sync 1 DAGs
[2024-07-07T23:48:05.548+0500] {logging_mixin.py:188} INFO - [2024-07-07T23:48:05.548+0500] {dag.py:3954} INFO - Setting next_dagrun for example_setup_teardown to 2024-07-06 00:00:00+00:00, run_after=2024-07-07 00:00:00+00:00
[2024-07-07T23:48:05.563+0500] {processor.py:183} INFO - Processing /home/nicolaspc/anaconda3/envs/mlops_env/lib/python3.12/site-packages/airflow/example_dags/example_setup_teardown.py took 0.064 seconds
[2024-07-07T23:48:36.047+0500] {processor.py:161} INFO - Started process (PID=22910) to work on /home/nicolaspc/anaconda3/envs/mlops_env/lib/python3.12/site-packages/airflow/example_dags/example_setup_teardown.py
[2024-07-07T23:48:36.049+0500] {processor.py:830} INFO - Processing file /home/nicolaspc/anaconda3/envs/mlops_env/lib/python3.12/site-packages/airflow/example_dags/example_setup_teardown.py for tasks to queue
[2024-07-07T23:48:36.050+0500] {logging_mixin.py:188} INFO - [2024-07-07T23:48:36.050+0500] {dagbag.py:545} INFO - Filling up the DagBag from /home/nicolaspc/anaconda3/envs/mlops_env/lib/python3.12/site-packages/airflow/example_dags/example_setup_teardown.py
[2024-07-07T23:48:36.056+0500] {processor.py:840} INFO - DAG(s) 'example_setup_teardown' retrieved from /home/nicolaspc/anaconda3/envs/mlops_env/lib/python3.12/site-packages/airflow/example_dags/example_setup_teardown.py
[2024-07-07T23:48:36.077+0500] {logging_mixin.py:188} INFO - [2024-07-07T23:48:36.077+0500] {dag.py:3096} INFO - Sync 1 DAGs
[2024-07-07T23:48:36.094+0500] {logging_mixin.py:188} INFO - [2024-07-07T23:48:36.094+0500] {dag.py:3954} INFO - Setting next_dagrun for example_setup_teardown to 2024-07-06 00:00:00+00:00, run_after=2024-07-07 00:00:00+00:00
[2024-07-07T23:48:36.111+0500] {processor.py:183} INFO - Processing /home/nicolaspc/anaconda3/envs/mlops_env/lib/python3.12/site-packages/airflow/example_dags/example_setup_teardown.py took 0.070 seconds
[2024-07-07T23:49:07.289+0500] {processor.py:161} INFO - Started process (PID=23436) to work on /home/nicolaspc/anaconda3/envs/mlops_env/lib/python3.12/site-packages/airflow/example_dags/example_setup_teardown.py
[2024-07-07T23:49:07.289+0500] {processor.py:830} INFO - Processing file /home/nicolaspc/anaconda3/envs/mlops_env/lib/python3.12/site-packages/airflow/example_dags/example_setup_teardown.py for tasks to queue
[2024-07-07T23:49:07.290+0500] {logging_mixin.py:188} INFO - [2024-07-07T23:49:07.290+0500] {dagbag.py:545} INFO - Filling up the DagBag from /home/nicolaspc/anaconda3/envs/mlops_env/lib/python3.12/site-packages/airflow/example_dags/example_setup_teardown.py
[2024-07-07T23:49:07.295+0500] {processor.py:840} INFO - DAG(s) 'example_setup_teardown' retrieved from /home/nicolaspc/anaconda3/envs/mlops_env/lib/python3.12/site-packages/airflow/example_dags/example_setup_teardown.py
[2024-07-07T23:49:07.373+0500] {logging_mixin.py:188} INFO - [2024-07-07T23:49:07.373+0500] {dag.py:3096} INFO - Sync 1 DAGs
[2024-07-07T23:49:07.391+0500] {logging_mixin.py:188} INFO - [2024-07-07T23:49:07.391+0500] {dag.py:3954} INFO - Setting next_dagrun for example_setup_teardown to 2024-07-06 00:00:00+00:00, run_after=2024-07-07 00:00:00+00:00
[2024-07-07T23:49:07.414+0500] {processor.py:183} INFO - Processing /home/nicolaspc/anaconda3/envs/mlops_env/lib/python3.12/site-packages/airflow/example_dags/example_setup_teardown.py took 0.131 seconds
[2024-07-07T23:49:37.780+0500] {processor.py:161} INFO - Started process (PID=23795) to work on /home/nicolaspc/anaconda3/envs/mlops_env/lib/python3.12/site-packages/airflow/example_dags/example_setup_teardown.py
[2024-07-07T23:49:37.781+0500] {processor.py:830} INFO - Processing file /home/nicolaspc/anaconda3/envs/mlops_env/lib/python3.12/site-packages/airflow/example_dags/example_setup_teardown.py for tasks to queue
[2024-07-07T23:49:37.781+0500] {logging_mixin.py:188} INFO - [2024-07-07T23:49:37.781+0500] {dagbag.py:545} INFO - Filling up the DagBag from /home/nicolaspc/anaconda3/envs/mlops_env/lib/python3.12/site-packages/airflow/example_dags/example_setup_teardown.py
[2024-07-07T23:49:37.785+0500] {processor.py:840} INFO - DAG(s) 'example_setup_teardown' retrieved from /home/nicolaspc/anaconda3/envs/mlops_env/lib/python3.12/site-packages/airflow/example_dags/example_setup_teardown.py
[2024-07-07T23:49:37.805+0500] {logging_mixin.py:188} INFO - [2024-07-07T23:49:37.805+0500] {dag.py:3096} INFO - Sync 1 DAGs
[2024-07-07T23:49:37.819+0500] {logging_mixin.py:188} INFO - [2024-07-07T23:49:37.819+0500] {dag.py:3954} INFO - Setting next_dagrun for example_setup_teardown to 2024-07-06 00:00:00+00:00, run_after=2024-07-07 00:00:00+00:00
[2024-07-07T23:49:37.836+0500] {processor.py:183} INFO - Processing /home/nicolaspc/anaconda3/envs/mlops_env/lib/python3.12/site-packages/airflow/example_dags/example_setup_teardown.py took 0.061 seconds
