[2024-07-07T23:35:18.664+0500] {processor.py:161} INFO - Started process (PID=13341) to work on /home/nicolaspc/anaconda3/envs/mlops_env/lib/python3.12/site-packages/airflow/example_dags/example_short_circuit_decorator.py
[2024-07-07T23:35:18.665+0500] {processor.py:830} INFO - Processing file /home/nicolaspc/anaconda3/envs/mlops_env/lib/python3.12/site-packages/airflow/example_dags/example_short_circuit_decorator.py for tasks to queue
[2024-07-07T23:35:18.665+0500] {logging_mixin.py:188} INFO - [2024-07-07T23:35:18.665+0500] {dagbag.py:545} INFO - Filling up the DagBag from /home/nicolaspc/anaconda3/envs/mlops_env/lib/python3.12/site-packages/airflow/example_dags/example_short_circuit_decorator.py
[2024-07-07T23:35:18.671+0500] {processor.py:840} INFO - DAG(s) 'example_short_circuit_decorator' retrieved from /home/nicolaspc/anaconda3/envs/mlops_env/lib/python3.12/site-packages/airflow/example_dags/example_short_circuit_decorator.py
[2024-07-07T23:35:18.692+0500] {logging_mixin.py:188} INFO - [2024-07-07T23:35:18.692+0500] {dag.py:3096} INFO - Sync 1 DAGs
[2024-07-07T23:35:18.707+0500] {logging_mixin.py:188} INFO - [2024-07-07T23:35:18.707+0500] {dag.py:3954} INFO - Setting next_dagrun for example_short_circuit_decorator to 2024-07-06 00:00:00+00:00, run_after=2024-07-07 00:00:00+00:00
[2024-07-07T23:35:18.723+0500] {processor.py:183} INFO - Processing /home/nicolaspc/anaconda3/envs/mlops_env/lib/python3.12/site-packages/airflow/example_dags/example_short_circuit_decorator.py took 0.064 seconds
[2024-07-07T23:35:49.394+0500] {processor.py:161} INFO - Started process (PID=13691) to work on /home/nicolaspc/anaconda3/envs/mlops_env/lib/python3.12/site-packages/airflow/example_dags/example_short_circuit_decorator.py
[2024-07-07T23:35:49.394+0500] {processor.py:830} INFO - Processing file /home/nicolaspc/anaconda3/envs/mlops_env/lib/python3.12/site-packages/airflow/example_dags/example_short_circuit_decorator.py for tasks to queue
[2024-07-07T23:35:49.395+0500] {logging_mixin.py:188} INFO - [2024-07-07T23:35:49.395+0500] {dagbag.py:545} INFO - Filling up the DagBag from /home/nicolaspc/anaconda3/envs/mlops_env/lib/python3.12/site-packages/airflow/example_dags/example_short_circuit_decorator.py
[2024-07-07T23:35:49.400+0500] {processor.py:840} INFO - DAG(s) 'example_short_circuit_decorator' retrieved from /home/nicolaspc/anaconda3/envs/mlops_env/lib/python3.12/site-packages/airflow/example_dags/example_short_circuit_decorator.py
[2024-07-07T23:35:49.421+0500] {logging_mixin.py:188} INFO - [2024-07-07T23:35:49.420+0500] {dag.py:3096} INFO - Sync 1 DAGs
[2024-07-07T23:35:49.437+0500] {logging_mixin.py:188} INFO - [2024-07-07T23:35:49.437+0500] {dag.py:3954} INFO - Setting next_dagrun for example_short_circuit_decorator to 2024-07-06 00:00:00+00:00, run_after=2024-07-07 00:00:00+00:00
[2024-07-07T23:35:49.453+0500] {processor.py:183} INFO - Processing /home/nicolaspc/anaconda3/envs/mlops_env/lib/python3.12/site-packages/airflow/example_dags/example_short_circuit_decorator.py took 0.065 seconds
[2024-07-07T23:36:19.601+0500] {processor.py:161} INFO - Started process (PID=14041) to work on /home/nicolaspc/anaconda3/envs/mlops_env/lib/python3.12/site-packages/airflow/example_dags/example_short_circuit_decorator.py
[2024-07-07T23:36:19.601+0500] {processor.py:830} INFO - Processing file /home/nicolaspc/anaconda3/envs/mlops_env/lib/python3.12/site-packages/airflow/example_dags/example_short_circuit_decorator.py for tasks to queue
[2024-07-07T23:36:19.603+0500] {logging_mixin.py:188} INFO - [2024-07-07T23:36:19.602+0500] {dagbag.py:545} INFO - Filling up the DagBag from /home/nicolaspc/anaconda3/envs/mlops_env/lib/python3.12/site-packages/airflow/example_dags/example_short_circuit_decorator.py
[2024-07-07T23:36:19.610+0500] {processor.py:840} INFO - DAG(s) 'example_short_circuit_decorator' retrieved from /home/nicolaspc/anaconda3/envs/mlops_env/lib/python3.12/site-packages/airflow/example_dags/example_short_circuit_decorator.py
[2024-07-07T23:36:19.694+0500] {logging_mixin.py:188} INFO - [2024-07-07T23:36:19.693+0500] {override.py:1829} INFO - Created Permission View: can delete on DAG:example_short_circuit_decorator
[2024-07-07T23:36:19.708+0500] {logging_mixin.py:188} INFO - [2024-07-07T23:36:19.707+0500] {override.py:1829} INFO - Created Permission View: can edit on DAG:example_short_circuit_decorator
[2024-07-07T23:36:19.723+0500] {logging_mixin.py:188} INFO - [2024-07-07T23:36:19.723+0500] {override.py:1829} INFO - Created Permission View: can read on DAG:example_short_circuit_decorator
[2024-07-07T23:36:19.723+0500] {logging_mixin.py:188} INFO - [2024-07-07T23:36:19.723+0500] {dag.py:3096} INFO - Sync 1 DAGs
[2024-07-07T23:36:19.731+0500] {logging_mixin.py:188} INFO - [2024-07-07T23:36:19.731+0500] {dag.py:3118} INFO - Creating ORM DAG for example_short_circuit_decorator
[2024-07-07T23:36:19.736+0500] {logging_mixin.py:188} INFO - [2024-07-07T23:36:19.736+0500] {dag.py:3954} INFO - Setting next_dagrun for example_short_circuit_decorator to 2024-07-06 00:00:00+00:00, run_after=2024-07-07 00:00:00+00:00
[2024-07-07T23:36:19.756+0500] {processor.py:183} INFO - Processing /home/nicolaspc/anaconda3/envs/mlops_env/lib/python3.12/site-packages/airflow/example_dags/example_short_circuit_decorator.py took 0.159 seconds
[2024-07-07T23:36:20.105+0500] {processor.py:161} INFO - Started process (PID=14106) to work on /home/nicolaspc/anaconda3/envs/mlops_env/lib/python3.12/site-packages/airflow/example_dags/example_short_circuit_decorator.py
[2024-07-07T23:36:20.105+0500] {processor.py:830} INFO - Processing file /home/nicolaspc/anaconda3/envs/mlops_env/lib/python3.12/site-packages/airflow/example_dags/example_short_circuit_decorator.py for tasks to queue
[2024-07-07T23:36:20.106+0500] {logging_mixin.py:188} INFO - [2024-07-07T23:36:20.106+0500] {dagbag.py:545} INFO - Filling up the DagBag from /home/nicolaspc/anaconda3/envs/mlops_env/lib/python3.12/site-packages/airflow/example_dags/example_short_circuit_decorator.py
[2024-07-07T23:36:20.111+0500] {processor.py:840} INFO - DAG(s) 'example_short_circuit_decorator' retrieved from /home/nicolaspc/anaconda3/envs/mlops_env/lib/python3.12/site-packages/airflow/example_dags/example_short_circuit_decorator.py
[2024-07-07T23:36:20.133+0500] {logging_mixin.py:188} INFO - [2024-07-07T23:36:20.133+0500] {dag.py:3096} INFO - Sync 1 DAGs
[2024-07-07T23:36:20.149+0500] {logging_mixin.py:188} INFO - [2024-07-07T23:36:20.149+0500] {dag.py:3954} INFO - Setting next_dagrun for example_short_circuit_decorator to 2024-07-06 00:00:00+00:00, run_after=2024-07-07 00:00:00+00:00
[2024-07-07T23:36:20.165+0500] {processor.py:183} INFO - Processing /home/nicolaspc/anaconda3/envs/mlops_env/lib/python3.12/site-packages/airflow/example_dags/example_short_circuit_decorator.py took 0.066 seconds
[2024-07-07T23:36:50.749+0500] {processor.py:161} INFO - Started process (PID=14497) to work on /home/nicolaspc/anaconda3/envs/mlops_env/lib/python3.12/site-packages/airflow/example_dags/example_short_circuit_decorator.py
[2024-07-07T23:36:50.749+0500] {processor.py:830} INFO - Processing file /home/nicolaspc/anaconda3/envs/mlops_env/lib/python3.12/site-packages/airflow/example_dags/example_short_circuit_decorator.py for tasks to queue
[2024-07-07T23:36:50.750+0500] {logging_mixin.py:188} INFO - [2024-07-07T23:36:50.750+0500] {dagbag.py:545} INFO - Filling up the DagBag from /home/nicolaspc/anaconda3/envs/mlops_env/lib/python3.12/site-packages/airflow/example_dags/example_short_circuit_decorator.py
[2024-07-07T23:36:50.755+0500] {processor.py:840} INFO - DAG(s) 'example_short_circuit_decorator' retrieved from /home/nicolaspc/anaconda3/envs/mlops_env/lib/python3.12/site-packages/airflow/example_dags/example_short_circuit_decorator.py
[2024-07-07T23:36:50.778+0500] {logging_mixin.py:188} INFO - [2024-07-07T23:36:50.777+0500] {dag.py:3096} INFO - Sync 1 DAGs
[2024-07-07T23:36:50.795+0500] {logging_mixin.py:188} INFO - [2024-07-07T23:36:50.794+0500] {dag.py:3954} INFO - Setting next_dagrun for example_short_circuit_decorator to 2024-07-06 00:00:00+00:00, run_after=2024-07-07 00:00:00+00:00
[2024-07-07T23:36:50.811+0500] {processor.py:183} INFO - Processing /home/nicolaspc/anaconda3/envs/mlops_env/lib/python3.12/site-packages/airflow/example_dags/example_short_circuit_decorator.py took 0.068 seconds
[2024-07-07T23:37:11.656+0500] {processor.py:161} INFO - Started process (PID=14761) to work on /home/nicolaspc/anaconda3/envs/mlops_env/lib/python3.12/site-packages/airflow/example_dags/example_short_circuit_decorator.py
[2024-07-07T23:37:11.664+0500] {processor.py:830} INFO - Processing file /home/nicolaspc/anaconda3/envs/mlops_env/lib/python3.12/site-packages/airflow/example_dags/example_short_circuit_decorator.py for tasks to queue
[2024-07-07T23:37:11.666+0500] {logging_mixin.py:188} INFO - [2024-07-07T23:37:11.666+0500] {dagbag.py:545} INFO - Filling up the DagBag from /home/nicolaspc/anaconda3/envs/mlops_env/lib/python3.12/site-packages/airflow/example_dags/example_short_circuit_decorator.py
[2024-07-07T23:37:11.672+0500] {processor.py:840} INFO - DAG(s) 'example_short_circuit_decorator' retrieved from /home/nicolaspc/anaconda3/envs/mlops_env/lib/python3.12/site-packages/airflow/example_dags/example_short_circuit_decorator.py
[2024-07-07T23:37:11.683+0500] {logging_mixin.py:188} INFO - [2024-07-07T23:37:11.683+0500] {dag.py:3096} INFO - Sync 1 DAGs
[2024-07-07T23:37:11.695+0500] {logging_mixin.py:188} INFO - [2024-07-07T23:37:11.695+0500] {dag.py:3954} INFO - Setting next_dagrun for example_short_circuit_decorator to 2024-07-06 00:00:00+00:00, run_after=2024-07-07 00:00:00+00:00
[2024-07-07T23:37:11.716+0500] {processor.py:183} INFO - Processing /home/nicolaspc/anaconda3/envs/mlops_env/lib/python3.12/site-packages/airflow/example_dags/example_short_circuit_decorator.py took 0.064 seconds
[2024-07-07T23:37:21.139+0500] {processor.py:161} INFO - Started process (PID=14852) to work on /home/nicolaspc/anaconda3/envs/mlops_env/lib/python3.12/site-packages/airflow/example_dags/example_short_circuit_decorator.py
[2024-07-07T23:37:21.140+0500] {processor.py:830} INFO - Processing file /home/nicolaspc/anaconda3/envs/mlops_env/lib/python3.12/site-packages/airflow/example_dags/example_short_circuit_decorator.py for tasks to queue
[2024-07-07T23:37:21.140+0500] {logging_mixin.py:188} INFO - [2024-07-07T23:37:21.140+0500] {dagbag.py:545} INFO - Filling up the DagBag from /home/nicolaspc/anaconda3/envs/mlops_env/lib/python3.12/site-packages/airflow/example_dags/example_short_circuit_decorator.py
[2024-07-07T23:37:21.146+0500] {processor.py:840} INFO - DAG(s) 'example_short_circuit_decorator' retrieved from /home/nicolaspc/anaconda3/envs/mlops_env/lib/python3.12/site-packages/airflow/example_dags/example_short_circuit_decorator.py
[2024-07-07T23:37:21.166+0500] {logging_mixin.py:188} INFO - [2024-07-07T23:37:21.166+0500] {dag.py:3096} INFO - Sync 1 DAGs
[2024-07-07T23:37:21.181+0500] {logging_mixin.py:188} INFO - [2024-07-07T23:37:21.181+0500] {dag.py:3954} INFO - Setting next_dagrun for example_short_circuit_decorator to 2024-07-06 00:00:00+00:00, run_after=2024-07-07 00:00:00+00:00
[2024-07-07T23:37:21.196+0500] {processor.py:183} INFO - Processing /home/nicolaspc/anaconda3/envs/mlops_env/lib/python3.12/site-packages/airflow/example_dags/example_short_circuit_decorator.py took 0.063 seconds
[2024-07-07T23:37:51.557+0500] {processor.py:161} INFO - Started process (PID=15239) to work on /home/nicolaspc/anaconda3/envs/mlops_env/lib/python3.12/site-packages/airflow/example_dags/example_short_circuit_decorator.py
[2024-07-07T23:37:51.558+0500] {processor.py:830} INFO - Processing file /home/nicolaspc/anaconda3/envs/mlops_env/lib/python3.12/site-packages/airflow/example_dags/example_short_circuit_decorator.py for tasks to queue
[2024-07-07T23:37:51.558+0500] {logging_mixin.py:188} INFO - [2024-07-07T23:37:51.558+0500] {dagbag.py:545} INFO - Filling up the DagBag from /home/nicolaspc/anaconda3/envs/mlops_env/lib/python3.12/site-packages/airflow/example_dags/example_short_circuit_decorator.py
[2024-07-07T23:37:51.564+0500] {processor.py:840} INFO - DAG(s) 'example_short_circuit_decorator' retrieved from /home/nicolaspc/anaconda3/envs/mlops_env/lib/python3.12/site-packages/airflow/example_dags/example_short_circuit_decorator.py
[2024-07-07T23:37:51.585+0500] {logging_mixin.py:188} INFO - [2024-07-07T23:37:51.585+0500] {dag.py:3096} INFO - Sync 1 DAGs
[2024-07-07T23:37:51.601+0500] {logging_mixin.py:188} INFO - [2024-07-07T23:37:51.601+0500] {dag.py:3954} INFO - Setting next_dagrun for example_short_circuit_decorator to 2024-07-06 00:00:00+00:00, run_after=2024-07-07 00:00:00+00:00
[2024-07-07T23:37:51.617+0500] {processor.py:183} INFO - Processing /home/nicolaspc/anaconda3/envs/mlops_env/lib/python3.12/site-packages/airflow/example_dags/example_short_circuit_decorator.py took 0.065 seconds
[2024-07-07T23:38:01.393+0500] {processor.py:161} INFO - Started process (PID=15509) to work on /home/nicolaspc/anaconda3/envs/mlops_env/lib/python3.12/site-packages/airflow/example_dags/example_short_circuit_decorator.py
[2024-07-07T23:38:01.401+0500] {processor.py:830} INFO - Processing file /home/nicolaspc/anaconda3/envs/mlops_env/lib/python3.12/site-packages/airflow/example_dags/example_short_circuit_decorator.py for tasks to queue
[2024-07-07T23:38:01.404+0500] {logging_mixin.py:188} INFO - [2024-07-07T23:38:01.403+0500] {dagbag.py:545} INFO - Filling up the DagBag from /home/nicolaspc/anaconda3/envs/mlops_env/lib/python3.12/site-packages/airflow/example_dags/example_short_circuit_decorator.py
[2024-07-07T23:38:01.409+0500] {processor.py:840} INFO - DAG(s) 'example_short_circuit_decorator' retrieved from /home/nicolaspc/anaconda3/envs/mlops_env/lib/python3.12/site-packages/airflow/example_dags/example_short_circuit_decorator.py
[2024-07-07T23:38:01.421+0500] {logging_mixin.py:188} INFO - [2024-07-07T23:38:01.420+0500] {dag.py:3096} INFO - Sync 1 DAGs
[2024-07-07T23:38:01.432+0500] {logging_mixin.py:188} INFO - [2024-07-07T23:38:01.432+0500] {dag.py:3954} INFO - Setting next_dagrun for example_short_circuit_decorator to 2024-07-06 00:00:00+00:00, run_after=2024-07-07 00:00:00+00:00
[2024-07-07T23:38:01.452+0500] {processor.py:183} INFO - Processing /home/nicolaspc/anaconda3/envs/mlops_env/lib/python3.12/site-packages/airflow/example_dags/example_short_circuit_decorator.py took 0.063 seconds
[2024-07-07T23:38:22.249+0500] {processor.py:161} INFO - Started process (PID=15631) to work on /home/nicolaspc/anaconda3/envs/mlops_env/lib/python3.12/site-packages/airflow/example_dags/example_short_circuit_decorator.py
[2024-07-07T23:38:22.250+0500] {processor.py:830} INFO - Processing file /home/nicolaspc/anaconda3/envs/mlops_env/lib/python3.12/site-packages/airflow/example_dags/example_short_circuit_decorator.py for tasks to queue
[2024-07-07T23:38:22.250+0500] {logging_mixin.py:188} INFO - [2024-07-07T23:38:22.250+0500] {dagbag.py:545} INFO - Filling up the DagBag from /home/nicolaspc/anaconda3/envs/mlops_env/lib/python3.12/site-packages/airflow/example_dags/example_short_circuit_decorator.py
[2024-07-07T23:38:22.256+0500] {processor.py:840} INFO - DAG(s) 'example_short_circuit_decorator' retrieved from /home/nicolaspc/anaconda3/envs/mlops_env/lib/python3.12/site-packages/airflow/example_dags/example_short_circuit_decorator.py
[2024-07-07T23:38:22.278+0500] {logging_mixin.py:188} INFO - [2024-07-07T23:38:22.278+0500] {dag.py:3096} INFO - Sync 1 DAGs
[2024-07-07T23:38:22.294+0500] {logging_mixin.py:188} INFO - [2024-07-07T23:38:22.294+0500] {dag.py:3954} INFO - Setting next_dagrun for example_short_circuit_decorator to 2024-07-06 00:00:00+00:00, run_after=2024-07-07 00:00:00+00:00
[2024-07-07T23:38:22.309+0500] {processor.py:183} INFO - Processing /home/nicolaspc/anaconda3/envs/mlops_env/lib/python3.12/site-packages/airflow/example_dags/example_short_circuit_decorator.py took 0.066 seconds
[2024-07-07T23:38:42.540+0500] {processor.py:161} INFO - Started process (PID=15922) to work on /home/nicolaspc/anaconda3/envs/mlops_env/lib/python3.12/site-packages/airflow/example_dags/example_short_circuit_decorator.py
[2024-07-07T23:38:42.549+0500] {processor.py:830} INFO - Processing file /home/nicolaspc/anaconda3/envs/mlops_env/lib/python3.12/site-packages/airflow/example_dags/example_short_circuit_decorator.py for tasks to queue
[2024-07-07T23:38:42.550+0500] {logging_mixin.py:188} INFO - [2024-07-07T23:38:42.550+0500] {dagbag.py:545} INFO - Filling up the DagBag from /home/nicolaspc/anaconda3/envs/mlops_env/lib/python3.12/site-packages/airflow/example_dags/example_short_circuit_decorator.py
[2024-07-07T23:38:42.556+0500] {processor.py:840} INFO - DAG(s) 'example_short_circuit_decorator' retrieved from /home/nicolaspc/anaconda3/envs/mlops_env/lib/python3.12/site-packages/airflow/example_dags/example_short_circuit_decorator.py
[2024-07-07T23:38:42.567+0500] {logging_mixin.py:188} INFO - [2024-07-07T23:38:42.567+0500] {dag.py:3096} INFO - Sync 1 DAGs
[2024-07-07T23:38:42.579+0500] {logging_mixin.py:188} INFO - [2024-07-07T23:38:42.578+0500] {dag.py:3954} INFO - Setting next_dagrun for example_short_circuit_decorator to 2024-07-06 00:00:00+00:00, run_after=2024-07-07 00:00:00+00:00
[2024-07-07T23:38:42.604+0500] {processor.py:183} INFO - Processing /home/nicolaspc/anaconda3/envs/mlops_env/lib/python3.12/site-packages/airflow/example_dags/example_short_circuit_decorator.py took 0.067 seconds
[2024-07-07T23:38:53.010+0500] {processor.py:161} INFO - Started process (PID=16016) to work on /home/nicolaspc/anaconda3/envs/mlops_env/lib/python3.12/site-packages/airflow/example_dags/example_short_circuit_decorator.py
[2024-07-07T23:38:53.011+0500] {processor.py:830} INFO - Processing file /home/nicolaspc/anaconda3/envs/mlops_env/lib/python3.12/site-packages/airflow/example_dags/example_short_circuit_decorator.py for tasks to queue
[2024-07-07T23:38:53.012+0500] {logging_mixin.py:188} INFO - [2024-07-07T23:38:53.011+0500] {dagbag.py:545} INFO - Filling up the DagBag from /home/nicolaspc/anaconda3/envs/mlops_env/lib/python3.12/site-packages/airflow/example_dags/example_short_circuit_decorator.py
[2024-07-07T23:38:53.017+0500] {processor.py:840} INFO - DAG(s) 'example_short_circuit_decorator' retrieved from /home/nicolaspc/anaconda3/envs/mlops_env/lib/python3.12/site-packages/airflow/example_dags/example_short_circuit_decorator.py
[2024-07-07T23:38:53.038+0500] {logging_mixin.py:188} INFO - [2024-07-07T23:38:53.038+0500] {dag.py:3096} INFO - Sync 1 DAGs
[2024-07-07T23:38:53.053+0500] {logging_mixin.py:188} INFO - [2024-07-07T23:38:53.053+0500] {dag.py:3954} INFO - Setting next_dagrun for example_short_circuit_decorator to 2024-07-06 00:00:00+00:00, run_after=2024-07-07 00:00:00+00:00
[2024-07-07T23:38:53.069+0500] {processor.py:183} INFO - Processing /home/nicolaspc/anaconda3/envs/mlops_env/lib/python3.12/site-packages/airflow/example_dags/example_short_circuit_decorator.py took 0.065 seconds
[2024-07-07T23:39:23.631+0500] {processor.py:161} INFO - Started process (PID=16413) to work on /home/nicolaspc/anaconda3/envs/mlops_env/lib/python3.12/site-packages/airflow/example_dags/example_short_circuit_decorator.py
[2024-07-07T23:39:23.631+0500] {processor.py:830} INFO - Processing file /home/nicolaspc/anaconda3/envs/mlops_env/lib/python3.12/site-packages/airflow/example_dags/example_short_circuit_decorator.py for tasks to queue
[2024-07-07T23:39:23.632+0500] {logging_mixin.py:188} INFO - [2024-07-07T23:39:23.632+0500] {dagbag.py:545} INFO - Filling up the DagBag from /home/nicolaspc/anaconda3/envs/mlops_env/lib/python3.12/site-packages/airflow/example_dags/example_short_circuit_decorator.py
[2024-07-07T23:39:23.637+0500] {processor.py:840} INFO - DAG(s) 'example_short_circuit_decorator' retrieved from /home/nicolaspc/anaconda3/envs/mlops_env/lib/python3.12/site-packages/airflow/example_dags/example_short_circuit_decorator.py
[2024-07-07T23:39:23.658+0500] {logging_mixin.py:188} INFO - [2024-07-07T23:39:23.658+0500] {dag.py:3096} INFO - Sync 1 DAGs
[2024-07-07T23:39:23.674+0500] {logging_mixin.py:188} INFO - [2024-07-07T23:39:23.674+0500] {dag.py:3954} INFO - Setting next_dagrun for example_short_circuit_decorator to 2024-07-06 00:00:00+00:00, run_after=2024-07-07 00:00:00+00:00
[2024-07-07T23:39:23.690+0500] {processor.py:183} INFO - Processing /home/nicolaspc/anaconda3/envs/mlops_env/lib/python3.12/site-packages/airflow/example_dags/example_short_circuit_decorator.py took 0.065 seconds
[2024-07-07T23:39:24.961+0500] {processor.py:161} INFO - Started process (PID=16586) to work on /home/nicolaspc/anaconda3/envs/mlops_env/lib/python3.12/site-packages/airflow/example_dags/example_short_circuit_decorator.py
[2024-07-07T23:39:24.961+0500] {processor.py:830} INFO - Processing file /home/nicolaspc/anaconda3/envs/mlops_env/lib/python3.12/site-packages/airflow/example_dags/example_short_circuit_decorator.py for tasks to queue
[2024-07-07T23:39:24.963+0500] {logging_mixin.py:188} INFO - [2024-07-07T23:39:24.962+0500] {dagbag.py:545} INFO - Filling up the DagBag from /home/nicolaspc/anaconda3/envs/mlops_env/lib/python3.12/site-packages/airflow/example_dags/example_short_circuit_decorator.py
[2024-07-07T23:39:24.969+0500] {processor.py:840} INFO - DAG(s) 'example_short_circuit_decorator' retrieved from /home/nicolaspc/anaconda3/envs/mlops_env/lib/python3.12/site-packages/airflow/example_dags/example_short_circuit_decorator.py
[2024-07-07T23:39:24.980+0500] {logging_mixin.py:188} INFO - [2024-07-07T23:39:24.980+0500] {dag.py:3096} INFO - Sync 1 DAGs
[2024-07-07T23:39:24.993+0500] {logging_mixin.py:188} INFO - [2024-07-07T23:39:24.992+0500] {dag.py:3954} INFO - Setting next_dagrun for example_short_circuit_decorator to 2024-07-06 00:00:00+00:00, run_after=2024-07-07 00:00:00+00:00
[2024-07-07T23:39:25.016+0500] {processor.py:183} INFO - Processing /home/nicolaspc/anaconda3/envs/mlops_env/lib/python3.12/site-packages/airflow/example_dags/example_short_circuit_decorator.py took 0.059 seconds
[2024-07-07T23:39:54.298+0500] {processor.py:161} INFO - Started process (PID=16769) to work on /home/nicolaspc/anaconda3/envs/mlops_env/lib/python3.12/site-packages/airflow/example_dags/example_short_circuit_decorator.py
[2024-07-07T23:39:54.299+0500] {processor.py:830} INFO - Processing file /home/nicolaspc/anaconda3/envs/mlops_env/lib/python3.12/site-packages/airflow/example_dags/example_short_circuit_decorator.py for tasks to queue
[2024-07-07T23:39:54.299+0500] {logging_mixin.py:188} INFO - [2024-07-07T23:39:54.299+0500] {dagbag.py:545} INFO - Filling up the DagBag from /home/nicolaspc/anaconda3/envs/mlops_env/lib/python3.12/site-packages/airflow/example_dags/example_short_circuit_decorator.py
[2024-07-07T23:39:54.305+0500] {processor.py:840} INFO - DAG(s) 'example_short_circuit_decorator' retrieved from /home/nicolaspc/anaconda3/envs/mlops_env/lib/python3.12/site-packages/airflow/example_dags/example_short_circuit_decorator.py
[2024-07-07T23:39:54.326+0500] {logging_mixin.py:188} INFO - [2024-07-07T23:39:54.326+0500] {dag.py:3096} INFO - Sync 1 DAGs
[2024-07-07T23:39:54.341+0500] {logging_mixin.py:188} INFO - [2024-07-07T23:39:54.341+0500] {dag.py:3954} INFO - Setting next_dagrun for example_short_circuit_decorator to 2024-07-06 00:00:00+00:00, run_after=2024-07-07 00:00:00+00:00
[2024-07-07T23:39:54.356+0500] {processor.py:183} INFO - Processing /home/nicolaspc/anaconda3/envs/mlops_env/lib/python3.12/site-packages/airflow/example_dags/example_short_circuit_decorator.py took 0.064 seconds
[2024-07-07T23:40:04.166+0500] {processor.py:161} INFO - Started process (PID=17033) to work on /home/nicolaspc/anaconda3/envs/mlops_env/lib/python3.12/site-packages/airflow/example_dags/example_short_circuit_decorator.py
[2024-07-07T23:40:04.175+0500] {processor.py:830} INFO - Processing file /home/nicolaspc/anaconda3/envs/mlops_env/lib/python3.12/site-packages/airflow/example_dags/example_short_circuit_decorator.py for tasks to queue
[2024-07-07T23:40:04.176+0500] {logging_mixin.py:188} INFO - [2024-07-07T23:40:04.176+0500] {dagbag.py:545} INFO - Filling up the DagBag from /home/nicolaspc/anaconda3/envs/mlops_env/lib/python3.12/site-packages/airflow/example_dags/example_short_circuit_decorator.py
[2024-07-07T23:40:04.184+0500] {processor.py:840} INFO - DAG(s) 'example_short_circuit_decorator' retrieved from /home/nicolaspc/anaconda3/envs/mlops_env/lib/python3.12/site-packages/airflow/example_dags/example_short_circuit_decorator.py
[2024-07-07T23:40:04.198+0500] {logging_mixin.py:188} INFO - [2024-07-07T23:40:04.198+0500] {dag.py:3096} INFO - Sync 1 DAGs
[2024-07-07T23:40:04.211+0500] {logging_mixin.py:188} INFO - [2024-07-07T23:40:04.211+0500] {dag.py:3954} INFO - Setting next_dagrun for example_short_circuit_decorator to 2024-07-06 00:00:00+00:00, run_after=2024-07-07 00:00:00+00:00
[2024-07-07T23:40:04.237+0500] {processor.py:183} INFO - Processing /home/nicolaspc/anaconda3/envs/mlops_env/lib/python3.12/site-packages/airflow/example_dags/example_short_circuit_decorator.py took 0.075 seconds
[2024-07-07T23:40:24.893+0500] {processor.py:161} INFO - Started process (PID=17199) to work on /home/nicolaspc/anaconda3/envs/mlops_env/lib/python3.12/site-packages/airflow/example_dags/example_short_circuit_decorator.py
[2024-07-07T23:40:24.894+0500] {processor.py:830} INFO - Processing file /home/nicolaspc/anaconda3/envs/mlops_env/lib/python3.12/site-packages/airflow/example_dags/example_short_circuit_decorator.py for tasks to queue
[2024-07-07T23:40:24.895+0500] {logging_mixin.py:188} INFO - [2024-07-07T23:40:24.895+0500] {dagbag.py:545} INFO - Filling up the DagBag from /home/nicolaspc/anaconda3/envs/mlops_env/lib/python3.12/site-packages/airflow/example_dags/example_short_circuit_decorator.py
[2024-07-07T23:40:24.902+0500] {processor.py:840} INFO - DAG(s) 'example_short_circuit_decorator' retrieved from /home/nicolaspc/anaconda3/envs/mlops_env/lib/python3.12/site-packages/airflow/example_dags/example_short_circuit_decorator.py
[2024-07-07T23:40:24.923+0500] {logging_mixin.py:188} INFO - [2024-07-07T23:40:24.923+0500] {dag.py:3096} INFO - Sync 1 DAGs
[2024-07-07T23:40:24.943+0500] {logging_mixin.py:188} INFO - [2024-07-07T23:40:24.942+0500] {dag.py:3954} INFO - Setting next_dagrun for example_short_circuit_decorator to 2024-07-06 00:00:00+00:00, run_after=2024-07-07 00:00:00+00:00
[2024-07-07T23:40:24.962+0500] {processor.py:183} INFO - Processing /home/nicolaspc/anaconda3/envs/mlops_env/lib/python3.12/site-packages/airflow/example_dags/example_short_circuit_decorator.py took 0.075 seconds
[2024-07-07T23:40:44.443+0500] {processor.py:161} INFO - Started process (PID=17467) to work on /home/nicolaspc/anaconda3/envs/mlops_env/lib/python3.12/site-packages/airflow/example_dags/example_short_circuit_decorator.py
[2024-07-07T23:40:44.451+0500] {processor.py:830} INFO - Processing file /home/nicolaspc/anaconda3/envs/mlops_env/lib/python3.12/site-packages/airflow/example_dags/example_short_circuit_decorator.py for tasks to queue
[2024-07-07T23:40:44.453+0500] {logging_mixin.py:188} INFO - [2024-07-07T23:40:44.452+0500] {dagbag.py:545} INFO - Filling up the DagBag from /home/nicolaspc/anaconda3/envs/mlops_env/lib/python3.12/site-packages/airflow/example_dags/example_short_circuit_decorator.py
[2024-07-07T23:40:44.459+0500] {processor.py:840} INFO - DAG(s) 'example_short_circuit_decorator' retrieved from /home/nicolaspc/anaconda3/envs/mlops_env/lib/python3.12/site-packages/airflow/example_dags/example_short_circuit_decorator.py
[2024-07-07T23:40:44.472+0500] {logging_mixin.py:188} INFO - [2024-07-07T23:40:44.472+0500] {dag.py:3096} INFO - Sync 1 DAGs
[2024-07-07T23:40:44.484+0500] {logging_mixin.py:188} INFO - [2024-07-07T23:40:44.484+0500] {dag.py:3954} INFO - Setting next_dagrun for example_short_circuit_decorator to 2024-07-06 00:00:00+00:00, run_after=2024-07-07 00:00:00+00:00
[2024-07-07T23:40:44.511+0500] {processor.py:183} INFO - Processing /home/nicolaspc/anaconda3/envs/mlops_env/lib/python3.12/site-packages/airflow/example_dags/example_short_circuit_decorator.py took 0.072 seconds
[2024-07-07T23:40:55.677+0500] {processor.py:161} INFO - Started process (PID=17565) to work on /home/nicolaspc/anaconda3/envs/mlops_env/lib/python3.12/site-packages/airflow/example_dags/example_short_circuit_decorator.py
[2024-07-07T23:40:55.678+0500] {processor.py:830} INFO - Processing file /home/nicolaspc/anaconda3/envs/mlops_env/lib/python3.12/site-packages/airflow/example_dags/example_short_circuit_decorator.py for tasks to queue
[2024-07-07T23:40:55.678+0500] {logging_mixin.py:188} INFO - [2024-07-07T23:40:55.678+0500] {dagbag.py:545} INFO - Filling up the DagBag from /home/nicolaspc/anaconda3/envs/mlops_env/lib/python3.12/site-packages/airflow/example_dags/example_short_circuit_decorator.py
[2024-07-07T23:40:55.684+0500] {processor.py:840} INFO - DAG(s) 'example_short_circuit_decorator' retrieved from /home/nicolaspc/anaconda3/envs/mlops_env/lib/python3.12/site-packages/airflow/example_dags/example_short_circuit_decorator.py
[2024-07-07T23:40:55.707+0500] {logging_mixin.py:188} INFO - [2024-07-07T23:40:55.707+0500] {dag.py:3096} INFO - Sync 1 DAGs
[2024-07-07T23:40:55.724+0500] {logging_mixin.py:188} INFO - [2024-07-07T23:40:55.724+0500] {dag.py:3954} INFO - Setting next_dagrun for example_short_circuit_decorator to 2024-07-06 00:00:00+00:00, run_after=2024-07-07 00:00:00+00:00
[2024-07-07T23:40:55.740+0500] {processor.py:183} INFO - Processing /home/nicolaspc/anaconda3/envs/mlops_env/lib/python3.12/site-packages/airflow/example_dags/example_short_circuit_decorator.py took 0.070 seconds
[2024-07-07T23:41:25.738+0500] {processor.py:161} INFO - Started process (PID=17898) to work on /home/nicolaspc/anaconda3/envs/mlops_env/lib/python3.12/site-packages/airflow/example_dags/example_short_circuit_decorator.py
[2024-07-07T23:41:25.739+0500] {processor.py:830} INFO - Processing file /home/nicolaspc/anaconda3/envs/mlops_env/lib/python3.12/site-packages/airflow/example_dags/example_short_circuit_decorator.py for tasks to queue
[2024-07-07T23:41:25.740+0500] {logging_mixin.py:188} INFO - [2024-07-07T23:41:25.740+0500] {dagbag.py:545} INFO - Filling up the DagBag from /home/nicolaspc/anaconda3/envs/mlops_env/lib/python3.12/site-packages/airflow/example_dags/example_short_circuit_decorator.py
[2024-07-07T23:41:25.746+0500] {processor.py:840} INFO - DAG(s) 'example_short_circuit_decorator' retrieved from /home/nicolaspc/anaconda3/envs/mlops_env/lib/python3.12/site-packages/airflow/example_dags/example_short_circuit_decorator.py
[2024-07-07T23:41:25.758+0500] {logging_mixin.py:188} INFO - [2024-07-07T23:41:25.758+0500] {dag.py:3096} INFO - Sync 1 DAGs
[2024-07-07T23:41:25.772+0500] {logging_mixin.py:188} INFO - [2024-07-07T23:41:25.772+0500] {dag.py:3954} INFO - Setting next_dagrun for example_short_circuit_decorator to 2024-07-06 00:00:00+00:00, run_after=2024-07-07 00:00:00+00:00
[2024-07-07T23:41:25.798+0500] {processor.py:183} INFO - Processing /home/nicolaspc/anaconda3/envs/mlops_env/lib/python3.12/site-packages/airflow/example_dags/example_short_circuit_decorator.py took 0.063 seconds
[2024-07-07T23:41:26.440+0500] {processor.py:161} INFO - Started process (PID=17979) to work on /home/nicolaspc/anaconda3/envs/mlops_env/lib/python3.12/site-packages/airflow/example_dags/example_short_circuit_decorator.py
[2024-07-07T23:41:26.441+0500] {processor.py:830} INFO - Processing file /home/nicolaspc/anaconda3/envs/mlops_env/lib/python3.12/site-packages/airflow/example_dags/example_short_circuit_decorator.py for tasks to queue
[2024-07-07T23:41:26.442+0500] {logging_mixin.py:188} INFO - [2024-07-07T23:41:26.441+0500] {dagbag.py:545} INFO - Filling up the DagBag from /home/nicolaspc/anaconda3/envs/mlops_env/lib/python3.12/site-packages/airflow/example_dags/example_short_circuit_decorator.py
[2024-07-07T23:41:26.447+0500] {processor.py:840} INFO - DAG(s) 'example_short_circuit_decorator' retrieved from /home/nicolaspc/anaconda3/envs/mlops_env/lib/python3.12/site-packages/airflow/example_dags/example_short_circuit_decorator.py
[2024-07-07T23:41:26.470+0500] {logging_mixin.py:188} INFO - [2024-07-07T23:41:26.469+0500] {dag.py:3096} INFO - Sync 1 DAGs
[2024-07-07T23:41:26.487+0500] {logging_mixin.py:188} INFO - [2024-07-07T23:41:26.487+0500] {dag.py:3954} INFO - Setting next_dagrun for example_short_circuit_decorator to 2024-07-06 00:00:00+00:00, run_after=2024-07-07 00:00:00+00:00
[2024-07-07T23:41:26.502+0500] {processor.py:183} INFO - Processing /home/nicolaspc/anaconda3/envs/mlops_env/lib/python3.12/site-packages/airflow/example_dags/example_short_circuit_decorator.py took 0.069 seconds
[2024-07-07T23:41:57.427+0500] {processor.py:161} INFO - Started process (PID=18358) to work on /home/nicolaspc/anaconda3/envs/mlops_env/lib/python3.12/site-packages/airflow/example_dags/example_short_circuit_decorator.py
[2024-07-07T23:41:57.427+0500] {processor.py:830} INFO - Processing file /home/nicolaspc/anaconda3/envs/mlops_env/lib/python3.12/site-packages/airflow/example_dags/example_short_circuit_decorator.py for tasks to queue
[2024-07-07T23:41:57.428+0500] {logging_mixin.py:188} INFO - [2024-07-07T23:41:57.428+0500] {dagbag.py:545} INFO - Filling up the DagBag from /home/nicolaspc/anaconda3/envs/mlops_env/lib/python3.12/site-packages/airflow/example_dags/example_short_circuit_decorator.py
[2024-07-07T23:41:57.434+0500] {processor.py:840} INFO - DAG(s) 'example_short_circuit_decorator' retrieved from /home/nicolaspc/anaconda3/envs/mlops_env/lib/python3.12/site-packages/airflow/example_dags/example_short_circuit_decorator.py
[2024-07-07T23:41:57.455+0500] {logging_mixin.py:188} INFO - [2024-07-07T23:41:57.455+0500] {dag.py:3096} INFO - Sync 1 DAGs
[2024-07-07T23:41:57.470+0500] {logging_mixin.py:188} INFO - [2024-07-07T23:41:57.470+0500] {dag.py:3954} INFO - Setting next_dagrun for example_short_circuit_decorator to 2024-07-06 00:00:00+00:00, run_after=2024-07-07 00:00:00+00:00
[2024-07-07T23:41:57.486+0500] {processor.py:183} INFO - Processing /home/nicolaspc/anaconda3/envs/mlops_env/lib/python3.12/site-packages/airflow/example_dags/example_short_circuit_decorator.py took 0.065 seconds
[2024-07-07T23:42:05.679+0500] {processor.py:161} INFO - Started process (PID=18634) to work on /home/nicolaspc/anaconda3/envs/mlops_env/lib/python3.12/site-packages/airflow/example_dags/example_short_circuit_decorator.py
[2024-07-07T23:42:05.687+0500] {processor.py:830} INFO - Processing file /home/nicolaspc/anaconda3/envs/mlops_env/lib/python3.12/site-packages/airflow/example_dags/example_short_circuit_decorator.py for tasks to queue
[2024-07-07T23:42:05.689+0500] {logging_mixin.py:188} INFO - [2024-07-07T23:42:05.688+0500] {dagbag.py:545} INFO - Filling up the DagBag from /home/nicolaspc/anaconda3/envs/mlops_env/lib/python3.12/site-packages/airflow/example_dags/example_short_circuit_decorator.py
[2024-07-07T23:42:05.696+0500] {processor.py:840} INFO - DAG(s) 'example_short_circuit_decorator' retrieved from /home/nicolaspc/anaconda3/envs/mlops_env/lib/python3.12/site-packages/airflow/example_dags/example_short_circuit_decorator.py
[2024-07-07T23:42:05.708+0500] {logging_mixin.py:188} INFO - [2024-07-07T23:42:05.708+0500] {dag.py:3096} INFO - Sync 1 DAGs
[2024-07-07T23:42:05.812+0500] {logging_mixin.py:188} INFO - [2024-07-07T23:42:05.812+0500] {dag.py:3954} INFO - Setting next_dagrun for example_short_circuit_decorator to 2024-07-06 00:00:00+00:00, run_after=2024-07-07 00:00:00+00:00
[2024-07-07T23:42:05.840+0500] {processor.py:183} INFO - Processing /home/nicolaspc/anaconda3/envs/mlops_env/lib/python3.12/site-packages/airflow/example_dags/example_short_circuit_decorator.py took 0.165 seconds
[2024-07-07T23:42:28.377+0500] {processor.py:161} INFO - Started process (PID=18768) to work on /home/nicolaspc/anaconda3/envs/mlops_env/lib/python3.12/site-packages/airflow/example_dags/example_short_circuit_decorator.py
[2024-07-07T23:42:28.378+0500] {processor.py:830} INFO - Processing file /home/nicolaspc/anaconda3/envs/mlops_env/lib/python3.12/site-packages/airflow/example_dags/example_short_circuit_decorator.py for tasks to queue
[2024-07-07T23:42:28.379+0500] {logging_mixin.py:188} INFO - [2024-07-07T23:42:28.378+0500] {dagbag.py:545} INFO - Filling up the DagBag from /home/nicolaspc/anaconda3/envs/mlops_env/lib/python3.12/site-packages/airflow/example_dags/example_short_circuit_decorator.py
[2024-07-07T23:42:28.384+0500] {processor.py:840} INFO - DAG(s) 'example_short_circuit_decorator' retrieved from /home/nicolaspc/anaconda3/envs/mlops_env/lib/python3.12/site-packages/airflow/example_dags/example_short_circuit_decorator.py
[2024-07-07T23:42:28.406+0500] {logging_mixin.py:188} INFO - [2024-07-07T23:42:28.406+0500] {dag.py:3096} INFO - Sync 1 DAGs
[2024-07-07T23:42:28.423+0500] {logging_mixin.py:188} INFO - [2024-07-07T23:42:28.422+0500] {dag.py:3954} INFO - Setting next_dagrun for example_short_circuit_decorator to 2024-07-06 00:00:00+00:00, run_after=2024-07-07 00:00:00+00:00
[2024-07-07T23:42:28.438+0500] {processor.py:183} INFO - Processing /home/nicolaspc/anaconda3/envs/mlops_env/lib/python3.12/site-packages/airflow/example_dags/example_short_circuit_decorator.py took 0.066 seconds
[2024-07-07T23:42:45.786+0500] {processor.py:161} INFO - Started process (PID=19028) to work on /home/nicolaspc/anaconda3/envs/mlops_env/lib/python3.12/site-packages/airflow/example_dags/example_short_circuit_decorator.py
[2024-07-07T23:42:45.787+0500] {processor.py:830} INFO - Processing file /home/nicolaspc/anaconda3/envs/mlops_env/lib/python3.12/site-packages/airflow/example_dags/example_short_circuit_decorator.py for tasks to queue
[2024-07-07T23:42:45.788+0500] {logging_mixin.py:188} INFO - [2024-07-07T23:42:45.788+0500] {dagbag.py:545} INFO - Filling up the DagBag from /home/nicolaspc/anaconda3/envs/mlops_env/lib/python3.12/site-packages/airflow/example_dags/example_short_circuit_decorator.py
[2024-07-07T23:42:45.794+0500] {processor.py:840} INFO - DAG(s) 'example_short_circuit_decorator' retrieved from /home/nicolaspc/anaconda3/envs/mlops_env/lib/python3.12/site-packages/airflow/example_dags/example_short_circuit_decorator.py
[2024-07-07T23:42:45.805+0500] {logging_mixin.py:188} INFO - [2024-07-07T23:42:45.805+0500] {dag.py:3096} INFO - Sync 1 DAGs
[2024-07-07T23:42:45.816+0500] {logging_mixin.py:188} INFO - [2024-07-07T23:42:45.816+0500] {dag.py:3954} INFO - Setting next_dagrun for example_short_circuit_decorator to 2024-07-06 00:00:00+00:00, run_after=2024-07-07 00:00:00+00:00
[2024-07-07T23:42:45.837+0500] {processor.py:183} INFO - Processing /home/nicolaspc/anaconda3/envs/mlops_env/lib/python3.12/site-packages/airflow/example_dags/example_short_circuit_decorator.py took 0.055 seconds
[2024-07-07T23:42:59.239+0500] {processor.py:161} INFO - Started process (PID=19132) to work on /home/nicolaspc/anaconda3/envs/mlops_env/lib/python3.12/site-packages/airflow/example_dags/example_short_circuit_decorator.py
[2024-07-07T23:42:59.239+0500] {processor.py:830} INFO - Processing file /home/nicolaspc/anaconda3/envs/mlops_env/lib/python3.12/site-packages/airflow/example_dags/example_short_circuit_decorator.py for tasks to queue
[2024-07-07T23:42:59.240+0500] {logging_mixin.py:188} INFO - [2024-07-07T23:42:59.240+0500] {dagbag.py:545} INFO - Filling up the DagBag from /home/nicolaspc/anaconda3/envs/mlops_env/lib/python3.12/site-packages/airflow/example_dags/example_short_circuit_decorator.py
[2024-07-07T23:42:59.247+0500] {processor.py:840} INFO - DAG(s) 'example_short_circuit_decorator' retrieved from /home/nicolaspc/anaconda3/envs/mlops_env/lib/python3.12/site-packages/airflow/example_dags/example_short_circuit_decorator.py
[2024-07-07T23:42:59.271+0500] {logging_mixin.py:188} INFO - [2024-07-07T23:42:59.271+0500] {dag.py:3096} INFO - Sync 1 DAGs
[2024-07-07T23:42:59.289+0500] {logging_mixin.py:188} INFO - [2024-07-07T23:42:59.289+0500] {dag.py:3954} INFO - Setting next_dagrun for example_short_circuit_decorator to 2024-07-06 00:00:00+00:00, run_after=2024-07-07 00:00:00+00:00
[2024-07-07T23:42:59.308+0500] {processor.py:183} INFO - Processing /home/nicolaspc/anaconda3/envs/mlops_env/lib/python3.12/site-packages/airflow/example_dags/example_short_circuit_decorator.py took 0.076 seconds
[2024-07-07T23:43:29.873+0500] {processor.py:161} INFO - Started process (PID=19461) to work on /home/nicolaspc/anaconda3/envs/mlops_env/lib/python3.12/site-packages/airflow/example_dags/example_short_circuit_decorator.py
[2024-07-07T23:43:29.874+0500] {processor.py:830} INFO - Processing file /home/nicolaspc/anaconda3/envs/mlops_env/lib/python3.12/site-packages/airflow/example_dags/example_short_circuit_decorator.py for tasks to queue
[2024-07-07T23:43:29.875+0500] {logging_mixin.py:188} INFO - [2024-07-07T23:43:29.874+0500] {dagbag.py:545} INFO - Filling up the DagBag from /home/nicolaspc/anaconda3/envs/mlops_env/lib/python3.12/site-packages/airflow/example_dags/example_short_circuit_decorator.py
[2024-07-07T23:43:29.880+0500] {processor.py:840} INFO - DAG(s) 'example_short_circuit_decorator' retrieved from /home/nicolaspc/anaconda3/envs/mlops_env/lib/python3.12/site-packages/airflow/example_dags/example_short_circuit_decorator.py
[2024-07-07T23:43:29.903+0500] {logging_mixin.py:188} INFO - [2024-07-07T23:43:29.902+0500] {dag.py:3096} INFO - Sync 1 DAGs
[2024-07-07T23:43:29.919+0500] {logging_mixin.py:188} INFO - [2024-07-07T23:43:29.918+0500] {dag.py:3954} INFO - Setting next_dagrun for example_short_circuit_decorator to 2024-07-06 00:00:00+00:00, run_after=2024-07-07 00:00:00+00:00
[2024-07-07T23:43:29.934+0500] {processor.py:183} INFO - Processing /home/nicolaspc/anaconda3/envs/mlops_env/lib/python3.12/site-packages/airflow/example_dags/example_short_circuit_decorator.py took 0.066 seconds
[2024-07-07T23:44:00.630+0500] {processor.py:161} INFO - Started process (PID=19827) to work on /home/nicolaspc/anaconda3/envs/mlops_env/lib/python3.12/site-packages/airflow/example_dags/example_short_circuit_decorator.py
[2024-07-07T23:44:00.630+0500] {processor.py:830} INFO - Processing file /home/nicolaspc/anaconda3/envs/mlops_env/lib/python3.12/site-packages/airflow/example_dags/example_short_circuit_decorator.py for tasks to queue
[2024-07-07T23:44:00.631+0500] {logging_mixin.py:188} INFO - [2024-07-07T23:44:00.631+0500] {dagbag.py:545} INFO - Filling up the DagBag from /home/nicolaspc/anaconda3/envs/mlops_env/lib/python3.12/site-packages/airflow/example_dags/example_short_circuit_decorator.py
[2024-07-07T23:44:00.636+0500] {processor.py:840} INFO - DAG(s) 'example_short_circuit_decorator' retrieved from /home/nicolaspc/anaconda3/envs/mlops_env/lib/python3.12/site-packages/airflow/example_dags/example_short_circuit_decorator.py
[2024-07-07T23:44:00.658+0500] {logging_mixin.py:188} INFO - [2024-07-07T23:44:00.658+0500] {dag.py:3096} INFO - Sync 1 DAGs
[2024-07-07T23:44:00.675+0500] {logging_mixin.py:188} INFO - [2024-07-07T23:44:00.675+0500] {dag.py:3954} INFO - Setting next_dagrun for example_short_circuit_decorator to 2024-07-06 00:00:00+00:00, run_after=2024-07-07 00:00:00+00:00
[2024-07-07T23:44:00.691+0500] {processor.py:183} INFO - Processing /home/nicolaspc/anaconda3/envs/mlops_env/lib/python3.12/site-packages/airflow/example_dags/example_short_circuit_decorator.py took 0.067 seconds
[2024-07-07T23:44:31.120+0500] {processor.py:161} INFO - Started process (PID=20191) to work on /home/nicolaspc/anaconda3/envs/mlops_env/lib/python3.12/site-packages/airflow/example_dags/example_short_circuit_decorator.py
[2024-07-07T23:44:31.120+0500] {processor.py:830} INFO - Processing file /home/nicolaspc/anaconda3/envs/mlops_env/lib/python3.12/site-packages/airflow/example_dags/example_short_circuit_decorator.py for tasks to queue
[2024-07-07T23:44:31.121+0500] {logging_mixin.py:188} INFO - [2024-07-07T23:44:31.121+0500] {dagbag.py:545} INFO - Filling up the DagBag from /home/nicolaspc/anaconda3/envs/mlops_env/lib/python3.12/site-packages/airflow/example_dags/example_short_circuit_decorator.py
[2024-07-07T23:44:31.127+0500] {processor.py:840} INFO - DAG(s) 'example_short_circuit_decorator' retrieved from /home/nicolaspc/anaconda3/envs/mlops_env/lib/python3.12/site-packages/airflow/example_dags/example_short_circuit_decorator.py
[2024-07-07T23:44:31.149+0500] {logging_mixin.py:188} INFO - [2024-07-07T23:44:31.149+0500] {dag.py:3096} INFO - Sync 1 DAGs
[2024-07-07T23:44:31.167+0500] {logging_mixin.py:188} INFO - [2024-07-07T23:44:31.167+0500] {dag.py:3954} INFO - Setting next_dagrun for example_short_circuit_decorator to 2024-07-06 00:00:00+00:00, run_after=2024-07-07 00:00:00+00:00
[2024-07-07T23:44:31.183+0500] {processor.py:183} INFO - Processing /home/nicolaspc/anaconda3/envs/mlops_env/lib/python3.12/site-packages/airflow/example_dags/example_short_circuit_decorator.py took 0.069 seconds
[2024-07-07T23:45:01.737+0500] {processor.py:161} INFO - Started process (PID=20557) to work on /home/nicolaspc/anaconda3/envs/mlops_env/lib/python3.12/site-packages/airflow/example_dags/example_short_circuit_decorator.py
[2024-07-07T23:45:01.737+0500] {processor.py:830} INFO - Processing file /home/nicolaspc/anaconda3/envs/mlops_env/lib/python3.12/site-packages/airflow/example_dags/example_short_circuit_decorator.py for tasks to queue
[2024-07-07T23:45:01.738+0500] {logging_mixin.py:188} INFO - [2024-07-07T23:45:01.737+0500] {dagbag.py:545} INFO - Filling up the DagBag from /home/nicolaspc/anaconda3/envs/mlops_env/lib/python3.12/site-packages/airflow/example_dags/example_short_circuit_decorator.py
[2024-07-07T23:45:01.743+0500] {processor.py:840} INFO - DAG(s) 'example_short_circuit_decorator' retrieved from /home/nicolaspc/anaconda3/envs/mlops_env/lib/python3.12/site-packages/airflow/example_dags/example_short_circuit_decorator.py
[2024-07-07T23:45:01.765+0500] {logging_mixin.py:188} INFO - [2024-07-07T23:45:01.765+0500] {dag.py:3096} INFO - Sync 1 DAGs
[2024-07-07T23:45:01.781+0500] {logging_mixin.py:188} INFO - [2024-07-07T23:45:01.781+0500] {dag.py:3954} INFO - Setting next_dagrun for example_short_circuit_decorator to 2024-07-06 00:00:00+00:00, run_after=2024-07-07 00:00:00+00:00
[2024-07-07T23:45:01.797+0500] {processor.py:183} INFO - Processing /home/nicolaspc/anaconda3/envs/mlops_env/lib/python3.12/site-packages/airflow/example_dags/example_short_circuit_decorator.py took 0.066 seconds
[2024-07-07T23:45:32.499+0500] {processor.py:161} INFO - Started process (PID=20882) to work on /home/nicolaspc/anaconda3/envs/mlops_env/lib/python3.12/site-packages/airflow/example_dags/example_short_circuit_decorator.py
[2024-07-07T23:45:32.500+0500] {processor.py:830} INFO - Processing file /home/nicolaspc/anaconda3/envs/mlops_env/lib/python3.12/site-packages/airflow/example_dags/example_short_circuit_decorator.py for tasks to queue
[2024-07-07T23:45:32.500+0500] {logging_mixin.py:188} INFO - [2024-07-07T23:45:32.500+0500] {dagbag.py:545} INFO - Filling up the DagBag from /home/nicolaspc/anaconda3/envs/mlops_env/lib/python3.12/site-packages/airflow/example_dags/example_short_circuit_decorator.py
[2024-07-07T23:45:32.505+0500] {processor.py:840} INFO - DAG(s) 'example_short_circuit_decorator' retrieved from /home/nicolaspc/anaconda3/envs/mlops_env/lib/python3.12/site-packages/airflow/example_dags/example_short_circuit_decorator.py
[2024-07-07T23:45:32.527+0500] {logging_mixin.py:188} INFO - [2024-07-07T23:45:32.527+0500] {dag.py:3096} INFO - Sync 1 DAGs
[2024-07-07T23:45:32.543+0500] {logging_mixin.py:188} INFO - [2024-07-07T23:45:32.543+0500] {dag.py:3954} INFO - Setting next_dagrun for example_short_circuit_decorator to 2024-07-06 00:00:00+00:00, run_after=2024-07-07 00:00:00+00:00
[2024-07-07T23:45:32.559+0500] {processor.py:183} INFO - Processing /home/nicolaspc/anaconda3/envs/mlops_env/lib/python3.12/site-packages/airflow/example_dags/example_short_circuit_decorator.py took 0.065 seconds
[2024-07-07T23:46:03.109+0500] {processor.py:161} INFO - Started process (PID=21219) to work on /home/nicolaspc/anaconda3/envs/mlops_env/lib/python3.12/site-packages/airflow/example_dags/example_short_circuit_decorator.py
[2024-07-07T23:46:03.110+0500] {processor.py:830} INFO - Processing file /home/nicolaspc/anaconda3/envs/mlops_env/lib/python3.12/site-packages/airflow/example_dags/example_short_circuit_decorator.py for tasks to queue
[2024-07-07T23:46:03.110+0500] {logging_mixin.py:188} INFO - [2024-07-07T23:46:03.110+0500] {dagbag.py:545} INFO - Filling up the DagBag from /home/nicolaspc/anaconda3/envs/mlops_env/lib/python3.12/site-packages/airflow/example_dags/example_short_circuit_decorator.py
[2024-07-07T23:46:03.116+0500] {processor.py:840} INFO - DAG(s) 'example_short_circuit_decorator' retrieved from /home/nicolaspc/anaconda3/envs/mlops_env/lib/python3.12/site-packages/airflow/example_dags/example_short_circuit_decorator.py
[2024-07-07T23:46:03.137+0500] {logging_mixin.py:188} INFO - [2024-07-07T23:46:03.137+0500] {dag.py:3096} INFO - Sync 1 DAGs
[2024-07-07T23:46:03.152+0500] {logging_mixin.py:188} INFO - [2024-07-07T23:46:03.152+0500] {dag.py:3954} INFO - Setting next_dagrun for example_short_circuit_decorator to 2024-07-06 00:00:00+00:00, run_after=2024-07-07 00:00:00+00:00
[2024-07-07T23:46:03.169+0500] {processor.py:183} INFO - Processing /home/nicolaspc/anaconda3/envs/mlops_env/lib/python3.12/site-packages/airflow/example_dags/example_short_circuit_decorator.py took 0.066 seconds
[2024-07-07T23:46:33.658+0500] {processor.py:161} INFO - Started process (PID=21585) to work on /home/nicolaspc/anaconda3/envs/mlops_env/lib/python3.12/site-packages/airflow/example_dags/example_short_circuit_decorator.py
[2024-07-07T23:46:33.659+0500] {processor.py:830} INFO - Processing file /home/nicolaspc/anaconda3/envs/mlops_env/lib/python3.12/site-packages/airflow/example_dags/example_short_circuit_decorator.py for tasks to queue
[2024-07-07T23:46:33.660+0500] {logging_mixin.py:188} INFO - [2024-07-07T23:46:33.659+0500] {dagbag.py:545} INFO - Filling up the DagBag from /home/nicolaspc/anaconda3/envs/mlops_env/lib/python3.12/site-packages/airflow/example_dags/example_short_circuit_decorator.py
[2024-07-07T23:46:33.665+0500] {processor.py:840} INFO - DAG(s) 'example_short_circuit_decorator' retrieved from /home/nicolaspc/anaconda3/envs/mlops_env/lib/python3.12/site-packages/airflow/example_dags/example_short_circuit_decorator.py
[2024-07-07T23:46:33.686+0500] {logging_mixin.py:188} INFO - [2024-07-07T23:46:33.686+0500] {dag.py:3096} INFO - Sync 1 DAGs
[2024-07-07T23:46:33.701+0500] {logging_mixin.py:188} INFO - [2024-07-07T23:46:33.701+0500] {dag.py:3954} INFO - Setting next_dagrun for example_short_circuit_decorator to 2024-07-06 00:00:00+00:00, run_after=2024-07-07 00:00:00+00:00
[2024-07-07T23:46:33.717+0500] {processor.py:183} INFO - Processing /home/nicolaspc/anaconda3/envs/mlops_env/lib/python3.12/site-packages/airflow/example_dags/example_short_circuit_decorator.py took 0.065 seconds
[2024-07-07T23:47:04.476+0500] {processor.py:161} INFO - Started process (PID=21916) to work on /home/nicolaspc/anaconda3/envs/mlops_env/lib/python3.12/site-packages/airflow/example_dags/example_short_circuit_decorator.py
[2024-07-07T23:47:04.477+0500] {processor.py:830} INFO - Processing file /home/nicolaspc/anaconda3/envs/mlops_env/lib/python3.12/site-packages/airflow/example_dags/example_short_circuit_decorator.py for tasks to queue
[2024-07-07T23:47:04.478+0500] {logging_mixin.py:188} INFO - [2024-07-07T23:47:04.477+0500] {dagbag.py:545} INFO - Filling up the DagBag from /home/nicolaspc/anaconda3/envs/mlops_env/lib/python3.12/site-packages/airflow/example_dags/example_short_circuit_decorator.py
[2024-07-07T23:47:04.483+0500] {processor.py:840} INFO - DAG(s) 'example_short_circuit_decorator' retrieved from /home/nicolaspc/anaconda3/envs/mlops_env/lib/python3.12/site-packages/airflow/example_dags/example_short_circuit_decorator.py
[2024-07-07T23:47:04.504+0500] {logging_mixin.py:188} INFO - [2024-07-07T23:47:04.504+0500] {dag.py:3096} INFO - Sync 1 DAGs
[2024-07-07T23:47:04.521+0500] {logging_mixin.py:188} INFO - [2024-07-07T23:47:04.521+0500] {dag.py:3954} INFO - Setting next_dagrun for example_short_circuit_decorator to 2024-07-06 00:00:00+00:00, run_after=2024-07-07 00:00:00+00:00
[2024-07-07T23:47:04.536+0500] {processor.py:183} INFO - Processing /home/nicolaspc/anaconda3/envs/mlops_env/lib/python3.12/site-packages/airflow/example_dags/example_short_circuit_decorator.py took 0.066 seconds
[2024-07-07T23:47:34.984+0500] {processor.py:161} INFO - Started process (PID=22244) to work on /home/nicolaspc/anaconda3/envs/mlops_env/lib/python3.12/site-packages/airflow/example_dags/example_short_circuit_decorator.py
[2024-07-07T23:47:34.985+0500] {processor.py:830} INFO - Processing file /home/nicolaspc/anaconda3/envs/mlops_env/lib/python3.12/site-packages/airflow/example_dags/example_short_circuit_decorator.py for tasks to queue
[2024-07-07T23:47:34.985+0500] {logging_mixin.py:188} INFO - [2024-07-07T23:47:34.985+0500] {dagbag.py:545} INFO - Filling up the DagBag from /home/nicolaspc/anaconda3/envs/mlops_env/lib/python3.12/site-packages/airflow/example_dags/example_short_circuit_decorator.py
[2024-07-07T23:47:34.991+0500] {processor.py:840} INFO - DAG(s) 'example_short_circuit_decorator' retrieved from /home/nicolaspc/anaconda3/envs/mlops_env/lib/python3.12/site-packages/airflow/example_dags/example_short_circuit_decorator.py
[2024-07-07T23:47:35.014+0500] {logging_mixin.py:188} INFO - [2024-07-07T23:47:35.013+0500] {dag.py:3096} INFO - Sync 1 DAGs
[2024-07-07T23:47:35.030+0500] {logging_mixin.py:188} INFO - [2024-07-07T23:47:35.030+0500] {dag.py:3954} INFO - Setting next_dagrun for example_short_circuit_decorator to 2024-07-06 00:00:00+00:00, run_after=2024-07-07 00:00:00+00:00
[2024-07-07T23:47:35.047+0500] {processor.py:183} INFO - Processing /home/nicolaspc/anaconda3/envs/mlops_env/lib/python3.12/site-packages/airflow/example_dags/example_short_circuit_decorator.py took 0.068 seconds
[2024-07-07T23:48:05.591+0500] {processor.py:161} INFO - Started process (PID=22569) to work on /home/nicolaspc/anaconda3/envs/mlops_env/lib/python3.12/site-packages/airflow/example_dags/example_short_circuit_decorator.py
[2024-07-07T23:48:05.591+0500] {processor.py:830} INFO - Processing file /home/nicolaspc/anaconda3/envs/mlops_env/lib/python3.12/site-packages/airflow/example_dags/example_short_circuit_decorator.py for tasks to queue
[2024-07-07T23:48:05.592+0500] {logging_mixin.py:188} INFO - [2024-07-07T23:48:05.592+0500] {dagbag.py:545} INFO - Filling up the DagBag from /home/nicolaspc/anaconda3/envs/mlops_env/lib/python3.12/site-packages/airflow/example_dags/example_short_circuit_decorator.py
[2024-07-07T23:48:05.597+0500] {processor.py:840} INFO - DAG(s) 'example_short_circuit_decorator' retrieved from /home/nicolaspc/anaconda3/envs/mlops_env/lib/python3.12/site-packages/airflow/example_dags/example_short_circuit_decorator.py
[2024-07-07T23:48:05.617+0500] {logging_mixin.py:188} INFO - [2024-07-07T23:48:05.617+0500] {dag.py:3096} INFO - Sync 1 DAGs
[2024-07-07T23:48:05.634+0500] {logging_mixin.py:188} INFO - [2024-07-07T23:48:05.633+0500] {dag.py:3954} INFO - Setting next_dagrun for example_short_circuit_decorator to 2024-07-06 00:00:00+00:00, run_after=2024-07-07 00:00:00+00:00
[2024-07-07T23:48:05.649+0500] {processor.py:183} INFO - Processing /home/nicolaspc/anaconda3/envs/mlops_env/lib/python3.12/site-packages/airflow/example_dags/example_short_circuit_decorator.py took 0.064 seconds
[2024-07-07T23:48:36.147+0500] {processor.py:161} INFO - Started process (PID=22922) to work on /home/nicolaspc/anaconda3/envs/mlops_env/lib/python3.12/site-packages/airflow/example_dags/example_short_circuit_decorator.py
[2024-07-07T23:48:36.148+0500] {processor.py:830} INFO - Processing file /home/nicolaspc/anaconda3/envs/mlops_env/lib/python3.12/site-packages/airflow/example_dags/example_short_circuit_decorator.py for tasks to queue
[2024-07-07T23:48:36.148+0500] {logging_mixin.py:188} INFO - [2024-07-07T23:48:36.148+0500] {dagbag.py:545} INFO - Filling up the DagBag from /home/nicolaspc/anaconda3/envs/mlops_env/lib/python3.12/site-packages/airflow/example_dags/example_short_circuit_decorator.py
[2024-07-07T23:48:36.156+0500] {processor.py:840} INFO - DAG(s) 'example_short_circuit_decorator' retrieved from /home/nicolaspc/anaconda3/envs/mlops_env/lib/python3.12/site-packages/airflow/example_dags/example_short_circuit_decorator.py
[2024-07-07T23:48:36.183+0500] {logging_mixin.py:188} INFO - [2024-07-07T23:48:36.183+0500] {dag.py:3096} INFO - Sync 1 DAGs
[2024-07-07T23:48:36.207+0500] {logging_mixin.py:188} INFO - [2024-07-07T23:48:36.207+0500] {dag.py:3954} INFO - Setting next_dagrun for example_short_circuit_decorator to 2024-07-06 00:00:00+00:00, run_after=2024-07-07 00:00:00+00:00
[2024-07-07T23:48:36.229+0500] {processor.py:183} INFO - Processing /home/nicolaspc/anaconda3/envs/mlops_env/lib/python3.12/site-packages/airflow/example_dags/example_short_circuit_decorator.py took 0.089 seconds
[2024-07-07T23:49:07.441+0500] {processor.py:161} INFO - Started process (PID=23449) to work on /home/nicolaspc/anaconda3/envs/mlops_env/lib/python3.12/site-packages/airflow/example_dags/example_short_circuit_decorator.py
[2024-07-07T23:49:07.442+0500] {processor.py:830} INFO - Processing file /home/nicolaspc/anaconda3/envs/mlops_env/lib/python3.12/site-packages/airflow/example_dags/example_short_circuit_decorator.py for tasks to queue
[2024-07-07T23:49:07.443+0500] {logging_mixin.py:188} INFO - [2024-07-07T23:49:07.442+0500] {dagbag.py:545} INFO - Filling up the DagBag from /home/nicolaspc/anaconda3/envs/mlops_env/lib/python3.12/site-packages/airflow/example_dags/example_short_circuit_decorator.py
[2024-07-07T23:49:07.448+0500] {processor.py:840} INFO - DAG(s) 'example_short_circuit_decorator' retrieved from /home/nicolaspc/anaconda3/envs/mlops_env/lib/python3.12/site-packages/airflow/example_dags/example_short_circuit_decorator.py
[2024-07-07T23:49:07.520+0500] {logging_mixin.py:188} INFO - [2024-07-07T23:49:07.520+0500] {dag.py:3096} INFO - Sync 1 DAGs
[2024-07-07T23:49:07.535+0500] {logging_mixin.py:188} INFO - [2024-07-07T23:49:07.535+0500] {dag.py:3954} INFO - Setting next_dagrun for example_short_circuit_decorator to 2024-07-06 00:00:00+00:00, run_after=2024-07-07 00:00:00+00:00
[2024-07-07T23:49:07.554+0500] {processor.py:183} INFO - Processing /home/nicolaspc/anaconda3/envs/mlops_env/lib/python3.12/site-packages/airflow/example_dags/example_short_circuit_decorator.py took 0.118 seconds
[2024-07-07T23:49:37.862+0500] {processor.py:161} INFO - Started process (PID=23807) to work on /home/nicolaspc/anaconda3/envs/mlops_env/lib/python3.12/site-packages/airflow/example_dags/example_short_circuit_decorator.py
[2024-07-07T23:49:37.863+0500] {processor.py:830} INFO - Processing file /home/nicolaspc/anaconda3/envs/mlops_env/lib/python3.12/site-packages/airflow/example_dags/example_short_circuit_decorator.py for tasks to queue
[2024-07-07T23:49:37.864+0500] {logging_mixin.py:188} INFO - [2024-07-07T23:49:37.863+0500] {dagbag.py:545} INFO - Filling up the DagBag from /home/nicolaspc/anaconda3/envs/mlops_env/lib/python3.12/site-packages/airflow/example_dags/example_short_circuit_decorator.py
[2024-07-07T23:49:37.869+0500] {processor.py:840} INFO - DAG(s) 'example_short_circuit_decorator' retrieved from /home/nicolaspc/anaconda3/envs/mlops_env/lib/python3.12/site-packages/airflow/example_dags/example_short_circuit_decorator.py
[2024-07-07T23:49:37.890+0500] {logging_mixin.py:188} INFO - [2024-07-07T23:49:37.890+0500] {dag.py:3096} INFO - Sync 1 DAGs
[2024-07-07T23:49:37.906+0500] {logging_mixin.py:188} INFO - [2024-07-07T23:49:37.905+0500] {dag.py:3954} INFO - Setting next_dagrun for example_short_circuit_decorator to 2024-07-06 00:00:00+00:00, run_after=2024-07-07 00:00:00+00:00
[2024-07-07T23:49:37.921+0500] {processor.py:183} INFO - Processing /home/nicolaspc/anaconda3/envs/mlops_env/lib/python3.12/site-packages/airflow/example_dags/example_short_circuit_decorator.py took 0.064 seconds
