[2024-07-07T23:35:20.121+0500] {processor.py:161} INFO - Started process (PID=13519) to work on /home/nicolaspc/anaconda3/envs/mlops_env/lib/python3.12/site-packages/airflow/example_dags/example_display_name.py
[2024-07-07T23:35:20.121+0500] {processor.py:830} INFO - Processing file /home/nicolaspc/anaconda3/envs/mlops_env/lib/python3.12/site-packages/airflow/example_dags/example_display_name.py for tasks to queue
[2024-07-07T23:35:20.122+0500] {logging_mixin.py:188} INFO - [2024-07-07T23:35:20.121+0500] {dagbag.py:545} INFO - Filling up the DagBag from /home/nicolaspc/anaconda3/envs/mlops_env/lib/python3.12/site-packages/airflow/example_dags/example_display_name.py
[2024-07-07T23:35:20.125+0500] {processor.py:840} INFO - DAG(s) 'example_display_name' retrieved from /home/nicolaspc/anaconda3/envs/mlops_env/lib/python3.12/site-packages/airflow/example_dags/example_display_name.py
[2024-07-07T23:35:20.145+0500] {logging_mixin.py:188} INFO - [2024-07-07T23:35:20.145+0500] {dag.py:3096} INFO - Sync 1 DAGs
[2024-07-07T23:35:20.155+0500] {logging_mixin.py:188} INFO - [2024-07-07T23:35:20.155+0500] {dag.py:3954} INFO - Setting next_dagrun for example_display_name to None, run_after=None
[2024-07-07T23:35:20.170+0500] {processor.py:183} INFO - Processing /home/nicolaspc/anaconda3/envs/mlops_env/lib/python3.12/site-packages/airflow/example_dags/example_display_name.py took 0.055 seconds
[2024-07-07T23:35:50.850+0500] {processor.py:161} INFO - Started process (PID=13871) to work on /home/nicolaspc/anaconda3/envs/mlops_env/lib/python3.12/site-packages/airflow/example_dags/example_display_name.py
[2024-07-07T23:35:50.851+0500] {processor.py:830} INFO - Processing file /home/nicolaspc/anaconda3/envs/mlops_env/lib/python3.12/site-packages/airflow/example_dags/example_display_name.py for tasks to queue
[2024-07-07T23:35:50.851+0500] {logging_mixin.py:188} INFO - [2024-07-07T23:35:50.851+0500] {dagbag.py:545} INFO - Filling up the DagBag from /home/nicolaspc/anaconda3/envs/mlops_env/lib/python3.12/site-packages/airflow/example_dags/example_display_name.py
[2024-07-07T23:35:50.855+0500] {processor.py:840} INFO - DAG(s) 'example_display_name' retrieved from /home/nicolaspc/anaconda3/envs/mlops_env/lib/python3.12/site-packages/airflow/example_dags/example_display_name.py
[2024-07-07T23:35:50.875+0500] {logging_mixin.py:188} INFO - [2024-07-07T23:35:50.875+0500] {dag.py:3096} INFO - Sync 1 DAGs
[2024-07-07T23:35:50.885+0500] {logging_mixin.py:188} INFO - [2024-07-07T23:35:50.885+0500] {dag.py:3954} INFO - Setting next_dagrun for example_display_name to None, run_after=None
[2024-07-07T23:35:50.901+0500] {processor.py:183} INFO - Processing /home/nicolaspc/anaconda3/envs/mlops_env/lib/python3.12/site-packages/airflow/example_dags/example_display_name.py took 0.057 seconds
[2024-07-07T23:36:21.602+0500] {processor.py:161} INFO - Started process (PID=14287) to work on /home/nicolaspc/anaconda3/envs/mlops_env/lib/python3.12/site-packages/airflow/example_dags/example_display_name.py
[2024-07-07T23:36:21.602+0500] {processor.py:830} INFO - Processing file /home/nicolaspc/anaconda3/envs/mlops_env/lib/python3.12/site-packages/airflow/example_dags/example_display_name.py for tasks to queue
[2024-07-07T23:36:21.603+0500] {logging_mixin.py:188} INFO - [2024-07-07T23:36:21.603+0500] {dagbag.py:545} INFO - Filling up the DagBag from /home/nicolaspc/anaconda3/envs/mlops_env/lib/python3.12/site-packages/airflow/example_dags/example_display_name.py
[2024-07-07T23:36:21.606+0500] {processor.py:840} INFO - DAG(s) 'example_display_name' retrieved from /home/nicolaspc/anaconda3/envs/mlops_env/lib/python3.12/site-packages/airflow/example_dags/example_display_name.py
[2024-07-07T23:36:21.626+0500] {logging_mixin.py:188} INFO - [2024-07-07T23:36:21.626+0500] {dag.py:3096} INFO - Sync 1 DAGs
[2024-07-07T23:36:21.635+0500] {logging_mixin.py:188} INFO - [2024-07-07T23:36:21.635+0500] {dag.py:3954} INFO - Setting next_dagrun for example_display_name to None, run_after=None
[2024-07-07T23:36:21.652+0500] {processor.py:183} INFO - Processing /home/nicolaspc/anaconda3/envs/mlops_env/lib/python3.12/site-packages/airflow/example_dags/example_display_name.py took 0.056 seconds
[2024-07-07T23:36:49.130+0500] {processor.py:161} INFO - Started process (PID=14413) to work on /home/nicolaspc/anaconda3/envs/mlops_env/lib/python3.12/site-packages/airflow/example_dags/example_display_name.py
[2024-07-07T23:36:49.132+0500] {processor.py:830} INFO - Processing file /home/nicolaspc/anaconda3/envs/mlops_env/lib/python3.12/site-packages/airflow/example_dags/example_display_name.py for tasks to queue
[2024-07-07T23:36:49.135+0500] {logging_mixin.py:188} INFO - [2024-07-07T23:36:49.134+0500] {dagbag.py:545} INFO - Filling up the DagBag from /home/nicolaspc/anaconda3/envs/mlops_env/lib/python3.12/site-packages/airflow/example_dags/example_display_name.py
[2024-07-07T23:36:49.138+0500] {processor.py:840} INFO - DAG(s) 'example_display_name' retrieved from /home/nicolaspc/anaconda3/envs/mlops_env/lib/python3.12/site-packages/airflow/example_dags/example_display_name.py
[2024-07-07T23:36:49.233+0500] {logging_mixin.py:188} INFO - [2024-07-07T23:36:49.232+0500] {override.py:1829} INFO - Created Permission View: can delete on DAG:example_display_name
[2024-07-07T23:36:49.248+0500] {logging_mixin.py:188} INFO - [2024-07-07T23:36:49.248+0500] {override.py:1829} INFO - Created Permission View: can edit on DAG:example_display_name
[2024-07-07T23:36:49.261+0500] {logging_mixin.py:188} INFO - [2024-07-07T23:36:49.260+0500] {override.py:1829} INFO - Created Permission View: can read on DAG:example_display_name
[2024-07-07T23:36:49.261+0500] {logging_mixin.py:188} INFO - [2024-07-07T23:36:49.261+0500] {dag.py:3096} INFO - Sync 1 DAGs
[2024-07-07T23:36:49.267+0500] {logging_mixin.py:188} INFO - [2024-07-07T23:36:49.267+0500] {dag.py:3118} INFO - Creating ORM DAG for example_display_name
[2024-07-07T23:36:49.268+0500] {logging_mixin.py:188} INFO - [2024-07-07T23:36:49.268+0500] {dag.py:3954} INFO - Setting next_dagrun for example_display_name to None, run_after=None
[2024-07-07T23:36:49.290+0500] {processor.py:183} INFO - Processing /home/nicolaspc/anaconda3/envs/mlops_env/lib/python3.12/site-packages/airflow/example_dags/example_display_name.py took 0.164 seconds
[2024-07-07T23:36:52.094+0500] {processor.py:161} INFO - Started process (PID=14678) to work on /home/nicolaspc/anaconda3/envs/mlops_env/lib/python3.12/site-packages/airflow/example_dags/example_display_name.py
[2024-07-07T23:36:52.094+0500] {processor.py:830} INFO - Processing file /home/nicolaspc/anaconda3/envs/mlops_env/lib/python3.12/site-packages/airflow/example_dags/example_display_name.py for tasks to queue
[2024-07-07T23:36:52.095+0500] {logging_mixin.py:188} INFO - [2024-07-07T23:36:52.094+0500] {dagbag.py:545} INFO - Filling up the DagBag from /home/nicolaspc/anaconda3/envs/mlops_env/lib/python3.12/site-packages/airflow/example_dags/example_display_name.py
[2024-07-07T23:36:52.098+0500] {processor.py:840} INFO - DAG(s) 'example_display_name' retrieved from /home/nicolaspc/anaconda3/envs/mlops_env/lib/python3.12/site-packages/airflow/example_dags/example_display_name.py
[2024-07-07T23:36:52.118+0500] {logging_mixin.py:188} INFO - [2024-07-07T23:36:52.118+0500] {dag.py:3096} INFO - Sync 1 DAGs
[2024-07-07T23:36:52.128+0500] {logging_mixin.py:188} INFO - [2024-07-07T23:36:52.128+0500] {dag.py:3954} INFO - Setting next_dagrun for example_display_name to None, run_after=None
[2024-07-07T23:36:52.146+0500] {processor.py:183} INFO - Processing /home/nicolaspc/anaconda3/envs/mlops_env/lib/python3.12/site-packages/airflow/example_dags/example_display_name.py took 0.057 seconds
[2024-07-07T23:37:22.500+0500] {processor.py:161} INFO - Started process (PID=15037) to work on /home/nicolaspc/anaconda3/envs/mlops_env/lib/python3.12/site-packages/airflow/example_dags/example_display_name.py
[2024-07-07T23:37:22.501+0500] {processor.py:830} INFO - Processing file /home/nicolaspc/anaconda3/envs/mlops_env/lib/python3.12/site-packages/airflow/example_dags/example_display_name.py for tasks to queue
[2024-07-07T23:37:22.501+0500] {logging_mixin.py:188} INFO - [2024-07-07T23:37:22.501+0500] {dagbag.py:545} INFO - Filling up the DagBag from /home/nicolaspc/anaconda3/envs/mlops_env/lib/python3.12/site-packages/airflow/example_dags/example_display_name.py
[2024-07-07T23:37:22.505+0500] {processor.py:840} INFO - DAG(s) 'example_display_name' retrieved from /home/nicolaspc/anaconda3/envs/mlops_env/lib/python3.12/site-packages/airflow/example_dags/example_display_name.py
[2024-07-07T23:37:22.534+0500] {logging_mixin.py:188} INFO - [2024-07-07T23:37:22.534+0500] {dag.py:3096} INFO - Sync 1 DAGs
[2024-07-07T23:37:22.550+0500] {logging_mixin.py:188} INFO - [2024-07-07T23:37:22.549+0500] {dag.py:3954} INFO - Setting next_dagrun for example_display_name to None, run_after=None
[2024-07-07T23:37:22.573+0500] {processor.py:183} INFO - Processing /home/nicolaspc/anaconda3/envs/mlops_env/lib/python3.12/site-packages/airflow/example_dags/example_display_name.py took 0.079 seconds
[2024-07-07T23:37:38.552+0500] {processor.py:161} INFO - Started process (PID=15143) to work on /home/nicolaspc/anaconda3/envs/mlops_env/lib/python3.12/site-packages/airflow/example_dags/example_display_name.py
[2024-07-07T23:37:38.552+0500] {processor.py:830} INFO - Processing file /home/nicolaspc/anaconda3/envs/mlops_env/lib/python3.12/site-packages/airflow/example_dags/example_display_name.py for tasks to queue
[2024-07-07T23:37:38.554+0500] {logging_mixin.py:188} INFO - [2024-07-07T23:37:38.553+0500] {dagbag.py:545} INFO - Filling up the DagBag from /home/nicolaspc/anaconda3/envs/mlops_env/lib/python3.12/site-packages/airflow/example_dags/example_display_name.py
[2024-07-07T23:37:38.557+0500] {processor.py:840} INFO - DAG(s) 'example_display_name' retrieved from /home/nicolaspc/anaconda3/envs/mlops_env/lib/python3.12/site-packages/airflow/example_dags/example_display_name.py
[2024-07-07T23:37:38.567+0500] {logging_mixin.py:188} INFO - [2024-07-07T23:37:38.567+0500] {dag.py:3096} INFO - Sync 1 DAGs
[2024-07-07T23:37:38.575+0500] {logging_mixin.py:188} INFO - [2024-07-07T23:37:38.574+0500] {dag.py:3954} INFO - Setting next_dagrun for example_display_name to None, run_after=None
[2024-07-07T23:37:38.594+0500] {processor.py:183} INFO - Processing /home/nicolaspc/anaconda3/envs/mlops_env/lib/python3.12/site-packages/airflow/example_dags/example_display_name.py took 0.046 seconds
[2024-07-07T23:37:53.005+0500] {processor.py:161} INFO - Started process (PID=15422) to work on /home/nicolaspc/anaconda3/envs/mlops_env/lib/python3.12/site-packages/airflow/example_dags/example_display_name.py
[2024-07-07T23:37:53.006+0500] {processor.py:830} INFO - Processing file /home/nicolaspc/anaconda3/envs/mlops_env/lib/python3.12/site-packages/airflow/example_dags/example_display_name.py for tasks to queue
[2024-07-07T23:37:53.006+0500] {logging_mixin.py:188} INFO - [2024-07-07T23:37:53.006+0500] {dagbag.py:545} INFO - Filling up the DagBag from /home/nicolaspc/anaconda3/envs/mlops_env/lib/python3.12/site-packages/airflow/example_dags/example_display_name.py
[2024-07-07T23:37:53.010+0500] {processor.py:840} INFO - DAG(s) 'example_display_name' retrieved from /home/nicolaspc/anaconda3/envs/mlops_env/lib/python3.12/site-packages/airflow/example_dags/example_display_name.py
[2024-07-07T23:37:53.030+0500] {logging_mixin.py:188} INFO - [2024-07-07T23:37:53.030+0500] {dag.py:3096} INFO - Sync 1 DAGs
[2024-07-07T23:37:53.039+0500] {logging_mixin.py:188} INFO - [2024-07-07T23:37:53.039+0500] {dag.py:3954} INFO - Setting next_dagrun for example_display_name to None, run_after=None
[2024-07-07T23:37:53.055+0500] {processor.py:183} INFO - Processing /home/nicolaspc/anaconda3/envs/mlops_env/lib/python3.12/site-packages/airflow/example_dags/example_display_name.py took 0.057 seconds
[2024-07-07T23:38:23.776+0500] {processor.py:161} INFO - Started process (PID=15838) to work on /home/nicolaspc/anaconda3/envs/mlops_env/lib/python3.12/site-packages/airflow/example_dags/example_display_name.py
[2024-07-07T23:38:23.777+0500] {processor.py:830} INFO - Processing file /home/nicolaspc/anaconda3/envs/mlops_env/lib/python3.12/site-packages/airflow/example_dags/example_display_name.py for tasks to queue
[2024-07-07T23:38:23.777+0500] {logging_mixin.py:188} INFO - [2024-07-07T23:38:23.777+0500] {dagbag.py:545} INFO - Filling up the DagBag from /home/nicolaspc/anaconda3/envs/mlops_env/lib/python3.12/site-packages/airflow/example_dags/example_display_name.py
[2024-07-07T23:38:23.780+0500] {processor.py:840} INFO - DAG(s) 'example_display_name' retrieved from /home/nicolaspc/anaconda3/envs/mlops_env/lib/python3.12/site-packages/airflow/example_dags/example_display_name.py
[2024-07-07T23:38:23.801+0500] {logging_mixin.py:188} INFO - [2024-07-07T23:38:23.801+0500] {dag.py:3096} INFO - Sync 1 DAGs
[2024-07-07T23:38:23.811+0500] {logging_mixin.py:188} INFO - [2024-07-07T23:38:23.811+0500] {dag.py:3954} INFO - Setting next_dagrun for example_display_name to None, run_after=None
[2024-07-07T23:38:23.829+0500] {processor.py:183} INFO - Processing /home/nicolaspc/anaconda3/envs/mlops_env/lib/python3.12/site-packages/airflow/example_dags/example_display_name.py took 0.059 seconds
[2024-07-07T23:38:35.044+0500] {processor.py:161} INFO - Started process (PID=15915) to work on /home/nicolaspc/anaconda3/envs/mlops_env/lib/python3.12/site-packages/airflow/example_dags/example_display_name.py
[2024-07-07T23:38:35.045+0500] {processor.py:830} INFO - Processing file /home/nicolaspc/anaconda3/envs/mlops_env/lib/python3.12/site-packages/airflow/example_dags/example_display_name.py for tasks to queue
[2024-07-07T23:38:35.046+0500] {logging_mixin.py:188} INFO - [2024-07-07T23:38:35.046+0500] {dagbag.py:545} INFO - Filling up the DagBag from /home/nicolaspc/anaconda3/envs/mlops_env/lib/python3.12/site-packages/airflow/example_dags/example_display_name.py
[2024-07-07T23:38:35.049+0500] {processor.py:840} INFO - DAG(s) 'example_display_name' retrieved from /home/nicolaspc/anaconda3/envs/mlops_env/lib/python3.12/site-packages/airflow/example_dags/example_display_name.py
[2024-07-07T23:38:35.059+0500] {logging_mixin.py:188} INFO - [2024-07-07T23:38:35.059+0500] {dag.py:3096} INFO - Sync 1 DAGs
[2024-07-07T23:38:35.066+0500] {logging_mixin.py:188} INFO - [2024-07-07T23:38:35.066+0500] {dag.py:3954} INFO - Setting next_dagrun for example_display_name to None, run_after=None
[2024-07-07T23:38:35.089+0500] {processor.py:183} INFO - Processing /home/nicolaspc/anaconda3/envs/mlops_env/lib/python3.12/site-packages/airflow/example_dags/example_display_name.py took 0.049 seconds
[2024-07-07T23:38:54.516+0500] {processor.py:161} INFO - Started process (PID=16195) to work on /home/nicolaspc/anaconda3/envs/mlops_env/lib/python3.12/site-packages/airflow/example_dags/example_display_name.py
[2024-07-07T23:38:54.516+0500] {processor.py:830} INFO - Processing file /home/nicolaspc/anaconda3/envs/mlops_env/lib/python3.12/site-packages/airflow/example_dags/example_display_name.py for tasks to queue
[2024-07-07T23:38:54.517+0500] {logging_mixin.py:188} INFO - [2024-07-07T23:38:54.517+0500] {dagbag.py:545} INFO - Filling up the DagBag from /home/nicolaspc/anaconda3/envs/mlops_env/lib/python3.12/site-packages/airflow/example_dags/example_display_name.py
[2024-07-07T23:38:54.521+0500] {processor.py:840} INFO - DAG(s) 'example_display_name' retrieved from /home/nicolaspc/anaconda3/envs/mlops_env/lib/python3.12/site-packages/airflow/example_dags/example_display_name.py
[2024-07-07T23:38:54.542+0500] {logging_mixin.py:188} INFO - [2024-07-07T23:38:54.541+0500] {dag.py:3096} INFO - Sync 1 DAGs
[2024-07-07T23:38:54.550+0500] {logging_mixin.py:188} INFO - [2024-07-07T23:38:54.550+0500] {dag.py:3954} INFO - Setting next_dagrun for example_display_name to None, run_after=None
[2024-07-07T23:38:54.569+0500] {processor.py:183} INFO - Processing /home/nicolaspc/anaconda3/envs/mlops_env/lib/python3.12/site-packages/airflow/example_dags/example_display_name.py took 0.059 seconds
[2024-07-07T23:39:25.013+0500] {processor.py:161} INFO - Started process (PID=16595) to work on /home/nicolaspc/anaconda3/envs/mlops_env/lib/python3.12/site-packages/airflow/example_dags/example_display_name.py
[2024-07-07T23:39:25.014+0500] {processor.py:830} INFO - Processing file /home/nicolaspc/anaconda3/envs/mlops_env/lib/python3.12/site-packages/airflow/example_dags/example_display_name.py for tasks to queue
[2024-07-07T23:39:25.014+0500] {logging_mixin.py:188} INFO - [2024-07-07T23:39:25.014+0500] {dagbag.py:545} INFO - Filling up the DagBag from /home/nicolaspc/anaconda3/envs/mlops_env/lib/python3.12/site-packages/airflow/example_dags/example_display_name.py
[2024-07-07T23:39:25.018+0500] {processor.py:840} INFO - DAG(s) 'example_display_name' retrieved from /home/nicolaspc/anaconda3/envs/mlops_env/lib/python3.12/site-packages/airflow/example_dags/example_display_name.py
[2024-07-07T23:39:25.039+0500] {logging_mixin.py:188} INFO - [2024-07-07T23:39:25.039+0500] {dag.py:3096} INFO - Sync 1 DAGs
[2024-07-07T23:39:25.047+0500] {logging_mixin.py:188} INFO - [2024-07-07T23:39:25.047+0500] {dag.py:3954} INFO - Setting next_dagrun for example_display_name to None, run_after=None
[2024-07-07T23:39:25.064+0500] {processor.py:183} INFO - Processing /home/nicolaspc/anaconda3/envs/mlops_env/lib/python3.12/site-packages/airflow/example_dags/example_display_name.py took 0.058 seconds
[2024-07-07T23:39:37.753+0500] {processor.py:161} INFO - Started process (PID=16669) to work on /home/nicolaspc/anaconda3/envs/mlops_env/lib/python3.12/site-packages/airflow/example_dags/example_display_name.py
[2024-07-07T23:39:37.762+0500] {processor.py:830} INFO - Processing file /home/nicolaspc/anaconda3/envs/mlops_env/lib/python3.12/site-packages/airflow/example_dags/example_display_name.py for tasks to queue
[2024-07-07T23:39:37.764+0500] {logging_mixin.py:188} INFO - [2024-07-07T23:39:37.763+0500] {dagbag.py:545} INFO - Filling up the DagBag from /home/nicolaspc/anaconda3/envs/mlops_env/lib/python3.12/site-packages/airflow/example_dags/example_display_name.py
[2024-07-07T23:39:37.767+0500] {processor.py:840} INFO - DAG(s) 'example_display_name' retrieved from /home/nicolaspc/anaconda3/envs/mlops_env/lib/python3.12/site-packages/airflow/example_dags/example_display_name.py
[2024-07-07T23:39:37.777+0500] {logging_mixin.py:188} INFO - [2024-07-07T23:39:37.777+0500] {dag.py:3096} INFO - Sync 1 DAGs
[2024-07-07T23:39:37.784+0500] {logging_mixin.py:188} INFO - [2024-07-07T23:39:37.784+0500] {dag.py:3954} INFO - Setting next_dagrun for example_display_name to None, run_after=None
[2024-07-07T23:39:37.804+0500] {processor.py:183} INFO - Processing /home/nicolaspc/anaconda3/envs/mlops_env/lib/python3.12/site-packages/airflow/example_dags/example_display_name.py took 0.054 seconds
[2024-07-07T23:39:55.657+0500] {processor.py:161} INFO - Started process (PID=16951) to work on /home/nicolaspc/anaconda3/envs/mlops_env/lib/python3.12/site-packages/airflow/example_dags/example_display_name.py
[2024-07-07T23:39:55.658+0500] {processor.py:830} INFO - Processing file /home/nicolaspc/anaconda3/envs/mlops_env/lib/python3.12/site-packages/airflow/example_dags/example_display_name.py for tasks to queue
[2024-07-07T23:39:55.658+0500] {logging_mixin.py:188} INFO - [2024-07-07T23:39:55.658+0500] {dagbag.py:545} INFO - Filling up the DagBag from /home/nicolaspc/anaconda3/envs/mlops_env/lib/python3.12/site-packages/airflow/example_dags/example_display_name.py
[2024-07-07T23:39:55.662+0500] {processor.py:840} INFO - DAG(s) 'example_display_name' retrieved from /home/nicolaspc/anaconda3/envs/mlops_env/lib/python3.12/site-packages/airflow/example_dags/example_display_name.py
[2024-07-07T23:39:55.681+0500] {logging_mixin.py:188} INFO - [2024-07-07T23:39:55.681+0500] {dag.py:3096} INFO - Sync 1 DAGs
[2024-07-07T23:39:55.690+0500] {logging_mixin.py:188} INFO - [2024-07-07T23:39:55.690+0500] {dag.py:3954} INFO - Setting next_dagrun for example_display_name to None, run_after=None
[2024-07-07T23:39:55.706+0500] {processor.py:183} INFO - Processing /home/nicolaspc/anaconda3/envs/mlops_env/lib/python3.12/site-packages/airflow/example_dags/example_display_name.py took 0.054 seconds
[2024-07-07T23:40:26.340+0500] {processor.py:161} INFO - Started process (PID=17380) to work on /home/nicolaspc/anaconda3/envs/mlops_env/lib/python3.12/site-packages/airflow/example_dags/example_display_name.py
[2024-07-07T23:40:26.341+0500] {processor.py:830} INFO - Processing file /home/nicolaspc/anaconda3/envs/mlops_env/lib/python3.12/site-packages/airflow/example_dags/example_display_name.py for tasks to queue
[2024-07-07T23:40:26.341+0500] {logging_mixin.py:188} INFO - [2024-07-07T23:40:26.341+0500] {dagbag.py:545} INFO - Filling up the DagBag from /home/nicolaspc/anaconda3/envs/mlops_env/lib/python3.12/site-packages/airflow/example_dags/example_display_name.py
[2024-07-07T23:40:26.345+0500] {processor.py:840} INFO - DAG(s) 'example_display_name' retrieved from /home/nicolaspc/anaconda3/envs/mlops_env/lib/python3.12/site-packages/airflow/example_dags/example_display_name.py
[2024-07-07T23:40:26.366+0500] {logging_mixin.py:188} INFO - [2024-07-07T23:40:26.366+0500] {dag.py:3096} INFO - Sync 1 DAGs
[2024-07-07T23:40:26.375+0500] {logging_mixin.py:188} INFO - [2024-07-07T23:40:26.375+0500] {dag.py:3954} INFO - Setting next_dagrun for example_display_name to None, run_after=None
[2024-07-07T23:40:26.392+0500] {processor.py:183} INFO - Processing /home/nicolaspc/anaconda3/envs/mlops_env/lib/python3.12/site-packages/airflow/example_dags/example_display_name.py took 0.058 seconds
[2024-07-07T23:40:37.045+0500] {processor.py:161} INFO - Started process (PID=17459) to work on /home/nicolaspc/anaconda3/envs/mlops_env/lib/python3.12/site-packages/airflow/example_dags/example_display_name.py
[2024-07-07T23:40:37.055+0500] {processor.py:830} INFO - Processing file /home/nicolaspc/anaconda3/envs/mlops_env/lib/python3.12/site-packages/airflow/example_dags/example_display_name.py for tasks to queue
[2024-07-07T23:40:37.057+0500] {logging_mixin.py:188} INFO - [2024-07-07T23:40:37.057+0500] {dagbag.py:545} INFO - Filling up the DagBag from /home/nicolaspc/anaconda3/envs/mlops_env/lib/python3.12/site-packages/airflow/example_dags/example_display_name.py
[2024-07-07T23:40:37.064+0500] {processor.py:840} INFO - DAG(s) 'example_display_name' retrieved from /home/nicolaspc/anaconda3/envs/mlops_env/lib/python3.12/site-packages/airflow/example_dags/example_display_name.py
[2024-07-07T23:40:37.097+0500] {logging_mixin.py:188} INFO - [2024-07-07T23:40:37.097+0500] {dag.py:3096} INFO - Sync 1 DAGs
[2024-07-07T23:40:37.105+0500] {logging_mixin.py:188} INFO - [2024-07-07T23:40:37.105+0500] {dag.py:3954} INFO - Setting next_dagrun for example_display_name to None, run_after=None
[2024-07-07T23:40:37.138+0500] {processor.py:183} INFO - Processing /home/nicolaspc/anaconda3/envs/mlops_env/lib/python3.12/site-packages/airflow/example_dags/example_display_name.py took 0.102 seconds
[2024-07-07T23:40:57.193+0500] {processor.py:161} INFO - Started process (PID=17746) to work on /home/nicolaspc/anaconda3/envs/mlops_env/lib/python3.12/site-packages/airflow/example_dags/example_display_name.py
[2024-07-07T23:40:57.193+0500] {processor.py:830} INFO - Processing file /home/nicolaspc/anaconda3/envs/mlops_env/lib/python3.12/site-packages/airflow/example_dags/example_display_name.py for tasks to queue
[2024-07-07T23:40:57.194+0500] {logging_mixin.py:188} INFO - [2024-07-07T23:40:57.194+0500] {dagbag.py:545} INFO - Filling up the DagBag from /home/nicolaspc/anaconda3/envs/mlops_env/lib/python3.12/site-packages/airflow/example_dags/example_display_name.py
[2024-07-07T23:40:57.199+0500] {processor.py:840} INFO - DAG(s) 'example_display_name' retrieved from /home/nicolaspc/anaconda3/envs/mlops_env/lib/python3.12/site-packages/airflow/example_dags/example_display_name.py
[2024-07-07T23:40:57.220+0500] {logging_mixin.py:188} INFO - [2024-07-07T23:40:57.220+0500] {dag.py:3096} INFO - Sync 1 DAGs
[2024-07-07T23:40:57.231+0500] {logging_mixin.py:188} INFO - [2024-07-07T23:40:57.230+0500] {dag.py:3954} INFO - Setting next_dagrun for example_display_name to None, run_after=None
[2024-07-07T23:40:57.248+0500] {processor.py:183} INFO - Processing /home/nicolaspc/anaconda3/envs/mlops_env/lib/python3.12/site-packages/airflow/example_dags/example_display_name.py took 0.061 seconds
[2024-07-07T23:41:28.115+0500] {processor.py:161} INFO - Started process (PID=18163) to work on /home/nicolaspc/anaconda3/envs/mlops_env/lib/python3.12/site-packages/airflow/example_dags/example_display_name.py
[2024-07-07T23:41:28.117+0500] {processor.py:830} INFO - Processing file /home/nicolaspc/anaconda3/envs/mlops_env/lib/python3.12/site-packages/airflow/example_dags/example_display_name.py for tasks to queue
[2024-07-07T23:41:28.118+0500] {logging_mixin.py:188} INFO - [2024-07-07T23:41:28.117+0500] {dagbag.py:545} INFO - Filling up the DagBag from /home/nicolaspc/anaconda3/envs/mlops_env/lib/python3.12/site-packages/airflow/example_dags/example_display_name.py
[2024-07-07T23:41:28.125+0500] {processor.py:840} INFO - DAG(s) 'example_display_name' retrieved from /home/nicolaspc/anaconda3/envs/mlops_env/lib/python3.12/site-packages/airflow/example_dags/example_display_name.py
[2024-07-07T23:41:28.150+0500] {logging_mixin.py:188} INFO - [2024-07-07T23:41:28.149+0500] {dag.py:3096} INFO - Sync 1 DAGs
[2024-07-07T23:41:28.162+0500] {logging_mixin.py:188} INFO - [2024-07-07T23:41:28.161+0500] {dag.py:3954} INFO - Setting next_dagrun for example_display_name to None, run_after=None
[2024-07-07T23:41:28.187+0500] {processor.py:183} INFO - Processing /home/nicolaspc/anaconda3/envs/mlops_env/lib/python3.12/site-packages/airflow/example_dags/example_display_name.py took 0.083 seconds
[2024-07-07T23:41:38.612+0500] {processor.py:161} INFO - Started process (PID=18243) to work on /home/nicolaspc/anaconda3/envs/mlops_env/lib/python3.12/site-packages/airflow/example_dags/example_display_name.py
[2024-07-07T23:41:38.613+0500] {processor.py:830} INFO - Processing file /home/nicolaspc/anaconda3/envs/mlops_env/lib/python3.12/site-packages/airflow/example_dags/example_display_name.py for tasks to queue
[2024-07-07T23:41:38.615+0500] {logging_mixin.py:188} INFO - [2024-07-07T23:41:38.614+0500] {dagbag.py:545} INFO - Filling up the DagBag from /home/nicolaspc/anaconda3/envs/mlops_env/lib/python3.12/site-packages/airflow/example_dags/example_display_name.py
[2024-07-07T23:41:38.618+0500] {processor.py:840} INFO - DAG(s) 'example_display_name' retrieved from /home/nicolaspc/anaconda3/envs/mlops_env/lib/python3.12/site-packages/airflow/example_dags/example_display_name.py
[2024-07-07T23:41:38.628+0500] {logging_mixin.py:188} INFO - [2024-07-07T23:41:38.628+0500] {dag.py:3096} INFO - Sync 1 DAGs
[2024-07-07T23:41:38.636+0500] {logging_mixin.py:188} INFO - [2024-07-07T23:41:38.636+0500] {dag.py:3954} INFO - Setting next_dagrun for example_display_name to None, run_after=None
[2024-07-07T23:41:38.657+0500] {processor.py:183} INFO - Processing /home/nicolaspc/anaconda3/envs/mlops_env/lib/python3.12/site-packages/airflow/example_dags/example_display_name.py took 0.049 seconds
[2024-07-07T23:41:59.148+0500] {processor.py:161} INFO - Started process (PID=18546) to work on /home/nicolaspc/anaconda3/envs/mlops_env/lib/python3.12/site-packages/airflow/example_dags/example_display_name.py
[2024-07-07T23:41:59.149+0500] {processor.py:830} INFO - Processing file /home/nicolaspc/anaconda3/envs/mlops_env/lib/python3.12/site-packages/airflow/example_dags/example_display_name.py for tasks to queue
[2024-07-07T23:41:59.150+0500] {logging_mixin.py:188} INFO - [2024-07-07T23:41:59.150+0500] {dagbag.py:545} INFO - Filling up the DagBag from /home/nicolaspc/anaconda3/envs/mlops_env/lib/python3.12/site-packages/airflow/example_dags/example_display_name.py
[2024-07-07T23:41:59.156+0500] {processor.py:840} INFO - DAG(s) 'example_display_name' retrieved from /home/nicolaspc/anaconda3/envs/mlops_env/lib/python3.12/site-packages/airflow/example_dags/example_display_name.py
[2024-07-07T23:41:59.189+0500] {logging_mixin.py:188} INFO - [2024-07-07T23:41:59.189+0500] {dag.py:3096} INFO - Sync 1 DAGs
[2024-07-07T23:41:59.203+0500] {logging_mixin.py:188} INFO - [2024-07-07T23:41:59.203+0500] {dag.py:3954} INFO - Setting next_dagrun for example_display_name to None, run_after=None
[2024-07-07T23:41:59.229+0500] {processor.py:183} INFO - Processing /home/nicolaspc/anaconda3/envs/mlops_env/lib/python3.12/site-packages/airflow/example_dags/example_display_name.py took 0.090 seconds
[2024-07-07T23:42:29.977+0500] {processor.py:161} INFO - Started process (PID=18951) to work on /home/nicolaspc/anaconda3/envs/mlops_env/lib/python3.12/site-packages/airflow/example_dags/example_display_name.py
[2024-07-07T23:42:29.978+0500] {processor.py:830} INFO - Processing file /home/nicolaspc/anaconda3/envs/mlops_env/lib/python3.12/site-packages/airflow/example_dags/example_display_name.py for tasks to queue
[2024-07-07T23:42:29.978+0500] {logging_mixin.py:188} INFO - [2024-07-07T23:42:29.978+0500] {dagbag.py:545} INFO - Filling up the DagBag from /home/nicolaspc/anaconda3/envs/mlops_env/lib/python3.12/site-packages/airflow/example_dags/example_display_name.py
[2024-07-07T23:42:29.983+0500] {processor.py:840} INFO - DAG(s) 'example_display_name' retrieved from /home/nicolaspc/anaconda3/envs/mlops_env/lib/python3.12/site-packages/airflow/example_dags/example_display_name.py
[2024-07-07T23:42:30.007+0500] {logging_mixin.py:188} INFO - [2024-07-07T23:42:30.006+0500] {dag.py:3096} INFO - Sync 1 DAGs
[2024-07-07T23:42:30.016+0500] {logging_mixin.py:188} INFO - [2024-07-07T23:42:30.015+0500] {dag.py:3954} INFO - Setting next_dagrun for example_display_name to None, run_after=None
[2024-07-07T23:42:30.034+0500] {processor.py:183} INFO - Processing /home/nicolaspc/anaconda3/envs/mlops_env/lib/python3.12/site-packages/airflow/example_dags/example_display_name.py took 0.063 seconds
[2024-07-07T23:42:39.339+0500] {processor.py:161} INFO - Started process (PID=19021) to work on /home/nicolaspc/anaconda3/envs/mlops_env/lib/python3.12/site-packages/airflow/example_dags/example_display_name.py
[2024-07-07T23:42:39.348+0500] {processor.py:830} INFO - Processing file /home/nicolaspc/anaconda3/envs/mlops_env/lib/python3.12/site-packages/airflow/example_dags/example_display_name.py for tasks to queue
[2024-07-07T23:42:39.350+0500] {logging_mixin.py:188} INFO - [2024-07-07T23:42:39.349+0500] {dagbag.py:545} INFO - Filling up the DagBag from /home/nicolaspc/anaconda3/envs/mlops_env/lib/python3.12/site-packages/airflow/example_dags/example_display_name.py
[2024-07-07T23:42:39.353+0500] {processor.py:840} INFO - DAG(s) 'example_display_name' retrieved from /home/nicolaspc/anaconda3/envs/mlops_env/lib/python3.12/site-packages/airflow/example_dags/example_display_name.py
[2024-07-07T23:42:39.363+0500] {logging_mixin.py:188} INFO - [2024-07-07T23:42:39.363+0500] {dag.py:3096} INFO - Sync 1 DAGs
[2024-07-07T23:42:39.370+0500] {logging_mixin.py:188} INFO - [2024-07-07T23:42:39.369+0500] {dag.py:3954} INFO - Setting next_dagrun for example_display_name to None, run_after=None
[2024-07-07T23:42:39.394+0500] {processor.py:183} INFO - Processing /home/nicolaspc/anaconda3/envs/mlops_env/lib/python3.12/site-packages/airflow/example_dags/example_display_name.py took 0.059 seconds
[2024-07-07T23:43:00.668+0500] {processor.py:161} INFO - Started process (PID=19314) to work on /home/nicolaspc/anaconda3/envs/mlops_env/lib/python3.12/site-packages/airflow/example_dags/example_display_name.py
[2024-07-07T23:43:00.668+0500] {processor.py:830} INFO - Processing file /home/nicolaspc/anaconda3/envs/mlops_env/lib/python3.12/site-packages/airflow/example_dags/example_display_name.py for tasks to queue
[2024-07-07T23:43:00.669+0500] {logging_mixin.py:188} INFO - [2024-07-07T23:43:00.669+0500] {dagbag.py:545} INFO - Filling up the DagBag from /home/nicolaspc/anaconda3/envs/mlops_env/lib/python3.12/site-packages/airflow/example_dags/example_display_name.py
[2024-07-07T23:43:00.672+0500] {processor.py:840} INFO - DAG(s) 'example_display_name' retrieved from /home/nicolaspc/anaconda3/envs/mlops_env/lib/python3.12/site-packages/airflow/example_dags/example_display_name.py
[2024-07-07T23:43:00.691+0500] {logging_mixin.py:188} INFO - [2024-07-07T23:43:00.690+0500] {dag.py:3096} INFO - Sync 1 DAGs
[2024-07-07T23:43:00.701+0500] {logging_mixin.py:188} INFO - [2024-07-07T23:43:00.700+0500] {dag.py:3954} INFO - Setting next_dagrun for example_display_name to None, run_after=None
[2024-07-07T23:43:00.718+0500] {processor.py:183} INFO - Processing /home/nicolaspc/anaconda3/envs/mlops_env/lib/python3.12/site-packages/airflow/example_dags/example_display_name.py took 0.056 seconds
[2024-07-07T23:43:31.495+0500] {processor.py:161} INFO - Started process (PID=19639) to work on /home/nicolaspc/anaconda3/envs/mlops_env/lib/python3.12/site-packages/airflow/example_dags/example_display_name.py
[2024-07-07T23:43:31.496+0500] {processor.py:830} INFO - Processing file /home/nicolaspc/anaconda3/envs/mlops_env/lib/python3.12/site-packages/airflow/example_dags/example_display_name.py for tasks to queue
[2024-07-07T23:43:31.496+0500] {logging_mixin.py:188} INFO - [2024-07-07T23:43:31.496+0500] {dagbag.py:545} INFO - Filling up the DagBag from /home/nicolaspc/anaconda3/envs/mlops_env/lib/python3.12/site-packages/airflow/example_dags/example_display_name.py
[2024-07-07T23:43:31.499+0500] {processor.py:840} INFO - DAG(s) 'example_display_name' retrieved from /home/nicolaspc/anaconda3/envs/mlops_env/lib/python3.12/site-packages/airflow/example_dags/example_display_name.py
[2024-07-07T23:43:31.519+0500] {logging_mixin.py:188} INFO - [2024-07-07T23:43:31.519+0500] {dag.py:3096} INFO - Sync 1 DAGs
[2024-07-07T23:43:31.529+0500] {logging_mixin.py:188} INFO - [2024-07-07T23:43:31.529+0500] {dag.py:3954} INFO - Setting next_dagrun for example_display_name to None, run_after=None
[2024-07-07T23:43:31.545+0500] {processor.py:183} INFO - Processing /home/nicolaspc/anaconda3/envs/mlops_env/lib/python3.12/site-packages/airflow/example_dags/example_display_name.py took 0.056 seconds
[2024-07-07T23:44:01.995+0500] {processor.py:161} INFO - Started process (PID=20005) to work on /home/nicolaspc/anaconda3/envs/mlops_env/lib/python3.12/site-packages/airflow/example_dags/example_display_name.py
[2024-07-07T23:44:01.996+0500] {processor.py:830} INFO - Processing file /home/nicolaspc/anaconda3/envs/mlops_env/lib/python3.12/site-packages/airflow/example_dags/example_display_name.py for tasks to queue
[2024-07-07T23:44:01.996+0500] {logging_mixin.py:188} INFO - [2024-07-07T23:44:01.996+0500] {dagbag.py:545} INFO - Filling up the DagBag from /home/nicolaspc/anaconda3/envs/mlops_env/lib/python3.12/site-packages/airflow/example_dags/example_display_name.py
[2024-07-07T23:44:02.000+0500] {processor.py:840} INFO - DAG(s) 'example_display_name' retrieved from /home/nicolaspc/anaconda3/envs/mlops_env/lib/python3.12/site-packages/airflow/example_dags/example_display_name.py
[2024-07-07T23:44:02.019+0500] {logging_mixin.py:188} INFO - [2024-07-07T23:44:02.019+0500] {dag.py:3096} INFO - Sync 1 DAGs
[2024-07-07T23:44:02.028+0500] {logging_mixin.py:188} INFO - [2024-07-07T23:44:02.028+0500] {dag.py:3954} INFO - Setting next_dagrun for example_display_name to None, run_after=None
[2024-07-07T23:44:02.045+0500] {processor.py:183} INFO - Processing /home/nicolaspc/anaconda3/envs/mlops_env/lib/python3.12/site-packages/airflow/example_dags/example_display_name.py took 0.055 seconds
[2024-07-07T23:44:32.544+0500] {processor.py:161} INFO - Started process (PID=20369) to work on /home/nicolaspc/anaconda3/envs/mlops_env/lib/python3.12/site-packages/airflow/example_dags/example_display_name.py
[2024-07-07T23:44:32.545+0500] {processor.py:830} INFO - Processing file /home/nicolaspc/anaconda3/envs/mlops_env/lib/python3.12/site-packages/airflow/example_dags/example_display_name.py for tasks to queue
[2024-07-07T23:44:32.546+0500] {logging_mixin.py:188} INFO - [2024-07-07T23:44:32.545+0500] {dagbag.py:545} INFO - Filling up the DagBag from /home/nicolaspc/anaconda3/envs/mlops_env/lib/python3.12/site-packages/airflow/example_dags/example_display_name.py
[2024-07-07T23:44:32.550+0500] {processor.py:840} INFO - DAG(s) 'example_display_name' retrieved from /home/nicolaspc/anaconda3/envs/mlops_env/lib/python3.12/site-packages/airflow/example_dags/example_display_name.py
[2024-07-07T23:44:32.571+0500] {logging_mixin.py:188} INFO - [2024-07-07T23:44:32.571+0500] {dag.py:3096} INFO - Sync 1 DAGs
[2024-07-07T23:44:32.581+0500] {logging_mixin.py:188} INFO - [2024-07-07T23:44:32.581+0500] {dag.py:3954} INFO - Setting next_dagrun for example_display_name to None, run_after=None
[2024-07-07T23:44:32.598+0500] {processor.py:183} INFO - Processing /home/nicolaspc/anaconda3/envs/mlops_env/lib/python3.12/site-packages/airflow/example_dags/example_display_name.py took 0.059 seconds
[2024-07-07T23:45:03.261+0500] {processor.py:161} INFO - Started process (PID=20735) to work on /home/nicolaspc/anaconda3/envs/mlops_env/lib/python3.12/site-packages/airflow/example_dags/example_display_name.py
[2024-07-07T23:45:03.261+0500] {processor.py:830} INFO - Processing file /home/nicolaspc/anaconda3/envs/mlops_env/lib/python3.12/site-packages/airflow/example_dags/example_display_name.py for tasks to queue
[2024-07-07T23:45:03.262+0500] {logging_mixin.py:188} INFO - [2024-07-07T23:45:03.262+0500] {dagbag.py:545} INFO - Filling up the DagBag from /home/nicolaspc/anaconda3/envs/mlops_env/lib/python3.12/site-packages/airflow/example_dags/example_display_name.py
[2024-07-07T23:45:03.265+0500] {processor.py:840} INFO - DAG(s) 'example_display_name' retrieved from /home/nicolaspc/anaconda3/envs/mlops_env/lib/python3.12/site-packages/airflow/example_dags/example_display_name.py
[2024-07-07T23:45:03.287+0500] {logging_mixin.py:188} INFO - [2024-07-07T23:45:03.287+0500] {dag.py:3096} INFO - Sync 1 DAGs
[2024-07-07T23:45:03.296+0500] {logging_mixin.py:188} INFO - [2024-07-07T23:45:03.296+0500] {dag.py:3954} INFO - Setting next_dagrun for example_display_name to None, run_after=None
[2024-07-07T23:45:03.311+0500] {processor.py:183} INFO - Processing /home/nicolaspc/anaconda3/envs/mlops_env/lib/python3.12/site-packages/airflow/example_dags/example_display_name.py took 0.056 seconds
[2024-07-07T23:45:33.846+0500] {processor.py:161} INFO - Started process (PID=21063) to work on /home/nicolaspc/anaconda3/envs/mlops_env/lib/python3.12/site-packages/airflow/example_dags/example_display_name.py
[2024-07-07T23:45:33.847+0500] {processor.py:830} INFO - Processing file /home/nicolaspc/anaconda3/envs/mlops_env/lib/python3.12/site-packages/airflow/example_dags/example_display_name.py for tasks to queue
[2024-07-07T23:45:33.847+0500] {logging_mixin.py:188} INFO - [2024-07-07T23:45:33.847+0500] {dagbag.py:545} INFO - Filling up the DagBag from /home/nicolaspc/anaconda3/envs/mlops_env/lib/python3.12/site-packages/airflow/example_dags/example_display_name.py
[2024-07-07T23:45:33.851+0500] {processor.py:840} INFO - DAG(s) 'example_display_name' retrieved from /home/nicolaspc/anaconda3/envs/mlops_env/lib/python3.12/site-packages/airflow/example_dags/example_display_name.py
[2024-07-07T23:45:33.872+0500] {logging_mixin.py:188} INFO - [2024-07-07T23:45:33.872+0500] {dag.py:3096} INFO - Sync 1 DAGs
[2024-07-07T23:45:33.881+0500] {logging_mixin.py:188} INFO - [2024-07-07T23:45:33.880+0500] {dag.py:3954} INFO - Setting next_dagrun for example_display_name to None, run_after=None
[2024-07-07T23:45:33.897+0500] {processor.py:183} INFO - Processing /home/nicolaspc/anaconda3/envs/mlops_env/lib/python3.12/site-packages/airflow/example_dags/example_display_name.py took 0.057 seconds
[2024-07-07T23:46:04.625+0500] {processor.py:161} INFO - Started process (PID=21400) to work on /home/nicolaspc/anaconda3/envs/mlops_env/lib/python3.12/site-packages/airflow/example_dags/example_display_name.py
[2024-07-07T23:46:04.626+0500] {processor.py:830} INFO - Processing file /home/nicolaspc/anaconda3/envs/mlops_env/lib/python3.12/site-packages/airflow/example_dags/example_display_name.py for tasks to queue
[2024-07-07T23:46:04.627+0500] {logging_mixin.py:188} INFO - [2024-07-07T23:46:04.626+0500] {dagbag.py:545} INFO - Filling up the DagBag from /home/nicolaspc/anaconda3/envs/mlops_env/lib/python3.12/site-packages/airflow/example_dags/example_display_name.py
[2024-07-07T23:46:04.631+0500] {processor.py:840} INFO - DAG(s) 'example_display_name' retrieved from /home/nicolaspc/anaconda3/envs/mlops_env/lib/python3.12/site-packages/airflow/example_dags/example_display_name.py
[2024-07-07T23:46:04.652+0500] {logging_mixin.py:188} INFO - [2024-07-07T23:46:04.652+0500] {dag.py:3096} INFO - Sync 1 DAGs
[2024-07-07T23:46:04.662+0500] {logging_mixin.py:188} INFO - [2024-07-07T23:46:04.662+0500] {dag.py:3954} INFO - Setting next_dagrun for example_display_name to None, run_after=None
[2024-07-07T23:46:04.680+0500] {processor.py:183} INFO - Processing /home/nicolaspc/anaconda3/envs/mlops_env/lib/python3.12/site-packages/airflow/example_dags/example_display_name.py took 0.060 seconds
[2024-07-07T23:46:35.217+0500] {processor.py:161} INFO - Started process (PID=21766) to work on /home/nicolaspc/anaconda3/envs/mlops_env/lib/python3.12/site-packages/airflow/example_dags/example_display_name.py
[2024-07-07T23:46:35.218+0500] {processor.py:830} INFO - Processing file /home/nicolaspc/anaconda3/envs/mlops_env/lib/python3.12/site-packages/airflow/example_dags/example_display_name.py for tasks to queue
[2024-07-07T23:46:35.218+0500] {logging_mixin.py:188} INFO - [2024-07-07T23:46:35.218+0500] {dagbag.py:545} INFO - Filling up the DagBag from /home/nicolaspc/anaconda3/envs/mlops_env/lib/python3.12/site-packages/airflow/example_dags/example_display_name.py
[2024-07-07T23:46:35.222+0500] {processor.py:840} INFO - DAG(s) 'example_display_name' retrieved from /home/nicolaspc/anaconda3/envs/mlops_env/lib/python3.12/site-packages/airflow/example_dags/example_display_name.py
[2024-07-07T23:46:35.243+0500] {logging_mixin.py:188} INFO - [2024-07-07T23:46:35.243+0500] {dag.py:3096} INFO - Sync 1 DAGs
[2024-07-07T23:46:35.254+0500] {logging_mixin.py:188} INFO - [2024-07-07T23:46:35.253+0500] {dag.py:3954} INFO - Setting next_dagrun for example_display_name to None, run_after=None
[2024-07-07T23:46:35.273+0500] {processor.py:183} INFO - Processing /home/nicolaspc/anaconda3/envs/mlops_env/lib/python3.12/site-packages/airflow/example_dags/example_display_name.py took 0.062 seconds
[2024-07-07T23:47:05.962+0500] {processor.py:161} INFO - Started process (PID=22096) to work on /home/nicolaspc/anaconda3/envs/mlops_env/lib/python3.12/site-packages/airflow/example_dags/example_display_name.py
[2024-07-07T23:47:05.963+0500] {processor.py:830} INFO - Processing file /home/nicolaspc/anaconda3/envs/mlops_env/lib/python3.12/site-packages/airflow/example_dags/example_display_name.py for tasks to queue
[2024-07-07T23:47:05.963+0500] {logging_mixin.py:188} INFO - [2024-07-07T23:47:05.963+0500] {dagbag.py:545} INFO - Filling up the DagBag from /home/nicolaspc/anaconda3/envs/mlops_env/lib/python3.12/site-packages/airflow/example_dags/example_display_name.py
[2024-07-07T23:47:05.967+0500] {processor.py:840} INFO - DAG(s) 'example_display_name' retrieved from /home/nicolaspc/anaconda3/envs/mlops_env/lib/python3.12/site-packages/airflow/example_dags/example_display_name.py
[2024-07-07T23:47:05.989+0500] {logging_mixin.py:188} INFO - [2024-07-07T23:47:05.989+0500] {dag.py:3096} INFO - Sync 1 DAGs
[2024-07-07T23:47:05.997+0500] {logging_mixin.py:188} INFO - [2024-07-07T23:47:05.997+0500] {dag.py:3954} INFO - Setting next_dagrun for example_display_name to None, run_after=None
[2024-07-07T23:47:06.014+0500] {processor.py:183} INFO - Processing /home/nicolaspc/anaconda3/envs/mlops_env/lib/python3.12/site-packages/airflow/example_dags/example_display_name.py took 0.058 seconds
[2024-07-07T23:47:36.463+0500] {processor.py:161} INFO - Started process (PID=22421) to work on /home/nicolaspc/anaconda3/envs/mlops_env/lib/python3.12/site-packages/airflow/example_dags/example_display_name.py
[2024-07-07T23:47:36.464+0500] {processor.py:830} INFO - Processing file /home/nicolaspc/anaconda3/envs/mlops_env/lib/python3.12/site-packages/airflow/example_dags/example_display_name.py for tasks to queue
[2024-07-07T23:47:36.464+0500] {logging_mixin.py:188} INFO - [2024-07-07T23:47:36.464+0500] {dagbag.py:545} INFO - Filling up the DagBag from /home/nicolaspc/anaconda3/envs/mlops_env/lib/python3.12/site-packages/airflow/example_dags/example_display_name.py
[2024-07-07T23:47:36.467+0500] {processor.py:840} INFO - DAG(s) 'example_display_name' retrieved from /home/nicolaspc/anaconda3/envs/mlops_env/lib/python3.12/site-packages/airflow/example_dags/example_display_name.py
[2024-07-07T23:47:36.488+0500] {logging_mixin.py:188} INFO - [2024-07-07T23:47:36.487+0500] {dag.py:3096} INFO - Sync 1 DAGs
[2024-07-07T23:47:36.497+0500] {logging_mixin.py:188} INFO - [2024-07-07T23:47:36.497+0500] {dag.py:3954} INFO - Setting next_dagrun for example_display_name to None, run_after=None
[2024-07-07T23:47:36.512+0500] {processor.py:183} INFO - Processing /home/nicolaspc/anaconda3/envs/mlops_env/lib/python3.12/site-packages/airflow/example_dags/example_display_name.py took 0.055 seconds
[2024-07-07T23:48:07.035+0500] {processor.py:161} INFO - Started process (PID=22746) to work on /home/nicolaspc/anaconda3/envs/mlops_env/lib/python3.12/site-packages/airflow/example_dags/example_display_name.py
[2024-07-07T23:48:07.035+0500] {processor.py:830} INFO - Processing file /home/nicolaspc/anaconda3/envs/mlops_env/lib/python3.12/site-packages/airflow/example_dags/example_display_name.py for tasks to queue
[2024-07-07T23:48:07.036+0500] {logging_mixin.py:188} INFO - [2024-07-07T23:48:07.036+0500] {dagbag.py:545} INFO - Filling up the DagBag from /home/nicolaspc/anaconda3/envs/mlops_env/lib/python3.12/site-packages/airflow/example_dags/example_display_name.py
[2024-07-07T23:48:07.040+0500] {processor.py:840} INFO - DAG(s) 'example_display_name' retrieved from /home/nicolaspc/anaconda3/envs/mlops_env/lib/python3.12/site-packages/airflow/example_dags/example_display_name.py
[2024-07-07T23:48:07.059+0500] {logging_mixin.py:188} INFO - [2024-07-07T23:48:07.059+0500] {dag.py:3096} INFO - Sync 1 DAGs
[2024-07-07T23:48:07.068+0500] {logging_mixin.py:188} INFO - [2024-07-07T23:48:07.068+0500] {dag.py:3954} INFO - Setting next_dagrun for example_display_name to None, run_after=None
[2024-07-07T23:48:07.083+0500] {processor.py:183} INFO - Processing /home/nicolaspc/anaconda3/envs/mlops_env/lib/python3.12/site-packages/airflow/example_dags/example_display_name.py took 0.054 seconds
[2024-07-07T23:48:37.795+0500] {processor.py:161} INFO - Started process (PID=23102) to work on /home/nicolaspc/anaconda3/envs/mlops_env/lib/python3.12/site-packages/airflow/example_dags/example_display_name.py
[2024-07-07T23:48:37.796+0500] {processor.py:830} INFO - Processing file /home/nicolaspc/anaconda3/envs/mlops_env/lib/python3.12/site-packages/airflow/example_dags/example_display_name.py for tasks to queue
[2024-07-07T23:48:37.796+0500] {logging_mixin.py:188} INFO - [2024-07-07T23:48:37.796+0500] {dagbag.py:545} INFO - Filling up the DagBag from /home/nicolaspc/anaconda3/envs/mlops_env/lib/python3.12/site-packages/airflow/example_dags/example_display_name.py
[2024-07-07T23:48:37.800+0500] {processor.py:840} INFO - DAG(s) 'example_display_name' retrieved from /home/nicolaspc/anaconda3/envs/mlops_env/lib/python3.12/site-packages/airflow/example_dags/example_display_name.py
[2024-07-07T23:48:37.823+0500] {logging_mixin.py:188} INFO - [2024-07-07T23:48:37.823+0500] {dag.py:3096} INFO - Sync 1 DAGs
[2024-07-07T23:48:37.832+0500] {logging_mixin.py:188} INFO - [2024-07-07T23:48:37.832+0500] {dag.py:3954} INFO - Setting next_dagrun for example_display_name to None, run_after=None
[2024-07-07T23:48:37.851+0500] {processor.py:183} INFO - Processing /home/nicolaspc/anaconda3/envs/mlops_env/lib/python3.12/site-packages/airflow/example_dags/example_display_name.py took 0.062 seconds
[2024-07-07T23:49:09.408+0500] {processor.py:161} INFO - Started process (PID=23627) to work on /home/nicolaspc/anaconda3/envs/mlops_env/lib/python3.12/site-packages/airflow/example_dags/example_display_name.py
[2024-07-07T23:49:09.409+0500] {processor.py:830} INFO - Processing file /home/nicolaspc/anaconda3/envs/mlops_env/lib/python3.12/site-packages/airflow/example_dags/example_display_name.py for tasks to queue
[2024-07-07T23:49:09.409+0500] {logging_mixin.py:188} INFO - [2024-07-07T23:49:09.409+0500] {dagbag.py:545} INFO - Filling up the DagBag from /home/nicolaspc/anaconda3/envs/mlops_env/lib/python3.12/site-packages/airflow/example_dags/example_display_name.py
[2024-07-07T23:49:09.412+0500] {processor.py:840} INFO - DAG(s) 'example_display_name' retrieved from /home/nicolaspc/anaconda3/envs/mlops_env/lib/python3.12/site-packages/airflow/example_dags/example_display_name.py
[2024-07-07T23:49:09.487+0500] {logging_mixin.py:188} INFO - [2024-07-07T23:49:09.487+0500] {dag.py:3096} INFO - Sync 1 DAGs
[2024-07-07T23:49:09.495+0500] {logging_mixin.py:188} INFO - [2024-07-07T23:49:09.495+0500] {dag.py:3954} INFO - Setting next_dagrun for example_display_name to None, run_after=None
[2024-07-07T23:49:09.511+0500] {processor.py:183} INFO - Processing /home/nicolaspc/anaconda3/envs/mlops_env/lib/python3.12/site-packages/airflow/example_dags/example_display_name.py took 0.109 seconds
[2024-07-07T23:49:40.227+0500] {processor.py:161} INFO - Started process (PID=23985) to work on /home/nicolaspc/anaconda3/envs/mlops_env/lib/python3.12/site-packages/airflow/example_dags/example_display_name.py
[2024-07-07T23:49:40.228+0500] {processor.py:830} INFO - Processing file /home/nicolaspc/anaconda3/envs/mlops_env/lib/python3.12/site-packages/airflow/example_dags/example_display_name.py for tasks to queue
[2024-07-07T23:49:40.228+0500] {logging_mixin.py:188} INFO - [2024-07-07T23:49:40.228+0500] {dagbag.py:545} INFO - Filling up the DagBag from /home/nicolaspc/anaconda3/envs/mlops_env/lib/python3.12/site-packages/airflow/example_dags/example_display_name.py
[2024-07-07T23:49:40.232+0500] {processor.py:840} INFO - DAG(s) 'example_display_name' retrieved from /home/nicolaspc/anaconda3/envs/mlops_env/lib/python3.12/site-packages/airflow/example_dags/example_display_name.py
[2024-07-07T23:49:40.252+0500] {logging_mixin.py:188} INFO - [2024-07-07T23:49:40.252+0500] {dag.py:3096} INFO - Sync 1 DAGs
[2024-07-07T23:49:40.262+0500] {logging_mixin.py:188} INFO - [2024-07-07T23:49:40.262+0500] {dag.py:3954} INFO - Setting next_dagrun for example_display_name to None, run_after=None
[2024-07-07T23:49:40.278+0500] {processor.py:183} INFO - Processing /home/nicolaspc/anaconda3/envs/mlops_env/lib/python3.12/site-packages/airflow/example_dags/example_display_name.py took 0.057 seconds
