[2024-07-07T23:35:20.163+0500] {processor.py:161} INFO - Started process (PID=13526) to work on /home/nicolaspc/anaconda3/envs/mlops_env/lib/python3.12/site-packages/airflow/example_dags/example_branch_operator.py
[2024-07-07T23:35:20.163+0500] {processor.py:830} INFO - Processing file /home/nicolaspc/anaconda3/envs/mlops_env/lib/python3.12/site-packages/airflow/example_dags/example_branch_operator.py for tasks to queue
[2024-07-07T23:35:20.164+0500] {logging_mixin.py:188} INFO - [2024-07-07T23:35:20.164+0500] {dagbag.py:545} INFO - Filling up the DagBag from /home/nicolaspc/anaconda3/envs/mlops_env/lib/python3.12/site-packages/airflow/example_dags/example_branch_operator.py
[2024-07-07T23:35:20.166+0500] {processor.py:842} WARNING - No viable dags retrieved from /home/nicolaspc/anaconda3/envs/mlops_env/lib/python3.12/site-packages/airflow/example_dags/example_branch_operator.py
[2024-07-07T23:35:20.181+0500] {processor.py:183} INFO - Processing /home/nicolaspc/anaconda3/envs/mlops_env/lib/python3.12/site-packages/airflow/example_dags/example_branch_operator.py took 0.024 seconds
[2024-07-07T23:35:50.927+0500] {processor.py:161} INFO - Started process (PID=13877) to work on /home/nicolaspc/anaconda3/envs/mlops_env/lib/python3.12/site-packages/airflow/example_dags/example_branch_operator.py
[2024-07-07T23:35:50.928+0500] {processor.py:830} INFO - Processing file /home/nicolaspc/anaconda3/envs/mlops_env/lib/python3.12/site-packages/airflow/example_dags/example_branch_operator.py for tasks to queue
[2024-07-07T23:35:50.928+0500] {logging_mixin.py:188} INFO - [2024-07-07T23:35:50.928+0500] {dagbag.py:545} INFO - Filling up the DagBag from /home/nicolaspc/anaconda3/envs/mlops_env/lib/python3.12/site-packages/airflow/example_dags/example_branch_operator.py
[2024-07-07T23:35:50.930+0500] {processor.py:842} WARNING - No viable dags retrieved from /home/nicolaspc/anaconda3/envs/mlops_env/lib/python3.12/site-packages/airflow/example_dags/example_branch_operator.py
[2024-07-07T23:35:50.945+0500] {processor.py:183} INFO - Processing /home/nicolaspc/anaconda3/envs/mlops_env/lib/python3.12/site-packages/airflow/example_dags/example_branch_operator.py took 0.024 seconds
[2024-07-07T23:36:21.605+0500] {processor.py:161} INFO - Started process (PID=14290) to work on /home/nicolaspc/anaconda3/envs/mlops_env/lib/python3.12/site-packages/airflow/example_dags/example_branch_operator.py
[2024-07-07T23:36:21.606+0500] {processor.py:830} INFO - Processing file /home/nicolaspc/anaconda3/envs/mlops_env/lib/python3.12/site-packages/airflow/example_dags/example_branch_operator.py for tasks to queue
[2024-07-07T23:36:21.606+0500] {logging_mixin.py:188} INFO - [2024-07-07T23:36:21.606+0500] {dagbag.py:545} INFO - Filling up the DagBag from /home/nicolaspc/anaconda3/envs/mlops_env/lib/python3.12/site-packages/airflow/example_dags/example_branch_operator.py
[2024-07-07T23:36:21.608+0500] {processor.py:842} WARNING - No viable dags retrieved from /home/nicolaspc/anaconda3/envs/mlops_env/lib/python3.12/site-packages/airflow/example_dags/example_branch_operator.py
[2024-07-07T23:36:21.623+0500] {processor.py:183} INFO - Processing /home/nicolaspc/anaconda3/envs/mlops_env/lib/python3.12/site-packages/airflow/example_dags/example_branch_operator.py took 0.023 seconds
[2024-07-07T23:36:50.363+0500] {processor.py:161} INFO - Started process (PID=14448) to work on /home/nicolaspc/anaconda3/envs/mlops_env/lib/python3.12/site-packages/airflow/example_dags/example_branch_operator.py
[2024-07-07T23:36:50.364+0500] {processor.py:830} INFO - Processing file /home/nicolaspc/anaconda3/envs/mlops_env/lib/python3.12/site-packages/airflow/example_dags/example_branch_operator.py for tasks to queue
[2024-07-07T23:36:50.365+0500] {logging_mixin.py:188} INFO - [2024-07-07T23:36:50.364+0500] {dagbag.py:545} INFO - Filling up the DagBag from /home/nicolaspc/anaconda3/envs/mlops_env/lib/python3.12/site-packages/airflow/example_dags/example_branch_operator.py
[2024-07-07T23:36:50.366+0500] {processor.py:842} WARNING - No viable dags retrieved from /home/nicolaspc/anaconda3/envs/mlops_env/lib/python3.12/site-packages/airflow/example_dags/example_branch_operator.py
[2024-07-07T23:36:50.373+0500] {processor.py:183} INFO - Processing /home/nicolaspc/anaconda3/envs/mlops_env/lib/python3.12/site-packages/airflow/example_dags/example_branch_operator.py took 0.013 seconds
[2024-07-07T23:36:52.104+0500] {processor.py:161} INFO - Started process (PID=14681) to work on /home/nicolaspc/anaconda3/envs/mlops_env/lib/python3.12/site-packages/airflow/example_dags/example_branch_operator.py
[2024-07-07T23:36:52.105+0500] {processor.py:830} INFO - Processing file /home/nicolaspc/anaconda3/envs/mlops_env/lib/python3.12/site-packages/airflow/example_dags/example_branch_operator.py for tasks to queue
[2024-07-07T23:36:52.106+0500] {logging_mixin.py:188} INFO - [2024-07-07T23:36:52.105+0500] {dagbag.py:545} INFO - Filling up the DagBag from /home/nicolaspc/anaconda3/envs/mlops_env/lib/python3.12/site-packages/airflow/example_dags/example_branch_operator.py
[2024-07-07T23:36:52.108+0500] {processor.py:842} WARNING - No viable dags retrieved from /home/nicolaspc/anaconda3/envs/mlops_env/lib/python3.12/site-packages/airflow/example_dags/example_branch_operator.py
[2024-07-07T23:36:52.123+0500] {processor.py:183} INFO - Processing /home/nicolaspc/anaconda3/envs/mlops_env/lib/python3.12/site-packages/airflow/example_dags/example_branch_operator.py took 0.025 seconds
[2024-07-07T23:37:22.507+0500] {processor.py:161} INFO - Started process (PID=15040) to work on /home/nicolaspc/anaconda3/envs/mlops_env/lib/python3.12/site-packages/airflow/example_dags/example_branch_operator.py
[2024-07-07T23:37:22.508+0500] {processor.py:830} INFO - Processing file /home/nicolaspc/anaconda3/envs/mlops_env/lib/python3.12/site-packages/airflow/example_dags/example_branch_operator.py for tasks to queue
[2024-07-07T23:37:22.508+0500] {logging_mixin.py:188} INFO - [2024-07-07T23:37:22.508+0500] {dagbag.py:545} INFO - Filling up the DagBag from /home/nicolaspc/anaconda3/envs/mlops_env/lib/python3.12/site-packages/airflow/example_dags/example_branch_operator.py
[2024-07-07T23:37:22.511+0500] {processor.py:842} WARNING - No viable dags retrieved from /home/nicolaspc/anaconda3/envs/mlops_env/lib/python3.12/site-packages/airflow/example_dags/example_branch_operator.py
[2024-07-07T23:37:22.530+0500] {processor.py:183} INFO - Processing /home/nicolaspc/anaconda3/envs/mlops_env/lib/python3.12/site-packages/airflow/example_dags/example_branch_operator.py took 0.029 seconds
[2024-07-07T23:37:39.682+0500] {processor.py:161} INFO - Started process (PID=15144) to work on /home/nicolaspc/anaconda3/envs/mlops_env/lib/python3.12/site-packages/airflow/example_dags/example_branch_operator.py
[2024-07-07T23:37:39.690+0500] {processor.py:830} INFO - Processing file /home/nicolaspc/anaconda3/envs/mlops_env/lib/python3.12/site-packages/airflow/example_dags/example_branch_operator.py for tasks to queue
[2024-07-07T23:37:39.692+0500] {logging_mixin.py:188} INFO - [2024-07-07T23:37:39.692+0500] {dagbag.py:545} INFO - Filling up the DagBag from /home/nicolaspc/anaconda3/envs/mlops_env/lib/python3.12/site-packages/airflow/example_dags/example_branch_operator.py
[2024-07-07T23:37:39.694+0500] {processor.py:842} WARNING - No viable dags retrieved from /home/nicolaspc/anaconda3/envs/mlops_env/lib/python3.12/site-packages/airflow/example_dags/example_branch_operator.py
[2024-07-07T23:37:39.701+0500] {processor.py:183} INFO - Processing /home/nicolaspc/anaconda3/envs/mlops_env/lib/python3.12/site-packages/airflow/example_dags/example_branch_operator.py took 0.022 seconds
[2024-07-07T23:37:53.081+0500] {processor.py:161} INFO - Started process (PID=15428) to work on /home/nicolaspc/anaconda3/envs/mlops_env/lib/python3.12/site-packages/airflow/example_dags/example_branch_operator.py
[2024-07-07T23:37:53.082+0500] {processor.py:830} INFO - Processing file /home/nicolaspc/anaconda3/envs/mlops_env/lib/python3.12/site-packages/airflow/example_dags/example_branch_operator.py for tasks to queue
[2024-07-07T23:37:53.082+0500] {logging_mixin.py:188} INFO - [2024-07-07T23:37:53.082+0500] {dagbag.py:545} INFO - Filling up the DagBag from /home/nicolaspc/anaconda3/envs/mlops_env/lib/python3.12/site-packages/airflow/example_dags/example_branch_operator.py
[2024-07-07T23:37:53.084+0500] {processor.py:842} WARNING - No viable dags retrieved from /home/nicolaspc/anaconda3/envs/mlops_env/lib/python3.12/site-packages/airflow/example_dags/example_branch_operator.py
[2024-07-07T23:37:53.098+0500] {processor.py:183} INFO - Processing /home/nicolaspc/anaconda3/envs/mlops_env/lib/python3.12/site-packages/airflow/example_dags/example_branch_operator.py took 0.023 seconds
[2024-07-07T23:38:23.812+0500] {processor.py:161} INFO - Started process (PID=15845) to work on /home/nicolaspc/anaconda3/envs/mlops_env/lib/python3.12/site-packages/airflow/example_dags/example_branch_operator.py
[2024-07-07T23:38:23.813+0500] {processor.py:830} INFO - Processing file /home/nicolaspc/anaconda3/envs/mlops_env/lib/python3.12/site-packages/airflow/example_dags/example_branch_operator.py for tasks to queue
[2024-07-07T23:38:23.814+0500] {logging_mixin.py:188} INFO - [2024-07-07T23:38:23.813+0500] {dagbag.py:545} INFO - Filling up the DagBag from /home/nicolaspc/anaconda3/envs/mlops_env/lib/python3.12/site-packages/airflow/example_dags/example_branch_operator.py
[2024-07-07T23:38:23.816+0500] {processor.py:842} WARNING - No viable dags retrieved from /home/nicolaspc/anaconda3/envs/mlops_env/lib/python3.12/site-packages/airflow/example_dags/example_branch_operator.py
[2024-07-07T23:38:23.832+0500] {processor.py:183} INFO - Processing /home/nicolaspc/anaconda3/envs/mlops_env/lib/python3.12/site-packages/airflow/example_dags/example_branch_operator.py took 0.026 seconds
[2024-07-07T23:38:35.919+0500] {processor.py:161} INFO - Started process (PID=15916) to work on /home/nicolaspc/anaconda3/envs/mlops_env/lib/python3.12/site-packages/airflow/example_dags/example_branch_operator.py
[2024-07-07T23:38:35.928+0500] {processor.py:830} INFO - Processing file /home/nicolaspc/anaconda3/envs/mlops_env/lib/python3.12/site-packages/airflow/example_dags/example_branch_operator.py for tasks to queue
[2024-07-07T23:38:35.930+0500] {logging_mixin.py:188} INFO - [2024-07-07T23:38:35.929+0500] {dagbag.py:545} INFO - Filling up the DagBag from /home/nicolaspc/anaconda3/envs/mlops_env/lib/python3.12/site-packages/airflow/example_dags/example_branch_operator.py
[2024-07-07T23:38:35.931+0500] {processor.py:842} WARNING - No viable dags retrieved from /home/nicolaspc/anaconda3/envs/mlops_env/lib/python3.12/site-packages/airflow/example_dags/example_branch_operator.py
[2024-07-07T23:38:35.938+0500] {processor.py:183} INFO - Processing /home/nicolaspc/anaconda3/envs/mlops_env/lib/python3.12/site-packages/airflow/example_dags/example_branch_operator.py took 0.022 seconds
[2024-07-07T23:38:54.538+0500] {processor.py:161} INFO - Started process (PID=16201) to work on /home/nicolaspc/anaconda3/envs/mlops_env/lib/python3.12/site-packages/airflow/example_dags/example_branch_operator.py
[2024-07-07T23:38:54.539+0500] {processor.py:830} INFO - Processing file /home/nicolaspc/anaconda3/envs/mlops_env/lib/python3.12/site-packages/airflow/example_dags/example_branch_operator.py for tasks to queue
[2024-07-07T23:38:54.540+0500] {logging_mixin.py:188} INFO - [2024-07-07T23:38:54.539+0500] {dagbag.py:545} INFO - Filling up the DagBag from /home/nicolaspc/anaconda3/envs/mlops_env/lib/python3.12/site-packages/airflow/example_dags/example_branch_operator.py
[2024-07-07T23:38:54.542+0500] {processor.py:842} WARNING - No viable dags retrieved from /home/nicolaspc/anaconda3/envs/mlops_env/lib/python3.12/site-packages/airflow/example_dags/example_branch_operator.py
[2024-07-07T23:38:54.557+0500] {processor.py:183} INFO - Processing /home/nicolaspc/anaconda3/envs/mlops_env/lib/python3.12/site-packages/airflow/example_dags/example_branch_operator.py took 0.025 seconds
[2024-07-07T23:39:25.091+0500] {processor.py:161} INFO - Started process (PID=16601) to work on /home/nicolaspc/anaconda3/envs/mlops_env/lib/python3.12/site-packages/airflow/example_dags/example_branch_operator.py
[2024-07-07T23:39:25.091+0500] {processor.py:830} INFO - Processing file /home/nicolaspc/anaconda3/envs/mlops_env/lib/python3.12/site-packages/airflow/example_dags/example_branch_operator.py for tasks to queue
[2024-07-07T23:39:25.092+0500] {logging_mixin.py:188} INFO - [2024-07-07T23:39:25.092+0500] {dagbag.py:545} INFO - Filling up the DagBag from /home/nicolaspc/anaconda3/envs/mlops_env/lib/python3.12/site-packages/airflow/example_dags/example_branch_operator.py
[2024-07-07T23:39:25.094+0500] {processor.py:842} WARNING - No viable dags retrieved from /home/nicolaspc/anaconda3/envs/mlops_env/lib/python3.12/site-packages/airflow/example_dags/example_branch_operator.py
[2024-07-07T23:39:25.109+0500] {processor.py:183} INFO - Processing /home/nicolaspc/anaconda3/envs/mlops_env/lib/python3.12/site-packages/airflow/example_dags/example_branch_operator.py took 0.025 seconds
[2024-07-07T23:39:38.884+0500] {processor.py:161} INFO - Started process (PID=16670) to work on /home/nicolaspc/anaconda3/envs/mlops_env/lib/python3.12/site-packages/airflow/example_dags/example_branch_operator.py
[2024-07-07T23:39:38.893+0500] {processor.py:830} INFO - Processing file /home/nicolaspc/anaconda3/envs/mlops_env/lib/python3.12/site-packages/airflow/example_dags/example_branch_operator.py for tasks to queue
[2024-07-07T23:39:38.894+0500] {logging_mixin.py:188} INFO - [2024-07-07T23:39:38.894+0500] {dagbag.py:545} INFO - Filling up the DagBag from /home/nicolaspc/anaconda3/envs/mlops_env/lib/python3.12/site-packages/airflow/example_dags/example_branch_operator.py
[2024-07-07T23:39:38.896+0500] {processor.py:842} WARNING - No viable dags retrieved from /home/nicolaspc/anaconda3/envs/mlops_env/lib/python3.12/site-packages/airflow/example_dags/example_branch_operator.py
[2024-07-07T23:39:38.903+0500] {processor.py:183} INFO - Processing /home/nicolaspc/anaconda3/envs/mlops_env/lib/python3.12/site-packages/airflow/example_dags/example_branch_operator.py took 0.022 seconds
[2024-07-07T23:39:55.669+0500] {processor.py:161} INFO - Started process (PID=16954) to work on /home/nicolaspc/anaconda3/envs/mlops_env/lib/python3.12/site-packages/airflow/example_dags/example_branch_operator.py
[2024-07-07T23:39:55.670+0500] {processor.py:830} INFO - Processing file /home/nicolaspc/anaconda3/envs/mlops_env/lib/python3.12/site-packages/airflow/example_dags/example_branch_operator.py for tasks to queue
[2024-07-07T23:39:55.670+0500] {logging_mixin.py:188} INFO - [2024-07-07T23:39:55.670+0500] {dagbag.py:545} INFO - Filling up the DagBag from /home/nicolaspc/anaconda3/envs/mlops_env/lib/python3.12/site-packages/airflow/example_dags/example_branch_operator.py
[2024-07-07T23:39:55.672+0500] {processor.py:842} WARNING - No viable dags retrieved from /home/nicolaspc/anaconda3/envs/mlops_env/lib/python3.12/site-packages/airflow/example_dags/example_branch_operator.py
[2024-07-07T23:39:55.686+0500] {processor.py:183} INFO - Processing /home/nicolaspc/anaconda3/envs/mlops_env/lib/python3.12/site-packages/airflow/example_dags/example_branch_operator.py took 0.023 seconds
[2024-07-07T23:40:26.420+0500] {processor.py:161} INFO - Started process (PID=17387) to work on /home/nicolaspc/anaconda3/envs/mlops_env/lib/python3.12/site-packages/airflow/example_dags/example_branch_operator.py
[2024-07-07T23:40:26.421+0500] {processor.py:830} INFO - Processing file /home/nicolaspc/anaconda3/envs/mlops_env/lib/python3.12/site-packages/airflow/example_dags/example_branch_operator.py for tasks to queue
[2024-07-07T23:40:26.421+0500] {logging_mixin.py:188} INFO - [2024-07-07T23:40:26.421+0500] {dagbag.py:545} INFO - Filling up the DagBag from /home/nicolaspc/anaconda3/envs/mlops_env/lib/python3.12/site-packages/airflow/example_dags/example_branch_operator.py
[2024-07-07T23:40:26.423+0500] {processor.py:842} WARNING - No viable dags retrieved from /home/nicolaspc/anaconda3/envs/mlops_env/lib/python3.12/site-packages/airflow/example_dags/example_branch_operator.py
[2024-07-07T23:40:26.439+0500] {processor.py:183} INFO - Processing /home/nicolaspc/anaconda3/envs/mlops_env/lib/python3.12/site-packages/airflow/example_dags/example_branch_operator.py took 0.026 seconds
[2024-07-07T23:40:37.638+0500] {processor.py:161} INFO - Started process (PID=17460) to work on /home/nicolaspc/anaconda3/envs/mlops_env/lib/python3.12/site-packages/airflow/example_dags/example_branch_operator.py
[2024-07-07T23:40:37.647+0500] {processor.py:830} INFO - Processing file /home/nicolaspc/anaconda3/envs/mlops_env/lib/python3.12/site-packages/airflow/example_dags/example_branch_operator.py for tasks to queue
[2024-07-07T23:40:37.649+0500] {logging_mixin.py:188} INFO - [2024-07-07T23:40:37.648+0500] {dagbag.py:545} INFO - Filling up the DagBag from /home/nicolaspc/anaconda3/envs/mlops_env/lib/python3.12/site-packages/airflow/example_dags/example_branch_operator.py
[2024-07-07T23:40:37.650+0500] {processor.py:842} WARNING - No viable dags retrieved from /home/nicolaspc/anaconda3/envs/mlops_env/lib/python3.12/site-packages/airflow/example_dags/example_branch_operator.py
[2024-07-07T23:40:37.657+0500] {processor.py:183} INFO - Processing /home/nicolaspc/anaconda3/envs/mlops_env/lib/python3.12/site-packages/airflow/example_dags/example_branch_operator.py took 0.022 seconds
[2024-07-07T23:40:57.218+0500] {processor.py:161} INFO - Started process (PID=17752) to work on /home/nicolaspc/anaconda3/envs/mlops_env/lib/python3.12/site-packages/airflow/example_dags/example_branch_operator.py
[2024-07-07T23:40:57.219+0500] {processor.py:830} INFO - Processing file /home/nicolaspc/anaconda3/envs/mlops_env/lib/python3.12/site-packages/airflow/example_dags/example_branch_operator.py for tasks to queue
[2024-07-07T23:40:57.219+0500] {logging_mixin.py:188} INFO - [2024-07-07T23:40:57.219+0500] {dagbag.py:545} INFO - Filling up the DagBag from /home/nicolaspc/anaconda3/envs/mlops_env/lib/python3.12/site-packages/airflow/example_dags/example_branch_operator.py
[2024-07-07T23:40:57.221+0500] {processor.py:842} WARNING - No viable dags retrieved from /home/nicolaspc/anaconda3/envs/mlops_env/lib/python3.12/site-packages/airflow/example_dags/example_branch_operator.py
[2024-07-07T23:40:57.238+0500] {processor.py:183} INFO - Processing /home/nicolaspc/anaconda3/envs/mlops_env/lib/python3.12/site-packages/airflow/example_dags/example_branch_operator.py took 0.026 seconds
[2024-07-07T23:41:28.130+0500] {processor.py:161} INFO - Started process (PID=18166) to work on /home/nicolaspc/anaconda3/envs/mlops_env/lib/python3.12/site-packages/airflow/example_dags/example_branch_operator.py
[2024-07-07T23:41:28.131+0500] {processor.py:830} INFO - Processing file /home/nicolaspc/anaconda3/envs/mlops_env/lib/python3.12/site-packages/airflow/example_dags/example_branch_operator.py for tasks to queue
[2024-07-07T23:41:28.132+0500] {logging_mixin.py:188} INFO - [2024-07-07T23:41:28.132+0500] {dagbag.py:545} INFO - Filling up the DagBag from /home/nicolaspc/anaconda3/envs/mlops_env/lib/python3.12/site-packages/airflow/example_dags/example_branch_operator.py
[2024-07-07T23:41:28.136+0500] {processor.py:842} WARNING - No viable dags retrieved from /home/nicolaspc/anaconda3/envs/mlops_env/lib/python3.12/site-packages/airflow/example_dags/example_branch_operator.py
[2024-07-07T23:41:28.157+0500] {processor.py:183} INFO - Processing /home/nicolaspc/anaconda3/envs/mlops_env/lib/python3.12/site-packages/airflow/example_dags/example_branch_operator.py took 0.036 seconds
[2024-07-07T23:41:38.769+0500] {processor.py:161} INFO - Started process (PID=18244) to work on /home/nicolaspc/anaconda3/envs/mlops_env/lib/python3.12/site-packages/airflow/example_dags/example_branch_operator.py
[2024-07-07T23:41:38.777+0500] {processor.py:830} INFO - Processing file /home/nicolaspc/anaconda3/envs/mlops_env/lib/python3.12/site-packages/airflow/example_dags/example_branch_operator.py for tasks to queue
[2024-07-07T23:41:38.779+0500] {logging_mixin.py:188} INFO - [2024-07-07T23:41:38.779+0500] {dagbag.py:545} INFO - Filling up the DagBag from /home/nicolaspc/anaconda3/envs/mlops_env/lib/python3.12/site-packages/airflow/example_dags/example_branch_operator.py
[2024-07-07T23:41:38.781+0500] {processor.py:842} WARNING - No viable dags retrieved from /home/nicolaspc/anaconda3/envs/mlops_env/lib/python3.12/site-packages/airflow/example_dags/example_branch_operator.py
[2024-07-07T23:41:38.788+0500] {processor.py:183} INFO - Processing /home/nicolaspc/anaconda3/envs/mlops_env/lib/python3.12/site-packages/airflow/example_dags/example_branch_operator.py took 0.024 seconds
[2024-07-07T23:41:59.087+0500] {processor.py:161} INFO - Started process (PID=18540) to work on /home/nicolaspc/anaconda3/envs/mlops_env/lib/python3.12/site-packages/airflow/example_dags/example_branch_operator.py
[2024-07-07T23:41:59.088+0500] {processor.py:830} INFO - Processing file /home/nicolaspc/anaconda3/envs/mlops_env/lib/python3.12/site-packages/airflow/example_dags/example_branch_operator.py for tasks to queue
[2024-07-07T23:41:59.089+0500] {logging_mixin.py:188} INFO - [2024-07-07T23:41:59.089+0500] {dagbag.py:545} INFO - Filling up the DagBag from /home/nicolaspc/anaconda3/envs/mlops_env/lib/python3.12/site-packages/airflow/example_dags/example_branch_operator.py
[2024-07-07T23:41:59.093+0500] {processor.py:842} WARNING - No viable dags retrieved from /home/nicolaspc/anaconda3/envs/mlops_env/lib/python3.12/site-packages/airflow/example_dags/example_branch_operator.py
[2024-07-07T23:41:59.113+0500] {processor.py:183} INFO - Processing /home/nicolaspc/anaconda3/envs/mlops_env/lib/python3.12/site-packages/airflow/example_dags/example_branch_operator.py took 0.034 seconds
[2024-07-07T23:42:30.061+0500] {processor.py:161} INFO - Started process (PID=18957) to work on /home/nicolaspc/anaconda3/envs/mlops_env/lib/python3.12/site-packages/airflow/example_dags/example_branch_operator.py
[2024-07-07T23:42:30.062+0500] {processor.py:830} INFO - Processing file /home/nicolaspc/anaconda3/envs/mlops_env/lib/python3.12/site-packages/airflow/example_dags/example_branch_operator.py for tasks to queue
[2024-07-07T23:42:30.062+0500] {logging_mixin.py:188} INFO - [2024-07-07T23:42:30.062+0500] {dagbag.py:545} INFO - Filling up the DagBag from /home/nicolaspc/anaconda3/envs/mlops_env/lib/python3.12/site-packages/airflow/example_dags/example_branch_operator.py
[2024-07-07T23:42:30.065+0500] {processor.py:842} WARNING - No viable dags retrieved from /home/nicolaspc/anaconda3/envs/mlops_env/lib/python3.12/site-packages/airflow/example_dags/example_branch_operator.py
[2024-07-07T23:42:30.083+0500] {processor.py:183} INFO - Processing /home/nicolaspc/anaconda3/envs/mlops_env/lib/python3.12/site-packages/airflow/example_dags/example_branch_operator.py took 0.028 seconds
[2024-07-07T23:42:39.571+0500] {processor.py:161} INFO - Started process (PID=19022) to work on /home/nicolaspc/anaconda3/envs/mlops_env/lib/python3.12/site-packages/airflow/example_dags/example_branch_operator.py
[2024-07-07T23:42:39.580+0500] {processor.py:830} INFO - Processing file /home/nicolaspc/anaconda3/envs/mlops_env/lib/python3.12/site-packages/airflow/example_dags/example_branch_operator.py for tasks to queue
[2024-07-07T23:42:39.581+0500] {logging_mixin.py:188} INFO - [2024-07-07T23:42:39.581+0500] {dagbag.py:545} INFO - Filling up the DagBag from /home/nicolaspc/anaconda3/envs/mlops_env/lib/python3.12/site-packages/airflow/example_dags/example_branch_operator.py
[2024-07-07T23:42:39.583+0500] {processor.py:842} WARNING - No viable dags retrieved from /home/nicolaspc/anaconda3/envs/mlops_env/lib/python3.12/site-packages/airflow/example_dags/example_branch_operator.py
[2024-07-07T23:42:39.592+0500] {processor.py:183} INFO - Processing /home/nicolaspc/anaconda3/envs/mlops_env/lib/python3.12/site-packages/airflow/example_dags/example_branch_operator.py took 0.025 seconds
[2024-07-07T23:43:00.685+0500] {processor.py:161} INFO - Started process (PID=19318) to work on /home/nicolaspc/anaconda3/envs/mlops_env/lib/python3.12/site-packages/airflow/example_dags/example_branch_operator.py
[2024-07-07T23:43:00.685+0500] {processor.py:830} INFO - Processing file /home/nicolaspc/anaconda3/envs/mlops_env/lib/python3.12/site-packages/airflow/example_dags/example_branch_operator.py for tasks to queue
[2024-07-07T23:43:00.686+0500] {logging_mixin.py:188} INFO - [2024-07-07T23:43:00.686+0500] {dagbag.py:545} INFO - Filling up the DagBag from /home/nicolaspc/anaconda3/envs/mlops_env/lib/python3.12/site-packages/airflow/example_dags/example_branch_operator.py
[2024-07-07T23:43:00.688+0500] {processor.py:842} WARNING - No viable dags retrieved from /home/nicolaspc/anaconda3/envs/mlops_env/lib/python3.12/site-packages/airflow/example_dags/example_branch_operator.py
[2024-07-07T23:43:00.706+0500] {processor.py:183} INFO - Processing /home/nicolaspc/anaconda3/envs/mlops_env/lib/python3.12/site-packages/airflow/example_dags/example_branch_operator.py took 0.027 seconds
[2024-07-07T23:43:31.570+0500] {processor.py:161} INFO - Started process (PID=19645) to work on /home/nicolaspc/anaconda3/envs/mlops_env/lib/python3.12/site-packages/airflow/example_dags/example_branch_operator.py
[2024-07-07T23:43:31.571+0500] {processor.py:830} INFO - Processing file /home/nicolaspc/anaconda3/envs/mlops_env/lib/python3.12/site-packages/airflow/example_dags/example_branch_operator.py for tasks to queue
[2024-07-07T23:43:31.571+0500] {logging_mixin.py:188} INFO - [2024-07-07T23:43:31.571+0500] {dagbag.py:545} INFO - Filling up the DagBag from /home/nicolaspc/anaconda3/envs/mlops_env/lib/python3.12/site-packages/airflow/example_dags/example_branch_operator.py
[2024-07-07T23:43:31.573+0500] {processor.py:842} WARNING - No viable dags retrieved from /home/nicolaspc/anaconda3/envs/mlops_env/lib/python3.12/site-packages/airflow/example_dags/example_branch_operator.py
[2024-07-07T23:43:31.590+0500] {processor.py:183} INFO - Processing /home/nicolaspc/anaconda3/envs/mlops_env/lib/python3.12/site-packages/airflow/example_dags/example_branch_operator.py took 0.025 seconds
[2024-07-07T23:44:02.019+0500] {processor.py:161} INFO - Started process (PID=20011) to work on /home/nicolaspc/anaconda3/envs/mlops_env/lib/python3.12/site-packages/airflow/example_dags/example_branch_operator.py
[2024-07-07T23:44:02.019+0500] {processor.py:830} INFO - Processing file /home/nicolaspc/anaconda3/envs/mlops_env/lib/python3.12/site-packages/airflow/example_dags/example_branch_operator.py for tasks to queue
[2024-07-07T23:44:02.020+0500] {logging_mixin.py:188} INFO - [2024-07-07T23:44:02.020+0500] {dagbag.py:545} INFO - Filling up the DagBag from /home/nicolaspc/anaconda3/envs/mlops_env/lib/python3.12/site-packages/airflow/example_dags/example_branch_operator.py
[2024-07-07T23:44:02.022+0500] {processor.py:842} WARNING - No viable dags retrieved from /home/nicolaspc/anaconda3/envs/mlops_env/lib/python3.12/site-packages/airflow/example_dags/example_branch_operator.py
[2024-07-07T23:44:02.037+0500] {processor.py:183} INFO - Processing /home/nicolaspc/anaconda3/envs/mlops_env/lib/python3.12/site-packages/airflow/example_dags/example_branch_operator.py took 0.024 seconds
[2024-07-07T23:44:32.567+0500] {processor.py:161} INFO - Started process (PID=20375) to work on /home/nicolaspc/anaconda3/envs/mlops_env/lib/python3.12/site-packages/airflow/example_dags/example_branch_operator.py
[2024-07-07T23:44:32.567+0500] {processor.py:830} INFO - Processing file /home/nicolaspc/anaconda3/envs/mlops_env/lib/python3.12/site-packages/airflow/example_dags/example_branch_operator.py for tasks to queue
[2024-07-07T23:44:32.568+0500] {logging_mixin.py:188} INFO - [2024-07-07T23:44:32.568+0500] {dagbag.py:545} INFO - Filling up the DagBag from /home/nicolaspc/anaconda3/envs/mlops_env/lib/python3.12/site-packages/airflow/example_dags/example_branch_operator.py
[2024-07-07T23:44:32.570+0500] {processor.py:842} WARNING - No viable dags retrieved from /home/nicolaspc/anaconda3/envs/mlops_env/lib/python3.12/site-packages/airflow/example_dags/example_branch_operator.py
[2024-07-07T23:44:32.584+0500] {processor.py:183} INFO - Processing /home/nicolaspc/anaconda3/envs/mlops_env/lib/python3.12/site-packages/airflow/example_dags/example_branch_operator.py took 0.023 seconds
[2024-07-07T23:45:03.294+0500] {processor.py:161} INFO - Started process (PID=20741) to work on /home/nicolaspc/anaconda3/envs/mlops_env/lib/python3.12/site-packages/airflow/example_dags/example_branch_operator.py
[2024-07-07T23:45:03.295+0500] {processor.py:830} INFO - Processing file /home/nicolaspc/anaconda3/envs/mlops_env/lib/python3.12/site-packages/airflow/example_dags/example_branch_operator.py for tasks to queue
[2024-07-07T23:45:03.295+0500] {logging_mixin.py:188} INFO - [2024-07-07T23:45:03.295+0500] {dagbag.py:545} INFO - Filling up the DagBag from /home/nicolaspc/anaconda3/envs/mlops_env/lib/python3.12/site-packages/airflow/example_dags/example_branch_operator.py
[2024-07-07T23:45:03.297+0500] {processor.py:842} WARNING - No viable dags retrieved from /home/nicolaspc/anaconda3/envs/mlops_env/lib/python3.12/site-packages/airflow/example_dags/example_branch_operator.py
[2024-07-07T23:45:03.312+0500] {processor.py:183} INFO - Processing /home/nicolaspc/anaconda3/envs/mlops_env/lib/python3.12/site-packages/airflow/example_dags/example_branch_operator.py took 0.024 seconds
[2024-07-07T23:45:33.925+0500] {processor.py:161} INFO - Started process (PID=21069) to work on /home/nicolaspc/anaconda3/envs/mlops_env/lib/python3.12/site-packages/airflow/example_dags/example_branch_operator.py
[2024-07-07T23:45:33.926+0500] {processor.py:830} INFO - Processing file /home/nicolaspc/anaconda3/envs/mlops_env/lib/python3.12/site-packages/airflow/example_dags/example_branch_operator.py for tasks to queue
[2024-07-07T23:45:33.927+0500] {logging_mixin.py:188} INFO - [2024-07-07T23:45:33.926+0500] {dagbag.py:545} INFO - Filling up the DagBag from /home/nicolaspc/anaconda3/envs/mlops_env/lib/python3.12/site-packages/airflow/example_dags/example_branch_operator.py
[2024-07-07T23:45:33.929+0500] {processor.py:842} WARNING - No viable dags retrieved from /home/nicolaspc/anaconda3/envs/mlops_env/lib/python3.12/site-packages/airflow/example_dags/example_branch_operator.py
[2024-07-07T23:45:33.943+0500] {processor.py:183} INFO - Processing /home/nicolaspc/anaconda3/envs/mlops_env/lib/python3.12/site-packages/airflow/example_dags/example_branch_operator.py took 0.024 seconds
[2024-07-07T23:46:04.633+0500] {processor.py:161} INFO - Started process (PID=21403) to work on /home/nicolaspc/anaconda3/envs/mlops_env/lib/python3.12/site-packages/airflow/example_dags/example_branch_operator.py
[2024-07-07T23:46:04.634+0500] {processor.py:830} INFO - Processing file /home/nicolaspc/anaconda3/envs/mlops_env/lib/python3.12/site-packages/airflow/example_dags/example_branch_operator.py for tasks to queue
[2024-07-07T23:46:04.634+0500] {logging_mixin.py:188} INFO - [2024-07-07T23:46:04.634+0500] {dagbag.py:545} INFO - Filling up the DagBag from /home/nicolaspc/anaconda3/envs/mlops_env/lib/python3.12/site-packages/airflow/example_dags/example_branch_operator.py
[2024-07-07T23:46:04.637+0500] {processor.py:842} WARNING - No viable dags retrieved from /home/nicolaspc/anaconda3/envs/mlops_env/lib/python3.12/site-packages/airflow/example_dags/example_branch_operator.py
[2024-07-07T23:46:04.653+0500] {processor.py:183} INFO - Processing /home/nicolaspc/anaconda3/envs/mlops_env/lib/python3.12/site-packages/airflow/example_dags/example_branch_operator.py took 0.027 seconds
[2024-07-07T23:46:35.316+0500] {processor.py:161} INFO - Started process (PID=21772) to work on /home/nicolaspc/anaconda3/envs/mlops_env/lib/python3.12/site-packages/airflow/example_dags/example_branch_operator.py
[2024-07-07T23:46:35.317+0500] {processor.py:830} INFO - Processing file /home/nicolaspc/anaconda3/envs/mlops_env/lib/python3.12/site-packages/airflow/example_dags/example_branch_operator.py for tasks to queue
[2024-07-07T23:46:35.318+0500] {logging_mixin.py:188} INFO - [2024-07-07T23:46:35.318+0500] {dagbag.py:545} INFO - Filling up the DagBag from /home/nicolaspc/anaconda3/envs/mlops_env/lib/python3.12/site-packages/airflow/example_dags/example_branch_operator.py
[2024-07-07T23:46:35.323+0500] {processor.py:842} WARNING - No viable dags retrieved from /home/nicolaspc/anaconda3/envs/mlops_env/lib/python3.12/site-packages/airflow/example_dags/example_branch_operator.py
[2024-07-07T23:46:35.345+0500] {processor.py:183} INFO - Processing /home/nicolaspc/anaconda3/envs/mlops_env/lib/python3.12/site-packages/airflow/example_dags/example_branch_operator.py took 0.041 seconds
[2024-07-07T23:47:05.970+0500] {processor.py:161} INFO - Started process (PID=22099) to work on /home/nicolaspc/anaconda3/envs/mlops_env/lib/python3.12/site-packages/airflow/example_dags/example_branch_operator.py
[2024-07-07T23:47:05.971+0500] {processor.py:830} INFO - Processing file /home/nicolaspc/anaconda3/envs/mlops_env/lib/python3.12/site-packages/airflow/example_dags/example_branch_operator.py for tasks to queue
[2024-07-07T23:47:05.971+0500] {logging_mixin.py:188} INFO - [2024-07-07T23:47:05.971+0500] {dagbag.py:545} INFO - Filling up the DagBag from /home/nicolaspc/anaconda3/envs/mlops_env/lib/python3.12/site-packages/airflow/example_dags/example_branch_operator.py
[2024-07-07T23:47:05.974+0500] {processor.py:842} WARNING - No viable dags retrieved from /home/nicolaspc/anaconda3/envs/mlops_env/lib/python3.12/site-packages/airflow/example_dags/example_branch_operator.py
[2024-07-07T23:47:05.990+0500] {processor.py:183} INFO - Processing /home/nicolaspc/anaconda3/envs/mlops_env/lib/python3.12/site-packages/airflow/example_dags/example_branch_operator.py took 0.027 seconds
[2024-07-07T23:47:36.503+0500] {processor.py:161} INFO - Started process (PID=22428) to work on /home/nicolaspc/anaconda3/envs/mlops_env/lib/python3.12/site-packages/airflow/example_dags/example_branch_operator.py
[2024-07-07T23:47:36.504+0500] {processor.py:830} INFO - Processing file /home/nicolaspc/anaconda3/envs/mlops_env/lib/python3.12/site-packages/airflow/example_dags/example_branch_operator.py for tasks to queue
[2024-07-07T23:47:36.504+0500] {logging_mixin.py:188} INFO - [2024-07-07T23:47:36.504+0500] {dagbag.py:545} INFO - Filling up the DagBag from /home/nicolaspc/anaconda3/envs/mlops_env/lib/python3.12/site-packages/airflow/example_dags/example_branch_operator.py
[2024-07-07T23:47:36.506+0500] {processor.py:842} WARNING - No viable dags retrieved from /home/nicolaspc/anaconda3/envs/mlops_env/lib/python3.12/site-packages/airflow/example_dags/example_branch_operator.py
[2024-07-07T23:47:36.520+0500] {processor.py:183} INFO - Processing /home/nicolaspc/anaconda3/envs/mlops_env/lib/python3.12/site-packages/airflow/example_dags/example_branch_operator.py took 0.023 seconds
[2024-07-07T23:48:07.073+0500] {processor.py:161} INFO - Started process (PID=22753) to work on /home/nicolaspc/anaconda3/envs/mlops_env/lib/python3.12/site-packages/airflow/example_dags/example_branch_operator.py
[2024-07-07T23:48:07.074+0500] {processor.py:830} INFO - Processing file /home/nicolaspc/anaconda3/envs/mlops_env/lib/python3.12/site-packages/airflow/example_dags/example_branch_operator.py for tasks to queue
[2024-07-07T23:48:07.075+0500] {logging_mixin.py:188} INFO - [2024-07-07T23:48:07.074+0500] {dagbag.py:545} INFO - Filling up the DagBag from /home/nicolaspc/anaconda3/envs/mlops_env/lib/python3.12/site-packages/airflow/example_dags/example_branch_operator.py
[2024-07-07T23:48:07.077+0500] {processor.py:842} WARNING - No viable dags retrieved from /home/nicolaspc/anaconda3/envs/mlops_env/lib/python3.12/site-packages/airflow/example_dags/example_branch_operator.py
[2024-07-07T23:48:07.092+0500] {processor.py:183} INFO - Processing /home/nicolaspc/anaconda3/envs/mlops_env/lib/python3.12/site-packages/airflow/example_dags/example_branch_operator.py took 0.024 seconds
[2024-07-07T23:48:37.839+0500] {processor.py:161} INFO - Started process (PID=23109) to work on /home/nicolaspc/anaconda3/envs/mlops_env/lib/python3.12/site-packages/airflow/example_dags/example_branch_operator.py
[2024-07-07T23:48:37.840+0500] {processor.py:830} INFO - Processing file /home/nicolaspc/anaconda3/envs/mlops_env/lib/python3.12/site-packages/airflow/example_dags/example_branch_operator.py for tasks to queue
[2024-07-07T23:48:37.840+0500] {logging_mixin.py:188} INFO - [2024-07-07T23:48:37.840+0500] {dagbag.py:545} INFO - Filling up the DagBag from /home/nicolaspc/anaconda3/envs/mlops_env/lib/python3.12/site-packages/airflow/example_dags/example_branch_operator.py
[2024-07-07T23:48:37.843+0500] {processor.py:842} WARNING - No viable dags retrieved from /home/nicolaspc/anaconda3/envs/mlops_env/lib/python3.12/site-packages/airflow/example_dags/example_branch_operator.py
[2024-07-07T23:48:37.860+0500] {processor.py:183} INFO - Processing /home/nicolaspc/anaconda3/envs/mlops_env/lib/python3.12/site-packages/airflow/example_dags/example_branch_operator.py took 0.028 seconds
[2024-07-07T23:49:09.464+0500] {processor.py:161} INFO - Started process (PID=23633) to work on /home/nicolaspc/anaconda3/envs/mlops_env/lib/python3.12/site-packages/airflow/example_dags/example_branch_operator.py
[2024-07-07T23:49:09.464+0500] {processor.py:830} INFO - Processing file /home/nicolaspc/anaconda3/envs/mlops_env/lib/python3.12/site-packages/airflow/example_dags/example_branch_operator.py for tasks to queue
[2024-07-07T23:49:09.465+0500] {logging_mixin.py:188} INFO - [2024-07-07T23:49:09.465+0500] {dagbag.py:545} INFO - Filling up the DagBag from /home/nicolaspc/anaconda3/envs/mlops_env/lib/python3.12/site-packages/airflow/example_dags/example_branch_operator.py
[2024-07-07T23:49:09.467+0500] {processor.py:842} WARNING - No viable dags retrieved from /home/nicolaspc/anaconda3/envs/mlops_env/lib/python3.12/site-packages/airflow/example_dags/example_branch_operator.py
[2024-07-07T23:49:09.482+0500] {processor.py:183} INFO - Processing /home/nicolaspc/anaconda3/envs/mlops_env/lib/python3.12/site-packages/airflow/example_dags/example_branch_operator.py took 0.024 seconds
[2024-07-07T23:49:40.286+0500] {processor.py:161} INFO - Started process (PID=23991) to work on /home/nicolaspc/anaconda3/envs/mlops_env/lib/python3.12/site-packages/airflow/example_dags/example_branch_operator.py
[2024-07-07T23:49:40.287+0500] {processor.py:830} INFO - Processing file /home/nicolaspc/anaconda3/envs/mlops_env/lib/python3.12/site-packages/airflow/example_dags/example_branch_operator.py for tasks to queue
[2024-07-07T23:49:40.287+0500] {logging_mixin.py:188} INFO - [2024-07-07T23:49:40.287+0500] {dagbag.py:545} INFO - Filling up the DagBag from /home/nicolaspc/anaconda3/envs/mlops_env/lib/python3.12/site-packages/airflow/example_dags/example_branch_operator.py
[2024-07-07T23:49:40.289+0500] {processor.py:842} WARNING - No viable dags retrieved from /home/nicolaspc/anaconda3/envs/mlops_env/lib/python3.12/site-packages/airflow/example_dags/example_branch_operator.py
[2024-07-07T23:49:40.306+0500] {processor.py:183} INFO - Processing /home/nicolaspc/anaconda3/envs/mlops_env/lib/python3.12/site-packages/airflow/example_dags/example_branch_operator.py took 0.025 seconds
