[2024-07-07T23:35:18.805+0500] {processor.py:161} INFO - Started process (PID=13360) to work on /home/nicolaspc/anaconda3/envs/mlops_env/lib/python3.12/site-packages/airflow/example_dags/example_task_group_decorator.py
[2024-07-07T23:35:18.806+0500] {processor.py:830} INFO - Processing file /home/nicolaspc/anaconda3/envs/mlops_env/lib/python3.12/site-packages/airflow/example_dags/example_task_group_decorator.py for tasks to queue
[2024-07-07T23:35:18.806+0500] {logging_mixin.py:188} INFO - [2024-07-07T23:35:18.806+0500] {dagbag.py:545} INFO - Filling up the DagBag from /home/nicolaspc/anaconda3/envs/mlops_env/lib/python3.12/site-packages/airflow/example_dags/example_task_group_decorator.py
[2024-07-07T23:35:18.815+0500] {processor.py:840} INFO - DAG(s) 'example_task_group_decorator' retrieved from /home/nicolaspc/anaconda3/envs/mlops_env/lib/python3.12/site-packages/airflow/example_dags/example_task_group_decorator.py
[2024-07-07T23:35:18.838+0500] {logging_mixin.py:188} INFO - [2024-07-07T23:35:18.838+0500] {dag.py:3096} INFO - Sync 1 DAGs
[2024-07-07T23:35:18.853+0500] {logging_mixin.py:188} INFO - [2024-07-07T23:35:18.853+0500] {dag.py:3954} INFO - Setting next_dagrun for example_task_group_decorator to 2024-07-06 00:00:00+00:00, run_after=2024-07-07 00:00:00+00:00
[2024-07-07T23:35:18.868+0500] {processor.py:183} INFO - Processing /home/nicolaspc/anaconda3/envs/mlops_env/lib/python3.12/site-packages/airflow/example_dags/example_task_group_decorator.py took 0.068 seconds
[2024-07-07T23:35:49.522+0500] {processor.py:161} INFO - Started process (PID=13709) to work on /home/nicolaspc/anaconda3/envs/mlops_env/lib/python3.12/site-packages/airflow/example_dags/example_task_group_decorator.py
[2024-07-07T23:35:49.523+0500] {processor.py:830} INFO - Processing file /home/nicolaspc/anaconda3/envs/mlops_env/lib/python3.12/site-packages/airflow/example_dags/example_task_group_decorator.py for tasks to queue
[2024-07-07T23:35:49.523+0500] {logging_mixin.py:188} INFO - [2024-07-07T23:35:49.523+0500] {dagbag.py:545} INFO - Filling up the DagBag from /home/nicolaspc/anaconda3/envs/mlops_env/lib/python3.12/site-packages/airflow/example_dags/example_task_group_decorator.py
[2024-07-07T23:35:49.532+0500] {processor.py:840} INFO - DAG(s) 'example_task_group_decorator' retrieved from /home/nicolaspc/anaconda3/envs/mlops_env/lib/python3.12/site-packages/airflow/example_dags/example_task_group_decorator.py
[2024-07-07T23:35:49.555+0500] {logging_mixin.py:188} INFO - [2024-07-07T23:35:49.555+0500] {dag.py:3096} INFO - Sync 1 DAGs
[2024-07-07T23:35:49.571+0500] {logging_mixin.py:188} INFO - [2024-07-07T23:35:49.571+0500] {dag.py:3954} INFO - Setting next_dagrun for example_task_group_decorator to 2024-07-06 00:00:00+00:00, run_after=2024-07-07 00:00:00+00:00
[2024-07-07T23:35:49.586+0500] {processor.py:183} INFO - Processing /home/nicolaspc/anaconda3/envs/mlops_env/lib/python3.12/site-packages/airflow/example_dags/example_task_group_decorator.py took 0.070 seconds
[2024-07-07T23:36:20.231+0500] {processor.py:161} INFO - Started process (PID=14124) to work on /home/nicolaspc/anaconda3/envs/mlops_env/lib/python3.12/site-packages/airflow/example_dags/example_task_group_decorator.py
[2024-07-07T23:36:20.231+0500] {processor.py:830} INFO - Processing file /home/nicolaspc/anaconda3/envs/mlops_env/lib/python3.12/site-packages/airflow/example_dags/example_task_group_decorator.py for tasks to queue
[2024-07-07T23:36:20.232+0500] {logging_mixin.py:188} INFO - [2024-07-07T23:36:20.232+0500] {dagbag.py:545} INFO - Filling up the DagBag from /home/nicolaspc/anaconda3/envs/mlops_env/lib/python3.12/site-packages/airflow/example_dags/example_task_group_decorator.py
[2024-07-07T23:36:20.240+0500] {processor.py:840} INFO - DAG(s) 'example_task_group_decorator' retrieved from /home/nicolaspc/anaconda3/envs/mlops_env/lib/python3.12/site-packages/airflow/example_dags/example_task_group_decorator.py
[2024-07-07T23:36:20.262+0500] {logging_mixin.py:188} INFO - [2024-07-07T23:36:20.262+0500] {dag.py:3096} INFO - Sync 1 DAGs
[2024-07-07T23:36:20.279+0500] {logging_mixin.py:188} INFO - [2024-07-07T23:36:20.279+0500] {dag.py:3954} INFO - Setting next_dagrun for example_task_group_decorator to 2024-07-06 00:00:00+00:00, run_after=2024-07-07 00:00:00+00:00
[2024-07-07T23:36:20.293+0500] {processor.py:183} INFO - Processing /home/nicolaspc/anaconda3/envs/mlops_env/lib/python3.12/site-packages/airflow/example_dags/example_task_group_decorator.py took 0.069 seconds
[2024-07-07T23:36:23.312+0500] {processor.py:161} INFO - Started process (PID=14358) to work on /home/nicolaspc/anaconda3/envs/mlops_env/lib/python3.12/site-packages/airflow/example_dags/example_task_group_decorator.py
[2024-07-07T23:36:23.320+0500] {processor.py:830} INFO - Processing file /home/nicolaspc/anaconda3/envs/mlops_env/lib/python3.12/site-packages/airflow/example_dags/example_task_group_decorator.py for tasks to queue
[2024-07-07T23:36:23.322+0500] {logging_mixin.py:188} INFO - [2024-07-07T23:36:23.322+0500] {dagbag.py:545} INFO - Filling up the DagBag from /home/nicolaspc/anaconda3/envs/mlops_env/lib/python3.12/site-packages/airflow/example_dags/example_task_group_decorator.py
[2024-07-07T23:36:23.331+0500] {processor.py:840} INFO - DAG(s) 'example_task_group_decorator' retrieved from /home/nicolaspc/anaconda3/envs/mlops_env/lib/python3.12/site-packages/airflow/example_dags/example_task_group_decorator.py
[2024-07-07T23:36:23.414+0500] {logging_mixin.py:188} INFO - [2024-07-07T23:36:23.413+0500] {override.py:1829} INFO - Created Permission View: can delete on DAG:example_task_group_decorator
[2024-07-07T23:36:23.428+0500] {logging_mixin.py:188} INFO - [2024-07-07T23:36:23.427+0500] {override.py:1829} INFO - Created Permission View: can edit on DAG:example_task_group_decorator
[2024-07-07T23:36:23.440+0500] {logging_mixin.py:188} INFO - [2024-07-07T23:36:23.439+0500] {override.py:1829} INFO - Created Permission View: can read on DAG:example_task_group_decorator
[2024-07-07T23:36:23.440+0500] {logging_mixin.py:188} INFO - [2024-07-07T23:36:23.440+0500] {dag.py:3096} INFO - Sync 1 DAGs
[2024-07-07T23:36:23.447+0500] {logging_mixin.py:188} INFO - [2024-07-07T23:36:23.447+0500] {dag.py:3118} INFO - Creating ORM DAG for example_task_group_decorator
[2024-07-07T23:36:23.453+0500] {logging_mixin.py:188} INFO - [2024-07-07T23:36:23.452+0500] {dag.py:3954} INFO - Setting next_dagrun for example_task_group_decorator to 2024-07-06 00:00:00+00:00, run_after=2024-07-07 00:00:00+00:00
[2024-07-07T23:36:23.474+0500] {processor.py:183} INFO - Processing /home/nicolaspc/anaconda3/envs/mlops_env/lib/python3.12/site-packages/airflow/example_dags/example_task_group_decorator.py took 0.166 seconds
[2024-07-07T23:36:50.870+0500] {processor.py:161} INFO - Started process (PID=14516) to work on /home/nicolaspc/anaconda3/envs/mlops_env/lib/python3.12/site-packages/airflow/example_dags/example_task_group_decorator.py
[2024-07-07T23:36:50.871+0500] {processor.py:830} INFO - Processing file /home/nicolaspc/anaconda3/envs/mlops_env/lib/python3.12/site-packages/airflow/example_dags/example_task_group_decorator.py for tasks to queue
[2024-07-07T23:36:50.872+0500] {logging_mixin.py:188} INFO - [2024-07-07T23:36:50.871+0500] {dagbag.py:545} INFO - Filling up the DagBag from /home/nicolaspc/anaconda3/envs/mlops_env/lib/python3.12/site-packages/airflow/example_dags/example_task_group_decorator.py
[2024-07-07T23:36:50.880+0500] {processor.py:840} INFO - DAG(s) 'example_task_group_decorator' retrieved from /home/nicolaspc/anaconda3/envs/mlops_env/lib/python3.12/site-packages/airflow/example_dags/example_task_group_decorator.py
[2024-07-07T23:36:50.901+0500] {logging_mixin.py:188} INFO - [2024-07-07T23:36:50.901+0500] {dag.py:3096} INFO - Sync 1 DAGs
[2024-07-07T23:36:50.918+0500] {logging_mixin.py:188} INFO - [2024-07-07T23:36:50.917+0500] {dag.py:3954} INFO - Setting next_dagrun for example_task_group_decorator to 2024-07-06 00:00:00+00:00, run_after=2024-07-07 00:00:00+00:00
[2024-07-07T23:36:50.933+0500] {processor.py:183} INFO - Processing /home/nicolaspc/anaconda3/envs/mlops_env/lib/python3.12/site-packages/airflow/example_dags/example_task_group_decorator.py took 0.068 seconds
[2024-07-07T23:37:14.862+0500] {processor.py:161} INFO - Started process (PID=14764) to work on /home/nicolaspc/anaconda3/envs/mlops_env/lib/python3.12/site-packages/airflow/example_dags/example_task_group_decorator.py
[2024-07-07T23:37:14.862+0500] {processor.py:830} INFO - Processing file /home/nicolaspc/anaconda3/envs/mlops_env/lib/python3.12/site-packages/airflow/example_dags/example_task_group_decorator.py for tasks to queue
[2024-07-07T23:37:14.864+0500] {logging_mixin.py:188} INFO - [2024-07-07T23:37:14.863+0500] {dagbag.py:545} INFO - Filling up the DagBag from /home/nicolaspc/anaconda3/envs/mlops_env/lib/python3.12/site-packages/airflow/example_dags/example_task_group_decorator.py
[2024-07-07T23:37:14.872+0500] {processor.py:840} INFO - DAG(s) 'example_task_group_decorator' retrieved from /home/nicolaspc/anaconda3/envs/mlops_env/lib/python3.12/site-packages/airflow/example_dags/example_task_group_decorator.py
[2024-07-07T23:37:14.884+0500] {logging_mixin.py:188} INFO - [2024-07-07T23:37:14.884+0500] {dag.py:3096} INFO - Sync 1 DAGs
[2024-07-07T23:37:14.896+0500] {logging_mixin.py:188} INFO - [2024-07-07T23:37:14.896+0500] {dag.py:3954} INFO - Setting next_dagrun for example_task_group_decorator to 2024-07-06 00:00:00+00:00, run_after=2024-07-07 00:00:00+00:00
[2024-07-07T23:37:14.916+0500] {processor.py:183} INFO - Processing /home/nicolaspc/anaconda3/envs/mlops_env/lib/python3.12/site-packages/airflow/example_dags/example_task_group_decorator.py took 0.058 seconds
[2024-07-07T23:37:21.282+0500] {processor.py:161} INFO - Started process (PID=14871) to work on /home/nicolaspc/anaconda3/envs/mlops_env/lib/python3.12/site-packages/airflow/example_dags/example_task_group_decorator.py
[2024-07-07T23:37:21.282+0500] {processor.py:830} INFO - Processing file /home/nicolaspc/anaconda3/envs/mlops_env/lib/python3.12/site-packages/airflow/example_dags/example_task_group_decorator.py for tasks to queue
[2024-07-07T23:37:21.283+0500] {logging_mixin.py:188} INFO - [2024-07-07T23:37:21.283+0500] {dagbag.py:545} INFO - Filling up the DagBag from /home/nicolaspc/anaconda3/envs/mlops_env/lib/python3.12/site-packages/airflow/example_dags/example_task_group_decorator.py
[2024-07-07T23:37:21.291+0500] {processor.py:840} INFO - DAG(s) 'example_task_group_decorator' retrieved from /home/nicolaspc/anaconda3/envs/mlops_env/lib/python3.12/site-packages/airflow/example_dags/example_task_group_decorator.py
[2024-07-07T23:37:21.312+0500] {logging_mixin.py:188} INFO - [2024-07-07T23:37:21.312+0500] {dag.py:3096} INFO - Sync 1 DAGs
[2024-07-07T23:37:21.327+0500] {logging_mixin.py:188} INFO - [2024-07-07T23:37:21.327+0500] {dag.py:3954} INFO - Setting next_dagrun for example_task_group_decorator to 2024-07-06 00:00:00+00:00, run_after=2024-07-07 00:00:00+00:00
[2024-07-07T23:37:21.342+0500] {processor.py:183} INFO - Processing /home/nicolaspc/anaconda3/envs/mlops_env/lib/python3.12/site-packages/airflow/example_dags/example_task_group_decorator.py took 0.066 seconds
[2024-07-07T23:37:51.697+0500] {processor.py:161} INFO - Started process (PID=15257) to work on /home/nicolaspc/anaconda3/envs/mlops_env/lib/python3.12/site-packages/airflow/example_dags/example_task_group_decorator.py
[2024-07-07T23:37:51.698+0500] {processor.py:830} INFO - Processing file /home/nicolaspc/anaconda3/envs/mlops_env/lib/python3.12/site-packages/airflow/example_dags/example_task_group_decorator.py for tasks to queue
[2024-07-07T23:37:51.699+0500] {logging_mixin.py:188} INFO - [2024-07-07T23:37:51.698+0500] {dagbag.py:545} INFO - Filling up the DagBag from /home/nicolaspc/anaconda3/envs/mlops_env/lib/python3.12/site-packages/airflow/example_dags/example_task_group_decorator.py
[2024-07-07T23:37:51.708+0500] {processor.py:840} INFO - DAG(s) 'example_task_group_decorator' retrieved from /home/nicolaspc/anaconda3/envs/mlops_env/lib/python3.12/site-packages/airflow/example_dags/example_task_group_decorator.py
[2024-07-07T23:37:51.729+0500] {logging_mixin.py:188} INFO - [2024-07-07T23:37:51.729+0500] {dag.py:3096} INFO - Sync 1 DAGs
[2024-07-07T23:37:51.745+0500] {logging_mixin.py:188} INFO - [2024-07-07T23:37:51.744+0500] {dag.py:3954} INFO - Setting next_dagrun for example_task_group_decorator to 2024-07-06 00:00:00+00:00, run_after=2024-07-07 00:00:00+00:00
[2024-07-07T23:37:51.760+0500] {processor.py:183} INFO - Processing /home/nicolaspc/anaconda3/envs/mlops_env/lib/python3.12/site-packages/airflow/example_dags/example_task_group_decorator.py took 0.069 seconds
[2024-07-07T23:38:03.770+0500] {processor.py:161} INFO - Started process (PID=15512) to work on /home/nicolaspc/anaconda3/envs/mlops_env/lib/python3.12/site-packages/airflow/example_dags/example_task_group_decorator.py
[2024-07-07T23:38:03.770+0500] {processor.py:830} INFO - Processing file /home/nicolaspc/anaconda3/envs/mlops_env/lib/python3.12/site-packages/airflow/example_dags/example_task_group_decorator.py for tasks to queue
[2024-07-07T23:38:03.772+0500] {logging_mixin.py:188} INFO - [2024-07-07T23:38:03.771+0500] {dagbag.py:545} INFO - Filling up the DagBag from /home/nicolaspc/anaconda3/envs/mlops_env/lib/python3.12/site-packages/airflow/example_dags/example_task_group_decorator.py
[2024-07-07T23:38:03.780+0500] {processor.py:840} INFO - DAG(s) 'example_task_group_decorator' retrieved from /home/nicolaspc/anaconda3/envs/mlops_env/lib/python3.12/site-packages/airflow/example_dags/example_task_group_decorator.py
[2024-07-07T23:38:03.792+0500] {logging_mixin.py:188} INFO - [2024-07-07T23:38:03.792+0500] {dag.py:3096} INFO - Sync 1 DAGs
[2024-07-07T23:38:03.803+0500] {logging_mixin.py:188} INFO - [2024-07-07T23:38:03.803+0500] {dag.py:3954} INFO - Setting next_dagrun for example_task_group_decorator to 2024-07-06 00:00:00+00:00, run_after=2024-07-07 00:00:00+00:00
[2024-07-07T23:38:03.824+0500] {processor.py:183} INFO - Processing /home/nicolaspc/anaconda3/envs/mlops_env/lib/python3.12/site-packages/airflow/example_dags/example_task_group_decorator.py took 0.058 seconds
[2024-07-07T23:38:22.375+0500] {processor.py:161} INFO - Started process (PID=15649) to work on /home/nicolaspc/anaconda3/envs/mlops_env/lib/python3.12/site-packages/airflow/example_dags/example_task_group_decorator.py
[2024-07-07T23:38:22.375+0500] {processor.py:830} INFO - Processing file /home/nicolaspc/anaconda3/envs/mlops_env/lib/python3.12/site-packages/airflow/example_dags/example_task_group_decorator.py for tasks to queue
[2024-07-07T23:38:22.376+0500] {logging_mixin.py:188} INFO - [2024-07-07T23:38:22.376+0500] {dagbag.py:545} INFO - Filling up the DagBag from /home/nicolaspc/anaconda3/envs/mlops_env/lib/python3.12/site-packages/airflow/example_dags/example_task_group_decorator.py
[2024-07-07T23:38:22.384+0500] {processor.py:840} INFO - DAG(s) 'example_task_group_decorator' retrieved from /home/nicolaspc/anaconda3/envs/mlops_env/lib/python3.12/site-packages/airflow/example_dags/example_task_group_decorator.py
[2024-07-07T23:38:22.406+0500] {logging_mixin.py:188} INFO - [2024-07-07T23:38:22.406+0500] {dag.py:3096} INFO - Sync 1 DAGs
[2024-07-07T23:38:22.422+0500] {logging_mixin.py:188} INFO - [2024-07-07T23:38:22.422+0500] {dag.py:3954} INFO - Setting next_dagrun for example_task_group_decorator to 2024-07-06 00:00:00+00:00, run_after=2024-07-07 00:00:00+00:00
[2024-07-07T23:38:22.438+0500] {processor.py:183} INFO - Processing /home/nicolaspc/anaconda3/envs/mlops_env/lib/python3.12/site-packages/airflow/example_dags/example_task_group_decorator.py took 0.069 seconds
[2024-07-07T23:38:45.425+0500] {processor.py:161} INFO - Started process (PID=15925) to work on /home/nicolaspc/anaconda3/envs/mlops_env/lib/python3.12/site-packages/airflow/example_dags/example_task_group_decorator.py
[2024-07-07T23:38:45.434+0500] {processor.py:830} INFO - Processing file /home/nicolaspc/anaconda3/envs/mlops_env/lib/python3.12/site-packages/airflow/example_dags/example_task_group_decorator.py for tasks to queue
[2024-07-07T23:38:45.436+0500] {logging_mixin.py:188} INFO - [2024-07-07T23:38:45.436+0500] {dagbag.py:545} INFO - Filling up the DagBag from /home/nicolaspc/anaconda3/envs/mlops_env/lib/python3.12/site-packages/airflow/example_dags/example_task_group_decorator.py
[2024-07-07T23:38:45.445+0500] {processor.py:840} INFO - DAG(s) 'example_task_group_decorator' retrieved from /home/nicolaspc/anaconda3/envs/mlops_env/lib/python3.12/site-packages/airflow/example_dags/example_task_group_decorator.py
[2024-07-07T23:38:45.458+0500] {logging_mixin.py:188} INFO - [2024-07-07T23:38:45.457+0500] {dag.py:3096} INFO - Sync 1 DAGs
[2024-07-07T23:38:45.469+0500] {logging_mixin.py:188} INFO - [2024-07-07T23:38:45.469+0500] {dag.py:3954} INFO - Setting next_dagrun for example_task_group_decorator to 2024-07-06 00:00:00+00:00, run_after=2024-07-07 00:00:00+00:00
[2024-07-07T23:38:45.491+0500] {processor.py:183} INFO - Processing /home/nicolaspc/anaconda3/envs/mlops_env/lib/python3.12/site-packages/airflow/example_dags/example_task_group_decorator.py took 0.069 seconds
[2024-07-07T23:38:53.149+0500] {processor.py:161} INFO - Started process (PID=16034) to work on /home/nicolaspc/anaconda3/envs/mlops_env/lib/python3.12/site-packages/airflow/example_dags/example_task_group_decorator.py
[2024-07-07T23:38:53.150+0500] {processor.py:830} INFO - Processing file /home/nicolaspc/anaconda3/envs/mlops_env/lib/python3.12/site-packages/airflow/example_dags/example_task_group_decorator.py for tasks to queue
[2024-07-07T23:38:53.150+0500] {logging_mixin.py:188} INFO - [2024-07-07T23:38:53.150+0500] {dagbag.py:545} INFO - Filling up the DagBag from /home/nicolaspc/anaconda3/envs/mlops_env/lib/python3.12/site-packages/airflow/example_dags/example_task_group_decorator.py
[2024-07-07T23:38:53.160+0500] {processor.py:840} INFO - DAG(s) 'example_task_group_decorator' retrieved from /home/nicolaspc/anaconda3/envs/mlops_env/lib/python3.12/site-packages/airflow/example_dags/example_task_group_decorator.py
[2024-07-07T23:38:53.184+0500] {logging_mixin.py:188} INFO - [2024-07-07T23:38:53.183+0500] {dag.py:3096} INFO - Sync 1 DAGs
[2024-07-07T23:38:53.201+0500] {logging_mixin.py:188} INFO - [2024-07-07T23:38:53.201+0500] {dag.py:3954} INFO - Setting next_dagrun for example_task_group_decorator to 2024-07-06 00:00:00+00:00, run_after=2024-07-07 00:00:00+00:00
[2024-07-07T23:38:53.217+0500] {processor.py:183} INFO - Processing /home/nicolaspc/anaconda3/envs/mlops_env/lib/python3.12/site-packages/airflow/example_dags/example_task_group_decorator.py took 0.074 seconds
[2024-07-07T23:39:23.769+0500] {processor.py:161} INFO - Started process (PID=16431) to work on /home/nicolaspc/anaconda3/envs/mlops_env/lib/python3.12/site-packages/airflow/example_dags/example_task_group_decorator.py
[2024-07-07T23:39:23.771+0500] {processor.py:830} INFO - Processing file /home/nicolaspc/anaconda3/envs/mlops_env/lib/python3.12/site-packages/airflow/example_dags/example_task_group_decorator.py for tasks to queue
[2024-07-07T23:39:23.771+0500] {logging_mixin.py:188} INFO - [2024-07-07T23:39:23.771+0500] {dagbag.py:545} INFO - Filling up the DagBag from /home/nicolaspc/anaconda3/envs/mlops_env/lib/python3.12/site-packages/airflow/example_dags/example_task_group_decorator.py
[2024-07-07T23:39:23.779+0500] {processor.py:840} INFO - DAG(s) 'example_task_group_decorator' retrieved from /home/nicolaspc/anaconda3/envs/mlops_env/lib/python3.12/site-packages/airflow/example_dags/example_task_group_decorator.py
[2024-07-07T23:39:23.800+0500] {logging_mixin.py:188} INFO - [2024-07-07T23:39:23.800+0500] {dag.py:3096} INFO - Sync 1 DAGs
[2024-07-07T23:39:23.817+0500] {logging_mixin.py:188} INFO - [2024-07-07T23:39:23.817+0500] {dag.py:3954} INFO - Setting next_dagrun for example_task_group_decorator to 2024-07-06 00:00:00+00:00, run_after=2024-07-07 00:00:00+00:00
[2024-07-07T23:39:23.833+0500] {processor.py:183} INFO - Processing /home/nicolaspc/anaconda3/envs/mlops_env/lib/python3.12/site-packages/airflow/example_dags/example_task_group_decorator.py took 0.069 seconds
[2024-07-07T23:39:26.591+0500] {processor.py:161} INFO - Started process (PID=16657) to work on /home/nicolaspc/anaconda3/envs/mlops_env/lib/python3.12/site-packages/airflow/example_dags/example_task_group_decorator.py
[2024-07-07T23:39:26.599+0500] {processor.py:830} INFO - Processing file /home/nicolaspc/anaconda3/envs/mlops_env/lib/python3.12/site-packages/airflow/example_dags/example_task_group_decorator.py for tasks to queue
[2024-07-07T23:39:26.602+0500] {logging_mixin.py:188} INFO - [2024-07-07T23:39:26.601+0500] {dagbag.py:545} INFO - Filling up the DagBag from /home/nicolaspc/anaconda3/envs/mlops_env/lib/python3.12/site-packages/airflow/example_dags/example_task_group_decorator.py
[2024-07-07T23:39:26.610+0500] {processor.py:840} INFO - DAG(s) 'example_task_group_decorator' retrieved from /home/nicolaspc/anaconda3/envs/mlops_env/lib/python3.12/site-packages/airflow/example_dags/example_task_group_decorator.py
[2024-07-07T23:39:26.623+0500] {logging_mixin.py:188} INFO - [2024-07-07T23:39:26.623+0500] {dag.py:3096} INFO - Sync 1 DAGs
[2024-07-07T23:39:26.634+0500] {logging_mixin.py:188} INFO - [2024-07-07T23:39:26.634+0500] {dag.py:3954} INFO - Setting next_dagrun for example_task_group_decorator to 2024-07-06 00:00:00+00:00, run_after=2024-07-07 00:00:00+00:00
[2024-07-07T23:39:26.655+0500] {processor.py:183} INFO - Processing /home/nicolaspc/anaconda3/envs/mlops_env/lib/python3.12/site-packages/airflow/example_dags/example_task_group_decorator.py took 0.068 seconds
[2024-07-07T23:39:54.426+0500] {processor.py:161} INFO - Started process (PID=16788) to work on /home/nicolaspc/anaconda3/envs/mlops_env/lib/python3.12/site-packages/airflow/example_dags/example_task_group_decorator.py
[2024-07-07T23:39:54.427+0500] {processor.py:830} INFO - Processing file /home/nicolaspc/anaconda3/envs/mlops_env/lib/python3.12/site-packages/airflow/example_dags/example_task_group_decorator.py for tasks to queue
[2024-07-07T23:39:54.428+0500] {logging_mixin.py:188} INFO - [2024-07-07T23:39:54.428+0500] {dagbag.py:545} INFO - Filling up the DagBag from /home/nicolaspc/anaconda3/envs/mlops_env/lib/python3.12/site-packages/airflow/example_dags/example_task_group_decorator.py
[2024-07-07T23:39:54.437+0500] {processor.py:840} INFO - DAG(s) 'example_task_group_decorator' retrieved from /home/nicolaspc/anaconda3/envs/mlops_env/lib/python3.12/site-packages/airflow/example_dags/example_task_group_decorator.py
[2024-07-07T23:39:54.459+0500] {logging_mixin.py:188} INFO - [2024-07-07T23:39:54.458+0500] {dag.py:3096} INFO - Sync 1 DAGs
[2024-07-07T23:39:54.475+0500] {logging_mixin.py:188} INFO - [2024-07-07T23:39:54.475+0500] {dag.py:3954} INFO - Setting next_dagrun for example_task_group_decorator to 2024-07-06 00:00:00+00:00, run_after=2024-07-07 00:00:00+00:00
[2024-07-07T23:39:54.491+0500] {processor.py:183} INFO - Processing /home/nicolaspc/anaconda3/envs/mlops_env/lib/python3.12/site-packages/airflow/example_dags/example_task_group_decorator.py took 0.072 seconds
[2024-07-07T23:40:06.353+0500] {processor.py:161} INFO - Started process (PID=17036) to work on /home/nicolaspc/anaconda3/envs/mlops_env/lib/python3.12/site-packages/airflow/example_dags/example_task_group_decorator.py
[2024-07-07T23:40:06.362+0500] {processor.py:830} INFO - Processing file /home/nicolaspc/anaconda3/envs/mlops_env/lib/python3.12/site-packages/airflow/example_dags/example_task_group_decorator.py for tasks to queue
[2024-07-07T23:40:06.364+0500] {logging_mixin.py:188} INFO - [2024-07-07T23:40:06.364+0500] {dagbag.py:545} INFO - Filling up the DagBag from /home/nicolaspc/anaconda3/envs/mlops_env/lib/python3.12/site-packages/airflow/example_dags/example_task_group_decorator.py
[2024-07-07T23:40:06.376+0500] {processor.py:840} INFO - DAG(s) 'example_task_group_decorator' retrieved from /home/nicolaspc/anaconda3/envs/mlops_env/lib/python3.12/site-packages/airflow/example_dags/example_task_group_decorator.py
[2024-07-07T23:40:06.390+0500] {logging_mixin.py:188} INFO - [2024-07-07T23:40:06.390+0500] {dag.py:3096} INFO - Sync 1 DAGs
[2024-07-07T23:40:06.406+0500] {logging_mixin.py:188} INFO - [2024-07-07T23:40:06.406+0500] {dag.py:3954} INFO - Setting next_dagrun for example_task_group_decorator to 2024-07-06 00:00:00+00:00, run_after=2024-07-07 00:00:00+00:00
[2024-07-07T23:40:06.429+0500] {processor.py:183} INFO - Processing /home/nicolaspc/anaconda3/envs/mlops_env/lib/python3.12/site-packages/airflow/example_dags/example_task_group_decorator.py took 0.080 seconds
[2024-07-07T23:40:25.024+0500] {processor.py:161} INFO - Started process (PID=17217) to work on /home/nicolaspc/anaconda3/envs/mlops_env/lib/python3.12/site-packages/airflow/example_dags/example_task_group_decorator.py
[2024-07-07T23:40:25.025+0500] {processor.py:830} INFO - Processing file /home/nicolaspc/anaconda3/envs/mlops_env/lib/python3.12/site-packages/airflow/example_dags/example_task_group_decorator.py for tasks to queue
[2024-07-07T23:40:25.026+0500] {logging_mixin.py:188} INFO - [2024-07-07T23:40:25.026+0500] {dagbag.py:545} INFO - Filling up the DagBag from /home/nicolaspc/anaconda3/envs/mlops_env/lib/python3.12/site-packages/airflow/example_dags/example_task_group_decorator.py
[2024-07-07T23:40:25.036+0500] {processor.py:840} INFO - DAG(s) 'example_task_group_decorator' retrieved from /home/nicolaspc/anaconda3/envs/mlops_env/lib/python3.12/site-packages/airflow/example_dags/example_task_group_decorator.py
[2024-07-07T23:40:25.060+0500] {logging_mixin.py:188} INFO - [2024-07-07T23:40:25.060+0500] {dag.py:3096} INFO - Sync 1 DAGs
[2024-07-07T23:40:25.079+0500] {logging_mixin.py:188} INFO - [2024-07-07T23:40:25.078+0500] {dag.py:3954} INFO - Setting next_dagrun for example_task_group_decorator to 2024-07-06 00:00:00+00:00, run_after=2024-07-07 00:00:00+00:00
[2024-07-07T23:40:25.096+0500] {processor.py:183} INFO - Processing /home/nicolaspc/anaconda3/envs/mlops_env/lib/python3.12/site-packages/airflow/example_dags/example_task_group_decorator.py took 0.077 seconds
[2024-07-07T23:40:47.309+0500] {processor.py:161} INFO - Started process (PID=17470) to work on /home/nicolaspc/anaconda3/envs/mlops_env/lib/python3.12/site-packages/airflow/example_dags/example_task_group_decorator.py
[2024-07-07T23:40:47.314+0500] {processor.py:830} INFO - Processing file /home/nicolaspc/anaconda3/envs/mlops_env/lib/python3.12/site-packages/airflow/example_dags/example_task_group_decorator.py for tasks to queue
[2024-07-07T23:40:47.316+0500] {logging_mixin.py:188} INFO - [2024-07-07T23:40:47.315+0500] {dagbag.py:545} INFO - Filling up the DagBag from /home/nicolaspc/anaconda3/envs/mlops_env/lib/python3.12/site-packages/airflow/example_dags/example_task_group_decorator.py
[2024-07-07T23:40:47.326+0500] {processor.py:840} INFO - DAG(s) 'example_task_group_decorator' retrieved from /home/nicolaspc/anaconda3/envs/mlops_env/lib/python3.12/site-packages/airflow/example_dags/example_task_group_decorator.py
[2024-07-07T23:40:47.339+0500] {logging_mixin.py:188} INFO - [2024-07-07T23:40:47.339+0500] {dag.py:3096} INFO - Sync 1 DAGs
[2024-07-07T23:40:47.351+0500] {logging_mixin.py:188} INFO - [2024-07-07T23:40:47.351+0500] {dag.py:3954} INFO - Setting next_dagrun for example_task_group_decorator to 2024-07-06 00:00:00+00:00, run_after=2024-07-07 00:00:00+00:00
[2024-07-07T23:40:47.373+0500] {processor.py:183} INFO - Processing /home/nicolaspc/anaconda3/envs/mlops_env/lib/python3.12/site-packages/airflow/example_dags/example_task_group_decorator.py took 0.067 seconds
[2024-07-07T23:40:55.808+0500] {processor.py:161} INFO - Started process (PID=17583) to work on /home/nicolaspc/anaconda3/envs/mlops_env/lib/python3.12/site-packages/airflow/example_dags/example_task_group_decorator.py
[2024-07-07T23:40:55.809+0500] {processor.py:830} INFO - Processing file /home/nicolaspc/anaconda3/envs/mlops_env/lib/python3.12/site-packages/airflow/example_dags/example_task_group_decorator.py for tasks to queue
[2024-07-07T23:40:55.809+0500] {logging_mixin.py:188} INFO - [2024-07-07T23:40:55.809+0500] {dagbag.py:545} INFO - Filling up the DagBag from /home/nicolaspc/anaconda3/envs/mlops_env/lib/python3.12/site-packages/airflow/example_dags/example_task_group_decorator.py
[2024-07-07T23:40:55.818+0500] {processor.py:840} INFO - DAG(s) 'example_task_group_decorator' retrieved from /home/nicolaspc/anaconda3/envs/mlops_env/lib/python3.12/site-packages/airflow/example_dags/example_task_group_decorator.py
[2024-07-07T23:40:55.841+0500] {logging_mixin.py:188} INFO - [2024-07-07T23:40:55.841+0500] {dag.py:3096} INFO - Sync 1 DAGs
[2024-07-07T23:40:55.858+0500] {logging_mixin.py:188} INFO - [2024-07-07T23:40:55.857+0500] {dag.py:3954} INFO - Setting next_dagrun for example_task_group_decorator to 2024-07-06 00:00:00+00:00, run_after=2024-07-07 00:00:00+00:00
[2024-07-07T23:40:55.877+0500] {processor.py:183} INFO - Processing /home/nicolaspc/anaconda3/envs/mlops_env/lib/python3.12/site-packages/airflow/example_dags/example_task_group_decorator.py took 0.075 seconds
[2024-07-07T23:41:26.577+0500] {processor.py:161} INFO - Started process (PID=17997) to work on /home/nicolaspc/anaconda3/envs/mlops_env/lib/python3.12/site-packages/airflow/example_dags/example_task_group_decorator.py
[2024-07-07T23:41:26.578+0500] {processor.py:830} INFO - Processing file /home/nicolaspc/anaconda3/envs/mlops_env/lib/python3.12/site-packages/airflow/example_dags/example_task_group_decorator.py for tasks to queue
[2024-07-07T23:41:26.578+0500] {logging_mixin.py:188} INFO - [2024-07-07T23:41:26.578+0500] {dagbag.py:545} INFO - Filling up the DagBag from /home/nicolaspc/anaconda3/envs/mlops_env/lib/python3.12/site-packages/airflow/example_dags/example_task_group_decorator.py
[2024-07-07T23:41:26.587+0500] {processor.py:840} INFO - DAG(s) 'example_task_group_decorator' retrieved from /home/nicolaspc/anaconda3/envs/mlops_env/lib/python3.12/site-packages/airflow/example_dags/example_task_group_decorator.py
[2024-07-07T23:41:26.612+0500] {logging_mixin.py:188} INFO - [2024-07-07T23:41:26.611+0500] {dag.py:3096} INFO - Sync 1 DAGs
[2024-07-07T23:41:26.629+0500] {logging_mixin.py:188} INFO - [2024-07-07T23:41:26.629+0500] {dag.py:3954} INFO - Setting next_dagrun for example_task_group_decorator to 2024-07-06 00:00:00+00:00, run_after=2024-07-07 00:00:00+00:00
[2024-07-07T23:41:26.647+0500] {processor.py:183} INFO - Processing /home/nicolaspc/anaconda3/envs/mlops_env/lib/python3.12/site-packages/airflow/example_dags/example_task_group_decorator.py took 0.076 seconds
[2024-07-07T23:41:28.462+0500] {processor.py:161} INFO - Started process (PID=18212) to work on /home/nicolaspc/anaconda3/envs/mlops_env/lib/python3.12/site-packages/airflow/example_dags/example_task_group_decorator.py
[2024-07-07T23:41:28.463+0500] {processor.py:830} INFO - Processing file /home/nicolaspc/anaconda3/envs/mlops_env/lib/python3.12/site-packages/airflow/example_dags/example_task_group_decorator.py for tasks to queue
[2024-07-07T23:41:28.464+0500] {logging_mixin.py:188} INFO - [2024-07-07T23:41:28.464+0500] {dagbag.py:545} INFO - Filling up the DagBag from /home/nicolaspc/anaconda3/envs/mlops_env/lib/python3.12/site-packages/airflow/example_dags/example_task_group_decorator.py
[2024-07-07T23:41:28.474+0500] {processor.py:840} INFO - DAG(s) 'example_task_group_decorator' retrieved from /home/nicolaspc/anaconda3/envs/mlops_env/lib/python3.12/site-packages/airflow/example_dags/example_task_group_decorator.py
[2024-07-07T23:41:28.489+0500] {logging_mixin.py:188} INFO - [2024-07-07T23:41:28.488+0500] {dag.py:3096} INFO - Sync 1 DAGs
[2024-07-07T23:41:28.503+0500] {logging_mixin.py:188} INFO - [2024-07-07T23:41:28.502+0500] {dag.py:3954} INFO - Setting next_dagrun for example_task_group_decorator to 2024-07-06 00:00:00+00:00, run_after=2024-07-07 00:00:00+00:00
[2024-07-07T23:41:28.531+0500] {processor.py:183} INFO - Processing /home/nicolaspc/anaconda3/envs/mlops_env/lib/python3.12/site-packages/airflow/example_dags/example_task_group_decorator.py took 0.074 seconds
[2024-07-07T23:41:57.523+0500] {processor.py:161} INFO - Started process (PID=18373) to work on /home/nicolaspc/anaconda3/envs/mlops_env/lib/python3.12/site-packages/airflow/example_dags/example_task_group_decorator.py
[2024-07-07T23:41:57.523+0500] {processor.py:830} INFO - Processing file /home/nicolaspc/anaconda3/envs/mlops_env/lib/python3.12/site-packages/airflow/example_dags/example_task_group_decorator.py for tasks to queue
[2024-07-07T23:41:57.524+0500] {logging_mixin.py:188} INFO - [2024-07-07T23:41:57.524+0500] {dagbag.py:545} INFO - Filling up the DagBag from /home/nicolaspc/anaconda3/envs/mlops_env/lib/python3.12/site-packages/airflow/example_dags/example_task_group_decorator.py
[2024-07-07T23:41:57.533+0500] {processor.py:840} INFO - DAG(s) 'example_task_group_decorator' retrieved from /home/nicolaspc/anaconda3/envs/mlops_env/lib/python3.12/site-packages/airflow/example_dags/example_task_group_decorator.py
[2024-07-07T23:41:57.556+0500] {logging_mixin.py:188} INFO - [2024-07-07T23:41:57.556+0500] {dag.py:3096} INFO - Sync 1 DAGs
[2024-07-07T23:41:57.573+0500] {logging_mixin.py:188} INFO - [2024-07-07T23:41:57.573+0500] {dag.py:3954} INFO - Setting next_dagrun for example_task_group_decorator to 2024-07-06 00:00:00+00:00, run_after=2024-07-07 00:00:00+00:00
[2024-07-07T23:41:57.591+0500] {processor.py:183} INFO - Processing /home/nicolaspc/anaconda3/envs/mlops_env/lib/python3.12/site-packages/airflow/example_dags/example_task_group_decorator.py took 0.075 seconds
[2024-07-07T23:42:09.167+0500] {processor.py:161} INFO - Started process (PID=18642) to work on /home/nicolaspc/anaconda3/envs/mlops_env/lib/python3.12/site-packages/airflow/example_dags/example_task_group_decorator.py
[2024-07-07T23:42:09.175+0500] {processor.py:830} INFO - Processing file /home/nicolaspc/anaconda3/envs/mlops_env/lib/python3.12/site-packages/airflow/example_dags/example_task_group_decorator.py for tasks to queue
[2024-07-07T23:42:09.177+0500] {logging_mixin.py:188} INFO - [2024-07-07T23:42:09.177+0500] {dagbag.py:545} INFO - Filling up the DagBag from /home/nicolaspc/anaconda3/envs/mlops_env/lib/python3.12/site-packages/airflow/example_dags/example_task_group_decorator.py
[2024-07-07T23:42:09.188+0500] {processor.py:840} INFO - DAG(s) 'example_task_group_decorator' retrieved from /home/nicolaspc/anaconda3/envs/mlops_env/lib/python3.12/site-packages/airflow/example_dags/example_task_group_decorator.py
[2024-07-07T23:42:09.202+0500] {logging_mixin.py:188} INFO - [2024-07-07T23:42:09.201+0500] {dag.py:3096} INFO - Sync 1 DAGs
[2024-07-07T23:42:09.216+0500] {logging_mixin.py:188} INFO - [2024-07-07T23:42:09.215+0500] {dag.py:3954} INFO - Setting next_dagrun for example_task_group_decorator to 2024-07-06 00:00:00+00:00, run_after=2024-07-07 00:00:00+00:00
[2024-07-07T23:42:09.235+0500] {processor.py:183} INFO - Processing /home/nicolaspc/anaconda3/envs/mlops_env/lib/python3.12/site-packages/airflow/example_dags/example_task_group_decorator.py took 0.072 seconds
[2024-07-07T23:42:28.503+0500] {processor.py:161} INFO - Started process (PID=18786) to work on /home/nicolaspc/anaconda3/envs/mlops_env/lib/python3.12/site-packages/airflow/example_dags/example_task_group_decorator.py
[2024-07-07T23:42:28.504+0500] {processor.py:830} INFO - Processing file /home/nicolaspc/anaconda3/envs/mlops_env/lib/python3.12/site-packages/airflow/example_dags/example_task_group_decorator.py for tasks to queue
[2024-07-07T23:42:28.504+0500] {logging_mixin.py:188} INFO - [2024-07-07T23:42:28.504+0500] {dagbag.py:545} INFO - Filling up the DagBag from /home/nicolaspc/anaconda3/envs/mlops_env/lib/python3.12/site-packages/airflow/example_dags/example_task_group_decorator.py
[2024-07-07T23:42:28.515+0500] {processor.py:840} INFO - DAG(s) 'example_task_group_decorator' retrieved from /home/nicolaspc/anaconda3/envs/mlops_env/lib/python3.12/site-packages/airflow/example_dags/example_task_group_decorator.py
[2024-07-07T23:42:28.537+0500] {logging_mixin.py:188} INFO - [2024-07-07T23:42:28.537+0500] {dag.py:3096} INFO - Sync 1 DAGs
[2024-07-07T23:42:28.556+0500] {logging_mixin.py:188} INFO - [2024-07-07T23:42:28.556+0500] {dag.py:3954} INFO - Setting next_dagrun for example_task_group_decorator to 2024-07-06 00:00:00+00:00, run_after=2024-07-07 00:00:00+00:00
[2024-07-07T23:42:28.573+0500] {processor.py:183} INFO - Processing /home/nicolaspc/anaconda3/envs/mlops_env/lib/python3.12/site-packages/airflow/example_dags/example_task_group_decorator.py took 0.076 seconds
[2024-07-07T23:42:59.369+0500] {processor.py:161} INFO - Started process (PID=19150) to work on /home/nicolaspc/anaconda3/envs/mlops_env/lib/python3.12/site-packages/airflow/example_dags/example_task_group_decorator.py
[2024-07-07T23:42:59.370+0500] {processor.py:830} INFO - Processing file /home/nicolaspc/anaconda3/envs/mlops_env/lib/python3.12/site-packages/airflow/example_dags/example_task_group_decorator.py for tasks to queue
[2024-07-07T23:42:59.370+0500] {logging_mixin.py:188} INFO - [2024-07-07T23:42:59.370+0500] {dagbag.py:545} INFO - Filling up the DagBag from /home/nicolaspc/anaconda3/envs/mlops_env/lib/python3.12/site-packages/airflow/example_dags/example_task_group_decorator.py
[2024-07-07T23:42:59.379+0500] {processor.py:840} INFO - DAG(s) 'example_task_group_decorator' retrieved from /home/nicolaspc/anaconda3/envs/mlops_env/lib/python3.12/site-packages/airflow/example_dags/example_task_group_decorator.py
[2024-07-07T23:42:59.406+0500] {logging_mixin.py:188} INFO - [2024-07-07T23:42:59.406+0500] {dag.py:3096} INFO - Sync 1 DAGs
[2024-07-07T23:42:59.423+0500] {logging_mixin.py:188} INFO - [2024-07-07T23:42:59.423+0500] {dag.py:3954} INFO - Setting next_dagrun for example_task_group_decorator to 2024-07-06 00:00:00+00:00, run_after=2024-07-07 00:00:00+00:00
[2024-07-07T23:42:59.441+0500] {processor.py:183} INFO - Processing /home/nicolaspc/anaconda3/envs/mlops_env/lib/python3.12/site-packages/airflow/example_dags/example_task_group_decorator.py took 0.078 seconds
[2024-07-07T23:43:30.044+0500] {processor.py:161} INFO - Started process (PID=19479) to work on /home/nicolaspc/anaconda3/envs/mlops_env/lib/python3.12/site-packages/airflow/example_dags/example_task_group_decorator.py
[2024-07-07T23:43:30.045+0500] {processor.py:830} INFO - Processing file /home/nicolaspc/anaconda3/envs/mlops_env/lib/python3.12/site-packages/airflow/example_dags/example_task_group_decorator.py for tasks to queue
[2024-07-07T23:43:30.046+0500] {logging_mixin.py:188} INFO - [2024-07-07T23:43:30.045+0500] {dagbag.py:545} INFO - Filling up the DagBag from /home/nicolaspc/anaconda3/envs/mlops_env/lib/python3.12/site-packages/airflow/example_dags/example_task_group_decorator.py
[2024-07-07T23:43:30.054+0500] {processor.py:840} INFO - DAG(s) 'example_task_group_decorator' retrieved from /home/nicolaspc/anaconda3/envs/mlops_env/lib/python3.12/site-packages/airflow/example_dags/example_task_group_decorator.py
[2024-07-07T23:43:30.079+0500] {logging_mixin.py:188} INFO - [2024-07-07T23:43:30.078+0500] {dag.py:3096} INFO - Sync 1 DAGs
[2024-07-07T23:43:30.094+0500] {logging_mixin.py:188} INFO - [2024-07-07T23:43:30.094+0500] {dag.py:3954} INFO - Setting next_dagrun for example_task_group_decorator to 2024-07-06 00:00:00+00:00, run_after=2024-07-07 00:00:00+00:00
[2024-07-07T23:43:30.110+0500] {processor.py:183} INFO - Processing /home/nicolaspc/anaconda3/envs/mlops_env/lib/python3.12/site-packages/airflow/example_dags/example_task_group_decorator.py took 0.071 seconds
[2024-07-07T23:44:00.768+0500] {processor.py:161} INFO - Started process (PID=19845) to work on /home/nicolaspc/anaconda3/envs/mlops_env/lib/python3.12/site-packages/airflow/example_dags/example_task_group_decorator.py
[2024-07-07T23:44:00.770+0500] {processor.py:830} INFO - Processing file /home/nicolaspc/anaconda3/envs/mlops_env/lib/python3.12/site-packages/airflow/example_dags/example_task_group_decorator.py for tasks to queue
[2024-07-07T23:44:00.770+0500] {logging_mixin.py:188} INFO - [2024-07-07T23:44:00.770+0500] {dagbag.py:545} INFO - Filling up the DagBag from /home/nicolaspc/anaconda3/envs/mlops_env/lib/python3.12/site-packages/airflow/example_dags/example_task_group_decorator.py
[2024-07-07T23:44:00.780+0500] {processor.py:840} INFO - DAG(s) 'example_task_group_decorator' retrieved from /home/nicolaspc/anaconda3/envs/mlops_env/lib/python3.12/site-packages/airflow/example_dags/example_task_group_decorator.py
[2024-07-07T23:44:00.803+0500] {logging_mixin.py:188} INFO - [2024-07-07T23:44:00.803+0500] {dag.py:3096} INFO - Sync 1 DAGs
[2024-07-07T23:44:00.818+0500] {logging_mixin.py:188} INFO - [2024-07-07T23:44:00.818+0500] {dag.py:3954} INFO - Setting next_dagrun for example_task_group_decorator to 2024-07-06 00:00:00+00:00, run_after=2024-07-07 00:00:00+00:00
[2024-07-07T23:44:00.833+0500] {processor.py:183} INFO - Processing /home/nicolaspc/anaconda3/envs/mlops_env/lib/python3.12/site-packages/airflow/example_dags/example_task_group_decorator.py took 0.071 seconds
[2024-07-07T23:44:31.261+0500] {processor.py:161} INFO - Started process (PID=20209) to work on /home/nicolaspc/anaconda3/envs/mlops_env/lib/python3.12/site-packages/airflow/example_dags/example_task_group_decorator.py
[2024-07-07T23:44:31.262+0500] {processor.py:830} INFO - Processing file /home/nicolaspc/anaconda3/envs/mlops_env/lib/python3.12/site-packages/airflow/example_dags/example_task_group_decorator.py for tasks to queue
[2024-07-07T23:44:31.262+0500] {logging_mixin.py:188} INFO - [2024-07-07T23:44:31.262+0500] {dagbag.py:545} INFO - Filling up the DagBag from /home/nicolaspc/anaconda3/envs/mlops_env/lib/python3.12/site-packages/airflow/example_dags/example_task_group_decorator.py
[2024-07-07T23:44:31.271+0500] {processor.py:840} INFO - DAG(s) 'example_task_group_decorator' retrieved from /home/nicolaspc/anaconda3/envs/mlops_env/lib/python3.12/site-packages/airflow/example_dags/example_task_group_decorator.py
[2024-07-07T23:44:31.293+0500] {logging_mixin.py:188} INFO - [2024-07-07T23:44:31.292+0500] {dag.py:3096} INFO - Sync 1 DAGs
[2024-07-07T23:44:31.308+0500] {logging_mixin.py:188} INFO - [2024-07-07T23:44:31.308+0500] {dag.py:3954} INFO - Setting next_dagrun for example_task_group_decorator to 2024-07-06 00:00:00+00:00, run_after=2024-07-07 00:00:00+00:00
[2024-07-07T23:44:31.323+0500] {processor.py:183} INFO - Processing /home/nicolaspc/anaconda3/envs/mlops_env/lib/python3.12/site-packages/airflow/example_dags/example_task_group_decorator.py took 0.069 seconds
[2024-07-07T23:45:01.873+0500] {processor.py:161} INFO - Started process (PID=20575) to work on /home/nicolaspc/anaconda3/envs/mlops_env/lib/python3.12/site-packages/airflow/example_dags/example_task_group_decorator.py
[2024-07-07T23:45:01.873+0500] {processor.py:830} INFO - Processing file /home/nicolaspc/anaconda3/envs/mlops_env/lib/python3.12/site-packages/airflow/example_dags/example_task_group_decorator.py for tasks to queue
[2024-07-07T23:45:01.874+0500] {logging_mixin.py:188} INFO - [2024-07-07T23:45:01.874+0500] {dagbag.py:545} INFO - Filling up the DagBag from /home/nicolaspc/anaconda3/envs/mlops_env/lib/python3.12/site-packages/airflow/example_dags/example_task_group_decorator.py
[2024-07-07T23:45:01.883+0500] {processor.py:840} INFO - DAG(s) 'example_task_group_decorator' retrieved from /home/nicolaspc/anaconda3/envs/mlops_env/lib/python3.12/site-packages/airflow/example_dags/example_task_group_decorator.py
[2024-07-07T23:45:01.905+0500] {logging_mixin.py:188} INFO - [2024-07-07T23:45:01.905+0500] {dag.py:3096} INFO - Sync 1 DAGs
[2024-07-07T23:45:01.920+0500] {logging_mixin.py:188} INFO - [2024-07-07T23:45:01.920+0500] {dag.py:3954} INFO - Setting next_dagrun for example_task_group_decorator to 2024-07-06 00:00:00+00:00, run_after=2024-07-07 00:00:00+00:00
[2024-07-07T23:45:01.935+0500] {processor.py:183} INFO - Processing /home/nicolaspc/anaconda3/envs/mlops_env/lib/python3.12/site-packages/airflow/example_dags/example_task_group_decorator.py took 0.069 seconds
[2024-07-07T23:45:32.624+0500] {processor.py:161} INFO - Started process (PID=20900) to work on /home/nicolaspc/anaconda3/envs/mlops_env/lib/python3.12/site-packages/airflow/example_dags/example_task_group_decorator.py
[2024-07-07T23:45:32.625+0500] {processor.py:830} INFO - Processing file /home/nicolaspc/anaconda3/envs/mlops_env/lib/python3.12/site-packages/airflow/example_dags/example_task_group_decorator.py for tasks to queue
[2024-07-07T23:45:32.626+0500] {logging_mixin.py:188} INFO - [2024-07-07T23:45:32.625+0500] {dagbag.py:545} INFO - Filling up the DagBag from /home/nicolaspc/anaconda3/envs/mlops_env/lib/python3.12/site-packages/airflow/example_dags/example_task_group_decorator.py
[2024-07-07T23:45:32.634+0500] {processor.py:840} INFO - DAG(s) 'example_task_group_decorator' retrieved from /home/nicolaspc/anaconda3/envs/mlops_env/lib/python3.12/site-packages/airflow/example_dags/example_task_group_decorator.py
[2024-07-07T23:45:32.656+0500] {logging_mixin.py:188} INFO - [2024-07-07T23:45:32.656+0500] {dag.py:3096} INFO - Sync 1 DAGs
[2024-07-07T23:45:32.672+0500] {logging_mixin.py:188} INFO - [2024-07-07T23:45:32.672+0500] {dag.py:3954} INFO - Setting next_dagrun for example_task_group_decorator to 2024-07-06 00:00:00+00:00, run_after=2024-07-07 00:00:00+00:00
[2024-07-07T23:45:32.688+0500] {processor.py:183} INFO - Processing /home/nicolaspc/anaconda3/envs/mlops_env/lib/python3.12/site-packages/airflow/example_dags/example_task_group_decorator.py took 0.069 seconds
[2024-07-07T23:46:03.271+0500] {processor.py:161} INFO - Started process (PID=21238) to work on /home/nicolaspc/anaconda3/envs/mlops_env/lib/python3.12/site-packages/airflow/example_dags/example_task_group_decorator.py
[2024-07-07T23:46:03.271+0500] {processor.py:830} INFO - Processing file /home/nicolaspc/anaconda3/envs/mlops_env/lib/python3.12/site-packages/airflow/example_dags/example_task_group_decorator.py for tasks to queue
[2024-07-07T23:46:03.272+0500] {logging_mixin.py:188} INFO - [2024-07-07T23:46:03.271+0500] {dagbag.py:545} INFO - Filling up the DagBag from /home/nicolaspc/anaconda3/envs/mlops_env/lib/python3.12/site-packages/airflow/example_dags/example_task_group_decorator.py
[2024-07-07T23:46:03.280+0500] {processor.py:840} INFO - DAG(s) 'example_task_group_decorator' retrieved from /home/nicolaspc/anaconda3/envs/mlops_env/lib/python3.12/site-packages/airflow/example_dags/example_task_group_decorator.py
[2024-07-07T23:46:03.303+0500] {logging_mixin.py:188} INFO - [2024-07-07T23:46:03.303+0500] {dag.py:3096} INFO - Sync 1 DAGs
[2024-07-07T23:46:03.319+0500] {logging_mixin.py:188} INFO - [2024-07-07T23:46:03.319+0500] {dag.py:3954} INFO - Setting next_dagrun for example_task_group_decorator to 2024-07-06 00:00:00+00:00, run_after=2024-07-07 00:00:00+00:00
[2024-07-07T23:46:03.337+0500] {processor.py:183} INFO - Processing /home/nicolaspc/anaconda3/envs/mlops_env/lib/python3.12/site-packages/airflow/example_dags/example_task_group_decorator.py took 0.072 seconds
[2024-07-07T23:46:33.797+0500] {processor.py:161} INFO - Started process (PID=21604) to work on /home/nicolaspc/anaconda3/envs/mlops_env/lib/python3.12/site-packages/airflow/example_dags/example_task_group_decorator.py
[2024-07-07T23:46:33.798+0500] {processor.py:830} INFO - Processing file /home/nicolaspc/anaconda3/envs/mlops_env/lib/python3.12/site-packages/airflow/example_dags/example_task_group_decorator.py for tasks to queue
[2024-07-07T23:46:33.799+0500] {logging_mixin.py:188} INFO - [2024-07-07T23:46:33.799+0500] {dagbag.py:545} INFO - Filling up the DagBag from /home/nicolaspc/anaconda3/envs/mlops_env/lib/python3.12/site-packages/airflow/example_dags/example_task_group_decorator.py
[2024-07-07T23:46:33.808+0500] {processor.py:840} INFO - DAG(s) 'example_task_group_decorator' retrieved from /home/nicolaspc/anaconda3/envs/mlops_env/lib/python3.12/site-packages/airflow/example_dags/example_task_group_decorator.py
[2024-07-07T23:46:33.832+0500] {logging_mixin.py:188} INFO - [2024-07-07T23:46:33.832+0500] {dag.py:3096} INFO - Sync 1 DAGs
[2024-07-07T23:46:33.849+0500] {logging_mixin.py:188} INFO - [2024-07-07T23:46:33.849+0500] {dag.py:3954} INFO - Setting next_dagrun for example_task_group_decorator to 2024-07-06 00:00:00+00:00, run_after=2024-07-07 00:00:00+00:00
[2024-07-07T23:46:33.865+0500] {processor.py:183} INFO - Processing /home/nicolaspc/anaconda3/envs/mlops_env/lib/python3.12/site-packages/airflow/example_dags/example_task_group_decorator.py took 0.073 seconds
[2024-07-07T23:47:04.610+0500] {processor.py:161} INFO - Started process (PID=21934) to work on /home/nicolaspc/anaconda3/envs/mlops_env/lib/python3.12/site-packages/airflow/example_dags/example_task_group_decorator.py
[2024-07-07T23:47:04.611+0500] {processor.py:830} INFO - Processing file /home/nicolaspc/anaconda3/envs/mlops_env/lib/python3.12/site-packages/airflow/example_dags/example_task_group_decorator.py for tasks to queue
[2024-07-07T23:47:04.611+0500] {logging_mixin.py:188} INFO - [2024-07-07T23:47:04.611+0500] {dagbag.py:545} INFO - Filling up the DagBag from /home/nicolaspc/anaconda3/envs/mlops_env/lib/python3.12/site-packages/airflow/example_dags/example_task_group_decorator.py
[2024-07-07T23:47:04.619+0500] {processor.py:840} INFO - DAG(s) 'example_task_group_decorator' retrieved from /home/nicolaspc/anaconda3/envs/mlops_env/lib/python3.12/site-packages/airflow/example_dags/example_task_group_decorator.py
[2024-07-07T23:47:04.641+0500] {logging_mixin.py:188} INFO - [2024-07-07T23:47:04.640+0500] {dag.py:3096} INFO - Sync 1 DAGs
[2024-07-07T23:47:04.656+0500] {logging_mixin.py:188} INFO - [2024-07-07T23:47:04.656+0500] {dag.py:3954} INFO - Setting next_dagrun for example_task_group_decorator to 2024-07-06 00:00:00+00:00, run_after=2024-07-07 00:00:00+00:00
[2024-07-07T23:47:04.671+0500] {processor.py:183} INFO - Processing /home/nicolaspc/anaconda3/envs/mlops_env/lib/python3.12/site-packages/airflow/example_dags/example_task_group_decorator.py took 0.067 seconds
[2024-07-07T23:47:35.129+0500] {processor.py:161} INFO - Started process (PID=22262) to work on /home/nicolaspc/anaconda3/envs/mlops_env/lib/python3.12/site-packages/airflow/example_dags/example_task_group_decorator.py
[2024-07-07T23:47:35.130+0500] {processor.py:830} INFO - Processing file /home/nicolaspc/anaconda3/envs/mlops_env/lib/python3.12/site-packages/airflow/example_dags/example_task_group_decorator.py for tasks to queue
[2024-07-07T23:47:35.131+0500] {logging_mixin.py:188} INFO - [2024-07-07T23:47:35.130+0500] {dagbag.py:545} INFO - Filling up the DagBag from /home/nicolaspc/anaconda3/envs/mlops_env/lib/python3.12/site-packages/airflow/example_dags/example_task_group_decorator.py
[2024-07-07T23:47:35.140+0500] {processor.py:840} INFO - DAG(s) 'example_task_group_decorator' retrieved from /home/nicolaspc/anaconda3/envs/mlops_env/lib/python3.12/site-packages/airflow/example_dags/example_task_group_decorator.py
[2024-07-07T23:47:35.164+0500] {logging_mixin.py:188} INFO - [2024-07-07T23:47:35.163+0500] {dag.py:3096} INFO - Sync 1 DAGs
[2024-07-07T23:47:35.181+0500] {logging_mixin.py:188} INFO - [2024-07-07T23:47:35.181+0500] {dag.py:3954} INFO - Setting next_dagrun for example_task_group_decorator to 2024-07-06 00:00:00+00:00, run_after=2024-07-07 00:00:00+00:00
[2024-07-07T23:47:35.197+0500] {processor.py:183} INFO - Processing /home/nicolaspc/anaconda3/envs/mlops_env/lib/python3.12/site-packages/airflow/example_dags/example_task_group_decorator.py took 0.073 seconds
[2024-07-07T23:48:05.725+0500] {processor.py:161} INFO - Started process (PID=22587) to work on /home/nicolaspc/anaconda3/envs/mlops_env/lib/python3.12/site-packages/airflow/example_dags/example_task_group_decorator.py
[2024-07-07T23:48:05.725+0500] {processor.py:830} INFO - Processing file /home/nicolaspc/anaconda3/envs/mlops_env/lib/python3.12/site-packages/airflow/example_dags/example_task_group_decorator.py for tasks to queue
[2024-07-07T23:48:05.726+0500] {logging_mixin.py:188} INFO - [2024-07-07T23:48:05.725+0500] {dagbag.py:545} INFO - Filling up the DagBag from /home/nicolaspc/anaconda3/envs/mlops_env/lib/python3.12/site-packages/airflow/example_dags/example_task_group_decorator.py
[2024-07-07T23:48:05.734+0500] {processor.py:840} INFO - DAG(s) 'example_task_group_decorator' retrieved from /home/nicolaspc/anaconda3/envs/mlops_env/lib/python3.12/site-packages/airflow/example_dags/example_task_group_decorator.py
[2024-07-07T23:48:05.756+0500] {logging_mixin.py:188} INFO - [2024-07-07T23:48:05.756+0500] {dag.py:3096} INFO - Sync 1 DAGs
[2024-07-07T23:48:05.772+0500] {logging_mixin.py:188} INFO - [2024-07-07T23:48:05.772+0500] {dag.py:3954} INFO - Setting next_dagrun for example_task_group_decorator to 2024-07-06 00:00:00+00:00, run_after=2024-07-07 00:00:00+00:00
[2024-07-07T23:48:05.786+0500] {processor.py:183} INFO - Processing /home/nicolaspc/anaconda3/envs/mlops_env/lib/python3.12/site-packages/airflow/example_dags/example_task_group_decorator.py took 0.068 seconds
[2024-07-07T23:48:36.316+0500] {processor.py:161} INFO - Started process (PID=22943) to work on /home/nicolaspc/anaconda3/envs/mlops_env/lib/python3.12/site-packages/airflow/example_dags/example_task_group_decorator.py
[2024-07-07T23:48:36.317+0500] {processor.py:830} INFO - Processing file /home/nicolaspc/anaconda3/envs/mlops_env/lib/python3.12/site-packages/airflow/example_dags/example_task_group_decorator.py for tasks to queue
[2024-07-07T23:48:36.318+0500] {logging_mixin.py:188} INFO - [2024-07-07T23:48:36.318+0500] {dagbag.py:545} INFO - Filling up the DagBag from /home/nicolaspc/anaconda3/envs/mlops_env/lib/python3.12/site-packages/airflow/example_dags/example_task_group_decorator.py
[2024-07-07T23:48:36.328+0500] {processor.py:840} INFO - DAG(s) 'example_task_group_decorator' retrieved from /home/nicolaspc/anaconda3/envs/mlops_env/lib/python3.12/site-packages/airflow/example_dags/example_task_group_decorator.py
[2024-07-07T23:48:36.354+0500] {logging_mixin.py:188} INFO - [2024-07-07T23:48:36.354+0500] {dag.py:3096} INFO - Sync 1 DAGs
[2024-07-07T23:48:36.374+0500] {logging_mixin.py:188} INFO - [2024-07-07T23:48:36.374+0500] {dag.py:3954} INFO - Setting next_dagrun for example_task_group_decorator to 2024-07-06 00:00:00+00:00, run_after=2024-07-07 00:00:00+00:00
[2024-07-07T23:48:36.391+0500] {processor.py:183} INFO - Processing /home/nicolaspc/anaconda3/envs/mlops_env/lib/python3.12/site-packages/airflow/example_dags/example_task_group_decorator.py took 0.083 seconds
[2024-07-07T23:49:07.708+0500] {processor.py:161} INFO - Started process (PID=23467) to work on /home/nicolaspc/anaconda3/envs/mlops_env/lib/python3.12/site-packages/airflow/example_dags/example_task_group_decorator.py
[2024-07-07T23:49:07.709+0500] {processor.py:830} INFO - Processing file /home/nicolaspc/anaconda3/envs/mlops_env/lib/python3.12/site-packages/airflow/example_dags/example_task_group_decorator.py for tasks to queue
[2024-07-07T23:49:07.709+0500] {logging_mixin.py:188} INFO - [2024-07-07T23:49:07.709+0500] {dagbag.py:545} INFO - Filling up the DagBag from /home/nicolaspc/anaconda3/envs/mlops_env/lib/python3.12/site-packages/airflow/example_dags/example_task_group_decorator.py
[2024-07-07T23:49:07.719+0500] {processor.py:840} INFO - DAG(s) 'example_task_group_decorator' retrieved from /home/nicolaspc/anaconda3/envs/mlops_env/lib/python3.12/site-packages/airflow/example_dags/example_task_group_decorator.py
[2024-07-07T23:49:07.796+0500] {logging_mixin.py:188} INFO - [2024-07-07T23:49:07.796+0500] {dag.py:3096} INFO - Sync 1 DAGs
[2024-07-07T23:49:07.810+0500] {logging_mixin.py:188} INFO - [2024-07-07T23:49:07.810+0500] {dag.py:3954} INFO - Setting next_dagrun for example_task_group_decorator to 2024-07-06 00:00:00+00:00, run_after=2024-07-07 00:00:00+00:00
[2024-07-07T23:49:07.825+0500] {processor.py:183} INFO - Processing /home/nicolaspc/anaconda3/envs/mlops_env/lib/python3.12/site-packages/airflow/example_dags/example_task_group_decorator.py took 0.123 seconds
[2024-07-07T23:49:37.996+0500] {processor.py:161} INFO - Started process (PID=23825) to work on /home/nicolaspc/anaconda3/envs/mlops_env/lib/python3.12/site-packages/airflow/example_dags/example_task_group_decorator.py
[2024-07-07T23:49:37.997+0500] {processor.py:830} INFO - Processing file /home/nicolaspc/anaconda3/envs/mlops_env/lib/python3.12/site-packages/airflow/example_dags/example_task_group_decorator.py for tasks to queue
[2024-07-07T23:49:37.998+0500] {logging_mixin.py:188} INFO - [2024-07-07T23:49:37.998+0500] {dagbag.py:545} INFO - Filling up the DagBag from /home/nicolaspc/anaconda3/envs/mlops_env/lib/python3.12/site-packages/airflow/example_dags/example_task_group_decorator.py
[2024-07-07T23:49:38.007+0500] {processor.py:840} INFO - DAG(s) 'example_task_group_decorator' retrieved from /home/nicolaspc/anaconda3/envs/mlops_env/lib/python3.12/site-packages/airflow/example_dags/example_task_group_decorator.py
[2024-07-07T23:49:38.029+0500] {logging_mixin.py:188} INFO - [2024-07-07T23:49:38.029+0500] {dag.py:3096} INFO - Sync 1 DAGs
[2024-07-07T23:49:38.044+0500] {logging_mixin.py:188} INFO - [2024-07-07T23:49:38.044+0500] {dag.py:3954} INFO - Setting next_dagrun for example_task_group_decorator to 2024-07-06 00:00:00+00:00, run_after=2024-07-07 00:00:00+00:00
[2024-07-07T23:49:38.060+0500] {processor.py:183} INFO - Processing /home/nicolaspc/anaconda3/envs/mlops_env/lib/python3.12/site-packages/airflow/example_dags/example_task_group_decorator.py took 0.071 seconds
