[2024-07-07T23:35:18.367+0500] {processor.py:161} INFO - Started process (PID=13294) to work on /home/nicolaspc/anaconda3/envs/mlops_env/lib/python3.12/site-packages/airflow/example_dags/example_trigger_controller_dag.py
[2024-07-07T23:35:18.368+0500] {processor.py:830} INFO - Processing file /home/nicolaspc/anaconda3/envs/mlops_env/lib/python3.12/site-packages/airflow/example_dags/example_trigger_controller_dag.py for tasks to queue
[2024-07-07T23:35:18.368+0500] {logging_mixin.py:188} INFO - [2024-07-07T23:35:18.368+0500] {dagbag.py:545} INFO - Filling up the DagBag from /home/nicolaspc/anaconda3/envs/mlops_env/lib/python3.12/site-packages/airflow/example_dags/example_trigger_controller_dag.py
[2024-07-07T23:35:18.371+0500] {processor.py:840} INFO - DAG(s) 'example_trigger_controller_dag' retrieved from /home/nicolaspc/anaconda3/envs/mlops_env/lib/python3.12/site-packages/airflow/example_dags/example_trigger_controller_dag.py
[2024-07-07T23:35:18.391+0500] {logging_mixin.py:188} INFO - [2024-07-07T23:35:18.390+0500] {dag.py:3096} INFO - Sync 1 DAGs
[2024-07-07T23:35:18.407+0500] {logging_mixin.py:188} INFO - [2024-07-07T23:35:18.406+0500] {dag.py:3954} INFO - Setting next_dagrun for example_trigger_controller_dag to 2021-01-01 00:00:00+00:00, run_after=2021-01-01 00:00:00+00:00
[2024-07-07T23:35:18.421+0500] {processor.py:183} INFO - Processing /home/nicolaspc/anaconda3/envs/mlops_env/lib/python3.12/site-packages/airflow/example_dags/example_trigger_controller_dag.py took 0.060 seconds
[2024-07-07T23:35:49.059+0500] {processor.py:161} INFO - Started process (PID=13645) to work on /home/nicolaspc/anaconda3/envs/mlops_env/lib/python3.12/site-packages/airflow/example_dags/example_trigger_controller_dag.py
[2024-07-07T23:35:49.059+0500] {processor.py:830} INFO - Processing file /home/nicolaspc/anaconda3/envs/mlops_env/lib/python3.12/site-packages/airflow/example_dags/example_trigger_controller_dag.py for tasks to queue
[2024-07-07T23:35:49.060+0500] {logging_mixin.py:188} INFO - [2024-07-07T23:35:49.059+0500] {dagbag.py:545} INFO - Filling up the DagBag from /home/nicolaspc/anaconda3/envs/mlops_env/lib/python3.12/site-packages/airflow/example_dags/example_trigger_controller_dag.py
[2024-07-07T23:35:49.063+0500] {processor.py:840} INFO - DAG(s) 'example_trigger_controller_dag' retrieved from /home/nicolaspc/anaconda3/envs/mlops_env/lib/python3.12/site-packages/airflow/example_dags/example_trigger_controller_dag.py
[2024-07-07T23:35:49.083+0500] {logging_mixin.py:188} INFO - [2024-07-07T23:35:49.083+0500] {dag.py:3096} INFO - Sync 1 DAGs
[2024-07-07T23:35:49.100+0500] {logging_mixin.py:188} INFO - [2024-07-07T23:35:49.099+0500] {dag.py:3954} INFO - Setting next_dagrun for example_trigger_controller_dag to 2021-01-01 00:00:00+00:00, run_after=2021-01-01 00:00:00+00:00
[2024-07-07T23:35:49.114+0500] {processor.py:183} INFO - Processing /home/nicolaspc/anaconda3/envs/mlops_env/lib/python3.12/site-packages/airflow/example_dags/example_trigger_controller_dag.py took 0.061 seconds
[2024-07-07T23:36:11.590+0500] {processor.py:161} INFO - Started process (PID=13958) to work on /home/nicolaspc/anaconda3/envs/mlops_env/lib/python3.12/site-packages/airflow/example_dags/example_trigger_controller_dag.py
[2024-07-07T23:36:11.591+0500] {processor.py:830} INFO - Processing file /home/nicolaspc/anaconda3/envs/mlops_env/lib/python3.12/site-packages/airflow/example_dags/example_trigger_controller_dag.py for tasks to queue
[2024-07-07T23:36:11.592+0500] {logging_mixin.py:188} INFO - [2024-07-07T23:36:11.592+0500] {dagbag.py:545} INFO - Filling up the DagBag from /home/nicolaspc/anaconda3/envs/mlops_env/lib/python3.12/site-packages/airflow/example_dags/example_trigger_controller_dag.py
[2024-07-07T23:36:11.596+0500] {processor.py:840} INFO - DAG(s) 'example_trigger_controller_dag' retrieved from /home/nicolaspc/anaconda3/envs/mlops_env/lib/python3.12/site-packages/airflow/example_dags/example_trigger_controller_dag.py
[2024-07-07T23:36:11.681+0500] {logging_mixin.py:188} INFO - [2024-07-07T23:36:11.680+0500] {override.py:1829} INFO - Created Permission View: can delete on DAG:example_trigger_controller_dag
[2024-07-07T23:36:11.696+0500] {logging_mixin.py:188} INFO - [2024-07-07T23:36:11.695+0500] {override.py:1829} INFO - Created Permission View: can edit on DAG:example_trigger_controller_dag
[2024-07-07T23:36:11.739+0500] {logging_mixin.py:188} INFO - [2024-07-07T23:36:11.739+0500] {override.py:1829} INFO - Created Permission View: can read on DAG:example_trigger_controller_dag
[2024-07-07T23:36:11.739+0500] {logging_mixin.py:188} INFO - [2024-07-07T23:36:11.739+0500] {dag.py:3096} INFO - Sync 1 DAGs
[2024-07-07T23:36:11.746+0500] {logging_mixin.py:188} INFO - [2024-07-07T23:36:11.746+0500] {dag.py:3118} INFO - Creating ORM DAG for example_trigger_controller_dag
[2024-07-07T23:36:11.753+0500] {logging_mixin.py:188} INFO - [2024-07-07T23:36:11.753+0500] {dag.py:3954} INFO - Setting next_dagrun for example_trigger_controller_dag to 2021-01-01 00:00:00+00:00, run_after=2021-01-01 00:00:00+00:00
[2024-07-07T23:36:11.776+0500] {processor.py:183} INFO - Processing /home/nicolaspc/anaconda3/envs/mlops_env/lib/python3.12/site-packages/airflow/example_dags/example_trigger_controller_dag.py took 0.189 seconds
[2024-07-07T23:36:19.770+0500] {processor.py:161} INFO - Started process (PID=14060) to work on /home/nicolaspc/anaconda3/envs/mlops_env/lib/python3.12/site-packages/airflow/example_dags/example_trigger_controller_dag.py
[2024-07-07T23:36:19.771+0500] {processor.py:830} INFO - Processing file /home/nicolaspc/anaconda3/envs/mlops_env/lib/python3.12/site-packages/airflow/example_dags/example_trigger_controller_dag.py for tasks to queue
[2024-07-07T23:36:19.771+0500] {logging_mixin.py:188} INFO - [2024-07-07T23:36:19.771+0500] {dagbag.py:545} INFO - Filling up the DagBag from /home/nicolaspc/anaconda3/envs/mlops_env/lib/python3.12/site-packages/airflow/example_dags/example_trigger_controller_dag.py
[2024-07-07T23:36:19.774+0500] {processor.py:840} INFO - DAG(s) 'example_trigger_controller_dag' retrieved from /home/nicolaspc/anaconda3/envs/mlops_env/lib/python3.12/site-packages/airflow/example_dags/example_trigger_controller_dag.py
[2024-07-07T23:36:19.794+0500] {logging_mixin.py:188} INFO - [2024-07-07T23:36:19.794+0500] {dag.py:3096} INFO - Sync 1 DAGs
[2024-07-07T23:36:19.809+0500] {logging_mixin.py:188} INFO - [2024-07-07T23:36:19.809+0500] {dag.py:3954} INFO - Setting next_dagrun for example_trigger_controller_dag to 2021-01-01 00:00:00+00:00, run_after=2021-01-01 00:00:00+00:00
[2024-07-07T23:36:19.825+0500] {processor.py:183} INFO - Processing /home/nicolaspc/anaconda3/envs/mlops_env/lib/python3.12/site-packages/airflow/example_dags/example_trigger_controller_dag.py took 0.061 seconds
[2024-07-07T23:36:50.415+0500] {processor.py:161} INFO - Started process (PID=14451) to work on /home/nicolaspc/anaconda3/envs/mlops_env/lib/python3.12/site-packages/airflow/example_dags/example_trigger_controller_dag.py
[2024-07-07T23:36:50.416+0500] {processor.py:830} INFO - Processing file /home/nicolaspc/anaconda3/envs/mlops_env/lib/python3.12/site-packages/airflow/example_dags/example_trigger_controller_dag.py for tasks to queue
[2024-07-07T23:36:50.416+0500] {logging_mixin.py:188} INFO - [2024-07-07T23:36:50.416+0500] {dagbag.py:545} INFO - Filling up the DagBag from /home/nicolaspc/anaconda3/envs/mlops_env/lib/python3.12/site-packages/airflow/example_dags/example_trigger_controller_dag.py
[2024-07-07T23:36:50.419+0500] {processor.py:840} INFO - DAG(s) 'example_trigger_controller_dag' retrieved from /home/nicolaspc/anaconda3/envs/mlops_env/lib/python3.12/site-packages/airflow/example_dags/example_trigger_controller_dag.py
[2024-07-07T23:36:50.439+0500] {logging_mixin.py:188} INFO - [2024-07-07T23:36:50.439+0500] {dag.py:3096} INFO - Sync 1 DAGs
[2024-07-07T23:36:50.455+0500] {logging_mixin.py:188} INFO - [2024-07-07T23:36:50.455+0500] {dag.py:3954} INFO - Setting next_dagrun for example_trigger_controller_dag to 2021-01-01 00:00:00+00:00, run_after=2021-01-01 00:00:00+00:00
[2024-07-07T23:36:50.470+0500] {processor.py:183} INFO - Processing /home/nicolaspc/anaconda3/envs/mlops_env/lib/python3.12/site-packages/airflow/example_dags/example_trigger_controller_dag.py took 0.060 seconds
[2024-07-07T23:37:04.365+0500] {processor.py:161} INFO - Started process (PID=14753) to work on /home/nicolaspc/anaconda3/envs/mlops_env/lib/python3.12/site-packages/airflow/example_dags/example_trigger_controller_dag.py
[2024-07-07T23:37:04.374+0500] {processor.py:830} INFO - Processing file /home/nicolaspc/anaconda3/envs/mlops_env/lib/python3.12/site-packages/airflow/example_dags/example_trigger_controller_dag.py for tasks to queue
[2024-07-07T23:37:04.376+0500] {logging_mixin.py:188} INFO - [2024-07-07T23:37:04.375+0500] {dagbag.py:545} INFO - Filling up the DagBag from /home/nicolaspc/anaconda3/envs/mlops_env/lib/python3.12/site-packages/airflow/example_dags/example_trigger_controller_dag.py
[2024-07-07T23:37:04.379+0500] {processor.py:840} INFO - DAG(s) 'example_trigger_controller_dag' retrieved from /home/nicolaspc/anaconda3/envs/mlops_env/lib/python3.12/site-packages/airflow/example_dags/example_trigger_controller_dag.py
[2024-07-07T23:37:04.389+0500] {logging_mixin.py:188} INFO - [2024-07-07T23:37:04.388+0500] {dag.py:3096} INFO - Sync 1 DAGs
[2024-07-07T23:37:04.400+0500] {logging_mixin.py:188} INFO - [2024-07-07T23:37:04.400+0500] {dag.py:3954} INFO - Setting next_dagrun for example_trigger_controller_dag to 2021-01-01 00:00:00+00:00, run_after=2021-01-01 00:00:00+00:00
[2024-07-07T23:37:04.420+0500] {processor.py:183} INFO - Processing /home/nicolaspc/anaconda3/envs/mlops_env/lib/python3.12/site-packages/airflow/example_dags/example_trigger_controller_dag.py took 0.059 seconds
[2024-07-07T23:37:20.840+0500] {processor.py:161} INFO - Started process (PID=14805) to work on /home/nicolaspc/anaconda3/envs/mlops_env/lib/python3.12/site-packages/airflow/example_dags/example_trigger_controller_dag.py
[2024-07-07T23:37:20.841+0500] {processor.py:830} INFO - Processing file /home/nicolaspc/anaconda3/envs/mlops_env/lib/python3.12/site-packages/airflow/example_dags/example_trigger_controller_dag.py for tasks to queue
[2024-07-07T23:37:20.841+0500] {logging_mixin.py:188} INFO - [2024-07-07T23:37:20.841+0500] {dagbag.py:545} INFO - Filling up the DagBag from /home/nicolaspc/anaconda3/envs/mlops_env/lib/python3.12/site-packages/airflow/example_dags/example_trigger_controller_dag.py
[2024-07-07T23:37:20.845+0500] {processor.py:840} INFO - DAG(s) 'example_trigger_controller_dag' retrieved from /home/nicolaspc/anaconda3/envs/mlops_env/lib/python3.12/site-packages/airflow/example_dags/example_trigger_controller_dag.py
[2024-07-07T23:37:20.868+0500] {logging_mixin.py:188} INFO - [2024-07-07T23:37:20.867+0500] {dag.py:3096} INFO - Sync 1 DAGs
[2024-07-07T23:37:20.885+0500] {logging_mixin.py:188} INFO - [2024-07-07T23:37:20.885+0500] {dag.py:3954} INFO - Setting next_dagrun for example_trigger_controller_dag to 2021-01-01 00:00:00+00:00, run_after=2021-01-01 00:00:00+00:00
[2024-07-07T23:37:20.900+0500] {processor.py:183} INFO - Processing /home/nicolaspc/anaconda3/envs/mlops_env/lib/python3.12/site-packages/airflow/example_dags/example_trigger_controller_dag.py took 0.067 seconds
[2024-07-07T23:37:46.392+0500] {processor.py:161} INFO - Started process (PID=15151) to work on /home/nicolaspc/anaconda3/envs/mlops_env/lib/python3.12/site-packages/airflow/example_dags/example_trigger_controller_dag.py
[2024-07-07T23:37:46.400+0500] {processor.py:830} INFO - Processing file /home/nicolaspc/anaconda3/envs/mlops_env/lib/python3.12/site-packages/airflow/example_dags/example_trigger_controller_dag.py for tasks to queue
[2024-07-07T23:37:46.402+0500] {logging_mixin.py:188} INFO - [2024-07-07T23:37:46.401+0500] {dagbag.py:545} INFO - Filling up the DagBag from /home/nicolaspc/anaconda3/envs/mlops_env/lib/python3.12/site-packages/airflow/example_dags/example_trigger_controller_dag.py
[2024-07-07T23:37:46.405+0500] {processor.py:840} INFO - DAG(s) 'example_trigger_controller_dag' retrieved from /home/nicolaspc/anaconda3/envs/mlops_env/lib/python3.12/site-packages/airflow/example_dags/example_trigger_controller_dag.py
[2024-07-07T23:37:46.415+0500] {logging_mixin.py:188} INFO - [2024-07-07T23:37:46.415+0500] {dag.py:3096} INFO - Sync 1 DAGs
[2024-07-07T23:37:46.426+0500] {logging_mixin.py:188} INFO - [2024-07-07T23:37:46.426+0500] {dag.py:3954} INFO - Setting next_dagrun for example_trigger_controller_dag to 2021-01-01 00:00:00+00:00, run_after=2021-01-01 00:00:00+00:00
[2024-07-07T23:37:46.446+0500] {processor.py:183} INFO - Processing /home/nicolaspc/anaconda3/envs/mlops_env/lib/python3.12/site-packages/airflow/example_dags/example_trigger_controller_dag.py took 0.058 seconds
[2024-07-07T23:37:51.262+0500] {processor.py:161} INFO - Started process (PID=15191) to work on /home/nicolaspc/anaconda3/envs/mlops_env/lib/python3.12/site-packages/airflow/example_dags/example_trigger_controller_dag.py
[2024-07-07T23:37:51.263+0500] {processor.py:830} INFO - Processing file /home/nicolaspc/anaconda3/envs/mlops_env/lib/python3.12/site-packages/airflow/example_dags/example_trigger_controller_dag.py for tasks to queue
[2024-07-07T23:37:51.263+0500] {logging_mixin.py:188} INFO - [2024-07-07T23:37:51.263+0500] {dagbag.py:545} INFO - Filling up the DagBag from /home/nicolaspc/anaconda3/envs/mlops_env/lib/python3.12/site-packages/airflow/example_dags/example_trigger_controller_dag.py
[2024-07-07T23:37:51.266+0500] {processor.py:840} INFO - DAG(s) 'example_trigger_controller_dag' retrieved from /home/nicolaspc/anaconda3/envs/mlops_env/lib/python3.12/site-packages/airflow/example_dags/example_trigger_controller_dag.py
[2024-07-07T23:37:51.286+0500] {logging_mixin.py:188} INFO - [2024-07-07T23:37:51.285+0500] {dag.py:3096} INFO - Sync 1 DAGs
[2024-07-07T23:37:51.302+0500] {logging_mixin.py:188} INFO - [2024-07-07T23:37:51.302+0500] {dag.py:3954} INFO - Setting next_dagrun for example_trigger_controller_dag to 2021-01-01 00:00:00+00:00, run_after=2021-01-01 00:00:00+00:00
[2024-07-07T23:37:51.317+0500] {processor.py:183} INFO - Processing /home/nicolaspc/anaconda3/envs/mlops_env/lib/python3.12/site-packages/airflow/example_dags/example_trigger_controller_dag.py took 0.061 seconds
[2024-07-07T23:38:21.921+0500] {processor.py:161} INFO - Started process (PID=15584) to work on /home/nicolaspc/anaconda3/envs/mlops_env/lib/python3.12/site-packages/airflow/example_dags/example_trigger_controller_dag.py
[2024-07-07T23:38:21.922+0500] {processor.py:830} INFO - Processing file /home/nicolaspc/anaconda3/envs/mlops_env/lib/python3.12/site-packages/airflow/example_dags/example_trigger_controller_dag.py for tasks to queue
[2024-07-07T23:38:21.922+0500] {logging_mixin.py:188} INFO - [2024-07-07T23:38:21.922+0500] {dagbag.py:545} INFO - Filling up the DagBag from /home/nicolaspc/anaconda3/envs/mlops_env/lib/python3.12/site-packages/airflow/example_dags/example_trigger_controller_dag.py
[2024-07-07T23:38:21.925+0500] {processor.py:840} INFO - DAG(s) 'example_trigger_controller_dag' retrieved from /home/nicolaspc/anaconda3/envs/mlops_env/lib/python3.12/site-packages/airflow/example_dags/example_trigger_controller_dag.py
[2024-07-07T23:38:21.944+0500] {logging_mixin.py:188} INFO - [2024-07-07T23:38:21.944+0500] {dag.py:3096} INFO - Sync 1 DAGs
[2024-07-07T23:38:21.960+0500] {logging_mixin.py:188} INFO - [2024-07-07T23:38:21.960+0500] {dag.py:3954} INFO - Setting next_dagrun for example_trigger_controller_dag to 2021-01-01 00:00:00+00:00, run_after=2021-01-01 00:00:00+00:00
[2024-07-07T23:38:21.975+0500] {processor.py:183} INFO - Processing /home/nicolaspc/anaconda3/envs/mlops_env/lib/python3.12/site-packages/airflow/example_dags/example_trigger_controller_dag.py took 0.059 seconds
[2024-07-07T23:38:23.695+0500] {processor.py:161} INFO - Started process (PID=15828) to work on /home/nicolaspc/anaconda3/envs/mlops_env/lib/python3.12/site-packages/airflow/example_dags/example_trigger_controller_dag.py
[2024-07-07T23:38:23.695+0500] {processor.py:830} INFO - Processing file /home/nicolaspc/anaconda3/envs/mlops_env/lib/python3.12/site-packages/airflow/example_dags/example_trigger_controller_dag.py for tasks to queue
[2024-07-07T23:38:23.697+0500] {logging_mixin.py:188} INFO - [2024-07-07T23:38:23.696+0500] {dagbag.py:545} INFO - Filling up the DagBag from /home/nicolaspc/anaconda3/envs/mlops_env/lib/python3.12/site-packages/airflow/example_dags/example_trigger_controller_dag.py
[2024-07-07T23:38:23.700+0500] {processor.py:840} INFO - DAG(s) 'example_trigger_controller_dag' retrieved from /home/nicolaspc/anaconda3/envs/mlops_env/lib/python3.12/site-packages/airflow/example_dags/example_trigger_controller_dag.py
[2024-07-07T23:38:23.710+0500] {logging_mixin.py:188} INFO - [2024-07-07T23:38:23.710+0500] {dag.py:3096} INFO - Sync 1 DAGs
[2024-07-07T23:38:23.722+0500] {logging_mixin.py:188} INFO - [2024-07-07T23:38:23.722+0500] {dag.py:3954} INFO - Setting next_dagrun for example_trigger_controller_dag to 2021-01-01 00:00:00+00:00, run_after=2021-01-01 00:00:00+00:00
[2024-07-07T23:38:23.744+0500] {processor.py:183} INFO - Processing /home/nicolaspc/anaconda3/envs/mlops_env/lib/python3.12/site-packages/airflow/example_dags/example_trigger_controller_dag.py took 0.053 seconds
[2024-07-07T23:38:52.677+0500] {processor.py:161} INFO - Started process (PID=15969) to work on /home/nicolaspc/anaconda3/envs/mlops_env/lib/python3.12/site-packages/airflow/example_dags/example_trigger_controller_dag.py
[2024-07-07T23:38:52.678+0500] {processor.py:830} INFO - Processing file /home/nicolaspc/anaconda3/envs/mlops_env/lib/python3.12/site-packages/airflow/example_dags/example_trigger_controller_dag.py for tasks to queue
[2024-07-07T23:38:52.678+0500] {logging_mixin.py:188} INFO - [2024-07-07T23:38:52.678+0500] {dagbag.py:545} INFO - Filling up the DagBag from /home/nicolaspc/anaconda3/envs/mlops_env/lib/python3.12/site-packages/airflow/example_dags/example_trigger_controller_dag.py
[2024-07-07T23:38:52.681+0500] {processor.py:840} INFO - DAG(s) 'example_trigger_controller_dag' retrieved from /home/nicolaspc/anaconda3/envs/mlops_env/lib/python3.12/site-packages/airflow/example_dags/example_trigger_controller_dag.py
[2024-07-07T23:38:52.702+0500] {logging_mixin.py:188} INFO - [2024-07-07T23:38:52.701+0500] {dag.py:3096} INFO - Sync 1 DAGs
[2024-07-07T23:38:52.718+0500] {logging_mixin.py:188} INFO - [2024-07-07T23:38:52.718+0500] {dag.py:3954} INFO - Setting next_dagrun for example_trigger_controller_dag to 2021-01-01 00:00:00+00:00, run_after=2021-01-01 00:00:00+00:00
[2024-07-07T23:38:52.734+0500] {processor.py:183} INFO - Processing /home/nicolaspc/anaconda3/envs/mlops_env/lib/python3.12/site-packages/airflow/example_dags/example_trigger_controller_dag.py took 0.063 seconds
[2024-07-07T23:39:04.719+0500] {processor.py:161} INFO - Started process (PID=16294) to work on /home/nicolaspc/anaconda3/envs/mlops_env/lib/python3.12/site-packages/airflow/example_dags/example_trigger_controller_dag.py
[2024-07-07T23:39:04.728+0500] {processor.py:830} INFO - Processing file /home/nicolaspc/anaconda3/envs/mlops_env/lib/python3.12/site-packages/airflow/example_dags/example_trigger_controller_dag.py for tasks to queue
[2024-07-07T23:39:04.729+0500] {logging_mixin.py:188} INFO - [2024-07-07T23:39:04.729+0500] {dagbag.py:545} INFO - Filling up the DagBag from /home/nicolaspc/anaconda3/envs/mlops_env/lib/python3.12/site-packages/airflow/example_dags/example_trigger_controller_dag.py
[2024-07-07T23:39:04.732+0500] {processor.py:840} INFO - DAG(s) 'example_trigger_controller_dag' retrieved from /home/nicolaspc/anaconda3/envs/mlops_env/lib/python3.12/site-packages/airflow/example_dags/example_trigger_controller_dag.py
[2024-07-07T23:39:04.742+0500] {logging_mixin.py:188} INFO - [2024-07-07T23:39:04.742+0500] {dag.py:3096} INFO - Sync 1 DAGs
[2024-07-07T23:39:04.753+0500] {logging_mixin.py:188} INFO - [2024-07-07T23:39:04.753+0500] {dag.py:3954} INFO - Setting next_dagrun for example_trigger_controller_dag to 2021-01-01 00:00:00+00:00, run_after=2021-01-01 00:00:00+00:00
[2024-07-07T23:39:04.773+0500] {processor.py:183} INFO - Processing /home/nicolaspc/anaconda3/envs/mlops_env/lib/python3.12/site-packages/airflow/example_dags/example_trigger_controller_dag.py took 0.057 seconds
[2024-07-07T23:39:23.341+0500] {processor.py:161} INFO - Started process (PID=16365) to work on /home/nicolaspc/anaconda3/envs/mlops_env/lib/python3.12/site-packages/airflow/example_dags/example_trigger_controller_dag.py
[2024-07-07T23:39:23.342+0500] {processor.py:830} INFO - Processing file /home/nicolaspc/anaconda3/envs/mlops_env/lib/python3.12/site-packages/airflow/example_dags/example_trigger_controller_dag.py for tasks to queue
[2024-07-07T23:39:23.343+0500] {logging_mixin.py:188} INFO - [2024-07-07T23:39:23.342+0500] {dagbag.py:545} INFO - Filling up the DagBag from /home/nicolaspc/anaconda3/envs/mlops_env/lib/python3.12/site-packages/airflow/example_dags/example_trigger_controller_dag.py
[2024-07-07T23:39:23.346+0500] {processor.py:840} INFO - DAG(s) 'example_trigger_controller_dag' retrieved from /home/nicolaspc/anaconda3/envs/mlops_env/lib/python3.12/site-packages/airflow/example_dags/example_trigger_controller_dag.py
[2024-07-07T23:39:23.364+0500] {logging_mixin.py:188} INFO - [2024-07-07T23:39:23.364+0500] {dag.py:3096} INFO - Sync 1 DAGs
[2024-07-07T23:39:23.380+0500] {logging_mixin.py:188} INFO - [2024-07-07T23:39:23.380+0500] {dag.py:3954} INFO - Setting next_dagrun for example_trigger_controller_dag to 2021-01-01 00:00:00+00:00, run_after=2021-01-01 00:00:00+00:00
[2024-07-07T23:39:23.395+0500] {processor.py:183} INFO - Processing /home/nicolaspc/anaconda3/envs/mlops_env/lib/python3.12/site-packages/airflow/example_dags/example_trigger_controller_dag.py took 0.060 seconds
[2024-07-07T23:39:45.769+0500] {processor.py:161} INFO - Started process (PID=16677) to work on /home/nicolaspc/anaconda3/envs/mlops_env/lib/python3.12/site-packages/airflow/example_dags/example_trigger_controller_dag.py
[2024-07-07T23:39:45.777+0500] {processor.py:830} INFO - Processing file /home/nicolaspc/anaconda3/envs/mlops_env/lib/python3.12/site-packages/airflow/example_dags/example_trigger_controller_dag.py for tasks to queue
[2024-07-07T23:39:45.779+0500] {logging_mixin.py:188} INFO - [2024-07-07T23:39:45.779+0500] {dagbag.py:545} INFO - Filling up the DagBag from /home/nicolaspc/anaconda3/envs/mlops_env/lib/python3.12/site-packages/airflow/example_dags/example_trigger_controller_dag.py
[2024-07-07T23:39:45.782+0500] {processor.py:840} INFO - DAG(s) 'example_trigger_controller_dag' retrieved from /home/nicolaspc/anaconda3/envs/mlops_env/lib/python3.12/site-packages/airflow/example_dags/example_trigger_controller_dag.py
[2024-07-07T23:39:45.792+0500] {logging_mixin.py:188} INFO - [2024-07-07T23:39:45.792+0500] {dag.py:3096} INFO - Sync 1 DAGs
[2024-07-07T23:39:45.803+0500] {logging_mixin.py:188} INFO - [2024-07-07T23:39:45.803+0500] {dag.py:3954} INFO - Setting next_dagrun for example_trigger_controller_dag to 2021-01-01 00:00:00+00:00, run_after=2021-01-01 00:00:00+00:00
[2024-07-07T23:39:45.837+0500] {processor.py:183} INFO - Processing /home/nicolaspc/anaconda3/envs/mlops_env/lib/python3.12/site-packages/airflow/example_dags/example_trigger_controller_dag.py took 0.072 seconds
[2024-07-07T23:39:53.966+0500] {processor.py:161} INFO - Started process (PID=16723) to work on /home/nicolaspc/anaconda3/envs/mlops_env/lib/python3.12/site-packages/airflow/example_dags/example_trigger_controller_dag.py
[2024-07-07T23:39:53.967+0500] {processor.py:830} INFO - Processing file /home/nicolaspc/anaconda3/envs/mlops_env/lib/python3.12/site-packages/airflow/example_dags/example_trigger_controller_dag.py for tasks to queue
[2024-07-07T23:39:53.968+0500] {logging_mixin.py:188} INFO - [2024-07-07T23:39:53.967+0500] {dagbag.py:545} INFO - Filling up the DagBag from /home/nicolaspc/anaconda3/envs/mlops_env/lib/python3.12/site-packages/airflow/example_dags/example_trigger_controller_dag.py
[2024-07-07T23:39:53.970+0500] {processor.py:840} INFO - DAG(s) 'example_trigger_controller_dag' retrieved from /home/nicolaspc/anaconda3/envs/mlops_env/lib/python3.12/site-packages/airflow/example_dags/example_trigger_controller_dag.py
[2024-07-07T23:39:53.991+0500] {logging_mixin.py:188} INFO - [2024-07-07T23:39:53.991+0500] {dag.py:3096} INFO - Sync 1 DAGs
[2024-07-07T23:39:54.006+0500] {logging_mixin.py:188} INFO - [2024-07-07T23:39:54.006+0500] {dag.py:3954} INFO - Setting next_dagrun for example_trigger_controller_dag to 2021-01-01 00:00:00+00:00, run_after=2021-01-01 00:00:00+00:00
[2024-07-07T23:39:54.021+0500] {processor.py:183} INFO - Processing /home/nicolaspc/anaconda3/envs/mlops_env/lib/python3.12/site-packages/airflow/example_dags/example_trigger_controller_dag.py took 0.061 seconds
[2024-07-07T23:40:24.519+0500] {processor.py:161} INFO - Started process (PID=17153) to work on /home/nicolaspc/anaconda3/envs/mlops_env/lib/python3.12/site-packages/airflow/example_dags/example_trigger_controller_dag.py
[2024-07-07T23:40:24.519+0500] {processor.py:830} INFO - Processing file /home/nicolaspc/anaconda3/envs/mlops_env/lib/python3.12/site-packages/airflow/example_dags/example_trigger_controller_dag.py for tasks to queue
[2024-07-07T23:40:24.520+0500] {logging_mixin.py:188} INFO - [2024-07-07T23:40:24.519+0500] {dagbag.py:545} INFO - Filling up the DagBag from /home/nicolaspc/anaconda3/envs/mlops_env/lib/python3.12/site-packages/airflow/example_dags/example_trigger_controller_dag.py
[2024-07-07T23:40:24.523+0500] {processor.py:840} INFO - DAG(s) 'example_trigger_controller_dag' retrieved from /home/nicolaspc/anaconda3/envs/mlops_env/lib/python3.12/site-packages/airflow/example_dags/example_trigger_controller_dag.py
[2024-07-07T23:40:24.543+0500] {logging_mixin.py:188} INFO - [2024-07-07T23:40:24.543+0500] {dag.py:3096} INFO - Sync 1 DAGs
[2024-07-07T23:40:24.560+0500] {logging_mixin.py:188} INFO - [2024-07-07T23:40:24.560+0500] {dag.py:3954} INFO - Setting next_dagrun for example_trigger_controller_dag to 2021-01-01 00:00:00+00:00, run_after=2021-01-01 00:00:00+00:00
[2024-07-07T23:40:24.578+0500] {processor.py:183} INFO - Processing /home/nicolaspc/anaconda3/envs/mlops_env/lib/python3.12/site-packages/airflow/example_dags/example_trigger_controller_dag.py took 0.066 seconds
[2024-07-07T23:40:26.361+0500] {processor.py:161} INFO - Started process (PID=17384) to work on /home/nicolaspc/anaconda3/envs/mlops_env/lib/python3.12/site-packages/airflow/example_dags/example_trigger_controller_dag.py
[2024-07-07T23:40:26.361+0500] {processor.py:830} INFO - Processing file /home/nicolaspc/anaconda3/envs/mlops_env/lib/python3.12/site-packages/airflow/example_dags/example_trigger_controller_dag.py for tasks to queue
[2024-07-07T23:40:26.363+0500] {logging_mixin.py:188} INFO - [2024-07-07T23:40:26.362+0500] {dagbag.py:545} INFO - Filling up the DagBag from /home/nicolaspc/anaconda3/envs/mlops_env/lib/python3.12/site-packages/airflow/example_dags/example_trigger_controller_dag.py
[2024-07-07T23:40:26.366+0500] {processor.py:840} INFO - DAG(s) 'example_trigger_controller_dag' retrieved from /home/nicolaspc/anaconda3/envs/mlops_env/lib/python3.12/site-packages/airflow/example_dags/example_trigger_controller_dag.py
[2024-07-07T23:40:26.376+0500] {logging_mixin.py:188} INFO - [2024-07-07T23:40:26.375+0500] {dag.py:3096} INFO - Sync 1 DAGs
[2024-07-07T23:40:26.388+0500] {logging_mixin.py:188} INFO - [2024-07-07T23:40:26.388+0500] {dag.py:3954} INFO - Setting next_dagrun for example_trigger_controller_dag to 2021-01-01 00:00:00+00:00, run_after=2021-01-01 00:00:00+00:00
[2024-07-07T23:40:26.409+0500] {processor.py:183} INFO - Processing /home/nicolaspc/anaconda3/envs/mlops_env/lib/python3.12/site-packages/airflow/example_dags/example_trigger_controller_dag.py took 0.053 seconds
[2024-07-07T23:40:55.319+0500] {processor.py:161} INFO - Started process (PID=17519) to work on /home/nicolaspc/anaconda3/envs/mlops_env/lib/python3.12/site-packages/airflow/example_dags/example_trigger_controller_dag.py
[2024-07-07T23:40:55.320+0500] {processor.py:830} INFO - Processing file /home/nicolaspc/anaconda3/envs/mlops_env/lib/python3.12/site-packages/airflow/example_dags/example_trigger_controller_dag.py for tasks to queue
[2024-07-07T23:40:55.320+0500] {logging_mixin.py:188} INFO - [2024-07-07T23:40:55.320+0500] {dagbag.py:545} INFO - Filling up the DagBag from /home/nicolaspc/anaconda3/envs/mlops_env/lib/python3.12/site-packages/airflow/example_dags/example_trigger_controller_dag.py
[2024-07-07T23:40:55.324+0500] {processor.py:840} INFO - DAG(s) 'example_trigger_controller_dag' retrieved from /home/nicolaspc/anaconda3/envs/mlops_env/lib/python3.12/site-packages/airflow/example_dags/example_trigger_controller_dag.py
[2024-07-07T23:40:55.346+0500] {logging_mixin.py:188} INFO - [2024-07-07T23:40:55.346+0500] {dag.py:3096} INFO - Sync 1 DAGs
[2024-07-07T23:40:55.363+0500] {logging_mixin.py:188} INFO - [2024-07-07T23:40:55.363+0500] {dag.py:3954} INFO - Setting next_dagrun for example_trigger_controller_dag to 2021-01-01 00:00:00+00:00, run_after=2021-01-01 00:00:00+00:00
[2024-07-07T23:40:55.382+0500] {processor.py:183} INFO - Processing /home/nicolaspc/anaconda3/envs/mlops_env/lib/python3.12/site-packages/airflow/example_dags/example_trigger_controller_dag.py took 0.068 seconds
[2024-07-07T23:41:05.437+0500] {processor.py:161} INFO - Started process (PID=17823) to work on /home/nicolaspc/anaconda3/envs/mlops_env/lib/python3.12/site-packages/airflow/example_dags/example_trigger_controller_dag.py
[2024-07-07T23:41:05.445+0500] {processor.py:830} INFO - Processing file /home/nicolaspc/anaconda3/envs/mlops_env/lib/python3.12/site-packages/airflow/example_dags/example_trigger_controller_dag.py for tasks to queue
[2024-07-07T23:41:05.448+0500] {logging_mixin.py:188} INFO - [2024-07-07T23:41:05.447+0500] {dagbag.py:545} INFO - Filling up the DagBag from /home/nicolaspc/anaconda3/envs/mlops_env/lib/python3.12/site-packages/airflow/example_dags/example_trigger_controller_dag.py
[2024-07-07T23:41:05.451+0500] {processor.py:840} INFO - DAG(s) 'example_trigger_controller_dag' retrieved from /home/nicolaspc/anaconda3/envs/mlops_env/lib/python3.12/site-packages/airflow/example_dags/example_trigger_controller_dag.py
[2024-07-07T23:41:05.462+0500] {logging_mixin.py:188} INFO - [2024-07-07T23:41:05.462+0500] {dag.py:3096} INFO - Sync 1 DAGs
[2024-07-07T23:41:05.474+0500] {logging_mixin.py:188} INFO - [2024-07-07T23:41:05.474+0500] {dag.py:3954} INFO - Setting next_dagrun for example_trigger_controller_dag to 2021-01-01 00:00:00+00:00, run_after=2021-01-01 00:00:00+00:00
[2024-07-07T23:41:05.499+0500] {processor.py:183} INFO - Processing /home/nicolaspc/anaconda3/envs/mlops_env/lib/python3.12/site-packages/airflow/example_dags/example_trigger_controller_dag.py took 0.066 seconds
[2024-07-07T23:41:26.063+0500] {processor.py:161} INFO - Started process (PID=17929) to work on /home/nicolaspc/anaconda3/envs/mlops_env/lib/python3.12/site-packages/airflow/example_dags/example_trigger_controller_dag.py
[2024-07-07T23:41:26.064+0500] {processor.py:830} INFO - Processing file /home/nicolaspc/anaconda3/envs/mlops_env/lib/python3.12/site-packages/airflow/example_dags/example_trigger_controller_dag.py for tasks to queue
[2024-07-07T23:41:26.064+0500] {logging_mixin.py:188} INFO - [2024-07-07T23:41:26.064+0500] {dagbag.py:545} INFO - Filling up the DagBag from /home/nicolaspc/anaconda3/envs/mlops_env/lib/python3.12/site-packages/airflow/example_dags/example_trigger_controller_dag.py
[2024-07-07T23:41:26.067+0500] {processor.py:840} INFO - DAG(s) 'example_trigger_controller_dag' retrieved from /home/nicolaspc/anaconda3/envs/mlops_env/lib/python3.12/site-packages/airflow/example_dags/example_trigger_controller_dag.py
[2024-07-07T23:41:26.090+0500] {logging_mixin.py:188} INFO - [2024-07-07T23:41:26.089+0500] {dag.py:3096} INFO - Sync 1 DAGs
[2024-07-07T23:41:26.107+0500] {logging_mixin.py:188} INFO - [2024-07-07T23:41:26.106+0500] {dag.py:3954} INFO - Setting next_dagrun for example_trigger_controller_dag to 2021-01-01 00:00:00+00:00, run_after=2021-01-01 00:00:00+00:00
[2024-07-07T23:41:26.125+0500] {processor.py:183} INFO - Processing /home/nicolaspc/anaconda3/envs/mlops_env/lib/python3.12/site-packages/airflow/example_dags/example_trigger_controller_dag.py took 0.068 seconds
[2024-07-07T23:41:46.205+0500] {processor.py:161} INFO - Started process (PID=18253) to work on /home/nicolaspc/anaconda3/envs/mlops_env/lib/python3.12/site-packages/airflow/example_dags/example_trigger_controller_dag.py
[2024-07-07T23:41:46.207+0500] {processor.py:830} INFO - Processing file /home/nicolaspc/anaconda3/envs/mlops_env/lib/python3.12/site-packages/airflow/example_dags/example_trigger_controller_dag.py for tasks to queue
[2024-07-07T23:41:46.208+0500] {logging_mixin.py:188} INFO - [2024-07-07T23:41:46.208+0500] {dagbag.py:545} INFO - Filling up the DagBag from /home/nicolaspc/anaconda3/envs/mlops_env/lib/python3.12/site-packages/airflow/example_dags/example_trigger_controller_dag.py
[2024-07-07T23:41:46.212+0500] {processor.py:840} INFO - DAG(s) 'example_trigger_controller_dag' retrieved from /home/nicolaspc/anaconda3/envs/mlops_env/lib/python3.12/site-packages/airflow/example_dags/example_trigger_controller_dag.py
[2024-07-07T23:41:46.222+0500] {logging_mixin.py:188} INFO - [2024-07-07T23:41:46.222+0500] {dag.py:3096} INFO - Sync 1 DAGs
[2024-07-07T23:41:46.233+0500] {logging_mixin.py:188} INFO - [2024-07-07T23:41:46.233+0500] {dag.py:3954} INFO - Setting next_dagrun for example_trigger_controller_dag to 2021-01-01 00:00:00+00:00, run_after=2021-01-01 00:00:00+00:00
[2024-07-07T23:41:46.254+0500] {processor.py:183} INFO - Processing /home/nicolaspc/anaconda3/envs/mlops_env/lib/python3.12/site-packages/airflow/example_dags/example_trigger_controller_dag.py took 0.053 seconds
[2024-07-07T23:41:56.957+0500] {processor.py:161} INFO - Started process (PID=18307) to work on /home/nicolaspc/anaconda3/envs/mlops_env/lib/python3.12/site-packages/airflow/example_dags/example_trigger_controller_dag.py
[2024-07-07T23:41:56.957+0500] {processor.py:830} INFO - Processing file /home/nicolaspc/anaconda3/envs/mlops_env/lib/python3.12/site-packages/airflow/example_dags/example_trigger_controller_dag.py for tasks to queue
[2024-07-07T23:41:56.958+0500] {logging_mixin.py:188} INFO - [2024-07-07T23:41:56.958+0500] {dagbag.py:545} INFO - Filling up the DagBag from /home/nicolaspc/anaconda3/envs/mlops_env/lib/python3.12/site-packages/airflow/example_dags/example_trigger_controller_dag.py
[2024-07-07T23:41:56.961+0500] {processor.py:840} INFO - DAG(s) 'example_trigger_controller_dag' retrieved from /home/nicolaspc/anaconda3/envs/mlops_env/lib/python3.12/site-packages/airflow/example_dags/example_trigger_controller_dag.py
[2024-07-07T23:41:56.981+0500] {logging_mixin.py:188} INFO - [2024-07-07T23:41:56.981+0500] {dag.py:3096} INFO - Sync 1 DAGs
[2024-07-07T23:41:56.999+0500] {logging_mixin.py:188} INFO - [2024-07-07T23:41:56.999+0500] {dag.py:3954} INFO - Setting next_dagrun for example_trigger_controller_dag to 2021-01-01 00:00:00+00:00, run_after=2021-01-01 00:00:00+00:00
[2024-07-07T23:41:57.017+0500] {processor.py:183} INFO - Processing /home/nicolaspc/anaconda3/envs/mlops_env/lib/python3.12/site-packages/airflow/example_dags/example_trigger_controller_dag.py took 0.066 seconds
[2024-07-07T23:42:26.250+0500] {processor.py:161} INFO - Started process (PID=18684) to work on /home/nicolaspc/anaconda3/envs/mlops_env/lib/python3.12/site-packages/airflow/example_dags/example_trigger_controller_dag.py
[2024-07-07T23:42:26.258+0500] {processor.py:830} INFO - Processing file /home/nicolaspc/anaconda3/envs/mlops_env/lib/python3.12/site-packages/airflow/example_dags/example_trigger_controller_dag.py for tasks to queue
[2024-07-07T23:42:26.260+0500] {logging_mixin.py:188} INFO - [2024-07-07T23:42:26.260+0500] {dagbag.py:545} INFO - Filling up the DagBag from /home/nicolaspc/anaconda3/envs/mlops_env/lib/python3.12/site-packages/airflow/example_dags/example_trigger_controller_dag.py
[2024-07-07T23:42:26.263+0500] {processor.py:840} INFO - DAG(s) 'example_trigger_controller_dag' retrieved from /home/nicolaspc/anaconda3/envs/mlops_env/lib/python3.12/site-packages/airflow/example_dags/example_trigger_controller_dag.py
[2024-07-07T23:42:26.273+0500] {logging_mixin.py:188} INFO - [2024-07-07T23:42:26.273+0500] {dag.py:3096} INFO - Sync 1 DAGs
[2024-07-07T23:42:26.284+0500] {logging_mixin.py:188} INFO - [2024-07-07T23:42:26.284+0500] {dag.py:3954} INFO - Setting next_dagrun for example_trigger_controller_dag to 2021-01-01 00:00:00+00:00, run_after=2021-01-01 00:00:00+00:00
[2024-07-07T23:42:26.320+0500] {processor.py:183} INFO - Processing /home/nicolaspc/anaconda3/envs/mlops_env/lib/python3.12/site-packages/airflow/example_dags/example_trigger_controller_dag.py took 0.074 seconds
[2024-07-07T23:42:28.045+0500] {processor.py:161} INFO - Started process (PID=18722) to work on /home/nicolaspc/anaconda3/envs/mlops_env/lib/python3.12/site-packages/airflow/example_dags/example_trigger_controller_dag.py
[2024-07-07T23:42:28.046+0500] {processor.py:830} INFO - Processing file /home/nicolaspc/anaconda3/envs/mlops_env/lib/python3.12/site-packages/airflow/example_dags/example_trigger_controller_dag.py for tasks to queue
[2024-07-07T23:42:28.046+0500] {logging_mixin.py:188} INFO - [2024-07-07T23:42:28.046+0500] {dagbag.py:545} INFO - Filling up the DagBag from /home/nicolaspc/anaconda3/envs/mlops_env/lib/python3.12/site-packages/airflow/example_dags/example_trigger_controller_dag.py
[2024-07-07T23:42:28.049+0500] {processor.py:840} INFO - DAG(s) 'example_trigger_controller_dag' retrieved from /home/nicolaspc/anaconda3/envs/mlops_env/lib/python3.12/site-packages/airflow/example_dags/example_trigger_controller_dag.py
[2024-07-07T23:42:28.068+0500] {logging_mixin.py:188} INFO - [2024-07-07T23:42:28.068+0500] {dag.py:3096} INFO - Sync 1 DAGs
[2024-07-07T23:42:28.084+0500] {logging_mixin.py:188} INFO - [2024-07-07T23:42:28.084+0500] {dag.py:3954} INFO - Setting next_dagrun for example_trigger_controller_dag to 2021-01-01 00:00:00+00:00, run_after=2021-01-01 00:00:00+00:00
[2024-07-07T23:42:28.101+0500] {processor.py:183} INFO - Processing /home/nicolaspc/anaconda3/envs/mlops_env/lib/python3.12/site-packages/airflow/example_dags/example_trigger_controller_dag.py took 0.062 seconds
[2024-07-07T23:42:58.922+0500] {processor.py:161} INFO - Started process (PID=19086) to work on /home/nicolaspc/anaconda3/envs/mlops_env/lib/python3.12/site-packages/airflow/example_dags/example_trigger_controller_dag.py
[2024-07-07T23:42:58.923+0500] {processor.py:830} INFO - Processing file /home/nicolaspc/anaconda3/envs/mlops_env/lib/python3.12/site-packages/airflow/example_dags/example_trigger_controller_dag.py for tasks to queue
[2024-07-07T23:42:58.923+0500] {logging_mixin.py:188} INFO - [2024-07-07T23:42:58.923+0500] {dagbag.py:545} INFO - Filling up the DagBag from /home/nicolaspc/anaconda3/envs/mlops_env/lib/python3.12/site-packages/airflow/example_dags/example_trigger_controller_dag.py
[2024-07-07T23:42:58.926+0500] {processor.py:840} INFO - DAG(s) 'example_trigger_controller_dag' retrieved from /home/nicolaspc/anaconda3/envs/mlops_env/lib/python3.12/site-packages/airflow/example_dags/example_trigger_controller_dag.py
[2024-07-07T23:42:58.947+0500] {logging_mixin.py:188} INFO - [2024-07-07T23:42:58.947+0500] {dag.py:3096} INFO - Sync 1 DAGs
[2024-07-07T23:42:58.964+0500] {logging_mixin.py:188} INFO - [2024-07-07T23:42:58.964+0500] {dag.py:3954} INFO - Setting next_dagrun for example_trigger_controller_dag to 2021-01-01 00:00:00+00:00, run_after=2021-01-01 00:00:00+00:00
[2024-07-07T23:42:58.981+0500] {processor.py:183} INFO - Processing /home/nicolaspc/anaconda3/envs/mlops_env/lib/python3.12/site-packages/airflow/example_dags/example_trigger_controller_dag.py took 0.065 seconds
[2024-07-07T23:43:29.428+0500] {processor.py:161} INFO - Started process (PID=19410) to work on /home/nicolaspc/anaconda3/envs/mlops_env/lib/python3.12/site-packages/airflow/example_dags/example_trigger_controller_dag.py
[2024-07-07T23:43:29.428+0500] {processor.py:830} INFO - Processing file /home/nicolaspc/anaconda3/envs/mlops_env/lib/python3.12/site-packages/airflow/example_dags/example_trigger_controller_dag.py for tasks to queue
[2024-07-07T23:43:29.429+0500] {logging_mixin.py:188} INFO - [2024-07-07T23:43:29.429+0500] {dagbag.py:545} INFO - Filling up the DagBag from /home/nicolaspc/anaconda3/envs/mlops_env/lib/python3.12/site-packages/airflow/example_dags/example_trigger_controller_dag.py
[2024-07-07T23:43:29.432+0500] {processor.py:840} INFO - DAG(s) 'example_trigger_controller_dag' retrieved from /home/nicolaspc/anaconda3/envs/mlops_env/lib/python3.12/site-packages/airflow/example_dags/example_trigger_controller_dag.py
[2024-07-07T23:43:29.451+0500] {logging_mixin.py:188} INFO - [2024-07-07T23:43:29.451+0500] {dag.py:3096} INFO - Sync 1 DAGs
[2024-07-07T23:43:29.466+0500] {logging_mixin.py:188} INFO - [2024-07-07T23:43:29.466+0500] {dag.py:3954} INFO - Setting next_dagrun for example_trigger_controller_dag to 2021-01-01 00:00:00+00:00, run_after=2021-01-01 00:00:00+00:00
[2024-07-07T23:43:29.481+0500] {processor.py:183} INFO - Processing /home/nicolaspc/anaconda3/envs/mlops_env/lib/python3.12/site-packages/airflow/example_dags/example_trigger_controller_dag.py took 0.059 seconds
[2024-07-07T23:44:00.336+0500] {processor.py:161} INFO - Started process (PID=19779) to work on /home/nicolaspc/anaconda3/envs/mlops_env/lib/python3.12/site-packages/airflow/example_dags/example_trigger_controller_dag.py
[2024-07-07T23:44:00.337+0500] {processor.py:830} INFO - Processing file /home/nicolaspc/anaconda3/envs/mlops_env/lib/python3.12/site-packages/airflow/example_dags/example_trigger_controller_dag.py for tasks to queue
[2024-07-07T23:44:00.338+0500] {logging_mixin.py:188} INFO - [2024-07-07T23:44:00.337+0500] {dagbag.py:545} INFO - Filling up the DagBag from /home/nicolaspc/anaconda3/envs/mlops_env/lib/python3.12/site-packages/airflow/example_dags/example_trigger_controller_dag.py
[2024-07-07T23:44:00.341+0500] {processor.py:840} INFO - DAG(s) 'example_trigger_controller_dag' retrieved from /home/nicolaspc/anaconda3/envs/mlops_env/lib/python3.12/site-packages/airflow/example_dags/example_trigger_controller_dag.py
[2024-07-07T23:44:00.362+0500] {logging_mixin.py:188} INFO - [2024-07-07T23:44:00.361+0500] {dag.py:3096} INFO - Sync 1 DAGs
[2024-07-07T23:44:00.377+0500] {logging_mixin.py:188} INFO - [2024-07-07T23:44:00.377+0500] {dag.py:3954} INFO - Setting next_dagrun for example_trigger_controller_dag to 2021-01-01 00:00:00+00:00, run_after=2021-01-01 00:00:00+00:00
[2024-07-07T23:44:00.392+0500] {processor.py:183} INFO - Processing /home/nicolaspc/anaconda3/envs/mlops_env/lib/python3.12/site-packages/airflow/example_dags/example_trigger_controller_dag.py took 0.062 seconds
[2024-07-07T23:44:30.818+0500] {processor.py:161} INFO - Started process (PID=20143) to work on /home/nicolaspc/anaconda3/envs/mlops_env/lib/python3.12/site-packages/airflow/example_dags/example_trigger_controller_dag.py
[2024-07-07T23:44:30.819+0500] {processor.py:830} INFO - Processing file /home/nicolaspc/anaconda3/envs/mlops_env/lib/python3.12/site-packages/airflow/example_dags/example_trigger_controller_dag.py for tasks to queue
[2024-07-07T23:44:30.820+0500] {logging_mixin.py:188} INFO - [2024-07-07T23:44:30.819+0500] {dagbag.py:545} INFO - Filling up the DagBag from /home/nicolaspc/anaconda3/envs/mlops_env/lib/python3.12/site-packages/airflow/example_dags/example_trigger_controller_dag.py
[2024-07-07T23:44:30.824+0500] {processor.py:840} INFO - DAG(s) 'example_trigger_controller_dag' retrieved from /home/nicolaspc/anaconda3/envs/mlops_env/lib/python3.12/site-packages/airflow/example_dags/example_trigger_controller_dag.py
[2024-07-07T23:44:30.847+0500] {logging_mixin.py:188} INFO - [2024-07-07T23:44:30.846+0500] {dag.py:3096} INFO - Sync 1 DAGs
[2024-07-07T23:44:30.861+0500] {logging_mixin.py:188} INFO - [2024-07-07T23:44:30.861+0500] {dag.py:3954} INFO - Setting next_dagrun for example_trigger_controller_dag to 2021-01-01 00:00:00+00:00, run_after=2021-01-01 00:00:00+00:00
[2024-07-07T23:44:30.876+0500] {processor.py:183} INFO - Processing /home/nicolaspc/anaconda3/envs/mlops_env/lib/python3.12/site-packages/airflow/example_dags/example_trigger_controller_dag.py took 0.064 seconds
[2024-07-07T23:45:01.405+0500] {processor.py:161} INFO - Started process (PID=20511) to work on /home/nicolaspc/anaconda3/envs/mlops_env/lib/python3.12/site-packages/airflow/example_dags/example_trigger_controller_dag.py
[2024-07-07T23:45:01.406+0500] {processor.py:830} INFO - Processing file /home/nicolaspc/anaconda3/envs/mlops_env/lib/python3.12/site-packages/airflow/example_dags/example_trigger_controller_dag.py for tasks to queue
[2024-07-07T23:45:01.406+0500] {logging_mixin.py:188} INFO - [2024-07-07T23:45:01.406+0500] {dagbag.py:545} INFO - Filling up the DagBag from /home/nicolaspc/anaconda3/envs/mlops_env/lib/python3.12/site-packages/airflow/example_dags/example_trigger_controller_dag.py
[2024-07-07T23:45:01.409+0500] {processor.py:840} INFO - DAG(s) 'example_trigger_controller_dag' retrieved from /home/nicolaspc/anaconda3/envs/mlops_env/lib/python3.12/site-packages/airflow/example_dags/example_trigger_controller_dag.py
[2024-07-07T23:45:01.429+0500] {logging_mixin.py:188} INFO - [2024-07-07T23:45:01.429+0500] {dag.py:3096} INFO - Sync 1 DAGs
[2024-07-07T23:45:01.445+0500] {logging_mixin.py:188} INFO - [2024-07-07T23:45:01.445+0500] {dag.py:3954} INFO - Setting next_dagrun for example_trigger_controller_dag to 2021-01-01 00:00:00+00:00, run_after=2021-01-01 00:00:00+00:00
[2024-07-07T23:45:01.461+0500] {processor.py:183} INFO - Processing /home/nicolaspc/anaconda3/envs/mlops_env/lib/python3.12/site-packages/airflow/example_dags/example_trigger_controller_dag.py took 0.062 seconds
[2024-07-07T23:45:32.169+0500] {processor.py:161} INFO - Started process (PID=20836) to work on /home/nicolaspc/anaconda3/envs/mlops_env/lib/python3.12/site-packages/airflow/example_dags/example_trigger_controller_dag.py
[2024-07-07T23:45:32.169+0500] {processor.py:830} INFO - Processing file /home/nicolaspc/anaconda3/envs/mlops_env/lib/python3.12/site-packages/airflow/example_dags/example_trigger_controller_dag.py for tasks to queue
[2024-07-07T23:45:32.170+0500] {logging_mixin.py:188} INFO - [2024-07-07T23:45:32.170+0500] {dagbag.py:545} INFO - Filling up the DagBag from /home/nicolaspc/anaconda3/envs/mlops_env/lib/python3.12/site-packages/airflow/example_dags/example_trigger_controller_dag.py
[2024-07-07T23:45:32.173+0500] {processor.py:840} INFO - DAG(s) 'example_trigger_controller_dag' retrieved from /home/nicolaspc/anaconda3/envs/mlops_env/lib/python3.12/site-packages/airflow/example_dags/example_trigger_controller_dag.py
[2024-07-07T23:45:32.194+0500] {logging_mixin.py:188} INFO - [2024-07-07T23:45:32.193+0500] {dag.py:3096} INFO - Sync 1 DAGs
[2024-07-07T23:45:32.210+0500] {logging_mixin.py:188} INFO - [2024-07-07T23:45:32.210+0500] {dag.py:3954} INFO - Setting next_dagrun for example_trigger_controller_dag to 2021-01-01 00:00:00+00:00, run_after=2021-01-01 00:00:00+00:00
[2024-07-07T23:45:32.225+0500] {processor.py:183} INFO - Processing /home/nicolaspc/anaconda3/envs/mlops_env/lib/python3.12/site-packages/airflow/example_dags/example_trigger_controller_dag.py took 0.062 seconds
[2024-07-07T23:46:02.716+0500] {processor.py:161} INFO - Started process (PID=21174) to work on /home/nicolaspc/anaconda3/envs/mlops_env/lib/python3.12/site-packages/airflow/example_dags/example_trigger_controller_dag.py
[2024-07-07T23:46:02.717+0500] {processor.py:830} INFO - Processing file /home/nicolaspc/anaconda3/envs/mlops_env/lib/python3.12/site-packages/airflow/example_dags/example_trigger_controller_dag.py for tasks to queue
[2024-07-07T23:46:02.717+0500] {logging_mixin.py:188} INFO - [2024-07-07T23:46:02.717+0500] {dagbag.py:545} INFO - Filling up the DagBag from /home/nicolaspc/anaconda3/envs/mlops_env/lib/python3.12/site-packages/airflow/example_dags/example_trigger_controller_dag.py
[2024-07-07T23:46:02.720+0500] {processor.py:840} INFO - DAG(s) 'example_trigger_controller_dag' retrieved from /home/nicolaspc/anaconda3/envs/mlops_env/lib/python3.12/site-packages/airflow/example_dags/example_trigger_controller_dag.py
[2024-07-07T23:46:02.741+0500] {logging_mixin.py:188} INFO - [2024-07-07T23:46:02.741+0500] {dag.py:3096} INFO - Sync 1 DAGs
[2024-07-07T23:46:02.757+0500] {logging_mixin.py:188} INFO - [2024-07-07T23:46:02.757+0500] {dag.py:3954} INFO - Setting next_dagrun for example_trigger_controller_dag to 2021-01-01 00:00:00+00:00, run_after=2021-01-01 00:00:00+00:00
[2024-07-07T23:46:02.774+0500] {processor.py:183} INFO - Processing /home/nicolaspc/anaconda3/envs/mlops_env/lib/python3.12/site-packages/airflow/example_dags/example_trigger_controller_dag.py took 0.063 seconds
[2024-07-07T23:46:33.360+0500] {processor.py:161} INFO - Started process (PID=21536) to work on /home/nicolaspc/anaconda3/envs/mlops_env/lib/python3.12/site-packages/airflow/example_dags/example_trigger_controller_dag.py
[2024-07-07T23:46:33.360+0500] {processor.py:830} INFO - Processing file /home/nicolaspc/anaconda3/envs/mlops_env/lib/python3.12/site-packages/airflow/example_dags/example_trigger_controller_dag.py for tasks to queue
[2024-07-07T23:46:33.361+0500] {logging_mixin.py:188} INFO - [2024-07-07T23:46:33.361+0500] {dagbag.py:545} INFO - Filling up the DagBag from /home/nicolaspc/anaconda3/envs/mlops_env/lib/python3.12/site-packages/airflow/example_dags/example_trigger_controller_dag.py
[2024-07-07T23:46:33.364+0500] {processor.py:840} INFO - DAG(s) 'example_trigger_controller_dag' retrieved from /home/nicolaspc/anaconda3/envs/mlops_env/lib/python3.12/site-packages/airflow/example_dags/example_trigger_controller_dag.py
[2024-07-07T23:46:33.384+0500] {logging_mixin.py:188} INFO - [2024-07-07T23:46:33.384+0500] {dag.py:3096} INFO - Sync 1 DAGs
[2024-07-07T23:46:33.400+0500] {logging_mixin.py:188} INFO - [2024-07-07T23:46:33.400+0500] {dag.py:3954} INFO - Setting next_dagrun for example_trigger_controller_dag to 2021-01-01 00:00:00+00:00, run_after=2021-01-01 00:00:00+00:00
[2024-07-07T23:46:33.415+0500] {processor.py:183} INFO - Processing /home/nicolaspc/anaconda3/envs/mlops_env/lib/python3.12/site-packages/airflow/example_dags/example_trigger_controller_dag.py took 0.061 seconds
[2024-07-07T23:47:04.184+0500] {processor.py:161} INFO - Started process (PID=21868) to work on /home/nicolaspc/anaconda3/envs/mlops_env/lib/python3.12/site-packages/airflow/example_dags/example_trigger_controller_dag.py
[2024-07-07T23:47:04.185+0500] {processor.py:830} INFO - Processing file /home/nicolaspc/anaconda3/envs/mlops_env/lib/python3.12/site-packages/airflow/example_dags/example_trigger_controller_dag.py for tasks to queue
[2024-07-07T23:47:04.185+0500] {logging_mixin.py:188} INFO - [2024-07-07T23:47:04.185+0500] {dagbag.py:545} INFO - Filling up the DagBag from /home/nicolaspc/anaconda3/envs/mlops_env/lib/python3.12/site-packages/airflow/example_dags/example_trigger_controller_dag.py
[2024-07-07T23:47:04.188+0500] {processor.py:840} INFO - DAG(s) 'example_trigger_controller_dag' retrieved from /home/nicolaspc/anaconda3/envs/mlops_env/lib/python3.12/site-packages/airflow/example_dags/example_trigger_controller_dag.py
[2024-07-07T23:47:04.207+0500] {logging_mixin.py:188} INFO - [2024-07-07T23:47:04.207+0500] {dag.py:3096} INFO - Sync 1 DAGs
[2024-07-07T23:47:04.223+0500] {logging_mixin.py:188} INFO - [2024-07-07T23:47:04.223+0500] {dag.py:3954} INFO - Setting next_dagrun for example_trigger_controller_dag to 2021-01-01 00:00:00+00:00, run_after=2021-01-01 00:00:00+00:00
[2024-07-07T23:47:04.238+0500] {processor.py:183} INFO - Processing /home/nicolaspc/anaconda3/envs/mlops_env/lib/python3.12/site-packages/airflow/example_dags/example_trigger_controller_dag.py took 0.060 seconds
[2024-07-07T23:47:34.687+0500] {processor.py:161} INFO - Started process (PID=22196) to work on /home/nicolaspc/anaconda3/envs/mlops_env/lib/python3.12/site-packages/airflow/example_dags/example_trigger_controller_dag.py
[2024-07-07T23:47:34.687+0500] {processor.py:830} INFO - Processing file /home/nicolaspc/anaconda3/envs/mlops_env/lib/python3.12/site-packages/airflow/example_dags/example_trigger_controller_dag.py for tasks to queue
[2024-07-07T23:47:34.688+0500] {logging_mixin.py:188} INFO - [2024-07-07T23:47:34.688+0500] {dagbag.py:545} INFO - Filling up the DagBag from /home/nicolaspc/anaconda3/envs/mlops_env/lib/python3.12/site-packages/airflow/example_dags/example_trigger_controller_dag.py
[2024-07-07T23:47:34.691+0500] {processor.py:840} INFO - DAG(s) 'example_trigger_controller_dag' retrieved from /home/nicolaspc/anaconda3/envs/mlops_env/lib/python3.12/site-packages/airflow/example_dags/example_trigger_controller_dag.py
[2024-07-07T23:47:34.709+0500] {logging_mixin.py:188} INFO - [2024-07-07T23:47:34.709+0500] {dag.py:3096} INFO - Sync 1 DAGs
[2024-07-07T23:47:34.725+0500] {logging_mixin.py:188} INFO - [2024-07-07T23:47:34.725+0500] {dag.py:3954} INFO - Setting next_dagrun for example_trigger_controller_dag to 2021-01-01 00:00:00+00:00, run_after=2021-01-01 00:00:00+00:00
[2024-07-07T23:47:34.740+0500] {processor.py:183} INFO - Processing /home/nicolaspc/anaconda3/envs/mlops_env/lib/python3.12/site-packages/airflow/example_dags/example_trigger_controller_dag.py took 0.059 seconds
[2024-07-07T23:48:05.297+0500] {processor.py:161} INFO - Started process (PID=22521) to work on /home/nicolaspc/anaconda3/envs/mlops_env/lib/python3.12/site-packages/airflow/example_dags/example_trigger_controller_dag.py
[2024-07-07T23:48:05.298+0500] {processor.py:830} INFO - Processing file /home/nicolaspc/anaconda3/envs/mlops_env/lib/python3.12/site-packages/airflow/example_dags/example_trigger_controller_dag.py for tasks to queue
[2024-07-07T23:48:05.299+0500] {logging_mixin.py:188} INFO - [2024-07-07T23:48:05.298+0500] {dagbag.py:545} INFO - Filling up the DagBag from /home/nicolaspc/anaconda3/envs/mlops_env/lib/python3.12/site-packages/airflow/example_dags/example_trigger_controller_dag.py
[2024-07-07T23:48:05.301+0500] {processor.py:840} INFO - DAG(s) 'example_trigger_controller_dag' retrieved from /home/nicolaspc/anaconda3/envs/mlops_env/lib/python3.12/site-packages/airflow/example_dags/example_trigger_controller_dag.py
[2024-07-07T23:48:05.321+0500] {logging_mixin.py:188} INFO - [2024-07-07T23:48:05.321+0500] {dag.py:3096} INFO - Sync 1 DAGs
[2024-07-07T23:48:05.337+0500] {logging_mixin.py:188} INFO - [2024-07-07T23:48:05.337+0500] {dag.py:3954} INFO - Setting next_dagrun for example_trigger_controller_dag to 2021-01-01 00:00:00+00:00, run_after=2021-01-01 00:00:00+00:00
[2024-07-07T23:48:05.352+0500] {processor.py:183} INFO - Processing /home/nicolaspc/anaconda3/envs/mlops_env/lib/python3.12/site-packages/airflow/example_dags/example_trigger_controller_dag.py took 0.060 seconds
[2024-07-07T23:48:35.835+0500] {processor.py:161} INFO - Started process (PID=22874) to work on /home/nicolaspc/anaconda3/envs/mlops_env/lib/python3.12/site-packages/airflow/example_dags/example_trigger_controller_dag.py
[2024-07-07T23:48:35.836+0500] {processor.py:830} INFO - Processing file /home/nicolaspc/anaconda3/envs/mlops_env/lib/python3.12/site-packages/airflow/example_dags/example_trigger_controller_dag.py for tasks to queue
[2024-07-07T23:48:35.836+0500] {logging_mixin.py:188} INFO - [2024-07-07T23:48:35.836+0500] {dagbag.py:545} INFO - Filling up the DagBag from /home/nicolaspc/anaconda3/envs/mlops_env/lib/python3.12/site-packages/airflow/example_dags/example_trigger_controller_dag.py
[2024-07-07T23:48:35.839+0500] {processor.py:840} INFO - DAG(s) 'example_trigger_controller_dag' retrieved from /home/nicolaspc/anaconda3/envs/mlops_env/lib/python3.12/site-packages/airflow/example_dags/example_trigger_controller_dag.py
[2024-07-07T23:48:35.859+0500] {logging_mixin.py:188} INFO - [2024-07-07T23:48:35.858+0500] {dag.py:3096} INFO - Sync 1 DAGs
[2024-07-07T23:48:35.875+0500] {logging_mixin.py:188} INFO - [2024-07-07T23:48:35.875+0500] {dag.py:3954} INFO - Setting next_dagrun for example_trigger_controller_dag to 2021-01-01 00:00:00+00:00, run_after=2021-01-01 00:00:00+00:00
[2024-07-07T23:48:35.890+0500] {processor.py:183} INFO - Processing /home/nicolaspc/anaconda3/envs/mlops_env/lib/python3.12/site-packages/airflow/example_dags/example_trigger_controller_dag.py took 0.061 seconds
[2024-07-07T23:49:06.967+0500] {processor.py:161} INFO - Started process (PID=23401) to work on /home/nicolaspc/anaconda3/envs/mlops_env/lib/python3.12/site-packages/airflow/example_dags/example_trigger_controller_dag.py
[2024-07-07T23:49:06.968+0500] {processor.py:830} INFO - Processing file /home/nicolaspc/anaconda3/envs/mlops_env/lib/python3.12/site-packages/airflow/example_dags/example_trigger_controller_dag.py for tasks to queue
[2024-07-07T23:49:06.969+0500] {logging_mixin.py:188} INFO - [2024-07-07T23:49:06.968+0500] {dagbag.py:545} INFO - Filling up the DagBag from /home/nicolaspc/anaconda3/envs/mlops_env/lib/python3.12/site-packages/airflow/example_dags/example_trigger_controller_dag.py
[2024-07-07T23:49:06.972+0500] {processor.py:840} INFO - DAG(s) 'example_trigger_controller_dag' retrieved from /home/nicolaspc/anaconda3/envs/mlops_env/lib/python3.12/site-packages/airflow/example_dags/example_trigger_controller_dag.py
[2024-07-07T23:49:07.050+0500] {logging_mixin.py:188} INFO - [2024-07-07T23:49:07.050+0500] {dag.py:3096} INFO - Sync 1 DAGs
[2024-07-07T23:49:07.065+0500] {logging_mixin.py:188} INFO - [2024-07-07T23:49:07.064+0500] {dag.py:3954} INFO - Setting next_dagrun for example_trigger_controller_dag to 2021-01-01 00:00:00+00:00, run_after=2021-01-01 00:00:00+00:00
[2024-07-07T23:49:07.083+0500] {processor.py:183} INFO - Processing /home/nicolaspc/anaconda3/envs/mlops_env/lib/python3.12/site-packages/airflow/example_dags/example_trigger_controller_dag.py took 0.123 seconds
[2024-07-07T23:49:37.614+0500] {processor.py:161} INFO - Started process (PID=23767) to work on /home/nicolaspc/anaconda3/envs/mlops_env/lib/python3.12/site-packages/airflow/example_dags/example_trigger_controller_dag.py
[2024-07-07T23:49:37.615+0500] {processor.py:830} INFO - Processing file /home/nicolaspc/anaconda3/envs/mlops_env/lib/python3.12/site-packages/airflow/example_dags/example_trigger_controller_dag.py for tasks to queue
[2024-07-07T23:49:37.615+0500] {logging_mixin.py:188} INFO - [2024-07-07T23:49:37.615+0500] {dagbag.py:545} INFO - Filling up the DagBag from /home/nicolaspc/anaconda3/envs/mlops_env/lib/python3.12/site-packages/airflow/example_dags/example_trigger_controller_dag.py
[2024-07-07T23:49:37.618+0500] {processor.py:840} INFO - DAG(s) 'example_trigger_controller_dag' retrieved from /home/nicolaspc/anaconda3/envs/mlops_env/lib/python3.12/site-packages/airflow/example_dags/example_trigger_controller_dag.py
[2024-07-07T23:49:37.639+0500] {logging_mixin.py:188} INFO - [2024-07-07T23:49:37.638+0500] {dag.py:3096} INFO - Sync 1 DAGs
[2024-07-07T23:49:37.657+0500] {logging_mixin.py:188} INFO - [2024-07-07T23:49:37.657+0500] {dag.py:3954} INFO - Setting next_dagrun for example_trigger_controller_dag to 2021-01-01 00:00:00+00:00, run_after=2021-01-01 00:00:00+00:00
[2024-07-07T23:49:37.673+0500] {processor.py:183} INFO - Processing /home/nicolaspc/anaconda3/envs/mlops_env/lib/python3.12/site-packages/airflow/example_dags/example_trigger_controller_dag.py took 0.065 seconds
