[2024-07-07T23:35:19.553+0500] {processor.py:161} INFO - Started process (PID=13450) to work on /home/nicolaspc/anaconda3/envs/mlops_env/lib/python3.12/site-packages/airflow/example_dags/example_external_task_marker_dag.py
[2024-07-07T23:35:19.553+0500] {processor.py:830} INFO - Processing file /home/nicolaspc/anaconda3/envs/mlops_env/lib/python3.12/site-packages/airflow/example_dags/example_external_task_marker_dag.py for tasks to queue
[2024-07-07T23:35:19.554+0500] {logging_mixin.py:188} INFO - [2024-07-07T23:35:19.554+0500] {dagbag.py:545} INFO - Filling up the DagBag from /home/nicolaspc/anaconda3/envs/mlops_env/lib/python3.12/site-packages/airflow/example_dags/example_external_task_marker_dag.py
[2024-07-07T23:35:19.558+0500] {processor.py:840} INFO - DAG(s) 'example_external_task_marker_child', 'example_external_task_marker_parent' retrieved from /home/nicolaspc/anaconda3/envs/mlops_env/lib/python3.12/site-packages/airflow/example_dags/example_external_task_marker_dag.py
[2024-07-07T23:35:19.581+0500] {logging_mixin.py:188} INFO - [2024-07-07T23:35:19.580+0500] {dag.py:3096} INFO - Sync 2 DAGs
[2024-07-07T23:35:19.590+0500] {logging_mixin.py:188} INFO - [2024-07-07T23:35:19.590+0500] {dag.py:3954} INFO - Setting next_dagrun for example_external_task_marker_child to None, run_after=None
[2024-07-07T23:35:19.593+0500] {logging_mixin.py:188} INFO - [2024-07-07T23:35:19.592+0500] {dag.py:3954} INFO - Setting next_dagrun for example_external_task_marker_parent to None, run_after=None
[2024-07-07T23:35:19.615+0500] {processor.py:183} INFO - Processing /home/nicolaspc/anaconda3/envs/mlops_env/lib/python3.12/site-packages/airflow/example_dags/example_external_task_marker_dag.py took 0.068 seconds
[2024-07-07T23:35:49.943+0500] {processor.py:161} INFO - Started process (PID=13795) to work on /home/nicolaspc/anaconda3/envs/mlops_env/lib/python3.12/site-packages/airflow/example_dags/example_external_task_marker_dag.py
[2024-07-07T23:35:49.946+0500] {processor.py:830} INFO - Processing file /home/nicolaspc/anaconda3/envs/mlops_env/lib/python3.12/site-packages/airflow/example_dags/example_external_task_marker_dag.py for tasks to queue
[2024-07-07T23:35:49.947+0500] {logging_mixin.py:188} INFO - [2024-07-07T23:35:49.946+0500] {dagbag.py:545} INFO - Filling up the DagBag from /home/nicolaspc/anaconda3/envs/mlops_env/lib/python3.12/site-packages/airflow/example_dags/example_external_task_marker_dag.py
[2024-07-07T23:35:49.952+0500] {processor.py:840} INFO - DAG(s) 'example_external_task_marker_parent', 'example_external_task_marker_child' retrieved from /home/nicolaspc/anaconda3/envs/mlops_env/lib/python3.12/site-packages/airflow/example_dags/example_external_task_marker_dag.py
[2024-07-07T23:35:49.993+0500] {logging_mixin.py:188} INFO - [2024-07-07T23:35:49.993+0500] {dag.py:3096} INFO - Sync 2 DAGs
[2024-07-07T23:35:50.004+0500] {logging_mixin.py:188} INFO - [2024-07-07T23:35:50.004+0500] {dag.py:3954} INFO - Setting next_dagrun for example_external_task_marker_child to None, run_after=None
[2024-07-07T23:35:50.007+0500] {logging_mixin.py:188} INFO - [2024-07-07T23:35:50.007+0500] {dag.py:3954} INFO - Setting next_dagrun for example_external_task_marker_parent to None, run_after=None
[2024-07-07T23:35:50.038+0500] {processor.py:183} INFO - Processing /home/nicolaspc/anaconda3/envs/mlops_env/lib/python3.12/site-packages/airflow/example_dags/example_external_task_marker_dag.py took 0.103 seconds
[2024-07-07T23:36:20.646+0500] {processor.py:161} INFO - Started process (PID=14192) to work on /home/nicolaspc/anaconda3/envs/mlops_env/lib/python3.12/site-packages/airflow/example_dags/example_external_task_marker_dag.py
[2024-07-07T23:36:20.647+0500] {processor.py:830} INFO - Processing file /home/nicolaspc/anaconda3/envs/mlops_env/lib/python3.12/site-packages/airflow/example_dags/example_external_task_marker_dag.py for tasks to queue
[2024-07-07T23:36:20.647+0500] {logging_mixin.py:188} INFO - [2024-07-07T23:36:20.647+0500] {dagbag.py:545} INFO - Filling up the DagBag from /home/nicolaspc/anaconda3/envs/mlops_env/lib/python3.12/site-packages/airflow/example_dags/example_external_task_marker_dag.py
[2024-07-07T23:36:20.651+0500] {processor.py:840} INFO - DAG(s) 'example_external_task_marker_parent', 'example_external_task_marker_child' retrieved from /home/nicolaspc/anaconda3/envs/mlops_env/lib/python3.12/site-packages/airflow/example_dags/example_external_task_marker_dag.py
[2024-07-07T23:36:20.677+0500] {logging_mixin.py:188} INFO - [2024-07-07T23:36:20.676+0500] {dag.py:3096} INFO - Sync 2 DAGs
[2024-07-07T23:36:20.686+0500] {logging_mixin.py:188} INFO - [2024-07-07T23:36:20.686+0500] {dag.py:3954} INFO - Setting next_dagrun for example_external_task_marker_child to None, run_after=None
[2024-07-07T23:36:20.689+0500] {logging_mixin.py:188} INFO - [2024-07-07T23:36:20.689+0500] {dag.py:3954} INFO - Setting next_dagrun for example_external_task_marker_parent to None, run_after=None
[2024-07-07T23:36:20.705+0500] {processor.py:183} INFO - Processing /home/nicolaspc/anaconda3/envs/mlops_env/lib/python3.12/site-packages/airflow/example_dags/example_external_task_marker_dag.py took 0.064 seconds
[2024-07-07T23:36:34.233+0500] {processor.py:161} INFO - Started process (PID=14389) to work on /home/nicolaspc/anaconda3/envs/mlops_env/lib/python3.12/site-packages/airflow/example_dags/example_external_task_marker_dag.py
[2024-07-07T23:36:34.242+0500] {processor.py:830} INFO - Processing file /home/nicolaspc/anaconda3/envs/mlops_env/lib/python3.12/site-packages/airflow/example_dags/example_external_task_marker_dag.py for tasks to queue
[2024-07-07T23:36:34.243+0500] {logging_mixin.py:188} INFO - [2024-07-07T23:36:34.243+0500] {dagbag.py:545} INFO - Filling up the DagBag from /home/nicolaspc/anaconda3/envs/mlops_env/lib/python3.12/site-packages/airflow/example_dags/example_external_task_marker_dag.py
[2024-07-07T23:36:34.248+0500] {processor.py:840} INFO - DAG(s) 'example_external_task_marker_parent', 'example_external_task_marker_child' retrieved from /home/nicolaspc/anaconda3/envs/mlops_env/lib/python3.12/site-packages/airflow/example_dags/example_external_task_marker_dag.py
[2024-07-07T23:36:34.324+0500] {logging_mixin.py:188} INFO - [2024-07-07T23:36:34.323+0500] {override.py:1829} INFO - Created Permission View: can delete on DAG:example_external_task_marker_parent
[2024-07-07T23:36:34.338+0500] {logging_mixin.py:188} INFO - [2024-07-07T23:36:34.338+0500] {override.py:1829} INFO - Created Permission View: can edit on DAG:example_external_task_marker_parent
[2024-07-07T23:36:34.352+0500] {logging_mixin.py:188} INFO - [2024-07-07T23:36:34.352+0500] {override.py:1829} INFO - Created Permission View: can read on DAG:example_external_task_marker_parent
[2024-07-07T23:36:34.388+0500] {logging_mixin.py:188} INFO - [2024-07-07T23:36:34.388+0500] {override.py:1829} INFO - Created Permission View: can delete on DAG:example_external_task_marker_child
[2024-07-07T23:36:34.401+0500] {logging_mixin.py:188} INFO - [2024-07-07T23:36:34.401+0500] {override.py:1829} INFO - Created Permission View: can edit on DAG:example_external_task_marker_child
[2024-07-07T23:36:34.414+0500] {logging_mixin.py:188} INFO - [2024-07-07T23:36:34.413+0500] {override.py:1829} INFO - Created Permission View: can read on DAG:example_external_task_marker_child
[2024-07-07T23:36:34.414+0500] {logging_mixin.py:188} INFO - [2024-07-07T23:36:34.414+0500] {dag.py:3096} INFO - Sync 2 DAGs
[2024-07-07T23:36:34.420+0500] {logging_mixin.py:188} INFO - [2024-07-07T23:36:34.420+0500] {dag.py:3118} INFO - Creating ORM DAG for example_external_task_marker_child
[2024-07-07T23:36:34.421+0500] {logging_mixin.py:188} INFO - [2024-07-07T23:36:34.421+0500] {dag.py:3118} INFO - Creating ORM DAG for example_external_task_marker_parent
[2024-07-07T23:36:34.421+0500] {logging_mixin.py:188} INFO - [2024-07-07T23:36:34.421+0500] {dag.py:3954} INFO - Setting next_dagrun for example_external_task_marker_child to None, run_after=None
[2024-07-07T23:36:34.421+0500] {logging_mixin.py:188} INFO - [2024-07-07T23:36:34.421+0500] {dag.py:3954} INFO - Setting next_dagrun for example_external_task_marker_parent to None, run_after=None
[2024-07-07T23:36:34.442+0500] {processor.py:183} INFO - Processing /home/nicolaspc/anaconda3/envs/mlops_env/lib/python3.12/site-packages/airflow/example_dags/example_external_task_marker_dag.py took 0.212 seconds
[2024-07-07T23:36:51.296+0500] {processor.py:161} INFO - Started process (PID=14602) to work on /home/nicolaspc/anaconda3/envs/mlops_env/lib/python3.12/site-packages/airflow/example_dags/example_external_task_marker_dag.py
[2024-07-07T23:36:51.298+0500] {processor.py:830} INFO - Processing file /home/nicolaspc/anaconda3/envs/mlops_env/lib/python3.12/site-packages/airflow/example_dags/example_external_task_marker_dag.py for tasks to queue
[2024-07-07T23:36:51.299+0500] {logging_mixin.py:188} INFO - [2024-07-07T23:36:51.298+0500] {dagbag.py:545} INFO - Filling up the DagBag from /home/nicolaspc/anaconda3/envs/mlops_env/lib/python3.12/site-packages/airflow/example_dags/example_external_task_marker_dag.py
[2024-07-07T23:36:51.304+0500] {processor.py:840} INFO - DAG(s) 'example_external_task_marker_parent', 'example_external_task_marker_child' retrieved from /home/nicolaspc/anaconda3/envs/mlops_env/lib/python3.12/site-packages/airflow/example_dags/example_external_task_marker_dag.py
[2024-07-07T23:36:51.348+0500] {logging_mixin.py:188} INFO - [2024-07-07T23:36:51.347+0500] {dag.py:3096} INFO - Sync 2 DAGs
[2024-07-07T23:36:51.358+0500] {logging_mixin.py:188} INFO - [2024-07-07T23:36:51.358+0500] {dag.py:3954} INFO - Setting next_dagrun for example_external_task_marker_child to None, run_after=None
[2024-07-07T23:36:51.361+0500] {logging_mixin.py:188} INFO - [2024-07-07T23:36:51.361+0500] {dag.py:3954} INFO - Setting next_dagrun for example_external_task_marker_parent to None, run_after=None
[2024-07-07T23:36:51.388+0500] {processor.py:183} INFO - Processing /home/nicolaspc/anaconda3/envs/mlops_env/lib/python3.12/site-packages/airflow/example_dags/example_external_task_marker_dag.py took 0.099 seconds
[2024-07-07T23:37:21.659+0500] {processor.py:161} INFO - Started process (PID=14936) to work on /home/nicolaspc/anaconda3/envs/mlops_env/lib/python3.12/site-packages/airflow/example_dags/example_external_task_marker_dag.py
[2024-07-07T23:37:21.660+0500] {processor.py:830} INFO - Processing file /home/nicolaspc/anaconda3/envs/mlops_env/lib/python3.12/site-packages/airflow/example_dags/example_external_task_marker_dag.py for tasks to queue
[2024-07-07T23:37:21.660+0500] {logging_mixin.py:188} INFO - [2024-07-07T23:37:21.660+0500] {dagbag.py:545} INFO - Filling up the DagBag from /home/nicolaspc/anaconda3/envs/mlops_env/lib/python3.12/site-packages/airflow/example_dags/example_external_task_marker_dag.py
[2024-07-07T23:37:21.664+0500] {processor.py:840} INFO - DAG(s) 'example_external_task_marker_child', 'example_external_task_marker_parent' retrieved from /home/nicolaspc/anaconda3/envs/mlops_env/lib/python3.12/site-packages/airflow/example_dags/example_external_task_marker_dag.py
[2024-07-07T23:37:21.686+0500] {logging_mixin.py:188} INFO - [2024-07-07T23:37:21.686+0500] {dag.py:3096} INFO - Sync 2 DAGs
[2024-07-07T23:37:21.695+0500] {logging_mixin.py:188} INFO - [2024-07-07T23:37:21.694+0500] {dag.py:3954} INFO - Setting next_dagrun for example_external_task_marker_child to None, run_after=None
[2024-07-07T23:37:21.698+0500] {logging_mixin.py:188} INFO - [2024-07-07T23:37:21.698+0500] {dag.py:3954} INFO - Setting next_dagrun for example_external_task_marker_parent to None, run_after=None
[2024-07-07T23:37:21.711+0500] {processor.py:183} INFO - Processing /home/nicolaspc/anaconda3/envs/mlops_env/lib/python3.12/site-packages/airflow/example_dags/example_external_task_marker_dag.py took 0.057 seconds
[2024-07-07T23:37:26.124+0500] {processor.py:161} INFO - Started process (PID=15117) to work on /home/nicolaspc/anaconda3/envs/mlops_env/lib/python3.12/site-packages/airflow/example_dags/example_external_task_marker_dag.py
[2024-07-07T23:37:26.124+0500] {processor.py:830} INFO - Processing file /home/nicolaspc/anaconda3/envs/mlops_env/lib/python3.12/site-packages/airflow/example_dags/example_external_task_marker_dag.py for tasks to queue
[2024-07-07T23:37:26.125+0500] {logging_mixin.py:188} INFO - [2024-07-07T23:37:26.125+0500] {dagbag.py:545} INFO - Filling up the DagBag from /home/nicolaspc/anaconda3/envs/mlops_env/lib/python3.12/site-packages/airflow/example_dags/example_external_task_marker_dag.py
[2024-07-07T23:37:26.129+0500] {processor.py:840} INFO - DAG(s) 'example_external_task_marker_parent', 'example_external_task_marker_child' retrieved from /home/nicolaspc/anaconda3/envs/mlops_env/lib/python3.12/site-packages/airflow/example_dags/example_external_task_marker_dag.py
[2024-07-07T23:37:26.141+0500] {logging_mixin.py:188} INFO - [2024-07-07T23:37:26.141+0500] {dag.py:3096} INFO - Sync 2 DAGs
[2024-07-07T23:37:26.149+0500] {logging_mixin.py:188} INFO - [2024-07-07T23:37:26.149+0500] {dag.py:3954} INFO - Setting next_dagrun for example_external_task_marker_child to None, run_after=None
[2024-07-07T23:37:26.151+0500] {logging_mixin.py:188} INFO - [2024-07-07T23:37:26.151+0500] {dag.py:3954} INFO - Setting next_dagrun for example_external_task_marker_parent to None, run_after=None
[2024-07-07T23:37:26.170+0500] {processor.py:183} INFO - Processing /home/nicolaspc/anaconda3/envs/mlops_env/lib/python3.12/site-packages/airflow/example_dags/example_external_task_marker_dag.py took 0.050 seconds
[2024-07-07T23:37:52.120+0500] {processor.py:161} INFO - Started process (PID=15326) to work on /home/nicolaspc/anaconda3/envs/mlops_env/lib/python3.12/site-packages/airflow/example_dags/example_external_task_marker_dag.py
[2024-07-07T23:37:52.121+0500] {processor.py:830} INFO - Processing file /home/nicolaspc/anaconda3/envs/mlops_env/lib/python3.12/site-packages/airflow/example_dags/example_external_task_marker_dag.py for tasks to queue
[2024-07-07T23:37:52.121+0500] {logging_mixin.py:188} INFO - [2024-07-07T23:37:52.121+0500] {dagbag.py:545} INFO - Filling up the DagBag from /home/nicolaspc/anaconda3/envs/mlops_env/lib/python3.12/site-packages/airflow/example_dags/example_external_task_marker_dag.py
[2024-07-07T23:37:52.125+0500] {processor.py:840} INFO - DAG(s) 'example_external_task_marker_parent', 'example_external_task_marker_child' retrieved from /home/nicolaspc/anaconda3/envs/mlops_env/lib/python3.12/site-packages/airflow/example_dags/example_external_task_marker_dag.py
[2024-07-07T23:37:52.148+0500] {logging_mixin.py:188} INFO - [2024-07-07T23:37:52.148+0500] {dag.py:3096} INFO - Sync 2 DAGs
[2024-07-07T23:37:52.158+0500] {logging_mixin.py:188} INFO - [2024-07-07T23:37:52.158+0500] {dag.py:3954} INFO - Setting next_dagrun for example_external_task_marker_child to None, run_after=None
[2024-07-07T23:37:52.161+0500] {logging_mixin.py:188} INFO - [2024-07-07T23:37:52.160+0500] {dag.py:3954} INFO - Setting next_dagrun for example_external_task_marker_parent to None, run_after=None
[2024-07-07T23:37:52.174+0500] {processor.py:183} INFO - Processing /home/nicolaspc/anaconda3/envs/mlops_env/lib/python3.12/site-packages/airflow/example_dags/example_external_task_marker_dag.py took 0.060 seconds
[2024-07-07T23:38:14.550+0500] {processor.py:161} INFO - Started process (PID=15540) to work on /home/nicolaspc/anaconda3/envs/mlops_env/lib/python3.12/site-packages/airflow/example_dags/example_external_task_marker_dag.py
[2024-07-07T23:38:14.551+0500] {processor.py:830} INFO - Processing file /home/nicolaspc/anaconda3/envs/mlops_env/lib/python3.12/site-packages/airflow/example_dags/example_external_task_marker_dag.py for tasks to queue
[2024-07-07T23:38:14.552+0500] {logging_mixin.py:188} INFO - [2024-07-07T23:38:14.552+0500] {dagbag.py:545} INFO - Filling up the DagBag from /home/nicolaspc/anaconda3/envs/mlops_env/lib/python3.12/site-packages/airflow/example_dags/example_external_task_marker_dag.py
[2024-07-07T23:38:14.556+0500] {processor.py:840} INFO - DAG(s) 'example_external_task_marker_parent', 'example_external_task_marker_child' retrieved from /home/nicolaspc/anaconda3/envs/mlops_env/lib/python3.12/site-packages/airflow/example_dags/example_external_task_marker_dag.py
[2024-07-07T23:38:14.569+0500] {logging_mixin.py:188} INFO - [2024-07-07T23:38:14.569+0500] {dag.py:3096} INFO - Sync 2 DAGs
[2024-07-07T23:38:14.576+0500] {logging_mixin.py:188} INFO - [2024-07-07T23:38:14.576+0500] {dag.py:3954} INFO - Setting next_dagrun for example_external_task_marker_child to None, run_after=None
[2024-07-07T23:38:14.578+0500] {logging_mixin.py:188} INFO - [2024-07-07T23:38:14.578+0500] {dag.py:3954} INFO - Setting next_dagrun for example_external_task_marker_parent to None, run_after=None
[2024-07-07T23:38:14.598+0500] {processor.py:183} INFO - Processing /home/nicolaspc/anaconda3/envs/mlops_env/lib/python3.12/site-packages/airflow/example_dags/example_external_task_marker_dag.py took 0.051 seconds
[2024-07-07T23:38:22.797+0500] {processor.py:161} INFO - Started process (PID=15717) to work on /home/nicolaspc/anaconda3/envs/mlops_env/lib/python3.12/site-packages/airflow/example_dags/example_external_task_marker_dag.py
[2024-07-07T23:38:22.797+0500] {processor.py:830} INFO - Processing file /home/nicolaspc/anaconda3/envs/mlops_env/lib/python3.12/site-packages/airflow/example_dags/example_external_task_marker_dag.py for tasks to queue
[2024-07-07T23:38:22.798+0500] {logging_mixin.py:188} INFO - [2024-07-07T23:38:22.798+0500] {dagbag.py:545} INFO - Filling up the DagBag from /home/nicolaspc/anaconda3/envs/mlops_env/lib/python3.12/site-packages/airflow/example_dags/example_external_task_marker_dag.py
[2024-07-07T23:38:22.802+0500] {processor.py:840} INFO - DAG(s) 'example_external_task_marker_child', 'example_external_task_marker_parent' retrieved from /home/nicolaspc/anaconda3/envs/mlops_env/lib/python3.12/site-packages/airflow/example_dags/example_external_task_marker_dag.py
[2024-07-07T23:38:22.823+0500] {logging_mixin.py:188} INFO - [2024-07-07T23:38:22.822+0500] {dag.py:3096} INFO - Sync 2 DAGs
[2024-07-07T23:38:22.831+0500] {logging_mixin.py:188} INFO - [2024-07-07T23:38:22.831+0500] {dag.py:3954} INFO - Setting next_dagrun for example_external_task_marker_child to None, run_after=None
[2024-07-07T23:38:22.833+0500] {logging_mixin.py:188} INFO - [2024-07-07T23:38:22.833+0500] {dag.py:3954} INFO - Setting next_dagrun for example_external_task_marker_parent to None, run_after=None
[2024-07-07T23:38:22.850+0500] {processor.py:183} INFO - Processing /home/nicolaspc/anaconda3/envs/mlops_env/lib/python3.12/site-packages/airflow/example_dags/example_external_task_marker_dag.py took 0.059 seconds
[2024-07-07T23:38:53.581+0500] {processor.py:161} INFO - Started process (PID=16103) to work on /home/nicolaspc/anaconda3/envs/mlops_env/lib/python3.12/site-packages/airflow/example_dags/example_external_task_marker_dag.py
[2024-07-07T23:38:53.582+0500] {processor.py:830} INFO - Processing file /home/nicolaspc/anaconda3/envs/mlops_env/lib/python3.12/site-packages/airflow/example_dags/example_external_task_marker_dag.py for tasks to queue
[2024-07-07T23:38:53.583+0500] {logging_mixin.py:188} INFO - [2024-07-07T23:38:53.582+0500] {dagbag.py:545} INFO - Filling up the DagBag from /home/nicolaspc/anaconda3/envs/mlops_env/lib/python3.12/site-packages/airflow/example_dags/example_external_task_marker_dag.py
[2024-07-07T23:38:53.586+0500] {processor.py:840} INFO - DAG(s) 'example_external_task_marker_child', 'example_external_task_marker_parent' retrieved from /home/nicolaspc/anaconda3/envs/mlops_env/lib/python3.12/site-packages/airflow/example_dags/example_external_task_marker_dag.py
[2024-07-07T23:38:53.609+0500] {logging_mixin.py:188} INFO - [2024-07-07T23:38:53.609+0500] {dag.py:3096} INFO - Sync 2 DAGs
[2024-07-07T23:38:53.619+0500] {logging_mixin.py:188} INFO - [2024-07-07T23:38:53.618+0500] {dag.py:3954} INFO - Setting next_dagrun for example_external_task_marker_child to None, run_after=None
[2024-07-07T23:38:53.621+0500] {logging_mixin.py:188} INFO - [2024-07-07T23:38:53.621+0500] {dag.py:3954} INFO - Setting next_dagrun for example_external_task_marker_parent to None, run_after=None
[2024-07-07T23:38:53.636+0500] {processor.py:183} INFO - Processing /home/nicolaspc/anaconda3/envs/mlops_env/lib/python3.12/site-packages/airflow/example_dags/example_external_task_marker_dag.py took 0.060 seconds
[2024-07-07T23:39:14.701+0500] {processor.py:161} INFO - Started process (PID=16321) to work on /home/nicolaspc/anaconda3/envs/mlops_env/lib/python3.12/site-packages/airflow/example_dags/example_external_task_marker_dag.py
[2024-07-07T23:39:14.710+0500] {processor.py:830} INFO - Processing file /home/nicolaspc/anaconda3/envs/mlops_env/lib/python3.12/site-packages/airflow/example_dags/example_external_task_marker_dag.py for tasks to queue
[2024-07-07T23:39:14.711+0500] {logging_mixin.py:188} INFO - [2024-07-07T23:39:14.711+0500] {dagbag.py:545} INFO - Filling up the DagBag from /home/nicolaspc/anaconda3/envs/mlops_env/lib/python3.12/site-packages/airflow/example_dags/example_external_task_marker_dag.py
[2024-07-07T23:39:14.715+0500] {processor.py:840} INFO - DAG(s) 'example_external_task_marker_child', 'example_external_task_marker_parent' retrieved from /home/nicolaspc/anaconda3/envs/mlops_env/lib/python3.12/site-packages/airflow/example_dags/example_external_task_marker_dag.py
[2024-07-07T23:39:14.727+0500] {logging_mixin.py:188} INFO - [2024-07-07T23:39:14.726+0500] {dag.py:3096} INFO - Sync 2 DAGs
[2024-07-07T23:39:14.733+0500] {logging_mixin.py:188} INFO - [2024-07-07T23:39:14.733+0500] {dag.py:3954} INFO - Setting next_dagrun for example_external_task_marker_child to None, run_after=None
[2024-07-07T23:39:14.735+0500] {logging_mixin.py:188} INFO - [2024-07-07T23:39:14.735+0500] {dag.py:3954} INFO - Setting next_dagrun for example_external_task_marker_parent to None, run_after=None
[2024-07-07T23:39:14.756+0500] {processor.py:183} INFO - Processing /home/nicolaspc/anaconda3/envs/mlops_env/lib/python3.12/site-packages/airflow/example_dags/example_external_task_marker_dag.py took 0.058 seconds
[2024-07-07T23:39:24.156+0500] {processor.py:161} INFO - Started process (PID=16497) to work on /home/nicolaspc/anaconda3/envs/mlops_env/lib/python3.12/site-packages/airflow/example_dags/example_external_task_marker_dag.py
[2024-07-07T23:39:24.157+0500] {processor.py:830} INFO - Processing file /home/nicolaspc/anaconda3/envs/mlops_env/lib/python3.12/site-packages/airflow/example_dags/example_external_task_marker_dag.py for tasks to queue
[2024-07-07T23:39:24.157+0500] {logging_mixin.py:188} INFO - [2024-07-07T23:39:24.157+0500] {dagbag.py:545} INFO - Filling up the DagBag from /home/nicolaspc/anaconda3/envs/mlops_env/lib/python3.12/site-packages/airflow/example_dags/example_external_task_marker_dag.py
[2024-07-07T23:39:24.161+0500] {processor.py:840} INFO - DAG(s) 'example_external_task_marker_parent', 'example_external_task_marker_child' retrieved from /home/nicolaspc/anaconda3/envs/mlops_env/lib/python3.12/site-packages/airflow/example_dags/example_external_task_marker_dag.py
[2024-07-07T23:39:24.185+0500] {logging_mixin.py:188} INFO - [2024-07-07T23:39:24.184+0500] {dag.py:3096} INFO - Sync 2 DAGs
[2024-07-07T23:39:24.195+0500] {logging_mixin.py:188} INFO - [2024-07-07T23:39:24.195+0500] {dag.py:3954} INFO - Setting next_dagrun for example_external_task_marker_child to None, run_after=None
[2024-07-07T23:39:24.197+0500] {logging_mixin.py:188} INFO - [2024-07-07T23:39:24.197+0500] {dag.py:3954} INFO - Setting next_dagrun for example_external_task_marker_parent to None, run_after=None
[2024-07-07T23:39:24.211+0500] {processor.py:183} INFO - Processing /home/nicolaspc/anaconda3/envs/mlops_env/lib/python3.12/site-packages/airflow/example_dags/example_external_task_marker_dag.py took 0.060 seconds
[2024-07-07T23:39:54.813+0500] {processor.py:161} INFO - Started process (PID=16853) to work on /home/nicolaspc/anaconda3/envs/mlops_env/lib/python3.12/site-packages/airflow/example_dags/example_external_task_marker_dag.py
[2024-07-07T23:39:54.813+0500] {processor.py:830} INFO - Processing file /home/nicolaspc/anaconda3/envs/mlops_env/lib/python3.12/site-packages/airflow/example_dags/example_external_task_marker_dag.py for tasks to queue
[2024-07-07T23:39:54.814+0500] {logging_mixin.py:188} INFO - [2024-07-07T23:39:54.814+0500] {dagbag.py:545} INFO - Filling up the DagBag from /home/nicolaspc/anaconda3/envs/mlops_env/lib/python3.12/site-packages/airflow/example_dags/example_external_task_marker_dag.py
[2024-07-07T23:39:54.818+0500] {processor.py:840} INFO - DAG(s) 'example_external_task_marker_child', 'example_external_task_marker_parent' retrieved from /home/nicolaspc/anaconda3/envs/mlops_env/lib/python3.12/site-packages/airflow/example_dags/example_external_task_marker_dag.py
[2024-07-07T23:39:54.842+0500] {logging_mixin.py:188} INFO - [2024-07-07T23:39:54.842+0500] {dag.py:3096} INFO - Sync 2 DAGs
[2024-07-07T23:39:54.851+0500] {logging_mixin.py:188} INFO - [2024-07-07T23:39:54.851+0500] {dag.py:3954} INFO - Setting next_dagrun for example_external_task_marker_child to None, run_after=None
[2024-07-07T23:39:54.854+0500] {logging_mixin.py:188} INFO - [2024-07-07T23:39:54.854+0500] {dag.py:3954} INFO - Setting next_dagrun for example_external_task_marker_parent to None, run_after=None
[2024-07-07T23:39:54.881+0500] {processor.py:183} INFO - Processing /home/nicolaspc/anaconda3/envs/mlops_env/lib/python3.12/site-packages/airflow/example_dags/example_external_task_marker_dag.py took 0.074 seconds
[2024-07-07T23:40:13.776+0500] {processor.py:161} INFO - Started process (PID=17098) to work on /home/nicolaspc/anaconda3/envs/mlops_env/lib/python3.12/site-packages/airflow/example_dags/example_external_task_marker_dag.py
[2024-07-07T23:40:13.785+0500] {processor.py:830} INFO - Processing file /home/nicolaspc/anaconda3/envs/mlops_env/lib/python3.12/site-packages/airflow/example_dags/example_external_task_marker_dag.py for tasks to queue
[2024-07-07T23:40:13.787+0500] {logging_mixin.py:188} INFO - [2024-07-07T23:40:13.786+0500] {dagbag.py:545} INFO - Filling up the DagBag from /home/nicolaspc/anaconda3/envs/mlops_env/lib/python3.12/site-packages/airflow/example_dags/example_external_task_marker_dag.py
[2024-07-07T23:40:13.790+0500] {processor.py:840} INFO - DAG(s) 'example_external_task_marker_parent', 'example_external_task_marker_child' retrieved from /home/nicolaspc/anaconda3/envs/mlops_env/lib/python3.12/site-packages/airflow/example_dags/example_external_task_marker_dag.py
[2024-07-07T23:40:13.802+0500] {logging_mixin.py:188} INFO - [2024-07-07T23:40:13.802+0500] {dag.py:3096} INFO - Sync 2 DAGs
[2024-07-07T23:40:13.809+0500] {logging_mixin.py:188} INFO - [2024-07-07T23:40:13.809+0500] {dag.py:3954} INFO - Setting next_dagrun for example_external_task_marker_child to None, run_after=None
[2024-07-07T23:40:13.811+0500] {logging_mixin.py:188} INFO - [2024-07-07T23:40:13.811+0500] {dag.py:3954} INFO - Setting next_dagrun for example_external_task_marker_parent to None, run_after=None
[2024-07-07T23:40:13.831+0500] {processor.py:183} INFO - Processing /home/nicolaspc/anaconda3/envs/mlops_env/lib/python3.12/site-packages/airflow/example_dags/example_external_task_marker_dag.py took 0.059 seconds
[2024-07-07T23:40:25.620+0500] {processor.py:161} INFO - Started process (PID=17305) to work on /home/nicolaspc/anaconda3/envs/mlops_env/lib/python3.12/site-packages/airflow/example_dags/example_external_task_marker_dag.py
[2024-07-07T23:40:25.620+0500] {processor.py:830} INFO - Processing file /home/nicolaspc/anaconda3/envs/mlops_env/lib/python3.12/site-packages/airflow/example_dags/example_external_task_marker_dag.py for tasks to queue
[2024-07-07T23:40:25.621+0500] {logging_mixin.py:188} INFO - [2024-07-07T23:40:25.621+0500] {dagbag.py:545} INFO - Filling up the DagBag from /home/nicolaspc/anaconda3/envs/mlops_env/lib/python3.12/site-packages/airflow/example_dags/example_external_task_marker_dag.py
[2024-07-07T23:40:25.625+0500] {processor.py:840} INFO - DAG(s) 'example_external_task_marker_child', 'example_external_task_marker_parent' retrieved from /home/nicolaspc/anaconda3/envs/mlops_env/lib/python3.12/site-packages/airflow/example_dags/example_external_task_marker_dag.py
[2024-07-07T23:40:25.651+0500] {logging_mixin.py:188} INFO - [2024-07-07T23:40:25.651+0500] {dag.py:3096} INFO - Sync 2 DAGs
[2024-07-07T23:40:25.660+0500] {logging_mixin.py:188} INFO - [2024-07-07T23:40:25.660+0500] {dag.py:3954} INFO - Setting next_dagrun for example_external_task_marker_child to None, run_after=None
[2024-07-07T23:40:25.664+0500] {logging_mixin.py:188} INFO - [2024-07-07T23:40:25.664+0500] {dag.py:3954} INFO - Setting next_dagrun for example_external_task_marker_parent to None, run_after=None
[2024-07-07T23:40:25.682+0500] {processor.py:183} INFO - Processing /home/nicolaspc/anaconda3/envs/mlops_env/lib/python3.12/site-packages/airflow/example_dags/example_external_task_marker_dag.py took 0.069 seconds
[2024-07-07T23:40:56.284+0500] {processor.py:161} INFO - Started process (PID=17670) to work on /home/nicolaspc/anaconda3/envs/mlops_env/lib/python3.12/site-packages/airflow/example_dags/example_external_task_marker_dag.py
[2024-07-07T23:40:56.285+0500] {processor.py:830} INFO - Processing file /home/nicolaspc/anaconda3/envs/mlops_env/lib/python3.12/site-packages/airflow/example_dags/example_external_task_marker_dag.py for tasks to queue
[2024-07-07T23:40:56.286+0500] {logging_mixin.py:188} INFO - [2024-07-07T23:40:56.285+0500] {dagbag.py:545} INFO - Filling up the DagBag from /home/nicolaspc/anaconda3/envs/mlops_env/lib/python3.12/site-packages/airflow/example_dags/example_external_task_marker_dag.py
[2024-07-07T23:40:56.291+0500] {processor.py:840} INFO - DAG(s) 'example_external_task_marker_child', 'example_external_task_marker_parent' retrieved from /home/nicolaspc/anaconda3/envs/mlops_env/lib/python3.12/site-packages/airflow/example_dags/example_external_task_marker_dag.py
[2024-07-07T23:40:56.319+0500] {logging_mixin.py:188} INFO - [2024-07-07T23:40:56.319+0500] {dag.py:3096} INFO - Sync 2 DAGs
[2024-07-07T23:40:56.332+0500] {logging_mixin.py:188} INFO - [2024-07-07T23:40:56.331+0500] {dag.py:3954} INFO - Setting next_dagrun for example_external_task_marker_child to None, run_after=None
[2024-07-07T23:40:56.335+0500] {logging_mixin.py:188} INFO - [2024-07-07T23:40:56.335+0500] {dag.py:3954} INFO - Setting next_dagrun for example_external_task_marker_parent to None, run_after=None
[2024-07-07T23:40:56.367+0500] {processor.py:183} INFO - Processing /home/nicolaspc/anaconda3/envs/mlops_env/lib/python3.12/site-packages/airflow/example_dags/example_external_task_marker_dag.py took 0.091 seconds
[2024-07-07T23:41:14.119+0500] {processor.py:161} INFO - Started process (PID=17853) to work on /home/nicolaspc/anaconda3/envs/mlops_env/lib/python3.12/site-packages/airflow/example_dags/example_external_task_marker_dag.py
[2024-07-07T23:41:14.127+0500] {processor.py:830} INFO - Processing file /home/nicolaspc/anaconda3/envs/mlops_env/lib/python3.12/site-packages/airflow/example_dags/example_external_task_marker_dag.py for tasks to queue
[2024-07-07T23:41:14.128+0500] {logging_mixin.py:188} INFO - [2024-07-07T23:41:14.128+0500] {dagbag.py:545} INFO - Filling up the DagBag from /home/nicolaspc/anaconda3/envs/mlops_env/lib/python3.12/site-packages/airflow/example_dags/example_external_task_marker_dag.py
[2024-07-07T23:41:14.132+0500] {processor.py:840} INFO - DAG(s) 'example_external_task_marker_child', 'example_external_task_marker_parent' retrieved from /home/nicolaspc/anaconda3/envs/mlops_env/lib/python3.12/site-packages/airflow/example_dags/example_external_task_marker_dag.py
[2024-07-07T23:41:14.145+0500] {logging_mixin.py:188} INFO - [2024-07-07T23:41:14.145+0500] {dag.py:3096} INFO - Sync 2 DAGs
[2024-07-07T23:41:14.154+0500] {logging_mixin.py:188} INFO - [2024-07-07T23:41:14.153+0500] {dag.py:3954} INFO - Setting next_dagrun for example_external_task_marker_child to None, run_after=None
[2024-07-07T23:41:14.156+0500] {logging_mixin.py:188} INFO - [2024-07-07T23:41:14.155+0500] {dag.py:3954} INFO - Setting next_dagrun for example_external_task_marker_parent to None, run_after=None
[2024-07-07T23:41:14.176+0500] {processor.py:183} INFO - Processing /home/nicolaspc/anaconda3/envs/mlops_env/lib/python3.12/site-packages/airflow/example_dags/example_external_task_marker_dag.py took 0.061 seconds
[2024-07-07T23:41:27.085+0500] {processor.py:161} INFO - Started process (PID=18067) to work on /home/nicolaspc/anaconda3/envs/mlops_env/lib/python3.12/site-packages/airflow/example_dags/example_external_task_marker_dag.py
[2024-07-07T23:41:27.085+0500] {processor.py:830} INFO - Processing file /home/nicolaspc/anaconda3/envs/mlops_env/lib/python3.12/site-packages/airflow/example_dags/example_external_task_marker_dag.py for tasks to queue
[2024-07-07T23:41:27.086+0500] {logging_mixin.py:188} INFO - [2024-07-07T23:41:27.086+0500] {dagbag.py:545} INFO - Filling up the DagBag from /home/nicolaspc/anaconda3/envs/mlops_env/lib/python3.12/site-packages/airflow/example_dags/example_external_task_marker_dag.py
[2024-07-07T23:41:27.092+0500] {processor.py:840} INFO - DAG(s) 'example_external_task_marker_child', 'example_external_task_marker_parent' retrieved from /home/nicolaspc/anaconda3/envs/mlops_env/lib/python3.12/site-packages/airflow/example_dags/example_external_task_marker_dag.py
[2024-07-07T23:41:27.119+0500] {logging_mixin.py:188} INFO - [2024-07-07T23:41:27.119+0500] {dag.py:3096} INFO - Sync 2 DAGs
[2024-07-07T23:41:27.132+0500] {logging_mixin.py:188} INFO - [2024-07-07T23:41:27.132+0500] {dag.py:3954} INFO - Setting next_dagrun for example_external_task_marker_child to None, run_after=None
[2024-07-07T23:41:27.136+0500] {logging_mixin.py:188} INFO - [2024-07-07T23:41:27.135+0500] {dag.py:3954} INFO - Setting next_dagrun for example_external_task_marker_parent to None, run_after=None
[2024-07-07T23:41:27.155+0500] {processor.py:183} INFO - Processing /home/nicolaspc/anaconda3/envs/mlops_env/lib/python3.12/site-packages/airflow/example_dags/example_external_task_marker_dag.py took 0.078 seconds
[2024-07-07T23:41:58.018+0500] {processor.py:161} INFO - Started process (PID=18440) to work on /home/nicolaspc/anaconda3/envs/mlops_env/lib/python3.12/site-packages/airflow/example_dags/example_external_task_marker_dag.py
[2024-07-07T23:41:58.019+0500] {processor.py:830} INFO - Processing file /home/nicolaspc/anaconda3/envs/mlops_env/lib/python3.12/site-packages/airflow/example_dags/example_external_task_marker_dag.py for tasks to queue
[2024-07-07T23:41:58.020+0500] {logging_mixin.py:188} INFO - [2024-07-07T23:41:58.019+0500] {dagbag.py:545} INFO - Filling up the DagBag from /home/nicolaspc/anaconda3/envs/mlops_env/lib/python3.12/site-packages/airflow/example_dags/example_external_task_marker_dag.py
[2024-07-07T23:41:58.025+0500] {processor.py:840} INFO - DAG(s) 'example_external_task_marker_parent', 'example_external_task_marker_child' retrieved from /home/nicolaspc/anaconda3/envs/mlops_env/lib/python3.12/site-packages/airflow/example_dags/example_external_task_marker_dag.py
[2024-07-07T23:41:58.051+0500] {logging_mixin.py:188} INFO - [2024-07-07T23:41:58.050+0500] {dag.py:3096} INFO - Sync 2 DAGs
[2024-07-07T23:41:58.062+0500] {logging_mixin.py:188} INFO - [2024-07-07T23:41:58.061+0500] {dag.py:3954} INFO - Setting next_dagrun for example_external_task_marker_child to None, run_after=None
[2024-07-07T23:41:58.065+0500] {logging_mixin.py:188} INFO - [2024-07-07T23:41:58.065+0500] {dag.py:3954} INFO - Setting next_dagrun for example_external_task_marker_parent to None, run_after=None
[2024-07-07T23:41:58.080+0500] {processor.py:183} INFO - Processing /home/nicolaspc/anaconda3/envs/mlops_env/lib/python3.12/site-packages/airflow/example_dags/example_external_task_marker_dag.py took 0.069 seconds
[2024-07-07T23:42:14.615+0500] {processor.py:161} INFO - Started process (PID=18667) to work on /home/nicolaspc/anaconda3/envs/mlops_env/lib/python3.12/site-packages/airflow/example_dags/example_external_task_marker_dag.py
[2024-07-07T23:42:14.624+0500] {processor.py:830} INFO - Processing file /home/nicolaspc/anaconda3/envs/mlops_env/lib/python3.12/site-packages/airflow/example_dags/example_external_task_marker_dag.py for tasks to queue
[2024-07-07T23:42:14.625+0500] {logging_mixin.py:188} INFO - [2024-07-07T23:42:14.625+0500] {dagbag.py:545} INFO - Filling up the DagBag from /home/nicolaspc/anaconda3/envs/mlops_env/lib/python3.12/site-packages/airflow/example_dags/example_external_task_marker_dag.py
[2024-07-07T23:42:14.629+0500] {processor.py:840} INFO - DAG(s) 'example_external_task_marker_child', 'example_external_task_marker_parent' retrieved from /home/nicolaspc/anaconda3/envs/mlops_env/lib/python3.12/site-packages/airflow/example_dags/example_external_task_marker_dag.py
[2024-07-07T23:42:14.642+0500] {logging_mixin.py:188} INFO - [2024-07-07T23:42:14.642+0500] {dag.py:3096} INFO - Sync 2 DAGs
[2024-07-07T23:42:14.649+0500] {logging_mixin.py:188} INFO - [2024-07-07T23:42:14.649+0500] {dag.py:3954} INFO - Setting next_dagrun for example_external_task_marker_child to None, run_after=None
[2024-07-07T23:42:14.652+0500] {logging_mixin.py:188} INFO - [2024-07-07T23:42:14.651+0500] {dag.py:3954} INFO - Setting next_dagrun for example_external_task_marker_parent to None, run_after=None
[2024-07-07T23:42:14.671+0500] {processor.py:183} INFO - Processing /home/nicolaspc/anaconda3/envs/mlops_env/lib/python3.12/site-packages/airflow/example_dags/example_external_task_marker_dag.py took 0.061 seconds
[2024-07-07T23:42:28.929+0500] {processor.py:161} INFO - Started process (PID=18856) to work on /home/nicolaspc/anaconda3/envs/mlops_env/lib/python3.12/site-packages/airflow/example_dags/example_external_task_marker_dag.py
[2024-07-07T23:42:28.930+0500] {processor.py:830} INFO - Processing file /home/nicolaspc/anaconda3/envs/mlops_env/lib/python3.12/site-packages/airflow/example_dags/example_external_task_marker_dag.py for tasks to queue
[2024-07-07T23:42:28.931+0500] {logging_mixin.py:188} INFO - [2024-07-07T23:42:28.931+0500] {dagbag.py:545} INFO - Filling up the DagBag from /home/nicolaspc/anaconda3/envs/mlops_env/lib/python3.12/site-packages/airflow/example_dags/example_external_task_marker_dag.py
[2024-07-07T23:42:28.934+0500] {processor.py:840} INFO - DAG(s) 'example_external_task_marker_child', 'example_external_task_marker_parent' retrieved from /home/nicolaspc/anaconda3/envs/mlops_env/lib/python3.12/site-packages/airflow/example_dags/example_external_task_marker_dag.py
[2024-07-07T23:42:28.957+0500] {logging_mixin.py:188} INFO - [2024-07-07T23:42:28.957+0500] {dag.py:3096} INFO - Sync 2 DAGs
[2024-07-07T23:42:28.967+0500] {logging_mixin.py:188} INFO - [2024-07-07T23:42:28.967+0500] {dag.py:3954} INFO - Setting next_dagrun for example_external_task_marker_child to None, run_after=None
[2024-07-07T23:42:28.970+0500] {logging_mixin.py:188} INFO - [2024-07-07T23:42:28.969+0500] {dag.py:3954} INFO - Setting next_dagrun for example_external_task_marker_parent to None, run_after=None
[2024-07-07T23:42:28.984+0500] {processor.py:183} INFO - Processing /home/nicolaspc/anaconda3/envs/mlops_env/lib/python3.12/site-packages/airflow/example_dags/example_external_task_marker_dag.py took 0.060 seconds
[2024-07-07T23:42:59.795+0500] {processor.py:161} INFO - Started process (PID=19215) to work on /home/nicolaspc/anaconda3/envs/mlops_env/lib/python3.12/site-packages/airflow/example_dags/example_external_task_marker_dag.py
[2024-07-07T23:42:59.796+0500] {processor.py:830} INFO - Processing file /home/nicolaspc/anaconda3/envs/mlops_env/lib/python3.12/site-packages/airflow/example_dags/example_external_task_marker_dag.py for tasks to queue
[2024-07-07T23:42:59.796+0500] {logging_mixin.py:188} INFO - [2024-07-07T23:42:59.796+0500] {dagbag.py:545} INFO - Filling up the DagBag from /home/nicolaspc/anaconda3/envs/mlops_env/lib/python3.12/site-packages/airflow/example_dags/example_external_task_marker_dag.py
[2024-07-07T23:42:59.800+0500] {processor.py:840} INFO - DAG(s) 'example_external_task_marker_parent', 'example_external_task_marker_child' retrieved from /home/nicolaspc/anaconda3/envs/mlops_env/lib/python3.12/site-packages/airflow/example_dags/example_external_task_marker_dag.py
[2024-07-07T23:42:59.823+0500] {logging_mixin.py:188} INFO - [2024-07-07T23:42:59.822+0500] {dag.py:3096} INFO - Sync 2 DAGs
[2024-07-07T23:42:59.831+0500] {logging_mixin.py:188} INFO - [2024-07-07T23:42:59.831+0500] {dag.py:3954} INFO - Setting next_dagrun for example_external_task_marker_child to None, run_after=None
[2024-07-07T23:42:59.834+0500] {logging_mixin.py:188} INFO - [2024-07-07T23:42:59.834+0500] {dag.py:3954} INFO - Setting next_dagrun for example_external_task_marker_parent to None, run_after=None
[2024-07-07T23:42:59.850+0500] {processor.py:183} INFO - Processing /home/nicolaspc/anaconda3/envs/mlops_env/lib/python3.12/site-packages/airflow/example_dags/example_external_task_marker_dag.py took 0.061 seconds
[2024-07-07T23:43:30.626+0500] {processor.py:161} INFO - Started process (PID=19563) to work on /home/nicolaspc/anaconda3/envs/mlops_env/lib/python3.12/site-packages/airflow/example_dags/example_external_task_marker_dag.py
[2024-07-07T23:43:30.638+0500] {processor.py:830} INFO - Processing file /home/nicolaspc/anaconda3/envs/mlops_env/lib/python3.12/site-packages/airflow/example_dags/example_external_task_marker_dag.py for tasks to queue
[2024-07-07T23:43:30.638+0500] {logging_mixin.py:188} INFO - [2024-07-07T23:43:30.638+0500] {dagbag.py:545} INFO - Filling up the DagBag from /home/nicolaspc/anaconda3/envs/mlops_env/lib/python3.12/site-packages/airflow/example_dags/example_external_task_marker_dag.py
[2024-07-07T23:43:30.643+0500] {processor.py:840} INFO - DAG(s) 'example_external_task_marker_parent', 'example_external_task_marker_child' retrieved from /home/nicolaspc/anaconda3/envs/mlops_env/lib/python3.12/site-packages/airflow/example_dags/example_external_task_marker_dag.py
[2024-07-07T23:43:30.687+0500] {logging_mixin.py:188} INFO - [2024-07-07T23:43:30.686+0500] {dag.py:3096} INFO - Sync 2 DAGs
[2024-07-07T23:43:30.712+0500] {logging_mixin.py:188} INFO - [2024-07-07T23:43:30.712+0500] {dag.py:3954} INFO - Setting next_dagrun for example_external_task_marker_child to None, run_after=None
[2024-07-07T23:43:30.715+0500] {logging_mixin.py:188} INFO - [2024-07-07T23:43:30.715+0500] {dag.py:3954} INFO - Setting next_dagrun for example_external_task_marker_parent to None, run_after=None
[2024-07-07T23:43:30.731+0500] {processor.py:183} INFO - Processing /home/nicolaspc/anaconda3/envs/mlops_env/lib/python3.12/site-packages/airflow/example_dags/example_external_task_marker_dag.py took 0.113 seconds
[2024-07-07T23:44:01.194+0500] {processor.py:161} INFO - Started process (PID=19913) to work on /home/nicolaspc/anaconda3/envs/mlops_env/lib/python3.12/site-packages/airflow/example_dags/example_external_task_marker_dag.py
[2024-07-07T23:44:01.195+0500] {processor.py:830} INFO - Processing file /home/nicolaspc/anaconda3/envs/mlops_env/lib/python3.12/site-packages/airflow/example_dags/example_external_task_marker_dag.py for tasks to queue
[2024-07-07T23:44:01.195+0500] {logging_mixin.py:188} INFO - [2024-07-07T23:44:01.195+0500] {dagbag.py:545} INFO - Filling up the DagBag from /home/nicolaspc/anaconda3/envs/mlops_env/lib/python3.12/site-packages/airflow/example_dags/example_external_task_marker_dag.py
[2024-07-07T23:44:01.199+0500] {processor.py:840} INFO - DAG(s) 'example_external_task_marker_child', 'example_external_task_marker_parent' retrieved from /home/nicolaspc/anaconda3/envs/mlops_env/lib/python3.12/site-packages/airflow/example_dags/example_external_task_marker_dag.py
[2024-07-07T23:44:01.220+0500] {logging_mixin.py:188} INFO - [2024-07-07T23:44:01.220+0500] {dag.py:3096} INFO - Sync 2 DAGs
[2024-07-07T23:44:01.230+0500] {logging_mixin.py:188} INFO - [2024-07-07T23:44:01.230+0500] {dag.py:3954} INFO - Setting next_dagrun for example_external_task_marker_child to None, run_after=None
[2024-07-07T23:44:01.233+0500] {logging_mixin.py:188} INFO - [2024-07-07T23:44:01.233+0500] {dag.py:3954} INFO - Setting next_dagrun for example_external_task_marker_parent to None, run_after=None
[2024-07-07T23:44:01.265+0500] {processor.py:183} INFO - Processing /home/nicolaspc/anaconda3/envs/mlops_env/lib/python3.12/site-packages/airflow/example_dags/example_external_task_marker_dag.py took 0.076 seconds
[2024-07-07T23:44:31.688+0500] {processor.py:161} INFO - Started process (PID=20277) to work on /home/nicolaspc/anaconda3/envs/mlops_env/lib/python3.12/site-packages/airflow/example_dags/example_external_task_marker_dag.py
[2024-07-07T23:44:31.689+0500] {processor.py:830} INFO - Processing file /home/nicolaspc/anaconda3/envs/mlops_env/lib/python3.12/site-packages/airflow/example_dags/example_external_task_marker_dag.py for tasks to queue
[2024-07-07T23:44:31.689+0500] {logging_mixin.py:188} INFO - [2024-07-07T23:44:31.689+0500] {dagbag.py:545} INFO - Filling up the DagBag from /home/nicolaspc/anaconda3/envs/mlops_env/lib/python3.12/site-packages/airflow/example_dags/example_external_task_marker_dag.py
[2024-07-07T23:44:31.693+0500] {processor.py:840} INFO - DAG(s) 'example_external_task_marker_child', 'example_external_task_marker_parent' retrieved from /home/nicolaspc/anaconda3/envs/mlops_env/lib/python3.12/site-packages/airflow/example_dags/example_external_task_marker_dag.py
[2024-07-07T23:44:31.716+0500] {logging_mixin.py:188} INFO - [2024-07-07T23:44:31.716+0500] {dag.py:3096} INFO - Sync 2 DAGs
[2024-07-07T23:44:31.725+0500] {logging_mixin.py:188} INFO - [2024-07-07T23:44:31.725+0500] {dag.py:3954} INFO - Setting next_dagrun for example_external_task_marker_child to None, run_after=None
[2024-07-07T23:44:31.728+0500] {logging_mixin.py:188} INFO - [2024-07-07T23:44:31.728+0500] {dag.py:3954} INFO - Setting next_dagrun for example_external_task_marker_parent to None, run_after=None
[2024-07-07T23:44:31.742+0500] {processor.py:183} INFO - Processing /home/nicolaspc/anaconda3/envs/mlops_env/lib/python3.12/site-packages/airflow/example_dags/example_external_task_marker_dag.py took 0.060 seconds
[2024-07-07T23:45:02.296+0500] {processor.py:161} INFO - Started process (PID=20643) to work on /home/nicolaspc/anaconda3/envs/mlops_env/lib/python3.12/site-packages/airflow/example_dags/example_external_task_marker_dag.py
[2024-07-07T23:45:02.296+0500] {processor.py:830} INFO - Processing file /home/nicolaspc/anaconda3/envs/mlops_env/lib/python3.12/site-packages/airflow/example_dags/example_external_task_marker_dag.py for tasks to queue
[2024-07-07T23:45:02.297+0500] {logging_mixin.py:188} INFO - [2024-07-07T23:45:02.297+0500] {dagbag.py:545} INFO - Filling up the DagBag from /home/nicolaspc/anaconda3/envs/mlops_env/lib/python3.12/site-packages/airflow/example_dags/example_external_task_marker_dag.py
[2024-07-07T23:45:02.301+0500] {processor.py:840} INFO - DAG(s) 'example_external_task_marker_parent', 'example_external_task_marker_child' retrieved from /home/nicolaspc/anaconda3/envs/mlops_env/lib/python3.12/site-packages/airflow/example_dags/example_external_task_marker_dag.py
[2024-07-07T23:45:02.325+0500] {logging_mixin.py:188} INFO - [2024-07-07T23:45:02.325+0500] {dag.py:3096} INFO - Sync 2 DAGs
[2024-07-07T23:45:02.334+0500] {logging_mixin.py:188} INFO - [2024-07-07T23:45:02.334+0500] {dag.py:3954} INFO - Setting next_dagrun for example_external_task_marker_child to None, run_after=None
[2024-07-07T23:45:02.337+0500] {logging_mixin.py:188} INFO - [2024-07-07T23:45:02.337+0500] {dag.py:3954} INFO - Setting next_dagrun for example_external_task_marker_parent to None, run_after=None
[2024-07-07T23:45:02.350+0500] {processor.py:183} INFO - Processing /home/nicolaspc/anaconda3/envs/mlops_env/lib/python3.12/site-packages/airflow/example_dags/example_external_task_marker_dag.py took 0.061 seconds
[2024-07-07T23:45:33.020+0500] {processor.py:161} INFO - Started process (PID=20965) to work on /home/nicolaspc/anaconda3/envs/mlops_env/lib/python3.12/site-packages/airflow/example_dags/example_external_task_marker_dag.py
[2024-07-07T23:45:33.020+0500] {processor.py:830} INFO - Processing file /home/nicolaspc/anaconda3/envs/mlops_env/lib/python3.12/site-packages/airflow/example_dags/example_external_task_marker_dag.py for tasks to queue
[2024-07-07T23:45:33.021+0500] {logging_mixin.py:188} INFO - [2024-07-07T23:45:33.021+0500] {dagbag.py:545} INFO - Filling up the DagBag from /home/nicolaspc/anaconda3/envs/mlops_env/lib/python3.12/site-packages/airflow/example_dags/example_external_task_marker_dag.py
[2024-07-07T23:45:33.024+0500] {processor.py:840} INFO - DAG(s) 'example_external_task_marker_parent', 'example_external_task_marker_child' retrieved from /home/nicolaspc/anaconda3/envs/mlops_env/lib/python3.12/site-packages/airflow/example_dags/example_external_task_marker_dag.py
[2024-07-07T23:45:33.048+0500] {logging_mixin.py:188} INFO - [2024-07-07T23:45:33.048+0500] {dag.py:3096} INFO - Sync 2 DAGs
[2024-07-07T23:45:33.057+0500] {logging_mixin.py:188} INFO - [2024-07-07T23:45:33.057+0500] {dag.py:3954} INFO - Setting next_dagrun for example_external_task_marker_child to None, run_after=None
[2024-07-07T23:45:33.059+0500] {logging_mixin.py:188} INFO - [2024-07-07T23:45:33.059+0500] {dag.py:3954} INFO - Setting next_dagrun for example_external_task_marker_parent to None, run_after=None
[2024-07-07T23:45:33.073+0500] {processor.py:183} INFO - Processing /home/nicolaspc/anaconda3/envs/mlops_env/lib/python3.12/site-packages/airflow/example_dags/example_external_task_marker_dag.py took 0.060 seconds
[2024-07-07T23:46:03.706+0500] {processor.py:161} INFO - Started process (PID=21304) to work on /home/nicolaspc/anaconda3/envs/mlops_env/lib/python3.12/site-packages/airflow/example_dags/example_external_task_marker_dag.py
[2024-07-07T23:46:03.707+0500] {processor.py:830} INFO - Processing file /home/nicolaspc/anaconda3/envs/mlops_env/lib/python3.12/site-packages/airflow/example_dags/example_external_task_marker_dag.py for tasks to queue
[2024-07-07T23:46:03.707+0500] {logging_mixin.py:188} INFO - [2024-07-07T23:46:03.707+0500] {dagbag.py:545} INFO - Filling up the DagBag from /home/nicolaspc/anaconda3/envs/mlops_env/lib/python3.12/site-packages/airflow/example_dags/example_external_task_marker_dag.py
[2024-07-07T23:46:03.711+0500] {processor.py:840} INFO - DAG(s) 'example_external_task_marker_child', 'example_external_task_marker_parent' retrieved from /home/nicolaspc/anaconda3/envs/mlops_env/lib/python3.12/site-packages/airflow/example_dags/example_external_task_marker_dag.py
[2024-07-07T23:46:03.735+0500] {logging_mixin.py:188} INFO - [2024-07-07T23:46:03.734+0500] {dag.py:3096} INFO - Sync 2 DAGs
[2024-07-07T23:46:03.745+0500] {logging_mixin.py:188} INFO - [2024-07-07T23:46:03.745+0500] {dag.py:3954} INFO - Setting next_dagrun for example_external_task_marker_child to None, run_after=None
[2024-07-07T23:46:03.748+0500] {logging_mixin.py:188} INFO - [2024-07-07T23:46:03.747+0500] {dag.py:3954} INFO - Setting next_dagrun for example_external_task_marker_parent to None, run_after=None
[2024-07-07T23:46:03.761+0500] {processor.py:183} INFO - Processing /home/nicolaspc/anaconda3/envs/mlops_env/lib/python3.12/site-packages/airflow/example_dags/example_external_task_marker_dag.py took 0.061 seconds
[2024-07-07T23:46:34.240+0500] {processor.py:161} INFO - Started process (PID=21672) to work on /home/nicolaspc/anaconda3/envs/mlops_env/lib/python3.12/site-packages/airflow/example_dags/example_external_task_marker_dag.py
[2024-07-07T23:46:34.240+0500] {processor.py:830} INFO - Processing file /home/nicolaspc/anaconda3/envs/mlops_env/lib/python3.12/site-packages/airflow/example_dags/example_external_task_marker_dag.py for tasks to queue
[2024-07-07T23:46:34.241+0500] {logging_mixin.py:188} INFO - [2024-07-07T23:46:34.241+0500] {dagbag.py:545} INFO - Filling up the DagBag from /home/nicolaspc/anaconda3/envs/mlops_env/lib/python3.12/site-packages/airflow/example_dags/example_external_task_marker_dag.py
[2024-07-07T23:46:34.245+0500] {processor.py:840} INFO - DAG(s) 'example_external_task_marker_parent', 'example_external_task_marker_child' retrieved from /home/nicolaspc/anaconda3/envs/mlops_env/lib/python3.12/site-packages/airflow/example_dags/example_external_task_marker_dag.py
[2024-07-07T23:46:34.269+0500] {logging_mixin.py:188} INFO - [2024-07-07T23:46:34.269+0500] {dag.py:3096} INFO - Sync 2 DAGs
[2024-07-07T23:46:34.279+0500] {logging_mixin.py:188} INFO - [2024-07-07T23:46:34.279+0500] {dag.py:3954} INFO - Setting next_dagrun for example_external_task_marker_child to None, run_after=None
[2024-07-07T23:46:34.282+0500] {logging_mixin.py:188} INFO - [2024-07-07T23:46:34.282+0500] {dag.py:3954} INFO - Setting next_dagrun for example_external_task_marker_parent to None, run_after=None
[2024-07-07T23:46:34.306+0500] {processor.py:183} INFO - Processing /home/nicolaspc/anaconda3/envs/mlops_env/lib/python3.12/site-packages/airflow/example_dags/example_external_task_marker_dag.py took 0.074 seconds
[2024-07-07T23:47:05.027+0500] {processor.py:161} INFO - Started process (PID=22002) to work on /home/nicolaspc/anaconda3/envs/mlops_env/lib/python3.12/site-packages/airflow/example_dags/example_external_task_marker_dag.py
[2024-07-07T23:47:05.028+0500] {processor.py:830} INFO - Processing file /home/nicolaspc/anaconda3/envs/mlops_env/lib/python3.12/site-packages/airflow/example_dags/example_external_task_marker_dag.py for tasks to queue
[2024-07-07T23:47:05.028+0500] {logging_mixin.py:188} INFO - [2024-07-07T23:47:05.028+0500] {dagbag.py:545} INFO - Filling up the DagBag from /home/nicolaspc/anaconda3/envs/mlops_env/lib/python3.12/site-packages/airflow/example_dags/example_external_task_marker_dag.py
[2024-07-07T23:47:05.032+0500] {processor.py:840} INFO - DAG(s) 'example_external_task_marker_child', 'example_external_task_marker_parent' retrieved from /home/nicolaspc/anaconda3/envs/mlops_env/lib/python3.12/site-packages/airflow/example_dags/example_external_task_marker_dag.py
[2024-07-07T23:47:05.055+0500] {logging_mixin.py:188} INFO - [2024-07-07T23:47:05.054+0500] {dag.py:3096} INFO - Sync 2 DAGs
[2024-07-07T23:47:05.065+0500] {logging_mixin.py:188} INFO - [2024-07-07T23:47:05.065+0500] {dag.py:3954} INFO - Setting next_dagrun for example_external_task_marker_child to None, run_after=None
[2024-07-07T23:47:05.067+0500] {logging_mixin.py:188} INFO - [2024-07-07T23:47:05.067+0500] {dag.py:3954} INFO - Setting next_dagrun for example_external_task_marker_parent to None, run_after=None
[2024-07-07T23:47:05.082+0500] {processor.py:183} INFO - Processing /home/nicolaspc/anaconda3/envs/mlops_env/lib/python3.12/site-packages/airflow/example_dags/example_external_task_marker_dag.py took 0.060 seconds
[2024-07-07T23:47:35.548+0500] {processor.py:161} INFO - Started process (PID=22330) to work on /home/nicolaspc/anaconda3/envs/mlops_env/lib/python3.12/site-packages/airflow/example_dags/example_external_task_marker_dag.py
[2024-07-07T23:47:35.549+0500] {processor.py:830} INFO - Processing file /home/nicolaspc/anaconda3/envs/mlops_env/lib/python3.12/site-packages/airflow/example_dags/example_external_task_marker_dag.py for tasks to queue
[2024-07-07T23:47:35.550+0500] {logging_mixin.py:188} INFO - [2024-07-07T23:47:35.549+0500] {dagbag.py:545} INFO - Filling up the DagBag from /home/nicolaspc/anaconda3/envs/mlops_env/lib/python3.12/site-packages/airflow/example_dags/example_external_task_marker_dag.py
[2024-07-07T23:47:35.553+0500] {processor.py:840} INFO - DAG(s) 'example_external_task_marker_parent', 'example_external_task_marker_child' retrieved from /home/nicolaspc/anaconda3/envs/mlops_env/lib/python3.12/site-packages/airflow/example_dags/example_external_task_marker_dag.py
[2024-07-07T23:47:35.576+0500] {logging_mixin.py:188} INFO - [2024-07-07T23:47:35.576+0500] {dag.py:3096} INFO - Sync 2 DAGs
[2024-07-07T23:47:35.586+0500] {logging_mixin.py:188} INFO - [2024-07-07T23:47:35.586+0500] {dag.py:3954} INFO - Setting next_dagrun for example_external_task_marker_child to None, run_after=None
[2024-07-07T23:47:35.589+0500] {logging_mixin.py:188} INFO - [2024-07-07T23:47:35.588+0500] {dag.py:3954} INFO - Setting next_dagrun for example_external_task_marker_parent to None, run_after=None
[2024-07-07T23:47:35.604+0500] {processor.py:183} INFO - Processing /home/nicolaspc/anaconda3/envs/mlops_env/lib/python3.12/site-packages/airflow/example_dags/example_external_task_marker_dag.py took 0.061 seconds
[2024-07-07T23:48:06.150+0500] {processor.py:161} INFO - Started process (PID=22655) to work on /home/nicolaspc/anaconda3/envs/mlops_env/lib/python3.12/site-packages/airflow/example_dags/example_external_task_marker_dag.py
[2024-07-07T23:48:06.151+0500] {processor.py:830} INFO - Processing file /home/nicolaspc/anaconda3/envs/mlops_env/lib/python3.12/site-packages/airflow/example_dags/example_external_task_marker_dag.py for tasks to queue
[2024-07-07T23:48:06.151+0500] {logging_mixin.py:188} INFO - [2024-07-07T23:48:06.151+0500] {dagbag.py:545} INFO - Filling up the DagBag from /home/nicolaspc/anaconda3/envs/mlops_env/lib/python3.12/site-packages/airflow/example_dags/example_external_task_marker_dag.py
[2024-07-07T23:48:06.155+0500] {processor.py:840} INFO - DAG(s) 'example_external_task_marker_parent', 'example_external_task_marker_child' retrieved from /home/nicolaspc/anaconda3/envs/mlops_env/lib/python3.12/site-packages/airflow/example_dags/example_external_task_marker_dag.py
[2024-07-07T23:48:06.178+0500] {logging_mixin.py:188} INFO - [2024-07-07T23:48:06.178+0500] {dag.py:3096} INFO - Sync 2 DAGs
[2024-07-07T23:48:06.188+0500] {logging_mixin.py:188} INFO - [2024-07-07T23:48:06.188+0500] {dag.py:3954} INFO - Setting next_dagrun for example_external_task_marker_child to None, run_after=None
[2024-07-07T23:48:06.191+0500] {logging_mixin.py:188} INFO - [2024-07-07T23:48:06.191+0500] {dag.py:3954} INFO - Setting next_dagrun for example_external_task_marker_parent to None, run_after=None
[2024-07-07T23:48:06.205+0500] {processor.py:183} INFO - Processing /home/nicolaspc/anaconda3/envs/mlops_env/lib/python3.12/site-packages/airflow/example_dags/example_external_task_marker_dag.py took 0.062 seconds
[2024-07-07T23:48:36.754+0500] {processor.py:161} INFO - Started process (PID=23011) to work on /home/nicolaspc/anaconda3/envs/mlops_env/lib/python3.12/site-packages/airflow/example_dags/example_external_task_marker_dag.py
[2024-07-07T23:48:36.755+0500] {processor.py:830} INFO - Processing file /home/nicolaspc/anaconda3/envs/mlops_env/lib/python3.12/site-packages/airflow/example_dags/example_external_task_marker_dag.py for tasks to queue
[2024-07-07T23:48:36.755+0500] {logging_mixin.py:188} INFO - [2024-07-07T23:48:36.755+0500] {dagbag.py:545} INFO - Filling up the DagBag from /home/nicolaspc/anaconda3/envs/mlops_env/lib/python3.12/site-packages/airflow/example_dags/example_external_task_marker_dag.py
[2024-07-07T23:48:36.759+0500] {processor.py:840} INFO - DAG(s) 'example_external_task_marker_child', 'example_external_task_marker_parent' retrieved from /home/nicolaspc/anaconda3/envs/mlops_env/lib/python3.12/site-packages/airflow/example_dags/example_external_task_marker_dag.py
[2024-07-07T23:48:36.781+0500] {logging_mixin.py:188} INFO - [2024-07-07T23:48:36.781+0500] {dag.py:3096} INFO - Sync 2 DAGs
[2024-07-07T23:48:36.790+0500] {logging_mixin.py:188} INFO - [2024-07-07T23:48:36.790+0500] {dag.py:3954} INFO - Setting next_dagrun for example_external_task_marker_child to None, run_after=None
[2024-07-07T23:48:36.793+0500] {logging_mixin.py:188} INFO - [2024-07-07T23:48:36.793+0500] {dag.py:3954} INFO - Setting next_dagrun for example_external_task_marker_parent to None, run_after=None
[2024-07-07T23:48:36.807+0500] {processor.py:183} INFO - Processing /home/nicolaspc/anaconda3/envs/mlops_env/lib/python3.12/site-packages/airflow/example_dags/example_external_task_marker_dag.py took 0.058 seconds
[2024-07-07T23:49:08.473+0500] {processor.py:161} INFO - Started process (PID=23554) to work on /home/nicolaspc/anaconda3/envs/mlops_env/lib/python3.12/site-packages/airflow/example_dags/example_external_task_marker_dag.py
[2024-07-07T23:49:08.473+0500] {processor.py:830} INFO - Processing file /home/nicolaspc/anaconda3/envs/mlops_env/lib/python3.12/site-packages/airflow/example_dags/example_external_task_marker_dag.py for tasks to queue
[2024-07-07T23:49:08.474+0500] {logging_mixin.py:188} INFO - [2024-07-07T23:49:08.473+0500] {dagbag.py:545} INFO - Filling up the DagBag from /home/nicolaspc/anaconda3/envs/mlops_env/lib/python3.12/site-packages/airflow/example_dags/example_external_task_marker_dag.py
[2024-07-07T23:49:08.477+0500] {processor.py:840} INFO - DAG(s) 'example_external_task_marker_parent', 'example_external_task_marker_child' retrieved from /home/nicolaspc/anaconda3/envs/mlops_env/lib/python3.12/site-packages/airflow/example_dags/example_external_task_marker_dag.py
[2024-07-07T23:49:08.560+0500] {logging_mixin.py:188} INFO - [2024-07-07T23:49:08.560+0500] {dag.py:3096} INFO - Sync 2 DAGs
[2024-07-07T23:49:08.569+0500] {logging_mixin.py:188} INFO - [2024-07-07T23:49:08.569+0500] {dag.py:3954} INFO - Setting next_dagrun for example_external_task_marker_child to None, run_after=None
[2024-07-07T23:49:08.572+0500] {logging_mixin.py:188} INFO - [2024-07-07T23:49:08.571+0500] {dag.py:3954} INFO - Setting next_dagrun for example_external_task_marker_parent to None, run_after=None
[2024-07-07T23:49:08.595+0500] {processor.py:183} INFO - Processing /home/nicolaspc/anaconda3/envs/mlops_env/lib/python3.12/site-packages/airflow/example_dags/example_external_task_marker_dag.py took 0.128 seconds
[2024-07-07T23:49:39.484+0500] {processor.py:161} INFO - Started process (PID=23911) to work on /home/nicolaspc/anaconda3/envs/mlops_env/lib/python3.12/site-packages/airflow/example_dags/example_external_task_marker_dag.py
[2024-07-07T23:49:39.485+0500] {processor.py:830} INFO - Processing file /home/nicolaspc/anaconda3/envs/mlops_env/lib/python3.12/site-packages/airflow/example_dags/example_external_task_marker_dag.py for tasks to queue
[2024-07-07T23:49:39.485+0500] {logging_mixin.py:188} INFO - [2024-07-07T23:49:39.485+0500] {dagbag.py:545} INFO - Filling up the DagBag from /home/nicolaspc/anaconda3/envs/mlops_env/lib/python3.12/site-packages/airflow/example_dags/example_external_task_marker_dag.py
[2024-07-07T23:49:39.490+0500] {processor.py:840} INFO - DAG(s) 'example_external_task_marker_child', 'example_external_task_marker_parent' retrieved from /home/nicolaspc/anaconda3/envs/mlops_env/lib/python3.12/site-packages/airflow/example_dags/example_external_task_marker_dag.py
[2024-07-07T23:49:39.515+0500] {logging_mixin.py:188} INFO - [2024-07-07T23:49:39.515+0500] {dag.py:3096} INFO - Sync 2 DAGs
[2024-07-07T23:49:39.526+0500] {logging_mixin.py:188} INFO - [2024-07-07T23:49:39.526+0500] {dag.py:3954} INFO - Setting next_dagrun for example_external_task_marker_child to None, run_after=None
[2024-07-07T23:49:39.529+0500] {logging_mixin.py:188} INFO - [2024-07-07T23:49:39.529+0500] {dag.py:3954} INFO - Setting next_dagrun for example_external_task_marker_parent to None, run_after=None
[2024-07-07T23:49:39.543+0500] {processor.py:183} INFO - Processing /home/nicolaspc/anaconda3/envs/mlops_env/lib/python3.12/site-packages/airflow/example_dags/example_external_task_marker_dag.py took 0.066 seconds
