[2024-07-07T23:35:20.208+0500] {processor.py:161} INFO - Started process (PID=13537) to work on /home/nicolaspc/anaconda3/envs/mlops_env/lib/python3.12/site-packages/airflow/example_dags/example_bash_operator.py
[2024-07-07T23:35:20.208+0500] {processor.py:830} INFO - Processing file /home/nicolaspc/anaconda3/envs/mlops_env/lib/python3.12/site-packages/airflow/example_dags/example_bash_operator.py for tasks to queue
[2024-07-07T23:35:20.208+0500] {logging_mixin.py:188} INFO - [2024-07-07T23:35:20.208+0500] {dagbag.py:545} INFO - Filling up the DagBag from /home/nicolaspc/anaconda3/envs/mlops_env/lib/python3.12/site-packages/airflow/example_dags/example_bash_operator.py
[2024-07-07T23:35:20.215+0500] {processor.py:840} INFO - DAG(s) 'example_bash_operator' retrieved from /home/nicolaspc/anaconda3/envs/mlops_env/lib/python3.12/site-packages/airflow/example_dags/example_bash_operator.py
[2024-07-07T23:35:20.239+0500] {logging_mixin.py:188} INFO - [2024-07-07T23:35:20.239+0500] {dag.py:3096} INFO - Sync 1 DAGs
[2024-07-07T23:35:20.255+0500] {logging_mixin.py:188} INFO - [2024-07-07T23:35:20.254+0500] {dag.py:3954} INFO - Setting next_dagrun for example_bash_operator to 2024-07-06 00:00:00+00:00, run_after=2024-07-07 00:00:00+00:00
[2024-07-07T23:35:20.270+0500] {processor.py:183} INFO - Processing /home/nicolaspc/anaconda3/envs/mlops_env/lib/python3.12/site-packages/airflow/example_dags/example_bash_operator.py took 0.068 seconds
[2024-07-07T23:35:50.971+0500] {processor.py:161} INFO - Started process (PID=13887) to work on /home/nicolaspc/anaconda3/envs/mlops_env/lib/python3.12/site-packages/airflow/example_dags/example_bash_operator.py
[2024-07-07T23:35:50.972+0500] {processor.py:830} INFO - Processing file /home/nicolaspc/anaconda3/envs/mlops_env/lib/python3.12/site-packages/airflow/example_dags/example_bash_operator.py for tasks to queue
[2024-07-07T23:35:50.972+0500] {logging_mixin.py:188} INFO - [2024-07-07T23:35:50.972+0500] {dagbag.py:545} INFO - Filling up the DagBag from /home/nicolaspc/anaconda3/envs/mlops_env/lib/python3.12/site-packages/airflow/example_dags/example_bash_operator.py
[2024-07-07T23:35:50.979+0500] {processor.py:840} INFO - DAG(s) 'example_bash_operator' retrieved from /home/nicolaspc/anaconda3/envs/mlops_env/lib/python3.12/site-packages/airflow/example_dags/example_bash_operator.py
[2024-07-07T23:35:51.004+0500] {logging_mixin.py:188} INFO - [2024-07-07T23:35:51.004+0500] {dag.py:3096} INFO - Sync 1 DAGs
[2024-07-07T23:35:51.021+0500] {logging_mixin.py:188} INFO - [2024-07-07T23:35:51.021+0500] {dag.py:3954} INFO - Setting next_dagrun for example_bash_operator to 2024-07-06 00:00:00+00:00, run_after=2024-07-07 00:00:00+00:00
[2024-07-07T23:35:51.036+0500] {processor.py:183} INFO - Processing /home/nicolaspc/anaconda3/envs/mlops_env/lib/python3.12/site-packages/airflow/example_dags/example_bash_operator.py took 0.071 seconds
[2024-07-07T23:36:21.678+0500] {processor.py:161} INFO - Started process (PID=14303) to work on /home/nicolaspc/anaconda3/envs/mlops_env/lib/python3.12/site-packages/airflow/example_dags/example_bash_operator.py
[2024-07-07T23:36:21.679+0500] {processor.py:830} INFO - Processing file /home/nicolaspc/anaconda3/envs/mlops_env/lib/python3.12/site-packages/airflow/example_dags/example_bash_operator.py for tasks to queue
[2024-07-07T23:36:21.679+0500] {logging_mixin.py:188} INFO - [2024-07-07T23:36:21.679+0500] {dagbag.py:545} INFO - Filling up the DagBag from /home/nicolaspc/anaconda3/envs/mlops_env/lib/python3.12/site-packages/airflow/example_dags/example_bash_operator.py
[2024-07-07T23:36:21.686+0500] {processor.py:840} INFO - DAG(s) 'example_bash_operator' retrieved from /home/nicolaspc/anaconda3/envs/mlops_env/lib/python3.12/site-packages/airflow/example_dags/example_bash_operator.py
[2024-07-07T23:36:21.710+0500] {logging_mixin.py:188} INFO - [2024-07-07T23:36:21.709+0500] {dag.py:3096} INFO - Sync 1 DAGs
[2024-07-07T23:36:21.725+0500] {logging_mixin.py:188} INFO - [2024-07-07T23:36:21.725+0500] {dag.py:3954} INFO - Setting next_dagrun for example_bash_operator to 2024-07-06 00:00:00+00:00, run_after=2024-07-07 00:00:00+00:00
[2024-07-07T23:36:21.740+0500] {processor.py:183} INFO - Processing /home/nicolaspc/anaconda3/envs/mlops_env/lib/python3.12/site-packages/airflow/example_dags/example_bash_operator.py took 0.068 seconds
[2024-07-07T23:36:52.116+0500] {processor.py:161} INFO - Started process (PID=14685) to work on /home/nicolaspc/anaconda3/envs/mlops_env/lib/python3.12/site-packages/airflow/example_dags/example_bash_operator.py
[2024-07-07T23:36:52.117+0500] {processor.py:830} INFO - Processing file /home/nicolaspc/anaconda3/envs/mlops_env/lib/python3.12/site-packages/airflow/example_dags/example_bash_operator.py for tasks to queue
[2024-07-07T23:36:52.118+0500] {logging_mixin.py:188} INFO - [2024-07-07T23:36:52.118+0500] {dagbag.py:545} INFO - Filling up the DagBag from /home/nicolaspc/anaconda3/envs/mlops_env/lib/python3.12/site-packages/airflow/example_dags/example_bash_operator.py
[2024-07-07T23:36:52.126+0500] {processor.py:840} INFO - DAG(s) 'example_bash_operator' retrieved from /home/nicolaspc/anaconda3/envs/mlops_env/lib/python3.12/site-packages/airflow/example_dags/example_bash_operator.py
[2024-07-07T23:36:52.173+0500] {processor.py:161} INFO - Started process (PID=14695) to work on /home/nicolaspc/anaconda3/envs/mlops_env/lib/python3.12/site-packages/airflow/example_dags/example_bash_operator.py
[2024-07-07T23:36:52.174+0500] {processor.py:830} INFO - Processing file /home/nicolaspc/anaconda3/envs/mlops_env/lib/python3.12/site-packages/airflow/example_dags/example_bash_operator.py for tasks to queue
[2024-07-07T23:36:52.174+0500] {logging_mixin.py:188} INFO - [2024-07-07T23:36:52.174+0500] {dagbag.py:545} INFO - Filling up the DagBag from /home/nicolaspc/anaconda3/envs/mlops_env/lib/python3.12/site-packages/airflow/example_dags/example_bash_operator.py
[2024-07-07T23:36:52.181+0500] {processor.py:840} INFO - DAG(s) 'example_bash_operator' retrieved from /home/nicolaspc/anaconda3/envs/mlops_env/lib/python3.12/site-packages/airflow/example_dags/example_bash_operator.py
[2024-07-07T23:36:52.203+0500] {logging_mixin.py:188} INFO - [2024-07-07T23:36:52.203+0500] {dag.py:3096} INFO - Sync 1 DAGs
[2024-07-07T23:36:52.218+0500] {logging_mixin.py:188} INFO - [2024-07-07T23:36:52.217+0500] {override.py:1829} INFO - Created Permission View: can delete on DAG:example_bash_operator
[2024-07-07T23:36:52.220+0500] {logging_mixin.py:188} INFO - [2024-07-07T23:36:52.220+0500] {dag.py:3954} INFO - Setting next_dagrun for example_bash_operator to 2024-07-06 00:00:00+00:00, run_after=2024-07-07 00:00:00+00:00
[2024-07-07T23:36:52.234+0500] {logging_mixin.py:188} INFO - [2024-07-07T23:36:52.233+0500] {override.py:1829} INFO - Created Permission View: can edit on DAG:example_bash_operator
[2024-07-07T23:36:52.236+0500] {processor.py:183} INFO - Processing /home/nicolaspc/anaconda3/envs/mlops_env/lib/python3.12/site-packages/airflow/example_dags/example_bash_operator.py took 0.069 seconds
[2024-07-07T23:36:52.246+0500] {logging_mixin.py:188} INFO - [2024-07-07T23:36:52.245+0500] {override.py:1829} INFO - Created Permission View: can read on DAG:example_bash_operator
[2024-07-07T23:36:52.246+0500] {logging_mixin.py:188} INFO - [2024-07-07T23:36:52.246+0500] {dag.py:3096} INFO - Sync 1 DAGs
[2024-07-07T23:36:52.253+0500] {logging_mixin.py:188} INFO - [2024-07-07T23:36:52.252+0500] {dag.py:3118} INFO - Creating ORM DAG for example_bash_operator
[2024-07-07T23:36:52.259+0500] {logging_mixin.py:188} INFO - [2024-07-07T23:36:52.259+0500] {dag.py:3954} INFO - Setting next_dagrun for example_bash_operator to 2024-07-06 00:00:00+00:00, run_after=2024-07-07 00:00:00+00:00
[2024-07-07T23:36:52.285+0500] {processor.py:183} INFO - Processing /home/nicolaspc/anaconda3/envs/mlops_env/lib/python3.12/site-packages/airflow/example_dags/example_bash_operator.py took 0.172 seconds
[2024-07-07T23:37:22.604+0500] {processor.py:161} INFO - Started process (PID=15053) to work on /home/nicolaspc/anaconda3/envs/mlops_env/lib/python3.12/site-packages/airflow/example_dags/example_bash_operator.py
[2024-07-07T23:37:22.604+0500] {processor.py:830} INFO - Processing file /home/nicolaspc/anaconda3/envs/mlops_env/lib/python3.12/site-packages/airflow/example_dags/example_bash_operator.py for tasks to queue
[2024-07-07T23:37:22.605+0500] {logging_mixin.py:188} INFO - [2024-07-07T23:37:22.605+0500] {dagbag.py:545} INFO - Filling up the DagBag from /home/nicolaspc/anaconda3/envs/mlops_env/lib/python3.12/site-packages/airflow/example_dags/example_bash_operator.py
[2024-07-07T23:37:22.612+0500] {processor.py:840} INFO - DAG(s) 'example_bash_operator' retrieved from /home/nicolaspc/anaconda3/envs/mlops_env/lib/python3.12/site-packages/airflow/example_dags/example_bash_operator.py
[2024-07-07T23:37:22.636+0500] {logging_mixin.py:188} INFO - [2024-07-07T23:37:22.636+0500] {dag.py:3096} INFO - Sync 1 DAGs
[2024-07-07T23:37:22.652+0500] {logging_mixin.py:188} INFO - [2024-07-07T23:37:22.651+0500] {dag.py:3954} INFO - Setting next_dagrun for example_bash_operator to 2024-07-06 00:00:00+00:00, run_after=2024-07-07 00:00:00+00:00
[2024-07-07T23:37:22.668+0500] {processor.py:183} INFO - Processing /home/nicolaspc/anaconda3/envs/mlops_env/lib/python3.12/site-packages/airflow/example_dags/example_bash_operator.py took 0.070 seconds
[2024-07-07T23:37:53.123+0500] {processor.py:161} INFO - Started process (PID=15438) to work on /home/nicolaspc/anaconda3/envs/mlops_env/lib/python3.12/site-packages/airflow/example_dags/example_bash_operator.py
[2024-07-07T23:37:53.124+0500] {processor.py:830} INFO - Processing file /home/nicolaspc/anaconda3/envs/mlops_env/lib/python3.12/site-packages/airflow/example_dags/example_bash_operator.py for tasks to queue
[2024-07-07T23:37:53.124+0500] {logging_mixin.py:188} INFO - [2024-07-07T23:37:53.124+0500] {dagbag.py:545} INFO - Filling up the DagBag from /home/nicolaspc/anaconda3/envs/mlops_env/lib/python3.12/site-packages/airflow/example_dags/example_bash_operator.py
[2024-07-07T23:37:53.131+0500] {processor.py:840} INFO - DAG(s) 'example_bash_operator' retrieved from /home/nicolaspc/anaconda3/envs/mlops_env/lib/python3.12/site-packages/airflow/example_dags/example_bash_operator.py
[2024-07-07T23:37:53.154+0500] {logging_mixin.py:188} INFO - [2024-07-07T23:37:53.154+0500] {dag.py:3096} INFO - Sync 1 DAGs
[2024-07-07T23:37:53.170+0500] {logging_mixin.py:188} INFO - [2024-07-07T23:37:53.170+0500] {dag.py:3954} INFO - Setting next_dagrun for example_bash_operator to 2024-07-06 00:00:00+00:00, run_after=2024-07-07 00:00:00+00:00
[2024-07-07T23:37:53.186+0500] {processor.py:183} INFO - Processing /home/nicolaspc/anaconda3/envs/mlops_env/lib/python3.12/site-packages/airflow/example_dags/example_bash_operator.py took 0.069 seconds
[2024-07-07T23:37:53.979+0500] {processor.py:161} INFO - Started process (PID=15486) to work on /home/nicolaspc/anaconda3/envs/mlops_env/lib/python3.12/site-packages/airflow/example_dags/example_bash_operator.py
[2024-07-07T23:37:53.980+0500] {processor.py:830} INFO - Processing file /home/nicolaspc/anaconda3/envs/mlops_env/lib/python3.12/site-packages/airflow/example_dags/example_bash_operator.py for tasks to queue
[2024-07-07T23:37:53.981+0500] {logging_mixin.py:188} INFO - [2024-07-07T23:37:53.981+0500] {dagbag.py:545} INFO - Filling up the DagBag from /home/nicolaspc/anaconda3/envs/mlops_env/lib/python3.12/site-packages/airflow/example_dags/example_bash_operator.py
[2024-07-07T23:37:53.988+0500] {processor.py:840} INFO - DAG(s) 'example_bash_operator' retrieved from /home/nicolaspc/anaconda3/envs/mlops_env/lib/python3.12/site-packages/airflow/example_dags/example_bash_operator.py
[2024-07-07T23:37:54.002+0500] {logging_mixin.py:188} INFO - [2024-07-07T23:37:54.002+0500] {dag.py:3096} INFO - Sync 1 DAGs
[2024-07-07T23:37:54.014+0500] {logging_mixin.py:188} INFO - [2024-07-07T23:37:54.014+0500] {dag.py:3954} INFO - Setting next_dagrun for example_bash_operator to 2024-07-06 00:00:00+00:00, run_after=2024-07-07 00:00:00+00:00
[2024-07-07T23:37:54.034+0500] {processor.py:183} INFO - Processing /home/nicolaspc/anaconda3/envs/mlops_env/lib/python3.12/site-packages/airflow/example_dags/example_bash_operator.py took 0.058 seconds
[2024-07-07T23:38:23.947+0500] {processor.py:161} INFO - Started process (PID=15859) to work on /home/nicolaspc/anaconda3/envs/mlops_env/lib/python3.12/site-packages/airflow/example_dags/example_bash_operator.py
[2024-07-07T23:38:23.947+0500] {processor.py:830} INFO - Processing file /home/nicolaspc/anaconda3/envs/mlops_env/lib/python3.12/site-packages/airflow/example_dags/example_bash_operator.py for tasks to queue
[2024-07-07T23:38:23.948+0500] {logging_mixin.py:188} INFO - [2024-07-07T23:38:23.948+0500] {dagbag.py:545} INFO - Filling up the DagBag from /home/nicolaspc/anaconda3/envs/mlops_env/lib/python3.12/site-packages/airflow/example_dags/example_bash_operator.py
[2024-07-07T23:38:23.955+0500] {processor.py:840} INFO - DAG(s) 'example_bash_operator' retrieved from /home/nicolaspc/anaconda3/envs/mlops_env/lib/python3.12/site-packages/airflow/example_dags/example_bash_operator.py
[2024-07-07T23:38:23.977+0500] {logging_mixin.py:188} INFO - [2024-07-07T23:38:23.977+0500] {dag.py:3096} INFO - Sync 1 DAGs
[2024-07-07T23:38:23.994+0500] {logging_mixin.py:188} INFO - [2024-07-07T23:38:23.993+0500] {dag.py:3954} INFO - Setting next_dagrun for example_bash_operator to 2024-07-06 00:00:00+00:00, run_after=2024-07-07 00:00:00+00:00
[2024-07-07T23:38:24.011+0500] {processor.py:183} INFO - Processing /home/nicolaspc/anaconda3/envs/mlops_env/lib/python3.12/site-packages/airflow/example_dags/example_bash_operator.py took 0.070 seconds
[2024-07-07T23:38:51.307+0500] {processor.py:161} INFO - Started process (PID=15931) to work on /home/nicolaspc/anaconda3/envs/mlops_env/lib/python3.12/site-packages/airflow/example_dags/example_bash_operator.py
[2024-07-07T23:38:51.316+0500] {processor.py:830} INFO - Processing file /home/nicolaspc/anaconda3/envs/mlops_env/lib/python3.12/site-packages/airflow/example_dags/example_bash_operator.py for tasks to queue
[2024-07-07T23:38:51.318+0500] {logging_mixin.py:188} INFO - [2024-07-07T23:38:51.318+0500] {dagbag.py:545} INFO - Filling up the DagBag from /home/nicolaspc/anaconda3/envs/mlops_env/lib/python3.12/site-packages/airflow/example_dags/example_bash_operator.py
[2024-07-07T23:38:51.325+0500] {processor.py:840} INFO - DAG(s) 'example_bash_operator' retrieved from /home/nicolaspc/anaconda3/envs/mlops_env/lib/python3.12/site-packages/airflow/example_dags/example_bash_operator.py
[2024-07-07T23:38:51.340+0500] {logging_mixin.py:188} INFO - [2024-07-07T23:38:51.340+0500] {dag.py:3096} INFO - Sync 1 DAGs
[2024-07-07T23:38:51.352+0500] {logging_mixin.py:188} INFO - [2024-07-07T23:38:51.352+0500] {dag.py:3954} INFO - Setting next_dagrun for example_bash_operator to 2024-07-06 00:00:00+00:00, run_after=2024-07-07 00:00:00+00:00
[2024-07-07T23:38:51.374+0500] {processor.py:183} INFO - Processing /home/nicolaspc/anaconda3/envs/mlops_env/lib/python3.12/site-packages/airflow/example_dags/example_bash_operator.py took 0.071 seconds
[2024-07-07T23:38:54.598+0500] {processor.py:161} INFO - Started process (PID=16213) to work on /home/nicolaspc/anaconda3/envs/mlops_env/lib/python3.12/site-packages/airflow/example_dags/example_bash_operator.py
[2024-07-07T23:38:54.598+0500] {processor.py:830} INFO - Processing file /home/nicolaspc/anaconda3/envs/mlops_env/lib/python3.12/site-packages/airflow/example_dags/example_bash_operator.py for tasks to queue
[2024-07-07T23:38:54.599+0500] {logging_mixin.py:188} INFO - [2024-07-07T23:38:54.599+0500] {dagbag.py:545} INFO - Filling up the DagBag from /home/nicolaspc/anaconda3/envs/mlops_env/lib/python3.12/site-packages/airflow/example_dags/example_bash_operator.py
[2024-07-07T23:38:54.606+0500] {processor.py:840} INFO - DAG(s) 'example_bash_operator' retrieved from /home/nicolaspc/anaconda3/envs/mlops_env/lib/python3.12/site-packages/airflow/example_dags/example_bash_operator.py
[2024-07-07T23:38:54.631+0500] {logging_mixin.py:188} INFO - [2024-07-07T23:38:54.631+0500] {dag.py:3096} INFO - Sync 1 DAGs
[2024-07-07T23:38:54.646+0500] {logging_mixin.py:188} INFO - [2024-07-07T23:38:54.646+0500] {dag.py:3954} INFO - Setting next_dagrun for example_bash_operator to 2024-07-06 00:00:00+00:00, run_after=2024-07-07 00:00:00+00:00
[2024-07-07T23:38:54.662+0500] {processor.py:183} INFO - Processing /home/nicolaspc/anaconda3/envs/mlops_env/lib/python3.12/site-packages/airflow/example_dags/example_bash_operator.py took 0.070 seconds
[2024-07-07T23:39:25.135+0500] {processor.py:161} INFO - Started process (PID=16611) to work on /home/nicolaspc/anaconda3/envs/mlops_env/lib/python3.12/site-packages/airflow/example_dags/example_bash_operator.py
[2024-07-07T23:39:25.135+0500] {processor.py:830} INFO - Processing file /home/nicolaspc/anaconda3/envs/mlops_env/lib/python3.12/site-packages/airflow/example_dags/example_bash_operator.py for tasks to queue
[2024-07-07T23:39:25.136+0500] {logging_mixin.py:188} INFO - [2024-07-07T23:39:25.136+0500] {dagbag.py:545} INFO - Filling up the DagBag from /home/nicolaspc/anaconda3/envs/mlops_env/lib/python3.12/site-packages/airflow/example_dags/example_bash_operator.py
[2024-07-07T23:39:25.143+0500] {processor.py:840} INFO - DAG(s) 'example_bash_operator' retrieved from /home/nicolaspc/anaconda3/envs/mlops_env/lib/python3.12/site-packages/airflow/example_dags/example_bash_operator.py
[2024-07-07T23:39:25.167+0500] {logging_mixin.py:188} INFO - [2024-07-07T23:39:25.167+0500] {dag.py:3096} INFO - Sync 1 DAGs
[2024-07-07T23:39:25.186+0500] {logging_mixin.py:188} INFO - [2024-07-07T23:39:25.186+0500] {dag.py:3954} INFO - Setting next_dagrun for example_bash_operator to 2024-07-06 00:00:00+00:00, run_after=2024-07-07 00:00:00+00:00
[2024-07-07T23:39:25.205+0500] {processor.py:183} INFO - Processing /home/nicolaspc/anaconda3/envs/mlops_env/lib/python3.12/site-packages/airflow/example_dags/example_bash_operator.py took 0.076 seconds
[2024-07-07T23:39:53.191+0500] {processor.py:161} INFO - Started process (PID=16686) to work on /home/nicolaspc/anaconda3/envs/mlops_env/lib/python3.12/site-packages/airflow/example_dags/example_bash_operator.py
[2024-07-07T23:39:53.191+0500] {processor.py:830} INFO - Processing file /home/nicolaspc/anaconda3/envs/mlops_env/lib/python3.12/site-packages/airflow/example_dags/example_bash_operator.py for tasks to queue
[2024-07-07T23:39:53.192+0500] {logging_mixin.py:188} INFO - [2024-07-07T23:39:53.192+0500] {dagbag.py:545} INFO - Filling up the DagBag from /home/nicolaspc/anaconda3/envs/mlops_env/lib/python3.12/site-packages/airflow/example_dags/example_bash_operator.py
[2024-07-07T23:39:53.199+0500] {processor.py:840} INFO - DAG(s) 'example_bash_operator' retrieved from /home/nicolaspc/anaconda3/envs/mlops_env/lib/python3.12/site-packages/airflow/example_dags/example_bash_operator.py
[2024-07-07T23:39:53.213+0500] {logging_mixin.py:188} INFO - [2024-07-07T23:39:53.213+0500] {dag.py:3096} INFO - Sync 1 DAGs
[2024-07-07T23:39:53.226+0500] {logging_mixin.py:188} INFO - [2024-07-07T23:39:53.225+0500] {dag.py:3954} INFO - Setting next_dagrun for example_bash_operator to 2024-07-06 00:00:00+00:00, run_after=2024-07-07 00:00:00+00:00
[2024-07-07T23:39:53.245+0500] {processor.py:183} INFO - Processing /home/nicolaspc/anaconda3/envs/mlops_env/lib/python3.12/site-packages/airflow/example_dags/example_bash_operator.py took 0.058 seconds
[2024-07-07T23:39:55.733+0500] {processor.py:161} INFO - Started process (PID=16966) to work on /home/nicolaspc/anaconda3/envs/mlops_env/lib/python3.12/site-packages/airflow/example_dags/example_bash_operator.py
[2024-07-07T23:39:55.734+0500] {processor.py:830} INFO - Processing file /home/nicolaspc/anaconda3/envs/mlops_env/lib/python3.12/site-packages/airflow/example_dags/example_bash_operator.py for tasks to queue
[2024-07-07T23:39:55.735+0500] {logging_mixin.py:188} INFO - [2024-07-07T23:39:55.734+0500] {dagbag.py:545} INFO - Filling up the DagBag from /home/nicolaspc/anaconda3/envs/mlops_env/lib/python3.12/site-packages/airflow/example_dags/example_bash_operator.py
[2024-07-07T23:39:55.741+0500] {processor.py:840} INFO - DAG(s) 'example_bash_operator' retrieved from /home/nicolaspc/anaconda3/envs/mlops_env/lib/python3.12/site-packages/airflow/example_dags/example_bash_operator.py
[2024-07-07T23:39:55.766+0500] {logging_mixin.py:188} INFO - [2024-07-07T23:39:55.765+0500] {dag.py:3096} INFO - Sync 1 DAGs
[2024-07-07T23:39:55.782+0500] {logging_mixin.py:188} INFO - [2024-07-07T23:39:55.782+0500] {dag.py:3954} INFO - Setting next_dagrun for example_bash_operator to 2024-07-06 00:00:00+00:00, run_after=2024-07-07 00:00:00+00:00
[2024-07-07T23:39:55.797+0500] {processor.py:183} INFO - Processing /home/nicolaspc/anaconda3/envs/mlops_env/lib/python3.12/site-packages/airflow/example_dags/example_bash_operator.py took 0.069 seconds
[2024-07-07T23:40:26.466+0500] {processor.py:161} INFO - Started process (PID=17397) to work on /home/nicolaspc/anaconda3/envs/mlops_env/lib/python3.12/site-packages/airflow/example_dags/example_bash_operator.py
[2024-07-07T23:40:26.467+0500] {processor.py:830} INFO - Processing file /home/nicolaspc/anaconda3/envs/mlops_env/lib/python3.12/site-packages/airflow/example_dags/example_bash_operator.py for tasks to queue
[2024-07-07T23:40:26.467+0500] {logging_mixin.py:188} INFO - [2024-07-07T23:40:26.467+0500] {dagbag.py:545} INFO - Filling up the DagBag from /home/nicolaspc/anaconda3/envs/mlops_env/lib/python3.12/site-packages/airflow/example_dags/example_bash_operator.py
[2024-07-07T23:40:26.474+0500] {processor.py:840} INFO - DAG(s) 'example_bash_operator' retrieved from /home/nicolaspc/anaconda3/envs/mlops_env/lib/python3.12/site-packages/airflow/example_dags/example_bash_operator.py
[2024-07-07T23:40:26.499+0500] {logging_mixin.py:188} INFO - [2024-07-07T23:40:26.499+0500] {dag.py:3096} INFO - Sync 1 DAGs
[2024-07-07T23:40:26.514+0500] {logging_mixin.py:188} INFO - [2024-07-07T23:40:26.514+0500] {dag.py:3954} INFO - Setting next_dagrun for example_bash_operator to 2024-07-06 00:00:00+00:00, run_after=2024-07-07 00:00:00+00:00
[2024-07-07T23:40:26.531+0500] {processor.py:183} INFO - Processing /home/nicolaspc/anaconda3/envs/mlops_env/lib/python3.12/site-packages/airflow/example_dags/example_bash_operator.py took 0.073 seconds
[2024-07-07T23:40:53.599+0500] {processor.py:161} INFO - Started process (PID=17480) to work on /home/nicolaspc/anaconda3/envs/mlops_env/lib/python3.12/site-packages/airflow/example_dags/example_bash_operator.py
[2024-07-07T23:40:53.607+0500] {processor.py:830} INFO - Processing file /home/nicolaspc/anaconda3/envs/mlops_env/lib/python3.12/site-packages/airflow/example_dags/example_bash_operator.py for tasks to queue
[2024-07-07T23:40:53.609+0500] {logging_mixin.py:188} INFO - [2024-07-07T23:40:53.609+0500] {dagbag.py:545} INFO - Filling up the DagBag from /home/nicolaspc/anaconda3/envs/mlops_env/lib/python3.12/site-packages/airflow/example_dags/example_bash_operator.py
[2024-07-07T23:40:53.620+0500] {processor.py:840} INFO - DAG(s) 'example_bash_operator' retrieved from /home/nicolaspc/anaconda3/envs/mlops_env/lib/python3.12/site-packages/airflow/example_dags/example_bash_operator.py
[2024-07-07T23:40:53.639+0500] {logging_mixin.py:188} INFO - [2024-07-07T23:40:53.639+0500] {dag.py:3096} INFO - Sync 1 DAGs
[2024-07-07T23:40:53.657+0500] {logging_mixin.py:188} INFO - [2024-07-07T23:40:53.656+0500] {dag.py:3954} INFO - Setting next_dagrun for example_bash_operator to 2024-07-06 00:00:00+00:00, run_after=2024-07-07 00:00:00+00:00
[2024-07-07T23:40:53.686+0500] {processor.py:183} INFO - Processing /home/nicolaspc/anaconda3/envs/mlops_env/lib/python3.12/site-packages/airflow/example_dags/example_bash_operator.py took 0.092 seconds
[2024-07-07T23:40:57.276+0500] {processor.py:161} INFO - Started process (PID=17763) to work on /home/nicolaspc/anaconda3/envs/mlops_env/lib/python3.12/site-packages/airflow/example_dags/example_bash_operator.py
[2024-07-07T23:40:57.277+0500] {processor.py:830} INFO - Processing file /home/nicolaspc/anaconda3/envs/mlops_env/lib/python3.12/site-packages/airflow/example_dags/example_bash_operator.py for tasks to queue
[2024-07-07T23:40:57.278+0500] {logging_mixin.py:188} INFO - [2024-07-07T23:40:57.277+0500] {dagbag.py:545} INFO - Filling up the DagBag from /home/nicolaspc/anaconda3/envs/mlops_env/lib/python3.12/site-packages/airflow/example_dags/example_bash_operator.py
[2024-07-07T23:40:57.284+0500] {processor.py:840} INFO - DAG(s) 'example_bash_operator' retrieved from /home/nicolaspc/anaconda3/envs/mlops_env/lib/python3.12/site-packages/airflow/example_dags/example_bash_operator.py
[2024-07-07T23:40:57.311+0500] {logging_mixin.py:188} INFO - [2024-07-07T23:40:57.311+0500] {dag.py:3096} INFO - Sync 1 DAGs
[2024-07-07T23:40:57.328+0500] {logging_mixin.py:188} INFO - [2024-07-07T23:40:57.328+0500] {dag.py:3954} INFO - Setting next_dagrun for example_bash_operator to 2024-07-06 00:00:00+00:00, run_after=2024-07-07 00:00:00+00:00
[2024-07-07T23:40:57.347+0500] {processor.py:183} INFO - Processing /home/nicolaspc/anaconda3/envs/mlops_env/lib/python3.12/site-packages/airflow/example_dags/example_bash_operator.py took 0.076 seconds
[2024-07-07T23:41:28.220+0500] {processor.py:161} INFO - Started process (PID=18179) to work on /home/nicolaspc/anaconda3/envs/mlops_env/lib/python3.12/site-packages/airflow/example_dags/example_bash_operator.py
[2024-07-07T23:41:28.221+0500] {processor.py:830} INFO - Processing file /home/nicolaspc/anaconda3/envs/mlops_env/lib/python3.12/site-packages/airflow/example_dags/example_bash_operator.py for tasks to queue
[2024-07-07T23:41:28.222+0500] {logging_mixin.py:188} INFO - [2024-07-07T23:41:28.221+0500] {dagbag.py:545} INFO - Filling up the DagBag from /home/nicolaspc/anaconda3/envs/mlops_env/lib/python3.12/site-packages/airflow/example_dags/example_bash_operator.py
[2024-07-07T23:41:28.233+0500] {processor.py:840} INFO - DAG(s) 'example_bash_operator' retrieved from /home/nicolaspc/anaconda3/envs/mlops_env/lib/python3.12/site-packages/airflow/example_dags/example_bash_operator.py
[2024-07-07T23:41:28.264+0500] {logging_mixin.py:188} INFO - [2024-07-07T23:41:28.264+0500] {dag.py:3096} INFO - Sync 1 DAGs
[2024-07-07T23:41:28.281+0500] {logging_mixin.py:188} INFO - [2024-07-07T23:41:28.281+0500] {dag.py:3954} INFO - Setting next_dagrun for example_bash_operator to 2024-07-06 00:00:00+00:00, run_after=2024-07-07 00:00:00+00:00
[2024-07-07T23:41:28.299+0500] {processor.py:183} INFO - Processing /home/nicolaspc/anaconda3/envs/mlops_env/lib/python3.12/site-packages/airflow/example_dags/example_bash_operator.py took 0.085 seconds
[2024-07-07T23:41:53.829+0500] {processor.py:161} INFO - Started process (PID=18267) to work on /home/nicolaspc/anaconda3/envs/mlops_env/lib/python3.12/site-packages/airflow/example_dags/example_bash_operator.py
[2024-07-07T23:41:53.837+0500] {processor.py:830} INFO - Processing file /home/nicolaspc/anaconda3/envs/mlops_env/lib/python3.12/site-packages/airflow/example_dags/example_bash_operator.py for tasks to queue
[2024-07-07T23:41:53.840+0500] {logging_mixin.py:188} INFO - [2024-07-07T23:41:53.839+0500] {dagbag.py:545} INFO - Filling up the DagBag from /home/nicolaspc/anaconda3/envs/mlops_env/lib/python3.12/site-packages/airflow/example_dags/example_bash_operator.py
[2024-07-07T23:41:53.847+0500] {processor.py:840} INFO - DAG(s) 'example_bash_operator' retrieved from /home/nicolaspc/anaconda3/envs/mlops_env/lib/python3.12/site-packages/airflow/example_dags/example_bash_operator.py
[2024-07-07T23:41:53.861+0500] {logging_mixin.py:188} INFO - [2024-07-07T23:41:53.861+0500] {dag.py:3096} INFO - Sync 1 DAGs
[2024-07-07T23:41:53.874+0500] {logging_mixin.py:188} INFO - [2024-07-07T23:41:53.874+0500] {dag.py:3954} INFO - Setting next_dagrun for example_bash_operator to 2024-07-06 00:00:00+00:00, run_after=2024-07-07 00:00:00+00:00
[2024-07-07T23:41:53.906+0500] {processor.py:183} INFO - Processing /home/nicolaspc/anaconda3/envs/mlops_env/lib/python3.12/site-packages/airflow/example_dags/example_bash_operator.py took 0.081 seconds
[2024-07-07T23:41:59.279+0500] {processor.py:161} INFO - Started process (PID=18556) to work on /home/nicolaspc/anaconda3/envs/mlops_env/lib/python3.12/site-packages/airflow/example_dags/example_bash_operator.py
[2024-07-07T23:41:59.280+0500] {processor.py:830} INFO - Processing file /home/nicolaspc/anaconda3/envs/mlops_env/lib/python3.12/site-packages/airflow/example_dags/example_bash_operator.py for tasks to queue
[2024-07-07T23:41:59.282+0500] {logging_mixin.py:188} INFO - [2024-07-07T23:41:59.281+0500] {dagbag.py:545} INFO - Filling up the DagBag from /home/nicolaspc/anaconda3/envs/mlops_env/lib/python3.12/site-packages/airflow/example_dags/example_bash_operator.py
[2024-07-07T23:41:59.296+0500] {processor.py:840} INFO - DAG(s) 'example_bash_operator' retrieved from /home/nicolaspc/anaconda3/envs/mlops_env/lib/python3.12/site-packages/airflow/example_dags/example_bash_operator.py
[2024-07-07T23:41:59.331+0500] {logging_mixin.py:188} INFO - [2024-07-07T23:41:59.331+0500] {dag.py:3096} INFO - Sync 1 DAGs
[2024-07-07T23:41:59.353+0500] {logging_mixin.py:188} INFO - [2024-07-07T23:41:59.352+0500] {dag.py:3954} INFO - Setting next_dagrun for example_bash_operator to 2024-07-06 00:00:00+00:00, run_after=2024-07-07 00:00:00+00:00
[2024-07-07T23:41:59.370+0500] {processor.py:183} INFO - Processing /home/nicolaspc/anaconda3/envs/mlops_env/lib/python3.12/site-packages/airflow/example_dags/example_bash_operator.py took 0.102 seconds
[2024-07-07T23:42:30.162+0500] {processor.py:161} INFO - Started process (PID=18975) to work on /home/nicolaspc/anaconda3/envs/mlops_env/lib/python3.12/site-packages/airflow/example_dags/example_bash_operator.py
[2024-07-07T23:42:30.163+0500] {processor.py:830} INFO - Processing file /home/nicolaspc/anaconda3/envs/mlops_env/lib/python3.12/site-packages/airflow/example_dags/example_bash_operator.py for tasks to queue
[2024-07-07T23:42:30.163+0500] {logging_mixin.py:188} INFO - [2024-07-07T23:42:30.163+0500] {dagbag.py:545} INFO - Filling up the DagBag from /home/nicolaspc/anaconda3/envs/mlops_env/lib/python3.12/site-packages/airflow/example_dags/example_bash_operator.py
[2024-07-07T23:42:30.173+0500] {processor.py:840} INFO - DAG(s) 'example_bash_operator' retrieved from /home/nicolaspc/anaconda3/envs/mlops_env/lib/python3.12/site-packages/airflow/example_dags/example_bash_operator.py
[2024-07-07T23:42:30.201+0500] {logging_mixin.py:188} INFO - [2024-07-07T23:42:30.200+0500] {dag.py:3096} INFO - Sync 1 DAGs
[2024-07-07T23:42:30.218+0500] {logging_mixin.py:188} INFO - [2024-07-07T23:42:30.217+0500] {dag.py:3954} INFO - Setting next_dagrun for example_bash_operator to 2024-07-06 00:00:00+00:00, run_after=2024-07-07 00:00:00+00:00
[2024-07-07T23:42:30.233+0500] {processor.py:183} INFO - Processing /home/nicolaspc/anaconda3/envs/mlops_env/lib/python3.12/site-packages/airflow/example_dags/example_bash_operator.py took 0.078 seconds
[2024-07-07T23:43:00.748+0500] {processor.py:161} INFO - Started process (PID=19330) to work on /home/nicolaspc/anaconda3/envs/mlops_env/lib/python3.12/site-packages/airflow/example_dags/example_bash_operator.py
[2024-07-07T23:43:00.748+0500] {processor.py:830} INFO - Processing file /home/nicolaspc/anaconda3/envs/mlops_env/lib/python3.12/site-packages/airflow/example_dags/example_bash_operator.py for tasks to queue
[2024-07-07T23:43:00.749+0500] {logging_mixin.py:188} INFO - [2024-07-07T23:43:00.749+0500] {dagbag.py:545} INFO - Filling up the DagBag from /home/nicolaspc/anaconda3/envs/mlops_env/lib/python3.12/site-packages/airflow/example_dags/example_bash_operator.py
[2024-07-07T23:43:00.756+0500] {processor.py:840} INFO - DAG(s) 'example_bash_operator' retrieved from /home/nicolaspc/anaconda3/envs/mlops_env/lib/python3.12/site-packages/airflow/example_dags/example_bash_operator.py
[2024-07-07T23:43:00.783+0500] {logging_mixin.py:188} INFO - [2024-07-07T23:43:00.782+0500] {dag.py:3096} INFO - Sync 1 DAGs
[2024-07-07T23:43:00.799+0500] {logging_mixin.py:188} INFO - [2024-07-07T23:43:00.799+0500] {dag.py:3954} INFO - Setting next_dagrun for example_bash_operator to 2024-07-06 00:00:00+00:00, run_after=2024-07-07 00:00:00+00:00
[2024-07-07T23:43:00.818+0500] {processor.py:183} INFO - Processing /home/nicolaspc/anaconda3/envs/mlops_env/lib/python3.12/site-packages/airflow/example_dags/example_bash_operator.py took 0.077 seconds
[2024-07-07T23:43:31.614+0500] {processor.py:161} INFO - Started process (PID=19655) to work on /home/nicolaspc/anaconda3/envs/mlops_env/lib/python3.12/site-packages/airflow/example_dags/example_bash_operator.py
[2024-07-07T23:43:31.615+0500] {processor.py:830} INFO - Processing file /home/nicolaspc/anaconda3/envs/mlops_env/lib/python3.12/site-packages/airflow/example_dags/example_bash_operator.py for tasks to queue
[2024-07-07T23:43:31.615+0500] {logging_mixin.py:188} INFO - [2024-07-07T23:43:31.615+0500] {dagbag.py:545} INFO - Filling up the DagBag from /home/nicolaspc/anaconda3/envs/mlops_env/lib/python3.12/site-packages/airflow/example_dags/example_bash_operator.py
[2024-07-07T23:43:31.622+0500] {processor.py:840} INFO - DAG(s) 'example_bash_operator' retrieved from /home/nicolaspc/anaconda3/envs/mlops_env/lib/python3.12/site-packages/airflow/example_dags/example_bash_operator.py
[2024-07-07T23:43:31.644+0500] {logging_mixin.py:188} INFO - [2024-07-07T23:43:31.644+0500] {dag.py:3096} INFO - Sync 1 DAGs
[2024-07-07T23:43:31.661+0500] {logging_mixin.py:188} INFO - [2024-07-07T23:43:31.661+0500] {dag.py:3954} INFO - Setting next_dagrun for example_bash_operator to 2024-07-06 00:00:00+00:00, run_after=2024-07-07 00:00:00+00:00
[2024-07-07T23:43:31.676+0500] {processor.py:183} INFO - Processing /home/nicolaspc/anaconda3/envs/mlops_env/lib/python3.12/site-packages/airflow/example_dags/example_bash_operator.py took 0.068 seconds
[2024-07-07T23:44:02.071+0500] {processor.py:161} INFO - Started process (PID=20022) to work on /home/nicolaspc/anaconda3/envs/mlops_env/lib/python3.12/site-packages/airflow/example_dags/example_bash_operator.py
[2024-07-07T23:44:02.072+0500] {processor.py:830} INFO - Processing file /home/nicolaspc/anaconda3/envs/mlops_env/lib/python3.12/site-packages/airflow/example_dags/example_bash_operator.py for tasks to queue
[2024-07-07T23:44:02.072+0500] {logging_mixin.py:188} INFO - [2024-07-07T23:44:02.072+0500] {dagbag.py:545} INFO - Filling up the DagBag from /home/nicolaspc/anaconda3/envs/mlops_env/lib/python3.12/site-packages/airflow/example_dags/example_bash_operator.py
[2024-07-07T23:44:02.080+0500] {processor.py:840} INFO - DAG(s) 'example_bash_operator' retrieved from /home/nicolaspc/anaconda3/envs/mlops_env/lib/python3.12/site-packages/airflow/example_dags/example_bash_operator.py
[2024-07-07T23:44:02.102+0500] {logging_mixin.py:188} INFO - [2024-07-07T23:44:02.102+0500] {dag.py:3096} INFO - Sync 1 DAGs
[2024-07-07T23:44:02.119+0500] {logging_mixin.py:188} INFO - [2024-07-07T23:44:02.118+0500] {dag.py:3954} INFO - Setting next_dagrun for example_bash_operator to 2024-07-06 00:00:00+00:00, run_after=2024-07-07 00:00:00+00:00
[2024-07-07T23:44:02.135+0500] {processor.py:183} INFO - Processing /home/nicolaspc/anaconda3/envs/mlops_env/lib/python3.12/site-packages/airflow/example_dags/example_bash_operator.py took 0.069 seconds
[2024-07-07T23:44:32.625+0500] {processor.py:161} INFO - Started process (PID=20386) to work on /home/nicolaspc/anaconda3/envs/mlops_env/lib/python3.12/site-packages/airflow/example_dags/example_bash_operator.py
[2024-07-07T23:44:32.626+0500] {processor.py:830} INFO - Processing file /home/nicolaspc/anaconda3/envs/mlops_env/lib/python3.12/site-packages/airflow/example_dags/example_bash_operator.py for tasks to queue
[2024-07-07T23:44:32.626+0500] {logging_mixin.py:188} INFO - [2024-07-07T23:44:32.626+0500] {dagbag.py:545} INFO - Filling up the DagBag from /home/nicolaspc/anaconda3/envs/mlops_env/lib/python3.12/site-packages/airflow/example_dags/example_bash_operator.py
[2024-07-07T23:44:32.634+0500] {processor.py:840} INFO - DAG(s) 'example_bash_operator' retrieved from /home/nicolaspc/anaconda3/envs/mlops_env/lib/python3.12/site-packages/airflow/example_dags/example_bash_operator.py
[2024-07-07T23:44:32.659+0500] {logging_mixin.py:188} INFO - [2024-07-07T23:44:32.659+0500] {dag.py:3096} INFO - Sync 1 DAGs
[2024-07-07T23:44:32.675+0500] {logging_mixin.py:188} INFO - [2024-07-07T23:44:32.675+0500] {dag.py:3954} INFO - Setting next_dagrun for example_bash_operator to 2024-07-06 00:00:00+00:00, run_after=2024-07-07 00:00:00+00:00
[2024-07-07T23:44:32.692+0500] {processor.py:183} INFO - Processing /home/nicolaspc/anaconda3/envs/mlops_env/lib/python3.12/site-packages/airflow/example_dags/example_bash_operator.py took 0.073 seconds
[2024-07-07T23:45:03.431+0500] {processor.py:161} INFO - Started process (PID=20755) to work on /home/nicolaspc/anaconda3/envs/mlops_env/lib/python3.12/site-packages/airflow/example_dags/example_bash_operator.py
[2024-07-07T23:45:03.431+0500] {processor.py:830} INFO - Processing file /home/nicolaspc/anaconda3/envs/mlops_env/lib/python3.12/site-packages/airflow/example_dags/example_bash_operator.py for tasks to queue
[2024-07-07T23:45:03.432+0500] {logging_mixin.py:188} INFO - [2024-07-07T23:45:03.432+0500] {dagbag.py:545} INFO - Filling up the DagBag from /home/nicolaspc/anaconda3/envs/mlops_env/lib/python3.12/site-packages/airflow/example_dags/example_bash_operator.py
[2024-07-07T23:45:03.439+0500] {processor.py:840} INFO - DAG(s) 'example_bash_operator' retrieved from /home/nicolaspc/anaconda3/envs/mlops_env/lib/python3.12/site-packages/airflow/example_dags/example_bash_operator.py
[2024-07-07T23:45:03.462+0500] {logging_mixin.py:188} INFO - [2024-07-07T23:45:03.462+0500] {dag.py:3096} INFO - Sync 1 DAGs
[2024-07-07T23:45:03.479+0500] {logging_mixin.py:188} INFO - [2024-07-07T23:45:03.479+0500] {dag.py:3954} INFO - Setting next_dagrun for example_bash_operator to 2024-07-06 00:00:00+00:00, run_after=2024-07-07 00:00:00+00:00
[2024-07-07T23:45:03.494+0500] {processor.py:183} INFO - Processing /home/nicolaspc/anaconda3/envs/mlops_env/lib/python3.12/site-packages/airflow/example_dags/example_bash_operator.py took 0.069 seconds
[2024-07-07T23:45:33.971+0500] {processor.py:161} INFO - Started process (PID=21079) to work on /home/nicolaspc/anaconda3/envs/mlops_env/lib/python3.12/site-packages/airflow/example_dags/example_bash_operator.py
[2024-07-07T23:45:33.971+0500] {processor.py:830} INFO - Processing file /home/nicolaspc/anaconda3/envs/mlops_env/lib/python3.12/site-packages/airflow/example_dags/example_bash_operator.py for tasks to queue
[2024-07-07T23:45:33.972+0500] {logging_mixin.py:188} INFO - [2024-07-07T23:45:33.972+0500] {dagbag.py:545} INFO - Filling up the DagBag from /home/nicolaspc/anaconda3/envs/mlops_env/lib/python3.12/site-packages/airflow/example_dags/example_bash_operator.py
[2024-07-07T23:45:33.979+0500] {processor.py:840} INFO - DAG(s) 'example_bash_operator' retrieved from /home/nicolaspc/anaconda3/envs/mlops_env/lib/python3.12/site-packages/airflow/example_dags/example_bash_operator.py
[2024-07-07T23:45:34.002+0500] {logging_mixin.py:188} INFO - [2024-07-07T23:45:34.002+0500] {dag.py:3096} INFO - Sync 1 DAGs
[2024-07-07T23:45:34.017+0500] {logging_mixin.py:188} INFO - [2024-07-07T23:45:34.017+0500] {dag.py:3954} INFO - Setting next_dagrun for example_bash_operator to 2024-07-06 00:00:00+00:00, run_after=2024-07-07 00:00:00+00:00
[2024-07-07T23:45:34.032+0500] {processor.py:183} INFO - Processing /home/nicolaspc/anaconda3/envs/mlops_env/lib/python3.12/site-packages/airflow/example_dags/example_bash_operator.py took 0.069 seconds
[2024-07-07T23:46:04.707+0500] {processor.py:161} INFO - Started process (PID=21416) to work on /home/nicolaspc/anaconda3/envs/mlops_env/lib/python3.12/site-packages/airflow/example_dags/example_bash_operator.py
[2024-07-07T23:46:04.708+0500] {processor.py:830} INFO - Processing file /home/nicolaspc/anaconda3/envs/mlops_env/lib/python3.12/site-packages/airflow/example_dags/example_bash_operator.py for tasks to queue
[2024-07-07T23:46:04.709+0500] {logging_mixin.py:188} INFO - [2024-07-07T23:46:04.709+0500] {dagbag.py:545} INFO - Filling up the DagBag from /home/nicolaspc/anaconda3/envs/mlops_env/lib/python3.12/site-packages/airflow/example_dags/example_bash_operator.py
[2024-07-07T23:46:04.717+0500] {processor.py:840} INFO - DAG(s) 'example_bash_operator' retrieved from /home/nicolaspc/anaconda3/envs/mlops_env/lib/python3.12/site-packages/airflow/example_dags/example_bash_operator.py
[2024-07-07T23:46:04.742+0500] {logging_mixin.py:188} INFO - [2024-07-07T23:46:04.742+0500] {dag.py:3096} INFO - Sync 1 DAGs
[2024-07-07T23:46:04.761+0500] {logging_mixin.py:188} INFO - [2024-07-07T23:46:04.760+0500] {dag.py:3954} INFO - Setting next_dagrun for example_bash_operator to 2024-07-06 00:00:00+00:00, run_after=2024-07-07 00:00:00+00:00
[2024-07-07T23:46:04.778+0500] {processor.py:183} INFO - Processing /home/nicolaspc/anaconda3/envs/mlops_env/lib/python3.12/site-packages/airflow/example_dags/example_bash_operator.py took 0.076 seconds
[2024-07-07T23:46:35.383+0500] {processor.py:161} INFO - Started process (PID=21782) to work on /home/nicolaspc/anaconda3/envs/mlops_env/lib/python3.12/site-packages/airflow/example_dags/example_bash_operator.py
[2024-07-07T23:46:35.384+0500] {processor.py:830} INFO - Processing file /home/nicolaspc/anaconda3/envs/mlops_env/lib/python3.12/site-packages/airflow/example_dags/example_bash_operator.py for tasks to queue
[2024-07-07T23:46:35.386+0500] {logging_mixin.py:188} INFO - [2024-07-07T23:46:35.385+0500] {dagbag.py:545} INFO - Filling up the DagBag from /home/nicolaspc/anaconda3/envs/mlops_env/lib/python3.12/site-packages/airflow/example_dags/example_bash_operator.py
[2024-07-07T23:46:35.397+0500] {processor.py:840} INFO - DAG(s) 'example_bash_operator' retrieved from /home/nicolaspc/anaconda3/envs/mlops_env/lib/python3.12/site-packages/airflow/example_dags/example_bash_operator.py
[2024-07-07T23:46:35.432+0500] {logging_mixin.py:188} INFO - [2024-07-07T23:46:35.432+0500] {dag.py:3096} INFO - Sync 1 DAGs
[2024-07-07T23:46:35.461+0500] {logging_mixin.py:188} INFO - [2024-07-07T23:46:35.461+0500] {dag.py:3954} INFO - Setting next_dagrun for example_bash_operator to 2024-07-06 00:00:00+00:00, run_after=2024-07-07 00:00:00+00:00
[2024-07-07T23:46:35.489+0500] {processor.py:183} INFO - Processing /home/nicolaspc/anaconda3/envs/mlops_env/lib/python3.12/site-packages/airflow/example_dags/example_bash_operator.py took 0.114 seconds
[2024-07-07T23:47:06.042+0500] {processor.py:161} INFO - Started process (PID=22112) to work on /home/nicolaspc/anaconda3/envs/mlops_env/lib/python3.12/site-packages/airflow/example_dags/example_bash_operator.py
[2024-07-07T23:47:06.043+0500] {processor.py:830} INFO - Processing file /home/nicolaspc/anaconda3/envs/mlops_env/lib/python3.12/site-packages/airflow/example_dags/example_bash_operator.py for tasks to queue
[2024-07-07T23:47:06.043+0500] {logging_mixin.py:188} INFO - [2024-07-07T23:47:06.043+0500] {dagbag.py:545} INFO - Filling up the DagBag from /home/nicolaspc/anaconda3/envs/mlops_env/lib/python3.12/site-packages/airflow/example_dags/example_bash_operator.py
[2024-07-07T23:47:06.050+0500] {processor.py:840} INFO - DAG(s) 'example_bash_operator' retrieved from /home/nicolaspc/anaconda3/envs/mlops_env/lib/python3.12/site-packages/airflow/example_dags/example_bash_operator.py
[2024-07-07T23:47:06.073+0500] {logging_mixin.py:188} INFO - [2024-07-07T23:47:06.072+0500] {dag.py:3096} INFO - Sync 1 DAGs
[2024-07-07T23:47:06.089+0500] {logging_mixin.py:188} INFO - [2024-07-07T23:47:06.089+0500] {dag.py:3954} INFO - Setting next_dagrun for example_bash_operator to 2024-07-06 00:00:00+00:00, run_after=2024-07-07 00:00:00+00:00
[2024-07-07T23:47:06.105+0500] {processor.py:183} INFO - Processing /home/nicolaspc/anaconda3/envs/mlops_env/lib/python3.12/site-packages/airflow/example_dags/example_bash_operator.py took 0.069 seconds
[2024-07-07T23:47:36.548+0500] {processor.py:161} INFO - Started process (PID=22439) to work on /home/nicolaspc/anaconda3/envs/mlops_env/lib/python3.12/site-packages/airflow/example_dags/example_bash_operator.py
[2024-07-07T23:47:36.548+0500] {processor.py:830} INFO - Processing file /home/nicolaspc/anaconda3/envs/mlops_env/lib/python3.12/site-packages/airflow/example_dags/example_bash_operator.py for tasks to queue
[2024-07-07T23:47:36.549+0500] {logging_mixin.py:188} INFO - [2024-07-07T23:47:36.549+0500] {dagbag.py:545} INFO - Filling up the DagBag from /home/nicolaspc/anaconda3/envs/mlops_env/lib/python3.12/site-packages/airflow/example_dags/example_bash_operator.py
[2024-07-07T23:47:36.556+0500] {processor.py:840} INFO - DAG(s) 'example_bash_operator' retrieved from /home/nicolaspc/anaconda3/envs/mlops_env/lib/python3.12/site-packages/airflow/example_dags/example_bash_operator.py
[2024-07-07T23:47:36.580+0500] {logging_mixin.py:188} INFO - [2024-07-07T23:47:36.580+0500] {dag.py:3096} INFO - Sync 1 DAGs
[2024-07-07T23:47:36.597+0500] {logging_mixin.py:188} INFO - [2024-07-07T23:47:36.597+0500] {dag.py:3954} INFO - Setting next_dagrun for example_bash_operator to 2024-07-06 00:00:00+00:00, run_after=2024-07-07 00:00:00+00:00
[2024-07-07T23:47:36.613+0500] {processor.py:183} INFO - Processing /home/nicolaspc/anaconda3/envs/mlops_env/lib/python3.12/site-packages/airflow/example_dags/example_bash_operator.py took 0.072 seconds
[2024-07-07T23:48:07.203+0500] {processor.py:161} INFO - Started process (PID=22767) to work on /home/nicolaspc/anaconda3/envs/mlops_env/lib/python3.12/site-packages/airflow/example_dags/example_bash_operator.py
[2024-07-07T23:48:07.204+0500] {processor.py:830} INFO - Processing file /home/nicolaspc/anaconda3/envs/mlops_env/lib/python3.12/site-packages/airflow/example_dags/example_bash_operator.py for tasks to queue
[2024-07-07T23:48:07.204+0500] {logging_mixin.py:188} INFO - [2024-07-07T23:48:07.204+0500] {dagbag.py:545} INFO - Filling up the DagBag from /home/nicolaspc/anaconda3/envs/mlops_env/lib/python3.12/site-packages/airflow/example_dags/example_bash_operator.py
[2024-07-07T23:48:07.212+0500] {processor.py:840} INFO - DAG(s) 'example_bash_operator' retrieved from /home/nicolaspc/anaconda3/envs/mlops_env/lib/python3.12/site-packages/airflow/example_dags/example_bash_operator.py
[2024-07-07T23:48:07.237+0500] {logging_mixin.py:188} INFO - [2024-07-07T23:48:07.236+0500] {dag.py:3096} INFO - Sync 1 DAGs
[2024-07-07T23:48:07.253+0500] {logging_mixin.py:188} INFO - [2024-07-07T23:48:07.253+0500] {dag.py:3954} INFO - Setting next_dagrun for example_bash_operator to 2024-07-06 00:00:00+00:00, run_after=2024-07-07 00:00:00+00:00
[2024-07-07T23:48:07.268+0500] {processor.py:183} INFO - Processing /home/nicolaspc/anaconda3/envs/mlops_env/lib/python3.12/site-packages/airflow/example_dags/example_bash_operator.py took 0.070 seconds
[2024-07-07T23:48:37.976+0500] {processor.py:161} INFO - Started process (PID=23123) to work on /home/nicolaspc/anaconda3/envs/mlops_env/lib/python3.12/site-packages/airflow/example_dags/example_bash_operator.py
[2024-07-07T23:48:37.977+0500] {processor.py:830} INFO - Processing file /home/nicolaspc/anaconda3/envs/mlops_env/lib/python3.12/site-packages/airflow/example_dags/example_bash_operator.py for tasks to queue
[2024-07-07T23:48:37.977+0500] {logging_mixin.py:188} INFO - [2024-07-07T23:48:37.977+0500] {dagbag.py:545} INFO - Filling up the DagBag from /home/nicolaspc/anaconda3/envs/mlops_env/lib/python3.12/site-packages/airflow/example_dags/example_bash_operator.py
[2024-07-07T23:48:37.984+0500] {processor.py:840} INFO - DAG(s) 'example_bash_operator' retrieved from /home/nicolaspc/anaconda3/envs/mlops_env/lib/python3.12/site-packages/airflow/example_dags/example_bash_operator.py
[2024-07-07T23:48:38.008+0500] {logging_mixin.py:188} INFO - [2024-07-07T23:48:38.008+0500] {dag.py:3096} INFO - Sync 1 DAGs
[2024-07-07T23:48:38.024+0500] {logging_mixin.py:188} INFO - [2024-07-07T23:48:38.024+0500] {dag.py:3954} INFO - Setting next_dagrun for example_bash_operator to 2024-07-06 00:00:00+00:00, run_after=2024-07-07 00:00:00+00:00
[2024-07-07T23:48:38.039+0500] {processor.py:183} INFO - Processing /home/nicolaspc/anaconda3/envs/mlops_env/lib/python3.12/site-packages/airflow/example_dags/example_bash_operator.py took 0.068 seconds
[2024-07-07T23:49:09.538+0500] {processor.py:161} INFO - Started process (PID=23645) to work on /home/nicolaspc/anaconda3/envs/mlops_env/lib/python3.12/site-packages/airflow/example_dags/example_bash_operator.py
[2024-07-07T23:49:09.539+0500] {processor.py:830} INFO - Processing file /home/nicolaspc/anaconda3/envs/mlops_env/lib/python3.12/site-packages/airflow/example_dags/example_bash_operator.py for tasks to queue
[2024-07-07T23:49:09.540+0500] {logging_mixin.py:188} INFO - [2024-07-07T23:49:09.539+0500] {dagbag.py:545} INFO - Filling up the DagBag from /home/nicolaspc/anaconda3/envs/mlops_env/lib/python3.12/site-packages/airflow/example_dags/example_bash_operator.py
[2024-07-07T23:49:09.546+0500] {processor.py:840} INFO - DAG(s) 'example_bash_operator' retrieved from /home/nicolaspc/anaconda3/envs/mlops_env/lib/python3.12/site-packages/airflow/example_dags/example_bash_operator.py
[2024-07-07T23:49:09.624+0500] {logging_mixin.py:188} INFO - [2024-07-07T23:49:09.624+0500] {dag.py:3096} INFO - Sync 1 DAGs
[2024-07-07T23:49:09.638+0500] {logging_mixin.py:188} INFO - [2024-07-07T23:49:09.638+0500] {dag.py:3954} INFO - Setting next_dagrun for example_bash_operator to 2024-07-06 00:00:00+00:00, run_after=2024-07-07 00:00:00+00:00
[2024-07-07T23:49:09.659+0500] {processor.py:183} INFO - Processing /home/nicolaspc/anaconda3/envs/mlops_env/lib/python3.12/site-packages/airflow/example_dags/example_bash_operator.py took 0.126 seconds
[2024-07-07T23:49:40.331+0500] {processor.py:161} INFO - Started process (PID=24003) to work on /home/nicolaspc/anaconda3/envs/mlops_env/lib/python3.12/site-packages/airflow/example_dags/example_bash_operator.py
[2024-07-07T23:49:40.332+0500] {processor.py:830} INFO - Processing file /home/nicolaspc/anaconda3/envs/mlops_env/lib/python3.12/site-packages/airflow/example_dags/example_bash_operator.py for tasks to queue
[2024-07-07T23:49:40.332+0500] {logging_mixin.py:188} INFO - [2024-07-07T23:49:40.332+0500] {dagbag.py:545} INFO - Filling up the DagBag from /home/nicolaspc/anaconda3/envs/mlops_env/lib/python3.12/site-packages/airflow/example_dags/example_bash_operator.py
[2024-07-07T23:49:40.339+0500] {processor.py:840} INFO - DAG(s) 'example_bash_operator' retrieved from /home/nicolaspc/anaconda3/envs/mlops_env/lib/python3.12/site-packages/airflow/example_dags/example_bash_operator.py
[2024-07-07T23:49:40.363+0500] {logging_mixin.py:188} INFO - [2024-07-07T23:49:40.363+0500] {dag.py:3096} INFO - Sync 1 DAGs
[2024-07-07T23:49:40.380+0500] {logging_mixin.py:188} INFO - [2024-07-07T23:49:40.380+0500] {dag.py:3954} INFO - Setting next_dagrun for example_bash_operator to 2024-07-06 00:00:00+00:00, run_after=2024-07-07 00:00:00+00:00
[2024-07-07T23:49:40.396+0500] {processor.py:183} INFO - Processing /home/nicolaspc/anaconda3/envs/mlops_env/lib/python3.12/site-packages/airflow/example_dags/example_bash_operator.py took 0.071 seconds
