[2024-07-07T23:35:19.641+0500] {processor.py:161} INFO - Started process (PID=13462) to work on /home/nicolaspc/anaconda3/envs/mlops_env/lib/python3.12/site-packages/airflow/example_dags/example_branch_day_of_week_operator.py
[2024-07-07T23:35:19.641+0500] {processor.py:830} INFO - Processing file /home/nicolaspc/anaconda3/envs/mlops_env/lib/python3.12/site-packages/airflow/example_dags/example_branch_day_of_week_operator.py for tasks to queue
[2024-07-07T23:35:19.642+0500] {logging_mixin.py:188} INFO - [2024-07-07T23:35:19.641+0500] {dagbag.py:545} INFO - Filling up the DagBag from /home/nicolaspc/anaconda3/envs/mlops_env/lib/python3.12/site-packages/airflow/example_dags/example_branch_day_of_week_operator.py
[2024-07-07T23:35:19.646+0500] {processor.py:840} INFO - DAG(s) 'example_weekday_branch_operator' retrieved from /home/nicolaspc/anaconda3/envs/mlops_env/lib/python3.12/site-packages/airflow/example_dags/example_branch_day_of_week_operator.py
[2024-07-07T23:35:19.666+0500] {logging_mixin.py:188} INFO - [2024-07-07T23:35:19.666+0500] {dag.py:3096} INFO - Sync 1 DAGs
[2024-07-07T23:35:19.682+0500] {logging_mixin.py:188} INFO - [2024-07-07T23:35:19.682+0500] {dag.py:3954} INFO - Setting next_dagrun for example_weekday_branch_operator to 2024-07-06 00:00:00+00:00, run_after=2024-07-07 00:00:00+00:00
[2024-07-07T23:35:19.696+0500] {processor.py:183} INFO - Processing /home/nicolaspc/anaconda3/envs/mlops_env/lib/python3.12/site-packages/airflow/example_dags/example_branch_day_of_week_operator.py took 0.061 seconds
[2024-07-07T23:35:50.184+0500] {processor.py:161} INFO - Started process (PID=13808) to work on /home/nicolaspc/anaconda3/envs/mlops_env/lib/python3.12/site-packages/airflow/example_dags/example_branch_day_of_week_operator.py
[2024-07-07T23:35:50.184+0500] {processor.py:830} INFO - Processing file /home/nicolaspc/anaconda3/envs/mlops_env/lib/python3.12/site-packages/airflow/example_dags/example_branch_day_of_week_operator.py for tasks to queue
[2024-07-07T23:35:50.185+0500] {logging_mixin.py:188} INFO - [2024-07-07T23:35:50.184+0500] {dagbag.py:545} INFO - Filling up the DagBag from /home/nicolaspc/anaconda3/envs/mlops_env/lib/python3.12/site-packages/airflow/example_dags/example_branch_day_of_week_operator.py
[2024-07-07T23:35:50.189+0500] {processor.py:840} INFO - DAG(s) 'example_weekday_branch_operator' retrieved from /home/nicolaspc/anaconda3/envs/mlops_env/lib/python3.12/site-packages/airflow/example_dags/example_branch_day_of_week_operator.py
[2024-07-07T23:35:50.211+0500] {logging_mixin.py:188} INFO - [2024-07-07T23:35:50.211+0500] {dag.py:3096} INFO - Sync 1 DAGs
[2024-07-07T23:35:50.228+0500] {logging_mixin.py:188} INFO - [2024-07-07T23:35:50.228+0500] {dag.py:3954} INFO - Setting next_dagrun for example_weekday_branch_operator to 2024-07-06 00:00:00+00:00, run_after=2024-07-07 00:00:00+00:00
[2024-07-07T23:35:50.244+0500] {processor.py:183} INFO - Processing /home/nicolaspc/anaconda3/envs/mlops_env/lib/python3.12/site-packages/airflow/example_dags/example_branch_day_of_week_operator.py took 0.066 seconds
[2024-07-07T23:36:20.898+0500] {processor.py:161} INFO - Started process (PID=14224) to work on /home/nicolaspc/anaconda3/envs/mlops_env/lib/python3.12/site-packages/airflow/example_dags/example_branch_day_of_week_operator.py
[2024-07-07T23:36:20.899+0500] {processor.py:830} INFO - Processing file /home/nicolaspc/anaconda3/envs/mlops_env/lib/python3.12/site-packages/airflow/example_dags/example_branch_day_of_week_operator.py for tasks to queue
[2024-07-07T23:36:20.899+0500] {logging_mixin.py:188} INFO - [2024-07-07T23:36:20.899+0500] {dagbag.py:545} INFO - Filling up the DagBag from /home/nicolaspc/anaconda3/envs/mlops_env/lib/python3.12/site-packages/airflow/example_dags/example_branch_day_of_week_operator.py
[2024-07-07T23:36:20.905+0500] {processor.py:840} INFO - DAG(s) 'example_weekday_branch_operator' retrieved from /home/nicolaspc/anaconda3/envs/mlops_env/lib/python3.12/site-packages/airflow/example_dags/example_branch_day_of_week_operator.py
[2024-07-07T23:36:20.927+0500] {logging_mixin.py:188} INFO - [2024-07-07T23:36:20.926+0500] {dag.py:3096} INFO - Sync 1 DAGs
[2024-07-07T23:36:20.943+0500] {logging_mixin.py:188} INFO - [2024-07-07T23:36:20.943+0500] {dag.py:3954} INFO - Setting next_dagrun for example_weekday_branch_operator to 2024-07-06 00:00:00+00:00, run_after=2024-07-07 00:00:00+00:00
[2024-07-07T23:36:20.959+0500] {processor.py:183} INFO - Processing /home/nicolaspc/anaconda3/envs/mlops_env/lib/python3.12/site-packages/airflow/example_dags/example_branch_day_of_week_operator.py took 0.067 seconds
[2024-07-07T23:36:36.485+0500] {processor.py:161} INFO - Started process (PID=14391) to work on /home/nicolaspc/anaconda3/envs/mlops_env/lib/python3.12/site-packages/airflow/example_dags/example_branch_day_of_week_operator.py
[2024-07-07T23:36:36.494+0500] {processor.py:830} INFO - Processing file /home/nicolaspc/anaconda3/envs/mlops_env/lib/python3.12/site-packages/airflow/example_dags/example_branch_day_of_week_operator.py for tasks to queue
[2024-07-07T23:36:36.496+0500] {logging_mixin.py:188} INFO - [2024-07-07T23:36:36.496+0500] {dagbag.py:545} INFO - Filling up the DagBag from /home/nicolaspc/anaconda3/envs/mlops_env/lib/python3.12/site-packages/airflow/example_dags/example_branch_day_of_week_operator.py
[2024-07-07T23:36:36.501+0500] {processor.py:840} INFO - DAG(s) 'example_weekday_branch_operator' retrieved from /home/nicolaspc/anaconda3/envs/mlops_env/lib/python3.12/site-packages/airflow/example_dags/example_branch_day_of_week_operator.py
[2024-07-07T23:36:36.593+0500] {logging_mixin.py:188} INFO - [2024-07-07T23:36:36.592+0500] {override.py:1829} INFO - Created Permission View: can delete on DAG:example_weekday_branch_operator
[2024-07-07T23:36:36.609+0500] {logging_mixin.py:188} INFO - [2024-07-07T23:36:36.609+0500] {override.py:1829} INFO - Created Permission View: can edit on DAG:example_weekday_branch_operator
[2024-07-07T23:36:36.621+0500] {logging_mixin.py:188} INFO - [2024-07-07T23:36:36.621+0500] {override.py:1829} INFO - Created Permission View: can read on DAG:example_weekday_branch_operator
[2024-07-07T23:36:36.622+0500] {logging_mixin.py:188} INFO - [2024-07-07T23:36:36.622+0500] {dag.py:3096} INFO - Sync 1 DAGs
[2024-07-07T23:36:36.628+0500] {logging_mixin.py:188} INFO - [2024-07-07T23:36:36.628+0500] {dag.py:3118} INFO - Creating ORM DAG for example_weekday_branch_operator
[2024-07-07T23:36:36.634+0500] {logging_mixin.py:188} INFO - [2024-07-07T23:36:36.634+0500] {dag.py:3954} INFO - Setting next_dagrun for example_weekday_branch_operator to 2024-07-06 00:00:00+00:00, run_after=2024-07-07 00:00:00+00:00
[2024-07-07T23:36:36.656+0500] {processor.py:183} INFO - Processing /home/nicolaspc/anaconda3/envs/mlops_env/lib/python3.12/site-packages/airflow/example_dags/example_branch_day_of_week_operator.py took 0.174 seconds
[2024-07-07T23:36:51.537+0500] {processor.py:161} INFO - Started process (PID=14615) to work on /home/nicolaspc/anaconda3/envs/mlops_env/lib/python3.12/site-packages/airflow/example_dags/example_branch_day_of_week_operator.py
[2024-07-07T23:36:51.538+0500] {processor.py:830} INFO - Processing file /home/nicolaspc/anaconda3/envs/mlops_env/lib/python3.12/site-packages/airflow/example_dags/example_branch_day_of_week_operator.py for tasks to queue
[2024-07-07T23:36:51.538+0500] {logging_mixin.py:188} INFO - [2024-07-07T23:36:51.538+0500] {dagbag.py:545} INFO - Filling up the DagBag from /home/nicolaspc/anaconda3/envs/mlops_env/lib/python3.12/site-packages/airflow/example_dags/example_branch_day_of_week_operator.py
[2024-07-07T23:36:51.543+0500] {processor.py:840} INFO - DAG(s) 'example_weekday_branch_operator' retrieved from /home/nicolaspc/anaconda3/envs/mlops_env/lib/python3.12/site-packages/airflow/example_dags/example_branch_day_of_week_operator.py
[2024-07-07T23:36:51.564+0500] {logging_mixin.py:188} INFO - [2024-07-07T23:36:51.563+0500] {dag.py:3096} INFO - Sync 1 DAGs
[2024-07-07T23:36:51.580+0500] {logging_mixin.py:188} INFO - [2024-07-07T23:36:51.580+0500] {dag.py:3954} INFO - Setting next_dagrun for example_weekday_branch_operator to 2024-07-06 00:00:00+00:00, run_after=2024-07-07 00:00:00+00:00
[2024-07-07T23:36:51.595+0500] {processor.py:183} INFO - Processing /home/nicolaspc/anaconda3/envs/mlops_env/lib/python3.12/site-packages/airflow/example_dags/example_branch_day_of_week_operator.py took 0.064 seconds
[2024-07-07T23:37:21.738+0500] {processor.py:161} INFO - Started process (PID=14949) to work on /home/nicolaspc/anaconda3/envs/mlops_env/lib/python3.12/site-packages/airflow/example_dags/example_branch_day_of_week_operator.py
[2024-07-07T23:37:21.738+0500] {processor.py:830} INFO - Processing file /home/nicolaspc/anaconda3/envs/mlops_env/lib/python3.12/site-packages/airflow/example_dags/example_branch_day_of_week_operator.py for tasks to queue
[2024-07-07T23:37:21.739+0500] {logging_mixin.py:188} INFO - [2024-07-07T23:37:21.739+0500] {dagbag.py:545} INFO - Filling up the DagBag from /home/nicolaspc/anaconda3/envs/mlops_env/lib/python3.12/site-packages/airflow/example_dags/example_branch_day_of_week_operator.py
[2024-07-07T23:37:21.743+0500] {processor.py:840} INFO - DAG(s) 'example_weekday_branch_operator' retrieved from /home/nicolaspc/anaconda3/envs/mlops_env/lib/python3.12/site-packages/airflow/example_dags/example_branch_day_of_week_operator.py
[2024-07-07T23:37:21.765+0500] {logging_mixin.py:188} INFO - [2024-07-07T23:37:21.765+0500] {dag.py:3096} INFO - Sync 1 DAGs
[2024-07-07T23:37:21.784+0500] {logging_mixin.py:188} INFO - [2024-07-07T23:37:21.784+0500] {dag.py:3954} INFO - Setting next_dagrun for example_weekday_branch_operator to 2024-07-06 00:00:00+00:00, run_after=2024-07-07 00:00:00+00:00
[2024-07-07T23:37:21.825+0500] {processor.py:183} INFO - Processing /home/nicolaspc/anaconda3/envs/mlops_env/lib/python3.12/site-packages/airflow/example_dags/example_branch_day_of_week_operator.py took 0.093 seconds
[2024-07-07T23:37:28.246+0500] {processor.py:161} INFO - Started process (PID=15119) to work on /home/nicolaspc/anaconda3/envs/mlops_env/lib/python3.12/site-packages/airflow/example_dags/example_branch_day_of_week_operator.py
[2024-07-07T23:37:28.254+0500] {processor.py:830} INFO - Processing file /home/nicolaspc/anaconda3/envs/mlops_env/lib/python3.12/site-packages/airflow/example_dags/example_branch_day_of_week_operator.py for tasks to queue
[2024-07-07T23:37:28.256+0500] {logging_mixin.py:188} INFO - [2024-07-07T23:37:28.255+0500] {dagbag.py:545} INFO - Filling up the DagBag from /home/nicolaspc/anaconda3/envs/mlops_env/lib/python3.12/site-packages/airflow/example_dags/example_branch_day_of_week_operator.py
[2024-07-07T23:37:28.260+0500] {processor.py:840} INFO - DAG(s) 'example_weekday_branch_operator' retrieved from /home/nicolaspc/anaconda3/envs/mlops_env/lib/python3.12/site-packages/airflow/example_dags/example_branch_day_of_week_operator.py
[2024-07-07T23:37:28.271+0500] {logging_mixin.py:188} INFO - [2024-07-07T23:37:28.271+0500] {dag.py:3096} INFO - Sync 1 DAGs
[2024-07-07T23:37:28.283+0500] {logging_mixin.py:188} INFO - [2024-07-07T23:37:28.283+0500] {dag.py:3954} INFO - Setting next_dagrun for example_weekday_branch_operator to 2024-07-06 00:00:00+00:00, run_after=2024-07-07 00:00:00+00:00
[2024-07-07T23:37:28.318+0500] {processor.py:183} INFO - Processing /home/nicolaspc/anaconda3/envs/mlops_env/lib/python3.12/site-packages/airflow/example_dags/example_branch_day_of_week_operator.py took 0.076 seconds
[2024-07-07T23:37:52.205+0500] {processor.py:161} INFO - Started process (PID=15335) to work on /home/nicolaspc/anaconda3/envs/mlops_env/lib/python3.12/site-packages/airflow/example_dags/example_branch_day_of_week_operator.py
[2024-07-07T23:37:52.206+0500] {processor.py:830} INFO - Processing file /home/nicolaspc/anaconda3/envs/mlops_env/lib/python3.12/site-packages/airflow/example_dags/example_branch_day_of_week_operator.py for tasks to queue
[2024-07-07T23:37:52.206+0500] {logging_mixin.py:188} INFO - [2024-07-07T23:37:52.206+0500] {dagbag.py:545} INFO - Filling up the DagBag from /home/nicolaspc/anaconda3/envs/mlops_env/lib/python3.12/site-packages/airflow/example_dags/example_branch_day_of_week_operator.py
[2024-07-07T23:37:52.211+0500] {processor.py:840} INFO - DAG(s) 'example_weekday_branch_operator' retrieved from /home/nicolaspc/anaconda3/envs/mlops_env/lib/python3.12/site-packages/airflow/example_dags/example_branch_day_of_week_operator.py
[2024-07-07T23:37:52.231+0500] {logging_mixin.py:188} INFO - [2024-07-07T23:37:52.231+0500] {dag.py:3096} INFO - Sync 1 DAGs
[2024-07-07T23:37:52.247+0500] {logging_mixin.py:188} INFO - [2024-07-07T23:37:52.247+0500] {dag.py:3954} INFO - Setting next_dagrun for example_weekday_branch_operator to 2024-07-06 00:00:00+00:00, run_after=2024-07-07 00:00:00+00:00
[2024-07-07T23:37:52.263+0500] {processor.py:183} INFO - Processing /home/nicolaspc/anaconda3/envs/mlops_env/lib/python3.12/site-packages/airflow/example_dags/example_branch_day_of_week_operator.py took 0.064 seconds
[2024-07-07T23:38:16.788+0500] {processor.py:161} INFO - Started process (PID=15542) to work on /home/nicolaspc/anaconda3/envs/mlops_env/lib/python3.12/site-packages/airflow/example_dags/example_branch_day_of_week_operator.py
[2024-07-07T23:38:16.796+0500] {processor.py:830} INFO - Processing file /home/nicolaspc/anaconda3/envs/mlops_env/lib/python3.12/site-packages/airflow/example_dags/example_branch_day_of_week_operator.py for tasks to queue
[2024-07-07T23:38:16.798+0500] {logging_mixin.py:188} INFO - [2024-07-07T23:38:16.797+0500] {dagbag.py:545} INFO - Filling up the DagBag from /home/nicolaspc/anaconda3/envs/mlops_env/lib/python3.12/site-packages/airflow/example_dags/example_branch_day_of_week_operator.py
[2024-07-07T23:38:16.802+0500] {processor.py:840} INFO - DAG(s) 'example_weekday_branch_operator' retrieved from /home/nicolaspc/anaconda3/envs/mlops_env/lib/python3.12/site-packages/airflow/example_dags/example_branch_day_of_week_operator.py
[2024-07-07T23:38:16.813+0500] {logging_mixin.py:188} INFO - [2024-07-07T23:38:16.813+0500] {dag.py:3096} INFO - Sync 1 DAGs
[2024-07-07T23:38:16.825+0500] {logging_mixin.py:188} INFO - [2024-07-07T23:38:16.825+0500] {dag.py:3954} INFO - Setting next_dagrun for example_weekday_branch_operator to 2024-07-06 00:00:00+00:00, run_after=2024-07-07 00:00:00+00:00
[2024-07-07T23:38:16.847+0500] {processor.py:183} INFO - Processing /home/nicolaspc/anaconda3/envs/mlops_env/lib/python3.12/site-packages/airflow/example_dags/example_branch_day_of_week_operator.py took 0.063 seconds
[2024-07-07T23:38:23.044+0500] {processor.py:161} INFO - Started process (PID=15748) to work on /home/nicolaspc/anaconda3/envs/mlops_env/lib/python3.12/site-packages/airflow/example_dags/example_branch_day_of_week_operator.py
[2024-07-07T23:38:23.053+0500] {processor.py:830} INFO - Processing file /home/nicolaspc/anaconda3/envs/mlops_env/lib/python3.12/site-packages/airflow/example_dags/example_branch_day_of_week_operator.py for tasks to queue
[2024-07-07T23:38:23.054+0500] {logging_mixin.py:188} INFO - [2024-07-07T23:38:23.054+0500] {dagbag.py:545} INFO - Filling up the DagBag from /home/nicolaspc/anaconda3/envs/mlops_env/lib/python3.12/site-packages/airflow/example_dags/example_branch_day_of_week_operator.py
[2024-07-07T23:38:23.059+0500] {processor.py:840} INFO - DAG(s) 'example_weekday_branch_operator' retrieved from /home/nicolaspc/anaconda3/envs/mlops_env/lib/python3.12/site-packages/airflow/example_dags/example_branch_day_of_week_operator.py
[2024-07-07T23:38:23.080+0500] {logging_mixin.py:188} INFO - [2024-07-07T23:38:23.080+0500] {dag.py:3096} INFO - Sync 1 DAGs
[2024-07-07T23:38:23.096+0500] {logging_mixin.py:188} INFO - [2024-07-07T23:38:23.096+0500] {dag.py:3954} INFO - Setting next_dagrun for example_weekday_branch_operator to 2024-07-06 00:00:00+00:00, run_after=2024-07-07 00:00:00+00:00
[2024-07-07T23:38:23.111+0500] {processor.py:183} INFO - Processing /home/nicolaspc/anaconda3/envs/mlops_env/lib/python3.12/site-packages/airflow/example_dags/example_branch_day_of_week_operator.py took 0.073 seconds
[2024-07-07T23:38:53.756+0500] {processor.py:161} INFO - Started process (PID=16118) to work on /home/nicolaspc/anaconda3/envs/mlops_env/lib/python3.12/site-packages/airflow/example_dags/example_branch_day_of_week_operator.py
[2024-07-07T23:38:53.757+0500] {processor.py:830} INFO - Processing file /home/nicolaspc/anaconda3/envs/mlops_env/lib/python3.12/site-packages/airflow/example_dags/example_branch_day_of_week_operator.py for tasks to queue
[2024-07-07T23:38:53.757+0500] {logging_mixin.py:188} INFO - [2024-07-07T23:38:53.757+0500] {dagbag.py:545} INFO - Filling up the DagBag from /home/nicolaspc/anaconda3/envs/mlops_env/lib/python3.12/site-packages/airflow/example_dags/example_branch_day_of_week_operator.py
[2024-07-07T23:38:53.763+0500] {processor.py:840} INFO - DAG(s) 'example_weekday_branch_operator' retrieved from /home/nicolaspc/anaconda3/envs/mlops_env/lib/python3.12/site-packages/airflow/example_dags/example_branch_day_of_week_operator.py
[2024-07-07T23:38:53.787+0500] {logging_mixin.py:188} INFO - [2024-07-07T23:38:53.787+0500] {dag.py:3096} INFO - Sync 1 DAGs
[2024-07-07T23:38:53.805+0500] {logging_mixin.py:188} INFO - [2024-07-07T23:38:53.805+0500] {dag.py:3954} INFO - Setting next_dagrun for example_weekday_branch_operator to 2024-07-06 00:00:00+00:00, run_after=2024-07-07 00:00:00+00:00
[2024-07-07T23:38:53.832+0500] {processor.py:183} INFO - Processing /home/nicolaspc/anaconda3/envs/mlops_env/lib/python3.12/site-packages/airflow/example_dags/example_branch_day_of_week_operator.py took 0.082 seconds
[2024-07-07T23:39:16.151+0500] {processor.py:161} INFO - Started process (PID=16323) to work on /home/nicolaspc/anaconda3/envs/mlops_env/lib/python3.12/site-packages/airflow/example_dags/example_branch_day_of_week_operator.py
[2024-07-07T23:39:16.159+0500] {processor.py:830} INFO - Processing file /home/nicolaspc/anaconda3/envs/mlops_env/lib/python3.12/site-packages/airflow/example_dags/example_branch_day_of_week_operator.py for tasks to queue
[2024-07-07T23:39:16.161+0500] {logging_mixin.py:188} INFO - [2024-07-07T23:39:16.161+0500] {dagbag.py:545} INFO - Filling up the DagBag from /home/nicolaspc/anaconda3/envs/mlops_env/lib/python3.12/site-packages/airflow/example_dags/example_branch_day_of_week_operator.py
[2024-07-07T23:39:16.166+0500] {processor.py:840} INFO - DAG(s) 'example_weekday_branch_operator' retrieved from /home/nicolaspc/anaconda3/envs/mlops_env/lib/python3.12/site-packages/airflow/example_dags/example_branch_day_of_week_operator.py
[2024-07-07T23:39:16.178+0500] {logging_mixin.py:188} INFO - [2024-07-07T23:39:16.178+0500] {dag.py:3096} INFO - Sync 1 DAGs
[2024-07-07T23:39:16.201+0500] {logging_mixin.py:188} INFO - [2024-07-07T23:39:16.201+0500] {dag.py:3954} INFO - Setting next_dagrun for example_weekday_branch_operator to 2024-07-06 00:00:00+00:00, run_after=2024-07-07 00:00:00+00:00
[2024-07-07T23:39:16.221+0500] {processor.py:183} INFO - Processing /home/nicolaspc/anaconda3/envs/mlops_env/lib/python3.12/site-packages/airflow/example_dags/example_branch_day_of_week_operator.py took 0.073 seconds
[2024-07-07T23:39:24.236+0500] {processor.py:161} INFO - Started process (PID=16510) to work on /home/nicolaspc/anaconda3/envs/mlops_env/lib/python3.12/site-packages/airflow/example_dags/example_branch_day_of_week_operator.py
[2024-07-07T23:39:24.237+0500] {processor.py:830} INFO - Processing file /home/nicolaspc/anaconda3/envs/mlops_env/lib/python3.12/site-packages/airflow/example_dags/example_branch_day_of_week_operator.py for tasks to queue
[2024-07-07T23:39:24.237+0500] {logging_mixin.py:188} INFO - [2024-07-07T23:39:24.237+0500] {dagbag.py:545} INFO - Filling up the DagBag from /home/nicolaspc/anaconda3/envs/mlops_env/lib/python3.12/site-packages/airflow/example_dags/example_branch_day_of_week_operator.py
[2024-07-07T23:39:24.242+0500] {processor.py:840} INFO - DAG(s) 'example_weekday_branch_operator' retrieved from /home/nicolaspc/anaconda3/envs/mlops_env/lib/python3.12/site-packages/airflow/example_dags/example_branch_day_of_week_operator.py
[2024-07-07T23:39:24.262+0500] {logging_mixin.py:188} INFO - [2024-07-07T23:39:24.262+0500] {dag.py:3096} INFO - Sync 1 DAGs
[2024-07-07T23:39:24.279+0500] {logging_mixin.py:188} INFO - [2024-07-07T23:39:24.278+0500] {dag.py:3954} INFO - Setting next_dagrun for example_weekday_branch_operator to 2024-07-06 00:00:00+00:00, run_after=2024-07-07 00:00:00+00:00
[2024-07-07T23:39:24.295+0500] {processor.py:183} INFO - Processing /home/nicolaspc/anaconda3/envs/mlops_env/lib/python3.12/site-packages/airflow/example_dags/example_branch_day_of_week_operator.py took 0.064 seconds
[2024-07-07T23:39:55.086+0500] {processor.py:161} INFO - Started process (PID=16887) to work on /home/nicolaspc/anaconda3/envs/mlops_env/lib/python3.12/site-packages/airflow/example_dags/example_branch_day_of_week_operator.py
[2024-07-07T23:39:55.087+0500] {processor.py:830} INFO - Processing file /home/nicolaspc/anaconda3/envs/mlops_env/lib/python3.12/site-packages/airflow/example_dags/example_branch_day_of_week_operator.py for tasks to queue
[2024-07-07T23:39:55.087+0500] {logging_mixin.py:188} INFO - [2024-07-07T23:39:55.087+0500] {dagbag.py:545} INFO - Filling up the DagBag from /home/nicolaspc/anaconda3/envs/mlops_env/lib/python3.12/site-packages/airflow/example_dags/example_branch_day_of_week_operator.py
[2024-07-07T23:39:55.092+0500] {processor.py:840} INFO - DAG(s) 'example_weekday_branch_operator' retrieved from /home/nicolaspc/anaconda3/envs/mlops_env/lib/python3.12/site-packages/airflow/example_dags/example_branch_day_of_week_operator.py
[2024-07-07T23:39:55.114+0500] {logging_mixin.py:188} INFO - [2024-07-07T23:39:55.114+0500] {dag.py:3096} INFO - Sync 1 DAGs
[2024-07-07T23:39:55.131+0500] {logging_mixin.py:188} INFO - [2024-07-07T23:39:55.131+0500] {dag.py:3954} INFO - Setting next_dagrun for example_weekday_branch_operator to 2024-07-06 00:00:00+00:00, run_after=2024-07-07 00:00:00+00:00
[2024-07-07T23:39:55.146+0500] {processor.py:183} INFO - Processing /home/nicolaspc/anaconda3/envs/mlops_env/lib/python3.12/site-packages/airflow/example_dags/example_branch_day_of_week_operator.py took 0.066 seconds
[2024-07-07T23:40:16.034+0500] {processor.py:161} INFO - Started process (PID=17100) to work on /home/nicolaspc/anaconda3/envs/mlops_env/lib/python3.12/site-packages/airflow/example_dags/example_branch_day_of_week_operator.py
[2024-07-07T23:40:16.043+0500] {processor.py:830} INFO - Processing file /home/nicolaspc/anaconda3/envs/mlops_env/lib/python3.12/site-packages/airflow/example_dags/example_branch_day_of_week_operator.py for tasks to queue
[2024-07-07T23:40:16.044+0500] {logging_mixin.py:188} INFO - [2024-07-07T23:40:16.043+0500] {dagbag.py:545} INFO - Filling up the DagBag from /home/nicolaspc/anaconda3/envs/mlops_env/lib/python3.12/site-packages/airflow/example_dags/example_branch_day_of_week_operator.py
[2024-07-07T23:40:16.049+0500] {processor.py:840} INFO - DAG(s) 'example_weekday_branch_operator' retrieved from /home/nicolaspc/anaconda3/envs/mlops_env/lib/python3.12/site-packages/airflow/example_dags/example_branch_day_of_week_operator.py
[2024-07-07T23:40:16.060+0500] {logging_mixin.py:188} INFO - [2024-07-07T23:40:16.060+0500] {dag.py:3096} INFO - Sync 1 DAGs
[2024-07-07T23:40:16.072+0500] {logging_mixin.py:188} INFO - [2024-07-07T23:40:16.072+0500] {dag.py:3954} INFO - Setting next_dagrun for example_weekday_branch_operator to 2024-07-06 00:00:00+00:00, run_after=2024-07-07 00:00:00+00:00
[2024-07-07T23:40:16.093+0500] {processor.py:183} INFO - Processing /home/nicolaspc/anaconda3/envs/mlops_env/lib/python3.12/site-packages/airflow/example_dags/example_branch_day_of_week_operator.py took 0.062 seconds
[2024-07-07T23:40:25.812+0500] {processor.py:161} INFO - Started process (PID=17317) to work on /home/nicolaspc/anaconda3/envs/mlops_env/lib/python3.12/site-packages/airflow/example_dags/example_branch_day_of_week_operator.py
[2024-07-07T23:40:25.813+0500] {processor.py:830} INFO - Processing file /home/nicolaspc/anaconda3/envs/mlops_env/lib/python3.12/site-packages/airflow/example_dags/example_branch_day_of_week_operator.py for tasks to queue
[2024-07-07T23:40:25.813+0500] {logging_mixin.py:188} INFO - [2024-07-07T23:40:25.813+0500] {dagbag.py:545} INFO - Filling up the DagBag from /home/nicolaspc/anaconda3/envs/mlops_env/lib/python3.12/site-packages/airflow/example_dags/example_branch_day_of_week_operator.py
[2024-07-07T23:40:25.819+0500] {processor.py:840} INFO - DAG(s) 'example_weekday_branch_operator' retrieved from /home/nicolaspc/anaconda3/envs/mlops_env/lib/python3.12/site-packages/airflow/example_dags/example_branch_day_of_week_operator.py
[2024-07-07T23:40:25.841+0500] {logging_mixin.py:188} INFO - [2024-07-07T23:40:25.841+0500] {dag.py:3096} INFO - Sync 1 DAGs
[2024-07-07T23:40:25.858+0500] {logging_mixin.py:188} INFO - [2024-07-07T23:40:25.858+0500] {dag.py:3954} INFO - Setting next_dagrun for example_weekday_branch_operator to 2024-07-06 00:00:00+00:00, run_after=2024-07-07 00:00:00+00:00
[2024-07-07T23:40:25.876+0500] {processor.py:183} INFO - Processing /home/nicolaspc/anaconda3/envs/mlops_env/lib/python3.12/site-packages/airflow/example_dags/example_branch_day_of_week_operator.py took 0.071 seconds
[2024-07-07T23:40:56.569+0500] {processor.py:161} INFO - Started process (PID=17684) to work on /home/nicolaspc/anaconda3/envs/mlops_env/lib/python3.12/site-packages/airflow/example_dags/example_branch_day_of_week_operator.py
[2024-07-07T23:40:56.570+0500] {processor.py:830} INFO - Processing file /home/nicolaspc/anaconda3/envs/mlops_env/lib/python3.12/site-packages/airflow/example_dags/example_branch_day_of_week_operator.py for tasks to queue
[2024-07-07T23:40:56.570+0500] {logging_mixin.py:188} INFO - [2024-07-07T23:40:56.570+0500] {dagbag.py:545} INFO - Filling up the DagBag from /home/nicolaspc/anaconda3/envs/mlops_env/lib/python3.12/site-packages/airflow/example_dags/example_branch_day_of_week_operator.py
[2024-07-07T23:40:56.575+0500] {processor.py:840} INFO - DAG(s) 'example_weekday_branch_operator' retrieved from /home/nicolaspc/anaconda3/envs/mlops_env/lib/python3.12/site-packages/airflow/example_dags/example_branch_day_of_week_operator.py
[2024-07-07T23:40:56.602+0500] {logging_mixin.py:188} INFO - [2024-07-07T23:40:56.602+0500] {dag.py:3096} INFO - Sync 1 DAGs
[2024-07-07T23:40:56.621+0500] {logging_mixin.py:188} INFO - [2024-07-07T23:40:56.621+0500] {dag.py:3954} INFO - Setting next_dagrun for example_weekday_branch_operator to 2024-07-06 00:00:00+00:00, run_after=2024-07-07 00:00:00+00:00
[2024-07-07T23:40:56.643+0500] {processor.py:183} INFO - Processing /home/nicolaspc/anaconda3/envs/mlops_env/lib/python3.12/site-packages/airflow/example_dags/example_branch_day_of_week_operator.py took 0.081 seconds
[2024-07-07T23:41:16.378+0500] {processor.py:161} INFO - Started process (PID=17855) to work on /home/nicolaspc/anaconda3/envs/mlops_env/lib/python3.12/site-packages/airflow/example_dags/example_branch_day_of_week_operator.py
[2024-07-07T23:41:16.387+0500] {processor.py:830} INFO - Processing file /home/nicolaspc/anaconda3/envs/mlops_env/lib/python3.12/site-packages/airflow/example_dags/example_branch_day_of_week_operator.py for tasks to queue
[2024-07-07T23:41:16.388+0500] {logging_mixin.py:188} INFO - [2024-07-07T23:41:16.388+0500] {dagbag.py:545} INFO - Filling up the DagBag from /home/nicolaspc/anaconda3/envs/mlops_env/lib/python3.12/site-packages/airflow/example_dags/example_branch_day_of_week_operator.py
[2024-07-07T23:41:16.393+0500] {processor.py:840} INFO - DAG(s) 'example_weekday_branch_operator' retrieved from /home/nicolaspc/anaconda3/envs/mlops_env/lib/python3.12/site-packages/airflow/example_dags/example_branch_day_of_week_operator.py
[2024-07-07T23:41:16.405+0500] {logging_mixin.py:188} INFO - [2024-07-07T23:41:16.405+0500] {dag.py:3096} INFO - Sync 1 DAGs
[2024-07-07T23:41:16.419+0500] {logging_mixin.py:188} INFO - [2024-07-07T23:41:16.419+0500] {dag.py:3954} INFO - Setting next_dagrun for example_weekday_branch_operator to 2024-07-06 00:00:00+00:00, run_after=2024-07-07 00:00:00+00:00
[2024-07-07T23:41:16.439+0500] {processor.py:183} INFO - Processing /home/nicolaspc/anaconda3/envs/mlops_env/lib/python3.12/site-packages/airflow/example_dags/example_branch_day_of_week_operator.py took 0.065 seconds
[2024-07-07T23:41:27.370+0500] {processor.py:161} INFO - Started process (PID=18098) to work on /home/nicolaspc/anaconda3/envs/mlops_env/lib/python3.12/site-packages/airflow/example_dags/example_branch_day_of_week_operator.py
[2024-07-07T23:41:27.377+0500] {processor.py:830} INFO - Processing file /home/nicolaspc/anaconda3/envs/mlops_env/lib/python3.12/site-packages/airflow/example_dags/example_branch_day_of_week_operator.py for tasks to queue
[2024-07-07T23:41:27.378+0500] {logging_mixin.py:188} INFO - [2024-07-07T23:41:27.378+0500] {dagbag.py:545} INFO - Filling up the DagBag from /home/nicolaspc/anaconda3/envs/mlops_env/lib/python3.12/site-packages/airflow/example_dags/example_branch_day_of_week_operator.py
[2024-07-07T23:41:27.383+0500] {processor.py:840} INFO - DAG(s) 'example_weekday_branch_operator' retrieved from /home/nicolaspc/anaconda3/envs/mlops_env/lib/python3.12/site-packages/airflow/example_dags/example_branch_day_of_week_operator.py
[2024-07-07T23:41:27.411+0500] {logging_mixin.py:188} INFO - [2024-07-07T23:41:27.411+0500] {dag.py:3096} INFO - Sync 1 DAGs
[2024-07-07T23:41:27.428+0500] {logging_mixin.py:188} INFO - [2024-07-07T23:41:27.428+0500] {dag.py:3954} INFO - Setting next_dagrun for example_weekday_branch_operator to 2024-07-06 00:00:00+00:00, run_after=2024-07-07 00:00:00+00:00
[2024-07-07T23:41:27.446+0500] {processor.py:183} INFO - Processing /home/nicolaspc/anaconda3/envs/mlops_env/lib/python3.12/site-packages/airflow/example_dags/example_branch_day_of_week_operator.py took 0.082 seconds
[2024-07-07T23:41:58.108+0500] {processor.py:161} INFO - Started process (PID=18453) to work on /home/nicolaspc/anaconda3/envs/mlops_env/lib/python3.12/site-packages/airflow/example_dags/example_branch_day_of_week_operator.py
[2024-07-07T23:41:58.108+0500] {processor.py:830} INFO - Processing file /home/nicolaspc/anaconda3/envs/mlops_env/lib/python3.12/site-packages/airflow/example_dags/example_branch_day_of_week_operator.py for tasks to queue
[2024-07-07T23:41:58.109+0500] {logging_mixin.py:188} INFO - [2024-07-07T23:41:58.109+0500] {dagbag.py:545} INFO - Filling up the DagBag from /home/nicolaspc/anaconda3/envs/mlops_env/lib/python3.12/site-packages/airflow/example_dags/example_branch_day_of_week_operator.py
[2024-07-07T23:41:58.114+0500] {processor.py:840} INFO - DAG(s) 'example_weekday_branch_operator' retrieved from /home/nicolaspc/anaconda3/envs/mlops_env/lib/python3.12/site-packages/airflow/example_dags/example_branch_day_of_week_operator.py
[2024-07-07T23:41:58.139+0500] {logging_mixin.py:188} INFO - [2024-07-07T23:41:58.139+0500] {dag.py:3096} INFO - Sync 1 DAGs
[2024-07-07T23:41:58.157+0500] {logging_mixin.py:188} INFO - [2024-07-07T23:41:58.157+0500] {dag.py:3954} INFO - Setting next_dagrun for example_weekday_branch_operator to 2024-07-06 00:00:00+00:00, run_after=2024-07-07 00:00:00+00:00
[2024-07-07T23:41:58.174+0500] {processor.py:183} INFO - Processing /home/nicolaspc/anaconda3/envs/mlops_env/lib/python3.12/site-packages/airflow/example_dags/example_branch_day_of_week_operator.py took 0.073 seconds
[2024-07-07T23:42:15.965+0500] {processor.py:161} INFO - Started process (PID=18669) to work on /home/nicolaspc/anaconda3/envs/mlops_env/lib/python3.12/site-packages/airflow/example_dags/example_branch_day_of_week_operator.py
[2024-07-07T23:42:15.974+0500] {processor.py:830} INFO - Processing file /home/nicolaspc/anaconda3/envs/mlops_env/lib/python3.12/site-packages/airflow/example_dags/example_branch_day_of_week_operator.py for tasks to queue
[2024-07-07T23:42:15.976+0500] {logging_mixin.py:188} INFO - [2024-07-07T23:42:15.976+0500] {dagbag.py:545} INFO - Filling up the DagBag from /home/nicolaspc/anaconda3/envs/mlops_env/lib/python3.12/site-packages/airflow/example_dags/example_branch_day_of_week_operator.py
[2024-07-07T23:42:15.981+0500] {processor.py:840} INFO - DAG(s) 'example_weekday_branch_operator' retrieved from /home/nicolaspc/anaconda3/envs/mlops_env/lib/python3.12/site-packages/airflow/example_dags/example_branch_day_of_week_operator.py
[2024-07-07T23:42:15.993+0500] {logging_mixin.py:188} INFO - [2024-07-07T23:42:15.993+0500] {dag.py:3096} INFO - Sync 1 DAGs
[2024-07-07T23:42:16.006+0500] {logging_mixin.py:188} INFO - [2024-07-07T23:42:16.006+0500] {dag.py:3954} INFO - Setting next_dagrun for example_weekday_branch_operator to 2024-07-06 00:00:00+00:00, run_after=2024-07-07 00:00:00+00:00
[2024-07-07T23:42:16.026+0500] {processor.py:183} INFO - Processing /home/nicolaspc/anaconda3/envs/mlops_env/lib/python3.12/site-packages/airflow/example_dags/example_branch_day_of_week_operator.py took 0.065 seconds
[2024-07-07T23:42:29.013+0500] {processor.py:161} INFO - Started process (PID=18865) to work on /home/nicolaspc/anaconda3/envs/mlops_env/lib/python3.12/site-packages/airflow/example_dags/example_branch_day_of_week_operator.py
[2024-07-07T23:42:29.014+0500] {processor.py:830} INFO - Processing file /home/nicolaspc/anaconda3/envs/mlops_env/lib/python3.12/site-packages/airflow/example_dags/example_branch_day_of_week_operator.py for tasks to queue
[2024-07-07T23:42:29.015+0500] {logging_mixin.py:188} INFO - [2024-07-07T23:42:29.014+0500] {dagbag.py:545} INFO - Filling up the DagBag from /home/nicolaspc/anaconda3/envs/mlops_env/lib/python3.12/site-packages/airflow/example_dags/example_branch_day_of_week_operator.py
[2024-07-07T23:42:29.019+0500] {processor.py:840} INFO - DAG(s) 'example_weekday_branch_operator' retrieved from /home/nicolaspc/anaconda3/envs/mlops_env/lib/python3.12/site-packages/airflow/example_dags/example_branch_day_of_week_operator.py
[2024-07-07T23:42:29.040+0500] {logging_mixin.py:188} INFO - [2024-07-07T23:42:29.040+0500] {dag.py:3096} INFO - Sync 1 DAGs
[2024-07-07T23:42:29.056+0500] {logging_mixin.py:188} INFO - [2024-07-07T23:42:29.056+0500] {dag.py:3954} INFO - Setting next_dagrun for example_weekday_branch_operator to 2024-07-06 00:00:00+00:00, run_after=2024-07-07 00:00:00+00:00
[2024-07-07T23:42:29.072+0500] {processor.py:183} INFO - Processing /home/nicolaspc/anaconda3/envs/mlops_env/lib/python3.12/site-packages/airflow/example_dags/example_branch_day_of_week_operator.py took 0.065 seconds
[2024-07-07T23:42:59.878+0500] {processor.py:161} INFO - Started process (PID=19228) to work on /home/nicolaspc/anaconda3/envs/mlops_env/lib/python3.12/site-packages/airflow/example_dags/example_branch_day_of_week_operator.py
[2024-07-07T23:42:59.878+0500] {processor.py:830} INFO - Processing file /home/nicolaspc/anaconda3/envs/mlops_env/lib/python3.12/site-packages/airflow/example_dags/example_branch_day_of_week_operator.py for tasks to queue
[2024-07-07T23:42:59.879+0500] {logging_mixin.py:188} INFO - [2024-07-07T23:42:59.879+0500] {dagbag.py:545} INFO - Filling up the DagBag from /home/nicolaspc/anaconda3/envs/mlops_env/lib/python3.12/site-packages/airflow/example_dags/example_branch_day_of_week_operator.py
[2024-07-07T23:42:59.883+0500] {processor.py:840} INFO - DAG(s) 'example_weekday_branch_operator' retrieved from /home/nicolaspc/anaconda3/envs/mlops_env/lib/python3.12/site-packages/airflow/example_dags/example_branch_day_of_week_operator.py
[2024-07-07T23:42:59.905+0500] {logging_mixin.py:188} INFO - [2024-07-07T23:42:59.904+0500] {dag.py:3096} INFO - Sync 1 DAGs
[2024-07-07T23:42:59.922+0500] {logging_mixin.py:188} INFO - [2024-07-07T23:42:59.922+0500] {dag.py:3954} INFO - Setting next_dagrun for example_weekday_branch_operator to 2024-07-06 00:00:00+00:00, run_after=2024-07-07 00:00:00+00:00
[2024-07-07T23:42:59.938+0500] {processor.py:183} INFO - Processing /home/nicolaspc/anaconda3/envs/mlops_env/lib/python3.12/site-packages/airflow/example_dags/example_branch_day_of_week_operator.py took 0.067 seconds
[2024-07-07T23:43:30.847+0500] {processor.py:161} INFO - Started process (PID=19576) to work on /home/nicolaspc/anaconda3/envs/mlops_env/lib/python3.12/site-packages/airflow/example_dags/example_branch_day_of_week_operator.py
[2024-07-07T23:43:30.847+0500] {processor.py:830} INFO - Processing file /home/nicolaspc/anaconda3/envs/mlops_env/lib/python3.12/site-packages/airflow/example_dags/example_branch_day_of_week_operator.py for tasks to queue
[2024-07-07T23:43:30.848+0500] {logging_mixin.py:188} INFO - [2024-07-07T23:43:30.848+0500] {dagbag.py:545} INFO - Filling up the DagBag from /home/nicolaspc/anaconda3/envs/mlops_env/lib/python3.12/site-packages/airflow/example_dags/example_branch_day_of_week_operator.py
[2024-07-07T23:43:30.852+0500] {processor.py:840} INFO - DAG(s) 'example_weekday_branch_operator' retrieved from /home/nicolaspc/anaconda3/envs/mlops_env/lib/python3.12/site-packages/airflow/example_dags/example_branch_day_of_week_operator.py
[2024-07-07T23:43:30.874+0500] {logging_mixin.py:188} INFO - [2024-07-07T23:43:30.873+0500] {dag.py:3096} INFO - Sync 1 DAGs
[2024-07-07T23:43:30.889+0500] {logging_mixin.py:188} INFO - [2024-07-07T23:43:30.889+0500] {dag.py:3954} INFO - Setting next_dagrun for example_weekday_branch_operator to 2024-07-06 00:00:00+00:00, run_after=2024-07-07 00:00:00+00:00
[2024-07-07T23:43:30.905+0500] {processor.py:183} INFO - Processing /home/nicolaspc/anaconda3/envs/mlops_env/lib/python3.12/site-packages/airflow/example_dags/example_branch_day_of_week_operator.py took 0.064 seconds
[2024-07-07T23:44:01.446+0500] {processor.py:161} INFO - Started process (PID=19944) to work on /home/nicolaspc/anaconda3/envs/mlops_env/lib/python3.12/site-packages/airflow/example_dags/example_branch_day_of_week_operator.py
[2024-07-07T23:44:01.447+0500] {processor.py:830} INFO - Processing file /home/nicolaspc/anaconda3/envs/mlops_env/lib/python3.12/site-packages/airflow/example_dags/example_branch_day_of_week_operator.py for tasks to queue
[2024-07-07T23:44:01.448+0500] {logging_mixin.py:188} INFO - [2024-07-07T23:44:01.447+0500] {dagbag.py:545} INFO - Filling up the DagBag from /home/nicolaspc/anaconda3/envs/mlops_env/lib/python3.12/site-packages/airflow/example_dags/example_branch_day_of_week_operator.py
[2024-07-07T23:44:01.452+0500] {processor.py:840} INFO - DAG(s) 'example_weekday_branch_operator' retrieved from /home/nicolaspc/anaconda3/envs/mlops_env/lib/python3.12/site-packages/airflow/example_dags/example_branch_day_of_week_operator.py
[2024-07-07T23:44:01.477+0500] {logging_mixin.py:188} INFO - [2024-07-07T23:44:01.477+0500] {dag.py:3096} INFO - Sync 1 DAGs
[2024-07-07T23:44:01.495+0500] {logging_mixin.py:188} INFO - [2024-07-07T23:44:01.495+0500] {dag.py:3954} INFO - Setting next_dagrun for example_weekday_branch_operator to 2024-07-06 00:00:00+00:00, run_after=2024-07-07 00:00:00+00:00
[2024-07-07T23:44:01.513+0500] {processor.py:183} INFO - Processing /home/nicolaspc/anaconda3/envs/mlops_env/lib/python3.12/site-packages/airflow/example_dags/example_branch_day_of_week_operator.py took 0.073 seconds
[2024-07-07T23:44:31.942+0500] {processor.py:161} INFO - Started process (PID=20308) to work on /home/nicolaspc/anaconda3/envs/mlops_env/lib/python3.12/site-packages/airflow/example_dags/example_branch_day_of_week_operator.py
[2024-07-07T23:44:31.943+0500] {processor.py:830} INFO - Processing file /home/nicolaspc/anaconda3/envs/mlops_env/lib/python3.12/site-packages/airflow/example_dags/example_branch_day_of_week_operator.py for tasks to queue
[2024-07-07T23:44:31.944+0500] {logging_mixin.py:188} INFO - [2024-07-07T23:44:31.943+0500] {dagbag.py:545} INFO - Filling up the DagBag from /home/nicolaspc/anaconda3/envs/mlops_env/lib/python3.12/site-packages/airflow/example_dags/example_branch_day_of_week_operator.py
[2024-07-07T23:44:31.950+0500] {processor.py:840} INFO - DAG(s) 'example_weekday_branch_operator' retrieved from /home/nicolaspc/anaconda3/envs/mlops_env/lib/python3.12/site-packages/airflow/example_dags/example_branch_day_of_week_operator.py
[2024-07-07T23:44:31.974+0500] {logging_mixin.py:188} INFO - [2024-07-07T23:44:31.974+0500] {dag.py:3096} INFO - Sync 1 DAGs
[2024-07-07T23:44:31.992+0500] {logging_mixin.py:188} INFO - [2024-07-07T23:44:31.992+0500] {dag.py:3954} INFO - Setting next_dagrun for example_weekday_branch_operator to 2024-07-06 00:00:00+00:00, run_after=2024-07-07 00:00:00+00:00
[2024-07-07T23:44:32.009+0500] {processor.py:183} INFO - Processing /home/nicolaspc/anaconda3/envs/mlops_env/lib/python3.12/site-packages/airflow/example_dags/example_branch_day_of_week_operator.py took 0.075 seconds
[2024-07-07T23:45:02.382+0500] {processor.py:161} INFO - Started process (PID=20652) to work on /home/nicolaspc/anaconda3/envs/mlops_env/lib/python3.12/site-packages/airflow/example_dags/example_branch_day_of_week_operator.py
[2024-07-07T23:45:02.382+0500] {processor.py:830} INFO - Processing file /home/nicolaspc/anaconda3/envs/mlops_env/lib/python3.12/site-packages/airflow/example_dags/example_branch_day_of_week_operator.py for tasks to queue
[2024-07-07T23:45:02.383+0500] {logging_mixin.py:188} INFO - [2024-07-07T23:45:02.383+0500] {dagbag.py:545} INFO - Filling up the DagBag from /home/nicolaspc/anaconda3/envs/mlops_env/lib/python3.12/site-packages/airflow/example_dags/example_branch_day_of_week_operator.py
[2024-07-07T23:45:02.387+0500] {processor.py:840} INFO - DAG(s) 'example_weekday_branch_operator' retrieved from /home/nicolaspc/anaconda3/envs/mlops_env/lib/python3.12/site-packages/airflow/example_dags/example_branch_day_of_week_operator.py
[2024-07-07T23:45:02.409+0500] {logging_mixin.py:188} INFO - [2024-07-07T23:45:02.409+0500] {dag.py:3096} INFO - Sync 1 DAGs
[2024-07-07T23:45:02.425+0500] {logging_mixin.py:188} INFO - [2024-07-07T23:45:02.424+0500] {dag.py:3954} INFO - Setting next_dagrun for example_weekday_branch_operator to 2024-07-06 00:00:00+00:00, run_after=2024-07-07 00:00:00+00:00
[2024-07-07T23:45:02.440+0500] {processor.py:183} INFO - Processing /home/nicolaspc/anaconda3/envs/mlops_env/lib/python3.12/site-packages/airflow/example_dags/example_branch_day_of_week_operator.py took 0.064 seconds
[2024-07-07T23:45:33.099+0500] {processor.py:161} INFO - Started process (PID=20978) to work on /home/nicolaspc/anaconda3/envs/mlops_env/lib/python3.12/site-packages/airflow/example_dags/example_branch_day_of_week_operator.py
[2024-07-07T23:45:33.101+0500] {processor.py:830} INFO - Processing file /home/nicolaspc/anaconda3/envs/mlops_env/lib/python3.12/site-packages/airflow/example_dags/example_branch_day_of_week_operator.py for tasks to queue
[2024-07-07T23:45:33.102+0500] {logging_mixin.py:188} INFO - [2024-07-07T23:45:33.102+0500] {dagbag.py:545} INFO - Filling up the DagBag from /home/nicolaspc/anaconda3/envs/mlops_env/lib/python3.12/site-packages/airflow/example_dags/example_branch_day_of_week_operator.py
[2024-07-07T23:45:33.107+0500] {processor.py:840} INFO - DAG(s) 'example_weekday_branch_operator' retrieved from /home/nicolaspc/anaconda3/envs/mlops_env/lib/python3.12/site-packages/airflow/example_dags/example_branch_day_of_week_operator.py
[2024-07-07T23:45:33.127+0500] {logging_mixin.py:188} INFO - [2024-07-07T23:45:33.127+0500] {dag.py:3096} INFO - Sync 1 DAGs
[2024-07-07T23:45:33.143+0500] {logging_mixin.py:188} INFO - [2024-07-07T23:45:33.143+0500] {dag.py:3954} INFO - Setting next_dagrun for example_weekday_branch_operator to 2024-07-06 00:00:00+00:00, run_after=2024-07-07 00:00:00+00:00
[2024-07-07T23:45:33.174+0500] {processor.py:183} INFO - Processing /home/nicolaspc/anaconda3/envs/mlops_env/lib/python3.12/site-packages/airflow/example_dags/example_branch_day_of_week_operator.py took 0.080 seconds
[2024-07-07T23:46:03.787+0500] {processor.py:161} INFO - Started process (PID=21316) to work on /home/nicolaspc/anaconda3/envs/mlops_env/lib/python3.12/site-packages/airflow/example_dags/example_branch_day_of_week_operator.py
[2024-07-07T23:46:03.788+0500] {processor.py:830} INFO - Processing file /home/nicolaspc/anaconda3/envs/mlops_env/lib/python3.12/site-packages/airflow/example_dags/example_branch_day_of_week_operator.py for tasks to queue
[2024-07-07T23:46:03.789+0500] {logging_mixin.py:188} INFO - [2024-07-07T23:46:03.789+0500] {dagbag.py:545} INFO - Filling up the DagBag from /home/nicolaspc/anaconda3/envs/mlops_env/lib/python3.12/site-packages/airflow/example_dags/example_branch_day_of_week_operator.py
[2024-07-07T23:46:03.793+0500] {processor.py:840} INFO - DAG(s) 'example_weekday_branch_operator' retrieved from /home/nicolaspc/anaconda3/envs/mlops_env/lib/python3.12/site-packages/airflow/example_dags/example_branch_day_of_week_operator.py
[2024-07-07T23:46:03.814+0500] {logging_mixin.py:188} INFO - [2024-07-07T23:46:03.814+0500] {dag.py:3096} INFO - Sync 1 DAGs
[2024-07-07T23:46:03.831+0500] {logging_mixin.py:188} INFO - [2024-07-07T23:46:03.831+0500] {dag.py:3954} INFO - Setting next_dagrun for example_weekday_branch_operator to 2024-07-06 00:00:00+00:00, run_after=2024-07-07 00:00:00+00:00
[2024-07-07T23:46:03.846+0500] {processor.py:183} INFO - Processing /home/nicolaspc/anaconda3/envs/mlops_env/lib/python3.12/site-packages/airflow/example_dags/example_branch_day_of_week_operator.py took 0.065 seconds
[2024-07-07T23:46:34.357+0500] {processor.py:161} INFO - Started process (PID=21681) to work on /home/nicolaspc/anaconda3/envs/mlops_env/lib/python3.12/site-packages/airflow/example_dags/example_branch_day_of_week_operator.py
[2024-07-07T23:46:34.358+0500] {processor.py:830} INFO - Processing file /home/nicolaspc/anaconda3/envs/mlops_env/lib/python3.12/site-packages/airflow/example_dags/example_branch_day_of_week_operator.py for tasks to queue
[2024-07-07T23:46:34.359+0500] {logging_mixin.py:188} INFO - [2024-07-07T23:46:34.359+0500] {dagbag.py:545} INFO - Filling up the DagBag from /home/nicolaspc/anaconda3/envs/mlops_env/lib/python3.12/site-packages/airflow/example_dags/example_branch_day_of_week_operator.py
[2024-07-07T23:46:34.366+0500] {processor.py:840} INFO - DAG(s) 'example_weekday_branch_operator' retrieved from /home/nicolaspc/anaconda3/envs/mlops_env/lib/python3.12/site-packages/airflow/example_dags/example_branch_day_of_week_operator.py
[2024-07-07T23:46:34.394+0500] {logging_mixin.py:188} INFO - [2024-07-07T23:46:34.394+0500] {dag.py:3096} INFO - Sync 1 DAGs
[2024-07-07T23:46:34.421+0500] {logging_mixin.py:188} INFO - [2024-07-07T23:46:34.420+0500] {dag.py:3954} INFO - Setting next_dagrun for example_weekday_branch_operator to 2024-07-06 00:00:00+00:00, run_after=2024-07-07 00:00:00+00:00
[2024-07-07T23:46:34.441+0500] {processor.py:183} INFO - Processing /home/nicolaspc/anaconda3/envs/mlops_env/lib/python3.12/site-packages/airflow/example_dags/example_branch_day_of_week_operator.py took 0.094 seconds
[2024-07-07T23:47:05.112+0500] {processor.py:161} INFO - Started process (PID=22011) to work on /home/nicolaspc/anaconda3/envs/mlops_env/lib/python3.12/site-packages/airflow/example_dags/example_branch_day_of_week_operator.py
[2024-07-07T23:47:05.113+0500] {processor.py:830} INFO - Processing file /home/nicolaspc/anaconda3/envs/mlops_env/lib/python3.12/site-packages/airflow/example_dags/example_branch_day_of_week_operator.py for tasks to queue
[2024-07-07T23:47:05.114+0500] {logging_mixin.py:188} INFO - [2024-07-07T23:47:05.113+0500] {dagbag.py:545} INFO - Filling up the DagBag from /home/nicolaspc/anaconda3/envs/mlops_env/lib/python3.12/site-packages/airflow/example_dags/example_branch_day_of_week_operator.py
[2024-07-07T23:47:05.118+0500] {processor.py:840} INFO - DAG(s) 'example_weekday_branch_operator' retrieved from /home/nicolaspc/anaconda3/envs/mlops_env/lib/python3.12/site-packages/airflow/example_dags/example_branch_day_of_week_operator.py
[2024-07-07T23:47:05.137+0500] {logging_mixin.py:188} INFO - [2024-07-07T23:47:05.137+0500] {dag.py:3096} INFO - Sync 1 DAGs
[2024-07-07T23:47:05.154+0500] {logging_mixin.py:188} INFO - [2024-07-07T23:47:05.154+0500] {dag.py:3954} INFO - Setting next_dagrun for example_weekday_branch_operator to 2024-07-06 00:00:00+00:00, run_after=2024-07-07 00:00:00+00:00
[2024-07-07T23:47:05.169+0500] {processor.py:183} INFO - Processing /home/nicolaspc/anaconda3/envs/mlops_env/lib/python3.12/site-packages/airflow/example_dags/example_branch_day_of_week_operator.py took 0.063 seconds
[2024-07-07T23:47:35.634+0500] {processor.py:161} INFO - Started process (PID=22339) to work on /home/nicolaspc/anaconda3/envs/mlops_env/lib/python3.12/site-packages/airflow/example_dags/example_branch_day_of_week_operator.py
[2024-07-07T23:47:35.635+0500] {processor.py:830} INFO - Processing file /home/nicolaspc/anaconda3/envs/mlops_env/lib/python3.12/site-packages/airflow/example_dags/example_branch_day_of_week_operator.py for tasks to queue
[2024-07-07T23:47:35.635+0500] {logging_mixin.py:188} INFO - [2024-07-07T23:47:35.635+0500] {dagbag.py:545} INFO - Filling up the DagBag from /home/nicolaspc/anaconda3/envs/mlops_env/lib/python3.12/site-packages/airflow/example_dags/example_branch_day_of_week_operator.py
[2024-07-07T23:47:35.640+0500] {processor.py:840} INFO - DAG(s) 'example_weekday_branch_operator' retrieved from /home/nicolaspc/anaconda3/envs/mlops_env/lib/python3.12/site-packages/airflow/example_dags/example_branch_day_of_week_operator.py
[2024-07-07T23:47:35.660+0500] {logging_mixin.py:188} INFO - [2024-07-07T23:47:35.660+0500] {dag.py:3096} INFO - Sync 1 DAGs
[2024-07-07T23:47:35.676+0500] {logging_mixin.py:188} INFO - [2024-07-07T23:47:35.676+0500] {dag.py:3954} INFO - Setting next_dagrun for example_weekday_branch_operator to 2024-07-06 00:00:00+00:00, run_after=2024-07-07 00:00:00+00:00
[2024-07-07T23:47:35.691+0500] {processor.py:183} INFO - Processing /home/nicolaspc/anaconda3/envs/mlops_env/lib/python3.12/site-packages/airflow/example_dags/example_branch_day_of_week_operator.py took 0.063 seconds
[2024-07-07T23:48:06.237+0500] {processor.py:161} INFO - Started process (PID=22664) to work on /home/nicolaspc/anaconda3/envs/mlops_env/lib/python3.12/site-packages/airflow/example_dags/example_branch_day_of_week_operator.py
[2024-07-07T23:48:06.238+0500] {processor.py:830} INFO - Processing file /home/nicolaspc/anaconda3/envs/mlops_env/lib/python3.12/site-packages/airflow/example_dags/example_branch_day_of_week_operator.py for tasks to queue
[2024-07-07T23:48:06.239+0500] {logging_mixin.py:188} INFO - [2024-07-07T23:48:06.238+0500] {dagbag.py:545} INFO - Filling up the DagBag from /home/nicolaspc/anaconda3/envs/mlops_env/lib/python3.12/site-packages/airflow/example_dags/example_branch_day_of_week_operator.py
[2024-07-07T23:48:06.243+0500] {processor.py:840} INFO - DAG(s) 'example_weekday_branch_operator' retrieved from /home/nicolaspc/anaconda3/envs/mlops_env/lib/python3.12/site-packages/airflow/example_dags/example_branch_day_of_week_operator.py
[2024-07-07T23:48:06.263+0500] {logging_mixin.py:188} INFO - [2024-07-07T23:48:06.263+0500] {dag.py:3096} INFO - Sync 1 DAGs
[2024-07-07T23:48:06.280+0500] {logging_mixin.py:188} INFO - [2024-07-07T23:48:06.280+0500] {dag.py:3954} INFO - Setting next_dagrun for example_weekday_branch_operator to 2024-07-06 00:00:00+00:00, run_after=2024-07-07 00:00:00+00:00
[2024-07-07T23:48:06.295+0500] {processor.py:183} INFO - Processing /home/nicolaspc/anaconda3/envs/mlops_env/lib/python3.12/site-packages/airflow/example_dags/example_branch_day_of_week_operator.py took 0.064 seconds
[2024-07-07T23:48:36.834+0500] {processor.py:161} INFO - Started process (PID=23021) to work on /home/nicolaspc/anaconda3/envs/mlops_env/lib/python3.12/site-packages/airflow/example_dags/example_branch_day_of_week_operator.py
[2024-07-07T23:48:36.835+0500] {processor.py:830} INFO - Processing file /home/nicolaspc/anaconda3/envs/mlops_env/lib/python3.12/site-packages/airflow/example_dags/example_branch_day_of_week_operator.py for tasks to queue
[2024-07-07T23:48:36.836+0500] {logging_mixin.py:188} INFO - [2024-07-07T23:48:36.836+0500] {dagbag.py:545} INFO - Filling up the DagBag from /home/nicolaspc/anaconda3/envs/mlops_env/lib/python3.12/site-packages/airflow/example_dags/example_branch_day_of_week_operator.py
[2024-07-07T23:48:36.841+0500] {processor.py:840} INFO - DAG(s) 'example_weekday_branch_operator' retrieved from /home/nicolaspc/anaconda3/envs/mlops_env/lib/python3.12/site-packages/airflow/example_dags/example_branch_day_of_week_operator.py
[2024-07-07T23:48:36.862+0500] {logging_mixin.py:188} INFO - [2024-07-07T23:48:36.862+0500] {dag.py:3096} INFO - Sync 1 DAGs
[2024-07-07T23:48:36.878+0500] {logging_mixin.py:188} INFO - [2024-07-07T23:48:36.878+0500] {dag.py:3954} INFO - Setting next_dagrun for example_weekday_branch_operator to 2024-07-06 00:00:00+00:00, run_after=2024-07-07 00:00:00+00:00
[2024-07-07T23:48:36.893+0500] {processor.py:183} INFO - Processing /home/nicolaspc/anaconda3/envs/mlops_env/lib/python3.12/site-packages/airflow/example_dags/example_branch_day_of_week_operator.py took 0.065 seconds
[2024-07-07T23:49:08.721+0500] {processor.py:161} INFO - Started process (PID=23567) to work on /home/nicolaspc/anaconda3/envs/mlops_env/lib/python3.12/site-packages/airflow/example_dags/example_branch_day_of_week_operator.py
[2024-07-07T23:49:08.722+0500] {processor.py:830} INFO - Processing file /home/nicolaspc/anaconda3/envs/mlops_env/lib/python3.12/site-packages/airflow/example_dags/example_branch_day_of_week_operator.py for tasks to queue
[2024-07-07T23:49:08.722+0500] {logging_mixin.py:188} INFO - [2024-07-07T23:49:08.722+0500] {dagbag.py:545} INFO - Filling up the DagBag from /home/nicolaspc/anaconda3/envs/mlops_env/lib/python3.12/site-packages/airflow/example_dags/example_branch_day_of_week_operator.py
[2024-07-07T23:49:08.727+0500] {processor.py:840} INFO - DAG(s) 'example_weekday_branch_operator' retrieved from /home/nicolaspc/anaconda3/envs/mlops_env/lib/python3.12/site-packages/airflow/example_dags/example_branch_day_of_week_operator.py
[2024-07-07T23:49:08.803+0500] {logging_mixin.py:188} INFO - [2024-07-07T23:49:08.803+0500] {dag.py:3096} INFO - Sync 1 DAGs
[2024-07-07T23:49:08.819+0500] {logging_mixin.py:188} INFO - [2024-07-07T23:49:08.819+0500] {dag.py:3954} INFO - Setting next_dagrun for example_weekday_branch_operator to 2024-07-06 00:00:00+00:00, run_after=2024-07-07 00:00:00+00:00
[2024-07-07T23:49:08.834+0500] {processor.py:183} INFO - Processing /home/nicolaspc/anaconda3/envs/mlops_env/lib/python3.12/site-packages/airflow/example_dags/example_branch_day_of_week_operator.py took 0.119 seconds
[2024-07-07T23:49:39.703+0500] {processor.py:161} INFO - Started process (PID=23924) to work on /home/nicolaspc/anaconda3/envs/mlops_env/lib/python3.12/site-packages/airflow/example_dags/example_branch_day_of_week_operator.py
[2024-07-07T23:49:39.703+0500] {processor.py:830} INFO - Processing file /home/nicolaspc/anaconda3/envs/mlops_env/lib/python3.12/site-packages/airflow/example_dags/example_branch_day_of_week_operator.py for tasks to queue
[2024-07-07T23:49:39.704+0500] {logging_mixin.py:188} INFO - [2024-07-07T23:49:39.704+0500] {dagbag.py:545} INFO - Filling up the DagBag from /home/nicolaspc/anaconda3/envs/mlops_env/lib/python3.12/site-packages/airflow/example_dags/example_branch_day_of_week_operator.py
[2024-07-07T23:49:39.708+0500] {processor.py:840} INFO - DAG(s) 'example_weekday_branch_operator' retrieved from /home/nicolaspc/anaconda3/envs/mlops_env/lib/python3.12/site-packages/airflow/example_dags/example_branch_day_of_week_operator.py
[2024-07-07T23:49:39.729+0500] {logging_mixin.py:188} INFO - [2024-07-07T23:49:39.729+0500] {dag.py:3096} INFO - Sync 1 DAGs
[2024-07-07T23:49:39.744+0500] {logging_mixin.py:188} INFO - [2024-07-07T23:49:39.744+0500] {dag.py:3954} INFO - Setting next_dagrun for example_weekday_branch_operator to 2024-07-06 00:00:00+00:00, run_after=2024-07-07 00:00:00+00:00
[2024-07-07T23:49:39.760+0500] {processor.py:183} INFO - Processing /home/nicolaspc/anaconda3/envs/mlops_env/lib/python3.12/site-packages/airflow/example_dags/example_branch_day_of_week_operator.py took 0.063 seconds
