[2024-07-07T23:35:20.522+0500] {processor.py:161} INFO - Started process (PID=13573) to work on /home/nicolaspc/anaconda3/envs/mlops_env/lib/python3.12/site-packages/airflow/example_dags/example_bash_decorator.py
[2024-07-07T23:35:20.522+0500] {processor.py:830} INFO - Processing file /home/nicolaspc/anaconda3/envs/mlops_env/lib/python3.12/site-packages/airflow/example_dags/example_bash_decorator.py for tasks to queue
[2024-07-07T23:35:20.523+0500] {logging_mixin.py:188} INFO - [2024-07-07T23:35:20.522+0500] {dagbag.py:545} INFO - Filling up the DagBag from /home/nicolaspc/anaconda3/envs/mlops_env/lib/python3.12/site-packages/airflow/example_dags/example_bash_decorator.py
[2024-07-07T23:35:20.531+0500] {processor.py:840} INFO - DAG(s) 'example_bash_decorator' retrieved from /home/nicolaspc/anaconda3/envs/mlops_env/lib/python3.12/site-packages/airflow/example_dags/example_bash_decorator.py
[2024-07-07T23:35:20.552+0500] {logging_mixin.py:188} INFO - [2024-07-07T23:35:20.552+0500] {dag.py:3096} INFO - Sync 1 DAGs
[2024-07-07T23:35:20.561+0500] {logging_mixin.py:188} INFO - [2024-07-07T23:35:20.561+0500] {dag.py:3954} INFO - Setting next_dagrun for example_bash_decorator to None, run_after=None
[2024-07-07T23:35:20.576+0500] {processor.py:183} INFO - Processing /home/nicolaspc/anaconda3/envs/mlops_env/lib/python3.12/site-packages/airflow/example_dags/example_bash_decorator.py took 0.060 seconds
[2024-07-07T23:35:51.246+0500] {processor.py:161} INFO - Started process (PID=13922) to work on /home/nicolaspc/anaconda3/envs/mlops_env/lib/python3.12/site-packages/airflow/example_dags/example_bash_decorator.py
[2024-07-07T23:35:51.247+0500] {processor.py:830} INFO - Processing file /home/nicolaspc/anaconda3/envs/mlops_env/lib/python3.12/site-packages/airflow/example_dags/example_bash_decorator.py for tasks to queue
[2024-07-07T23:35:51.248+0500] {logging_mixin.py:188} INFO - [2024-07-07T23:35:51.248+0500] {dagbag.py:545} INFO - Filling up the DagBag from /home/nicolaspc/anaconda3/envs/mlops_env/lib/python3.12/site-packages/airflow/example_dags/example_bash_decorator.py
[2024-07-07T23:35:51.257+0500] {processor.py:840} INFO - DAG(s) 'example_bash_decorator' retrieved from /home/nicolaspc/anaconda3/envs/mlops_env/lib/python3.12/site-packages/airflow/example_dags/example_bash_decorator.py
[2024-07-07T23:35:51.278+0500] {logging_mixin.py:188} INFO - [2024-07-07T23:35:51.278+0500] {dag.py:3096} INFO - Sync 1 DAGs
[2024-07-07T23:35:51.288+0500] {logging_mixin.py:188} INFO - [2024-07-07T23:35:51.288+0500] {dag.py:3954} INFO - Setting next_dagrun for example_bash_decorator to None, run_after=None
[2024-07-07T23:35:51.304+0500] {processor.py:183} INFO - Processing /home/nicolaspc/anaconda3/envs/mlops_env/lib/python3.12/site-packages/airflow/example_dags/example_bash_decorator.py took 0.063 seconds
[2024-07-07T23:36:21.946+0500] {processor.py:161} INFO - Started process (PID=14339) to work on /home/nicolaspc/anaconda3/envs/mlops_env/lib/python3.12/site-packages/airflow/example_dags/example_bash_decorator.py
[2024-07-07T23:36:21.947+0500] {processor.py:830} INFO - Processing file /home/nicolaspc/anaconda3/envs/mlops_env/lib/python3.12/site-packages/airflow/example_dags/example_bash_decorator.py for tasks to queue
[2024-07-07T23:36:21.947+0500] {logging_mixin.py:188} INFO - [2024-07-07T23:36:21.947+0500] {dagbag.py:545} INFO - Filling up the DagBag from /home/nicolaspc/anaconda3/envs/mlops_env/lib/python3.12/site-packages/airflow/example_dags/example_bash_decorator.py
[2024-07-07T23:36:21.955+0500] {processor.py:840} INFO - DAG(s) 'example_bash_decorator' retrieved from /home/nicolaspc/anaconda3/envs/mlops_env/lib/python3.12/site-packages/airflow/example_dags/example_bash_decorator.py
[2024-07-07T23:36:21.977+0500] {logging_mixin.py:188} INFO - [2024-07-07T23:36:21.977+0500] {dag.py:3096} INFO - Sync 1 DAGs
[2024-07-07T23:36:21.986+0500] {logging_mixin.py:188} INFO - [2024-07-07T23:36:21.985+0500] {dag.py:3954} INFO - Setting next_dagrun for example_bash_decorator to None, run_after=None
[2024-07-07T23:36:22.002+0500] {processor.py:183} INFO - Processing /home/nicolaspc/anaconda3/envs/mlops_env/lib/python3.12/site-packages/airflow/example_dags/example_bash_decorator.py took 0.062 seconds
[2024-07-07T23:36:52.443+0500] {processor.py:161} INFO - Started process (PID=14731) to work on /home/nicolaspc/anaconda3/envs/mlops_env/lib/python3.12/site-packages/airflow/example_dags/example_bash_decorator.py
[2024-07-07T23:36:52.444+0500] {processor.py:830} INFO - Processing file /home/nicolaspc/anaconda3/envs/mlops_env/lib/python3.12/site-packages/airflow/example_dags/example_bash_decorator.py for tasks to queue
[2024-07-07T23:36:52.444+0500] {logging_mixin.py:188} INFO - [2024-07-07T23:36:52.444+0500] {dagbag.py:545} INFO - Filling up the DagBag from /home/nicolaspc/anaconda3/envs/mlops_env/lib/python3.12/site-packages/airflow/example_dags/example_bash_decorator.py
[2024-07-07T23:36:52.452+0500] {processor.py:840} INFO - DAG(s) 'example_bash_decorator' retrieved from /home/nicolaspc/anaconda3/envs/mlops_env/lib/python3.12/site-packages/airflow/example_dags/example_bash_decorator.py
[2024-07-07T23:36:52.474+0500] {logging_mixin.py:188} INFO - [2024-07-07T23:36:52.473+0500] {dag.py:3096} INFO - Sync 1 DAGs
[2024-07-07T23:36:52.482+0500] {logging_mixin.py:188} INFO - [2024-07-07T23:36:52.482+0500] {dag.py:3954} INFO - Setting next_dagrun for example_bash_decorator to None, run_after=None
[2024-07-07T23:36:52.496+0500] {processor.py:183} INFO - Processing /home/nicolaspc/anaconda3/envs/mlops_env/lib/python3.12/site-packages/airflow/example_dags/example_bash_decorator.py took 0.059 seconds
[2024-07-07T23:36:58.591+0500] {processor.py:161} INFO - Started process (PID=14745) to work on /home/nicolaspc/anaconda3/envs/mlops_env/lib/python3.12/site-packages/airflow/example_dags/example_bash_decorator.py
[2024-07-07T23:36:58.599+0500] {processor.py:830} INFO - Processing file /home/nicolaspc/anaconda3/envs/mlops_env/lib/python3.12/site-packages/airflow/example_dags/example_bash_decorator.py for tasks to queue
[2024-07-07T23:36:58.601+0500] {logging_mixin.py:188} INFO - [2024-07-07T23:36:58.601+0500] {dagbag.py:545} INFO - Filling up the DagBag from /home/nicolaspc/anaconda3/envs/mlops_env/lib/python3.12/site-packages/airflow/example_dags/example_bash_decorator.py
[2024-07-07T23:36:58.609+0500] {processor.py:840} INFO - DAG(s) 'example_bash_decorator' retrieved from /home/nicolaspc/anaconda3/envs/mlops_env/lib/python3.12/site-packages/airflow/example_dags/example_bash_decorator.py
[2024-07-07T23:36:58.696+0500] {logging_mixin.py:188} INFO - [2024-07-07T23:36:58.695+0500] {override.py:1829} INFO - Created Permission View: can delete on DAG:example_bash_decorator
[2024-07-07T23:36:58.710+0500] {logging_mixin.py:188} INFO - [2024-07-07T23:36:58.709+0500] {override.py:1829} INFO - Created Permission View: can edit on DAG:example_bash_decorator
[2024-07-07T23:36:58.722+0500] {logging_mixin.py:188} INFO - [2024-07-07T23:36:58.722+0500] {override.py:1829} INFO - Created Permission View: can read on DAG:example_bash_decorator
[2024-07-07T23:36:58.722+0500] {logging_mixin.py:188} INFO - [2024-07-07T23:36:58.722+0500] {dag.py:3096} INFO - Sync 1 DAGs
[2024-07-07T23:36:58.728+0500] {logging_mixin.py:188} INFO - [2024-07-07T23:36:58.728+0500] {dag.py:3118} INFO - Creating ORM DAG for example_bash_decorator
[2024-07-07T23:36:58.729+0500] {logging_mixin.py:188} INFO - [2024-07-07T23:36:58.728+0500] {dag.py:3954} INFO - Setting next_dagrun for example_bash_decorator to None, run_after=None
[2024-07-07T23:36:58.750+0500] {processor.py:183} INFO - Processing /home/nicolaspc/anaconda3/envs/mlops_env/lib/python3.12/site-packages/airflow/example_dags/example_bash_decorator.py took 0.163 seconds
[2024-07-07T23:37:22.878+0500] {processor.py:161} INFO - Started process (PID=15089) to work on /home/nicolaspc/anaconda3/envs/mlops_env/lib/python3.12/site-packages/airflow/example_dags/example_bash_decorator.py
[2024-07-07T23:37:22.878+0500] {processor.py:830} INFO - Processing file /home/nicolaspc/anaconda3/envs/mlops_env/lib/python3.12/site-packages/airflow/example_dags/example_bash_decorator.py for tasks to queue
[2024-07-07T23:37:22.879+0500] {logging_mixin.py:188} INFO - [2024-07-07T23:37:22.879+0500] {dagbag.py:545} INFO - Filling up the DagBag from /home/nicolaspc/anaconda3/envs/mlops_env/lib/python3.12/site-packages/airflow/example_dags/example_bash_decorator.py
[2024-07-07T23:37:22.887+0500] {processor.py:840} INFO - DAG(s) 'example_bash_decorator' retrieved from /home/nicolaspc/anaconda3/envs/mlops_env/lib/python3.12/site-packages/airflow/example_dags/example_bash_decorator.py
[2024-07-07T23:37:22.908+0500] {logging_mixin.py:188} INFO - [2024-07-07T23:37:22.908+0500] {dag.py:3096} INFO - Sync 1 DAGs
[2024-07-07T23:37:22.917+0500] {logging_mixin.py:188} INFO - [2024-07-07T23:37:22.917+0500] {dag.py:3954} INFO - Setting next_dagrun for example_bash_decorator to None, run_after=None
[2024-07-07T23:37:22.933+0500] {processor.py:183} INFO - Processing /home/nicolaspc/anaconda3/envs/mlops_env/lib/python3.12/site-packages/airflow/example_dags/example_bash_decorator.py took 0.061 seconds
[2024-07-07T23:37:53.397+0500] {processor.py:161} INFO - Started process (PID=15473) to work on /home/nicolaspc/anaconda3/envs/mlops_env/lib/python3.12/site-packages/airflow/example_dags/example_bash_decorator.py
[2024-07-07T23:37:53.398+0500] {processor.py:830} INFO - Processing file /home/nicolaspc/anaconda3/envs/mlops_env/lib/python3.12/site-packages/airflow/example_dags/example_bash_decorator.py for tasks to queue
[2024-07-07T23:37:53.398+0500] {logging_mixin.py:188} INFO - [2024-07-07T23:37:53.398+0500] {dagbag.py:545} INFO - Filling up the DagBag from /home/nicolaspc/anaconda3/envs/mlops_env/lib/python3.12/site-packages/airflow/example_dags/example_bash_decorator.py
[2024-07-07T23:37:53.406+0500] {processor.py:840} INFO - DAG(s) 'example_bash_decorator' retrieved from /home/nicolaspc/anaconda3/envs/mlops_env/lib/python3.12/site-packages/airflow/example_dags/example_bash_decorator.py
[2024-07-07T23:37:53.429+0500] {logging_mixin.py:188} INFO - [2024-07-07T23:37:53.428+0500] {dag.py:3096} INFO - Sync 1 DAGs
[2024-07-07T23:37:53.438+0500] {logging_mixin.py:188} INFO - [2024-07-07T23:37:53.438+0500] {dag.py:3954} INFO - Setting next_dagrun for example_bash_decorator to None, run_after=None
[2024-07-07T23:37:53.454+0500] {processor.py:183} INFO - Processing /home/nicolaspc/anaconda3/envs/mlops_env/lib/python3.12/site-packages/airflow/example_dags/example_bash_decorator.py took 0.063 seconds
[2024-07-07T23:37:59.123+0500] {processor.py:161} INFO - Started process (PID=15494) to work on /home/nicolaspc/anaconda3/envs/mlops_env/lib/python3.12/site-packages/airflow/example_dags/example_bash_decorator.py
[2024-07-07T23:37:59.132+0500] {processor.py:830} INFO - Processing file /home/nicolaspc/anaconda3/envs/mlops_env/lib/python3.12/site-packages/airflow/example_dags/example_bash_decorator.py for tasks to queue
[2024-07-07T23:37:59.134+0500] {logging_mixin.py:188} INFO - [2024-07-07T23:37:59.134+0500] {dagbag.py:545} INFO - Filling up the DagBag from /home/nicolaspc/anaconda3/envs/mlops_env/lib/python3.12/site-packages/airflow/example_dags/example_bash_decorator.py
[2024-07-07T23:37:59.142+0500] {processor.py:840} INFO - DAG(s) 'example_bash_decorator' retrieved from /home/nicolaspc/anaconda3/envs/mlops_env/lib/python3.12/site-packages/airflow/example_dags/example_bash_decorator.py
[2024-07-07T23:37:59.154+0500] {logging_mixin.py:188} INFO - [2024-07-07T23:37:59.153+0500] {dag.py:3096} INFO - Sync 1 DAGs
[2024-07-07T23:37:59.160+0500] {logging_mixin.py:188} INFO - [2024-07-07T23:37:59.160+0500] {dag.py:3954} INFO - Setting next_dagrun for example_bash_decorator to None, run_after=None
[2024-07-07T23:37:59.180+0500] {processor.py:183} INFO - Processing /home/nicolaspc/anaconda3/envs/mlops_env/lib/python3.12/site-packages/airflow/example_dags/example_bash_decorator.py took 0.060 seconds
[2024-07-07T23:38:24.179+0500] {processor.py:161} INFO - Started process (PID=15894) to work on /home/nicolaspc/anaconda3/envs/mlops_env/lib/python3.12/site-packages/airflow/example_dags/example_bash_decorator.py
[2024-07-07T23:38:24.179+0500] {processor.py:830} INFO - Processing file /home/nicolaspc/anaconda3/envs/mlops_env/lib/python3.12/site-packages/airflow/example_dags/example_bash_decorator.py for tasks to queue
[2024-07-07T23:38:24.180+0500] {logging_mixin.py:188} INFO - [2024-07-07T23:38:24.180+0500] {dagbag.py:545} INFO - Filling up the DagBag from /home/nicolaspc/anaconda3/envs/mlops_env/lib/python3.12/site-packages/airflow/example_dags/example_bash_decorator.py
[2024-07-07T23:38:24.189+0500] {processor.py:840} INFO - DAG(s) 'example_bash_decorator' retrieved from /home/nicolaspc/anaconda3/envs/mlops_env/lib/python3.12/site-packages/airflow/example_dags/example_bash_decorator.py
[2024-07-07T23:38:24.212+0500] {logging_mixin.py:188} INFO - [2024-07-07T23:38:24.212+0500] {dag.py:3096} INFO - Sync 1 DAGs
[2024-07-07T23:38:24.222+0500] {logging_mixin.py:188} INFO - [2024-07-07T23:38:24.221+0500] {dag.py:3954} INFO - Setting next_dagrun for example_bash_decorator to None, run_after=None
[2024-07-07T23:38:24.239+0500] {processor.py:183} INFO - Processing /home/nicolaspc/anaconda3/envs/mlops_env/lib/python3.12/site-packages/airflow/example_dags/example_bash_decorator.py took 0.067 seconds
[2024-07-07T23:38:54.902+0500] {processor.py:161} INFO - Started process (PID=16249) to work on /home/nicolaspc/anaconda3/envs/mlops_env/lib/python3.12/site-packages/airflow/example_dags/example_bash_decorator.py
[2024-07-07T23:38:54.903+0500] {processor.py:830} INFO - Processing file /home/nicolaspc/anaconda3/envs/mlops_env/lib/python3.12/site-packages/airflow/example_dags/example_bash_decorator.py for tasks to queue
[2024-07-07T23:38:54.903+0500] {logging_mixin.py:188} INFO - [2024-07-07T23:38:54.903+0500] {dagbag.py:545} INFO - Filling up the DagBag from /home/nicolaspc/anaconda3/envs/mlops_env/lib/python3.12/site-packages/airflow/example_dags/example_bash_decorator.py
[2024-07-07T23:38:54.911+0500] {processor.py:840} INFO - DAG(s) 'example_bash_decorator' retrieved from /home/nicolaspc/anaconda3/envs/mlops_env/lib/python3.12/site-packages/airflow/example_dags/example_bash_decorator.py
[2024-07-07T23:38:54.934+0500] {logging_mixin.py:188} INFO - [2024-07-07T23:38:54.934+0500] {dag.py:3096} INFO - Sync 1 DAGs
[2024-07-07T23:38:54.943+0500] {logging_mixin.py:188} INFO - [2024-07-07T23:38:54.943+0500] {dag.py:3954} INFO - Setting next_dagrun for example_bash_decorator to None, run_after=None
[2024-07-07T23:38:54.959+0500] {processor.py:183} INFO - Processing /home/nicolaspc/anaconda3/envs/mlops_env/lib/python3.12/site-packages/airflow/example_dags/example_bash_decorator.py took 0.063 seconds
[2024-07-07T23:38:57.320+0500] {processor.py:161} INFO - Started process (PID=16260) to work on /home/nicolaspc/anaconda3/envs/mlops_env/lib/python3.12/site-packages/airflow/example_dags/example_bash_decorator.py
[2024-07-07T23:38:57.329+0500] {processor.py:830} INFO - Processing file /home/nicolaspc/anaconda3/envs/mlops_env/lib/python3.12/site-packages/airflow/example_dags/example_bash_decorator.py for tasks to queue
[2024-07-07T23:38:57.330+0500] {logging_mixin.py:188} INFO - [2024-07-07T23:38:57.330+0500] {dagbag.py:545} INFO - Filling up the DagBag from /home/nicolaspc/anaconda3/envs/mlops_env/lib/python3.12/site-packages/airflow/example_dags/example_bash_decorator.py
[2024-07-07T23:38:57.339+0500] {processor.py:840} INFO - DAG(s) 'example_bash_decorator' retrieved from /home/nicolaspc/anaconda3/envs/mlops_env/lib/python3.12/site-packages/airflow/example_dags/example_bash_decorator.py
[2024-07-07T23:38:57.351+0500] {logging_mixin.py:188} INFO - [2024-07-07T23:38:57.351+0500] {dag.py:3096} INFO - Sync 1 DAGs
[2024-07-07T23:38:57.358+0500] {logging_mixin.py:188} INFO - [2024-07-07T23:38:57.358+0500] {dag.py:3954} INFO - Setting next_dagrun for example_bash_decorator to None, run_after=None
[2024-07-07T23:38:57.379+0500] {processor.py:183} INFO - Processing /home/nicolaspc/anaconda3/envs/mlops_env/lib/python3.12/site-packages/airflow/example_dags/example_bash_decorator.py took 0.062 seconds
[2024-07-07T23:39:25.411+0500] {processor.py:161} INFO - Started process (PID=16647) to work on /home/nicolaspc/anaconda3/envs/mlops_env/lib/python3.12/site-packages/airflow/example_dags/example_bash_decorator.py
[2024-07-07T23:39:25.412+0500] {processor.py:830} INFO - Processing file /home/nicolaspc/anaconda3/envs/mlops_env/lib/python3.12/site-packages/airflow/example_dags/example_bash_decorator.py for tasks to queue
[2024-07-07T23:39:25.412+0500] {logging_mixin.py:188} INFO - [2024-07-07T23:39:25.412+0500] {dagbag.py:545} INFO - Filling up the DagBag from /home/nicolaspc/anaconda3/envs/mlops_env/lib/python3.12/site-packages/airflow/example_dags/example_bash_decorator.py
[2024-07-07T23:39:25.420+0500] {processor.py:840} INFO - DAG(s) 'example_bash_decorator' retrieved from /home/nicolaspc/anaconda3/envs/mlops_env/lib/python3.12/site-packages/airflow/example_dags/example_bash_decorator.py
[2024-07-07T23:39:25.441+0500] {logging_mixin.py:188} INFO - [2024-07-07T23:39:25.440+0500] {dag.py:3096} INFO - Sync 1 DAGs
[2024-07-07T23:39:25.449+0500] {logging_mixin.py:188} INFO - [2024-07-07T23:39:25.449+0500] {dag.py:3954} INFO - Setting next_dagrun for example_bash_decorator to None, run_after=None
[2024-07-07T23:39:25.464+0500] {processor.py:183} INFO - Processing /home/nicolaspc/anaconda3/envs/mlops_env/lib/python3.12/site-packages/airflow/example_dags/example_bash_decorator.py took 0.058 seconds
[2024-07-07T23:39:55.997+0500] {processor.py:161} INFO - Started process (PID=17003) to work on /home/nicolaspc/anaconda3/envs/mlops_env/lib/python3.12/site-packages/airflow/example_dags/example_bash_decorator.py
[2024-07-07T23:39:55.998+0500] {processor.py:830} INFO - Processing file /home/nicolaspc/anaconda3/envs/mlops_env/lib/python3.12/site-packages/airflow/example_dags/example_bash_decorator.py for tasks to queue
[2024-07-07T23:39:55.998+0500] {logging_mixin.py:188} INFO - [2024-07-07T23:39:55.998+0500] {dagbag.py:545} INFO - Filling up the DagBag from /home/nicolaspc/anaconda3/envs/mlops_env/lib/python3.12/site-packages/airflow/example_dags/example_bash_decorator.py
[2024-07-07T23:39:56.007+0500] {processor.py:840} INFO - DAG(s) 'example_bash_decorator' retrieved from /home/nicolaspc/anaconda3/envs/mlops_env/lib/python3.12/site-packages/airflow/example_dags/example_bash_decorator.py
[2024-07-07T23:39:56.028+0500] {logging_mixin.py:188} INFO - [2024-07-07T23:39:56.028+0500] {dag.py:3096} INFO - Sync 1 DAGs
[2024-07-07T23:39:56.037+0500] {logging_mixin.py:188} INFO - [2024-07-07T23:39:56.037+0500] {dag.py:3954} INFO - Setting next_dagrun for example_bash_decorator to None, run_after=None
[2024-07-07T23:39:56.053+0500] {processor.py:183} INFO - Processing /home/nicolaspc/anaconda3/envs/mlops_env/lib/python3.12/site-packages/airflow/example_dags/example_bash_decorator.py took 0.061 seconds
[2024-07-07T23:39:59.148+0500] {processor.py:161} INFO - Started process (PID=17014) to work on /home/nicolaspc/anaconda3/envs/mlops_env/lib/python3.12/site-packages/airflow/example_dags/example_bash_decorator.py
[2024-07-07T23:39:59.156+0500] {processor.py:830} INFO - Processing file /home/nicolaspc/anaconda3/envs/mlops_env/lib/python3.12/site-packages/airflow/example_dags/example_bash_decorator.py for tasks to queue
[2024-07-07T23:39:59.158+0500] {logging_mixin.py:188} INFO - [2024-07-07T23:39:59.158+0500] {dagbag.py:545} INFO - Filling up the DagBag from /home/nicolaspc/anaconda3/envs/mlops_env/lib/python3.12/site-packages/airflow/example_dags/example_bash_decorator.py
[2024-07-07T23:39:59.166+0500] {processor.py:840} INFO - DAG(s) 'example_bash_decorator' retrieved from /home/nicolaspc/anaconda3/envs/mlops_env/lib/python3.12/site-packages/airflow/example_dags/example_bash_decorator.py
[2024-07-07T23:39:59.179+0500] {logging_mixin.py:188} INFO - [2024-07-07T23:39:59.178+0500] {dag.py:3096} INFO - Sync 1 DAGs
[2024-07-07T23:39:59.186+0500] {logging_mixin.py:188} INFO - [2024-07-07T23:39:59.186+0500] {dag.py:3954} INFO - Setting next_dagrun for example_bash_decorator to None, run_after=None
[2024-07-07T23:39:59.206+0500] {processor.py:183} INFO - Processing /home/nicolaspc/anaconda3/envs/mlops_env/lib/python3.12/site-packages/airflow/example_dags/example_bash_decorator.py took 0.062 seconds
[2024-07-07T23:40:26.755+0500] {processor.py:161} INFO - Started process (PID=17432) to work on /home/nicolaspc/anaconda3/envs/mlops_env/lib/python3.12/site-packages/airflow/example_dags/example_bash_decorator.py
[2024-07-07T23:40:26.756+0500] {processor.py:830} INFO - Processing file /home/nicolaspc/anaconda3/envs/mlops_env/lib/python3.12/site-packages/airflow/example_dags/example_bash_decorator.py for tasks to queue
[2024-07-07T23:40:26.756+0500] {logging_mixin.py:188} INFO - [2024-07-07T23:40:26.756+0500] {dagbag.py:545} INFO - Filling up the DagBag from /home/nicolaspc/anaconda3/envs/mlops_env/lib/python3.12/site-packages/airflow/example_dags/example_bash_decorator.py
[2024-07-07T23:40:26.766+0500] {processor.py:840} INFO - DAG(s) 'example_bash_decorator' retrieved from /home/nicolaspc/anaconda3/envs/mlops_env/lib/python3.12/site-packages/airflow/example_dags/example_bash_decorator.py
[2024-07-07T23:40:26.790+0500] {logging_mixin.py:188} INFO - [2024-07-07T23:40:26.790+0500] {dag.py:3096} INFO - Sync 1 DAGs
[2024-07-07T23:40:26.801+0500] {logging_mixin.py:188} INFO - [2024-07-07T23:40:26.801+0500] {dag.py:3954} INFO - Setting next_dagrun for example_bash_decorator to None, run_after=None
[2024-07-07T23:40:26.818+0500] {processor.py:183} INFO - Processing /home/nicolaspc/anaconda3/envs/mlops_env/lib/python3.12/site-packages/airflow/example_dags/example_bash_decorator.py took 0.069 seconds
[2024-07-07T23:40:57.563+0500] {processor.py:161} INFO - Started process (PID=17800) to work on /home/nicolaspc/anaconda3/envs/mlops_env/lib/python3.12/site-packages/airflow/example_dags/example_bash_decorator.py
[2024-07-07T23:40:57.563+0500] {processor.py:830} INFO - Processing file /home/nicolaspc/anaconda3/envs/mlops_env/lib/python3.12/site-packages/airflow/example_dags/example_bash_decorator.py for tasks to queue
[2024-07-07T23:40:57.564+0500] {logging_mixin.py:188} INFO - [2024-07-07T23:40:57.564+0500] {dagbag.py:545} INFO - Filling up the DagBag from /home/nicolaspc/anaconda3/envs/mlops_env/lib/python3.12/site-packages/airflow/example_dags/example_bash_decorator.py
[2024-07-07T23:40:57.572+0500] {processor.py:840} INFO - DAG(s) 'example_bash_decorator' retrieved from /home/nicolaspc/anaconda3/envs/mlops_env/lib/python3.12/site-packages/airflow/example_dags/example_bash_decorator.py
[2024-07-07T23:40:57.598+0500] {logging_mixin.py:188} INFO - [2024-07-07T23:40:57.598+0500] {dag.py:3096} INFO - Sync 1 DAGs
[2024-07-07T23:40:57.609+0500] {logging_mixin.py:188} INFO - [2024-07-07T23:40:57.609+0500] {dag.py:3954} INFO - Setting next_dagrun for example_bash_decorator to None, run_after=None
[2024-07-07T23:40:57.636+0500] {processor.py:183} INFO - Processing /home/nicolaspc/anaconda3/envs/mlops_env/lib/python3.12/site-packages/airflow/example_dags/example_bash_decorator.py took 0.080 seconds
[2024-07-07T23:40:59.042+0500] {processor.py:161} INFO - Started process (PID=17812) to work on /home/nicolaspc/anaconda3/envs/mlops_env/lib/python3.12/site-packages/airflow/example_dags/example_bash_decorator.py
[2024-07-07T23:40:59.043+0500] {processor.py:830} INFO - Processing file /home/nicolaspc/anaconda3/envs/mlops_env/lib/python3.12/site-packages/airflow/example_dags/example_bash_decorator.py for tasks to queue
[2024-07-07T23:40:59.044+0500] {logging_mixin.py:188} INFO - [2024-07-07T23:40:59.044+0500] {dagbag.py:545} INFO - Filling up the DagBag from /home/nicolaspc/anaconda3/envs/mlops_env/lib/python3.12/site-packages/airflow/example_dags/example_bash_decorator.py
[2024-07-07T23:40:59.054+0500] {processor.py:840} INFO - DAG(s) 'example_bash_decorator' retrieved from /home/nicolaspc/anaconda3/envs/mlops_env/lib/python3.12/site-packages/airflow/example_dags/example_bash_decorator.py
[2024-07-07T23:40:59.066+0500] {logging_mixin.py:188} INFO - [2024-07-07T23:40:59.066+0500] {dag.py:3096} INFO - Sync 1 DAGs
[2024-07-07T23:40:59.073+0500] {logging_mixin.py:188} INFO - [2024-07-07T23:40:59.073+0500] {dag.py:3954} INFO - Setting next_dagrun for example_bash_decorator to None, run_after=None
[2024-07-07T23:40:59.097+0500] {processor.py:183} INFO - Processing /home/nicolaspc/anaconda3/envs/mlops_env/lib/python3.12/site-packages/airflow/example_dags/example_bash_decorator.py took 0.058 seconds
[2024-07-07T23:41:28.539+0500] {processor.py:161} INFO - Started process (PID=18216) to work on /home/nicolaspc/anaconda3/envs/mlops_env/lib/python3.12/site-packages/airflow/example_dags/example_bash_decorator.py
[2024-07-07T23:41:28.541+0500] {processor.py:830} INFO - Processing file /home/nicolaspc/anaconda3/envs/mlops_env/lib/python3.12/site-packages/airflow/example_dags/example_bash_decorator.py for tasks to queue
[2024-07-07T23:41:28.541+0500] {logging_mixin.py:188} INFO - [2024-07-07T23:41:28.541+0500] {dagbag.py:545} INFO - Filling up the DagBag from /home/nicolaspc/anaconda3/envs/mlops_env/lib/python3.12/site-packages/airflow/example_dags/example_bash_decorator.py
[2024-07-07T23:41:28.551+0500] {processor.py:840} INFO - DAG(s) 'example_bash_decorator' retrieved from /home/nicolaspc/anaconda3/envs/mlops_env/lib/python3.12/site-packages/airflow/example_dags/example_bash_decorator.py
[2024-07-07T23:41:28.575+0500] {logging_mixin.py:188} INFO - [2024-07-07T23:41:28.575+0500] {dag.py:3096} INFO - Sync 1 DAGs
[2024-07-07T23:41:28.584+0500] {logging_mixin.py:188} INFO - [2024-07-07T23:41:28.584+0500] {dag.py:3954} INFO - Setting next_dagrun for example_bash_decorator to None, run_after=None
[2024-07-07T23:41:28.603+0500] {processor.py:183} INFO - Processing /home/nicolaspc/anaconda3/envs/mlops_env/lib/python3.12/site-packages/airflow/example_dags/example_bash_decorator.py took 0.070 seconds
[2024-07-07T23:41:59.388+0500] {processor.py:161} INFO - Started process (PID=18573) to work on /home/nicolaspc/anaconda3/envs/mlops_env/lib/python3.12/site-packages/airflow/example_dags/example_bash_decorator.py
[2024-07-07T23:41:59.389+0500] {processor.py:830} INFO - Processing file /home/nicolaspc/anaconda3/envs/mlops_env/lib/python3.12/site-packages/airflow/example_dags/example_bash_decorator.py for tasks to queue
[2024-07-07T23:41:59.390+0500] {logging_mixin.py:188} INFO - [2024-07-07T23:41:59.390+0500] {dagbag.py:545} INFO - Filling up the DagBag from /home/nicolaspc/anaconda3/envs/mlops_env/lib/python3.12/site-packages/airflow/example_dags/example_bash_decorator.py
[2024-07-07T23:41:59.399+0500] {processor.py:840} INFO - DAG(s) 'example_bash_decorator' retrieved from /home/nicolaspc/anaconda3/envs/mlops_env/lib/python3.12/site-packages/airflow/example_dags/example_bash_decorator.py
[2024-07-07T23:41:59.412+0500] {logging_mixin.py:188} INFO - [2024-07-07T23:41:59.412+0500] {dag.py:3096} INFO - Sync 1 DAGs
[2024-07-07T23:41:59.522+0500] {logging_mixin.py:188} INFO - [2024-07-07T23:41:59.522+0500] {dag.py:3954} INFO - Setting next_dagrun for example_bash_decorator to None, run_after=None
[2024-07-07T23:41:59.543+0500] {processor.py:183} INFO - Processing /home/nicolaspc/anaconda3/envs/mlops_env/lib/python3.12/site-packages/airflow/example_dags/example_bash_decorator.py took 0.159 seconds
[2024-07-07T23:41:59.593+0500] {processor.py:161} INFO - Started process (PID=18593) to work on /home/nicolaspc/anaconda3/envs/mlops_env/lib/python3.12/site-packages/airflow/example_dags/example_bash_decorator.py
[2024-07-07T23:41:59.593+0500] {processor.py:830} INFO - Processing file /home/nicolaspc/anaconda3/envs/mlops_env/lib/python3.12/site-packages/airflow/example_dags/example_bash_decorator.py for tasks to queue
[2024-07-07T23:41:59.594+0500] {logging_mixin.py:188} INFO - [2024-07-07T23:41:59.594+0500] {dagbag.py:545} INFO - Filling up the DagBag from /home/nicolaspc/anaconda3/envs/mlops_env/lib/python3.12/site-packages/airflow/example_dags/example_bash_decorator.py
[2024-07-07T23:41:59.603+0500] {processor.py:840} INFO - DAG(s) 'example_bash_decorator' retrieved from /home/nicolaspc/anaconda3/envs/mlops_env/lib/python3.12/site-packages/airflow/example_dags/example_bash_decorator.py
[2024-07-07T23:41:59.624+0500] {logging_mixin.py:188} INFO - [2024-07-07T23:41:59.624+0500] {dag.py:3096} INFO - Sync 1 DAGs
[2024-07-07T23:41:59.632+0500] {logging_mixin.py:188} INFO - [2024-07-07T23:41:59.632+0500] {dag.py:3954} INFO - Setting next_dagrun for example_bash_decorator to None, run_after=None
[2024-07-07T23:41:59.648+0500] {processor.py:183} INFO - Processing /home/nicolaspc/anaconda3/envs/mlops_env/lib/python3.12/site-packages/airflow/example_dags/example_bash_decorator.py took 0.063 seconds
[2024-07-07T23:42:30.372+0500] {processor.py:161} INFO - Started process (PID=19003) to work on /home/nicolaspc/anaconda3/envs/mlops_env/lib/python3.12/site-packages/airflow/example_dags/example_bash_decorator.py
[2024-07-07T23:42:30.372+0500] {processor.py:830} INFO - Processing file /home/nicolaspc/anaconda3/envs/mlops_env/lib/python3.12/site-packages/airflow/example_dags/example_bash_decorator.py for tasks to queue
[2024-07-07T23:42:30.373+0500] {logging_mixin.py:188} INFO - [2024-07-07T23:42:30.373+0500] {dagbag.py:545} INFO - Filling up the DagBag from /home/nicolaspc/anaconda3/envs/mlops_env/lib/python3.12/site-packages/airflow/example_dags/example_bash_decorator.py
[2024-07-07T23:42:30.381+0500] {processor.py:840} INFO - DAG(s) 'example_bash_decorator' retrieved from /home/nicolaspc/anaconda3/envs/mlops_env/lib/python3.12/site-packages/airflow/example_dags/example_bash_decorator.py
[2024-07-07T23:42:30.401+0500] {logging_mixin.py:188} INFO - [2024-07-07T23:42:30.401+0500] {dag.py:3096} INFO - Sync 1 DAGs
[2024-07-07T23:42:30.410+0500] {logging_mixin.py:188} INFO - [2024-07-07T23:42:30.410+0500] {dag.py:3954} INFO - Setting next_dagrun for example_bash_decorator to None, run_after=None
[2024-07-07T23:42:30.427+0500] {processor.py:183} INFO - Processing /home/nicolaspc/anaconda3/envs/mlops_env/lib/python3.12/site-packages/airflow/example_dags/example_bash_decorator.py took 0.061 seconds
[2024-07-07T23:43:01.032+0500] {processor.py:161} INFO - Started process (PID=19367) to work on /home/nicolaspc/anaconda3/envs/mlops_env/lib/python3.12/site-packages/airflow/example_dags/example_bash_decorator.py
[2024-07-07T23:43:01.033+0500] {processor.py:830} INFO - Processing file /home/nicolaspc/anaconda3/envs/mlops_env/lib/python3.12/site-packages/airflow/example_dags/example_bash_decorator.py for tasks to queue
[2024-07-07T23:43:01.033+0500] {logging_mixin.py:188} INFO - [2024-07-07T23:43:01.033+0500] {dagbag.py:545} INFO - Filling up the DagBag from /home/nicolaspc/anaconda3/envs/mlops_env/lib/python3.12/site-packages/airflow/example_dags/example_bash_decorator.py
[2024-07-07T23:43:01.041+0500] {processor.py:840} INFO - DAG(s) 'example_bash_decorator' retrieved from /home/nicolaspc/anaconda3/envs/mlops_env/lib/python3.12/site-packages/airflow/example_dags/example_bash_decorator.py
[2024-07-07T23:43:01.063+0500] {logging_mixin.py:188} INFO - [2024-07-07T23:43:01.063+0500] {dag.py:3096} INFO - Sync 1 DAGs
[2024-07-07T23:43:01.074+0500] {logging_mixin.py:188} INFO - [2024-07-07T23:43:01.073+0500] {dag.py:3954} INFO - Setting next_dagrun for example_bash_decorator to None, run_after=None
[2024-07-07T23:43:01.090+0500] {processor.py:183} INFO - Processing /home/nicolaspc/anaconda3/envs/mlops_env/lib/python3.12/site-packages/airflow/example_dags/example_bash_decorator.py took 0.064 seconds
[2024-07-07T23:43:31.886+0500] {processor.py:161} INFO - Started process (PID=19690) to work on /home/nicolaspc/anaconda3/envs/mlops_env/lib/python3.12/site-packages/airflow/example_dags/example_bash_decorator.py
[2024-07-07T23:43:31.886+0500] {processor.py:830} INFO - Processing file /home/nicolaspc/anaconda3/envs/mlops_env/lib/python3.12/site-packages/airflow/example_dags/example_bash_decorator.py for tasks to queue
[2024-07-07T23:43:31.887+0500] {logging_mixin.py:188} INFO - [2024-07-07T23:43:31.887+0500] {dagbag.py:545} INFO - Filling up the DagBag from /home/nicolaspc/anaconda3/envs/mlops_env/lib/python3.12/site-packages/airflow/example_dags/example_bash_decorator.py
[2024-07-07T23:43:31.895+0500] {processor.py:840} INFO - DAG(s) 'example_bash_decorator' retrieved from /home/nicolaspc/anaconda3/envs/mlops_env/lib/python3.12/site-packages/airflow/example_dags/example_bash_decorator.py
[2024-07-07T23:43:31.916+0500] {logging_mixin.py:188} INFO - [2024-07-07T23:43:31.916+0500] {dag.py:3096} INFO - Sync 1 DAGs
[2024-07-07T23:43:31.925+0500] {logging_mixin.py:188} INFO - [2024-07-07T23:43:31.925+0500] {dag.py:3954} INFO - Setting next_dagrun for example_bash_decorator to None, run_after=None
[2024-07-07T23:43:31.940+0500] {processor.py:183} INFO - Processing /home/nicolaspc/anaconda3/envs/mlops_env/lib/python3.12/site-packages/airflow/example_dags/example_bash_decorator.py took 0.060 seconds
[2024-07-07T23:44:02.380+0500] {processor.py:161} INFO - Started process (PID=20058) to work on /home/nicolaspc/anaconda3/envs/mlops_env/lib/python3.12/site-packages/airflow/example_dags/example_bash_decorator.py
[2024-07-07T23:44:02.381+0500] {processor.py:830} INFO - Processing file /home/nicolaspc/anaconda3/envs/mlops_env/lib/python3.12/site-packages/airflow/example_dags/example_bash_decorator.py for tasks to queue
[2024-07-07T23:44:02.382+0500] {logging_mixin.py:188} INFO - [2024-07-07T23:44:02.381+0500] {dagbag.py:545} INFO - Filling up the DagBag from /home/nicolaspc/anaconda3/envs/mlops_env/lib/python3.12/site-packages/airflow/example_dags/example_bash_decorator.py
[2024-07-07T23:44:02.390+0500] {processor.py:840} INFO - DAG(s) 'example_bash_decorator' retrieved from /home/nicolaspc/anaconda3/envs/mlops_env/lib/python3.12/site-packages/airflow/example_dags/example_bash_decorator.py
[2024-07-07T23:44:02.410+0500] {logging_mixin.py:188} INFO - [2024-07-07T23:44:02.410+0500] {dag.py:3096} INFO - Sync 1 DAGs
[2024-07-07T23:44:02.419+0500] {logging_mixin.py:188} INFO - [2024-07-07T23:44:02.419+0500] {dag.py:3954} INFO - Setting next_dagrun for example_bash_decorator to None, run_after=None
[2024-07-07T23:44:02.434+0500] {processor.py:183} INFO - Processing /home/nicolaspc/anaconda3/envs/mlops_env/lib/python3.12/site-packages/airflow/example_dags/example_bash_decorator.py took 0.059 seconds
[2024-07-07T23:44:32.903+0500] {processor.py:161} INFO - Started process (PID=20423) to work on /home/nicolaspc/anaconda3/envs/mlops_env/lib/python3.12/site-packages/airflow/example_dags/example_bash_decorator.py
[2024-07-07T23:44:32.904+0500] {processor.py:830} INFO - Processing file /home/nicolaspc/anaconda3/envs/mlops_env/lib/python3.12/site-packages/airflow/example_dags/example_bash_decorator.py for tasks to queue
[2024-07-07T23:44:32.904+0500] {logging_mixin.py:188} INFO - [2024-07-07T23:44:32.904+0500] {dagbag.py:545} INFO - Filling up the DagBag from /home/nicolaspc/anaconda3/envs/mlops_env/lib/python3.12/site-packages/airflow/example_dags/example_bash_decorator.py
[2024-07-07T23:44:32.914+0500] {processor.py:840} INFO - DAG(s) 'example_bash_decorator' retrieved from /home/nicolaspc/anaconda3/envs/mlops_env/lib/python3.12/site-packages/airflow/example_dags/example_bash_decorator.py
[2024-07-07T23:44:32.936+0500] {logging_mixin.py:188} INFO - [2024-07-07T23:44:32.936+0500] {dag.py:3096} INFO - Sync 1 DAGs
[2024-07-07T23:44:32.945+0500] {logging_mixin.py:188} INFO - [2024-07-07T23:44:32.945+0500] {dag.py:3954} INFO - Setting next_dagrun for example_bash_decorator to None, run_after=None
[2024-07-07T23:44:32.963+0500] {processor.py:183} INFO - Processing /home/nicolaspc/anaconda3/envs/mlops_env/lib/python3.12/site-packages/airflow/example_dags/example_bash_decorator.py took 0.066 seconds
[2024-07-07T23:45:03.658+0500] {processor.py:161} INFO - Started process (PID=20789) to work on /home/nicolaspc/anaconda3/envs/mlops_env/lib/python3.12/site-packages/airflow/example_dags/example_bash_decorator.py
[2024-07-07T23:45:03.658+0500] {processor.py:830} INFO - Processing file /home/nicolaspc/anaconda3/envs/mlops_env/lib/python3.12/site-packages/airflow/example_dags/example_bash_decorator.py for tasks to queue
[2024-07-07T23:45:03.659+0500] {logging_mixin.py:188} INFO - [2024-07-07T23:45:03.658+0500] {dagbag.py:545} INFO - Filling up the DagBag from /home/nicolaspc/anaconda3/envs/mlops_env/lib/python3.12/site-packages/airflow/example_dags/example_bash_decorator.py
[2024-07-07T23:45:03.666+0500] {processor.py:840} INFO - DAG(s) 'example_bash_decorator' retrieved from /home/nicolaspc/anaconda3/envs/mlops_env/lib/python3.12/site-packages/airflow/example_dags/example_bash_decorator.py
[2024-07-07T23:45:03.689+0500] {logging_mixin.py:188} INFO - [2024-07-07T23:45:03.689+0500] {dag.py:3096} INFO - Sync 1 DAGs
[2024-07-07T23:45:03.698+0500] {logging_mixin.py:188} INFO - [2024-07-07T23:45:03.698+0500] {dag.py:3954} INFO - Setting next_dagrun for example_bash_decorator to None, run_after=None
[2024-07-07T23:45:03.714+0500] {processor.py:183} INFO - Processing /home/nicolaspc/anaconda3/envs/mlops_env/lib/python3.12/site-packages/airflow/example_dags/example_bash_decorator.py took 0.062 seconds
[2024-07-07T23:45:34.237+0500] {processor.py:161} INFO - Started process (PID=21115) to work on /home/nicolaspc/anaconda3/envs/mlops_env/lib/python3.12/site-packages/airflow/example_dags/example_bash_decorator.py
[2024-07-07T23:45:34.238+0500] {processor.py:830} INFO - Processing file /home/nicolaspc/anaconda3/envs/mlops_env/lib/python3.12/site-packages/airflow/example_dags/example_bash_decorator.py for tasks to queue
[2024-07-07T23:45:34.239+0500] {logging_mixin.py:188} INFO - [2024-07-07T23:45:34.239+0500] {dagbag.py:545} INFO - Filling up the DagBag from /home/nicolaspc/anaconda3/envs/mlops_env/lib/python3.12/site-packages/airflow/example_dags/example_bash_decorator.py
[2024-07-07T23:45:34.247+0500] {processor.py:840} INFO - DAG(s) 'example_bash_decorator' retrieved from /home/nicolaspc/anaconda3/envs/mlops_env/lib/python3.12/site-packages/airflow/example_dags/example_bash_decorator.py
[2024-07-07T23:45:34.268+0500] {logging_mixin.py:188} INFO - [2024-07-07T23:45:34.268+0500] {dag.py:3096} INFO - Sync 1 DAGs
[2024-07-07T23:45:34.277+0500] {logging_mixin.py:188} INFO - [2024-07-07T23:45:34.277+0500] {dag.py:3954} INFO - Setting next_dagrun for example_bash_decorator to None, run_after=None
[2024-07-07T23:45:34.291+0500] {processor.py:183} INFO - Processing /home/nicolaspc/anaconda3/envs/mlops_env/lib/python3.12/site-packages/airflow/example_dags/example_bash_decorator.py took 0.061 seconds
[2024-07-07T23:46:04.986+0500] {processor.py:161} INFO - Started process (PID=21452) to work on /home/nicolaspc/anaconda3/envs/mlops_env/lib/python3.12/site-packages/airflow/example_dags/example_bash_decorator.py
[2024-07-07T23:46:04.986+0500] {processor.py:830} INFO - Processing file /home/nicolaspc/anaconda3/envs/mlops_env/lib/python3.12/site-packages/airflow/example_dags/example_bash_decorator.py for tasks to queue
[2024-07-07T23:46:04.987+0500] {logging_mixin.py:188} INFO - [2024-07-07T23:46:04.987+0500] {dagbag.py:545} INFO - Filling up the DagBag from /home/nicolaspc/anaconda3/envs/mlops_env/lib/python3.12/site-packages/airflow/example_dags/example_bash_decorator.py
[2024-07-07T23:46:04.997+0500] {processor.py:840} INFO - DAG(s) 'example_bash_decorator' retrieved from /home/nicolaspc/anaconda3/envs/mlops_env/lib/python3.12/site-packages/airflow/example_dags/example_bash_decorator.py
[2024-07-07T23:46:05.019+0500] {logging_mixin.py:188} INFO - [2024-07-07T23:46:05.018+0500] {dag.py:3096} INFO - Sync 1 DAGs
[2024-07-07T23:46:05.028+0500] {logging_mixin.py:188} INFO - [2024-07-07T23:46:05.027+0500] {dag.py:3954} INFO - Setting next_dagrun for example_bash_decorator to None, run_after=None
[2024-07-07T23:46:05.043+0500] {processor.py:183} INFO - Processing /home/nicolaspc/anaconda3/envs/mlops_env/lib/python3.12/site-packages/airflow/example_dags/example_bash_decorator.py took 0.063 seconds
[2024-07-07T23:46:35.836+0500] {processor.py:161} INFO - Started process (PID=21820) to work on /home/nicolaspc/anaconda3/envs/mlops_env/lib/python3.12/site-packages/airflow/example_dags/example_bash_decorator.py
[2024-07-07T23:46:35.836+0500] {processor.py:830} INFO - Processing file /home/nicolaspc/anaconda3/envs/mlops_env/lib/python3.12/site-packages/airflow/example_dags/example_bash_decorator.py for tasks to queue
[2024-07-07T23:46:35.837+0500] {logging_mixin.py:188} INFO - [2024-07-07T23:46:35.837+0500] {dagbag.py:545} INFO - Filling up the DagBag from /home/nicolaspc/anaconda3/envs/mlops_env/lib/python3.12/site-packages/airflow/example_dags/example_bash_decorator.py
[2024-07-07T23:46:35.845+0500] {processor.py:840} INFO - DAG(s) 'example_bash_decorator' retrieved from /home/nicolaspc/anaconda3/envs/mlops_env/lib/python3.12/site-packages/airflow/example_dags/example_bash_decorator.py
[2024-07-07T23:46:35.866+0500] {logging_mixin.py:188} INFO - [2024-07-07T23:46:35.866+0500] {dag.py:3096} INFO - Sync 1 DAGs
[2024-07-07T23:46:35.875+0500] {logging_mixin.py:188} INFO - [2024-07-07T23:46:35.875+0500] {dag.py:3954} INFO - Setting next_dagrun for example_bash_decorator to None, run_after=None
[2024-07-07T23:46:35.890+0500] {processor.py:183} INFO - Processing /home/nicolaspc/anaconda3/envs/mlops_env/lib/python3.12/site-packages/airflow/example_dags/example_bash_decorator.py took 0.060 seconds
[2024-07-07T23:47:06.304+0500] {processor.py:161} INFO - Started process (PID=22148) to work on /home/nicolaspc/anaconda3/envs/mlops_env/lib/python3.12/site-packages/airflow/example_dags/example_bash_decorator.py
[2024-07-07T23:47:06.305+0500] {processor.py:830} INFO - Processing file /home/nicolaspc/anaconda3/envs/mlops_env/lib/python3.12/site-packages/airflow/example_dags/example_bash_decorator.py for tasks to queue
[2024-07-07T23:47:06.306+0500] {logging_mixin.py:188} INFO - [2024-07-07T23:47:06.305+0500] {dagbag.py:545} INFO - Filling up the DagBag from /home/nicolaspc/anaconda3/envs/mlops_env/lib/python3.12/site-packages/airflow/example_dags/example_bash_decorator.py
[2024-07-07T23:47:06.314+0500] {processor.py:840} INFO - DAG(s) 'example_bash_decorator' retrieved from /home/nicolaspc/anaconda3/envs/mlops_env/lib/python3.12/site-packages/airflow/example_dags/example_bash_decorator.py
[2024-07-07T23:47:06.335+0500] {logging_mixin.py:188} INFO - [2024-07-07T23:47:06.334+0500] {dag.py:3096} INFO - Sync 1 DAGs
[2024-07-07T23:47:06.345+0500] {logging_mixin.py:188} INFO - [2024-07-07T23:47:06.344+0500] {dag.py:3954} INFO - Setting next_dagrun for example_bash_decorator to None, run_after=None
[2024-07-07T23:47:06.361+0500] {processor.py:183} INFO - Processing /home/nicolaspc/anaconda3/envs/mlops_env/lib/python3.12/site-packages/airflow/example_dags/example_bash_decorator.py took 0.063 seconds
[2024-07-07T23:47:36.861+0500] {processor.py:161} INFO - Started process (PID=22475) to work on /home/nicolaspc/anaconda3/envs/mlops_env/lib/python3.12/site-packages/airflow/example_dags/example_bash_decorator.py
[2024-07-07T23:47:36.862+0500] {processor.py:830} INFO - Processing file /home/nicolaspc/anaconda3/envs/mlops_env/lib/python3.12/site-packages/airflow/example_dags/example_bash_decorator.py for tasks to queue
[2024-07-07T23:47:36.862+0500] {logging_mixin.py:188} INFO - [2024-07-07T23:47:36.862+0500] {dagbag.py:545} INFO - Filling up the DagBag from /home/nicolaspc/anaconda3/envs/mlops_env/lib/python3.12/site-packages/airflow/example_dags/example_bash_decorator.py
[2024-07-07T23:47:36.870+0500] {processor.py:840} INFO - DAG(s) 'example_bash_decorator' retrieved from /home/nicolaspc/anaconda3/envs/mlops_env/lib/python3.12/site-packages/airflow/example_dags/example_bash_decorator.py
[2024-07-07T23:47:36.892+0500] {logging_mixin.py:188} INFO - [2024-07-07T23:47:36.891+0500] {dag.py:3096} INFO - Sync 1 DAGs
[2024-07-07T23:47:36.901+0500] {logging_mixin.py:188} INFO - [2024-07-07T23:47:36.900+0500] {dag.py:3954} INFO - Setting next_dagrun for example_bash_decorator to None, run_after=None
[2024-07-07T23:47:36.916+0500] {processor.py:183} INFO - Processing /home/nicolaspc/anaconda3/envs/mlops_env/lib/python3.12/site-packages/airflow/example_dags/example_bash_decorator.py took 0.061 seconds
[2024-07-07T23:48:07.431+0500] {processor.py:161} INFO - Started process (PID=22801) to work on /home/nicolaspc/anaconda3/envs/mlops_env/lib/python3.12/site-packages/airflow/example_dags/example_bash_decorator.py
[2024-07-07T23:48:07.432+0500] {processor.py:830} INFO - Processing file /home/nicolaspc/anaconda3/envs/mlops_env/lib/python3.12/site-packages/airflow/example_dags/example_bash_decorator.py for tasks to queue
[2024-07-07T23:48:07.432+0500] {logging_mixin.py:188} INFO - [2024-07-07T23:48:07.432+0500] {dagbag.py:545} INFO - Filling up the DagBag from /home/nicolaspc/anaconda3/envs/mlops_env/lib/python3.12/site-packages/airflow/example_dags/example_bash_decorator.py
[2024-07-07T23:48:07.440+0500] {processor.py:840} INFO - DAG(s) 'example_bash_decorator' retrieved from /home/nicolaspc/anaconda3/envs/mlops_env/lib/python3.12/site-packages/airflow/example_dags/example_bash_decorator.py
[2024-07-07T23:48:07.462+0500] {logging_mixin.py:188} INFO - [2024-07-07T23:48:07.462+0500] {dag.py:3096} INFO - Sync 1 DAGs
[2024-07-07T23:48:07.470+0500] {logging_mixin.py:188} INFO - [2024-07-07T23:48:07.470+0500] {dag.py:3954} INFO - Setting next_dagrun for example_bash_decorator to None, run_after=None
[2024-07-07T23:48:07.484+0500] {processor.py:183} INFO - Processing /home/nicolaspc/anaconda3/envs/mlops_env/lib/python3.12/site-packages/airflow/example_dags/example_bash_decorator.py took 0.058 seconds
[2024-07-07T23:48:38.208+0500] {processor.py:161} INFO - Started process (PID=23157) to work on /home/nicolaspc/anaconda3/envs/mlops_env/lib/python3.12/site-packages/airflow/example_dags/example_bash_decorator.py
[2024-07-07T23:48:38.209+0500] {processor.py:830} INFO - Processing file /home/nicolaspc/anaconda3/envs/mlops_env/lib/python3.12/site-packages/airflow/example_dags/example_bash_decorator.py for tasks to queue
[2024-07-07T23:48:38.209+0500] {logging_mixin.py:188} INFO - [2024-07-07T23:48:38.209+0500] {dagbag.py:545} INFO - Filling up the DagBag from /home/nicolaspc/anaconda3/envs/mlops_env/lib/python3.12/site-packages/airflow/example_dags/example_bash_decorator.py
[2024-07-07T23:48:38.217+0500] {processor.py:840} INFO - DAG(s) 'example_bash_decorator' retrieved from /home/nicolaspc/anaconda3/envs/mlops_env/lib/python3.12/site-packages/airflow/example_dags/example_bash_decorator.py
[2024-07-07T23:48:38.239+0500] {logging_mixin.py:188} INFO - [2024-07-07T23:48:38.239+0500] {dag.py:3096} INFO - Sync 1 DAGs
[2024-07-07T23:48:38.248+0500] {logging_mixin.py:188} INFO - [2024-07-07T23:48:38.248+0500] {dag.py:3954} INFO - Setting next_dagrun for example_bash_decorator to None, run_after=None
[2024-07-07T23:48:38.265+0500] {processor.py:183} INFO - Processing /home/nicolaspc/anaconda3/envs/mlops_env/lib/python3.12/site-packages/airflow/example_dags/example_bash_decorator.py took 0.063 seconds
[2024-07-07T23:49:09.975+0500] {processor.py:161} INFO - Started process (PID=23681) to work on /home/nicolaspc/anaconda3/envs/mlops_env/lib/python3.12/site-packages/airflow/example_dags/example_bash_decorator.py
[2024-07-07T23:49:09.976+0500] {processor.py:830} INFO - Processing file /home/nicolaspc/anaconda3/envs/mlops_env/lib/python3.12/site-packages/airflow/example_dags/example_bash_decorator.py for tasks to queue
[2024-07-07T23:49:09.976+0500] {logging_mixin.py:188} INFO - [2024-07-07T23:49:09.976+0500] {dagbag.py:545} INFO - Filling up the DagBag from /home/nicolaspc/anaconda3/envs/mlops_env/lib/python3.12/site-packages/airflow/example_dags/example_bash_decorator.py
[2024-07-07T23:49:09.984+0500] {processor.py:840} INFO - DAG(s) 'example_bash_decorator' retrieved from /home/nicolaspc/anaconda3/envs/mlops_env/lib/python3.12/site-packages/airflow/example_dags/example_bash_decorator.py
[2024-07-07T23:49:10.058+0500] {logging_mixin.py:188} INFO - [2024-07-07T23:49:10.058+0500] {dag.py:3096} INFO - Sync 1 DAGs
[2024-07-07T23:49:10.066+0500] {logging_mixin.py:188} INFO - [2024-07-07T23:49:10.066+0500] {dag.py:3954} INFO - Setting next_dagrun for example_bash_decorator to None, run_after=None
[2024-07-07T23:49:10.082+0500] {processor.py:183} INFO - Processing /home/nicolaspc/anaconda3/envs/mlops_env/lib/python3.12/site-packages/airflow/example_dags/example_bash_decorator.py took 0.113 seconds
[2024-07-07T23:49:40.595+0500] {processor.py:161} INFO - Started process (PID=24039) to work on /home/nicolaspc/anaconda3/envs/mlops_env/lib/python3.12/site-packages/airflow/example_dags/example_bash_decorator.py
[2024-07-07T23:49:40.596+0500] {processor.py:830} INFO - Processing file /home/nicolaspc/anaconda3/envs/mlops_env/lib/python3.12/site-packages/airflow/example_dags/example_bash_decorator.py for tasks to queue
[2024-07-07T23:49:40.596+0500] {logging_mixin.py:188} INFO - [2024-07-07T23:49:40.596+0500] {dagbag.py:545} INFO - Filling up the DagBag from /home/nicolaspc/anaconda3/envs/mlops_env/lib/python3.12/site-packages/airflow/example_dags/example_bash_decorator.py
[2024-07-07T23:49:40.604+0500] {processor.py:840} INFO - DAG(s) 'example_bash_decorator' retrieved from /home/nicolaspc/anaconda3/envs/mlops_env/lib/python3.12/site-packages/airflow/example_dags/example_bash_decorator.py
[2024-07-07T23:49:40.626+0500] {logging_mixin.py:188} INFO - [2024-07-07T23:49:40.626+0500] {dag.py:3096} INFO - Sync 1 DAGs
[2024-07-07T23:49:40.635+0500] {logging_mixin.py:188} INFO - [2024-07-07T23:49:40.635+0500] {dag.py:3954} INFO - Setting next_dagrun for example_bash_decorator to None, run_after=None
[2024-07-07T23:49:40.651+0500] {processor.py:183} INFO - Processing /home/nicolaspc/anaconda3/envs/mlops_env/lib/python3.12/site-packages/airflow/example_dags/example_bash_decorator.py took 0.062 seconds
