[2024-07-07T23:35:19.722+0500] {processor.py:161} INFO - Started process (PID=13474) to work on /home/nicolaspc/anaconda3/envs/mlops_env/lib/python3.12/site-packages/airflow/example_dags/example_dag_decorator.py
[2024-07-07T23:35:19.722+0500] {processor.py:830} INFO - Processing file /home/nicolaspc/anaconda3/envs/mlops_env/lib/python3.12/site-packages/airflow/example_dags/example_dag_decorator.py for tasks to queue
[2024-07-07T23:35:19.723+0500] {logging_mixin.py:188} INFO - [2024-07-07T23:35:19.722+0500] {dagbag.py:545} INFO - Filling up the DagBag from /home/nicolaspc/anaconda3/envs/mlops_env/lib/python3.12/site-packages/airflow/example_dags/example_dag_decorator.py
[2024-07-07T23:35:19.779+0500] {processor.py:840} INFO - DAG(s) 'example_dag_decorator' retrieved from /home/nicolaspc/anaconda3/envs/mlops_env/lib/python3.12/site-packages/airflow/example_dags/example_dag_decorator.py
[2024-07-07T23:35:19.852+0500] {logging_mixin.py:188} INFO - [2024-07-07T23:35:19.851+0500] {dag.py:3096} INFO - Sync 1 DAGs
[2024-07-07T23:35:19.860+0500] {logging_mixin.py:188} INFO - [2024-07-07T23:35:19.860+0500] {dag.py:3954} INFO - Setting next_dagrun for example_dag_decorator to None, run_after=None
[2024-07-07T23:35:19.875+0500] {processor.py:183} INFO - Processing /home/nicolaspc/anaconda3/envs/mlops_env/lib/python3.12/site-packages/airflow/example_dags/example_dag_decorator.py took 0.159 seconds
[2024-07-07T23:35:50.351+0500] {processor.py:161} INFO - Started process (PID=13823) to work on /home/nicolaspc/anaconda3/envs/mlops_env/lib/python3.12/site-packages/airflow/example_dags/example_dag_decorator.py
[2024-07-07T23:35:50.352+0500] {processor.py:830} INFO - Processing file /home/nicolaspc/anaconda3/envs/mlops_env/lib/python3.12/site-packages/airflow/example_dags/example_dag_decorator.py for tasks to queue
[2024-07-07T23:35:50.352+0500] {logging_mixin.py:188} INFO - [2024-07-07T23:35:50.352+0500] {dagbag.py:545} INFO - Filling up the DagBag from /home/nicolaspc/anaconda3/envs/mlops_env/lib/python3.12/site-packages/airflow/example_dags/example_dag_decorator.py
[2024-07-07T23:35:50.411+0500] {processor.py:840} INFO - DAG(s) 'example_dag_decorator' retrieved from /home/nicolaspc/anaconda3/envs/mlops_env/lib/python3.12/site-packages/airflow/example_dags/example_dag_decorator.py
[2024-07-07T23:35:50.484+0500] {logging_mixin.py:188} INFO - [2024-07-07T23:35:50.484+0500] {dag.py:3096} INFO - Sync 1 DAGs
[2024-07-07T23:35:50.491+0500] {logging_mixin.py:188} INFO - [2024-07-07T23:35:50.491+0500] {dag.py:3954} INFO - Setting next_dagrun for example_dag_decorator to None, run_after=None
[2024-07-07T23:35:50.517+0500] {processor.py:183} INFO - Processing /home/nicolaspc/anaconda3/envs/mlops_env/lib/python3.12/site-packages/airflow/example_dags/example_dag_decorator.py took 0.172 seconds
[2024-07-07T23:36:21.071+0500] {processor.py:161} INFO - Started process (PID=14236) to work on /home/nicolaspc/anaconda3/envs/mlops_env/lib/python3.12/site-packages/airflow/example_dags/example_dag_decorator.py
[2024-07-07T23:36:21.072+0500] {processor.py:830} INFO - Processing file /home/nicolaspc/anaconda3/envs/mlops_env/lib/python3.12/site-packages/airflow/example_dags/example_dag_decorator.py for tasks to queue
[2024-07-07T23:36:21.072+0500] {logging_mixin.py:188} INFO - [2024-07-07T23:36:21.072+0500] {dagbag.py:545} INFO - Filling up the DagBag from /home/nicolaspc/anaconda3/envs/mlops_env/lib/python3.12/site-packages/airflow/example_dags/example_dag_decorator.py
[2024-07-07T23:36:21.131+0500] {processor.py:840} INFO - DAG(s) 'example_dag_decorator' retrieved from /home/nicolaspc/anaconda3/envs/mlops_env/lib/python3.12/site-packages/airflow/example_dags/example_dag_decorator.py
[2024-07-07T23:36:21.205+0500] {logging_mixin.py:188} INFO - [2024-07-07T23:36:21.205+0500] {dag.py:3096} INFO - Sync 1 DAGs
[2024-07-07T23:36:21.212+0500] {logging_mixin.py:188} INFO - [2024-07-07T23:36:21.212+0500] {dag.py:3954} INFO - Setting next_dagrun for example_dag_decorator to None, run_after=None
[2024-07-07T23:36:21.228+0500] {processor.py:183} INFO - Processing /home/nicolaspc/anaconda3/envs/mlops_env/lib/python3.12/site-packages/airflow/example_dags/example_dag_decorator.py took 0.163 seconds
[2024-07-07T23:36:38.945+0500] {processor.py:161} INFO - Started process (PID=14393) to work on /home/nicolaspc/anaconda3/envs/mlops_env/lib/python3.12/site-packages/airflow/example_dags/example_dag_decorator.py
[2024-07-07T23:36:38.954+0500] {processor.py:830} INFO - Processing file /home/nicolaspc/anaconda3/envs/mlops_env/lib/python3.12/site-packages/airflow/example_dags/example_dag_decorator.py for tasks to queue
[2024-07-07T23:36:38.955+0500] {logging_mixin.py:188} INFO - [2024-07-07T23:36:38.955+0500] {dagbag.py:545} INFO - Filling up the DagBag from /home/nicolaspc/anaconda3/envs/mlops_env/lib/python3.12/site-packages/airflow/example_dags/example_dag_decorator.py
[2024-07-07T23:36:39.014+0500] {processor.py:840} INFO - DAG(s) 'example_dag_decorator' retrieved from /home/nicolaspc/anaconda3/envs/mlops_env/lib/python3.12/site-packages/airflow/example_dags/example_dag_decorator.py
[2024-07-07T23:36:39.101+0500] {logging_mixin.py:188} INFO - [2024-07-07T23:36:39.100+0500] {override.py:1829} INFO - Created Permission View: can delete on DAG:example_dag_decorator
[2024-07-07T23:36:39.115+0500] {logging_mixin.py:188} INFO - [2024-07-07T23:36:39.115+0500] {override.py:1829} INFO - Created Permission View: can edit on DAG:example_dag_decorator
[2024-07-07T23:36:39.126+0500] {logging_mixin.py:188} INFO - [2024-07-07T23:36:39.126+0500] {override.py:1829} INFO - Created Permission View: can read on DAG:example_dag_decorator
[2024-07-07T23:36:39.126+0500] {logging_mixin.py:188} INFO - [2024-07-07T23:36:39.126+0500] {dag.py:3096} INFO - Sync 1 DAGs
[2024-07-07T23:36:39.134+0500] {logging_mixin.py:188} INFO - [2024-07-07T23:36:39.134+0500] {dag.py:3118} INFO - Creating ORM DAG for example_dag_decorator
[2024-07-07T23:36:39.134+0500] {logging_mixin.py:188} INFO - [2024-07-07T23:36:39.134+0500] {dag.py:3954} INFO - Setting next_dagrun for example_dag_decorator to None, run_after=None
[2024-07-07T23:36:39.155+0500] {processor.py:183} INFO - Processing /home/nicolaspc/anaconda3/envs/mlops_env/lib/python3.12/site-packages/airflow/example_dags/example_dag_decorator.py took 0.214 seconds
[2024-07-07T23:36:51.700+0500] {processor.py:161} INFO - Started process (PID=14630) to work on /home/nicolaspc/anaconda3/envs/mlops_env/lib/python3.12/site-packages/airflow/example_dags/example_dag_decorator.py
[2024-07-07T23:36:51.700+0500] {processor.py:830} INFO - Processing file /home/nicolaspc/anaconda3/envs/mlops_env/lib/python3.12/site-packages/airflow/example_dags/example_dag_decorator.py for tasks to queue
[2024-07-07T23:36:51.701+0500] {logging_mixin.py:188} INFO - [2024-07-07T23:36:51.701+0500] {dagbag.py:545} INFO - Filling up the DagBag from /home/nicolaspc/anaconda3/envs/mlops_env/lib/python3.12/site-packages/airflow/example_dags/example_dag_decorator.py
[2024-07-07T23:36:51.761+0500] {processor.py:840} INFO - DAG(s) 'example_dag_decorator' retrieved from /home/nicolaspc/anaconda3/envs/mlops_env/lib/python3.12/site-packages/airflow/example_dags/example_dag_decorator.py
[2024-07-07T23:36:51.834+0500] {logging_mixin.py:188} INFO - [2024-07-07T23:36:51.834+0500] {dag.py:3096} INFO - Sync 1 DAGs
[2024-07-07T23:36:51.842+0500] {logging_mixin.py:188} INFO - [2024-07-07T23:36:51.841+0500] {dag.py:3954} INFO - Setting next_dagrun for example_dag_decorator to None, run_after=None
[2024-07-07T23:36:51.858+0500] {processor.py:183} INFO - Processing /home/nicolaspc/anaconda3/envs/mlops_env/lib/python3.12/site-packages/airflow/example_dags/example_dag_decorator.py took 0.164 seconds
[2024-07-07T23:37:22.015+0500] {processor.py:161} INFO - Started process (PID=14984) to work on /home/nicolaspc/anaconda3/envs/mlops_env/lib/python3.12/site-packages/airflow/example_dags/example_dag_decorator.py
[2024-07-07T23:37:22.015+0500] {processor.py:830} INFO - Processing file /home/nicolaspc/anaconda3/envs/mlops_env/lib/python3.12/site-packages/airflow/example_dags/example_dag_decorator.py for tasks to queue
[2024-07-07T23:37:22.016+0500] {logging_mixin.py:188} INFO - [2024-07-07T23:37:22.015+0500] {dagbag.py:545} INFO - Filling up the DagBag from /home/nicolaspc/anaconda3/envs/mlops_env/lib/python3.12/site-packages/airflow/example_dags/example_dag_decorator.py
[2024-07-07T23:37:22.073+0500] {processor.py:840} INFO - DAG(s) 'example_dag_decorator' retrieved from /home/nicolaspc/anaconda3/envs/mlops_env/lib/python3.12/site-packages/airflow/example_dags/example_dag_decorator.py
[2024-07-07T23:37:22.148+0500] {logging_mixin.py:188} INFO - [2024-07-07T23:37:22.148+0500] {dag.py:3096} INFO - Sync 1 DAGs
[2024-07-07T23:37:22.155+0500] {logging_mixin.py:188} INFO - [2024-07-07T23:37:22.155+0500] {dag.py:3954} INFO - Setting next_dagrun for example_dag_decorator to None, run_after=None
[2024-07-07T23:37:22.171+0500] {processor.py:183} INFO - Processing /home/nicolaspc/anaconda3/envs/mlops_env/lib/python3.12/site-packages/airflow/example_dags/example_dag_decorator.py took 0.163 seconds
[2024-07-07T23:37:30.505+0500] {processor.py:161} INFO - Started process (PID=15134) to work on /home/nicolaspc/anaconda3/envs/mlops_env/lib/python3.12/site-packages/airflow/example_dags/example_dag_decorator.py
[2024-07-07T23:37:30.514+0500] {processor.py:830} INFO - Processing file /home/nicolaspc/anaconda3/envs/mlops_env/lib/python3.12/site-packages/airflow/example_dags/example_dag_decorator.py for tasks to queue
[2024-07-07T23:37:30.516+0500] {logging_mixin.py:188} INFO - [2024-07-07T23:37:30.515+0500] {dagbag.py:545} INFO - Filling up the DagBag from /home/nicolaspc/anaconda3/envs/mlops_env/lib/python3.12/site-packages/airflow/example_dags/example_dag_decorator.py
[2024-07-07T23:37:30.576+0500] {processor.py:840} INFO - DAG(s) 'example_dag_decorator' retrieved from /home/nicolaspc/anaconda3/envs/mlops_env/lib/python3.12/site-packages/airflow/example_dags/example_dag_decorator.py
[2024-07-07T23:37:30.633+0500] {logging_mixin.py:188} INFO - [2024-07-07T23:37:30.633+0500] {dag.py:3096} INFO - Sync 1 DAGs
[2024-07-07T23:37:30.639+0500] {logging_mixin.py:188} INFO - [2024-07-07T23:37:30.639+0500] {dag.py:3954} INFO - Setting next_dagrun for example_dag_decorator to None, run_after=None
[2024-07-07T23:37:30.660+0500] {processor.py:183} INFO - Processing /home/nicolaspc/anaconda3/envs/mlops_env/lib/python3.12/site-packages/airflow/example_dags/example_dag_decorator.py took 0.159 seconds
[2024-07-07T23:37:52.381+0500] {processor.py:161} INFO - Started process (PID=15353) to work on /home/nicolaspc/anaconda3/envs/mlops_env/lib/python3.12/site-packages/airflow/example_dags/example_dag_decorator.py
[2024-07-07T23:37:52.382+0500] {processor.py:830} INFO - Processing file /home/nicolaspc/anaconda3/envs/mlops_env/lib/python3.12/site-packages/airflow/example_dags/example_dag_decorator.py for tasks to queue
[2024-07-07T23:37:52.382+0500] {logging_mixin.py:188} INFO - [2024-07-07T23:37:52.382+0500] {dagbag.py:545} INFO - Filling up the DagBag from /home/nicolaspc/anaconda3/envs/mlops_env/lib/python3.12/site-packages/airflow/example_dags/example_dag_decorator.py
[2024-07-07T23:37:52.458+0500] {processor.py:840} INFO - DAG(s) 'example_dag_decorator' retrieved from /home/nicolaspc/anaconda3/envs/mlops_env/lib/python3.12/site-packages/airflow/example_dags/example_dag_decorator.py
[2024-07-07T23:37:52.573+0500] {logging_mixin.py:188} INFO - [2024-07-07T23:37:52.573+0500] {dag.py:3096} INFO - Sync 1 DAGs
[2024-07-07T23:37:52.580+0500] {logging_mixin.py:188} INFO - [2024-07-07T23:37:52.580+0500] {dag.py:3954} INFO - Setting next_dagrun for example_dag_decorator to None, run_after=None
[2024-07-07T23:37:52.604+0500] {processor.py:183} INFO - Processing /home/nicolaspc/anaconda3/envs/mlops_env/lib/python3.12/site-packages/airflow/example_dags/example_dag_decorator.py took 0.229 seconds
[2024-07-07T23:38:23.225+0500] {processor.py:161} INFO - Started process (PID=15761) to work on /home/nicolaspc/anaconda3/envs/mlops_env/lib/python3.12/site-packages/airflow/example_dags/example_dag_decorator.py
[2024-07-07T23:38:23.225+0500] {processor.py:830} INFO - Processing file /home/nicolaspc/anaconda3/envs/mlops_env/lib/python3.12/site-packages/airflow/example_dags/example_dag_decorator.py for tasks to queue
[2024-07-07T23:38:23.226+0500] {logging_mixin.py:188} INFO - [2024-07-07T23:38:23.226+0500] {dagbag.py:545} INFO - Filling up the DagBag from /home/nicolaspc/anaconda3/envs/mlops_env/lib/python3.12/site-packages/airflow/example_dags/example_dag_decorator.py
[2024-07-07T23:38:23.289+0500] {processor.py:840} INFO - DAG(s) 'example_dag_decorator' retrieved from /home/nicolaspc/anaconda3/envs/mlops_env/lib/python3.12/site-packages/airflow/example_dags/example_dag_decorator.py
[2024-07-07T23:38:23.406+0500] {logging_mixin.py:188} INFO - [2024-07-07T23:38:23.406+0500] {dag.py:3096} INFO - Sync 1 DAGs
[2024-07-07T23:38:23.416+0500] {logging_mixin.py:188} INFO - [2024-07-07T23:38:23.416+0500] {dag.py:3954} INFO - Setting next_dagrun for example_dag_decorator to None, run_after=None
[2024-07-07T23:38:23.435+0500] {processor.py:183} INFO - Processing /home/nicolaspc/anaconda3/envs/mlops_env/lib/python3.12/site-packages/airflow/example_dags/example_dag_decorator.py took 0.218 seconds
[2024-07-07T23:38:26.920+0500] {processor.py:161} INFO - Started process (PID=15905) to work on /home/nicolaspc/anaconda3/envs/mlops_env/lib/python3.12/site-packages/airflow/example_dags/example_dag_decorator.py
[2024-07-07T23:38:26.921+0500] {processor.py:830} INFO - Processing file /home/nicolaspc/anaconda3/envs/mlops_env/lib/python3.12/site-packages/airflow/example_dags/example_dag_decorator.py for tasks to queue
[2024-07-07T23:38:26.922+0500] {logging_mixin.py:188} INFO - [2024-07-07T23:38:26.922+0500] {dagbag.py:545} INFO - Filling up the DagBag from /home/nicolaspc/anaconda3/envs/mlops_env/lib/python3.12/site-packages/airflow/example_dags/example_dag_decorator.py
[2024-07-07T23:38:26.988+0500] {processor.py:840} INFO - DAG(s) 'example_dag_decorator' retrieved from /home/nicolaspc/anaconda3/envs/mlops_env/lib/python3.12/site-packages/airflow/example_dags/example_dag_decorator.py
[2024-07-07T23:38:27.001+0500] {logging_mixin.py:188} INFO - [2024-07-07T23:38:27.000+0500] {dag.py:3096} INFO - Sync 1 DAGs
[2024-07-07T23:38:27.009+0500] {logging_mixin.py:188} INFO - [2024-07-07T23:38:27.009+0500] {dag.py:3954} INFO - Setting next_dagrun for example_dag_decorator to None, run_after=None
[2024-07-07T23:38:27.035+0500] {processor.py:183} INFO - Processing /home/nicolaspc/anaconda3/envs/mlops_env/lib/python3.12/site-packages/airflow/example_dags/example_dag_decorator.py took 0.119 seconds
[2024-07-07T23:38:54.005+0500] {processor.py:161} INFO - Started process (PID=16146) to work on /home/nicolaspc/anaconda3/envs/mlops_env/lib/python3.12/site-packages/airflow/example_dags/example_dag_decorator.py
[2024-07-07T23:38:54.006+0500] {processor.py:830} INFO - Processing file /home/nicolaspc/anaconda3/envs/mlops_env/lib/python3.12/site-packages/airflow/example_dags/example_dag_decorator.py for tasks to queue
[2024-07-07T23:38:54.006+0500] {logging_mixin.py:188} INFO - [2024-07-07T23:38:54.006+0500] {dagbag.py:545} INFO - Filling up the DagBag from /home/nicolaspc/anaconda3/envs/mlops_env/lib/python3.12/site-packages/airflow/example_dags/example_dag_decorator.py
[2024-07-07T23:38:54.067+0500] {processor.py:840} INFO - DAG(s) 'example_dag_decorator' retrieved from /home/nicolaspc/anaconda3/envs/mlops_env/lib/python3.12/site-packages/airflow/example_dags/example_dag_decorator.py
[2024-07-07T23:38:54.138+0500] {logging_mixin.py:188} INFO - [2024-07-07T23:38:54.138+0500] {dag.py:3096} INFO - Sync 1 DAGs
[2024-07-07T23:38:54.145+0500] {logging_mixin.py:188} INFO - [2024-07-07T23:38:54.145+0500] {dag.py:3954} INFO - Setting next_dagrun for example_dag_decorator to None, run_after=None
[2024-07-07T23:38:54.171+0500] {processor.py:183} INFO - Processing /home/nicolaspc/anaconda3/envs/mlops_env/lib/python3.12/site-packages/airflow/example_dags/example_dag_decorator.py took 0.172 seconds
[2024-07-07T23:39:17.588+0500] {processor.py:161} INFO - Started process (PID=16325) to work on /home/nicolaspc/anaconda3/envs/mlops_env/lib/python3.12/site-packages/airflow/example_dags/example_dag_decorator.py
[2024-07-07T23:39:17.597+0500] {processor.py:830} INFO - Processing file /home/nicolaspc/anaconda3/envs/mlops_env/lib/python3.12/site-packages/airflow/example_dags/example_dag_decorator.py for tasks to queue
[2024-07-07T23:39:17.598+0500] {logging_mixin.py:188} INFO - [2024-07-07T23:39:17.598+0500] {dagbag.py:545} INFO - Filling up the DagBag from /home/nicolaspc/anaconda3/envs/mlops_env/lib/python3.12/site-packages/airflow/example_dags/example_dag_decorator.py
[2024-07-07T23:39:17.654+0500] {processor.py:840} INFO - DAG(s) 'example_dag_decorator' retrieved from /home/nicolaspc/anaconda3/envs/mlops_env/lib/python3.12/site-packages/airflow/example_dags/example_dag_decorator.py
[2024-07-07T23:39:17.791+0500] {logging_mixin.py:188} INFO - [2024-07-07T23:39:17.790+0500] {dag.py:3096} INFO - Sync 1 DAGs
[2024-07-07T23:39:17.795+0500] {logging_mixin.py:188} INFO - [2024-07-07T23:39:17.795+0500] {dag.py:3954} INFO - Setting next_dagrun for example_dag_decorator to None, run_after=None
[2024-07-07T23:39:17.823+0500] {processor.py:183} INFO - Processing /home/nicolaspc/anaconda3/envs/mlops_env/lib/python3.12/site-packages/airflow/example_dags/example_dag_decorator.py took 0.239 seconds
[2024-07-07T23:39:24.360+0500] {processor.py:161} INFO - Started process (PID=16542) to work on /home/nicolaspc/anaconda3/envs/mlops_env/lib/python3.12/site-packages/airflow/example_dags/example_dag_decorator.py
[2024-07-07T23:39:24.374+0500] {processor.py:830} INFO - Processing file /home/nicolaspc/anaconda3/envs/mlops_env/lib/python3.12/site-packages/airflow/example_dags/example_dag_decorator.py for tasks to queue
[2024-07-07T23:39:24.375+0500] {logging_mixin.py:188} INFO - [2024-07-07T23:39:24.374+0500] {dagbag.py:545} INFO - Filling up the DagBag from /home/nicolaspc/anaconda3/envs/mlops_env/lib/python3.12/site-packages/airflow/example_dags/example_dag_decorator.py
[2024-07-07T23:39:24.495+0500] {processor.py:840} INFO - DAG(s) 'example_dag_decorator' retrieved from /home/nicolaspc/anaconda3/envs/mlops_env/lib/python3.12/site-packages/airflow/example_dags/example_dag_decorator.py
[2024-07-07T23:39:24.569+0500] {logging_mixin.py:188} INFO - [2024-07-07T23:39:24.568+0500] {dag.py:3096} INFO - Sync 1 DAGs
[2024-07-07T23:39:24.575+0500] {logging_mixin.py:188} INFO - [2024-07-07T23:39:24.575+0500] {dag.py:3954} INFO - Setting next_dagrun for example_dag_decorator to None, run_after=None
[2024-07-07T23:39:24.598+0500] {processor.py:183} INFO - Processing /home/nicolaspc/anaconda3/envs/mlops_env/lib/python3.12/site-packages/airflow/example_dags/example_dag_decorator.py took 0.245 seconds
[2024-07-07T23:39:55.257+0500] {processor.py:161} INFO - Started process (PID=16900) to work on /home/nicolaspc/anaconda3/envs/mlops_env/lib/python3.12/site-packages/airflow/example_dags/example_dag_decorator.py
[2024-07-07T23:39:55.258+0500] {processor.py:830} INFO - Processing file /home/nicolaspc/anaconda3/envs/mlops_env/lib/python3.12/site-packages/airflow/example_dags/example_dag_decorator.py for tasks to queue
[2024-07-07T23:39:55.258+0500] {logging_mixin.py:188} INFO - [2024-07-07T23:39:55.258+0500] {dagbag.py:545} INFO - Filling up the DagBag from /home/nicolaspc/anaconda3/envs/mlops_env/lib/python3.12/site-packages/airflow/example_dags/example_dag_decorator.py
[2024-07-07T23:39:55.316+0500] {processor.py:840} INFO - DAG(s) 'example_dag_decorator' retrieved from /home/nicolaspc/anaconda3/envs/mlops_env/lib/python3.12/site-packages/airflow/example_dags/example_dag_decorator.py
[2024-07-07T23:39:55.390+0500] {logging_mixin.py:188} INFO - [2024-07-07T23:39:55.390+0500] {dag.py:3096} INFO - Sync 1 DAGs
[2024-07-07T23:39:55.398+0500] {logging_mixin.py:188} INFO - [2024-07-07T23:39:55.397+0500] {dag.py:3954} INFO - Setting next_dagrun for example_dag_decorator to None, run_after=None
[2024-07-07T23:39:55.414+0500] {processor.py:183} INFO - Processing /home/nicolaspc/anaconda3/envs/mlops_env/lib/python3.12/site-packages/airflow/example_dags/example_dag_decorator.py took 0.164 seconds
[2024-07-07T23:40:17.162+0500] {processor.py:161} INFO - Started process (PID=17102) to work on /home/nicolaspc/anaconda3/envs/mlops_env/lib/python3.12/site-packages/airflow/example_dags/example_dag_decorator.py
[2024-07-07T23:40:17.163+0500] {processor.py:830} INFO - Processing file /home/nicolaspc/anaconda3/envs/mlops_env/lib/python3.12/site-packages/airflow/example_dags/example_dag_decorator.py for tasks to queue
[2024-07-07T23:40:17.164+0500] {logging_mixin.py:188} INFO - [2024-07-07T23:40:17.164+0500] {dagbag.py:545} INFO - Filling up the DagBag from /home/nicolaspc/anaconda3/envs/mlops_env/lib/python3.12/site-packages/airflow/example_dags/example_dag_decorator.py
[2024-07-07T23:40:17.223+0500] {processor.py:840} INFO - DAG(s) 'example_dag_decorator' retrieved from /home/nicolaspc/anaconda3/envs/mlops_env/lib/python3.12/site-packages/airflow/example_dags/example_dag_decorator.py
[2024-07-07T23:40:17.371+0500] {logging_mixin.py:188} INFO - [2024-07-07T23:40:17.371+0500] {dag.py:3096} INFO - Sync 1 DAGs
[2024-07-07T23:40:17.377+0500] {logging_mixin.py:188} INFO - [2024-07-07T23:40:17.377+0500] {dag.py:3954} INFO - Setting next_dagrun for example_dag_decorator to None, run_after=None
[2024-07-07T23:40:17.407+0500] {processor.py:183} INFO - Processing /home/nicolaspc/anaconda3/envs/mlops_env/lib/python3.12/site-packages/airflow/example_dags/example_dag_decorator.py took 0.248 seconds
[2024-07-07T23:40:25.919+0500] {processor.py:161} INFO - Started process (PID=17329) to work on /home/nicolaspc/anaconda3/envs/mlops_env/lib/python3.12/site-packages/airflow/example_dags/example_dag_decorator.py
[2024-07-07T23:40:25.920+0500] {processor.py:830} INFO - Processing file /home/nicolaspc/anaconda3/envs/mlops_env/lib/python3.12/site-packages/airflow/example_dags/example_dag_decorator.py for tasks to queue
[2024-07-07T23:40:25.921+0500] {logging_mixin.py:188} INFO - [2024-07-07T23:40:25.920+0500] {dagbag.py:545} INFO - Filling up the DagBag from /home/nicolaspc/anaconda3/envs/mlops_env/lib/python3.12/site-packages/airflow/example_dags/example_dag_decorator.py
[2024-07-07T23:40:25.988+0500] {processor.py:840} INFO - DAG(s) 'example_dag_decorator' retrieved from /home/nicolaspc/anaconda3/envs/mlops_env/lib/python3.12/site-packages/airflow/example_dags/example_dag_decorator.py
[2024-07-07T23:40:26.011+0500] {logging_mixin.py:188} INFO - [2024-07-07T23:40:26.010+0500] {dag.py:3096} INFO - Sync 1 DAGs
[2024-07-07T23:40:26.020+0500] {logging_mixin.py:188} INFO - [2024-07-07T23:40:26.020+0500] {dag.py:3954} INFO - Setting next_dagrun for example_dag_decorator to None, run_after=None
[2024-07-07T23:40:26.036+0500] {processor.py:183} INFO - Processing /home/nicolaspc/anaconda3/envs/mlops_env/lib/python3.12/site-packages/airflow/example_dags/example_dag_decorator.py took 0.122 seconds
[2024-07-07T23:40:56.762+0500] {processor.py:161} INFO - Started process (PID=17696) to work on /home/nicolaspc/anaconda3/envs/mlops_env/lib/python3.12/site-packages/airflow/example_dags/example_dag_decorator.py
[2024-07-07T23:40:56.763+0500] {processor.py:830} INFO - Processing file /home/nicolaspc/anaconda3/envs/mlops_env/lib/python3.12/site-packages/airflow/example_dags/example_dag_decorator.py for tasks to queue
[2024-07-07T23:40:56.763+0500] {logging_mixin.py:188} INFO - [2024-07-07T23:40:56.763+0500] {dagbag.py:545} INFO - Filling up the DagBag from /home/nicolaspc/anaconda3/envs/mlops_env/lib/python3.12/site-packages/airflow/example_dags/example_dag_decorator.py
[2024-07-07T23:40:56.828+0500] {processor.py:840} INFO - DAG(s) 'example_dag_decorator' retrieved from /home/nicolaspc/anaconda3/envs/mlops_env/lib/python3.12/site-packages/airflow/example_dags/example_dag_decorator.py
[2024-07-07T23:40:56.907+0500] {logging_mixin.py:188} INFO - [2024-07-07T23:40:56.907+0500] {dag.py:3096} INFO - Sync 1 DAGs
[2024-07-07T23:40:56.916+0500] {logging_mixin.py:188} INFO - [2024-07-07T23:40:56.915+0500] {dag.py:3954} INFO - Setting next_dagrun for example_dag_decorator to None, run_after=None
[2024-07-07T23:40:56.933+0500] {processor.py:183} INFO - Processing /home/nicolaspc/anaconda3/envs/mlops_env/lib/python3.12/site-packages/airflow/example_dags/example_dag_decorator.py took 0.176 seconds
[2024-07-07T23:41:18.118+0500] {processor.py:161} INFO - Started process (PID=17857) to work on /home/nicolaspc/anaconda3/envs/mlops_env/lib/python3.12/site-packages/airflow/example_dags/example_dag_decorator.py
[2024-07-07T23:41:18.118+0500] {processor.py:830} INFO - Processing file /home/nicolaspc/anaconda3/envs/mlops_env/lib/python3.12/site-packages/airflow/example_dags/example_dag_decorator.py for tasks to queue
[2024-07-07T23:41:18.119+0500] {logging_mixin.py:188} INFO - [2024-07-07T23:41:18.119+0500] {dagbag.py:545} INFO - Filling up the DagBag from /home/nicolaspc/anaconda3/envs/mlops_env/lib/python3.12/site-packages/airflow/example_dags/example_dag_decorator.py
[2024-07-07T23:41:18.274+0500] {processor.py:840} INFO - DAG(s) 'example_dag_decorator' retrieved from /home/nicolaspc/anaconda3/envs/mlops_env/lib/python3.12/site-packages/airflow/example_dags/example_dag_decorator.py
[2024-07-07T23:41:18.330+0500] {logging_mixin.py:188} INFO - [2024-07-07T23:41:18.330+0500] {dag.py:3096} INFO - Sync 1 DAGs
[2024-07-07T23:41:18.336+0500] {logging_mixin.py:188} INFO - [2024-07-07T23:41:18.336+0500] {dag.py:3954} INFO - Setting next_dagrun for example_dag_decorator to None, run_after=None
[2024-07-07T23:41:18.365+0500] {processor.py:183} INFO - Processing /home/nicolaspc/anaconda3/envs/mlops_env/lib/python3.12/site-packages/airflow/example_dags/example_dag_decorator.py took 0.252 seconds
[2024-07-07T23:41:27.567+0500] {processor.py:161} INFO - Started process (PID=18110) to work on /home/nicolaspc/anaconda3/envs/mlops_env/lib/python3.12/site-packages/airflow/example_dags/example_dag_decorator.py
[2024-07-07T23:41:27.568+0500] {processor.py:830} INFO - Processing file /home/nicolaspc/anaconda3/envs/mlops_env/lib/python3.12/site-packages/airflow/example_dags/example_dag_decorator.py for tasks to queue
[2024-07-07T23:41:27.569+0500] {logging_mixin.py:188} INFO - [2024-07-07T23:41:27.568+0500] {dagbag.py:545} INFO - Filling up the DagBag from /home/nicolaspc/anaconda3/envs/mlops_env/lib/python3.12/site-packages/airflow/example_dags/example_dag_decorator.py
[2024-07-07T23:41:27.639+0500] {processor.py:840} INFO - DAG(s) 'example_dag_decorator' retrieved from /home/nicolaspc/anaconda3/envs/mlops_env/lib/python3.12/site-packages/airflow/example_dags/example_dag_decorator.py
[2024-07-07T23:41:27.725+0500] {logging_mixin.py:188} INFO - [2024-07-07T23:41:27.725+0500] {dag.py:3096} INFO - Sync 1 DAGs
[2024-07-07T23:41:27.735+0500] {logging_mixin.py:188} INFO - [2024-07-07T23:41:27.734+0500] {dag.py:3954} INFO - Setting next_dagrun for example_dag_decorator to None, run_after=None
[2024-07-07T23:41:27.757+0500] {processor.py:183} INFO - Processing /home/nicolaspc/anaconda3/envs/mlops_env/lib/python3.12/site-packages/airflow/example_dags/example_dag_decorator.py took 0.196 seconds
[2024-07-07T23:41:58.358+0500] {processor.py:161} INFO - Started process (PID=18485) to work on /home/nicolaspc/anaconda3/envs/mlops_env/lib/python3.12/site-packages/airflow/example_dags/example_dag_decorator.py
[2024-07-07T23:41:58.364+0500] {processor.py:830} INFO - Processing file /home/nicolaspc/anaconda3/envs/mlops_env/lib/python3.12/site-packages/airflow/example_dags/example_dag_decorator.py for tasks to queue
[2024-07-07T23:41:58.365+0500] {logging_mixin.py:188} INFO - [2024-07-07T23:41:58.364+0500] {dagbag.py:545} INFO - Filling up the DagBag from /home/nicolaspc/anaconda3/envs/mlops_env/lib/python3.12/site-packages/airflow/example_dags/example_dag_decorator.py
[2024-07-07T23:41:58.430+0500] {processor.py:840} INFO - DAG(s) 'example_dag_decorator' retrieved from /home/nicolaspc/anaconda3/envs/mlops_env/lib/python3.12/site-packages/airflow/example_dags/example_dag_decorator.py
[2024-07-07T23:41:58.521+0500] {logging_mixin.py:188} INFO - [2024-07-07T23:41:58.521+0500] {dag.py:3096} INFO - Sync 1 DAGs
[2024-07-07T23:41:58.533+0500] {logging_mixin.py:188} INFO - [2024-07-07T23:41:58.532+0500] {dag.py:3954} INFO - Setting next_dagrun for example_dag_decorator to None, run_after=None
[2024-07-07T23:41:58.565+0500] {processor.py:183} INFO - Processing /home/nicolaspc/anaconda3/envs/mlops_env/lib/python3.12/site-packages/airflow/example_dags/example_dag_decorator.py took 0.216 seconds
[2024-07-07T23:42:18.221+0500] {processor.py:161} INFO - Started process (PID=18672) to work on /home/nicolaspc/anaconda3/envs/mlops_env/lib/python3.12/site-packages/airflow/example_dags/example_dag_decorator.py
[2024-07-07T23:42:18.221+0500] {processor.py:830} INFO - Processing file /home/nicolaspc/anaconda3/envs/mlops_env/lib/python3.12/site-packages/airflow/example_dags/example_dag_decorator.py for tasks to queue
[2024-07-07T23:42:18.223+0500] {logging_mixin.py:188} INFO - [2024-07-07T23:42:18.222+0500] {dagbag.py:545} INFO - Filling up the DagBag from /home/nicolaspc/anaconda3/envs/mlops_env/lib/python3.12/site-packages/airflow/example_dags/example_dag_decorator.py
[2024-07-07T23:42:18.375+0500] {processor.py:840} INFO - DAG(s) 'example_dag_decorator' retrieved from /home/nicolaspc/anaconda3/envs/mlops_env/lib/python3.12/site-packages/airflow/example_dags/example_dag_decorator.py
[2024-07-07T23:42:18.463+0500] {logging_mixin.py:188} INFO - [2024-07-07T23:42:18.462+0500] {dag.py:3096} INFO - Sync 1 DAGs
[2024-07-07T23:42:18.469+0500] {logging_mixin.py:188} INFO - [2024-07-07T23:42:18.469+0500] {dag.py:3954} INFO - Setting next_dagrun for example_dag_decorator to None, run_after=None
[2024-07-07T23:42:18.489+0500] {processor.py:183} INFO - Processing /home/nicolaspc/anaconda3/envs/mlops_env/lib/python3.12/site-packages/airflow/example_dags/example_dag_decorator.py took 0.272 seconds
[2024-07-07T23:42:29.171+0500] {processor.py:161} INFO - Started process (PID=18880) to work on /home/nicolaspc/anaconda3/envs/mlops_env/lib/python3.12/site-packages/airflow/example_dags/example_dag_decorator.py
[2024-07-07T23:42:29.172+0500] {processor.py:830} INFO - Processing file /home/nicolaspc/anaconda3/envs/mlops_env/lib/python3.12/site-packages/airflow/example_dags/example_dag_decorator.py for tasks to queue
[2024-07-07T23:42:29.173+0500] {logging_mixin.py:188} INFO - [2024-07-07T23:42:29.172+0500] {dagbag.py:545} INFO - Filling up the DagBag from /home/nicolaspc/anaconda3/envs/mlops_env/lib/python3.12/site-packages/airflow/example_dags/example_dag_decorator.py
[2024-07-07T23:42:29.238+0500] {processor.py:840} INFO - DAG(s) 'example_dag_decorator' retrieved from /home/nicolaspc/anaconda3/envs/mlops_env/lib/python3.12/site-packages/airflow/example_dags/example_dag_decorator.py
[2024-07-07T23:42:29.319+0500] {logging_mixin.py:188} INFO - [2024-07-07T23:42:29.319+0500] {dag.py:3096} INFO - Sync 1 DAGs
[2024-07-07T23:42:29.326+0500] {logging_mixin.py:188} INFO - [2024-07-07T23:42:29.326+0500] {dag.py:3954} INFO - Setting next_dagrun for example_dag_decorator to None, run_after=None
[2024-07-07T23:42:29.353+0500] {processor.py:183} INFO - Processing /home/nicolaspc/anaconda3/envs/mlops_env/lib/python3.12/site-packages/airflow/example_dags/example_dag_decorator.py took 0.187 seconds
[2024-07-07T23:43:00.021+0500] {processor.py:161} INFO - Started process (PID=19260) to work on /home/nicolaspc/anaconda3/envs/mlops_env/lib/python3.12/site-packages/airflow/example_dags/example_dag_decorator.py
[2024-07-07T23:43:00.022+0500] {processor.py:830} INFO - Processing file /home/nicolaspc/anaconda3/envs/mlops_env/lib/python3.12/site-packages/airflow/example_dags/example_dag_decorator.py for tasks to queue
[2024-07-07T23:43:00.023+0500] {logging_mixin.py:188} INFO - [2024-07-07T23:43:00.022+0500] {dagbag.py:545} INFO - Filling up the DagBag from /home/nicolaspc/anaconda3/envs/mlops_env/lib/python3.12/site-packages/airflow/example_dags/example_dag_decorator.py
[2024-07-07T23:43:00.116+0500] {processor.py:840} INFO - DAG(s) 'example_dag_decorator' retrieved from /home/nicolaspc/anaconda3/envs/mlops_env/lib/python3.12/site-packages/airflow/example_dags/example_dag_decorator.py
[2024-07-07T23:43:00.199+0500] {logging_mixin.py:188} INFO - [2024-07-07T23:43:00.199+0500] {dag.py:3096} INFO - Sync 1 DAGs
[2024-07-07T23:43:00.207+0500] {logging_mixin.py:188} INFO - [2024-07-07T23:43:00.207+0500] {dag.py:3954} INFO - Setting next_dagrun for example_dag_decorator to None, run_after=None
[2024-07-07T23:43:00.232+0500] {processor.py:183} INFO - Processing /home/nicolaspc/anaconda3/envs/mlops_env/lib/python3.12/site-packages/airflow/example_dags/example_dag_decorator.py took 0.219 seconds
[2024-07-07T23:43:31.014+0500] {processor.py:161} INFO - Started process (PID=19591) to work on /home/nicolaspc/anaconda3/envs/mlops_env/lib/python3.12/site-packages/airflow/example_dags/example_dag_decorator.py
[2024-07-07T23:43:31.014+0500] {processor.py:830} INFO - Processing file /home/nicolaspc/anaconda3/envs/mlops_env/lib/python3.12/site-packages/airflow/example_dags/example_dag_decorator.py for tasks to queue
[2024-07-07T23:43:31.015+0500] {logging_mixin.py:188} INFO - [2024-07-07T23:43:31.014+0500] {dagbag.py:545} INFO - Filling up the DagBag from /home/nicolaspc/anaconda3/envs/mlops_env/lib/python3.12/site-packages/airflow/example_dags/example_dag_decorator.py
[2024-07-07T23:43:31.074+0500] {processor.py:840} INFO - DAG(s) 'example_dag_decorator' retrieved from /home/nicolaspc/anaconda3/envs/mlops_env/lib/python3.12/site-packages/airflow/example_dags/example_dag_decorator.py
[2024-07-07T23:43:31.144+0500] {logging_mixin.py:188} INFO - [2024-07-07T23:43:31.144+0500] {dag.py:3096} INFO - Sync 1 DAGs
[2024-07-07T23:43:31.151+0500] {logging_mixin.py:188} INFO - [2024-07-07T23:43:31.151+0500] {dag.py:3954} INFO - Setting next_dagrun for example_dag_decorator to None, run_after=None
[2024-07-07T23:43:31.166+0500] {processor.py:183} INFO - Processing /home/nicolaspc/anaconda3/envs/mlops_env/lib/python3.12/site-packages/airflow/example_dags/example_dag_decorator.py took 0.158 seconds
[2024-07-07T23:44:01.619+0500] {processor.py:161} INFO - Started process (PID=19957) to work on /home/nicolaspc/anaconda3/envs/mlops_env/lib/python3.12/site-packages/airflow/example_dags/example_dag_decorator.py
[2024-07-07T23:44:01.620+0500] {processor.py:830} INFO - Processing file /home/nicolaspc/anaconda3/envs/mlops_env/lib/python3.12/site-packages/airflow/example_dags/example_dag_decorator.py for tasks to queue
[2024-07-07T23:44:01.620+0500] {logging_mixin.py:188} INFO - [2024-07-07T23:44:01.620+0500] {dagbag.py:545} INFO - Filling up the DagBag from /home/nicolaspc/anaconda3/envs/mlops_env/lib/python3.12/site-packages/airflow/example_dags/example_dag_decorator.py
[2024-07-07T23:44:01.678+0500] {processor.py:840} INFO - DAG(s) 'example_dag_decorator' retrieved from /home/nicolaspc/anaconda3/envs/mlops_env/lib/python3.12/site-packages/airflow/example_dags/example_dag_decorator.py
[2024-07-07T23:44:01.752+0500] {logging_mixin.py:188} INFO - [2024-07-07T23:44:01.752+0500] {dag.py:3096} INFO - Sync 1 DAGs
[2024-07-07T23:44:01.760+0500] {logging_mixin.py:188} INFO - [2024-07-07T23:44:01.760+0500] {dag.py:3954} INFO - Setting next_dagrun for example_dag_decorator to None, run_after=None
[2024-07-07T23:44:01.775+0500] {processor.py:183} INFO - Processing /home/nicolaspc/anaconda3/envs/mlops_env/lib/python3.12/site-packages/airflow/example_dags/example_dag_decorator.py took 0.162 seconds
[2024-07-07T23:44:32.206+0500] {processor.py:161} INFO - Started process (PID=20327) to work on /home/nicolaspc/anaconda3/envs/mlops_env/lib/python3.12/site-packages/airflow/example_dags/example_dag_decorator.py
[2024-07-07T23:44:32.207+0500] {processor.py:830} INFO - Processing file /home/nicolaspc/anaconda3/envs/mlops_env/lib/python3.12/site-packages/airflow/example_dags/example_dag_decorator.py for tasks to queue
[2024-07-07T23:44:32.207+0500] {logging_mixin.py:188} INFO - [2024-07-07T23:44:32.207+0500] {dagbag.py:545} INFO - Filling up the DagBag from /home/nicolaspc/anaconda3/envs/mlops_env/lib/python3.12/site-packages/airflow/example_dags/example_dag_decorator.py
[2024-07-07T23:44:32.268+0500] {processor.py:840} INFO - DAG(s) 'example_dag_decorator' retrieved from /home/nicolaspc/anaconda3/envs/mlops_env/lib/python3.12/site-packages/airflow/example_dags/example_dag_decorator.py
[2024-07-07T23:44:32.345+0500] {logging_mixin.py:188} INFO - [2024-07-07T23:44:32.345+0500] {dag.py:3096} INFO - Sync 1 DAGs
[2024-07-07T23:44:32.354+0500] {logging_mixin.py:188} INFO - [2024-07-07T23:44:32.353+0500] {dag.py:3954} INFO - Setting next_dagrun for example_dag_decorator to None, run_after=None
[2024-07-07T23:44:32.371+0500] {processor.py:183} INFO - Processing /home/nicolaspc/anaconda3/envs/mlops_env/lib/python3.12/site-packages/airflow/example_dags/example_dag_decorator.py took 0.172 seconds
[2024-07-07T23:45:02.643+0500] {processor.py:161} INFO - Started process (PID=20676) to work on /home/nicolaspc/anaconda3/envs/mlops_env/lib/python3.12/site-packages/airflow/example_dags/example_dag_decorator.py
[2024-07-07T23:45:02.644+0500] {processor.py:830} INFO - Processing file /home/nicolaspc/anaconda3/envs/mlops_env/lib/python3.12/site-packages/airflow/example_dags/example_dag_decorator.py for tasks to queue
[2024-07-07T23:45:02.645+0500] {logging_mixin.py:188} INFO - [2024-07-07T23:45:02.644+0500] {dagbag.py:545} INFO - Filling up the DagBag from /home/nicolaspc/anaconda3/envs/mlops_env/lib/python3.12/site-packages/airflow/example_dags/example_dag_decorator.py
[2024-07-07T23:45:02.716+0500] {processor.py:840} INFO - DAG(s) 'example_dag_decorator' retrieved from /home/nicolaspc/anaconda3/envs/mlops_env/lib/python3.12/site-packages/airflow/example_dags/example_dag_decorator.py
[2024-07-07T23:45:02.803+0500] {logging_mixin.py:188} INFO - [2024-07-07T23:45:02.802+0500] {dag.py:3096} INFO - Sync 1 DAGs
[2024-07-07T23:45:02.812+0500] {logging_mixin.py:188} INFO - [2024-07-07T23:45:02.811+0500] {dag.py:3954} INFO - Setting next_dagrun for example_dag_decorator to None, run_after=None
[2024-07-07T23:45:02.836+0500] {processor.py:183} INFO - Processing /home/nicolaspc/anaconda3/envs/mlops_env/lib/python3.12/site-packages/airflow/example_dags/example_dag_decorator.py took 0.198 seconds
[2024-07-07T23:45:33.395+0500] {processor.py:161} INFO - Started process (PID=21012) to work on /home/nicolaspc/anaconda3/envs/mlops_env/lib/python3.12/site-packages/airflow/example_dags/example_dag_decorator.py
[2024-07-07T23:45:33.396+0500] {processor.py:830} INFO - Processing file /home/nicolaspc/anaconda3/envs/mlops_env/lib/python3.12/site-packages/airflow/example_dags/example_dag_decorator.py for tasks to queue
[2024-07-07T23:45:33.396+0500] {logging_mixin.py:188} INFO - [2024-07-07T23:45:33.396+0500] {dagbag.py:545} INFO - Filling up the DagBag from /home/nicolaspc/anaconda3/envs/mlops_env/lib/python3.12/site-packages/airflow/example_dags/example_dag_decorator.py
[2024-07-07T23:45:33.453+0500] {processor.py:840} INFO - DAG(s) 'example_dag_decorator' retrieved from /home/nicolaspc/anaconda3/envs/mlops_env/lib/python3.12/site-packages/airflow/example_dags/example_dag_decorator.py
[2024-07-07T23:45:33.529+0500] {logging_mixin.py:188} INFO - [2024-07-07T23:45:33.529+0500] {dag.py:3096} INFO - Sync 1 DAGs
[2024-07-07T23:45:33.536+0500] {logging_mixin.py:188} INFO - [2024-07-07T23:45:33.536+0500] {dag.py:3954} INFO - Setting next_dagrun for example_dag_decorator to None, run_after=None
[2024-07-07T23:45:33.561+0500] {processor.py:183} INFO - Processing /home/nicolaspc/anaconda3/envs/mlops_env/lib/python3.12/site-packages/airflow/example_dags/example_dag_decorator.py took 0.172 seconds
[2024-07-07T23:46:03.959+0500] {processor.py:161} INFO - Started process (PID=21348) to work on /home/nicolaspc/anaconda3/envs/mlops_env/lib/python3.12/site-packages/airflow/example_dags/example_dag_decorator.py
[2024-07-07T23:46:03.974+0500] {processor.py:830} INFO - Processing file /home/nicolaspc/anaconda3/envs/mlops_env/lib/python3.12/site-packages/airflow/example_dags/example_dag_decorator.py for tasks to queue
[2024-07-07T23:46:03.975+0500] {logging_mixin.py:188} INFO - [2024-07-07T23:46:03.974+0500] {dagbag.py:545} INFO - Filling up the DagBag from /home/nicolaspc/anaconda3/envs/mlops_env/lib/python3.12/site-packages/airflow/example_dags/example_dag_decorator.py
[2024-07-07T23:46:04.062+0500] {processor.py:840} INFO - DAG(s) 'example_dag_decorator' retrieved from /home/nicolaspc/anaconda3/envs/mlops_env/lib/python3.12/site-packages/airflow/example_dags/example_dag_decorator.py
[2024-07-07T23:46:04.136+0500] {logging_mixin.py:188} INFO - [2024-07-07T23:46:04.136+0500] {dag.py:3096} INFO - Sync 1 DAGs
[2024-07-07T23:46:04.144+0500] {logging_mixin.py:188} INFO - [2024-07-07T23:46:04.144+0500] {dag.py:3954} INFO - Setting next_dagrun for example_dag_decorator to None, run_after=None
[2024-07-07T23:46:04.160+0500] {processor.py:183} INFO - Processing /home/nicolaspc/anaconda3/envs/mlops_env/lib/python3.12/site-packages/airflow/example_dags/example_dag_decorator.py took 0.208 seconds
[2024-07-07T23:46:34.558+0500] {processor.py:161} INFO - Started process (PID=21699) to work on /home/nicolaspc/anaconda3/envs/mlops_env/lib/python3.12/site-packages/airflow/example_dags/example_dag_decorator.py
[2024-07-07T23:46:34.559+0500] {processor.py:830} INFO - Processing file /home/nicolaspc/anaconda3/envs/mlops_env/lib/python3.12/site-packages/airflow/example_dags/example_dag_decorator.py for tasks to queue
[2024-07-07T23:46:34.560+0500] {logging_mixin.py:188} INFO - [2024-07-07T23:46:34.559+0500] {dagbag.py:545} INFO - Filling up the DagBag from /home/nicolaspc/anaconda3/envs/mlops_env/lib/python3.12/site-packages/airflow/example_dags/example_dag_decorator.py
[2024-07-07T23:46:34.637+0500] {processor.py:840} INFO - DAG(s) 'example_dag_decorator' retrieved from /home/nicolaspc/anaconda3/envs/mlops_env/lib/python3.12/site-packages/airflow/example_dags/example_dag_decorator.py
[2024-07-07T23:46:34.755+0500] {logging_mixin.py:188} INFO - [2024-07-07T23:46:34.755+0500] {dag.py:3096} INFO - Sync 1 DAGs
[2024-07-07T23:46:34.763+0500] {logging_mixin.py:188} INFO - [2024-07-07T23:46:34.763+0500] {dag.py:3954} INFO - Setting next_dagrun for example_dag_decorator to None, run_after=None
[2024-07-07T23:46:34.780+0500] {processor.py:183} INFO - Processing /home/nicolaspc/anaconda3/envs/mlops_env/lib/python3.12/site-packages/airflow/example_dags/example_dag_decorator.py took 0.228 seconds
[2024-07-07T23:47:05.279+0500] {processor.py:161} INFO - Started process (PID=22029) to work on /home/nicolaspc/anaconda3/envs/mlops_env/lib/python3.12/site-packages/airflow/example_dags/example_dag_decorator.py
[2024-07-07T23:47:05.280+0500] {processor.py:830} INFO - Processing file /home/nicolaspc/anaconda3/envs/mlops_env/lib/python3.12/site-packages/airflow/example_dags/example_dag_decorator.py for tasks to queue
[2024-07-07T23:47:05.280+0500] {logging_mixin.py:188} INFO - [2024-07-07T23:47:05.280+0500] {dagbag.py:545} INFO - Filling up the DagBag from /home/nicolaspc/anaconda3/envs/mlops_env/lib/python3.12/site-packages/airflow/example_dags/example_dag_decorator.py
[2024-07-07T23:47:05.352+0500] {processor.py:840} INFO - DAG(s) 'example_dag_decorator' retrieved from /home/nicolaspc/anaconda3/envs/mlops_env/lib/python3.12/site-packages/airflow/example_dags/example_dag_decorator.py
[2024-07-07T23:47:05.440+0500] {logging_mixin.py:188} INFO - [2024-07-07T23:47:05.440+0500] {dag.py:3096} INFO - Sync 1 DAGs
[2024-07-07T23:47:05.447+0500] {logging_mixin.py:188} INFO - [2024-07-07T23:47:05.446+0500] {dag.py:3954} INFO - Setting next_dagrun for example_dag_decorator to None, run_after=None
[2024-07-07T23:47:05.470+0500] {processor.py:183} INFO - Processing /home/nicolaspc/anaconda3/envs/mlops_env/lib/python3.12/site-packages/airflow/example_dags/example_dag_decorator.py took 0.197 seconds
[2024-07-07T23:47:35.806+0500] {processor.py:161} INFO - Started process (PID=22357) to work on /home/nicolaspc/anaconda3/envs/mlops_env/lib/python3.12/site-packages/airflow/example_dags/example_dag_decorator.py
[2024-07-07T23:47:35.806+0500] {processor.py:830} INFO - Processing file /home/nicolaspc/anaconda3/envs/mlops_env/lib/python3.12/site-packages/airflow/example_dags/example_dag_decorator.py for tasks to queue
[2024-07-07T23:47:35.807+0500] {logging_mixin.py:188} INFO - [2024-07-07T23:47:35.807+0500] {dagbag.py:545} INFO - Filling up the DagBag from /home/nicolaspc/anaconda3/envs/mlops_env/lib/python3.12/site-packages/airflow/example_dags/example_dag_decorator.py
[2024-07-07T23:47:35.878+0500] {processor.py:840} INFO - DAG(s) 'example_dag_decorator' retrieved from /home/nicolaspc/anaconda3/envs/mlops_env/lib/python3.12/site-packages/airflow/example_dags/example_dag_decorator.py
[2024-07-07T23:47:35.965+0500] {logging_mixin.py:188} INFO - [2024-07-07T23:47:35.964+0500] {dag.py:3096} INFO - Sync 1 DAGs
[2024-07-07T23:47:35.974+0500] {logging_mixin.py:188} INFO - [2024-07-07T23:47:35.974+0500] {dag.py:3954} INFO - Setting next_dagrun for example_dag_decorator to None, run_after=None
[2024-07-07T23:47:35.997+0500] {processor.py:183} INFO - Processing /home/nicolaspc/anaconda3/envs/mlops_env/lib/python3.12/site-packages/airflow/example_dags/example_dag_decorator.py took 0.197 seconds
[2024-07-07T23:48:06.407+0500] {processor.py:161} INFO - Started process (PID=22679) to work on /home/nicolaspc/anaconda3/envs/mlops_env/lib/python3.12/site-packages/airflow/example_dags/example_dag_decorator.py
[2024-07-07T23:48:06.408+0500] {processor.py:830} INFO - Processing file /home/nicolaspc/anaconda3/envs/mlops_env/lib/python3.12/site-packages/airflow/example_dags/example_dag_decorator.py for tasks to queue
[2024-07-07T23:48:06.409+0500] {logging_mixin.py:188} INFO - [2024-07-07T23:48:06.408+0500] {dagbag.py:545} INFO - Filling up the DagBag from /home/nicolaspc/anaconda3/envs/mlops_env/lib/python3.12/site-packages/airflow/example_dags/example_dag_decorator.py
[2024-07-07T23:48:06.465+0500] {processor.py:840} INFO - DAG(s) 'example_dag_decorator' retrieved from /home/nicolaspc/anaconda3/envs/mlops_env/lib/python3.12/site-packages/airflow/example_dags/example_dag_decorator.py
[2024-07-07T23:48:06.486+0500] {logging_mixin.py:188} INFO - [2024-07-07T23:48:06.486+0500] {dag.py:3096} INFO - Sync 1 DAGs
[2024-07-07T23:48:06.495+0500] {logging_mixin.py:188} INFO - [2024-07-07T23:48:06.494+0500] {dag.py:3954} INFO - Setting next_dagrun for example_dag_decorator to None, run_after=None
[2024-07-07T23:48:06.511+0500] {processor.py:183} INFO - Processing /home/nicolaspc/anaconda3/envs/mlops_env/lib/python3.12/site-packages/airflow/example_dags/example_dag_decorator.py took 0.110 seconds
[2024-07-07T23:48:36.921+0500] {processor.py:161} INFO - Started process (PID=23033) to work on /home/nicolaspc/anaconda3/envs/mlops_env/lib/python3.12/site-packages/airflow/example_dags/example_dag_decorator.py
[2024-07-07T23:48:36.921+0500] {processor.py:830} INFO - Processing file /home/nicolaspc/anaconda3/envs/mlops_env/lib/python3.12/site-packages/airflow/example_dags/example_dag_decorator.py for tasks to queue
[2024-07-07T23:48:36.922+0500] {logging_mixin.py:188} INFO - [2024-07-07T23:48:36.922+0500] {dagbag.py:545} INFO - Filling up the DagBag from /home/nicolaspc/anaconda3/envs/mlops_env/lib/python3.12/site-packages/airflow/example_dags/example_dag_decorator.py
[2024-07-07T23:48:36.989+0500] {processor.py:840} INFO - DAG(s) 'example_dag_decorator' retrieved from /home/nicolaspc/anaconda3/envs/mlops_env/lib/python3.12/site-packages/airflow/example_dags/example_dag_decorator.py
[2024-07-07T23:48:37.073+0500] {logging_mixin.py:188} INFO - [2024-07-07T23:48:37.072+0500] {dag.py:3096} INFO - Sync 1 DAGs
[2024-07-07T23:48:37.080+0500] {logging_mixin.py:188} INFO - [2024-07-07T23:48:37.080+0500] {dag.py:3954} INFO - Setting next_dagrun for example_dag_decorator to None, run_after=None
[2024-07-07T23:48:37.097+0500] {processor.py:183} INFO - Processing /home/nicolaspc/anaconda3/envs/mlops_env/lib/python3.12/site-packages/airflow/example_dags/example_dag_decorator.py took 0.182 seconds
[2024-07-07T23:49:08.861+0500] {processor.py:161} INFO - Started process (PID=23579) to work on /home/nicolaspc/anaconda3/envs/mlops_env/lib/python3.12/site-packages/airflow/example_dags/example_dag_decorator.py
[2024-07-07T23:49:08.862+0500] {processor.py:830} INFO - Processing file /home/nicolaspc/anaconda3/envs/mlops_env/lib/python3.12/site-packages/airflow/example_dags/example_dag_decorator.py for tasks to queue
[2024-07-07T23:49:08.862+0500] {logging_mixin.py:188} INFO - [2024-07-07T23:49:08.862+0500] {dagbag.py:545} INFO - Filling up the DagBag from /home/nicolaspc/anaconda3/envs/mlops_env/lib/python3.12/site-packages/airflow/example_dags/example_dag_decorator.py
[2024-07-07T23:49:08.924+0500] {processor.py:840} INFO - DAG(s) 'example_dag_decorator' retrieved from /home/nicolaspc/anaconda3/envs/mlops_env/lib/python3.12/site-packages/airflow/example_dags/example_dag_decorator.py
[2024-07-07T23:49:09.006+0500] {logging_mixin.py:188} INFO - [2024-07-07T23:49:09.006+0500] {dag.py:3096} INFO - Sync 1 DAGs
[2024-07-07T23:49:09.013+0500] {logging_mixin.py:188} INFO - [2024-07-07T23:49:09.013+0500] {dag.py:3954} INFO - Setting next_dagrun for example_dag_decorator to None, run_after=None
[2024-07-07T23:49:09.032+0500] {processor.py:183} INFO - Processing /home/nicolaspc/anaconda3/envs/mlops_env/lib/python3.12/site-packages/airflow/example_dags/example_dag_decorator.py took 0.177 seconds
[2024-07-07T23:49:39.868+0500] {processor.py:161} INFO - Started process (PID=23937) to work on /home/nicolaspc/anaconda3/envs/mlops_env/lib/python3.12/site-packages/airflow/example_dags/example_dag_decorator.py
[2024-07-07T23:49:39.869+0500] {processor.py:830} INFO - Processing file /home/nicolaspc/anaconda3/envs/mlops_env/lib/python3.12/site-packages/airflow/example_dags/example_dag_decorator.py for tasks to queue
[2024-07-07T23:49:39.869+0500] {logging_mixin.py:188} INFO - [2024-07-07T23:49:39.869+0500] {dagbag.py:545} INFO - Filling up the DagBag from /home/nicolaspc/anaconda3/envs/mlops_env/lib/python3.12/site-packages/airflow/example_dags/example_dag_decorator.py
[2024-07-07T23:49:39.930+0500] {processor.py:840} INFO - DAG(s) 'example_dag_decorator' retrieved from /home/nicolaspc/anaconda3/envs/mlops_env/lib/python3.12/site-packages/airflow/example_dags/example_dag_decorator.py
[2024-07-07T23:49:40.006+0500] {logging_mixin.py:188} INFO - [2024-07-07T23:49:40.006+0500] {dag.py:3096} INFO - Sync 1 DAGs
[2024-07-07T23:49:40.015+0500] {logging_mixin.py:188} INFO - [2024-07-07T23:49:40.014+0500] {dag.py:3954} INFO - Setting next_dagrun for example_dag_decorator to None, run_after=None
[2024-07-07T23:49:40.030+0500] {processor.py:183} INFO - Processing /home/nicolaspc/anaconda3/envs/mlops_env/lib/python3.12/site-packages/airflow/example_dags/example_dag_decorator.py took 0.167 seconds
