[2024-07-07T23:35:18.645+0500] {processor.py:161} INFO - Started process (PID=13336) to work on /home/nicolaspc/anaconda3/envs/mlops_env/lib/python3.12/site-packages/airflow/example_dags/tutorial_objectstorage.py
[2024-07-07T23:35:18.645+0500] {processor.py:830} INFO - Processing file /home/nicolaspc/anaconda3/envs/mlops_env/lib/python3.12/site-packages/airflow/example_dags/tutorial_objectstorage.py for tasks to queue
[2024-07-07T23:35:18.646+0500] {logging_mixin.py:188} INFO - [2024-07-07T23:35:18.645+0500] {dagbag.py:545} INFO - Filling up the DagBag from /home/nicolaspc/anaconda3/envs/mlops_env/lib/python3.12/site-packages/airflow/example_dags/tutorial_objectstorage.py
[2024-07-07T23:35:18.651+0500] {processor.py:840} INFO - DAG(s) 'tutorial_objectstorage' retrieved from /home/nicolaspc/anaconda3/envs/mlops_env/lib/python3.12/site-packages/airflow/example_dags/tutorial_objectstorage.py
[2024-07-07T23:35:18.672+0500] {logging_mixin.py:188} INFO - [2024-07-07T23:35:18.672+0500] {dag.py:3096} INFO - Sync 1 DAGs
[2024-07-07T23:35:18.680+0500] {logging_mixin.py:188} INFO - [2024-07-07T23:35:18.680+0500] {dag.py:3954} INFO - Setting next_dagrun for tutorial_objectstorage to None, run_after=None
[2024-07-07T23:35:18.695+0500] {processor.py:183} INFO - Processing /home/nicolaspc/anaconda3/envs/mlops_env/lib/python3.12/site-packages/airflow/example_dags/tutorial_objectstorage.py took 0.057 seconds
[2024-07-07T23:35:49.360+0500] {processor.py:161} INFO - Started process (PID=13685) to work on /home/nicolaspc/anaconda3/envs/mlops_env/lib/python3.12/site-packages/airflow/example_dags/tutorial_objectstorage.py
[2024-07-07T23:35:49.361+0500] {processor.py:830} INFO - Processing file /home/nicolaspc/anaconda3/envs/mlops_env/lib/python3.12/site-packages/airflow/example_dags/tutorial_objectstorage.py for tasks to queue
[2024-07-07T23:35:49.361+0500] {logging_mixin.py:188} INFO - [2024-07-07T23:35:49.361+0500] {dagbag.py:545} INFO - Filling up the DagBag from /home/nicolaspc/anaconda3/envs/mlops_env/lib/python3.12/site-packages/airflow/example_dags/tutorial_objectstorage.py
[2024-07-07T23:35:49.366+0500] {processor.py:840} INFO - DAG(s) 'tutorial_objectstorage' retrieved from /home/nicolaspc/anaconda3/envs/mlops_env/lib/python3.12/site-packages/airflow/example_dags/tutorial_objectstorage.py
[2024-07-07T23:35:49.385+0500] {logging_mixin.py:188} INFO - [2024-07-07T23:35:49.385+0500] {dag.py:3096} INFO - Sync 1 DAGs
[2024-07-07T23:35:49.394+0500] {logging_mixin.py:188} INFO - [2024-07-07T23:35:49.394+0500] {dag.py:3954} INFO - Setting next_dagrun for tutorial_objectstorage to None, run_after=None
[2024-07-07T23:35:49.409+0500] {processor.py:183} INFO - Processing /home/nicolaspc/anaconda3/envs/mlops_env/lib/python3.12/site-packages/airflow/example_dags/tutorial_objectstorage.py took 0.054 seconds
[2024-07-07T23:36:18.802+0500] {processor.py:161} INFO - Started process (PID=14013) to work on /home/nicolaspc/anaconda3/envs/mlops_env/lib/python3.12/site-packages/airflow/example_dags/tutorial_objectstorage.py
[2024-07-07T23:36:18.810+0500] {processor.py:830} INFO - Processing file /home/nicolaspc/anaconda3/envs/mlops_env/lib/python3.12/site-packages/airflow/example_dags/tutorial_objectstorage.py for tasks to queue
[2024-07-07T23:36:18.812+0500] {logging_mixin.py:188} INFO - [2024-07-07T23:36:18.812+0500] {dagbag.py:545} INFO - Filling up the DagBag from /home/nicolaspc/anaconda3/envs/mlops_env/lib/python3.12/site-packages/airflow/example_dags/tutorial_objectstorage.py
[2024-07-07T23:36:18.818+0500] {processor.py:840} INFO - DAG(s) 'tutorial_objectstorage' retrieved from /home/nicolaspc/anaconda3/envs/mlops_env/lib/python3.12/site-packages/airflow/example_dags/tutorial_objectstorage.py
[2024-07-07T23:36:18.897+0500] {logging_mixin.py:188} INFO - [2024-07-07T23:36:18.896+0500] {override.py:1829} INFO - Created Permission View: can delete on DAG:tutorial_objectstorage
[2024-07-07T23:36:18.911+0500] {logging_mixin.py:188} INFO - [2024-07-07T23:36:18.910+0500] {override.py:1829} INFO - Created Permission View: can edit on DAG:tutorial_objectstorage
[2024-07-07T23:36:18.923+0500] {logging_mixin.py:188} INFO - [2024-07-07T23:36:18.923+0500] {override.py:1829} INFO - Created Permission View: can read on DAG:tutorial_objectstorage
[2024-07-07T23:36:18.924+0500] {logging_mixin.py:188} INFO - [2024-07-07T23:36:18.924+0500] {dag.py:3096} INFO - Sync 1 DAGs
[2024-07-07T23:36:18.931+0500] {logging_mixin.py:188} INFO - [2024-07-07T23:36:18.930+0500] {dag.py:3118} INFO - Creating ORM DAG for tutorial_objectstorage
[2024-07-07T23:36:18.931+0500] {logging_mixin.py:188} INFO - [2024-07-07T23:36:18.931+0500] {dag.py:3954} INFO - Setting next_dagrun for tutorial_objectstorage to None, run_after=None
[2024-07-07T23:36:18.951+0500] {processor.py:183} INFO - Processing /home/nicolaspc/anaconda3/envs/mlops_env/lib/python3.12/site-packages/airflow/example_dags/tutorial_objectstorage.py took 0.153 seconds
[2024-07-07T23:36:20.073+0500] {processor.py:161} INFO - Started process (PID=14100) to work on /home/nicolaspc/anaconda3/envs/mlops_env/lib/python3.12/site-packages/airflow/example_dags/tutorial_objectstorage.py
[2024-07-07T23:36:20.074+0500] {processor.py:830} INFO - Processing file /home/nicolaspc/anaconda3/envs/mlops_env/lib/python3.12/site-packages/airflow/example_dags/tutorial_objectstorage.py for tasks to queue
[2024-07-07T23:36:20.074+0500] {logging_mixin.py:188} INFO - [2024-07-07T23:36:20.074+0500] {dagbag.py:545} INFO - Filling up the DagBag from /home/nicolaspc/anaconda3/envs/mlops_env/lib/python3.12/site-packages/airflow/example_dags/tutorial_objectstorage.py
[2024-07-07T23:36:20.079+0500] {processor.py:840} INFO - DAG(s) 'tutorial_objectstorage' retrieved from /home/nicolaspc/anaconda3/envs/mlops_env/lib/python3.12/site-packages/airflow/example_dags/tutorial_objectstorage.py
[2024-07-07T23:36:20.099+0500] {logging_mixin.py:188} INFO - [2024-07-07T23:36:20.099+0500] {dag.py:3096} INFO - Sync 1 DAGs
[2024-07-07T23:36:20.108+0500] {logging_mixin.py:188} INFO - [2024-07-07T23:36:20.108+0500] {dag.py:3954} INFO - Setting next_dagrun for tutorial_objectstorage to None, run_after=None
[2024-07-07T23:36:20.124+0500] {processor.py:183} INFO - Processing /home/nicolaspc/anaconda3/envs/mlops_env/lib/python3.12/site-packages/airflow/example_dags/tutorial_objectstorage.py took 0.058 seconds
[2024-07-07T23:36:50.712+0500] {processor.py:161} INFO - Started process (PID=14491) to work on /home/nicolaspc/anaconda3/envs/mlops_env/lib/python3.12/site-packages/airflow/example_dags/tutorial_objectstorage.py
[2024-07-07T23:36:50.713+0500] {processor.py:830} INFO - Processing file /home/nicolaspc/anaconda3/envs/mlops_env/lib/python3.12/site-packages/airflow/example_dags/tutorial_objectstorage.py for tasks to queue
[2024-07-07T23:36:50.714+0500] {logging_mixin.py:188} INFO - [2024-07-07T23:36:50.713+0500] {dagbag.py:545} INFO - Filling up the DagBag from /home/nicolaspc/anaconda3/envs/mlops_env/lib/python3.12/site-packages/airflow/example_dags/tutorial_objectstorage.py
[2024-07-07T23:36:50.718+0500] {processor.py:840} INFO - DAG(s) 'tutorial_objectstorage' retrieved from /home/nicolaspc/anaconda3/envs/mlops_env/lib/python3.12/site-packages/airflow/example_dags/tutorial_objectstorage.py
[2024-07-07T23:36:50.738+0500] {logging_mixin.py:188} INFO - [2024-07-07T23:36:50.738+0500] {dag.py:3096} INFO - Sync 1 DAGs
[2024-07-07T23:36:50.748+0500] {logging_mixin.py:188} INFO - [2024-07-07T23:36:50.748+0500] {dag.py:3954} INFO - Setting next_dagrun for tutorial_objectstorage to None, run_after=None
[2024-07-07T23:36:50.763+0500] {processor.py:183} INFO - Processing /home/nicolaspc/anaconda3/envs/mlops_env/lib/python3.12/site-packages/airflow/example_dags/tutorial_objectstorage.py took 0.057 seconds
[2024-07-07T23:37:11.042+0500] {processor.py:161} INFO - Started process (PID=14760) to work on /home/nicolaspc/anaconda3/envs/mlops_env/lib/python3.12/site-packages/airflow/example_dags/tutorial_objectstorage.py
[2024-07-07T23:37:11.043+0500] {processor.py:830} INFO - Processing file /home/nicolaspc/anaconda3/envs/mlops_env/lib/python3.12/site-packages/airflow/example_dags/tutorial_objectstorage.py for tasks to queue
[2024-07-07T23:37:11.044+0500] {logging_mixin.py:188} INFO - [2024-07-07T23:37:11.043+0500] {dagbag.py:545} INFO - Filling up the DagBag from /home/nicolaspc/anaconda3/envs/mlops_env/lib/python3.12/site-packages/airflow/example_dags/tutorial_objectstorage.py
[2024-07-07T23:37:11.049+0500] {processor.py:840} INFO - DAG(s) 'tutorial_objectstorage' retrieved from /home/nicolaspc/anaconda3/envs/mlops_env/lib/python3.12/site-packages/airflow/example_dags/tutorial_objectstorage.py
[2024-07-07T23:37:11.059+0500] {logging_mixin.py:188} INFO - [2024-07-07T23:37:11.058+0500] {dag.py:3096} INFO - Sync 1 DAGs
[2024-07-07T23:37:11.066+0500] {logging_mixin.py:188} INFO - [2024-07-07T23:37:11.066+0500] {dag.py:3954} INFO - Setting next_dagrun for tutorial_objectstorage to None, run_after=None
[2024-07-07T23:37:11.087+0500] {processor.py:183} INFO - Processing /home/nicolaspc/anaconda3/envs/mlops_env/lib/python3.12/site-packages/airflow/example_dags/tutorial_objectstorage.py took 0.049 seconds
[2024-07-07T23:37:21.122+0500] {processor.py:161} INFO - Started process (PID=14847) to work on /home/nicolaspc/anaconda3/envs/mlops_env/lib/python3.12/site-packages/airflow/example_dags/tutorial_objectstorage.py
[2024-07-07T23:37:21.122+0500] {processor.py:830} INFO - Processing file /home/nicolaspc/anaconda3/envs/mlops_env/lib/python3.12/site-packages/airflow/example_dags/tutorial_objectstorage.py for tasks to queue
[2024-07-07T23:37:21.123+0500] {logging_mixin.py:188} INFO - [2024-07-07T23:37:21.123+0500] {dagbag.py:545} INFO - Filling up the DagBag from /home/nicolaspc/anaconda3/envs/mlops_env/lib/python3.12/site-packages/airflow/example_dags/tutorial_objectstorage.py
[2024-07-07T23:37:21.128+0500] {processor.py:840} INFO - DAG(s) 'tutorial_objectstorage' retrieved from /home/nicolaspc/anaconda3/envs/mlops_env/lib/python3.12/site-packages/airflow/example_dags/tutorial_objectstorage.py
[2024-07-07T23:37:21.147+0500] {logging_mixin.py:188} INFO - [2024-07-07T23:37:21.147+0500] {dag.py:3096} INFO - Sync 1 DAGs
[2024-07-07T23:37:21.155+0500] {logging_mixin.py:188} INFO - [2024-07-07T23:37:21.155+0500] {dag.py:3954} INFO - Setting next_dagrun for tutorial_objectstorage to None, run_after=None
[2024-07-07T23:37:21.171+0500] {processor.py:183} INFO - Processing /home/nicolaspc/anaconda3/envs/mlops_env/lib/python3.12/site-packages/airflow/example_dags/tutorial_objectstorage.py took 0.055 seconds
[2024-07-07T23:37:51.538+0500] {processor.py:161} INFO - Started process (PID=15233) to work on /home/nicolaspc/anaconda3/envs/mlops_env/lib/python3.12/site-packages/airflow/example_dags/tutorial_objectstorage.py
[2024-07-07T23:37:51.538+0500] {processor.py:830} INFO - Processing file /home/nicolaspc/anaconda3/envs/mlops_env/lib/python3.12/site-packages/airflow/example_dags/tutorial_objectstorage.py for tasks to queue
[2024-07-07T23:37:51.539+0500] {logging_mixin.py:188} INFO - [2024-07-07T23:37:51.539+0500] {dagbag.py:545} INFO - Filling up the DagBag from /home/nicolaspc/anaconda3/envs/mlops_env/lib/python3.12/site-packages/airflow/example_dags/tutorial_objectstorage.py
[2024-07-07T23:37:51.544+0500] {processor.py:840} INFO - DAG(s) 'tutorial_objectstorage' retrieved from /home/nicolaspc/anaconda3/envs/mlops_env/lib/python3.12/site-packages/airflow/example_dags/tutorial_objectstorage.py
[2024-07-07T23:37:51.564+0500] {logging_mixin.py:188} INFO - [2024-07-07T23:37:51.563+0500] {dag.py:3096} INFO - Sync 1 DAGs
[2024-07-07T23:37:51.572+0500] {logging_mixin.py:188} INFO - [2024-07-07T23:37:51.572+0500] {dag.py:3954} INFO - Setting next_dagrun for tutorial_objectstorage to None, run_after=None
[2024-07-07T23:37:51.588+0500] {processor.py:183} INFO - Processing /home/nicolaspc/anaconda3/envs/mlops_env/lib/python3.12/site-packages/airflow/example_dags/tutorial_objectstorage.py took 0.057 seconds
[2024-07-07T23:38:00.254+0500] {processor.py:161} INFO - Started process (PID=15508) to work on /home/nicolaspc/anaconda3/envs/mlops_env/lib/python3.12/site-packages/airflow/example_dags/tutorial_objectstorage.py
[2024-07-07T23:38:00.254+0500] {processor.py:830} INFO - Processing file /home/nicolaspc/anaconda3/envs/mlops_env/lib/python3.12/site-packages/airflow/example_dags/tutorial_objectstorage.py for tasks to queue
[2024-07-07T23:38:00.256+0500] {logging_mixin.py:188} INFO - [2024-07-07T23:38:00.255+0500] {dagbag.py:545} INFO - Filling up the DagBag from /home/nicolaspc/anaconda3/envs/mlops_env/lib/python3.12/site-packages/airflow/example_dags/tutorial_objectstorage.py
[2024-07-07T23:38:00.260+0500] {processor.py:840} INFO - DAG(s) 'tutorial_objectstorage' retrieved from /home/nicolaspc/anaconda3/envs/mlops_env/lib/python3.12/site-packages/airflow/example_dags/tutorial_objectstorage.py
[2024-07-07T23:38:00.270+0500] {logging_mixin.py:188} INFO - [2024-07-07T23:38:00.269+0500] {dag.py:3096} INFO - Sync 1 DAGs
[2024-07-07T23:38:00.277+0500] {logging_mixin.py:188} INFO - [2024-07-07T23:38:00.277+0500] {dag.py:3954} INFO - Setting next_dagrun for tutorial_objectstorage to None, run_after=None
[2024-07-07T23:38:00.297+0500] {processor.py:183} INFO - Processing /home/nicolaspc/anaconda3/envs/mlops_env/lib/python3.12/site-packages/airflow/example_dags/tutorial_objectstorage.py took 0.047 seconds
[2024-07-07T23:38:22.214+0500] {processor.py:161} INFO - Started process (PID=15625) to work on /home/nicolaspc/anaconda3/envs/mlops_env/lib/python3.12/site-packages/airflow/example_dags/tutorial_objectstorage.py
[2024-07-07T23:38:22.215+0500] {processor.py:830} INFO - Processing file /home/nicolaspc/anaconda3/envs/mlops_env/lib/python3.12/site-packages/airflow/example_dags/tutorial_objectstorage.py for tasks to queue
[2024-07-07T23:38:22.216+0500] {logging_mixin.py:188} INFO - [2024-07-07T23:38:22.215+0500] {dagbag.py:545} INFO - Filling up the DagBag from /home/nicolaspc/anaconda3/envs/mlops_env/lib/python3.12/site-packages/airflow/example_dags/tutorial_objectstorage.py
[2024-07-07T23:38:22.221+0500] {processor.py:840} INFO - DAG(s) 'tutorial_objectstorage' retrieved from /home/nicolaspc/anaconda3/envs/mlops_env/lib/python3.12/site-packages/airflow/example_dags/tutorial_objectstorage.py
[2024-07-07T23:38:22.241+0500] {logging_mixin.py:188} INFO - [2024-07-07T23:38:22.241+0500] {dag.py:3096} INFO - Sync 1 DAGs
[2024-07-07T23:38:22.250+0500] {logging_mixin.py:188} INFO - [2024-07-07T23:38:22.250+0500] {dag.py:3954} INFO - Setting next_dagrun for tutorial_objectstorage to None, run_after=None
[2024-07-07T23:38:22.265+0500] {processor.py:183} INFO - Processing /home/nicolaspc/anaconda3/envs/mlops_env/lib/python3.12/site-packages/airflow/example_dags/tutorial_objectstorage.py took 0.057 seconds
[2024-07-07T23:38:41.411+0500] {processor.py:161} INFO - Started process (PID=15921) to work on /home/nicolaspc/anaconda3/envs/mlops_env/lib/python3.12/site-packages/airflow/example_dags/tutorial_objectstorage.py
[2024-07-07T23:38:41.419+0500] {processor.py:830} INFO - Processing file /home/nicolaspc/anaconda3/envs/mlops_env/lib/python3.12/site-packages/airflow/example_dags/tutorial_objectstorage.py for tasks to queue
[2024-07-07T23:38:41.421+0500] {logging_mixin.py:188} INFO - [2024-07-07T23:38:41.421+0500] {dagbag.py:545} INFO - Filling up the DagBag from /home/nicolaspc/anaconda3/envs/mlops_env/lib/python3.12/site-packages/airflow/example_dags/tutorial_objectstorage.py
[2024-07-07T23:38:41.426+0500] {processor.py:840} INFO - DAG(s) 'tutorial_objectstorage' retrieved from /home/nicolaspc/anaconda3/envs/mlops_env/lib/python3.12/site-packages/airflow/example_dags/tutorial_objectstorage.py
[2024-07-07T23:38:41.435+0500] {logging_mixin.py:188} INFO - [2024-07-07T23:38:41.435+0500] {dag.py:3096} INFO - Sync 1 DAGs
[2024-07-07T23:38:41.443+0500] {logging_mixin.py:188} INFO - [2024-07-07T23:38:41.442+0500] {dag.py:3954} INFO - Setting next_dagrun for tutorial_objectstorage to None, run_after=None
[2024-07-07T23:38:41.462+0500] {processor.py:183} INFO - Processing /home/nicolaspc/anaconda3/envs/mlops_env/lib/python3.12/site-packages/airflow/example_dags/tutorial_objectstorage.py took 0.055 seconds
[2024-07-07T23:38:52.986+0500] {processor.py:161} INFO - Started process (PID=16010) to work on /home/nicolaspc/anaconda3/envs/mlops_env/lib/python3.12/site-packages/airflow/example_dags/tutorial_objectstorage.py
[2024-07-07T23:38:52.987+0500] {processor.py:830} INFO - Processing file /home/nicolaspc/anaconda3/envs/mlops_env/lib/python3.12/site-packages/airflow/example_dags/tutorial_objectstorage.py for tasks to queue
[2024-07-07T23:38:52.987+0500] {logging_mixin.py:188} INFO - [2024-07-07T23:38:52.987+0500] {dagbag.py:545} INFO - Filling up the DagBag from /home/nicolaspc/anaconda3/envs/mlops_env/lib/python3.12/site-packages/airflow/example_dags/tutorial_objectstorage.py
[2024-07-07T23:38:52.992+0500] {processor.py:840} INFO - DAG(s) 'tutorial_objectstorage' retrieved from /home/nicolaspc/anaconda3/envs/mlops_env/lib/python3.12/site-packages/airflow/example_dags/tutorial_objectstorage.py
[2024-07-07T23:38:53.013+0500] {logging_mixin.py:188} INFO - [2024-07-07T23:38:53.012+0500] {dag.py:3096} INFO - Sync 1 DAGs
[2024-07-07T23:38:53.022+0500] {logging_mixin.py:188} INFO - [2024-07-07T23:38:53.022+0500] {dag.py:3954} INFO - Setting next_dagrun for tutorial_objectstorage to None, run_after=None
[2024-07-07T23:38:53.038+0500] {processor.py:183} INFO - Processing /home/nicolaspc/anaconda3/envs/mlops_env/lib/python3.12/site-packages/airflow/example_dags/tutorial_objectstorage.py took 0.058 seconds
[2024-07-07T23:39:23.611+0500] {processor.py:161} INFO - Started process (PID=16407) to work on /home/nicolaspc/anaconda3/envs/mlops_env/lib/python3.12/site-packages/airflow/example_dags/tutorial_objectstorage.py
[2024-07-07T23:39:23.611+0500] {processor.py:830} INFO - Processing file /home/nicolaspc/anaconda3/envs/mlops_env/lib/python3.12/site-packages/airflow/example_dags/tutorial_objectstorage.py for tasks to queue
[2024-07-07T23:39:23.612+0500] {logging_mixin.py:188} INFO - [2024-07-07T23:39:23.612+0500] {dagbag.py:545} INFO - Filling up the DagBag from /home/nicolaspc/anaconda3/envs/mlops_env/lib/python3.12/site-packages/airflow/example_dags/tutorial_objectstorage.py
[2024-07-07T23:39:23.617+0500] {processor.py:840} INFO - DAG(s) 'tutorial_objectstorage' retrieved from /home/nicolaspc/anaconda3/envs/mlops_env/lib/python3.12/site-packages/airflow/example_dags/tutorial_objectstorage.py
[2024-07-07T23:39:23.635+0500] {logging_mixin.py:188} INFO - [2024-07-07T23:39:23.635+0500] {dag.py:3096} INFO - Sync 1 DAGs
[2024-07-07T23:39:23.644+0500] {logging_mixin.py:188} INFO - [2024-07-07T23:39:23.644+0500] {dag.py:3954} INFO - Setting next_dagrun for tutorial_objectstorage to None, run_after=None
[2024-07-07T23:39:23.660+0500] {processor.py:183} INFO - Processing /home/nicolaspc/anaconda3/envs/mlops_env/lib/python3.12/site-packages/airflow/example_dags/tutorial_objectstorage.py took 0.055 seconds
[2024-07-07T23:39:23.831+0500] {processor.py:161} INFO - Started process (PID=16441) to work on /home/nicolaspc/anaconda3/envs/mlops_env/lib/python3.12/site-packages/airflow/example_dags/tutorial_objectstorage.py
[2024-07-07T23:39:23.831+0500] {processor.py:830} INFO - Processing file /home/nicolaspc/anaconda3/envs/mlops_env/lib/python3.12/site-packages/airflow/example_dags/tutorial_objectstorage.py for tasks to queue
[2024-07-07T23:39:23.832+0500] {logging_mixin.py:188} INFO - [2024-07-07T23:39:23.832+0500] {dagbag.py:545} INFO - Filling up the DagBag from /home/nicolaspc/anaconda3/envs/mlops_env/lib/python3.12/site-packages/airflow/example_dags/tutorial_objectstorage.py
[2024-07-07T23:39:23.837+0500] {processor.py:840} INFO - DAG(s) 'tutorial_objectstorage' retrieved from /home/nicolaspc/anaconda3/envs/mlops_env/lib/python3.12/site-packages/airflow/example_dags/tutorial_objectstorage.py
[2024-07-07T23:39:23.847+0500] {logging_mixin.py:188} INFO - [2024-07-07T23:39:23.847+0500] {dag.py:3096} INFO - Sync 1 DAGs
[2024-07-07T23:39:23.854+0500] {logging_mixin.py:188} INFO - [2024-07-07T23:39:23.854+0500] {dag.py:3954} INFO - Setting next_dagrun for tutorial_objectstorage to None, run_after=None
[2024-07-07T23:39:23.880+0500] {processor.py:183} INFO - Processing /home/nicolaspc/anaconda3/envs/mlops_env/lib/python3.12/site-packages/airflow/example_dags/tutorial_objectstorage.py took 0.053 seconds
[2024-07-07T23:39:54.264+0500] {processor.py:161} INFO - Started process (PID=16763) to work on /home/nicolaspc/anaconda3/envs/mlops_env/lib/python3.12/site-packages/airflow/example_dags/tutorial_objectstorage.py
[2024-07-07T23:39:54.265+0500] {processor.py:830} INFO - Processing file /home/nicolaspc/anaconda3/envs/mlops_env/lib/python3.12/site-packages/airflow/example_dags/tutorial_objectstorage.py for tasks to queue
[2024-07-07T23:39:54.266+0500] {logging_mixin.py:188} INFO - [2024-07-07T23:39:54.265+0500] {dagbag.py:545} INFO - Filling up the DagBag from /home/nicolaspc/anaconda3/envs/mlops_env/lib/python3.12/site-packages/airflow/example_dags/tutorial_objectstorage.py
[2024-07-07T23:39:54.270+0500] {processor.py:840} INFO - DAG(s) 'tutorial_objectstorage' retrieved from /home/nicolaspc/anaconda3/envs/mlops_env/lib/python3.12/site-packages/airflow/example_dags/tutorial_objectstorage.py
[2024-07-07T23:39:54.290+0500] {logging_mixin.py:188} INFO - [2024-07-07T23:39:54.290+0500] {dag.py:3096} INFO - Sync 1 DAGs
[2024-07-07T23:39:54.299+0500] {logging_mixin.py:188} INFO - [2024-07-07T23:39:54.299+0500] {dag.py:3954} INFO - Setting next_dagrun for tutorial_objectstorage to None, run_after=None
[2024-07-07T23:39:54.316+0500] {processor.py:183} INFO - Processing /home/nicolaspc/anaconda3/envs/mlops_env/lib/python3.12/site-packages/airflow/example_dags/tutorial_objectstorage.py took 0.057 seconds
[2024-07-07T23:40:03.903+0500] {processor.py:161} INFO - Started process (PID=17032) to work on /home/nicolaspc/anaconda3/envs/mlops_env/lib/python3.12/site-packages/airflow/example_dags/tutorial_objectstorage.py
[2024-07-07T23:40:03.911+0500] {processor.py:830} INFO - Processing file /home/nicolaspc/anaconda3/envs/mlops_env/lib/python3.12/site-packages/airflow/example_dags/tutorial_objectstorage.py for tasks to queue
[2024-07-07T23:40:03.913+0500] {logging_mixin.py:188} INFO - [2024-07-07T23:40:03.913+0500] {dagbag.py:545} INFO - Filling up the DagBag from /home/nicolaspc/anaconda3/envs/mlops_env/lib/python3.12/site-packages/airflow/example_dags/tutorial_objectstorage.py
[2024-07-07T23:40:03.919+0500] {processor.py:840} INFO - DAG(s) 'tutorial_objectstorage' retrieved from /home/nicolaspc/anaconda3/envs/mlops_env/lib/python3.12/site-packages/airflow/example_dags/tutorial_objectstorage.py
[2024-07-07T23:40:03.930+0500] {logging_mixin.py:188} INFO - [2024-07-07T23:40:03.929+0500] {dag.py:3096} INFO - Sync 1 DAGs
[2024-07-07T23:40:03.937+0500] {logging_mixin.py:188} INFO - [2024-07-07T23:40:03.937+0500] {dag.py:3954} INFO - Setting next_dagrun for tutorial_objectstorage to None, run_after=None
[2024-07-07T23:40:03.958+0500] {processor.py:183} INFO - Processing /home/nicolaspc/anaconda3/envs/mlops_env/lib/python3.12/site-packages/airflow/example_dags/tutorial_objectstorage.py took 0.059 seconds
[2024-07-07T23:40:24.849+0500] {processor.py:161} INFO - Started process (PID=17193) to work on /home/nicolaspc/anaconda3/envs/mlops_env/lib/python3.12/site-packages/airflow/example_dags/tutorial_objectstorage.py
[2024-07-07T23:40:24.850+0500] {processor.py:830} INFO - Processing file /home/nicolaspc/anaconda3/envs/mlops_env/lib/python3.12/site-packages/airflow/example_dags/tutorial_objectstorage.py for tasks to queue
[2024-07-07T23:40:24.850+0500] {logging_mixin.py:188} INFO - [2024-07-07T23:40:24.850+0500] {dagbag.py:545} INFO - Filling up the DagBag from /home/nicolaspc/anaconda3/envs/mlops_env/lib/python3.12/site-packages/airflow/example_dags/tutorial_objectstorage.py
[2024-07-07T23:40:24.856+0500] {processor.py:840} INFO - DAG(s) 'tutorial_objectstorage' retrieved from /home/nicolaspc/anaconda3/envs/mlops_env/lib/python3.12/site-packages/airflow/example_dags/tutorial_objectstorage.py
[2024-07-07T23:40:24.877+0500] {logging_mixin.py:188} INFO - [2024-07-07T23:40:24.877+0500] {dag.py:3096} INFO - Sync 1 DAGs
[2024-07-07T23:40:24.888+0500] {logging_mixin.py:188} INFO - [2024-07-07T23:40:24.887+0500] {dag.py:3954} INFO - Setting next_dagrun for tutorial_objectstorage to None, run_after=None
[2024-07-07T23:40:24.904+0500] {processor.py:183} INFO - Processing /home/nicolaspc/anaconda3/envs/mlops_env/lib/python3.12/site-packages/airflow/example_dags/tutorial_objectstorage.py took 0.062 seconds
[2024-07-07T23:40:43.311+0500] {processor.py:161} INFO - Started process (PID=17466) to work on /home/nicolaspc/anaconda3/envs/mlops_env/lib/python3.12/site-packages/airflow/example_dags/tutorial_objectstorage.py
[2024-07-07T23:40:43.316+0500] {processor.py:830} INFO - Processing file /home/nicolaspc/anaconda3/envs/mlops_env/lib/python3.12/site-packages/airflow/example_dags/tutorial_objectstorage.py for tasks to queue
[2024-07-07T23:40:43.319+0500] {logging_mixin.py:188} INFO - [2024-07-07T23:40:43.318+0500] {dagbag.py:545} INFO - Filling up the DagBag from /home/nicolaspc/anaconda3/envs/mlops_env/lib/python3.12/site-packages/airflow/example_dags/tutorial_objectstorage.py
[2024-07-07T23:40:43.323+0500] {processor.py:840} INFO - DAG(s) 'tutorial_objectstorage' retrieved from /home/nicolaspc/anaconda3/envs/mlops_env/lib/python3.12/site-packages/airflow/example_dags/tutorial_objectstorage.py
[2024-07-07T23:40:43.334+0500] {logging_mixin.py:188} INFO - [2024-07-07T23:40:43.334+0500] {dag.py:3096} INFO - Sync 1 DAGs
[2024-07-07T23:40:43.341+0500] {logging_mixin.py:188} INFO - [2024-07-07T23:40:43.340+0500] {dag.py:3954} INFO - Setting next_dagrun for tutorial_objectstorage to None, run_after=None
[2024-07-07T23:40:43.362+0500] {processor.py:183} INFO - Processing /home/nicolaspc/anaconda3/envs/mlops_env/lib/python3.12/site-packages/airflow/example_dags/tutorial_objectstorage.py took 0.055 seconds
[2024-07-07T23:40:55.637+0500] {processor.py:161} INFO - Started process (PID=17559) to work on /home/nicolaspc/anaconda3/envs/mlops_env/lib/python3.12/site-packages/airflow/example_dags/tutorial_objectstorage.py
[2024-07-07T23:40:55.638+0500] {processor.py:830} INFO - Processing file /home/nicolaspc/anaconda3/envs/mlops_env/lib/python3.12/site-packages/airflow/example_dags/tutorial_objectstorage.py for tasks to queue
[2024-07-07T23:40:55.638+0500] {logging_mixin.py:188} INFO - [2024-07-07T23:40:55.638+0500] {dagbag.py:545} INFO - Filling up the DagBag from /home/nicolaspc/anaconda3/envs/mlops_env/lib/python3.12/site-packages/airflow/example_dags/tutorial_objectstorage.py
[2024-07-07T23:40:55.644+0500] {processor.py:840} INFO - DAG(s) 'tutorial_objectstorage' retrieved from /home/nicolaspc/anaconda3/envs/mlops_env/lib/python3.12/site-packages/airflow/example_dags/tutorial_objectstorage.py
[2024-07-07T23:40:55.665+0500] {logging_mixin.py:188} INFO - [2024-07-07T23:40:55.664+0500] {dag.py:3096} INFO - Sync 1 DAGs
[2024-07-07T23:40:55.675+0500] {logging_mixin.py:188} INFO - [2024-07-07T23:40:55.674+0500] {dag.py:3954} INFO - Setting next_dagrun for tutorial_objectstorage to None, run_after=None
[2024-07-07T23:40:55.691+0500] {processor.py:183} INFO - Processing /home/nicolaspc/anaconda3/envs/mlops_env/lib/python3.12/site-packages/airflow/example_dags/tutorial_objectstorage.py took 0.061 seconds
[2024-07-07T23:41:24.604+0500] {processor.py:161} INFO - Started process (PID=17881) to work on /home/nicolaspc/anaconda3/envs/mlops_env/lib/python3.12/site-packages/airflow/example_dags/tutorial_objectstorage.py
[2024-07-07T23:41:24.605+0500] {processor.py:830} INFO - Processing file /home/nicolaspc/anaconda3/envs/mlops_env/lib/python3.12/site-packages/airflow/example_dags/tutorial_objectstorage.py for tasks to queue
[2024-07-07T23:41:24.606+0500] {logging_mixin.py:188} INFO - [2024-07-07T23:41:24.606+0500] {dagbag.py:545} INFO - Filling up the DagBag from /home/nicolaspc/anaconda3/envs/mlops_env/lib/python3.12/site-packages/airflow/example_dags/tutorial_objectstorage.py
[2024-07-07T23:41:24.611+0500] {processor.py:840} INFO - DAG(s) 'tutorial_objectstorage' retrieved from /home/nicolaspc/anaconda3/envs/mlops_env/lib/python3.12/site-packages/airflow/example_dags/tutorial_objectstorage.py
[2024-07-07T23:41:24.622+0500] {logging_mixin.py:188} INFO - [2024-07-07T23:41:24.622+0500] {dag.py:3096} INFO - Sync 1 DAGs
[2024-07-07T23:41:24.630+0500] {logging_mixin.py:188} INFO - [2024-07-07T23:41:24.629+0500] {dag.py:3954} INFO - Setting next_dagrun for tutorial_objectstorage to None, run_after=None
[2024-07-07T23:41:24.653+0500] {processor.py:183} INFO - Processing /home/nicolaspc/anaconda3/envs/mlops_env/lib/python3.12/site-packages/airflow/example_dags/tutorial_objectstorage.py took 0.053 seconds
[2024-07-07T23:41:26.401+0500] {processor.py:161} INFO - Started process (PID=17973) to work on /home/nicolaspc/anaconda3/envs/mlops_env/lib/python3.12/site-packages/airflow/example_dags/tutorial_objectstorage.py
[2024-07-07T23:41:26.402+0500] {processor.py:830} INFO - Processing file /home/nicolaspc/anaconda3/envs/mlops_env/lib/python3.12/site-packages/airflow/example_dags/tutorial_objectstorage.py for tasks to queue
[2024-07-07T23:41:26.403+0500] {logging_mixin.py:188} INFO - [2024-07-07T23:41:26.402+0500] {dagbag.py:545} INFO - Filling up the DagBag from /home/nicolaspc/anaconda3/envs/mlops_env/lib/python3.12/site-packages/airflow/example_dags/tutorial_objectstorage.py
[2024-07-07T23:41:26.408+0500] {processor.py:840} INFO - DAG(s) 'tutorial_objectstorage' retrieved from /home/nicolaspc/anaconda3/envs/mlops_env/lib/python3.12/site-packages/airflow/example_dags/tutorial_objectstorage.py
[2024-07-07T23:41:26.429+0500] {logging_mixin.py:188} INFO - [2024-07-07T23:41:26.429+0500] {dag.py:3096} INFO - Sync 1 DAGs
[2024-07-07T23:41:26.439+0500] {logging_mixin.py:188} INFO - [2024-07-07T23:41:26.439+0500] {dag.py:3954} INFO - Setting next_dagrun for tutorial_objectstorage to None, run_after=None
[2024-07-07T23:41:26.457+0500] {processor.py:183} INFO - Processing /home/nicolaspc/anaconda3/envs/mlops_env/lib/python3.12/site-packages/airflow/example_dags/tutorial_objectstorage.py took 0.062 seconds
[2024-07-07T23:41:57.349+0500] {processor.py:161} INFO - Started process (PID=18352) to work on /home/nicolaspc/anaconda3/envs/mlops_env/lib/python3.12/site-packages/airflow/example_dags/tutorial_objectstorage.py
[2024-07-07T23:41:57.350+0500] {processor.py:830} INFO - Processing file /home/nicolaspc/anaconda3/envs/mlops_env/lib/python3.12/site-packages/airflow/example_dags/tutorial_objectstorage.py for tasks to queue
[2024-07-07T23:41:57.350+0500] {logging_mixin.py:188} INFO - [2024-07-07T23:41:57.350+0500] {dagbag.py:545} INFO - Filling up the DagBag from /home/nicolaspc/anaconda3/envs/mlops_env/lib/python3.12/site-packages/airflow/example_dags/tutorial_objectstorage.py
[2024-07-07T23:41:57.355+0500] {processor.py:840} INFO - DAG(s) 'tutorial_objectstorage' retrieved from /home/nicolaspc/anaconda3/envs/mlops_env/lib/python3.12/site-packages/airflow/example_dags/tutorial_objectstorage.py
[2024-07-07T23:41:57.375+0500] {logging_mixin.py:188} INFO - [2024-07-07T23:41:57.375+0500] {dag.py:3096} INFO - Sync 1 DAGs
[2024-07-07T23:41:57.385+0500] {logging_mixin.py:188} INFO - [2024-07-07T23:41:57.385+0500] {dag.py:3954} INFO - Setting next_dagrun for tutorial_objectstorage to None, run_after=None
[2024-07-07T23:41:57.401+0500] {processor.py:183} INFO - Processing /home/nicolaspc/anaconda3/envs/mlops_env/lib/python3.12/site-packages/airflow/example_dags/tutorial_objectstorage.py took 0.058 seconds
[2024-07-07T23:42:04.434+0500] {processor.py:161} INFO - Started process (PID=18607) to work on /home/nicolaspc/anaconda3/envs/mlops_env/lib/python3.12/site-packages/airflow/example_dags/tutorial_objectstorage.py
[2024-07-07T23:42:04.435+0500] {processor.py:830} INFO - Processing file /home/nicolaspc/anaconda3/envs/mlops_env/lib/python3.12/site-packages/airflow/example_dags/tutorial_objectstorage.py for tasks to queue
[2024-07-07T23:42:04.436+0500] {logging_mixin.py:188} INFO - [2024-07-07T23:42:04.436+0500] {dagbag.py:545} INFO - Filling up the DagBag from /home/nicolaspc/anaconda3/envs/mlops_env/lib/python3.12/site-packages/airflow/example_dags/tutorial_objectstorage.py
[2024-07-07T23:42:04.441+0500] {processor.py:840} INFO - DAG(s) 'tutorial_objectstorage' retrieved from /home/nicolaspc/anaconda3/envs/mlops_env/lib/python3.12/site-packages/airflow/example_dags/tutorial_objectstorage.py
[2024-07-07T23:42:04.450+0500] {logging_mixin.py:188} INFO - [2024-07-07T23:42:04.450+0500] {dag.py:3096} INFO - Sync 1 DAGs
[2024-07-07T23:42:04.458+0500] {logging_mixin.py:188} INFO - [2024-07-07T23:42:04.458+0500] {dag.py:3954} INFO - Setting next_dagrun for tutorial_objectstorage to None, run_after=None
[2024-07-07T23:42:04.569+0500] {processor.py:183} INFO - Processing /home/nicolaspc/anaconda3/envs/mlops_env/lib/python3.12/site-packages/airflow/example_dags/tutorial_objectstorage.py took 0.139 seconds
[2024-07-07T23:42:28.345+0500] {processor.py:161} INFO - Started process (PID=18762) to work on /home/nicolaspc/anaconda3/envs/mlops_env/lib/python3.12/site-packages/airflow/example_dags/tutorial_objectstorage.py
[2024-07-07T23:42:28.346+0500] {processor.py:830} INFO - Processing file /home/nicolaspc/anaconda3/envs/mlops_env/lib/python3.12/site-packages/airflow/example_dags/tutorial_objectstorage.py for tasks to queue
[2024-07-07T23:42:28.346+0500] {logging_mixin.py:188} INFO - [2024-07-07T23:42:28.346+0500] {dagbag.py:545} INFO - Filling up the DagBag from /home/nicolaspc/anaconda3/envs/mlops_env/lib/python3.12/site-packages/airflow/example_dags/tutorial_objectstorage.py
[2024-07-07T23:42:28.351+0500] {processor.py:840} INFO - DAG(s) 'tutorial_objectstorage' retrieved from /home/nicolaspc/anaconda3/envs/mlops_env/lib/python3.12/site-packages/airflow/example_dags/tutorial_objectstorage.py
[2024-07-07T23:42:28.370+0500] {logging_mixin.py:188} INFO - [2024-07-07T23:42:28.370+0500] {dag.py:3096} INFO - Sync 1 DAGs
[2024-07-07T23:42:28.379+0500] {logging_mixin.py:188} INFO - [2024-07-07T23:42:28.378+0500] {dag.py:3954} INFO - Setting next_dagrun for tutorial_objectstorage to None, run_after=None
[2024-07-07T23:42:28.395+0500] {processor.py:183} INFO - Processing /home/nicolaspc/anaconda3/envs/mlops_env/lib/python3.12/site-packages/airflow/example_dags/tutorial_objectstorage.py took 0.056 seconds
[2024-07-07T23:42:45.172+0500] {processor.py:161} INFO - Started process (PID=19027) to work on /home/nicolaspc/anaconda3/envs/mlops_env/lib/python3.12/site-packages/airflow/example_dags/tutorial_objectstorage.py
[2024-07-07T23:42:45.173+0500] {processor.py:830} INFO - Processing file /home/nicolaspc/anaconda3/envs/mlops_env/lib/python3.12/site-packages/airflow/example_dags/tutorial_objectstorage.py for tasks to queue
[2024-07-07T23:42:45.174+0500] {logging_mixin.py:188} INFO - [2024-07-07T23:42:45.174+0500] {dagbag.py:545} INFO - Filling up the DagBag from /home/nicolaspc/anaconda3/envs/mlops_env/lib/python3.12/site-packages/airflow/example_dags/tutorial_objectstorage.py
[2024-07-07T23:42:45.180+0500] {processor.py:840} INFO - DAG(s) 'tutorial_objectstorage' retrieved from /home/nicolaspc/anaconda3/envs/mlops_env/lib/python3.12/site-packages/airflow/example_dags/tutorial_objectstorage.py
[2024-07-07T23:42:45.189+0500] {logging_mixin.py:188} INFO - [2024-07-07T23:42:45.189+0500] {dag.py:3096} INFO - Sync 1 DAGs
[2024-07-07T23:42:45.197+0500] {logging_mixin.py:188} INFO - [2024-07-07T23:42:45.196+0500] {dag.py:3954} INFO - Setting next_dagrun for tutorial_objectstorage to None, run_after=None
[2024-07-07T23:42:45.217+0500] {processor.py:183} INFO - Processing /home/nicolaspc/anaconda3/envs/mlops_env/lib/python3.12/site-packages/airflow/example_dags/tutorial_objectstorage.py took 0.048 seconds
[2024-07-07T23:42:59.198+0500] {processor.py:161} INFO - Started process (PID=19126) to work on /home/nicolaspc/anaconda3/envs/mlops_env/lib/python3.12/site-packages/airflow/example_dags/tutorial_objectstorage.py
[2024-07-07T23:42:59.199+0500] {processor.py:830} INFO - Processing file /home/nicolaspc/anaconda3/envs/mlops_env/lib/python3.12/site-packages/airflow/example_dags/tutorial_objectstorage.py for tasks to queue
[2024-07-07T23:42:59.199+0500] {logging_mixin.py:188} INFO - [2024-07-07T23:42:59.199+0500] {dagbag.py:545} INFO - Filling up the DagBag from /home/nicolaspc/anaconda3/envs/mlops_env/lib/python3.12/site-packages/airflow/example_dags/tutorial_objectstorage.py
[2024-07-07T23:42:59.204+0500] {processor.py:840} INFO - DAG(s) 'tutorial_objectstorage' retrieved from /home/nicolaspc/anaconda3/envs/mlops_env/lib/python3.12/site-packages/airflow/example_dags/tutorial_objectstorage.py
[2024-07-07T23:42:59.225+0500] {logging_mixin.py:188} INFO - [2024-07-07T23:42:59.224+0500] {dag.py:3096} INFO - Sync 1 DAGs
[2024-07-07T23:42:59.234+0500] {logging_mixin.py:188} INFO - [2024-07-07T23:42:59.234+0500] {dag.py:3954} INFO - Setting next_dagrun for tutorial_objectstorage to None, run_after=None
[2024-07-07T23:42:59.251+0500] {processor.py:183} INFO - Processing /home/nicolaspc/anaconda3/envs/mlops_env/lib/python3.12/site-packages/airflow/example_dags/tutorial_objectstorage.py took 0.059 seconds
[2024-07-07T23:43:29.796+0500] {processor.py:161} INFO - Started process (PID=19452) to work on /home/nicolaspc/anaconda3/envs/mlops_env/lib/python3.12/site-packages/airflow/example_dags/tutorial_objectstorage.py
[2024-07-07T23:43:29.797+0500] {processor.py:830} INFO - Processing file /home/nicolaspc/anaconda3/envs/mlops_env/lib/python3.12/site-packages/airflow/example_dags/tutorial_objectstorage.py for tasks to queue
[2024-07-07T23:43:29.797+0500] {logging_mixin.py:188} INFO - [2024-07-07T23:43:29.797+0500] {dagbag.py:545} INFO - Filling up the DagBag from /home/nicolaspc/anaconda3/envs/mlops_env/lib/python3.12/site-packages/airflow/example_dags/tutorial_objectstorage.py
[2024-07-07T23:43:29.802+0500] {processor.py:840} INFO - DAG(s) 'tutorial_objectstorage' retrieved from /home/nicolaspc/anaconda3/envs/mlops_env/lib/python3.12/site-packages/airflow/example_dags/tutorial_objectstorage.py
[2024-07-07T23:43:29.822+0500] {logging_mixin.py:188} INFO - [2024-07-07T23:43:29.822+0500] {dag.py:3096} INFO - Sync 1 DAGs
[2024-07-07T23:43:29.831+0500] {logging_mixin.py:188} INFO - [2024-07-07T23:43:29.831+0500] {dag.py:3954} INFO - Setting next_dagrun for tutorial_objectstorage to None, run_after=None
[2024-07-07T23:43:29.846+0500] {processor.py:183} INFO - Processing /home/nicolaspc/anaconda3/envs/mlops_env/lib/python3.12/site-packages/airflow/example_dags/tutorial_objectstorage.py took 0.056 seconds
[2024-07-07T23:44:00.607+0500] {processor.py:161} INFO - Started process (PID=19821) to work on /home/nicolaspc/anaconda3/envs/mlops_env/lib/python3.12/site-packages/airflow/example_dags/tutorial_objectstorage.py
[2024-07-07T23:44:00.608+0500] {processor.py:830} INFO - Processing file /home/nicolaspc/anaconda3/envs/mlops_env/lib/python3.12/site-packages/airflow/example_dags/tutorial_objectstorage.py for tasks to queue
[2024-07-07T23:44:00.608+0500] {logging_mixin.py:188} INFO - [2024-07-07T23:44:00.608+0500] {dagbag.py:545} INFO - Filling up the DagBag from /home/nicolaspc/anaconda3/envs/mlops_env/lib/python3.12/site-packages/airflow/example_dags/tutorial_objectstorage.py
[2024-07-07T23:44:00.613+0500] {processor.py:840} INFO - DAG(s) 'tutorial_objectstorage' retrieved from /home/nicolaspc/anaconda3/envs/mlops_env/lib/python3.12/site-packages/airflow/example_dags/tutorial_objectstorage.py
[2024-07-07T23:44:00.632+0500] {logging_mixin.py:188} INFO - [2024-07-07T23:44:00.632+0500] {dag.py:3096} INFO - Sync 1 DAGs
[2024-07-07T23:44:00.641+0500] {logging_mixin.py:188} INFO - [2024-07-07T23:44:00.641+0500] {dag.py:3954} INFO - Setting next_dagrun for tutorial_objectstorage to None, run_after=None
[2024-07-07T23:44:00.657+0500] {processor.py:183} INFO - Processing /home/nicolaspc/anaconda3/envs/mlops_env/lib/python3.12/site-packages/airflow/example_dags/tutorial_objectstorage.py took 0.056 seconds
[2024-07-07T23:44:31.096+0500] {processor.py:161} INFO - Started process (PID=20185) to work on /home/nicolaspc/anaconda3/envs/mlops_env/lib/python3.12/site-packages/airflow/example_dags/tutorial_objectstorage.py
[2024-07-07T23:44:31.096+0500] {processor.py:830} INFO - Processing file /home/nicolaspc/anaconda3/envs/mlops_env/lib/python3.12/site-packages/airflow/example_dags/tutorial_objectstorage.py for tasks to queue
[2024-07-07T23:44:31.097+0500] {logging_mixin.py:188} INFO - [2024-07-07T23:44:31.096+0500] {dagbag.py:545} INFO - Filling up the DagBag from /home/nicolaspc/anaconda3/envs/mlops_env/lib/python3.12/site-packages/airflow/example_dags/tutorial_objectstorage.py
[2024-07-07T23:44:31.102+0500] {processor.py:840} INFO - DAG(s) 'tutorial_objectstorage' retrieved from /home/nicolaspc/anaconda3/envs/mlops_env/lib/python3.12/site-packages/airflow/example_dags/tutorial_objectstorage.py
[2024-07-07T23:44:31.121+0500] {logging_mixin.py:188} INFO - [2024-07-07T23:44:31.121+0500] {dag.py:3096} INFO - Sync 1 DAGs
[2024-07-07T23:44:31.131+0500] {logging_mixin.py:188} INFO - [2024-07-07T23:44:31.131+0500] {dag.py:3954} INFO - Setting next_dagrun for tutorial_objectstorage to None, run_after=None
[2024-07-07T23:44:31.146+0500] {processor.py:183} INFO - Processing /home/nicolaspc/anaconda3/envs/mlops_env/lib/python3.12/site-packages/airflow/example_dags/tutorial_objectstorage.py took 0.057 seconds
[2024-07-07T23:45:01.712+0500] {processor.py:161} INFO - Started process (PID=20551) to work on /home/nicolaspc/anaconda3/envs/mlops_env/lib/python3.12/site-packages/airflow/example_dags/tutorial_objectstorage.py
[2024-07-07T23:45:01.712+0500] {processor.py:830} INFO - Processing file /home/nicolaspc/anaconda3/envs/mlops_env/lib/python3.12/site-packages/airflow/example_dags/tutorial_objectstorage.py for tasks to queue
[2024-07-07T23:45:01.713+0500] {logging_mixin.py:188} INFO - [2024-07-07T23:45:01.713+0500] {dagbag.py:545} INFO - Filling up the DagBag from /home/nicolaspc/anaconda3/envs/mlops_env/lib/python3.12/site-packages/airflow/example_dags/tutorial_objectstorage.py
[2024-07-07T23:45:01.718+0500] {processor.py:840} INFO - DAG(s) 'tutorial_objectstorage' retrieved from /home/nicolaspc/anaconda3/envs/mlops_env/lib/python3.12/site-packages/airflow/example_dags/tutorial_objectstorage.py
[2024-07-07T23:45:01.737+0500] {logging_mixin.py:188} INFO - [2024-07-07T23:45:01.737+0500] {dag.py:3096} INFO - Sync 1 DAGs
[2024-07-07T23:45:01.746+0500] {logging_mixin.py:188} INFO - [2024-07-07T23:45:01.746+0500] {dag.py:3954} INFO - Setting next_dagrun for tutorial_objectstorage to None, run_after=None
[2024-07-07T23:45:01.761+0500] {processor.py:183} INFO - Processing /home/nicolaspc/anaconda3/envs/mlops_env/lib/python3.12/site-packages/airflow/example_dags/tutorial_objectstorage.py took 0.056 seconds
[2024-07-07T23:45:32.466+0500] {processor.py:161} INFO - Started process (PID=20876) to work on /home/nicolaspc/anaconda3/envs/mlops_env/lib/python3.12/site-packages/airflow/example_dags/tutorial_objectstorage.py
[2024-07-07T23:45:32.467+0500] {processor.py:830} INFO - Processing file /home/nicolaspc/anaconda3/envs/mlops_env/lib/python3.12/site-packages/airflow/example_dags/tutorial_objectstorage.py for tasks to queue
[2024-07-07T23:45:32.467+0500] {logging_mixin.py:188} INFO - [2024-07-07T23:45:32.467+0500] {dagbag.py:545} INFO - Filling up the DagBag from /home/nicolaspc/anaconda3/envs/mlops_env/lib/python3.12/site-packages/airflow/example_dags/tutorial_objectstorage.py
[2024-07-07T23:45:32.472+0500] {processor.py:840} INFO - DAG(s) 'tutorial_objectstorage' retrieved from /home/nicolaspc/anaconda3/envs/mlops_env/lib/python3.12/site-packages/airflow/example_dags/tutorial_objectstorage.py
[2024-07-07T23:45:32.491+0500] {logging_mixin.py:188} INFO - [2024-07-07T23:45:32.491+0500] {dag.py:3096} INFO - Sync 1 DAGs
[2024-07-07T23:45:32.500+0500] {logging_mixin.py:188} INFO - [2024-07-07T23:45:32.500+0500] {dag.py:3954} INFO - Setting next_dagrun for tutorial_objectstorage to None, run_after=None
[2024-07-07T23:45:32.516+0500] {processor.py:183} INFO - Processing /home/nicolaspc/anaconda3/envs/mlops_env/lib/python3.12/site-packages/airflow/example_dags/tutorial_objectstorage.py took 0.056 seconds
[2024-07-07T23:46:03.105+0500] {processor.py:161} INFO - Started process (PID=21216) to work on /home/nicolaspc/anaconda3/envs/mlops_env/lib/python3.12/site-packages/airflow/example_dags/tutorial_objectstorage.py
[2024-07-07T23:46:03.105+0500] {processor.py:830} INFO - Processing file /home/nicolaspc/anaconda3/envs/mlops_env/lib/python3.12/site-packages/airflow/example_dags/tutorial_objectstorage.py for tasks to queue
[2024-07-07T23:46:03.106+0500] {logging_mixin.py:188} INFO - [2024-07-07T23:46:03.106+0500] {dagbag.py:545} INFO - Filling up the DagBag from /home/nicolaspc/anaconda3/envs/mlops_env/lib/python3.12/site-packages/airflow/example_dags/tutorial_objectstorage.py
[2024-07-07T23:46:03.111+0500] {processor.py:840} INFO - DAG(s) 'tutorial_objectstorage' retrieved from /home/nicolaspc/anaconda3/envs/mlops_env/lib/python3.12/site-packages/airflow/example_dags/tutorial_objectstorage.py
[2024-07-07T23:46:03.129+0500] {logging_mixin.py:188} INFO - [2024-07-07T23:46:03.129+0500] {dag.py:3096} INFO - Sync 1 DAGs
[2024-07-07T23:46:03.138+0500] {logging_mixin.py:188} INFO - [2024-07-07T23:46:03.138+0500] {dag.py:3954} INFO - Setting next_dagrun for tutorial_objectstorage to None, run_after=None
[2024-07-07T23:46:03.159+0500] {processor.py:183} INFO - Processing /home/nicolaspc/anaconda3/envs/mlops_env/lib/python3.12/site-packages/airflow/example_dags/tutorial_objectstorage.py took 0.060 seconds
[2024-07-07T23:46:33.640+0500] {processor.py:161} INFO - Started process (PID=21580) to work on /home/nicolaspc/anaconda3/envs/mlops_env/lib/python3.12/site-packages/airflow/example_dags/tutorial_objectstorage.py
[2024-07-07T23:46:33.641+0500] {processor.py:830} INFO - Processing file /home/nicolaspc/anaconda3/envs/mlops_env/lib/python3.12/site-packages/airflow/example_dags/tutorial_objectstorage.py for tasks to queue
[2024-07-07T23:46:33.641+0500] {logging_mixin.py:188} INFO - [2024-07-07T23:46:33.641+0500] {dagbag.py:545} INFO - Filling up the DagBag from /home/nicolaspc/anaconda3/envs/mlops_env/lib/python3.12/site-packages/airflow/example_dags/tutorial_objectstorage.py
[2024-07-07T23:46:33.646+0500] {processor.py:840} INFO - DAG(s) 'tutorial_objectstorage' retrieved from /home/nicolaspc/anaconda3/envs/mlops_env/lib/python3.12/site-packages/airflow/example_dags/tutorial_objectstorage.py
[2024-07-07T23:46:33.665+0500] {logging_mixin.py:188} INFO - [2024-07-07T23:46:33.665+0500] {dag.py:3096} INFO - Sync 1 DAGs
[2024-07-07T23:46:33.674+0500] {logging_mixin.py:188} INFO - [2024-07-07T23:46:33.674+0500] {dag.py:3954} INFO - Setting next_dagrun for tutorial_objectstorage to None, run_after=None
[2024-07-07T23:46:33.689+0500] {processor.py:183} INFO - Processing /home/nicolaspc/anaconda3/envs/mlops_env/lib/python3.12/site-packages/airflow/example_dags/tutorial_objectstorage.py took 0.055 seconds
[2024-07-07T23:47:04.449+0500] {processor.py:161} INFO - Started process (PID=21910) to work on /home/nicolaspc/anaconda3/envs/mlops_env/lib/python3.12/site-packages/airflow/example_dags/tutorial_objectstorage.py
[2024-07-07T23:47:04.449+0500] {processor.py:830} INFO - Processing file /home/nicolaspc/anaconda3/envs/mlops_env/lib/python3.12/site-packages/airflow/example_dags/tutorial_objectstorage.py for tasks to queue
[2024-07-07T23:47:04.450+0500] {logging_mixin.py:188} INFO - [2024-07-07T23:47:04.450+0500] {dagbag.py:545} INFO - Filling up the DagBag from /home/nicolaspc/anaconda3/envs/mlops_env/lib/python3.12/site-packages/airflow/example_dags/tutorial_objectstorage.py
[2024-07-07T23:47:04.455+0500] {processor.py:840} INFO - DAG(s) 'tutorial_objectstorage' retrieved from /home/nicolaspc/anaconda3/envs/mlops_env/lib/python3.12/site-packages/airflow/example_dags/tutorial_objectstorage.py
[2024-07-07T23:47:04.474+0500] {logging_mixin.py:188} INFO - [2024-07-07T23:47:04.474+0500] {dag.py:3096} INFO - Sync 1 DAGs
[2024-07-07T23:47:04.483+0500] {logging_mixin.py:188} INFO - [2024-07-07T23:47:04.482+0500] {dag.py:3954} INFO - Setting next_dagrun for tutorial_objectstorage to None, run_after=None
[2024-07-07T23:47:04.499+0500] {processor.py:183} INFO - Processing /home/nicolaspc/anaconda3/envs/mlops_env/lib/python3.12/site-packages/airflow/example_dags/tutorial_objectstorage.py took 0.056 seconds
[2024-07-07T23:47:34.963+0500] {processor.py:161} INFO - Started process (PID=22238) to work on /home/nicolaspc/anaconda3/envs/mlops_env/lib/python3.12/site-packages/airflow/example_dags/tutorial_objectstorage.py
[2024-07-07T23:47:34.964+0500] {processor.py:830} INFO - Processing file /home/nicolaspc/anaconda3/envs/mlops_env/lib/python3.12/site-packages/airflow/example_dags/tutorial_objectstorage.py for tasks to queue
[2024-07-07T23:47:34.965+0500] {logging_mixin.py:188} INFO - [2024-07-07T23:47:34.964+0500] {dagbag.py:545} INFO - Filling up the DagBag from /home/nicolaspc/anaconda3/envs/mlops_env/lib/python3.12/site-packages/airflow/example_dags/tutorial_objectstorage.py
[2024-07-07T23:47:34.970+0500] {processor.py:840} INFO - DAG(s) 'tutorial_objectstorage' retrieved from /home/nicolaspc/anaconda3/envs/mlops_env/lib/python3.12/site-packages/airflow/example_dags/tutorial_objectstorage.py
[2024-07-07T23:47:34.991+0500] {logging_mixin.py:188} INFO - [2024-07-07T23:47:34.991+0500] {dag.py:3096} INFO - Sync 1 DAGs
[2024-07-07T23:47:35.001+0500] {logging_mixin.py:188} INFO - [2024-07-07T23:47:35.001+0500] {dag.py:3954} INFO - Setting next_dagrun for tutorial_objectstorage to None, run_after=None
[2024-07-07T23:47:35.018+0500] {processor.py:183} INFO - Processing /home/nicolaspc/anaconda3/envs/mlops_env/lib/python3.12/site-packages/airflow/example_dags/tutorial_objectstorage.py took 0.063 seconds
[2024-07-07T23:48:05.567+0500] {processor.py:161} INFO - Started process (PID=22563) to work on /home/nicolaspc/anaconda3/envs/mlops_env/lib/python3.12/site-packages/airflow/example_dags/tutorial_objectstorage.py
[2024-07-07T23:48:05.567+0500] {processor.py:830} INFO - Processing file /home/nicolaspc/anaconda3/envs/mlops_env/lib/python3.12/site-packages/airflow/example_dags/tutorial_objectstorage.py for tasks to queue
[2024-07-07T23:48:05.568+0500] {logging_mixin.py:188} INFO - [2024-07-07T23:48:05.567+0500] {dagbag.py:545} INFO - Filling up the DagBag from /home/nicolaspc/anaconda3/envs/mlops_env/lib/python3.12/site-packages/airflow/example_dags/tutorial_objectstorage.py
[2024-07-07T23:48:05.573+0500] {processor.py:840} INFO - DAG(s) 'tutorial_objectstorage' retrieved from /home/nicolaspc/anaconda3/envs/mlops_env/lib/python3.12/site-packages/airflow/example_dags/tutorial_objectstorage.py
[2024-07-07T23:48:05.590+0500] {logging_mixin.py:188} INFO - [2024-07-07T23:48:05.590+0500] {dag.py:3096} INFO - Sync 1 DAGs
[2024-07-07T23:48:05.601+0500] {logging_mixin.py:188} INFO - [2024-07-07T23:48:05.600+0500] {dag.py:3954} INFO - Setting next_dagrun for tutorial_objectstorage to None, run_after=None
[2024-07-07T23:48:05.615+0500] {processor.py:183} INFO - Processing /home/nicolaspc/anaconda3/envs/mlops_env/lib/python3.12/site-packages/airflow/example_dags/tutorial_objectstorage.py took 0.055 seconds
[2024-07-07T23:48:36.109+0500] {processor.py:161} INFO - Started process (PID=22916) to work on /home/nicolaspc/anaconda3/envs/mlops_env/lib/python3.12/site-packages/airflow/example_dags/tutorial_objectstorage.py
[2024-07-07T23:48:36.110+0500] {processor.py:830} INFO - Processing file /home/nicolaspc/anaconda3/envs/mlops_env/lib/python3.12/site-packages/airflow/example_dags/tutorial_objectstorage.py for tasks to queue
[2024-07-07T23:48:36.110+0500] {logging_mixin.py:188} INFO - [2024-07-07T23:48:36.110+0500] {dagbag.py:545} INFO - Filling up the DagBag from /home/nicolaspc/anaconda3/envs/mlops_env/lib/python3.12/site-packages/airflow/example_dags/tutorial_objectstorage.py
[2024-07-07T23:48:36.116+0500] {processor.py:840} INFO - DAG(s) 'tutorial_objectstorage' retrieved from /home/nicolaspc/anaconda3/envs/mlops_env/lib/python3.12/site-packages/airflow/example_dags/tutorial_objectstorage.py
[2024-07-07T23:48:36.142+0500] {logging_mixin.py:188} INFO - [2024-07-07T23:48:36.142+0500] {dag.py:3096} INFO - Sync 1 DAGs
[2024-07-07T23:48:36.156+0500] {logging_mixin.py:188} INFO - [2024-07-07T23:48:36.156+0500] {dag.py:3954} INFO - Setting next_dagrun for tutorial_objectstorage to None, run_after=None
[2024-07-07T23:48:36.178+0500] {processor.py:183} INFO - Processing /home/nicolaspc/anaconda3/envs/mlops_env/lib/python3.12/site-packages/airflow/example_dags/tutorial_objectstorage.py took 0.075 seconds
[2024-07-07T23:49:07.417+0500] {processor.py:161} INFO - Started process (PID=23443) to work on /home/nicolaspc/anaconda3/envs/mlops_env/lib/python3.12/site-packages/airflow/example_dags/tutorial_objectstorage.py
[2024-07-07T23:49:07.418+0500] {processor.py:830} INFO - Processing file /home/nicolaspc/anaconda3/envs/mlops_env/lib/python3.12/site-packages/airflow/example_dags/tutorial_objectstorage.py for tasks to queue
[2024-07-07T23:49:07.418+0500] {logging_mixin.py:188} INFO - [2024-07-07T23:49:07.418+0500] {dagbag.py:545} INFO - Filling up the DagBag from /home/nicolaspc/anaconda3/envs/mlops_env/lib/python3.12/site-packages/airflow/example_dags/tutorial_objectstorage.py
[2024-07-07T23:49:07.424+0500] {processor.py:840} INFO - DAG(s) 'tutorial_objectstorage' retrieved from /home/nicolaspc/anaconda3/envs/mlops_env/lib/python3.12/site-packages/airflow/example_dags/tutorial_objectstorage.py
[2024-07-07T23:49:07.503+0500] {logging_mixin.py:188} INFO - [2024-07-07T23:49:07.503+0500] {dag.py:3096} INFO - Sync 1 DAGs
[2024-07-07T23:49:07.511+0500] {logging_mixin.py:188} INFO - [2024-07-07T23:49:07.511+0500] {dag.py:3954} INFO - Setting next_dagrun for tutorial_objectstorage to None, run_after=None
[2024-07-07T23:49:07.529+0500] {processor.py:183} INFO - Processing /home/nicolaspc/anaconda3/envs/mlops_env/lib/python3.12/site-packages/airflow/example_dags/tutorial_objectstorage.py took 0.117 seconds
[2024-07-07T23:49:37.833+0500] {processor.py:161} INFO - Started process (PID=23801) to work on /home/nicolaspc/anaconda3/envs/mlops_env/lib/python3.12/site-packages/airflow/example_dags/tutorial_objectstorage.py
[2024-07-07T23:49:37.834+0500] {processor.py:830} INFO - Processing file /home/nicolaspc/anaconda3/envs/mlops_env/lib/python3.12/site-packages/airflow/example_dags/tutorial_objectstorage.py for tasks to queue
[2024-07-07T23:49:37.834+0500] {logging_mixin.py:188} INFO - [2024-07-07T23:49:37.834+0500] {dagbag.py:545} INFO - Filling up the DagBag from /home/nicolaspc/anaconda3/envs/mlops_env/lib/python3.12/site-packages/airflow/example_dags/tutorial_objectstorage.py
[2024-07-07T23:49:37.839+0500] {processor.py:840} INFO - DAG(s) 'tutorial_objectstorage' retrieved from /home/nicolaspc/anaconda3/envs/mlops_env/lib/python3.12/site-packages/airflow/example_dags/tutorial_objectstorage.py
[2024-07-07T23:49:37.859+0500] {logging_mixin.py:188} INFO - [2024-07-07T23:49:37.858+0500] {dag.py:3096} INFO - Sync 1 DAGs
[2024-07-07T23:49:37.868+0500] {logging_mixin.py:188} INFO - [2024-07-07T23:49:37.867+0500] {dag.py:3954} INFO - Setting next_dagrun for tutorial_objectstorage to None, run_after=None
[2024-07-07T23:49:37.885+0500] {processor.py:183} INFO - Processing /home/nicolaspc/anaconda3/envs/mlops_env/lib/python3.12/site-packages/airflow/example_dags/tutorial_objectstorage.py took 0.058 seconds
