[2024-07-07T23:35:18.216+0500] {processor.py:161} INFO - Started process (PID=13270) to work on /home/nicolaspc/anaconda3/envs/mlops_env/lib/python3.12/site-packages/airflow/example_dags/tutorial_taskflow_api.py
[2024-07-07T23:35:18.217+0500] {processor.py:830} INFO - Processing file /home/nicolaspc/anaconda3/envs/mlops_env/lib/python3.12/site-packages/airflow/example_dags/tutorial_taskflow_api.py for tasks to queue
[2024-07-07T23:35:18.217+0500] {logging_mixin.py:188} INFO - [2024-07-07T23:35:18.217+0500] {dagbag.py:545} INFO - Filling up the DagBag from /home/nicolaspc/anaconda3/envs/mlops_env/lib/python3.12/site-packages/airflow/example_dags/tutorial_taskflow_api.py
[2024-07-07T23:35:18.221+0500] {processor.py:840} INFO - DAG(s) 'tutorial_taskflow_api' retrieved from /home/nicolaspc/anaconda3/envs/mlops_env/lib/python3.12/site-packages/airflow/example_dags/tutorial_taskflow_api.py
[2024-07-07T23:35:18.242+0500] {logging_mixin.py:188} INFO - [2024-07-07T23:35:18.242+0500] {dag.py:3096} INFO - Sync 1 DAGs
[2024-07-07T23:35:18.251+0500] {logging_mixin.py:188} INFO - [2024-07-07T23:35:18.251+0500] {dag.py:3954} INFO - Setting next_dagrun for tutorial_taskflow_api to None, run_after=None
[2024-07-07T23:35:18.267+0500] {processor.py:183} INFO - Processing /home/nicolaspc/anaconda3/envs/mlops_env/lib/python3.12/site-packages/airflow/example_dags/tutorial_taskflow_api.py took 0.056 seconds
[2024-07-07T23:35:48.819+0500] {processor.py:161} INFO - Started process (PID=13621) to work on /home/nicolaspc/anaconda3/envs/mlops_env/lib/python3.12/site-packages/airflow/example_dags/tutorial_taskflow_api.py
[2024-07-07T23:35:48.820+0500] {processor.py:830} INFO - Processing file /home/nicolaspc/anaconda3/envs/mlops_env/lib/python3.12/site-packages/airflow/example_dags/tutorial_taskflow_api.py for tasks to queue
[2024-07-07T23:35:48.820+0500] {logging_mixin.py:188} INFO - [2024-07-07T23:35:48.820+0500] {dagbag.py:545} INFO - Filling up the DagBag from /home/nicolaspc/anaconda3/envs/mlops_env/lib/python3.12/site-packages/airflow/example_dags/tutorial_taskflow_api.py
[2024-07-07T23:35:48.824+0500] {processor.py:840} INFO - DAG(s) 'tutorial_taskflow_api' retrieved from /home/nicolaspc/anaconda3/envs/mlops_env/lib/python3.12/site-packages/airflow/example_dags/tutorial_taskflow_api.py
[2024-07-07T23:35:48.845+0500] {logging_mixin.py:188} INFO - [2024-07-07T23:35:48.845+0500] {dag.py:3096} INFO - Sync 1 DAGs
[2024-07-07T23:35:48.854+0500] {logging_mixin.py:188} INFO - [2024-07-07T23:35:48.854+0500] {dag.py:3954} INFO - Setting next_dagrun for tutorial_taskflow_api to None, run_after=None
[2024-07-07T23:35:48.870+0500] {processor.py:183} INFO - Processing /home/nicolaspc/anaconda3/envs/mlops_env/lib/python3.12/site-packages/airflow/example_dags/tutorial_taskflow_api.py took 0.056 seconds
[2024-07-07T23:36:06.589+0500] {processor.py:161} INFO - Started process (PID=13950) to work on /home/nicolaspc/anaconda3/envs/mlops_env/lib/python3.12/site-packages/airflow/example_dags/tutorial_taskflow_api.py
[2024-07-07T23:36:06.590+0500] {processor.py:830} INFO - Processing file /home/nicolaspc/anaconda3/envs/mlops_env/lib/python3.12/site-packages/airflow/example_dags/tutorial_taskflow_api.py for tasks to queue
[2024-07-07T23:36:06.591+0500] {logging_mixin.py:188} INFO - [2024-07-07T23:36:06.591+0500] {dagbag.py:545} INFO - Filling up the DagBag from /home/nicolaspc/anaconda3/envs/mlops_env/lib/python3.12/site-packages/airflow/example_dags/tutorial_taskflow_api.py
[2024-07-07T23:36:06.596+0500] {processor.py:840} INFO - DAG(s) 'tutorial_taskflow_api' retrieved from /home/nicolaspc/anaconda3/envs/mlops_env/lib/python3.12/site-packages/airflow/example_dags/tutorial_taskflow_api.py
[2024-07-07T23:36:06.696+0500] {logging_mixin.py:188} INFO - [2024-07-07T23:36:06.695+0500] {override.py:1829} INFO - Created Permission View: can delete on DAG:tutorial_taskflow_api
[2024-07-07T23:36:06.710+0500] {logging_mixin.py:188} INFO - [2024-07-07T23:36:06.709+0500] {override.py:1829} INFO - Created Permission View: can edit on DAG:tutorial_taskflow_api
[2024-07-07T23:36:06.720+0500] {logging_mixin.py:188} INFO - [2024-07-07T23:36:06.720+0500] {override.py:1829} INFO - Created Permission View: can read on DAG:tutorial_taskflow_api
[2024-07-07T23:36:06.721+0500] {logging_mixin.py:188} INFO - [2024-07-07T23:36:06.721+0500] {dag.py:3096} INFO - Sync 1 DAGs
[2024-07-07T23:36:06.728+0500] {logging_mixin.py:188} INFO - [2024-07-07T23:36:06.728+0500] {dag.py:3118} INFO - Creating ORM DAG for tutorial_taskflow_api
[2024-07-07T23:36:06.728+0500] {logging_mixin.py:188} INFO - [2024-07-07T23:36:06.728+0500] {dag.py:3954} INFO - Setting next_dagrun for tutorial_taskflow_api to None, run_after=None
[2024-07-07T23:36:06.750+0500] {processor.py:183} INFO - Processing /home/nicolaspc/anaconda3/envs/mlops_env/lib/python3.12/site-packages/airflow/example_dags/tutorial_taskflow_api.py took 0.164 seconds
[2024-07-07T23:36:19.533+0500] {processor.py:161} INFO - Started process (PID=14035) to work on /home/nicolaspc/anaconda3/envs/mlops_env/lib/python3.12/site-packages/airflow/example_dags/tutorial_taskflow_api.py
[2024-07-07T23:36:19.533+0500] {processor.py:830} INFO - Processing file /home/nicolaspc/anaconda3/envs/mlops_env/lib/python3.12/site-packages/airflow/example_dags/tutorial_taskflow_api.py for tasks to queue
[2024-07-07T23:36:19.534+0500] {logging_mixin.py:188} INFO - [2024-07-07T23:36:19.534+0500] {dagbag.py:545} INFO - Filling up the DagBag from /home/nicolaspc/anaconda3/envs/mlops_env/lib/python3.12/site-packages/airflow/example_dags/tutorial_taskflow_api.py
[2024-07-07T23:36:19.538+0500] {processor.py:840} INFO - DAG(s) 'tutorial_taskflow_api' retrieved from /home/nicolaspc/anaconda3/envs/mlops_env/lib/python3.12/site-packages/airflow/example_dags/tutorial_taskflow_api.py
[2024-07-07T23:36:19.559+0500] {logging_mixin.py:188} INFO - [2024-07-07T23:36:19.558+0500] {dag.py:3096} INFO - Sync 1 DAGs
[2024-07-07T23:36:19.568+0500] {logging_mixin.py:188} INFO - [2024-07-07T23:36:19.567+0500] {dag.py:3954} INFO - Setting next_dagrun for tutorial_taskflow_api to None, run_after=None
[2024-07-07T23:36:19.583+0500] {processor.py:183} INFO - Processing /home/nicolaspc/anaconda3/envs/mlops_env/lib/python3.12/site-packages/airflow/example_dags/tutorial_taskflow_api.py took 0.056 seconds
[2024-07-07T23:36:50.178+0500] {processor.py:161} INFO - Started process (PID=14426) to work on /home/nicolaspc/anaconda3/envs/mlops_env/lib/python3.12/site-packages/airflow/example_dags/tutorial_taskflow_api.py
[2024-07-07T23:36:50.179+0500] {processor.py:830} INFO - Processing file /home/nicolaspc/anaconda3/envs/mlops_env/lib/python3.12/site-packages/airflow/example_dags/tutorial_taskflow_api.py for tasks to queue
[2024-07-07T23:36:50.179+0500] {logging_mixin.py:188} INFO - [2024-07-07T23:36:50.179+0500] {dagbag.py:545} INFO - Filling up the DagBag from /home/nicolaspc/anaconda3/envs/mlops_env/lib/python3.12/site-packages/airflow/example_dags/tutorial_taskflow_api.py
[2024-07-07T23:36:50.183+0500] {processor.py:840} INFO - DAG(s) 'tutorial_taskflow_api' retrieved from /home/nicolaspc/anaconda3/envs/mlops_env/lib/python3.12/site-packages/airflow/example_dags/tutorial_taskflow_api.py
[2024-07-07T23:36:50.205+0500] {logging_mixin.py:188} INFO - [2024-07-07T23:36:50.204+0500] {dag.py:3096} INFO - Sync 1 DAGs
[2024-07-07T23:36:50.213+0500] {logging_mixin.py:188} INFO - [2024-07-07T23:36:50.213+0500] {dag.py:3954} INFO - Setting next_dagrun for tutorial_taskflow_api to None, run_after=None
[2024-07-07T23:36:50.228+0500] {processor.py:183} INFO - Processing /home/nicolaspc/anaconda3/envs/mlops_env/lib/python3.12/site-packages/airflow/example_dags/tutorial_taskflow_api.py took 0.056 seconds
[2024-07-07T23:37:01.360+0500] {processor.py:161} INFO - Started process (PID=14748) to work on /home/nicolaspc/anaconda3/envs/mlops_env/lib/python3.12/site-packages/airflow/example_dags/tutorial_taskflow_api.py
[2024-07-07T23:37:01.369+0500] {processor.py:830} INFO - Processing file /home/nicolaspc/anaconda3/envs/mlops_env/lib/python3.12/site-packages/airflow/example_dags/tutorial_taskflow_api.py for tasks to queue
[2024-07-07T23:37:01.371+0500] {logging_mixin.py:188} INFO - [2024-07-07T23:37:01.371+0500] {dagbag.py:545} INFO - Filling up the DagBag from /home/nicolaspc/anaconda3/envs/mlops_env/lib/python3.12/site-packages/airflow/example_dags/tutorial_taskflow_api.py
[2024-07-07T23:37:01.376+0500] {processor.py:840} INFO - DAG(s) 'tutorial_taskflow_api' retrieved from /home/nicolaspc/anaconda3/envs/mlops_env/lib/python3.12/site-packages/airflow/example_dags/tutorial_taskflow_api.py
[2024-07-07T23:37:01.386+0500] {logging_mixin.py:188} INFO - [2024-07-07T23:37:01.386+0500] {dag.py:3096} INFO - Sync 1 DAGs
[2024-07-07T23:37:01.393+0500] {logging_mixin.py:188} INFO - [2024-07-07T23:37:01.393+0500] {dag.py:3954} INFO - Setting next_dagrun for tutorial_taskflow_api to None, run_after=None
[2024-07-07T23:37:01.420+0500] {processor.py:183} INFO - Processing /home/nicolaspc/anaconda3/envs/mlops_env/lib/python3.12/site-packages/airflow/example_dags/tutorial_taskflow_api.py took 0.063 seconds
[2024-07-07T23:37:20.669+0500] {processor.py:161} INFO - Started process (PID=14783) to work on /home/nicolaspc/anaconda3/envs/mlops_env/lib/python3.12/site-packages/airflow/example_dags/tutorial_taskflow_api.py
[2024-07-07T23:37:20.669+0500] {processor.py:830} INFO - Processing file /home/nicolaspc/anaconda3/envs/mlops_env/lib/python3.12/site-packages/airflow/example_dags/tutorial_taskflow_api.py for tasks to queue
[2024-07-07T23:37:20.670+0500] {logging_mixin.py:188} INFO - [2024-07-07T23:37:20.670+0500] {dagbag.py:545} INFO - Filling up the DagBag from /home/nicolaspc/anaconda3/envs/mlops_env/lib/python3.12/site-packages/airflow/example_dags/tutorial_taskflow_api.py
[2024-07-07T23:37:20.674+0500] {processor.py:840} INFO - DAG(s) 'tutorial_taskflow_api' retrieved from /home/nicolaspc/anaconda3/envs/mlops_env/lib/python3.12/site-packages/airflow/example_dags/tutorial_taskflow_api.py
[2024-07-07T23:37:20.693+0500] {logging_mixin.py:188} INFO - [2024-07-07T23:37:20.693+0500] {dag.py:3096} INFO - Sync 1 DAGs
[2024-07-07T23:37:20.702+0500] {logging_mixin.py:188} INFO - [2024-07-07T23:37:20.702+0500] {dag.py:3954} INFO - Setting next_dagrun for tutorial_taskflow_api to None, run_after=None
[2024-07-07T23:37:20.718+0500] {processor.py:183} INFO - Processing /home/nicolaspc/anaconda3/envs/mlops_env/lib/python3.12/site-packages/airflow/example_dags/tutorial_taskflow_api.py took 0.055 seconds
[2024-07-07T23:37:42.552+0500] {processor.py:161} INFO - Started process (PID=15147) to work on /home/nicolaspc/anaconda3/envs/mlops_env/lib/python3.12/site-packages/airflow/example_dags/tutorial_taskflow_api.py
[2024-07-07T23:37:42.553+0500] {processor.py:830} INFO - Processing file /home/nicolaspc/anaconda3/envs/mlops_env/lib/python3.12/site-packages/airflow/example_dags/tutorial_taskflow_api.py for tasks to queue
[2024-07-07T23:37:42.554+0500] {logging_mixin.py:188} INFO - [2024-07-07T23:37:42.553+0500] {dagbag.py:545} INFO - Filling up the DagBag from /home/nicolaspc/anaconda3/envs/mlops_env/lib/python3.12/site-packages/airflow/example_dags/tutorial_taskflow_api.py
[2024-07-07T23:37:42.558+0500] {processor.py:840} INFO - DAG(s) 'tutorial_taskflow_api' retrieved from /home/nicolaspc/anaconda3/envs/mlops_env/lib/python3.12/site-packages/airflow/example_dags/tutorial_taskflow_api.py
[2024-07-07T23:37:42.568+0500] {logging_mixin.py:188} INFO - [2024-07-07T23:37:42.568+0500] {dag.py:3096} INFO - Sync 1 DAGs
[2024-07-07T23:37:42.575+0500] {logging_mixin.py:188} INFO - [2024-07-07T23:37:42.575+0500] {dag.py:3954} INFO - Setting next_dagrun for tutorial_taskflow_api to None, run_after=None
[2024-07-07T23:37:42.595+0500] {processor.py:183} INFO - Processing /home/nicolaspc/anaconda3/envs/mlops_env/lib/python3.12/site-packages/airflow/example_dags/tutorial_taskflow_api.py took 0.047 seconds
[2024-07-07T23:37:51.110+0500] {processor.py:161} INFO - Started process (PID=15167) to work on /home/nicolaspc/anaconda3/envs/mlops_env/lib/python3.12/site-packages/airflow/example_dags/tutorial_taskflow_api.py
[2024-07-07T23:37:51.111+0500] {processor.py:830} INFO - Processing file /home/nicolaspc/anaconda3/envs/mlops_env/lib/python3.12/site-packages/airflow/example_dags/tutorial_taskflow_api.py for tasks to queue
[2024-07-07T23:37:51.111+0500] {logging_mixin.py:188} INFO - [2024-07-07T23:37:51.111+0500] {dagbag.py:545} INFO - Filling up the DagBag from /home/nicolaspc/anaconda3/envs/mlops_env/lib/python3.12/site-packages/airflow/example_dags/tutorial_taskflow_api.py
[2024-07-07T23:37:51.115+0500] {processor.py:840} INFO - DAG(s) 'tutorial_taskflow_api' retrieved from /home/nicolaspc/anaconda3/envs/mlops_env/lib/python3.12/site-packages/airflow/example_dags/tutorial_taskflow_api.py
[2024-07-07T23:37:51.135+0500] {logging_mixin.py:188} INFO - [2024-07-07T23:37:51.135+0500] {dag.py:3096} INFO - Sync 1 DAGs
[2024-07-07T23:37:51.145+0500] {logging_mixin.py:188} INFO - [2024-07-07T23:37:51.145+0500] {dag.py:3954} INFO - Setting next_dagrun for tutorial_taskflow_api to None, run_after=None
[2024-07-07T23:37:51.160+0500] {processor.py:183} INFO - Processing /home/nicolaspc/anaconda3/envs/mlops_env/lib/python3.12/site-packages/airflow/example_dags/tutorial_taskflow_api.py took 0.056 seconds
[2024-07-07T23:38:19.912+0500] {processor.py:161} INFO - Started process (PID=15546) to work on /home/nicolaspc/anaconda3/envs/mlops_env/lib/python3.12/site-packages/airflow/example_dags/tutorial_taskflow_api.py
[2024-07-07T23:38:19.921+0500] {processor.py:830} INFO - Processing file /home/nicolaspc/anaconda3/envs/mlops_env/lib/python3.12/site-packages/airflow/example_dags/tutorial_taskflow_api.py for tasks to queue
[2024-07-07T23:38:19.923+0500] {logging_mixin.py:188} INFO - [2024-07-07T23:38:19.922+0500] {dagbag.py:545} INFO - Filling up the DagBag from /home/nicolaspc/anaconda3/envs/mlops_env/lib/python3.12/site-packages/airflow/example_dags/tutorial_taskflow_api.py
[2024-07-07T23:38:19.927+0500] {processor.py:840} INFO - DAG(s) 'tutorial_taskflow_api' retrieved from /home/nicolaspc/anaconda3/envs/mlops_env/lib/python3.12/site-packages/airflow/example_dags/tutorial_taskflow_api.py
[2024-07-07T23:38:19.937+0500] {logging_mixin.py:188} INFO - [2024-07-07T23:38:19.936+0500] {dag.py:3096} INFO - Sync 1 DAGs
[2024-07-07T23:38:19.944+0500] {logging_mixin.py:188} INFO - [2024-07-07T23:38:19.943+0500] {dag.py:3954} INFO - Setting next_dagrun for tutorial_taskflow_api to None, run_after=None
[2024-07-07T23:38:19.968+0500] {processor.py:183} INFO - Processing /home/nicolaspc/anaconda3/envs/mlops_env/lib/python3.12/site-packages/airflow/example_dags/tutorial_taskflow_api.py took 0.059 seconds
[2024-07-07T23:38:21.684+0500] {processor.py:161} INFO - Started process (PID=15560) to work on /home/nicolaspc/anaconda3/envs/mlops_env/lib/python3.12/site-packages/airflow/example_dags/tutorial_taskflow_api.py
[2024-07-07T23:38:21.685+0500] {processor.py:830} INFO - Processing file /home/nicolaspc/anaconda3/envs/mlops_env/lib/python3.12/site-packages/airflow/example_dags/tutorial_taskflow_api.py for tasks to queue
[2024-07-07T23:38:21.685+0500] {logging_mixin.py:188} INFO - [2024-07-07T23:38:21.685+0500] {dagbag.py:545} INFO - Filling up the DagBag from /home/nicolaspc/anaconda3/envs/mlops_env/lib/python3.12/site-packages/airflow/example_dags/tutorial_taskflow_api.py
[2024-07-07T23:38:21.689+0500] {processor.py:840} INFO - DAG(s) 'tutorial_taskflow_api' retrieved from /home/nicolaspc/anaconda3/envs/mlops_env/lib/python3.12/site-packages/airflow/example_dags/tutorial_taskflow_api.py
[2024-07-07T23:38:21.711+0500] {logging_mixin.py:188} INFO - [2024-07-07T23:38:21.711+0500] {dag.py:3096} INFO - Sync 1 DAGs
[2024-07-07T23:38:21.721+0500] {logging_mixin.py:188} INFO - [2024-07-07T23:38:21.721+0500] {dag.py:3954} INFO - Setting next_dagrun for tutorial_taskflow_api to None, run_after=None
[2024-07-07T23:38:21.736+0500] {processor.py:183} INFO - Processing /home/nicolaspc/anaconda3/envs/mlops_env/lib/python3.12/site-packages/airflow/example_dags/tutorial_taskflow_api.py took 0.057 seconds
[2024-07-07T23:38:52.436+0500] {processor.py:161} INFO - Started process (PID=15944) to work on /home/nicolaspc/anaconda3/envs/mlops_env/lib/python3.12/site-packages/airflow/example_dags/tutorial_taskflow_api.py
[2024-07-07T23:38:52.437+0500] {processor.py:830} INFO - Processing file /home/nicolaspc/anaconda3/envs/mlops_env/lib/python3.12/site-packages/airflow/example_dags/tutorial_taskflow_api.py for tasks to queue
[2024-07-07T23:38:52.437+0500] {logging_mixin.py:188} INFO - [2024-07-07T23:38:52.437+0500] {dagbag.py:545} INFO - Filling up the DagBag from /home/nicolaspc/anaconda3/envs/mlops_env/lib/python3.12/site-packages/airflow/example_dags/tutorial_taskflow_api.py
[2024-07-07T23:38:52.441+0500] {processor.py:840} INFO - DAG(s) 'tutorial_taskflow_api' retrieved from /home/nicolaspc/anaconda3/envs/mlops_env/lib/python3.12/site-packages/airflow/example_dags/tutorial_taskflow_api.py
[2024-07-07T23:38:52.460+0500] {logging_mixin.py:188} INFO - [2024-07-07T23:38:52.460+0500] {dag.py:3096} INFO - Sync 1 DAGs
[2024-07-07T23:38:52.469+0500] {logging_mixin.py:188} INFO - [2024-07-07T23:38:52.469+0500] {dag.py:3954} INFO - Setting next_dagrun for tutorial_taskflow_api to None, run_after=None
[2024-07-07T23:38:52.486+0500] {processor.py:183} INFO - Processing /home/nicolaspc/anaconda3/envs/mlops_env/lib/python3.12/site-packages/airflow/example_dags/tutorial_taskflow_api.py took 0.056 seconds
[2024-07-07T23:39:00.721+0500] {processor.py:161} INFO - Started process (PID=16290) to work on /home/nicolaspc/anaconda3/envs/mlops_env/lib/python3.12/site-packages/airflow/example_dags/tutorial_taskflow_api.py
[2024-07-07T23:39:00.730+0500] {processor.py:830} INFO - Processing file /home/nicolaspc/anaconda3/envs/mlops_env/lib/python3.12/site-packages/airflow/example_dags/tutorial_taskflow_api.py for tasks to queue
[2024-07-07T23:39:00.731+0500] {logging_mixin.py:188} INFO - [2024-07-07T23:39:00.731+0500] {dagbag.py:545} INFO - Filling up the DagBag from /home/nicolaspc/anaconda3/envs/mlops_env/lib/python3.12/site-packages/airflow/example_dags/tutorial_taskflow_api.py
[2024-07-07T23:39:00.736+0500] {processor.py:840} INFO - DAG(s) 'tutorial_taskflow_api' retrieved from /home/nicolaspc/anaconda3/envs/mlops_env/lib/python3.12/site-packages/airflow/example_dags/tutorial_taskflow_api.py
[2024-07-07T23:39:00.746+0500] {logging_mixin.py:188} INFO - [2024-07-07T23:39:00.745+0500] {dag.py:3096} INFO - Sync 1 DAGs
[2024-07-07T23:39:00.753+0500] {logging_mixin.py:188} INFO - [2024-07-07T23:39:00.752+0500] {dag.py:3954} INFO - Setting next_dagrun for tutorial_taskflow_api to None, run_after=None
[2024-07-07T23:39:00.773+0500] {processor.py:183} INFO - Processing /home/nicolaspc/anaconda3/envs/mlops_env/lib/python3.12/site-packages/airflow/example_dags/tutorial_taskflow_api.py took 0.056 seconds
[2024-07-07T23:39:23.193+0500] {processor.py:161} INFO - Started process (PID=16343) to work on /home/nicolaspc/anaconda3/envs/mlops_env/lib/python3.12/site-packages/airflow/example_dags/tutorial_taskflow_api.py
[2024-07-07T23:39:23.193+0500] {processor.py:830} INFO - Processing file /home/nicolaspc/anaconda3/envs/mlops_env/lib/python3.12/site-packages/airflow/example_dags/tutorial_taskflow_api.py for tasks to queue
[2024-07-07T23:39:23.194+0500] {logging_mixin.py:188} INFO - [2024-07-07T23:39:23.194+0500] {dagbag.py:545} INFO - Filling up the DagBag from /home/nicolaspc/anaconda3/envs/mlops_env/lib/python3.12/site-packages/airflow/example_dags/tutorial_taskflow_api.py
[2024-07-07T23:39:23.198+0500] {processor.py:840} INFO - DAG(s) 'tutorial_taskflow_api' retrieved from /home/nicolaspc/anaconda3/envs/mlops_env/lib/python3.12/site-packages/airflow/example_dags/tutorial_taskflow_api.py
[2024-07-07T23:39:23.217+0500] {logging_mixin.py:188} INFO - [2024-07-07T23:39:23.217+0500] {dag.py:3096} INFO - Sync 1 DAGs
[2024-07-07T23:39:23.226+0500] {logging_mixin.py:188} INFO - [2024-07-07T23:39:23.225+0500] {dag.py:3954} INFO - Setting next_dagrun for tutorial_taskflow_api to None, run_after=None
[2024-07-07T23:39:23.241+0500] {processor.py:183} INFO - Processing /home/nicolaspc/anaconda3/envs/mlops_env/lib/python3.12/site-packages/airflow/example_dags/tutorial_taskflow_api.py took 0.054 seconds
[2024-07-07T23:39:41.768+0500] {processor.py:161} INFO - Started process (PID=16673) to work on /home/nicolaspc/anaconda3/envs/mlops_env/lib/python3.12/site-packages/airflow/example_dags/tutorial_taskflow_api.py
[2024-07-07T23:39:41.777+0500] {processor.py:830} INFO - Processing file /home/nicolaspc/anaconda3/envs/mlops_env/lib/python3.12/site-packages/airflow/example_dags/tutorial_taskflow_api.py for tasks to queue
[2024-07-07T23:39:41.778+0500] {logging_mixin.py:188} INFO - [2024-07-07T23:39:41.778+0500] {dagbag.py:545} INFO - Filling up the DagBag from /home/nicolaspc/anaconda3/envs/mlops_env/lib/python3.12/site-packages/airflow/example_dags/tutorial_taskflow_api.py
[2024-07-07T23:39:41.782+0500] {processor.py:840} INFO - DAG(s) 'tutorial_taskflow_api' retrieved from /home/nicolaspc/anaconda3/envs/mlops_env/lib/python3.12/site-packages/airflow/example_dags/tutorial_taskflow_api.py
[2024-07-07T23:39:41.792+0500] {logging_mixin.py:188} INFO - [2024-07-07T23:39:41.792+0500] {dag.py:3096} INFO - Sync 1 DAGs
[2024-07-07T23:39:41.800+0500] {logging_mixin.py:188} INFO - [2024-07-07T23:39:41.799+0500] {dag.py:3954} INFO - Setting next_dagrun for tutorial_taskflow_api to None, run_after=None
[2024-07-07T23:39:41.823+0500] {processor.py:183} INFO - Processing /home/nicolaspc/anaconda3/envs/mlops_env/lib/python3.12/site-packages/airflow/example_dags/tutorial_taskflow_api.py took 0.059 seconds
[2024-07-07T23:39:53.725+0500] {processor.py:161} INFO - Started process (PID=16699) to work on /home/nicolaspc/anaconda3/envs/mlops_env/lib/python3.12/site-packages/airflow/example_dags/tutorial_taskflow_api.py
[2024-07-07T23:39:53.726+0500] {processor.py:830} INFO - Processing file /home/nicolaspc/anaconda3/envs/mlops_env/lib/python3.12/site-packages/airflow/example_dags/tutorial_taskflow_api.py for tasks to queue
[2024-07-07T23:39:53.726+0500] {logging_mixin.py:188} INFO - [2024-07-07T23:39:53.726+0500] {dagbag.py:545} INFO - Filling up the DagBag from /home/nicolaspc/anaconda3/envs/mlops_env/lib/python3.12/site-packages/airflow/example_dags/tutorial_taskflow_api.py
[2024-07-07T23:39:53.730+0500] {processor.py:840} INFO - DAG(s) 'tutorial_taskflow_api' retrieved from /home/nicolaspc/anaconda3/envs/mlops_env/lib/python3.12/site-packages/airflow/example_dags/tutorial_taskflow_api.py
[2024-07-07T23:39:53.752+0500] {logging_mixin.py:188} INFO - [2024-07-07T23:39:53.752+0500] {dag.py:3096} INFO - Sync 1 DAGs
[2024-07-07T23:39:53.761+0500] {logging_mixin.py:188} INFO - [2024-07-07T23:39:53.761+0500] {dag.py:3954} INFO - Setting next_dagrun for tutorial_taskflow_api to None, run_after=None
[2024-07-07T23:39:53.776+0500] {processor.py:183} INFO - Processing /home/nicolaspc/anaconda3/envs/mlops_env/lib/python3.12/site-packages/airflow/example_dags/tutorial_taskflow_api.py took 0.057 seconds
[2024-07-07T23:40:21.794+0500] {processor.py:161} INFO - Started process (PID=17112) to work on /home/nicolaspc/anaconda3/envs/mlops_env/lib/python3.12/site-packages/airflow/example_dags/tutorial_taskflow_api.py
[2024-07-07T23:40:21.803+0500] {processor.py:830} INFO - Processing file /home/nicolaspc/anaconda3/envs/mlops_env/lib/python3.12/site-packages/airflow/example_dags/tutorial_taskflow_api.py for tasks to queue
[2024-07-07T23:40:21.805+0500] {logging_mixin.py:188} INFO - [2024-07-07T23:40:21.804+0500] {dagbag.py:545} INFO - Filling up the DagBag from /home/nicolaspc/anaconda3/envs/mlops_env/lib/python3.12/site-packages/airflow/example_dags/tutorial_taskflow_api.py
[2024-07-07T23:40:21.809+0500] {processor.py:840} INFO - DAG(s) 'tutorial_taskflow_api' retrieved from /home/nicolaspc/anaconda3/envs/mlops_env/lib/python3.12/site-packages/airflow/example_dags/tutorial_taskflow_api.py
[2024-07-07T23:40:21.820+0500] {logging_mixin.py:188} INFO - [2024-07-07T23:40:21.820+0500] {dag.py:3096} INFO - Sync 1 DAGs
[2024-07-07T23:40:21.827+0500] {logging_mixin.py:188} INFO - [2024-07-07T23:40:21.827+0500] {dag.py:3954} INFO - Setting next_dagrun for tutorial_taskflow_api to None, run_after=None
[2024-07-07T23:40:21.848+0500] {processor.py:183} INFO - Processing /home/nicolaspc/anaconda3/envs/mlops_env/lib/python3.12/site-packages/airflow/example_dags/tutorial_taskflow_api.py took 0.057 seconds
[2024-07-07T23:40:24.257+0500] {processor.py:161} INFO - Started process (PID=17129) to work on /home/nicolaspc/anaconda3/envs/mlops_env/lib/python3.12/site-packages/airflow/example_dags/tutorial_taskflow_api.py
[2024-07-07T23:40:24.258+0500] {processor.py:830} INFO - Processing file /home/nicolaspc/anaconda3/envs/mlops_env/lib/python3.12/site-packages/airflow/example_dags/tutorial_taskflow_api.py for tasks to queue
[2024-07-07T23:40:24.258+0500] {logging_mixin.py:188} INFO - [2024-07-07T23:40:24.258+0500] {dagbag.py:545} INFO - Filling up the DagBag from /home/nicolaspc/anaconda3/envs/mlops_env/lib/python3.12/site-packages/airflow/example_dags/tutorial_taskflow_api.py
[2024-07-07T23:40:24.264+0500] {processor.py:840} INFO - DAG(s) 'tutorial_taskflow_api' retrieved from /home/nicolaspc/anaconda3/envs/mlops_env/lib/python3.12/site-packages/airflow/example_dags/tutorial_taskflow_api.py
[2024-07-07T23:40:24.285+0500] {logging_mixin.py:188} INFO - [2024-07-07T23:40:24.285+0500] {dag.py:3096} INFO - Sync 1 DAGs
[2024-07-07T23:40:24.294+0500] {logging_mixin.py:188} INFO - [2024-07-07T23:40:24.294+0500] {dag.py:3954} INFO - Setting next_dagrun for tutorial_taskflow_api to None, run_after=None
[2024-07-07T23:40:24.312+0500] {processor.py:183} INFO - Processing /home/nicolaspc/anaconda3/envs/mlops_env/lib/python3.12/site-packages/airflow/example_dags/tutorial_taskflow_api.py took 0.061 seconds
[2024-07-07T23:40:55.057+0500] {processor.py:161} INFO - Started process (PID=17495) to work on /home/nicolaspc/anaconda3/envs/mlops_env/lib/python3.12/site-packages/airflow/example_dags/tutorial_taskflow_api.py
[2024-07-07T23:40:55.057+0500] {processor.py:830} INFO - Processing file /home/nicolaspc/anaconda3/envs/mlops_env/lib/python3.12/site-packages/airflow/example_dags/tutorial_taskflow_api.py for tasks to queue
[2024-07-07T23:40:55.058+0500] {logging_mixin.py:188} INFO - [2024-07-07T23:40:55.058+0500] {dagbag.py:545} INFO - Filling up the DagBag from /home/nicolaspc/anaconda3/envs/mlops_env/lib/python3.12/site-packages/airflow/example_dags/tutorial_taskflow_api.py
[2024-07-07T23:40:55.063+0500] {processor.py:840} INFO - DAG(s) 'tutorial_taskflow_api' retrieved from /home/nicolaspc/anaconda3/envs/mlops_env/lib/python3.12/site-packages/airflow/example_dags/tutorial_taskflow_api.py
[2024-07-07T23:40:55.085+0500] {logging_mixin.py:188} INFO - [2024-07-07T23:40:55.085+0500] {dag.py:3096} INFO - Sync 1 DAGs
[2024-07-07T23:40:55.094+0500] {logging_mixin.py:188} INFO - [2024-07-07T23:40:55.094+0500] {dag.py:3954} INFO - Setting next_dagrun for tutorial_taskflow_api to None, run_after=None
[2024-07-07T23:40:55.113+0500] {processor.py:183} INFO - Processing /home/nicolaspc/anaconda3/envs/mlops_env/lib/python3.12/site-packages/airflow/example_dags/tutorial_taskflow_api.py took 0.062 seconds
[2024-07-07T23:41:02.440+0500] {processor.py:161} INFO - Started process (PID=17817) to work on /home/nicolaspc/anaconda3/envs/mlops_env/lib/python3.12/site-packages/airflow/example_dags/tutorial_taskflow_api.py
[2024-07-07T23:41:02.440+0500] {processor.py:830} INFO - Processing file /home/nicolaspc/anaconda3/envs/mlops_env/lib/python3.12/site-packages/airflow/example_dags/tutorial_taskflow_api.py for tasks to queue
[2024-07-07T23:41:02.441+0500] {logging_mixin.py:188} INFO - [2024-07-07T23:41:02.441+0500] {dagbag.py:545} INFO - Filling up the DagBag from /home/nicolaspc/anaconda3/envs/mlops_env/lib/python3.12/site-packages/airflow/example_dags/tutorial_taskflow_api.py
[2024-07-07T23:41:02.446+0500] {processor.py:840} INFO - DAG(s) 'tutorial_taskflow_api' retrieved from /home/nicolaspc/anaconda3/envs/mlops_env/lib/python3.12/site-packages/airflow/example_dags/tutorial_taskflow_api.py
[2024-07-07T23:41:02.457+0500] {logging_mixin.py:188} INFO - [2024-07-07T23:41:02.457+0500] {dag.py:3096} INFO - Sync 1 DAGs
[2024-07-07T23:41:02.466+0500] {logging_mixin.py:188} INFO - [2024-07-07T23:41:02.466+0500] {dag.py:3954} INFO - Setting next_dagrun for tutorial_taskflow_api to None, run_after=None
[2024-07-07T23:41:02.491+0500] {processor.py:183} INFO - Processing /home/nicolaspc/anaconda3/envs/mlops_env/lib/python3.12/site-packages/airflow/example_dags/tutorial_taskflow_api.py took 0.055 seconds
[2024-07-07T23:41:25.820+0500] {processor.py:161} INFO - Started process (PID=17905) to work on /home/nicolaspc/anaconda3/envs/mlops_env/lib/python3.12/site-packages/airflow/example_dags/tutorial_taskflow_api.py
[2024-07-07T23:41:25.821+0500] {processor.py:830} INFO - Processing file /home/nicolaspc/anaconda3/envs/mlops_env/lib/python3.12/site-packages/airflow/example_dags/tutorial_taskflow_api.py for tasks to queue
[2024-07-07T23:41:25.821+0500] {logging_mixin.py:188} INFO - [2024-07-07T23:41:25.821+0500] {dagbag.py:545} INFO - Filling up the DagBag from /home/nicolaspc/anaconda3/envs/mlops_env/lib/python3.12/site-packages/airflow/example_dags/tutorial_taskflow_api.py
[2024-07-07T23:41:25.825+0500] {processor.py:840} INFO - DAG(s) 'tutorial_taskflow_api' retrieved from /home/nicolaspc/anaconda3/envs/mlops_env/lib/python3.12/site-packages/airflow/example_dags/tutorial_taskflow_api.py
[2024-07-07T23:41:25.847+0500] {logging_mixin.py:188} INFO - [2024-07-07T23:41:25.847+0500] {dag.py:3096} INFO - Sync 1 DAGs
[2024-07-07T23:41:25.857+0500] {logging_mixin.py:188} INFO - [2024-07-07T23:41:25.857+0500] {dag.py:3954} INFO - Setting next_dagrun for tutorial_taskflow_api to None, run_after=None
[2024-07-07T23:41:25.873+0500] {processor.py:183} INFO - Processing /home/nicolaspc/anaconda3/envs/mlops_env/lib/python3.12/site-packages/airflow/example_dags/tutorial_taskflow_api.py took 0.059 seconds
[2024-07-07T23:41:42.184+0500] {processor.py:161} INFO - Started process (PID=18247) to work on /home/nicolaspc/anaconda3/envs/mlops_env/lib/python3.12/site-packages/airflow/example_dags/tutorial_taskflow_api.py
[2024-07-07T23:41:42.193+0500] {processor.py:830} INFO - Processing file /home/nicolaspc/anaconda3/envs/mlops_env/lib/python3.12/site-packages/airflow/example_dags/tutorial_taskflow_api.py for tasks to queue
[2024-07-07T23:41:42.194+0500] {logging_mixin.py:188} INFO - [2024-07-07T23:41:42.194+0500] {dagbag.py:545} INFO - Filling up the DagBag from /home/nicolaspc/anaconda3/envs/mlops_env/lib/python3.12/site-packages/airflow/example_dags/tutorial_taskflow_api.py
[2024-07-07T23:41:42.198+0500] {processor.py:840} INFO - DAG(s) 'tutorial_taskflow_api' retrieved from /home/nicolaspc/anaconda3/envs/mlops_env/lib/python3.12/site-packages/airflow/example_dags/tutorial_taskflow_api.py
[2024-07-07T23:41:42.208+0500] {logging_mixin.py:188} INFO - [2024-07-07T23:41:42.208+0500] {dag.py:3096} INFO - Sync 1 DAGs
[2024-07-07T23:41:42.217+0500] {logging_mixin.py:188} INFO - [2024-07-07T23:41:42.217+0500] {dag.py:3954} INFO - Setting next_dagrun for tutorial_taskflow_api to None, run_after=None
[2024-07-07T23:41:42.250+0500] {processor.py:183} INFO - Processing /home/nicolaspc/anaconda3/envs/mlops_env/lib/python3.12/site-packages/airflow/example_dags/tutorial_taskflow_api.py took 0.069 seconds
[2024-07-07T23:41:56.789+0500] {processor.py:161} INFO - Started process (PID=18286) to work on /home/nicolaspc/anaconda3/envs/mlops_env/lib/python3.12/site-packages/airflow/example_dags/tutorial_taskflow_api.py
[2024-07-07T23:41:56.789+0500] {processor.py:830} INFO - Processing file /home/nicolaspc/anaconda3/envs/mlops_env/lib/python3.12/site-packages/airflow/example_dags/tutorial_taskflow_api.py for tasks to queue
[2024-07-07T23:41:56.790+0500] {logging_mixin.py:188} INFO - [2024-07-07T23:41:56.790+0500] {dagbag.py:545} INFO - Filling up the DagBag from /home/nicolaspc/anaconda3/envs/mlops_env/lib/python3.12/site-packages/airflow/example_dags/tutorial_taskflow_api.py
[2024-07-07T23:41:56.794+0500] {processor.py:840} INFO - DAG(s) 'tutorial_taskflow_api' retrieved from /home/nicolaspc/anaconda3/envs/mlops_env/lib/python3.12/site-packages/airflow/example_dags/tutorial_taskflow_api.py
[2024-07-07T23:41:56.815+0500] {logging_mixin.py:188} INFO - [2024-07-07T23:41:56.815+0500] {dag.py:3096} INFO - Sync 1 DAGs
[2024-07-07T23:41:56.825+0500] {logging_mixin.py:188} INFO - [2024-07-07T23:41:56.825+0500] {dag.py:3954} INFO - Setting next_dagrun for tutorial_taskflow_api to None, run_after=None
[2024-07-07T23:41:56.842+0500] {processor.py:183} INFO - Processing /home/nicolaspc/anaconda3/envs/mlops_env/lib/python3.12/site-packages/airflow/example_dags/tutorial_taskflow_api.py took 0.059 seconds
[2024-07-07T23:42:21.932+0500] {processor.py:161} INFO - Started process (PID=18677) to work on /home/nicolaspc/anaconda3/envs/mlops_env/lib/python3.12/site-packages/airflow/example_dags/tutorial_taskflow_api.py
[2024-07-07T23:42:21.941+0500] {processor.py:830} INFO - Processing file /home/nicolaspc/anaconda3/envs/mlops_env/lib/python3.12/site-packages/airflow/example_dags/tutorial_taskflow_api.py for tasks to queue
[2024-07-07T23:42:21.942+0500] {logging_mixin.py:188} INFO - [2024-07-07T23:42:21.942+0500] {dagbag.py:545} INFO - Filling up the DagBag from /home/nicolaspc/anaconda3/envs/mlops_env/lib/python3.12/site-packages/airflow/example_dags/tutorial_taskflow_api.py
[2024-07-07T23:42:21.947+0500] {processor.py:840} INFO - DAG(s) 'tutorial_taskflow_api' retrieved from /home/nicolaspc/anaconda3/envs/mlops_env/lib/python3.12/site-packages/airflow/example_dags/tutorial_taskflow_api.py
[2024-07-07T23:42:21.958+0500] {logging_mixin.py:188} INFO - [2024-07-07T23:42:21.958+0500] {dag.py:3096} INFO - Sync 1 DAGs
[2024-07-07T23:42:21.965+0500] {logging_mixin.py:188} INFO - [2024-07-07T23:42:21.965+0500] {dag.py:3954} INFO - Setting next_dagrun for tutorial_taskflow_api to None, run_after=None
[2024-07-07T23:42:22.009+0500] {processor.py:183} INFO - Processing /home/nicolaspc/anaconda3/envs/mlops_env/lib/python3.12/site-packages/airflow/example_dags/tutorial_taskflow_api.py took 0.080 seconds
[2024-07-07T23:42:27.809+0500] {processor.py:161} INFO - Started process (PID=18698) to work on /home/nicolaspc/anaconda3/envs/mlops_env/lib/python3.12/site-packages/airflow/example_dags/tutorial_taskflow_api.py
[2024-07-07T23:42:27.809+0500] {processor.py:830} INFO - Processing file /home/nicolaspc/anaconda3/envs/mlops_env/lib/python3.12/site-packages/airflow/example_dags/tutorial_taskflow_api.py for tasks to queue
[2024-07-07T23:42:27.810+0500] {logging_mixin.py:188} INFO - [2024-07-07T23:42:27.810+0500] {dagbag.py:545} INFO - Filling up the DagBag from /home/nicolaspc/anaconda3/envs/mlops_env/lib/python3.12/site-packages/airflow/example_dags/tutorial_taskflow_api.py
[2024-07-07T23:42:27.814+0500] {processor.py:840} INFO - DAG(s) 'tutorial_taskflow_api' retrieved from /home/nicolaspc/anaconda3/envs/mlops_env/lib/python3.12/site-packages/airflow/example_dags/tutorial_taskflow_api.py
[2024-07-07T23:42:27.834+0500] {logging_mixin.py:188} INFO - [2024-07-07T23:42:27.834+0500] {dag.py:3096} INFO - Sync 1 DAGs
[2024-07-07T23:42:27.843+0500] {logging_mixin.py:188} INFO - [2024-07-07T23:42:27.843+0500] {dag.py:3954} INFO - Setting next_dagrun for tutorial_taskflow_api to None, run_after=None
[2024-07-07T23:42:27.860+0500] {processor.py:183} INFO - Processing /home/nicolaspc/anaconda3/envs/mlops_env/lib/python3.12/site-packages/airflow/example_dags/tutorial_taskflow_api.py took 0.057 seconds
[2024-07-07T23:42:58.657+0500] {processor.py:161} INFO - Started process (PID=19062) to work on /home/nicolaspc/anaconda3/envs/mlops_env/lib/python3.12/site-packages/airflow/example_dags/tutorial_taskflow_api.py
[2024-07-07T23:42:58.658+0500] {processor.py:830} INFO - Processing file /home/nicolaspc/anaconda3/envs/mlops_env/lib/python3.12/site-packages/airflow/example_dags/tutorial_taskflow_api.py for tasks to queue
[2024-07-07T23:42:58.659+0500] {logging_mixin.py:188} INFO - [2024-07-07T23:42:58.658+0500] {dagbag.py:545} INFO - Filling up the DagBag from /home/nicolaspc/anaconda3/envs/mlops_env/lib/python3.12/site-packages/airflow/example_dags/tutorial_taskflow_api.py
[2024-07-07T23:42:58.663+0500] {processor.py:840} INFO - DAG(s) 'tutorial_taskflow_api' retrieved from /home/nicolaspc/anaconda3/envs/mlops_env/lib/python3.12/site-packages/airflow/example_dags/tutorial_taskflow_api.py
[2024-07-07T23:42:58.683+0500] {logging_mixin.py:188} INFO - [2024-07-07T23:42:58.683+0500] {dag.py:3096} INFO - Sync 1 DAGs
[2024-07-07T23:42:58.693+0500] {logging_mixin.py:188} INFO - [2024-07-07T23:42:58.692+0500] {dag.py:3954} INFO - Setting next_dagrun for tutorial_taskflow_api to None, run_after=None
[2024-07-07T23:42:58.707+0500] {processor.py:183} INFO - Processing /home/nicolaspc/anaconda3/envs/mlops_env/lib/python3.12/site-packages/airflow/example_dags/tutorial_taskflow_api.py took 0.056 seconds
[2024-07-07T23:43:29.276+0500] {processor.py:161} INFO - Started process (PID=19389) to work on /home/nicolaspc/anaconda3/envs/mlops_env/lib/python3.12/site-packages/airflow/example_dags/tutorial_taskflow_api.py
[2024-07-07T23:43:29.277+0500] {processor.py:830} INFO - Processing file /home/nicolaspc/anaconda3/envs/mlops_env/lib/python3.12/site-packages/airflow/example_dags/tutorial_taskflow_api.py for tasks to queue
[2024-07-07T23:43:29.277+0500] {logging_mixin.py:188} INFO - [2024-07-07T23:43:29.277+0500] {dagbag.py:545} INFO - Filling up the DagBag from /home/nicolaspc/anaconda3/envs/mlops_env/lib/python3.12/site-packages/airflow/example_dags/tutorial_taskflow_api.py
[2024-07-07T23:43:29.281+0500] {processor.py:840} INFO - DAG(s) 'tutorial_taskflow_api' retrieved from /home/nicolaspc/anaconda3/envs/mlops_env/lib/python3.12/site-packages/airflow/example_dags/tutorial_taskflow_api.py
[2024-07-07T23:43:29.300+0500] {logging_mixin.py:188} INFO - [2024-07-07T23:43:29.300+0500] {dag.py:3096} INFO - Sync 1 DAGs
[2024-07-07T23:43:29.310+0500] {logging_mixin.py:188} INFO - [2024-07-07T23:43:29.310+0500] {dag.py:3954} INFO - Setting next_dagrun for tutorial_taskflow_api to None, run_after=None
[2024-07-07T23:43:29.325+0500] {processor.py:183} INFO - Processing /home/nicolaspc/anaconda3/envs/mlops_env/lib/python3.12/site-packages/airflow/example_dags/tutorial_taskflow_api.py took 0.054 seconds
[2024-07-07T23:44:00.185+0500] {processor.py:161} INFO - Started process (PID=19757) to work on /home/nicolaspc/anaconda3/envs/mlops_env/lib/python3.12/site-packages/airflow/example_dags/tutorial_taskflow_api.py
[2024-07-07T23:44:00.187+0500] {processor.py:830} INFO - Processing file /home/nicolaspc/anaconda3/envs/mlops_env/lib/python3.12/site-packages/airflow/example_dags/tutorial_taskflow_api.py for tasks to queue
[2024-07-07T23:44:00.188+0500] {logging_mixin.py:188} INFO - [2024-07-07T23:44:00.187+0500] {dagbag.py:545} INFO - Filling up the DagBag from /home/nicolaspc/anaconda3/envs/mlops_env/lib/python3.12/site-packages/airflow/example_dags/tutorial_taskflow_api.py
[2024-07-07T23:44:00.192+0500] {processor.py:840} INFO - DAG(s) 'tutorial_taskflow_api' retrieved from /home/nicolaspc/anaconda3/envs/mlops_env/lib/python3.12/site-packages/airflow/example_dags/tutorial_taskflow_api.py
[2024-07-07T23:44:00.210+0500] {logging_mixin.py:188} INFO - [2024-07-07T23:44:00.210+0500] {dag.py:3096} INFO - Sync 1 DAGs
[2024-07-07T23:44:00.219+0500] {logging_mixin.py:188} INFO - [2024-07-07T23:44:00.219+0500] {dag.py:3954} INFO - Setting next_dagrun for tutorial_taskflow_api to None, run_after=None
[2024-07-07T23:44:00.235+0500] {processor.py:183} INFO - Processing /home/nicolaspc/anaconda3/envs/mlops_env/lib/python3.12/site-packages/airflow/example_dags/tutorial_taskflow_api.py took 0.056 seconds
[2024-07-07T23:44:30.668+0500] {processor.py:161} INFO - Started process (PID=20121) to work on /home/nicolaspc/anaconda3/envs/mlops_env/lib/python3.12/site-packages/airflow/example_dags/tutorial_taskflow_api.py
[2024-07-07T23:44:30.668+0500] {processor.py:830} INFO - Processing file /home/nicolaspc/anaconda3/envs/mlops_env/lib/python3.12/site-packages/airflow/example_dags/tutorial_taskflow_api.py for tasks to queue
[2024-07-07T23:44:30.669+0500] {logging_mixin.py:188} INFO - [2024-07-07T23:44:30.669+0500] {dagbag.py:545} INFO - Filling up the DagBag from /home/nicolaspc/anaconda3/envs/mlops_env/lib/python3.12/site-packages/airflow/example_dags/tutorial_taskflow_api.py
[2024-07-07T23:44:30.673+0500] {processor.py:840} INFO - DAG(s) 'tutorial_taskflow_api' retrieved from /home/nicolaspc/anaconda3/envs/mlops_env/lib/python3.12/site-packages/airflow/example_dags/tutorial_taskflow_api.py
[2024-07-07T23:44:30.693+0500] {logging_mixin.py:188} INFO - [2024-07-07T23:44:30.693+0500] {dag.py:3096} INFO - Sync 1 DAGs
[2024-07-07T23:44:30.703+0500] {logging_mixin.py:188} INFO - [2024-07-07T23:44:30.702+0500] {dag.py:3954} INFO - Setting next_dagrun for tutorial_taskflow_api to None, run_after=None
[2024-07-07T23:44:30.717+0500] {processor.py:183} INFO - Processing /home/nicolaspc/anaconda3/envs/mlops_env/lib/python3.12/site-packages/airflow/example_dags/tutorial_taskflow_api.py took 0.055 seconds
[2024-07-07T23:45:01.165+0500] {processor.py:161} INFO - Started process (PID=20487) to work on /home/nicolaspc/anaconda3/envs/mlops_env/lib/python3.12/site-packages/airflow/example_dags/tutorial_taskflow_api.py
[2024-07-07T23:45:01.166+0500] {processor.py:830} INFO - Processing file /home/nicolaspc/anaconda3/envs/mlops_env/lib/python3.12/site-packages/airflow/example_dags/tutorial_taskflow_api.py for tasks to queue
[2024-07-07T23:45:01.166+0500] {logging_mixin.py:188} INFO - [2024-07-07T23:45:01.166+0500] {dagbag.py:545} INFO - Filling up the DagBag from /home/nicolaspc/anaconda3/envs/mlops_env/lib/python3.12/site-packages/airflow/example_dags/tutorial_taskflow_api.py
[2024-07-07T23:45:01.170+0500] {processor.py:840} INFO - DAG(s) 'tutorial_taskflow_api' retrieved from /home/nicolaspc/anaconda3/envs/mlops_env/lib/python3.12/site-packages/airflow/example_dags/tutorial_taskflow_api.py
[2024-07-07T23:45:01.190+0500] {logging_mixin.py:188} INFO - [2024-07-07T23:45:01.189+0500] {dag.py:3096} INFO - Sync 1 DAGs
[2024-07-07T23:45:01.198+0500] {logging_mixin.py:188} INFO - [2024-07-07T23:45:01.198+0500] {dag.py:3954} INFO - Setting next_dagrun for tutorial_taskflow_api to None, run_after=None
[2024-07-07T23:45:01.214+0500] {processor.py:183} INFO - Processing /home/nicolaspc/anaconda3/envs/mlops_env/lib/python3.12/site-packages/airflow/example_dags/tutorial_taskflow_api.py took 0.054 seconds
[2024-07-07T23:45:31.921+0500] {processor.py:161} INFO - Started process (PID=20812) to work on /home/nicolaspc/anaconda3/envs/mlops_env/lib/python3.12/site-packages/airflow/example_dags/tutorial_taskflow_api.py
[2024-07-07T23:45:31.922+0500] {processor.py:830} INFO - Processing file /home/nicolaspc/anaconda3/envs/mlops_env/lib/python3.12/site-packages/airflow/example_dags/tutorial_taskflow_api.py for tasks to queue
[2024-07-07T23:45:31.922+0500] {logging_mixin.py:188} INFO - [2024-07-07T23:45:31.922+0500] {dagbag.py:545} INFO - Filling up the DagBag from /home/nicolaspc/anaconda3/envs/mlops_env/lib/python3.12/site-packages/airflow/example_dags/tutorial_taskflow_api.py
[2024-07-07T23:45:31.926+0500] {processor.py:840} INFO - DAG(s) 'tutorial_taskflow_api' retrieved from /home/nicolaspc/anaconda3/envs/mlops_env/lib/python3.12/site-packages/airflow/example_dags/tutorial_taskflow_api.py
[2024-07-07T23:45:31.948+0500] {logging_mixin.py:188} INFO - [2024-07-07T23:45:31.948+0500] {dag.py:3096} INFO - Sync 1 DAGs
[2024-07-07T23:45:31.957+0500] {logging_mixin.py:188} INFO - [2024-07-07T23:45:31.957+0500] {dag.py:3954} INFO - Setting next_dagrun for tutorial_taskflow_api to None, run_after=None
[2024-07-07T23:45:31.974+0500] {processor.py:183} INFO - Processing /home/nicolaspc/anaconda3/envs/mlops_env/lib/python3.12/site-packages/airflow/example_dags/tutorial_taskflow_api.py took 0.059 seconds
[2024-07-07T23:46:02.468+0500] {processor.py:161} INFO - Started process (PID=21150) to work on /home/nicolaspc/anaconda3/envs/mlops_env/lib/python3.12/site-packages/airflow/example_dags/tutorial_taskflow_api.py
[2024-07-07T23:46:02.469+0500] {processor.py:830} INFO - Processing file /home/nicolaspc/anaconda3/envs/mlops_env/lib/python3.12/site-packages/airflow/example_dags/tutorial_taskflow_api.py for tasks to queue
[2024-07-07T23:46:02.469+0500] {logging_mixin.py:188} INFO - [2024-07-07T23:46:02.469+0500] {dagbag.py:545} INFO - Filling up the DagBag from /home/nicolaspc/anaconda3/envs/mlops_env/lib/python3.12/site-packages/airflow/example_dags/tutorial_taskflow_api.py
[2024-07-07T23:46:02.473+0500] {processor.py:840} INFO - DAG(s) 'tutorial_taskflow_api' retrieved from /home/nicolaspc/anaconda3/envs/mlops_env/lib/python3.12/site-packages/airflow/example_dags/tutorial_taskflow_api.py
[2024-07-07T23:46:02.494+0500] {logging_mixin.py:188} INFO - [2024-07-07T23:46:02.494+0500] {dag.py:3096} INFO - Sync 1 DAGs
[2024-07-07T23:46:02.504+0500] {logging_mixin.py:188} INFO - [2024-07-07T23:46:02.503+0500] {dag.py:3954} INFO - Setting next_dagrun for tutorial_taskflow_api to None, run_after=None
[2024-07-07T23:46:02.520+0500] {processor.py:183} INFO - Processing /home/nicolaspc/anaconda3/envs/mlops_env/lib/python3.12/site-packages/airflow/example_dags/tutorial_taskflow_api.py took 0.058 seconds
[2024-07-07T23:46:33.210+0500] {processor.py:161} INFO - Started process (PID=21514) to work on /home/nicolaspc/anaconda3/envs/mlops_env/lib/python3.12/site-packages/airflow/example_dags/tutorial_taskflow_api.py
[2024-07-07T23:46:33.210+0500] {processor.py:830} INFO - Processing file /home/nicolaspc/anaconda3/envs/mlops_env/lib/python3.12/site-packages/airflow/example_dags/tutorial_taskflow_api.py for tasks to queue
[2024-07-07T23:46:33.211+0500] {logging_mixin.py:188} INFO - [2024-07-07T23:46:33.211+0500] {dagbag.py:545} INFO - Filling up the DagBag from /home/nicolaspc/anaconda3/envs/mlops_env/lib/python3.12/site-packages/airflow/example_dags/tutorial_taskflow_api.py
[2024-07-07T23:46:33.214+0500] {processor.py:840} INFO - DAG(s) 'tutorial_taskflow_api' retrieved from /home/nicolaspc/anaconda3/envs/mlops_env/lib/python3.12/site-packages/airflow/example_dags/tutorial_taskflow_api.py
[2024-07-07T23:46:33.234+0500] {logging_mixin.py:188} INFO - [2024-07-07T23:46:33.233+0500] {dag.py:3096} INFO - Sync 1 DAGs
[2024-07-07T23:46:33.243+0500] {logging_mixin.py:188} INFO - [2024-07-07T23:46:33.243+0500] {dag.py:3954} INFO - Setting next_dagrun for tutorial_taskflow_api to None, run_after=None
[2024-07-07T23:46:33.258+0500] {processor.py:183} INFO - Processing /home/nicolaspc/anaconda3/envs/mlops_env/lib/python3.12/site-packages/airflow/example_dags/tutorial_taskflow_api.py took 0.054 seconds
[2024-07-07T23:47:04.038+0500] {processor.py:161} INFO - Started process (PID=21846) to work on /home/nicolaspc/anaconda3/envs/mlops_env/lib/python3.12/site-packages/airflow/example_dags/tutorial_taskflow_api.py
[2024-07-07T23:47:04.038+0500] {processor.py:830} INFO - Processing file /home/nicolaspc/anaconda3/envs/mlops_env/lib/python3.12/site-packages/airflow/example_dags/tutorial_taskflow_api.py for tasks to queue
[2024-07-07T23:47:04.039+0500] {logging_mixin.py:188} INFO - [2024-07-07T23:47:04.039+0500] {dagbag.py:545} INFO - Filling up the DagBag from /home/nicolaspc/anaconda3/envs/mlops_env/lib/python3.12/site-packages/airflow/example_dags/tutorial_taskflow_api.py
[2024-07-07T23:47:04.043+0500] {processor.py:840} INFO - DAG(s) 'tutorial_taskflow_api' retrieved from /home/nicolaspc/anaconda3/envs/mlops_env/lib/python3.12/site-packages/airflow/example_dags/tutorial_taskflow_api.py
[2024-07-07T23:47:04.061+0500] {logging_mixin.py:188} INFO - [2024-07-07T23:47:04.061+0500] {dag.py:3096} INFO - Sync 1 DAGs
[2024-07-07T23:47:04.070+0500] {logging_mixin.py:188} INFO - [2024-07-07T23:47:04.070+0500] {dag.py:3954} INFO - Setting next_dagrun for tutorial_taskflow_api to None, run_after=None
[2024-07-07T23:47:04.085+0500] {processor.py:183} INFO - Processing /home/nicolaspc/anaconda3/envs/mlops_env/lib/python3.12/site-packages/airflow/example_dags/tutorial_taskflow_api.py took 0.054 seconds
[2024-07-07T23:47:34.538+0500] {processor.py:161} INFO - Started process (PID=22174) to work on /home/nicolaspc/anaconda3/envs/mlops_env/lib/python3.12/site-packages/airflow/example_dags/tutorial_taskflow_api.py
[2024-07-07T23:47:34.539+0500] {processor.py:830} INFO - Processing file /home/nicolaspc/anaconda3/envs/mlops_env/lib/python3.12/site-packages/airflow/example_dags/tutorial_taskflow_api.py for tasks to queue
[2024-07-07T23:47:34.540+0500] {logging_mixin.py:188} INFO - [2024-07-07T23:47:34.539+0500] {dagbag.py:545} INFO - Filling up the DagBag from /home/nicolaspc/anaconda3/envs/mlops_env/lib/python3.12/site-packages/airflow/example_dags/tutorial_taskflow_api.py
[2024-07-07T23:47:34.543+0500] {processor.py:840} INFO - DAG(s) 'tutorial_taskflow_api' retrieved from /home/nicolaspc/anaconda3/envs/mlops_env/lib/python3.12/site-packages/airflow/example_dags/tutorial_taskflow_api.py
[2024-07-07T23:47:34.563+0500] {logging_mixin.py:188} INFO - [2024-07-07T23:47:34.563+0500] {dag.py:3096} INFO - Sync 1 DAGs
[2024-07-07T23:47:34.572+0500] {logging_mixin.py:188} INFO - [2024-07-07T23:47:34.572+0500] {dag.py:3954} INFO - Setting next_dagrun for tutorial_taskflow_api to None, run_after=None
[2024-07-07T23:47:34.587+0500] {processor.py:183} INFO - Processing /home/nicolaspc/anaconda3/envs/mlops_env/lib/python3.12/site-packages/airflow/example_dags/tutorial_taskflow_api.py took 0.054 seconds
[2024-07-07T23:48:05.144+0500] {processor.py:161} INFO - Started process (PID=22499) to work on /home/nicolaspc/anaconda3/envs/mlops_env/lib/python3.12/site-packages/airflow/example_dags/tutorial_taskflow_api.py
[2024-07-07T23:48:05.144+0500] {processor.py:830} INFO - Processing file /home/nicolaspc/anaconda3/envs/mlops_env/lib/python3.12/site-packages/airflow/example_dags/tutorial_taskflow_api.py for tasks to queue
[2024-07-07T23:48:05.145+0500] {logging_mixin.py:188} INFO - [2024-07-07T23:48:05.144+0500] {dagbag.py:545} INFO - Filling up the DagBag from /home/nicolaspc/anaconda3/envs/mlops_env/lib/python3.12/site-packages/airflow/example_dags/tutorial_taskflow_api.py
[2024-07-07T23:48:05.148+0500] {processor.py:840} INFO - DAG(s) 'tutorial_taskflow_api' retrieved from /home/nicolaspc/anaconda3/envs/mlops_env/lib/python3.12/site-packages/airflow/example_dags/tutorial_taskflow_api.py
[2024-07-07T23:48:05.168+0500] {logging_mixin.py:188} INFO - [2024-07-07T23:48:05.168+0500] {dag.py:3096} INFO - Sync 1 DAGs
[2024-07-07T23:48:05.177+0500] {logging_mixin.py:188} INFO - [2024-07-07T23:48:05.177+0500] {dag.py:3954} INFO - Setting next_dagrun for tutorial_taskflow_api to None, run_after=None
[2024-07-07T23:48:05.193+0500] {processor.py:183} INFO - Processing /home/nicolaspc/anaconda3/envs/mlops_env/lib/python3.12/site-packages/airflow/example_dags/tutorial_taskflow_api.py took 0.055 seconds
[2024-07-07T23:48:35.684+0500] {processor.py:161} INFO - Started process (PID=22852) to work on /home/nicolaspc/anaconda3/envs/mlops_env/lib/python3.12/site-packages/airflow/example_dags/tutorial_taskflow_api.py
[2024-07-07T23:48:35.685+0500] {processor.py:830} INFO - Processing file /home/nicolaspc/anaconda3/envs/mlops_env/lib/python3.12/site-packages/airflow/example_dags/tutorial_taskflow_api.py for tasks to queue
[2024-07-07T23:48:35.685+0500] {logging_mixin.py:188} INFO - [2024-07-07T23:48:35.685+0500] {dagbag.py:545} INFO - Filling up the DagBag from /home/nicolaspc/anaconda3/envs/mlops_env/lib/python3.12/site-packages/airflow/example_dags/tutorial_taskflow_api.py
[2024-07-07T23:48:35.690+0500] {processor.py:840} INFO - DAG(s) 'tutorial_taskflow_api' retrieved from /home/nicolaspc/anaconda3/envs/mlops_env/lib/python3.12/site-packages/airflow/example_dags/tutorial_taskflow_api.py
[2024-07-07T23:48:35.710+0500] {logging_mixin.py:188} INFO - [2024-07-07T23:48:35.710+0500] {dag.py:3096} INFO - Sync 1 DAGs
[2024-07-07T23:48:35.718+0500] {logging_mixin.py:188} INFO - [2024-07-07T23:48:35.717+0500] {dag.py:3954} INFO - Setting next_dagrun for tutorial_taskflow_api to None, run_after=None
[2024-07-07T23:48:35.732+0500] {processor.py:183} INFO - Processing /home/nicolaspc/anaconda3/envs/mlops_env/lib/python3.12/site-packages/airflow/example_dags/tutorial_taskflow_api.py took 0.055 seconds
[2024-07-07T23:49:06.540+0500] {processor.py:161} INFO - Started process (PID=23249) to work on /home/nicolaspc/anaconda3/envs/mlops_env/lib/python3.12/site-packages/airflow/example_dags/tutorial_taskflow_api.py
[2024-07-07T23:49:06.540+0500] {processor.py:830} INFO - Processing file /home/nicolaspc/anaconda3/envs/mlops_env/lib/python3.12/site-packages/airflow/example_dags/tutorial_taskflow_api.py for tasks to queue
[2024-07-07T23:49:06.541+0500] {logging_mixin.py:188} INFO - [2024-07-07T23:49:06.541+0500] {dagbag.py:545} INFO - Filling up the DagBag from /home/nicolaspc/anaconda3/envs/mlops_env/lib/python3.12/site-packages/airflow/example_dags/tutorial_taskflow_api.py
[2024-07-07T23:49:06.546+0500] {processor.py:840} INFO - DAG(s) 'tutorial_taskflow_api' retrieved from /home/nicolaspc/anaconda3/envs/mlops_env/lib/python3.12/site-packages/airflow/example_dags/tutorial_taskflow_api.py
[2024-07-07T23:49:06.632+0500] {logging_mixin.py:188} INFO - [2024-07-07T23:49:06.632+0500] {dag.py:3096} INFO - Sync 1 DAGs
[2024-07-07T23:49:06.639+0500] {logging_mixin.py:188} INFO - [2024-07-07T23:49:06.639+0500] {dag.py:3954} INFO - Setting next_dagrun for tutorial_taskflow_api to None, run_after=None
[2024-07-07T23:49:06.666+0500] {processor.py:183} INFO - Processing /home/nicolaspc/anaconda3/envs/mlops_env/lib/python3.12/site-packages/airflow/example_dags/tutorial_taskflow_api.py took 0.133 seconds
[2024-07-07T23:49:37.247+0500] {processor.py:161} INFO - Started process (PID=23737) to work on /home/nicolaspc/anaconda3/envs/mlops_env/lib/python3.12/site-packages/airflow/example_dags/tutorial_taskflow_api.py
[2024-07-07T23:49:37.248+0500] {processor.py:830} INFO - Processing file /home/nicolaspc/anaconda3/envs/mlops_env/lib/python3.12/site-packages/airflow/example_dags/tutorial_taskflow_api.py for tasks to queue
[2024-07-07T23:49:37.248+0500] {logging_mixin.py:188} INFO - [2024-07-07T23:49:37.248+0500] {dagbag.py:545} INFO - Filling up the DagBag from /home/nicolaspc/anaconda3/envs/mlops_env/lib/python3.12/site-packages/airflow/example_dags/tutorial_taskflow_api.py
[2024-07-07T23:49:37.252+0500] {processor.py:840} INFO - DAG(s) 'tutorial_taskflow_api' retrieved from /home/nicolaspc/anaconda3/envs/mlops_env/lib/python3.12/site-packages/airflow/example_dags/tutorial_taskflow_api.py
[2024-07-07T23:49:37.326+0500] {logging_mixin.py:188} INFO - [2024-07-07T23:49:37.326+0500] {dag.py:3096} INFO - Sync 1 DAGs
[2024-07-07T23:49:37.334+0500] {logging_mixin.py:188} INFO - [2024-07-07T23:49:37.334+0500] {dag.py:3954} INFO - Setting next_dagrun for tutorial_taskflow_api to None, run_after=None
[2024-07-07T23:49:37.349+0500] {processor.py:183} INFO - Processing /home/nicolaspc/anaconda3/envs/mlops_env/lib/python3.12/site-packages/airflow/example_dags/tutorial_taskflow_api.py took 0.108 seconds
