[2024-10-08T23:46:33.471+0500] {local_task_job_runner.py:123} INFO - ::group::Pre task execution logs
[2024-10-08T23:46:33.492+0500] {taskinstance.py:2603} INFO - Dependencies all met for dep_context=non-requeueable deps ti=<TaskInstance: 3_models_NicolasPal.train_rf manual__2024-10-08T18:46:07.961740+00:00 [queued]>
[2024-10-08T23:46:33.501+0500] {taskinstance.py:2603} INFO - Dependencies all met for dep_context=requeueable deps ti=<TaskInstance: 3_models_NicolasPal.train_rf manual__2024-10-08T18:46:07.961740+00:00 [queued]>
[2024-10-08T23:46:33.501+0500] {taskinstance.py:2856} INFO - Starting attempt 1 of 1
[2024-10-08T23:46:33.513+0500] {taskinstance.py:2879} INFO - Executing <Task(PythonOperator): train_rf> on 2024-10-08 18:46:07.961740+00:00
[2024-10-08T23:46:33.530+0500] {logging_mixin.py:190} WARNING - /home/nicolaspc/anaconda3/envs/mlops_env/lib/python3.12/site-packages/***/task/task_runner/standard_task_runner.py:70 DeprecationWarning: This process (pid=63505) is multi-threaded, use of fork() may lead to deadlocks in the child.
[2024-10-08T23:46:33.532+0500] {standard_task_runner.py:72} INFO - Started process 63596 to run task
[2024-10-08T23:46:33.531+0500] {standard_task_runner.py:104} INFO - Running: ['***', 'tasks', 'run', '3_models_NicolasPal', 'train_rf', 'manual__2024-10-08T18:46:07.961740+00:00', '--job-id', '951', '--raw', '--subdir', 'DAGS_FOLDER/project_2.py', '--cfg-path', '/tmp/tmptq0fl5cm']
[2024-10-08T23:46:33.533+0500] {standard_task_runner.py:105} INFO - Job 951: Subtask train_rf
[2024-10-08T23:46:33.597+0500] {task_command.py:467} INFO - Running <TaskInstance: 3_models_NicolasPal.train_rf manual__2024-10-08T18:46:07.961740+00:00 [running]> on host nicolaspc-HP-Pavilion-Laptop-15-eh1xxx
[2024-10-08T23:46:33.683+0500] {taskinstance.py:3122} INFO - Exporting env vars: AIRFLOW_CTX_DAG_OWNER='Nicolas Pal' AIRFLOW_CTX_DAG_ID='3_models_NicolasPal' AIRFLOW_CTX_TASK_ID='train_rf' AIRFLOW_CTX_EXECUTION_DATE='2024-10-08T18:46:07.961740+00:00' AIRFLOW_CTX_TRY_NUMBER='1' AIRFLOW_CTX_DAG_RUN_ID='manual__2024-10-08T18:46:07.961740+00:00'
[2024-10-08T23:46:33.684+0500] {taskinstance.py:731} INFO - ::endgroup::
[2024-10-08T23:46:33.711+0500] {s3.py:1387} INFO - Downloading source S3 file from Bucket test-bucket-nicolas-1 with path NicolasPal/project1/rf/datasets/X_train.pkl
[2024-10-08T23:46:33.913+0500] {base.py:84} INFO - Retrieving connection 's3_connection'
[2024-10-08T23:46:33.913+0500] {connection_wrapper.py:384} INFO - AWS Connection (conn_id='s3_connection', conn_type='aws') credentials retrieved from login and password.
[2024-10-08T23:46:37.764+0500] {s3.py:1387} INFO - Downloading source S3 file from Bucket test-bucket-nicolas-1 with path NicolasPal/project1/rf/datasets/X_test.pkl
[2024-10-08T23:46:38.499+0500] {s3.py:1387} INFO - Downloading source S3 file from Bucket test-bucket-nicolas-1 with path NicolasPal/project1/rf/datasets/X_val.pkl
[2024-10-08T23:46:39.247+0500] {s3.py:1387} INFO - Downloading source S3 file from Bucket test-bucket-nicolas-1 with path NicolasPal/project1/rf/datasets/y_train.pkl
[2024-10-08T23:46:40.225+0500] {s3.py:1387} INFO - Downloading source S3 file from Bucket test-bucket-nicolas-1 with path NicolasPal/project1/rf/datasets/y_test.pkl
[2024-10-08T23:46:40.659+0500] {s3.py:1387} INFO - Downloading source S3 file from Bucket test-bucket-nicolas-1 with path NicolasPal/project1/rf/datasets/y_val.pkl
[2024-10-08T23:46:41.160+0500] {project_2.py:182} INFO - Данные для обучения модели из S3 загружены
[2024-10-08T23:46:41.268+0500] {migration.py:216} INFO - Context impl PostgresqlImpl.
[2024-10-08T23:46:41.269+0500] {migration.py:219} INFO - Will assume transactional DDL.
[2024-10-08T23:46:54.454+0500] {credentials.py:1147} INFO - Found credentials in environment variables.
[2024-10-08T23:47:34.844+0500] {logging_mixin.py:190} WARNING - Registered model 'sk-learn-rf-reg-model' already exists. Creating a new version of this model...
[2024-10-08T23:47:34.864+0500] {logging_mixin.py:190} WARNING - Created version '5' of model 'sk-learn-rf-reg-model'.
[2024-10-08T23:48:03.860+0500] {connectionpool.py:330} WARNING - Connection pool is full, discarding connection: s3.eu-north-1.amazonaws.com. Connection pool size: 10
[2024-10-08T23:48:05.718+0500] {connectionpool.py:330} WARNING - Connection pool is full, discarding connection: s3.eu-north-1.amazonaws.com. Connection pool size: 10
[2024-10-08T23:48:06.187+0500] {logging_mixin.py:190} WARNING - 2024/10/08 23:48:06 INFO mlflow.models.evaluation.default_evaluator: Computing model predictions.
[2024-10-08T23:48:06.312+0500] {logging_mixin.py:190} WARNING - /home/nicolaspc/anaconda3/envs/mlops_env/lib/python3.12/site-packages/sklearn/metrics/_regression.py:492 FutureWarning: 'squared' is deprecated in version 1.4 and will be removed in 1.6. To calculate the root mean squared error, use the function'root_mean_squared_error'.
[2024-10-08T23:48:06.314+0500] {logging_mixin.py:190} WARNING - 2024/10/08 23:48:06 INFO mlflow.models.evaluation.default_evaluator: Testing metrics on first row...
[2024-10-08T23:48:06.315+0500] {logging_mixin.py:190} WARNING - 2024/10/08 23:48:06 WARNING mlflow.models.evaluation.default_evaluator: SHAP or matplotlib package is not installed, so model explainability insights will not be logged.
[2024-10-08T23:48:06.349+0500] {project_2.py:222} INFO - Модели обучены, метрики сохранены
[2024-10-08T23:48:06.351+0500] {python.py:240} INFO - Done. Returned value was: {'start_tiemstamp': '20241008 23:46', 'experiment_id': '170', 'parent_run_id': '87d4bcf76a274503a104922c1dc1e6bf', 'get_data_start': '20241008 23:46', 'get_data_end': '20241008 23:46', 'data_shape': [20640, 9], 'prepare_data_start': '20241008 23:46', 'prepare_data_end': '20241008 23:46', 'features_name': ['MedInc', 'HouseAge', 'AveRooms', 'AveBedrms', 'Population', 'AveOccup', 'Latitude', 'Longitude'], 'train_model_end': '20241008 23:48'}
[2024-10-08T23:48:06.379+0500] {taskinstance.py:340} INFO - ::group::Post task execution logs
[2024-10-08T23:48:06.380+0500] {taskinstance.py:352} INFO - Marking task as SUCCESS. dag_id=3_models_NicolasPal, task_id=train_rf, run_id=manual__2024-10-08T18:46:07.961740+00:00, execution_date=20241008T184607, start_date=20241008T184633, end_date=20241008T184806
[2024-10-08T23:48:06.462+0500] {local_task_job_runner.py:261} INFO - Task exited with return code 0
[2024-10-08T23:48:06.483+0500] {taskinstance.py:3891} INFO - 1 downstream tasks scheduled from follow-on schedule check
[2024-10-08T23:48:06.486+0500] {local_task_job_runner.py:240} INFO - ::endgroup::
