[2024-08-19T17:22:13.317+0500] {local_task_job_runner.py:123} INFO - ::group::Pre task execution logs
[2024-08-19T17:22:13.337+0500] {taskinstance.py:2603} INFO - Dependencies all met for dep_context=non-requeueable deps ti=<TaskInstance: train.train_model manual__2024-08-19T12:21:57.618782+00:00 [queued]>
[2024-08-19T17:22:13.343+0500] {taskinstance.py:2603} INFO - Dependencies all met for dep_context=requeueable deps ti=<TaskInstance: train.train_model manual__2024-08-19T12:21:57.618782+00:00 [queued]>
[2024-08-19T17:22:13.343+0500] {taskinstance.py:2856} INFO - Starting attempt 1 of 1
[2024-08-19T17:22:13.353+0500] {taskinstance.py:2879} INFO - Executing <Task(PythonOperator): train_model> on 2024-08-19 12:21:57.618782+00:00
[2024-08-19T17:22:13.365+0500] {logging_mixin.py:190} WARNING - /home/nicolaspc/anaconda3/envs/mlops_env/lib/python3.12/site-packages/***/task/task_runner/standard_task_runner.py:70 DeprecationWarning: This process (pid=10324) is multi-threaded, use of fork() may lead to deadlocks in the child.
[2024-08-19T17:22:13.366+0500] {standard_task_runner.py:72} INFO - Started process 10374 to run task
[2024-08-19T17:22:13.365+0500] {standard_task_runner.py:104} INFO - Running: ['***', 'tasks', 'run', 'train', 'train_model', 'manual__2024-08-19T12:21:57.618782+00:00', '--job-id', '28', '--raw', '--subdir', 'DAGS_FOLDER/.ipynb_checkpoints/train_dag-checkpoint.py', '--cfg-path', '/tmp/tmpwyh40ghz']
[2024-08-19T17:22:13.367+0500] {standard_task_runner.py:105} INFO - Job 28: Subtask train_model
[2024-08-19T17:22:13.424+0500] {task_command.py:467} INFO - Running <TaskInstance: train.train_model manual__2024-08-19T12:21:57.618782+00:00 [running]> on host nicolaspc-HP-Pavilion-Laptop-15-eh1xxx
[2024-08-19T17:22:13.510+0500] {taskinstance.py:3122} INFO - Exporting env vars: AIRFLOW_CTX_DAG_OWNER='Nicolas Pal' AIRFLOW_CTX_DAG_ID='train' AIRFLOW_CTX_TASK_ID='train_model' AIRFLOW_CTX_EXECUTION_DATE='2024-08-19T12:21:57.618782+00:00' AIRFLOW_CTX_TRY_NUMBER='1' AIRFLOW_CTX_DAG_RUN_ID='manual__2024-08-19T12:21:57.618782+00:00'
[2024-08-19T17:22:13.511+0500] {taskinstance.py:731} INFO - ::endgroup::
[2024-08-19T17:22:13.522+0500] {s3.py:1387} INFO - Downloading source S3 file from Bucket test-bucket-nicolas-1 with path dataset/X_train.pkl
[2024-08-19T17:22:13.538+0500] {base.py:84} INFO - Retrieving connection 'aws_default'
[2024-08-19T17:22:13.559+0500] {credentials.py:1147} INFO - Found credentials in environment variables.
[2024-08-19T17:22:21.428+0500] {s3.py:1387} INFO - Downloading source S3 file from Bucket test-bucket-nicolas-1 with path dataset/X_test.pkl
[2024-08-19T17:22:22.056+0500] {s3.py:1387} INFO - Downloading source S3 file from Bucket test-bucket-nicolas-1 with path dataset/y_train.pkl
[2024-08-19T17:22:22.826+0500] {s3.py:1387} INFO - Downloading source S3 file from Bucket test-bucket-nicolas-1 with path dataset/y_test.pkl
[2024-08-19T17:22:23.285+0500] {train_dag-checkpoint.py:130} INFO - Данные загружены
[2024-08-19T17:22:23.286+0500] {train_dag-checkpoint.py:134} INFO - Модель подгружена
[2024-08-19T17:22:34.309+0500] {train_dag-checkpoint.py:140} INFO - Модель обучена
[2024-08-19T17:22:34.402+0500] {train_dag-checkpoint.py:143} INFO - Данные предсказаны
[2024-08-19T17:22:34.405+0500] {train_dag-checkpoint.py:152} INFO - Считаем метрики
[2024-08-19T17:22:34.422+0500] {credentials.py:1147} INFO - Found credentials in environment variables.
[2024-08-19T17:22:35.427+0500] {train_dag-checkpoint.py:164} INFO - Model training finished.
[2024-08-19T17:22:35.444+0500] {python.py:240} INFO - Done. Returned value was: None
[2024-08-19T17:22:35.462+0500] {taskinstance.py:340} INFO - ::group::Post task execution logs
[2024-08-19T17:22:35.462+0500] {taskinstance.py:352} INFO - Marking task as SUCCESS. dag_id=train, task_id=train_model, run_id=manual__2024-08-19T12:21:57.618782+00:00, execution_date=20240819T122157, start_date=20240819T122213, end_date=20240819T122235
[2024-08-19T17:22:35.539+0500] {local_task_job_runner.py:261} INFO - Task exited with return code 0
[2024-08-19T17:22:35.562+0500] {taskinstance.py:3891} INFO - 1 downstream tasks scheduled from follow-on schedule check
[2024-08-19T17:22:35.570+0500] {local_task_job_runner.py:240} INFO - ::endgroup::
