[2024-10-09T10:39:21.423+0500] {local_task_job_runner.py:123} INFO - ::group::Pre task execution logs
[2024-10-09T10:39:21.443+0500] {taskinstance.py:2603} INFO - Dependencies all met for dep_context=non-requeueable deps ti=<TaskInstance: hgb_train.train_model manual__2024-10-09T05:39:00.698977+00:00 [queued]>
[2024-10-09T10:39:21.450+0500] {taskinstance.py:2603} INFO - Dependencies all met for dep_context=requeueable deps ti=<TaskInstance: hgb_train.train_model manual__2024-10-09T05:39:00.698977+00:00 [queued]>
[2024-10-09T10:39:21.450+0500] {taskinstance.py:2856} INFO - Starting attempt 1 of 1
[2024-10-09T10:39:21.461+0500] {taskinstance.py:2879} INFO - Executing <Task(PythonOperator): train_model> on 2024-10-09 05:39:00.698977+00:00
[2024-10-09T10:39:21.474+0500] {logging_mixin.py:190} WARNING - /home/nicolaspc/anaconda3/envs/mlops_env/lib/python3.12/site-packages/***/task/task_runner/standard_task_runner.py:70 DeprecationWarning: This process (pid=22450) is multi-threaded, use of fork() may lead to deadlocks in the child.
[2024-10-09T10:39:21.475+0500] {standard_task_runner.py:72} INFO - Started process 22485 to run task
[2024-10-09T10:39:21.474+0500] {standard_task_runner.py:104} INFO - Running: ['***', 'tasks', 'run', 'hgb_train', 'train_model', 'manual__2024-10-09T05:39:00.698977+00:00', '--job-id', '1017', '--raw', '--subdir', 'DAGS_FOLDER/project_1.py', '--cfg-path', '/tmp/tmpon_nc35d']
[2024-10-09T10:39:21.476+0500] {standard_task_runner.py:105} INFO - Job 1017: Subtask train_model
[2024-10-09T10:39:21.527+0500] {task_command.py:467} INFO - Running <TaskInstance: hgb_train.train_model manual__2024-10-09T05:39:00.698977+00:00 [running]> on host nicolaspc-HP-Pavilion-Laptop-15-eh1xxx
[2024-10-09T10:39:21.607+0500] {taskinstance.py:3122} INFO - Exporting env vars: AIRFLOW_CTX_DAG_OWNER='Nicolas Pal' AIRFLOW_CTX_DAG_ID='hgb_train' AIRFLOW_CTX_TASK_ID='train_model' AIRFLOW_CTX_EXECUTION_DATE='2024-10-09T05:39:00.698977+00:00' AIRFLOW_CTX_TRY_NUMBER='1' AIRFLOW_CTX_DAG_RUN_ID='manual__2024-10-09T05:39:00.698977+00:00'
[2024-10-09T10:39:21.608+0500] {taskinstance.py:731} INFO - ::endgroup::
[2024-10-09T10:39:21.774+0500] {s3.py:1387} INFO - Downloading source S3 file from Bucket test-bucket-nicolas-1 with path NicolasPal/project1/hgb/datasets/X_train.pkl
[2024-10-09T10:39:21.793+0500] {base.py:84} INFO - Retrieving connection 's3_connection'
[2024-10-09T10:39:21.794+0500] {connection_wrapper.py:384} INFO - AWS Connection (conn_id='s3_connection', conn_type='aws') credentials retrieved from login and password.
[2024-10-09T10:39:23.188+0500] {s3.py:1387} INFO - Downloading source S3 file from Bucket test-bucket-nicolas-1 with path NicolasPal/project1/hgb/datasets/X_test.pkl
[2024-10-09T10:39:23.639+0500] {s3.py:1387} INFO - Downloading source S3 file from Bucket test-bucket-nicolas-1 with path NicolasPal/project1/hgb/datasets/X_val.pkl
[2024-10-09T10:39:24.096+0500] {s3.py:1387} INFO - Downloading source S3 file from Bucket test-bucket-nicolas-1 with path NicolasPal/project1/hgb/datasets/y_train.pkl
[2024-10-09T10:39:24.635+0500] {s3.py:1387} INFO - Downloading source S3 file from Bucket test-bucket-nicolas-1 with path NicolasPal/project1/hgb/datasets/y_test.pkl
[2024-10-09T10:39:25.072+0500] {s3.py:1387} INFO - Downloading source S3 file from Bucket test-bucket-nicolas-1 with path NicolasPal/project1/hgb/datasets/y_val.pkl
[2024-10-09T10:39:25.520+0500] {project_1.py:179} INFO - Данные для обучения модели из S3 загружены
[2024-10-09T10:39:25.617+0500] {migration.py:216} INFO - Context impl PostgresqlImpl.
[2024-10-09T10:39:25.617+0500] {migration.py:219} INFO - Will assume transactional DDL.
[2024-10-09T10:39:28.261+0500] {credentials.py:1147} INFO - Found credentials in environment variables.
[2024-10-09T10:39:31.746+0500] {logging_mixin.py:190} WARNING - Registered model 'sk-learn-hgb-reg-model' already exists. Creating a new version of this model...
[2024-10-09T10:39:31.771+0500] {logging_mixin.py:190} WARNING - Created version '14' of model 'sk-learn-hgb-reg-model'.
[2024-10-09T10:39:33.995+0500] {logging_mixin.py:190} WARNING - 2024/10/09 10:39:33 INFO mlflow.models.evaluation.default_evaluator: Computing model predictions.
[2024-10-09T10:39:34.023+0500] {logging_mixin.py:190} WARNING - /home/nicolaspc/anaconda3/envs/mlops_env/lib/python3.12/site-packages/sklearn/metrics/_regression.py:492 FutureWarning: 'squared' is deprecated in version 1.4 and will be removed in 1.6. To calculate the root mean squared error, use the function'root_mean_squared_error'.
[2024-10-09T10:39:34.025+0500] {logging_mixin.py:190} WARNING - 2024/10/09 10:39:34 INFO mlflow.models.evaluation.default_evaluator: Testing metrics on first row...
[2024-10-09T10:39:34.026+0500] {logging_mixin.py:190} WARNING - 2024/10/09 10:39:34 WARNING mlflow.models.evaluation.default_evaluator: SHAP or matplotlib package is not installed, so model explainability insights will not be logged.
[2024-10-09T10:39:34.049+0500] {project_1.py:221} INFO - Модели обучены, метрики сохранены
[2024-10-09T10:39:34.050+0500] {python.py:240} INFO - Done. Returned value was: {'model': 'hgb', 'start_timestamp': '20241009 10:39', 'experiment_id': '132', 'get_data_start': '20241009 10:39', 'get_data_end': '20241009 10:39', 'data_shape': [20640, 9], 'prepare_data_start': '20241009 10:39', 'prepare_data_end': '20241009 10:39', 'features_name': ['MedInc', 'HouseAge', 'AveRooms', 'AveBedrms', 'Population', 'AveOccup', 'Latitude', 'Longitude'], 'train_model_start': '20241009 10:39', 'train_model_end': '20241009 10:39'}
[2024-10-09T10:39:34.078+0500] {taskinstance.py:340} INFO - ::group::Post task execution logs
[2024-10-09T10:39:34.078+0500] {taskinstance.py:352} INFO - Marking task as SUCCESS. dag_id=hgb_train, task_id=train_model, run_id=manual__2024-10-09T05:39:00.698977+00:00, execution_date=20241009T053900, start_date=20241009T053921, end_date=20241009T053934
[2024-10-09T10:39:34.137+0500] {local_task_job_runner.py:261} INFO - Task exited with return code 0
[2024-10-09T10:39:34.148+0500] {local_task_job_runner.py:240} INFO - ::endgroup::
