[2024-10-08T21:03:54.465+0500] {local_task_job_runner.py:123} INFO - ::group::Pre task execution logs
[2024-10-08T21:03:54.484+0500] {taskinstance.py:2603} INFO - Dependencies all met for dep_context=non-requeueable deps ti=<TaskInstance: hgb_train.train_model manual__2024-10-08T16:02:45.793267+00:00 [queued]>
[2024-10-08T21:03:54.498+0500] {taskinstance.py:2603} INFO - Dependencies all met for dep_context=requeueable deps ti=<TaskInstance: hgb_train.train_model manual__2024-10-08T16:02:45.793267+00:00 [queued]>
[2024-10-08T21:03:54.499+0500] {taskinstance.py:2856} INFO - Starting attempt 1 of 1
[2024-10-08T21:03:54.512+0500] {taskinstance.py:2879} INFO - Executing <Task(PythonOperator): train_model> on 2024-10-08 16:02:45.793267+00:00
[2024-10-08T21:03:54.524+0500] {logging_mixin.py:190} WARNING - /home/nicolaspc/anaconda3/envs/mlops_env/lib/python3.12/site-packages/***/task/task_runner/standard_task_runner.py:70 DeprecationWarning: This process (pid=21649) is multi-threaded, use of fork() may lead to deadlocks in the child.
[2024-10-08T21:03:54.525+0500] {standard_task_runner.py:72} INFO - Started process 21706 to run task
[2024-10-08T21:03:54.526+0500] {standard_task_runner.py:104} INFO - Running: ['***', 'tasks', 'run', 'hgb_train', 'train_model', 'manual__2024-10-08T16:02:45.793267+00:00', '--job-id', '829', '--raw', '--subdir', 'DAGS_FOLDER/train_models.py', '--cfg-path', '/tmp/tmp6m8mp7ow']
[2024-10-08T21:03:54.528+0500] {standard_task_runner.py:105} INFO - Job 829: Subtask train_model
[2024-10-08T21:03:54.581+0500] {task_command.py:467} INFO - Running <TaskInstance: hgb_train.train_model manual__2024-10-08T16:02:45.793267+00:00 [running]> on host nicolaspc-HP-Pavilion-Laptop-15-eh1xxx
[2024-10-08T21:03:54.660+0500] {taskinstance.py:3122} INFO - Exporting env vars: AIRFLOW_CTX_DAG_OWNER='Nicolas Pal' AIRFLOW_CTX_DAG_ID='hgb_train' AIRFLOW_CTX_TASK_ID='train_model' AIRFLOW_CTX_EXECUTION_DATE='2024-10-08T16:02:45.793267+00:00' AIRFLOW_CTX_TRY_NUMBER='1' AIRFLOW_CTX_DAG_RUN_ID='manual__2024-10-08T16:02:45.793267+00:00'
[2024-10-08T21:03:54.660+0500] {taskinstance.py:731} INFO - ::endgroup::
[2024-10-08T21:03:54.843+0500] {s3.py:1387} INFO - Downloading source S3 file from Bucket test-bucket-nicolas-1 with path NicolasPal/project1/hgb/datasets/X_train.pkl
[2024-10-08T21:03:54.855+0500] {base.py:84} INFO - Retrieving connection 's3_connection'
[2024-10-08T21:03:54.855+0500] {connection_wrapper.py:384} INFO - AWS Connection (conn_id='s3_connection', conn_type='aws') credentials retrieved from login and password.
[2024-10-08T21:04:01.771+0500] {s3.py:1387} INFO - Downloading source S3 file from Bucket test-bucket-nicolas-1 with path NicolasPal/project1/hgb/datasets/X_test.pkl
[2024-10-08T21:04:02.496+0500] {s3.py:1387} INFO - Downloading source S3 file from Bucket test-bucket-nicolas-1 with path NicolasPal/project1/hgb/datasets/X_val.pkl
[2024-10-08T21:04:03.252+0500] {s3.py:1387} INFO - Downloading source S3 file from Bucket test-bucket-nicolas-1 with path NicolasPal/project1/hgb/datasets/y_train.pkl
[2024-10-08T21:04:04.485+0500] {s3.py:1387} INFO - Downloading source S3 file from Bucket test-bucket-nicolas-1 with path NicolasPal/project1/hgb/datasets/y_test.pkl
[2024-10-08T21:04:05.054+0500] {s3.py:1387} INFO - Downloading source S3 file from Bucket test-bucket-nicolas-1 with path NicolasPal/project1/hgb/datasets/y_val.pkl
[2024-10-08T21:04:05.624+0500] {train_models.py:189} INFO - Данные для обучения модели из S3 загружены
[2024-10-08T21:04:05.740+0500] {migration.py:216} INFO - Context impl PostgresqlImpl.
[2024-10-08T21:04:05.740+0500] {migration.py:219} INFO - Will assume transactional DDL.
[2024-10-08T21:04:08.498+0500] {credentials.py:1147} INFO - Found credentials in environment variables.
[2024-10-08T21:04:28.365+0500] {logging_mixin.py:190} WARNING - Successfully registered model 'sk-learn-HistGradientBoostingRegressor()-reg-model'.
[2024-10-08T21:04:28.381+0500] {logging_mixin.py:190} WARNING - Created version '1' of model 'sk-learn-HistGradientBoostingRegressor()-reg-model'.
[2024-10-08T21:04:55.960+0500] {logging_mixin.py:190} WARNING - 2024/10/08 21:04:55 INFO mlflow.models.evaluation.default_evaluator: Computing model predictions.
[2024-10-08T21:04:55.991+0500] {logging_mixin.py:190} WARNING - /home/nicolaspc/anaconda3/envs/mlops_env/lib/python3.12/site-packages/sklearn/metrics/_regression.py:492 FutureWarning: 'squared' is deprecated in version 1.4 and will be removed in 1.6. To calculate the root mean squared error, use the function'root_mean_squared_error'.
[2024-10-08T21:04:55.993+0500] {logging_mixin.py:190} WARNING - 2024/10/08 21:04:55 INFO mlflow.models.evaluation.default_evaluator: Testing metrics on first row...
[2024-10-08T21:04:55.995+0500] {logging_mixin.py:190} WARNING - 2024/10/08 21:04:55 WARNING mlflow.models.evaluation.default_evaluator: SHAP or matplotlib package is not installed, so model explainability insights will not be logged.
[2024-10-08T21:04:56.023+0500] {train_models.py:246} INFO - Модели обучены, метрики сохранены
[2024-10-08T21:04:56.027+0500] {python.py:240} INFO - Done. Returned value was: {'model': 'hgb', 'start_timestamp': '20241008 21:02', 'experiment_id': '132', 'get_data_start': '20241008 21:02', 'get_data_end': '20241008 21:03', 'data_shape': [20640, 9], 'prepare_data_start': '20241008 21:03', 'prepare_data_end': '20241008 21:03', 'features_name': ['MedInc', 'HouseAge', 'AveRooms', 'AveBedrms', 'Population', 'AveOccup', 'Latitude', 'Longitude'], 'train_model_start': '20241008 21:03', 'train_model_end': '20241008 21:04'}
[2024-10-08T21:04:56.056+0500] {taskinstance.py:340} INFO - ::group::Post task execution logs
[2024-10-08T21:04:56.056+0500] {taskinstance.py:352} INFO - Marking task as SUCCESS. dag_id=hgb_train, task_id=train_model, run_id=manual__2024-10-08T16:02:45.793267+00:00, execution_date=20241008T160245, start_date=20241008T160354, end_date=20241008T160456
[2024-10-08T21:04:56.146+0500] {local_task_job_runner.py:261} INFO - Task exited with return code 0
[2024-10-08T21:04:56.165+0500] {taskinstance.py:3891} INFO - 0 downstream tasks scheduled from follow-on schedule check
[2024-10-08T21:04:56.168+0500] {local_task_job_runner.py:240} INFO - ::endgroup::
