[2024-10-09T00:06:43.569+0500] {local_task_job_runner.py:123} INFO - ::group::Pre task execution logs
[2024-10-09T00:06:43.592+0500] {taskinstance.py:2603} INFO - Dependencies all met for dep_context=non-requeueable deps ti=<TaskInstance: 3_models_NicolasPal.train_lr manual__2024-10-08T19:06:23.727894+00:00 [queued]>
[2024-10-09T00:06:43.602+0500] {taskinstance.py:2603} INFO - Dependencies all met for dep_context=requeueable deps ti=<TaskInstance: 3_models_NicolasPal.train_lr manual__2024-10-08T19:06:23.727894+00:00 [queued]>
[2024-10-09T00:06:43.602+0500] {taskinstance.py:2856} INFO - Starting attempt 1 of 1
[2024-10-09T00:06:43.619+0500] {taskinstance.py:2879} INFO - Executing <Task(PythonOperator): train_lr> on 2024-10-08 19:06:23.727894+00:00
[2024-10-09T00:06:43.634+0500] {logging_mixin.py:190} WARNING - /home/nicolaspc/anaconda3/envs/mlops_env/lib/python3.12/site-packages/***/task/task_runner/standard_task_runner.py:70 DeprecationWarning: This process (pid=80597) is multi-threaded, use of fork() may lead to deadlocks in the child.
[2024-10-09T00:06:43.635+0500] {standard_task_runner.py:72} INFO - Started process 80695 to run task
[2024-10-09T00:06:43.634+0500] {standard_task_runner.py:104} INFO - Running: ['***', 'tasks', 'run', '3_models_NicolasPal', 'train_lr', 'manual__2024-10-08T19:06:23.727894+00:00', '--job-id', '978', '--raw', '--subdir', 'DAGS_FOLDER/project_2.py', '--cfg-path', '/tmp/tmp42rmw616']
[2024-10-09T00:06:43.636+0500] {standard_task_runner.py:105} INFO - Job 978: Subtask train_lr
[2024-10-09T00:06:43.887+0500] {task_command.py:467} INFO - Running <TaskInstance: 3_models_NicolasPal.train_lr manual__2024-10-08T19:06:23.727894+00:00 [running]> on host nicolaspc-HP-Pavilion-Laptop-15-eh1xxx
[2024-10-09T00:06:44.020+0500] {taskinstance.py:3122} INFO - Exporting env vars: AIRFLOW_CTX_DAG_OWNER='Nicolas Pal' AIRFLOW_CTX_DAG_ID='3_models_NicolasPal' AIRFLOW_CTX_TASK_ID='train_lr' AIRFLOW_CTX_EXECUTION_DATE='2024-10-08T19:06:23.727894+00:00' AIRFLOW_CTX_TRY_NUMBER='1' AIRFLOW_CTX_DAG_RUN_ID='manual__2024-10-08T19:06:23.727894+00:00'
[2024-10-09T00:06:44.021+0500] {taskinstance.py:731} INFO - ::endgroup::
[2024-10-09T00:06:44.052+0500] {s3.py:1387} INFO - Downloading source S3 file from Bucket test-bucket-nicolas-1 with path NicolasPal/project1/lr/datasets/X_train.pkl
[2024-10-09T00:06:44.070+0500] {base.py:84} INFO - Retrieving connection 's3_connection'
[2024-10-09T00:06:44.071+0500] {connection_wrapper.py:384} INFO - AWS Connection (conn_id='s3_connection', conn_type='aws') credentials retrieved from login and password.
[2024-10-09T00:06:47.653+0500] {s3.py:1387} INFO - Downloading source S3 file from Bucket test-bucket-nicolas-1 with path NicolasPal/project1/lr/datasets/X_test.pkl
[2024-10-09T00:06:48.368+0500] {s3.py:1387} INFO - Downloading source S3 file from Bucket test-bucket-nicolas-1 with path NicolasPal/project1/lr/datasets/X_val.pkl
[2024-10-09T00:06:49.114+0500] {s3.py:1387} INFO - Downloading source S3 file from Bucket test-bucket-nicolas-1 with path NicolasPal/project1/lr/datasets/y_train.pkl
[2024-10-09T00:06:50.077+0500] {s3.py:1387} INFO - Downloading source S3 file from Bucket test-bucket-nicolas-1 with path NicolasPal/project1/lr/datasets/y_test.pkl
[2024-10-09T00:06:50.523+0500] {s3.py:1387} INFO - Downloading source S3 file from Bucket test-bucket-nicolas-1 with path NicolasPal/project1/lr/datasets/y_val.pkl
[2024-10-09T00:06:50.956+0500] {project_2.py:183} INFO - Данные для обучения модели из S3 загружены
[2024-10-09T00:06:51.086+0500] {migration.py:216} INFO - Context impl PostgresqlImpl.
[2024-10-09T00:06:51.086+0500] {migration.py:219} INFO - Will assume transactional DDL.
[2024-10-09T00:06:54.070+0500] {credentials.py:1147} INFO - Found credentials in environment variables.
[2024-10-09T00:06:57.920+0500] {logging_mixin.py:190} WARNING - Registered model 'sk-learn-lr-reg-model' already exists. Creating a new version of this model...
[2024-10-09T00:06:57.945+0500] {logging_mixin.py:190} WARNING - Created version '7' of model 'sk-learn-lr-reg-model'.
[2024-10-09T00:06:59.885+0500] {logging_mixin.py:190} WARNING - 2024/10/09 00:06:59 INFO mlflow.models.evaluation.default_evaluator: Computing model predictions.
[2024-10-09T00:06:59.902+0500] {logging_mixin.py:190} WARNING - /home/nicolaspc/anaconda3/envs/mlops_env/lib/python3.12/site-packages/sklearn/metrics/_regression.py:492 FutureWarning: 'squared' is deprecated in version 1.4 and will be removed in 1.6. To calculate the root mean squared error, use the function'root_mean_squared_error'.
[2024-10-09T00:06:59.904+0500] {logging_mixin.py:190} WARNING - 2024/10/09 00:06:59 INFO mlflow.models.evaluation.default_evaluator: Testing metrics on first row...
[2024-10-09T00:06:59.906+0500] {logging_mixin.py:190} WARNING - 2024/10/09 00:06:59 WARNING mlflow.models.evaluation.default_evaluator: SHAP or matplotlib package is not installed, so model explainability insights will not be logged.
[2024-10-09T00:06:59.930+0500] {project_2.py:225} INFO - Модели обучены, метрики сохранены
[2024-10-09T00:06:59.932+0500] {python.py:240} INFO - Done. Returned value was: {'start_tiemstamp': '20241009 00:06', 'experiment_id': '170', 'parent_run_id': 'af0fe73138ed4ce5b87b3abd7c6b09cb', 'get_data_start': '20241009 00:06', 'get_data_end': '20241009 00:06', 'data_shape': [20640, 9], 'prepare_data_start': '20241009 00:06', 'prepare_data_end': '20241009 00:06', 'features_name': ['MedInc', 'HouseAge', 'AveRooms', 'AveBedrms', 'Population', 'AveOccup', 'Latitude', 'Longitude'], 'train_model_end': '20241009 00:06'}
[2024-10-09T00:06:59.961+0500] {taskinstance.py:340} INFO - ::group::Post task execution logs
[2024-10-09T00:06:59.962+0500] {taskinstance.py:352} INFO - Marking task as SUCCESS. dag_id=3_models_NicolasPal, task_id=train_lr, run_id=manual__2024-10-08T19:06:23.727894+00:00, execution_date=20241008T190623, start_date=20241008T190643, end_date=20241008T190659
[2024-10-09T00:07:00.017+0500] {local_task_job_runner.py:261} INFO - Task exited with return code 0
[2024-10-09T00:07:00.040+0500] {taskinstance.py:3891} INFO - 0 downstream tasks scheduled from follow-on schedule check
[2024-10-09T00:07:00.043+0500] {local_task_job_runner.py:240} INFO - ::endgroup::
