[2024-10-08T19:42:47.452+0500] {local_task_job_runner.py:123} INFO - ::group::Pre task execution logs
[2024-10-08T19:42:47.472+0500] {taskinstance.py:2603} INFO - Dependencies all met for dep_context=non-requeueable deps ti=<TaskInstance: nicolas_pal_lr_train.prepare_data manual__2024-10-08T14:42:36.937346+00:00 [queued]>
[2024-10-08T19:42:47.479+0500] {taskinstance.py:2603} INFO - Dependencies all met for dep_context=requeueable deps ti=<TaskInstance: nicolas_pal_lr_train.prepare_data manual__2024-10-08T14:42:36.937346+00:00 [queued]>
[2024-10-08T19:42:47.479+0500] {taskinstance.py:2856} INFO - Starting attempt 1 of 1
[2024-10-08T19:42:47.489+0500] {taskinstance.py:2879} INFO - Executing <Task(PythonOperator): prepare_data> on 2024-10-08 14:42:36.937346+00:00
[2024-10-08T19:42:47.501+0500] {logging_mixin.py:190} WARNING - /home/nicolaspc/anaconda3/envs/mlops_env/lib/python3.12/site-packages/***/task/task_runner/standard_task_runner.py:70 DeprecationWarning: This process (pid=275989) is multi-threaded, use of fork() may lead to deadlocks in the child.
[2024-10-08T19:42:47.502+0500] {standard_task_runner.py:72} INFO - Started process 276016 to run task
[2024-10-08T19:42:47.502+0500] {standard_task_runner.py:104} INFO - Running: ['***', 'tasks', 'run', 'nicolas_pal_lr_train', 'prepare_data', 'manual__2024-10-08T14:42:36.937346+00:00', '--job-id', '778', '--raw', '--subdir', 'DAGS_FOLDER/train_models.py', '--cfg-path', '/tmp/tmpaujbzl2l']
[2024-10-08T19:42:47.504+0500] {standard_task_runner.py:105} INFO - Job 778: Subtask prepare_data
[2024-10-08T19:42:47.559+0500] {task_command.py:467} INFO - Running <TaskInstance: nicolas_pal_lr_train.prepare_data manual__2024-10-08T14:42:36.937346+00:00 [running]> on host nicolaspc-HP-Pavilion-Laptop-15-eh1xxx
[2024-10-08T19:42:47.634+0500] {taskinstance.py:3122} INFO - Exporting env vars: AIRFLOW_CTX_DAG_OWNER='Nicolas Pal' AIRFLOW_CTX_DAG_ID='nicolas_pal_lr_train' AIRFLOW_CTX_TASK_ID='prepare_data' AIRFLOW_CTX_EXECUTION_DATE='2024-10-08T14:42:36.937346+00:00' AIRFLOW_CTX_TRY_NUMBER='1' AIRFLOW_CTX_DAG_RUN_ID='manual__2024-10-08T14:42:36.937346+00:00'
[2024-10-08T19:42:47.635+0500] {taskinstance.py:731} INFO - ::endgroup::
[2024-10-08T19:42:47.659+0500] {s3.py:1387} INFO - Downloading source S3 file from Bucket test-bucket-nicolas-1 with path NicolasPal/project1/nicolas_pal_lr/datasets/california_housing.pkl
[2024-10-08T19:42:47.821+0500] {base.py:84} INFO - Retrieving connection 's3_connection'
[2024-10-08T19:42:47.821+0500] {connection_wrapper.py:384} INFO - AWS Connection (conn_id='s3_connection', conn_type='aws') credentials retrieved from login and password.
[2024-10-08T19:42:50.721+0500] {train_models.py:130} INFO - Данные для обработки из S3 загружены
[2024-10-08T19:42:50.746+0500] {base.py:84} INFO - Retrieving connection 's3_connection'
[2024-10-08T19:42:50.746+0500] {connection_wrapper.py:384} INFO - AWS Connection (conn_id='s3_connection', conn_type='aws') credentials retrieved from login and password.
[2024-10-08T19:42:54.568+0500] {train_models.py:163} INFO - Данные подготовлены и сохранены на S3
[2024-10-08T19:42:54.570+0500] {python.py:240} INFO - Done. Returned value was: {'model': 'nicolas_pal_lr', 'start_timestamp': '20241008 19:42', 'experiment_id': '137', 'get_data_start': '20241008 19:42', 'get_data_end': '20241008 19:42', 'data_shape': [20640, 9], 'prepare_data_start': '20241008 19:42', 'prepare_data_end': '20241008 19:42', 'features_name': ['MedInc', 'HouseAge', 'AveRooms', 'AveBedrms', 'Population', 'AveOccup', 'Latitude', 'Longitude']}
[2024-10-08T19:42:54.610+0500] {taskinstance.py:340} INFO - ::group::Post task execution logs
[2024-10-08T19:42:54.610+0500] {taskinstance.py:352} INFO - Marking task as SUCCESS. dag_id=nicolas_pal_lr_train, task_id=prepare_data, run_id=manual__2024-10-08T14:42:36.937346+00:00, execution_date=20241008T144236, start_date=20241008T144247, end_date=20241008T144254
[2024-10-08T19:42:54.682+0500] {local_task_job_runner.py:261} INFO - Task exited with return code 0
[2024-10-08T19:42:54.724+0500] {taskinstance.py:3891} INFO - 1 downstream tasks scheduled from follow-on schedule check
[2024-10-08T19:42:54.734+0500] {local_task_job_runner.py:240} INFO - ::endgroup::
