[2024-10-08T19:54:59.354+0500] {local_task_job_runner.py:123} INFO - ::group::Pre task execution logs
[2024-10-08T19:54:59.375+0500] {taskinstance.py:2603} INFO - Dependencies all met for dep_context=non-requeueable deps ti=<TaskInstance: lr_train.train_model manual__2024-10-08T14:54:30.490132+00:00 [queued]>
[2024-10-08T19:54:59.383+0500] {taskinstance.py:2603} INFO - Dependencies all met for dep_context=requeueable deps ti=<TaskInstance: lr_train.train_model manual__2024-10-08T14:54:30.490132+00:00 [queued]>
[2024-10-08T19:54:59.383+0500] {taskinstance.py:2856} INFO - Starting attempt 1 of 1
[2024-10-08T19:54:59.396+0500] {taskinstance.py:2879} INFO - Executing <Task(PythonOperator): train_model> on 2024-10-08 14:54:30.490132+00:00
[2024-10-08T19:54:59.410+0500] {logging_mixin.py:190} WARNING - /home/nicolaspc/anaconda3/envs/mlops_env/lib/python3.12/site-packages/***/task/task_runner/standard_task_runner.py:70 DeprecationWarning: This process (pid=285685) is multi-threaded, use of fork() may lead to deadlocks in the child.
[2024-10-08T19:54:59.411+0500] {standard_task_runner.py:72} INFO - Started process 285760 to run task
[2024-10-08T19:54:59.410+0500] {standard_task_runner.py:104} INFO - Running: ['***', 'tasks', 'run', 'lr_train', 'train_model', 'manual__2024-10-08T14:54:30.490132+00:00', '--job-id', '795', '--raw', '--subdir', 'DAGS_FOLDER/train_models.py', '--cfg-path', '/tmp/tmpb2x61_ts']
[2024-10-08T19:54:59.413+0500] {standard_task_runner.py:105} INFO - Job 795: Subtask train_model
[2024-10-08T19:54:59.472+0500] {task_command.py:467} INFO - Running <TaskInstance: lr_train.train_model manual__2024-10-08T14:54:30.490132+00:00 [running]> on host nicolaspc-HP-Pavilion-Laptop-15-eh1xxx
[2024-10-08T19:54:59.575+0500] {taskinstance.py:3122} INFO - Exporting env vars: AIRFLOW_CTX_DAG_OWNER='Nicolas Pal' AIRFLOW_CTX_DAG_ID='lr_train' AIRFLOW_CTX_TASK_ID='train_model' AIRFLOW_CTX_EXECUTION_DATE='2024-10-08T14:54:30.490132+00:00' AIRFLOW_CTX_TRY_NUMBER='1' AIRFLOW_CTX_DAG_RUN_ID='manual__2024-10-08T14:54:30.490132+00:00'
[2024-10-08T19:54:59.576+0500] {taskinstance.py:731} INFO - ::endgroup::
[2024-10-08T19:54:59.781+0500] {s3.py:1387} INFO - Downloading source S3 file from Bucket test-bucket-nicolas-1 with path NicolasPal/project1/lr/datasets/X_train.pkl
[2024-10-08T19:54:59.794+0500] {base.py:84} INFO - Retrieving connection 's3_connection'
[2024-10-08T19:54:59.795+0500] {connection_wrapper.py:384} INFO - AWS Connection (conn_id='s3_connection', conn_type='aws') credentials retrieved from login and password.
[2024-10-08T19:55:07.967+0500] {s3.py:1387} INFO - Downloading source S3 file from Bucket test-bucket-nicolas-1 with path NicolasPal/project1/lr/datasets/X_test.pkl
[2024-10-08T19:55:08.504+0500] {s3.py:1387} INFO - Downloading source S3 file from Bucket test-bucket-nicolas-1 with path NicolasPal/project1/lr/datasets/X_val.pkl
[2024-10-08T19:55:09.052+0500] {s3.py:1387} INFO - Downloading source S3 file from Bucket test-bucket-nicolas-1 with path NicolasPal/project1/lr/datasets/y_train.pkl
[2024-10-08T19:55:09.826+0500] {s3.py:1387} INFO - Downloading source S3 file from Bucket test-bucket-nicolas-1 with path NicolasPal/project1/lr/datasets/y_test.pkl
[2024-10-08T19:55:10.235+0500] {s3.py:1387} INFO - Downloading source S3 file from Bucket test-bucket-nicolas-1 with path NicolasPal/project1/lr/datasets/y_val.pkl
[2024-10-08T19:55:10.655+0500] {train_models.py:189} INFO - Данные для обучения модели из S3 загружены
[2024-10-08T19:55:10.772+0500] {migration.py:216} INFO - Context impl PostgresqlImpl.
[2024-10-08T19:55:10.773+0500] {migration.py:219} INFO - Will assume transactional DDL.
[2024-10-08T19:55:13.226+0500] {credentials.py:1147} INFO - Found credentials in environment variables.
[2024-10-08T19:55:23.919+0500] {logging_mixin.py:190} WARNING - 2024/10/08 19:55:23 INFO mlflow.models.evaluation.default_evaluator: Computing model predictions.
[2024-10-08T19:55:23.936+0500] {logging_mixin.py:190} WARNING - /home/nicolaspc/anaconda3/envs/mlops_env/lib/python3.12/site-packages/sklearn/metrics/_regression.py:492 FutureWarning: 'squared' is deprecated in version 1.4 and will be removed in 1.6. To calculate the root mean squared error, use the function'root_mean_squared_error'.
[2024-10-08T19:55:23.938+0500] {logging_mixin.py:190} WARNING - 2024/10/08 19:55:23 INFO mlflow.models.evaluation.default_evaluator: Testing metrics on first row...
[2024-10-08T19:55:23.939+0500] {logging_mixin.py:190} WARNING - 2024/10/08 19:55:23 WARNING mlflow.models.evaluation.default_evaluator: SHAP or matplotlib package is not installed, so model explainability insights will not be logged.
[2024-10-08T19:55:23.961+0500] {train_models.py:246} INFO - Модели обучены, метрики сохранены
[2024-10-08T19:55:23.963+0500] {python.py:240} INFO - Done. Returned value was: {'model': 'lr', 'start_timestamp': '20241008 19:54', 'experiment_id': '141', 'get_data_start': '20241008 19:54', 'get_data_end': '20241008 19:54', 'data_shape': [20640, 9], 'prepare_data_start': '20241008 19:54', 'prepare_data_end': '20241008 19:54', 'features_name': ['MedInc', 'HouseAge', 'AveRooms', 'AveBedrms', 'Population', 'AveOccup', 'Latitude', 'Longitude'], 'train_model_start': '20241008 19:54', 'train_model_end': '20241008 19:55'}
[2024-10-08T19:55:23.992+0500] {taskinstance.py:340} INFO - ::group::Post task execution logs
[2024-10-08T19:55:23.992+0500] {taskinstance.py:352} INFO - Marking task as SUCCESS. dag_id=lr_train, task_id=train_model, run_id=manual__2024-10-08T14:54:30.490132+00:00, execution_date=20241008T145430, start_date=20241008T145459, end_date=20241008T145523
[2024-10-08T19:55:24.074+0500] {local_task_job_runner.py:261} INFO - Task exited with return code 0
[2024-10-08T19:55:24.097+0500] {taskinstance.py:3891} INFO - 1 downstream tasks scheduled from follow-on schedule check
[2024-10-08T19:55:24.100+0500] {local_task_job_runner.py:240} INFO - ::endgroup::
