[2024-08-21T22:15:02.900+0500] {local_task_job_runner.py:123} INFO - ::group::Pre task execution logs
[2024-08-21T22:15:02.923+0500] {taskinstance.py:2603} INFO - Dependencies all met for dep_context=non-requeueable deps ti=<TaskInstance: 3_models_dag_home_2.prepare_data manual__2024-08-21T17:14:50.998954+00:00 [queued]>
[2024-08-21T22:15:02.933+0500] {taskinstance.py:2603} INFO - Dependencies all met for dep_context=requeueable deps ti=<TaskInstance: 3_models_dag_home_2.prepare_data manual__2024-08-21T17:14:50.998954+00:00 [queued]>
[2024-08-21T22:15:02.933+0500] {taskinstance.py:2856} INFO - Starting attempt 1 of 1
[2024-08-21T22:15:02.948+0500] {taskinstance.py:2879} INFO - Executing <Task(PythonOperator): prepare_data> on 2024-08-21 17:14:50.998954+00:00
[2024-08-21T22:15:02.961+0500] {logging_mixin.py:190} WARNING - /home/nicolaspc/anaconda3/envs/mlops_env/lib/python3.12/site-packages/***/task/task_runner/standard_task_runner.py:70 DeprecationWarning: This process (pid=347705) is multi-threaded, use of fork() may lead to deadlocks in the child.
[2024-08-21T22:15:02.962+0500] {standard_task_runner.py:72} INFO - Started process 347729 to run task
[2024-08-21T22:15:02.961+0500] {standard_task_runner.py:104} INFO - Running: ['***', 'tasks', 'run', '3_models_dag_home_2', 'prepare_data', 'manual__2024-08-21T17:14:50.998954+00:00', '--job-id', '234', '--raw', '--subdir', 'DAGS_FOLDER/.ipynb_checkpoints/homework_stepik_2-checkpoint.py', '--cfg-path', '/tmp/tmpm_1vjpj8']
[2024-08-21T22:15:02.966+0500] {standard_task_runner.py:105} INFO - Job 234: Subtask prepare_data
[2024-08-21T22:15:03.032+0500] {task_command.py:467} INFO - Running <TaskInstance: 3_models_dag_home_2.prepare_data manual__2024-08-21T17:14:50.998954+00:00 [running]> on host nicolaspc-HP-Pavilion-Laptop-15-eh1xxx
[2024-08-21T22:15:03.136+0500] {taskinstance.py:3122} INFO - Exporting env vars: AIRFLOW_CTX_DAG_OWNER='Nicolas Pal' AIRFLOW_CTX_DAG_ID='3_models_dag_home_2' AIRFLOW_CTX_TASK_ID='prepare_data' AIRFLOW_CTX_EXECUTION_DATE='2024-08-21T17:14:50.998954+00:00' AIRFLOW_CTX_TRY_NUMBER='1' AIRFLOW_CTX_DAG_RUN_ID='manual__2024-08-21T17:14:50.998954+00:00'
[2024-08-21T22:15:03.137+0500] {taskinstance.py:731} INFO - ::endgroup::
[2024-08-21T22:15:03.366+0500] {s3.py:1387} INFO - Downloading source S3 file from Bucket test-bucket-nicolas-1 with path nikolai022022/datasets/california_housing.pkl
[2024-08-21T22:15:03.385+0500] {base.py:84} INFO - Retrieving connection 'aws_default'
[2024-08-21T22:15:03.385+0500] {connection_wrapper.py:384} INFO - AWS Connection (conn_id='aws_default', conn_type='aws') credentials retrieved from login and password.
[2024-08-21T22:15:11.164+0500] {homework_stepik_2-checkpoint.py:146} INFO - Data preparation finished.
[2024-08-21T22:15:11.167+0500] {python.py:240} INFO - Done. Returned value was: {'start_tiemstamp': '20240821 22:14', 'data_download_start': '20240821 22:14', 'data_download_end': '20240821 22:15', 'data_preparation_start': '20240821 22:15', 'data_preparation_end': '20240821 22:15'}
[2024-08-21T22:15:11.207+0500] {taskinstance.py:340} INFO - ::group::Post task execution logs
[2024-08-21T22:15:11.207+0500] {taskinstance.py:352} INFO - Marking task as SUCCESS. dag_id=3_models_dag_home_2, task_id=prepare_data, run_id=manual__2024-08-21T17:14:50.998954+00:00, execution_date=20240821T171450, start_date=20240821T171502, end_date=20240821T171511
[2024-08-21T22:15:11.268+0500] {local_task_job_runner.py:261} INFO - Task exited with return code 0
[2024-08-21T22:15:11.301+0500] {taskinstance.py:3891} INFO - 3 downstream tasks scheduled from follow-on schedule check
[2024-08-21T22:15:11.304+0500] {local_task_job_runner.py:240} INFO - ::endgroup::
