[2024-08-21T21:55:23.212+0500] {local_task_job_runner.py:123} INFO - ::group::Pre task execution logs
[2024-08-21T21:55:23.228+0500] {taskinstance.py:2603} INFO - Dependencies all met for dep_context=non-requeueable deps ti=<TaskInstance: 3_models_dag_home.prepare_data manual__2024-08-21T16:55:08.311991+00:00 [queued]>
[2024-08-21T21:55:23.234+0500] {taskinstance.py:2603} INFO - Dependencies all met for dep_context=requeueable deps ti=<TaskInstance: 3_models_dag_home.prepare_data manual__2024-08-21T16:55:08.311991+00:00 [queued]>
[2024-08-21T21:55:23.235+0500] {taskinstance.py:2856} INFO - Starting attempt 1 of 1
[2024-08-21T21:55:23.245+0500] {taskinstance.py:2879} INFO - Executing <Task(PythonOperator): prepare_data> on 2024-08-21 16:55:08.311991+00:00
[2024-08-21T21:55:23.256+0500] {logging_mixin.py:190} WARNING - /home/nicolaspc/anaconda3/envs/mlops_env/lib/python3.12/site-packages/***/task/task_runner/standard_task_runner.py:70 DeprecationWarning: This process (pid=335096) is multi-threaded, use of fork() may lead to deadlocks in the child.
[2024-08-21T21:55:23.256+0500] {standard_task_runner.py:72} INFO - Started process 335120 to run task
[2024-08-21T21:55:23.256+0500] {standard_task_runner.py:104} INFO - Running: ['***', 'tasks', 'run', '3_models_dag_home', 'prepare_data', 'manual__2024-08-21T16:55:08.311991+00:00', '--job-id', '206', '--raw', '--subdir', 'DAGS_FOLDER/.ipynb_checkpoints/homework_stepik_2-checkpoint.py', '--cfg-path', '/tmp/tmpz1l4_n3p']
[2024-08-21T21:55:23.260+0500] {standard_task_runner.py:105} INFO - Job 206: Subtask prepare_data
[2024-08-21T21:55:23.309+0500] {task_command.py:467} INFO - Running <TaskInstance: 3_models_dag_home.prepare_data manual__2024-08-21T16:55:08.311991+00:00 [running]> on host nicolaspc-HP-Pavilion-Laptop-15-eh1xxx
[2024-08-21T21:55:23.392+0500] {taskinstance.py:3122} INFO - Exporting env vars: AIRFLOW_CTX_DAG_OWNER='Nicolas Pal' AIRFLOW_CTX_DAG_ID='3_models_dag_home' AIRFLOW_CTX_TASK_ID='prepare_data' AIRFLOW_CTX_EXECUTION_DATE='2024-08-21T16:55:08.311991+00:00' AIRFLOW_CTX_TRY_NUMBER='1' AIRFLOW_CTX_DAG_RUN_ID='manual__2024-08-21T16:55:08.311991+00:00'
[2024-08-21T21:55:23.393+0500] {taskinstance.py:731} INFO - ::endgroup::
[2024-08-21T21:55:23.560+0500] {s3.py:1387} INFO - Downloading source S3 file from Bucket test-bucket-nicolas-1 with path nikolai022022/datasets/california_housing.pkl
[2024-08-21T21:55:23.574+0500] {base.py:84} INFO - Retrieving connection 'aws_default'
[2024-08-21T21:55:23.574+0500] {connection_wrapper.py:384} INFO - AWS Connection (conn_id='aws_default', conn_type='aws') credentials retrieved from login and password.
[2024-08-21T21:55:45.581+0500] {homework_stepik_2-checkpoint.py:146} INFO - Data preparation finished.
[2024-08-21T21:55:45.586+0500] {python.py:240} INFO - Done. Returned value was: {'start_tiemstamp': '20240821 21:55', 'data_download_start': '20240821 21:55', 'data_download_end': '20240821 21:55', 'data_preparation_start': '20240821 21:55', 'data_preparation_end': '20240821 21:55'}
[2024-08-21T21:55:45.632+0500] {taskinstance.py:340} INFO - ::group::Post task execution logs
[2024-08-21T21:55:45.633+0500] {taskinstance.py:352} INFO - Marking task as SUCCESS. dag_id=3_models_dag_home, task_id=prepare_data, run_id=manual__2024-08-21T16:55:08.311991+00:00, execution_date=20240821T165508, start_date=20240821T165523, end_date=20240821T165545
[2024-08-21T21:55:45.718+0500] {local_task_job_runner.py:261} INFO - Task exited with return code 0
[2024-08-21T21:55:45.748+0500] {taskinstance.py:3891} INFO - 3 downstream tasks scheduled from follow-on schedule check
[2024-08-21T21:55:45.759+0500] {local_task_job_runner.py:240} INFO - ::endgroup::
