[2024-07-17T06:00:22.693+0500] {local_task_job_runner.py:120} INFO - ::group::Pre task execution logs
[2024-07-17T06:00:22.715+0500] {taskinstance.py:2076} INFO - Dependencies all met for dep_context=non-requeueable deps ti=<TaskInstance: train.train_model scheduled__2024-07-16T01:00:00+00:00 [queued]>
[2024-07-17T06:00:22.724+0500] {taskinstance.py:2076} INFO - Dependencies all met for dep_context=requeueable deps ti=<TaskInstance: train.train_model scheduled__2024-07-16T01:00:00+00:00 [queued]>
[2024-07-17T06:00:22.725+0500] {taskinstance.py:2306} INFO - Starting attempt 1 of 1
[2024-07-17T06:00:22.743+0500] {taskinstance.py:2330} INFO - Executing <Task(PythonOperator): train_model> on 2024-07-16 01:00:00+00:00
[2024-07-17T06:00:22.760+0500] {logging_mixin.py:188} WARNING - /home/nicolaspc/anaconda3/envs/mlops_env/lib/python3.12/site-packages/airflow/task/task_runner/standard_task_runner.py:62 DeprecationWarning: This process (pid=87943) is multi-threaded, use of fork() may lead to deadlocks in the child.
[2024-07-17T06:00:22.759+0500] {standard_task_runner.py:90} INFO - Running: ['airflow', 'tasks', 'run', 'train', 'train_model', 'scheduled__2024-07-16T01:00:00+00:00', '--job-id', '182', '--raw', '--subdir', 'DAGS_FOLDER/train_dag.py', '--cfg-path', '/tmp/tmpgb6dqr0x']
[2024-07-17T06:00:22.761+0500] {standard_task_runner.py:64} INFO - Started process 87966 to run task
[2024-07-17T06:00:22.761+0500] {standard_task_runner.py:91} INFO - Job 182: Subtask train_model
[2024-07-17T06:00:22.826+0500] {task_command.py:426} INFO - Running <TaskInstance: train.train_model scheduled__2024-07-16T01:00:00+00:00 [running]> on host nicolaspc-HP-Pavilion-Laptop-15-eh1xxx
[2024-07-17T06:00:22.933+0500] {taskinstance.py:2648} INFO - Exporting env vars: AIRFLOW_CTX_DAG_OWNER='Nicolas Pal' AIRFLOW_CTX_DAG_ID='train' AIRFLOW_CTX_TASK_ID='train_model' AIRFLOW_CTX_EXECUTION_DATE='2024-07-16T01:00:00+00:00' AIRFLOW_CTX_TRY_NUMBER='1' AIRFLOW_CTX_DAG_RUN_ID='scheduled__2024-07-16T01:00:00+00:00'
[2024-07-17T06:00:22.934+0500] {taskinstance.py:430} INFO - ::endgroup::
[2024-07-17T06:00:22.945+0500] {s3.py:1387} INFO - Downloading source S3 file from Bucket test-bucket-nicolas-1 with path dataset/X_train.pkl
[2024-07-17T06:00:22.959+0500] {base.py:84} INFO - Using connection ID 'aws_default' for task execution.
[2024-07-17T06:00:22.959+0500] {connection_wrapper.py:384} INFO - AWS Connection (conn_id='aws_default', conn_type='aws') credentials retrieved from login and password.
[2024-07-17T06:00:26.003+0500] {s3.py:1387} INFO - Downloading source S3 file from Bucket test-bucket-nicolas-1 with path dataset/X_test.pkl
[2024-07-17T06:00:26.511+0500] {s3.py:1387} INFO - Downloading source S3 file from Bucket test-bucket-nicolas-1 with path dataset/y_train.pkl
[2024-07-17T06:00:27.132+0500] {s3.py:1387} INFO - Downloading source S3 file from Bucket test-bucket-nicolas-1 with path dataset/y_test.pkl
[2024-07-17T06:00:27.536+0500] {train_dag.py:130} INFO - Данные загружены
[2024-07-17T06:00:27.537+0500] {train_dag.py:134} INFO - Модель подгружена
[2024-07-17T06:00:39.059+0500] {train_dag.py:140} INFO - Модель обучена
[2024-07-17T06:00:39.141+0500] {train_dag.py:143} INFO - Данные предсказаны
[2024-07-17T06:00:39.143+0500] {train_dag.py:152} INFO - Считаем метрики
[2024-07-17T06:00:40.485+0500] {train_dag.py:164} INFO - Model training finished.
[2024-07-17T06:00:40.504+0500] {python.py:237} INFO - Done. Returned value was: None
[2024-07-17T06:00:40.505+0500] {taskinstance.py:441} INFO - ::group::Post task execution logs
[2024-07-17T06:00:40.519+0500] {taskinstance.py:1206} INFO - Marking task as SUCCESS. dag_id=train, task_id=train_model, run_id=scheduled__2024-07-16T01:00:00+00:00, execution_date=20240716T010000, start_date=20240717T010022, end_date=20240717T010040
[2024-07-17T06:00:40.593+0500] {local_task_job_runner.py:243} INFO - Task exited with return code 0
[2024-07-17T06:00:40.617+0500] {taskinstance.py:3503} INFO - 1 downstream tasks scheduled from follow-on schedule check
[2024-07-17T06:00:40.620+0500] {local_task_job_runner.py:222} INFO - ::endgroup::
