[2024-08-21T12:08:07.255+0500] {local_task_job_runner.py:123} INFO - ::group::Pre task execution logs
[2024-08-21T12:08:07.276+0500] {taskinstance.py:2603} INFO - Dependencies all met for dep_context=non-requeueable deps ti=<TaskInstance: 3_models_dag.train_hgb scheduled__2024-08-19T01:00:00+00:00 [queued]>
[2024-08-21T12:08:07.287+0500] {taskinstance.py:2603} INFO - Dependencies all met for dep_context=requeueable deps ti=<TaskInstance: 3_models_dag.train_hgb scheduled__2024-08-19T01:00:00+00:00 [queued]>
[2024-08-21T12:08:07.287+0500] {taskinstance.py:2856} INFO - Starting attempt 1 of 1
[2024-08-21T12:08:07.300+0500] {taskinstance.py:2879} INFO - Executing <Task(PythonOperator): train_hgb> on 2024-08-19 01:00:00+00:00
[2024-08-21T12:08:07.314+0500] {logging_mixin.py:190} WARNING - /home/nicolaspc/anaconda3/envs/mlops_env/lib/python3.12/site-packages/***/task/task_runner/standard_task_runner.py:70 DeprecationWarning: This process (pid=18993) is multi-threaded, use of fork() may lead to deadlocks in the child.
[2024-08-21T12:08:07.315+0500] {standard_task_runner.py:72} INFO - Started process 19146 to run task
[2024-08-21T12:08:07.314+0500] {standard_task_runner.py:104} INFO - Running: ['***', 'tasks', 'run', '3_models_dag', 'train_hgb', 'scheduled__2024-08-19T01:00:00+00:00', '--job-id', '70', '--raw', '--subdir', 'DAGS_FOLDER/.ipynb_checkpoints/train_models-2-checkpoint.py', '--cfg-path', '/tmp/tmp6c9hii69']
[2024-08-21T12:08:07.316+0500] {standard_task_runner.py:105} INFO - Job 70: Subtask train_hgb
[2024-08-21T12:08:07.385+0500] {task_command.py:467} INFO - Running <TaskInstance: 3_models_dag.train_hgb scheduled__2024-08-19T01:00:00+00:00 [running]> on host nicolaspc-HP-Pavilion-Laptop-15-eh1xxx
[2024-08-21T12:08:07.499+0500] {taskinstance.py:3122} INFO - Exporting env vars: AIRFLOW_CTX_DAG_OWNER='Nicolas Pal' AIRFLOW_CTX_DAG_ID='3_models_dag' AIRFLOW_CTX_TASK_ID='train_hgb' AIRFLOW_CTX_EXECUTION_DATE='2024-08-19T01:00:00+00:00' AIRFLOW_CTX_TRY_NUMBER='1' AIRFLOW_CTX_DAG_RUN_ID='scheduled__2024-08-19T01:00:00+00:00'
[2024-08-21T12:08:07.500+0500] {taskinstance.py:731} INFO - ::endgroup::
[2024-08-21T12:08:07.527+0500] {s3.py:1387} INFO - Downloading source S3 file from Bucket test-bucket-nicolas-1 with path dataset/X_train.pkl
[2024-08-21T12:08:07.543+0500] {base.py:84} INFO - Retrieving connection 'aws_default'
[2024-08-21T12:08:07.569+0500] {credentials.py:1147} INFO - Found credentials in environment variables.
[2024-08-21T12:08:16.217+0500] {s3.py:1387} INFO - Downloading source S3 file from Bucket test-bucket-nicolas-1 with path dataset/X_test.pkl
[2024-08-21T12:08:17.084+0500] {s3.py:1387} INFO - Downloading source S3 file from Bucket test-bucket-nicolas-1 with path dataset/y_train.pkl
[2024-08-21T12:08:18.188+0500] {s3.py:1387} INFO - Downloading source S3 file from Bucket test-bucket-nicolas-1 with path dataset/y_test.pkl
[2024-08-21T12:08:18.756+0500] {train_models-2-checkpoint.py:107} INFO - Данные загружены
[2024-08-21T12:08:19.279+0500] {python.py:240} INFO - Done. Returned value was: {'start_tiemstamp': '20240821 12:07', 'data_download_start': '20240821 12:08', 'data_download_end': '20240821 12:08', 'hgb_train_start': '20240821 12:08', 'hgb_train_end': '20240821 12:08', 'hgb_R^2_score': 0.8329845078785993, 'hgb_rmse': 0.46782325763177457, 'hgb_mae': 0.20474352672884877}
[2024-08-21T12:08:19.321+0500] {taskinstance.py:340} INFO - ::group::Post task execution logs
[2024-08-21T12:08:19.321+0500] {taskinstance.py:352} INFO - Marking task as SUCCESS. dag_id=3_models_dag, task_id=train_hgb, run_id=scheduled__2024-08-19T01:00:00+00:00, execution_date=20240819T010000, start_date=20240821T070807, end_date=20240821T070819
[2024-08-21T12:08:19.378+0500] {local_task_job_runner.py:261} INFO - Task exited with return code 0
[2024-08-21T12:08:19.404+0500] {taskinstance.py:3891} INFO - 0 downstream tasks scheduled from follow-on schedule check
[2024-08-21T12:08:19.407+0500] {local_task_job_runner.py:240} INFO - ::endgroup::
