[2024-08-21T12:53:50.734+0500] {local_task_job_runner.py:123} INFO - ::group::Pre task execution logs
[2024-08-21T12:53:50.751+0500] {taskinstance.py:2603} INFO - Dependencies all met for dep_context=non-requeueable deps ti=<TaskInstance: 3_models_dag.get_data manual__2024-08-21T07:53:46.188493+00:00 [queued]>
[2024-08-21T12:53:50.758+0500] {taskinstance.py:2603} INFO - Dependencies all met for dep_context=requeueable deps ti=<TaskInstance: 3_models_dag.get_data manual__2024-08-21T07:53:46.188493+00:00 [queued]>
[2024-08-21T12:53:50.758+0500] {taskinstance.py:2856} INFO - Starting attempt 1 of 1
[2024-08-21T12:53:50.769+0500] {taskinstance.py:2879} INFO - Executing <Task(PythonOperator): get_data> on 2024-08-21 07:53:46.188493+00:00
[2024-08-21T12:53:50.780+0500] {logging_mixin.py:190} WARNING - /home/nicolaspc/anaconda3/envs/mlops_env/lib/python3.12/site-packages/***/task/task_runner/standard_task_runner.py:70 DeprecationWarning: This process (pid=7685) is multi-threaded, use of fork() may lead to deadlocks in the child.
[2024-08-21T12:53:50.781+0500] {standard_task_runner.py:72} INFO - Started process 7708 to run task
[2024-08-21T12:53:50.780+0500] {standard_task_runner.py:104} INFO - Running: ['***', 'tasks', 'run', '3_models_dag', 'get_data', 'manual__2024-08-21T07:53:46.188493+00:00', '--job-id', '91', '--raw', '--subdir', 'DAGS_FOLDER/.ipynb_checkpoints/train_models-2-checkpoint.py', '--cfg-path', '/tmp/tmp6rfjl_3_']
[2024-08-21T12:53:50.782+0500] {standard_task_runner.py:105} INFO - Job 91: Subtask get_data
[2024-08-21T12:53:50.836+0500] {task_command.py:467} INFO - Running <TaskInstance: 3_models_dag.get_data manual__2024-08-21T07:53:46.188493+00:00 [running]> on host nicolaspc-HP-Pavilion-Laptop-15-eh1xxx
[2024-08-21T12:53:50.916+0500] {taskinstance.py:3122} INFO - Exporting env vars: AIRFLOW_CTX_DAG_OWNER='Nicolas Pal' AIRFLOW_CTX_DAG_ID='3_models_dag' AIRFLOW_CTX_TASK_ID='get_data' AIRFLOW_CTX_EXECUTION_DATE='2024-08-21T07:53:46.188493+00:00' AIRFLOW_CTX_TRY_NUMBER='1' AIRFLOW_CTX_DAG_RUN_ID='manual__2024-08-21T07:53:46.188493+00:00'
[2024-08-21T12:53:50.917+0500] {taskinstance.py:731} INFO - ::endgroup::
[2024-08-21T12:53:50.954+0500] {base.py:84} INFO - Retrieving connection 'pg_connection'
[2024-08-21T12:53:50.965+0500] {logging_mixin.py:190} WARNING - /home/nicolaspc/***/dags/.ipynb_checkpoints/train_models-2-checkpoint.py:69 UserWarning: pandas only supports SQLAlchemy connectable (engine/connection) or database string URI or sqlite3 DBAPI2 connection. Other DBAPI2 objects are not tested. Please consider using SQLAlchemy.
[2024-08-21T12:53:51.044+0500] {base.py:84} INFO - Retrieving connection 'aws_default'
[2024-08-21T12:53:51.044+0500] {connection_wrapper.py:384} INFO - AWS Connection (conn_id='aws_default', conn_type='aws') credentials retrieved from login and password.
[2024-08-21T12:53:54.424+0500] {train_models-2-checkpoint.py:80} INFO - Data download finished.
[2024-08-21T12:53:54.426+0500] {python.py:240} INFO - Done. Returned value was: {'start_tiemstamp': '20240821 12:53', 'data_download_start': '20240821 12:53', 'data_download_end': '20240821 12:53'}
[2024-08-21T12:53:54.453+0500] {taskinstance.py:340} INFO - ::group::Post task execution logs
[2024-08-21T12:53:54.453+0500] {taskinstance.py:352} INFO - Marking task as SUCCESS. dag_id=3_models_dag, task_id=get_data, run_id=manual__2024-08-21T07:53:46.188493+00:00, execution_date=20240821T075346, start_date=20240821T075350, end_date=20240821T075354
[2024-08-21T12:53:54.490+0500] {local_task_job_runner.py:261} INFO - Task exited with return code 0
[2024-08-21T12:53:54.515+0500] {taskinstance.py:3891} INFO - 1 downstream tasks scheduled from follow-on schedule check
[2024-08-21T12:53:54.518+0500] {local_task_job_runner.py:240} INFO - ::endgroup::
