[2024-10-08T21:39:16.198+0500] {local_task_job_runner.py:123} INFO - ::group::Pre task execution logs
[2024-10-08T21:39:16.218+0500] {taskinstance.py:2603} INFO - Dependencies all met for dep_context=non-requeueable deps ti=<TaskInstance: rf_train.init manual__2024-10-08T16:39:13.516590+00:00 [queued]>
[2024-10-08T21:39:16.225+0500] {taskinstance.py:2603} INFO - Dependencies all met for dep_context=requeueable deps ti=<TaskInstance: rf_train.init manual__2024-10-08T16:39:13.516590+00:00 [queued]>
[2024-10-08T21:39:16.225+0500] {taskinstance.py:2856} INFO - Starting attempt 1 of 1
[2024-10-08T21:39:16.236+0500] {taskinstance.py:2879} INFO - Executing <Task(PythonOperator): init> on 2024-10-08 16:39:13.516590+00:00
[2024-10-08T21:39:16.248+0500] {logging_mixin.py:190} WARNING - /home/nicolaspc/anaconda3/envs/mlops_env/lib/python3.12/site-packages/***/task/task_runner/standard_task_runner.py:70 DeprecationWarning: This process (pid=52542) is multi-threaded, use of fork() may lead to deadlocks in the child.
[2024-10-08T21:39:16.249+0500] {standard_task_runner.py:72} INFO - Started process 52633 to run task
[2024-10-08T21:39:16.249+0500] {standard_task_runner.py:104} INFO - Running: ['***', 'tasks', 'run', 'rf_train', 'init', 'manual__2024-10-08T16:39:13.516590+00:00', '--job-id', '888', '--raw', '--subdir', 'DAGS_FOLDER/train_models.py', '--cfg-path', '/tmp/tmpb81tj8dx']
[2024-10-08T21:39:16.253+0500] {standard_task_runner.py:105} INFO - Job 888: Subtask init
[2024-10-08T21:39:16.306+0500] {task_command.py:467} INFO - Running <TaskInstance: rf_train.init manual__2024-10-08T16:39:13.516590+00:00 [running]> on host nicolaspc-HP-Pavilion-Laptop-15-eh1xxx
[2024-10-08T21:39:16.396+0500] {taskinstance.py:3122} INFO - Exporting env vars: AIRFLOW_CTX_DAG_OWNER='Nicolas Pal' AIRFLOW_CTX_DAG_ID='rf_train' AIRFLOW_CTX_TASK_ID='init' AIRFLOW_CTX_EXECUTION_DATE='2024-10-08T16:39:13.516590+00:00' AIRFLOW_CTX_TRY_NUMBER='1' AIRFLOW_CTX_DAG_RUN_ID='manual__2024-10-08T16:39:13.516590+00:00'
[2024-10-08T21:39:16.396+0500] {taskinstance.py:731} INFO - ::endgroup::
[2024-10-08T21:39:16.632+0500] {migration.py:216} INFO - Context impl PostgresqlImpl.
[2024-10-08T21:39:16.632+0500] {migration.py:219} INFO - Will assume transactional DDL.
[2024-10-08T21:39:16.657+0500] {python.py:240} INFO - Done. Returned value was: {'model': 'rf', 'start_timestamp': '20241008 21:39', 'experiment_id': '142'}
[2024-10-08T21:39:16.694+0500] {taskinstance.py:340} INFO - ::group::Post task execution logs
[2024-10-08T21:39:16.694+0500] {taskinstance.py:352} INFO - Marking task as SUCCESS. dag_id=rf_train, task_id=init, run_id=manual__2024-10-08T16:39:13.516590+00:00, execution_date=20241008T163913, start_date=20241008T163916, end_date=20241008T163916
[2024-10-08T21:39:16.744+0500] {local_task_job_runner.py:261} INFO - Task exited with return code 0
[2024-10-08T21:39:16.781+0500] {taskinstance.py:3891} INFO - 1 downstream tasks scheduled from follow-on schedule check
[2024-10-08T21:39:16.784+0500] {local_task_job_runner.py:240} INFO - ::endgroup::
