[2024-10-10T05:58:11.264+0500] {local_task_job_runner.py:123} INFO - ::group::Pre task execution logs
[2024-10-10T05:58:11.282+0500] {taskinstance.py:2603} INFO - Dependencies all met for dep_context=non-requeueable deps ti=<TaskInstance: rf_train.save_results manual__2024-10-10T00:57:40.417051+00:00 [queued]>
[2024-10-10T05:58:11.289+0500] {taskinstance.py:2603} INFO - Dependencies all met for dep_context=requeueable deps ti=<TaskInstance: rf_train.save_results manual__2024-10-10T00:57:40.417051+00:00 [queued]>
[2024-10-10T05:58:11.289+0500] {taskinstance.py:2856} INFO - Starting attempt 1 of 1
[2024-10-10T05:58:11.302+0500] {taskinstance.py:2879} INFO - Executing <Task(PythonOperator): save_results> on 2024-10-10 00:57:40.417051+00:00
[2024-10-10T05:58:11.316+0500] {logging_mixin.py:190} WARNING - /home/nicolaspc/anaconda3/envs/mlops_env/lib/python3.12/site-packages/***/task/task_runner/standard_task_runner.py:70 DeprecationWarning: This process (pid=17935) is multi-threaded, use of fork() may lead to deadlocks in the child.
[2024-10-10T05:58:11.316+0500] {standard_task_runner.py:72} INFO - Started process 17969 to run task
[2024-10-10T05:58:11.316+0500] {standard_task_runner.py:104} INFO - Running: ['***', 'tasks', 'run', 'rf_train', 'save_results', 'manual__2024-10-10T00:57:40.417051+00:00', '--job-id', '1082', '--raw', '--subdir', 'DAGS_FOLDER/train_models.py', '--cfg-path', '/tmp/tmpozpif_hg']
[2024-10-10T05:58:11.318+0500] {standard_task_runner.py:105} INFO - Job 1082: Subtask save_results
[2024-10-10T05:58:11.380+0500] {task_command.py:467} INFO - Running <TaskInstance: rf_train.save_results manual__2024-10-10T00:57:40.417051+00:00 [running]> on host nicolaspc-HP-Pavilion-Laptop-15-eh1xxx
[2024-10-10T05:58:11.467+0500] {taskinstance.py:3122} INFO - Exporting env vars: AIRFLOW_CTX_DAG_OWNER='Nicolas Pal' AIRFLOW_CTX_DAG_ID='rf_train' AIRFLOW_CTX_TASK_ID='save_results' AIRFLOW_CTX_EXECUTION_DATE='2024-10-10T00:57:40.417051+00:00' AIRFLOW_CTX_TRY_NUMBER='1' AIRFLOW_CTX_DAG_RUN_ID='manual__2024-10-10T00:57:40.417051+00:00'
[2024-10-10T05:58:11.468+0500] {taskinstance.py:731} INFO - ::endgroup::
[2024-10-10T05:58:11.504+0500] {base.py:84} INFO - Retrieving connection 's3_connection'
[2024-10-10T05:58:11.504+0500] {connection_wrapper.py:384} INFO - AWS Connection (conn_id='s3_connection', conn_type='aws') credentials retrieved from login and password.
[2024-10-10T05:58:12.708+0500] {train_models.py:199} INFO - Результаты сохранены в папку result
[2024-10-10T05:58:12.711+0500] {python.py:240} INFO - Done. Returned value was: None
[2024-10-10T05:58:12.723+0500] {taskinstance.py:340} INFO - ::group::Post task execution logs
[2024-10-10T05:58:12.724+0500] {taskinstance.py:352} INFO - Marking task as SUCCESS. dag_id=rf_train, task_id=save_results, run_id=manual__2024-10-10T00:57:40.417051+00:00, execution_date=20241010T005740, start_date=20241010T005811, end_date=20241010T005812
[2024-10-10T05:58:12.777+0500] {local_task_job_runner.py:261} INFO - Task exited with return code 0
[2024-10-10T05:58:12.797+0500] {taskinstance.py:3891} INFO - 0 downstream tasks scheduled from follow-on schedule check
[2024-10-10T05:58:12.802+0500] {local_task_job_runner.py:240} INFO - ::endgroup::
