[2024-07-07T23:35:19.218+0500] {processor.py:161} INFO - Started process (PID=13428) to work on /home/nicolaspc/anaconda3/envs/mlops_env/lib/python3.12/site-packages/airflow/example_dags/plugins/workday.py
[2024-07-07T23:35:19.219+0500] {processor.py:830} INFO - Processing file /home/nicolaspc/anaconda3/envs/mlops_env/lib/python3.12/site-packages/airflow/example_dags/plugins/workday.py for tasks to queue
[2024-07-07T23:35:19.219+0500] {logging_mixin.py:188} INFO - [2024-07-07T23:35:19.219+0500] {dagbag.py:545} INFO - Filling up the DagBag from /home/nicolaspc/anaconda3/envs/mlops_env/lib/python3.12/site-packages/airflow/example_dags/plugins/workday.py
[2024-07-07T23:35:19.504+0500] {processor.py:842} WARNING - No viable dags retrieved from /home/nicolaspc/anaconda3/envs/mlops_env/lib/python3.12/site-packages/airflow/example_dags/plugins/workday.py
[2024-07-07T23:35:19.520+0500] {processor.py:183} INFO - Processing /home/nicolaspc/anaconda3/envs/mlops_env/lib/python3.12/site-packages/airflow/example_dags/plugins/workday.py took 0.308 seconds
[2024-07-07T23:35:49.911+0500] {processor.py:161} INFO - Started process (PID=13774) to work on /home/nicolaspc/anaconda3/envs/mlops_env/lib/python3.12/site-packages/airflow/example_dags/plugins/workday.py
[2024-07-07T23:35:49.912+0500] {processor.py:830} INFO - Processing file /home/nicolaspc/anaconda3/envs/mlops_env/lib/python3.12/site-packages/airflow/example_dags/plugins/workday.py for tasks to queue
[2024-07-07T23:35:49.912+0500] {logging_mixin.py:188} INFO - [2024-07-07T23:35:49.912+0500] {dagbag.py:545} INFO - Filling up the DagBag from /home/nicolaspc/anaconda3/envs/mlops_env/lib/python3.12/site-packages/airflow/example_dags/plugins/workday.py
[2024-07-07T23:35:50.310+0500] {processor.py:842} WARNING - No viable dags retrieved from /home/nicolaspc/anaconda3/envs/mlops_env/lib/python3.12/site-packages/airflow/example_dags/plugins/workday.py
[2024-07-07T23:35:50.322+0500] {processor.py:183} INFO - Processing /home/nicolaspc/anaconda3/envs/mlops_env/lib/python3.12/site-packages/airflow/example_dags/plugins/workday.py took 0.417 seconds
[2024-07-07T23:36:20.730+0500] {processor.py:161} INFO - Started process (PID=14198) to work on /home/nicolaspc/anaconda3/envs/mlops_env/lib/python3.12/site-packages/airflow/example_dags/plugins/workday.py
[2024-07-07T23:36:20.731+0500] {processor.py:830} INFO - Processing file /home/nicolaspc/anaconda3/envs/mlops_env/lib/python3.12/site-packages/airflow/example_dags/plugins/workday.py for tasks to queue
[2024-07-07T23:36:20.732+0500] {logging_mixin.py:188} INFO - [2024-07-07T23:36:20.731+0500] {dagbag.py:545} INFO - Filling up the DagBag from /home/nicolaspc/anaconda3/envs/mlops_env/lib/python3.12/site-packages/airflow/example_dags/plugins/workday.py
[2024-07-07T23:36:21.157+0500] {processor.py:842} WARNING - No viable dags retrieved from /home/nicolaspc/anaconda3/envs/mlops_env/lib/python3.12/site-packages/airflow/example_dags/plugins/workday.py
[2024-07-07T23:36:21.170+0500] {processor.py:183} INFO - Processing /home/nicolaspc/anaconda3/envs/mlops_env/lib/python3.12/site-packages/airflow/example_dags/plugins/workday.py took 0.445 seconds
[2024-07-07T23:36:32.372+0500] {processor.py:161} INFO - Started process (PID=14369) to work on /home/nicolaspc/anaconda3/envs/mlops_env/lib/python3.12/site-packages/airflow/example_dags/plugins/workday.py
[2024-07-07T23:36:32.380+0500] {processor.py:830} INFO - Processing file /home/nicolaspc/anaconda3/envs/mlops_env/lib/python3.12/site-packages/airflow/example_dags/plugins/workday.py for tasks to queue
[2024-07-07T23:36:32.383+0500] {logging_mixin.py:188} INFO - [2024-07-07T23:36:32.383+0500] {dagbag.py:545} INFO - Filling up the DagBag from /home/nicolaspc/anaconda3/envs/mlops_env/lib/python3.12/site-packages/airflow/example_dags/plugins/workday.py
[2024-07-07T23:36:32.749+0500] {processor.py:842} WARNING - No viable dags retrieved from /home/nicolaspc/anaconda3/envs/mlops_env/lib/python3.12/site-packages/airflow/example_dags/plugins/workday.py
[2024-07-07T23:36:32.753+0500] {processor.py:183} INFO - Processing /home/nicolaspc/anaconda3/envs/mlops_env/lib/python3.12/site-packages/airflow/example_dags/plugins/workday.py took 0.385 seconds
[2024-07-07T23:36:51.266+0500] {processor.py:161} INFO - Started process (PID=14582) to work on /home/nicolaspc/anaconda3/envs/mlops_env/lib/python3.12/site-packages/airflow/example_dags/plugins/workday.py
[2024-07-07T23:36:51.266+0500] {processor.py:830} INFO - Processing file /home/nicolaspc/anaconda3/envs/mlops_env/lib/python3.12/site-packages/airflow/example_dags/plugins/workday.py for tasks to queue
[2024-07-07T23:36:51.267+0500] {logging_mixin.py:188} INFO - [2024-07-07T23:36:51.267+0500] {dagbag.py:545} INFO - Filling up the DagBag from /home/nicolaspc/anaconda3/envs/mlops_env/lib/python3.12/site-packages/airflow/example_dags/plugins/workday.py
[2024-07-07T23:36:51.662+0500] {processor.py:842} WARNING - No viable dags retrieved from /home/nicolaspc/anaconda3/envs/mlops_env/lib/python3.12/site-packages/airflow/example_dags/plugins/workday.py
[2024-07-07T23:36:51.674+0500] {processor.py:183} INFO - Processing /home/nicolaspc/anaconda3/envs/mlops_env/lib/python3.12/site-packages/airflow/example_dags/plugins/workday.py took 0.414 seconds
[2024-07-07T23:37:21.777+0500] {processor.py:161} INFO - Started process (PID=14956) to work on /home/nicolaspc/anaconda3/envs/mlops_env/lib/python3.12/site-packages/airflow/example_dags/plugins/workday.py
[2024-07-07T23:37:21.779+0500] {processor.py:830} INFO - Processing file /home/nicolaspc/anaconda3/envs/mlops_env/lib/python3.12/site-packages/airflow/example_dags/plugins/workday.py for tasks to queue
[2024-07-07T23:37:21.780+0500] {logging_mixin.py:188} INFO - [2024-07-07T23:37:21.779+0500] {dagbag.py:545} INFO - Filling up the DagBag from /home/nicolaspc/anaconda3/envs/mlops_env/lib/python3.12/site-packages/airflow/example_dags/plugins/workday.py
[2024-07-07T23:37:22.164+0500] {processor.py:842} WARNING - No viable dags retrieved from /home/nicolaspc/anaconda3/envs/mlops_env/lib/python3.12/site-packages/airflow/example_dags/plugins/workday.py
[2024-07-07T23:37:22.177+0500] {processor.py:183} INFO - Processing /home/nicolaspc/anaconda3/envs/mlops_env/lib/python3.12/site-packages/airflow/example_dags/plugins/workday.py took 0.406 seconds
[2024-07-07T23:37:23.102+0500] {processor.py:161} INFO - Started process (PID=15097) to work on /home/nicolaspc/anaconda3/envs/mlops_env/lib/python3.12/site-packages/airflow/example_dags/plugins/workday.py
[2024-07-07T23:37:23.103+0500] {processor.py:830} INFO - Processing file /home/nicolaspc/anaconda3/envs/mlops_env/lib/python3.12/site-packages/airflow/example_dags/plugins/workday.py for tasks to queue
[2024-07-07T23:37:23.104+0500] {logging_mixin.py:188} INFO - [2024-07-07T23:37:23.104+0500] {dagbag.py:545} INFO - Filling up the DagBag from /home/nicolaspc/anaconda3/envs/mlops_env/lib/python3.12/site-packages/airflow/example_dags/plugins/workday.py
[2024-07-07T23:37:23.464+0500] {processor.py:842} WARNING - No viable dags retrieved from /home/nicolaspc/anaconda3/envs/mlops_env/lib/python3.12/site-packages/airflow/example_dags/plugins/workday.py
[2024-07-07T23:37:23.468+0500] {processor.py:183} INFO - Processing /home/nicolaspc/anaconda3/envs/mlops_env/lib/python3.12/site-packages/airflow/example_dags/plugins/workday.py took 0.369 seconds
[2024-07-07T23:37:52.376+0500] {processor.py:161} INFO - Started process (PID=15350) to work on /home/nicolaspc/anaconda3/envs/mlops_env/lib/python3.12/site-packages/airflow/example_dags/plugins/workday.py
[2024-07-07T23:37:52.376+0500] {processor.py:830} INFO - Processing file /home/nicolaspc/anaconda3/envs/mlops_env/lib/python3.12/site-packages/airflow/example_dags/plugins/workday.py for tasks to queue
[2024-07-07T23:37:52.377+0500] {logging_mixin.py:188} INFO - [2024-07-07T23:37:52.376+0500] {dagbag.py:545} INFO - Filling up the DagBag from /home/nicolaspc/anaconda3/envs/mlops_env/lib/python3.12/site-packages/airflow/example_dags/plugins/workday.py
[2024-07-07T23:37:52.770+0500] {processor.py:842} WARNING - No viable dags retrieved from /home/nicolaspc/anaconda3/envs/mlops_env/lib/python3.12/site-packages/airflow/example_dags/plugins/workday.py
[2024-07-07T23:37:52.783+0500] {processor.py:183} INFO - Processing /home/nicolaspc/anaconda3/envs/mlops_env/lib/python3.12/site-packages/airflow/example_dags/plugins/workday.py took 0.413 seconds
[2024-07-07T23:38:11.670+0500] {processor.py:161} INFO - Started process (PID=15521) to work on /home/nicolaspc/anaconda3/envs/mlops_env/lib/python3.12/site-packages/airflow/example_dags/plugins/workday.py
[2024-07-07T23:38:11.678+0500] {processor.py:830} INFO - Processing file /home/nicolaspc/anaconda3/envs/mlops_env/lib/python3.12/site-packages/airflow/example_dags/plugins/workday.py for tasks to queue
[2024-07-07T23:38:11.680+0500] {logging_mixin.py:188} INFO - [2024-07-07T23:38:11.680+0500] {dagbag.py:545} INFO - Filling up the DagBag from /home/nicolaspc/anaconda3/envs/mlops_env/lib/python3.12/site-packages/airflow/example_dags/plugins/workday.py
[2024-07-07T23:38:12.041+0500] {processor.py:842} WARNING - No viable dags retrieved from /home/nicolaspc/anaconda3/envs/mlops_env/lib/python3.12/site-packages/airflow/example_dags/plugins/workday.py
[2024-07-07T23:38:12.045+0500] {processor.py:183} INFO - Processing /home/nicolaspc/anaconda3/envs/mlops_env/lib/python3.12/site-packages/airflow/example_dags/plugins/workday.py took 0.379 seconds
[2024-07-07T23:38:22.875+0500] {processor.py:161} INFO - Started process (PID=15723) to work on /home/nicolaspc/anaconda3/envs/mlops_env/lib/python3.12/site-packages/airflow/example_dags/plugins/workday.py
[2024-07-07T23:38:22.876+0500] {processor.py:830} INFO - Processing file /home/nicolaspc/anaconda3/envs/mlops_env/lib/python3.12/site-packages/airflow/example_dags/plugins/workday.py for tasks to queue
[2024-07-07T23:38:22.877+0500] {logging_mixin.py:188} INFO - [2024-07-07T23:38:22.876+0500] {dagbag.py:545} INFO - Filling up the DagBag from /home/nicolaspc/anaconda3/envs/mlops_env/lib/python3.12/site-packages/airflow/example_dags/plugins/workday.py
[2024-07-07T23:38:23.329+0500] {processor.py:842} WARNING - No viable dags retrieved from /home/nicolaspc/anaconda3/envs/mlops_env/lib/python3.12/site-packages/airflow/example_dags/plugins/workday.py
[2024-07-07T23:38:23.346+0500] {processor.py:183} INFO - Processing /home/nicolaspc/anaconda3/envs/mlops_env/lib/python3.12/site-packages/airflow/example_dags/plugins/workday.py took 0.476 seconds
[2024-07-07T23:38:53.751+0500] {processor.py:161} INFO - Started process (PID=16115) to work on /home/nicolaspc/anaconda3/envs/mlops_env/lib/python3.12/site-packages/airflow/example_dags/plugins/workday.py
[2024-07-07T23:38:53.751+0500] {processor.py:830} INFO - Processing file /home/nicolaspc/anaconda3/envs/mlops_env/lib/python3.12/site-packages/airflow/example_dags/plugins/workday.py for tasks to queue
[2024-07-07T23:38:53.752+0500] {logging_mixin.py:188} INFO - [2024-07-07T23:38:53.752+0500] {dagbag.py:545} INFO - Filling up the DagBag from /home/nicolaspc/anaconda3/envs/mlops_env/lib/python3.12/site-packages/airflow/example_dags/plugins/workday.py
[2024-07-07T23:38:54.151+0500] {processor.py:842} WARNING - No viable dags retrieved from /home/nicolaspc/anaconda3/envs/mlops_env/lib/python3.12/site-packages/airflow/example_dags/plugins/workday.py
[2024-07-07T23:38:54.165+0500] {processor.py:183} INFO - Processing /home/nicolaspc/anaconda3/envs/mlops_env/lib/python3.12/site-packages/airflow/example_dags/plugins/workday.py took 0.419 seconds
[2024-07-07T23:39:11.007+0500] {processor.py:161} INFO - Started process (PID=16302) to work on /home/nicolaspc/anaconda3/envs/mlops_env/lib/python3.12/site-packages/airflow/example_dags/plugins/workday.py
[2024-07-07T23:39:11.007+0500] {processor.py:830} INFO - Processing file /home/nicolaspc/anaconda3/envs/mlops_env/lib/python3.12/site-packages/airflow/example_dags/plugins/workday.py for tasks to queue
[2024-07-07T23:39:11.008+0500] {logging_mixin.py:188} INFO - [2024-07-07T23:39:11.008+0500] {dagbag.py:545} INFO - Filling up the DagBag from /home/nicolaspc/anaconda3/envs/mlops_env/lib/python3.12/site-packages/airflow/example_dags/plugins/workday.py
[2024-07-07T23:39:11.387+0500] {processor.py:842} WARNING - No viable dags retrieved from /home/nicolaspc/anaconda3/envs/mlops_env/lib/python3.12/site-packages/airflow/example_dags/plugins/workday.py
[2024-07-07T23:39:11.391+0500] {processor.py:183} INFO - Processing /home/nicolaspc/anaconda3/envs/mlops_env/lib/python3.12/site-packages/airflow/example_dags/plugins/workday.py took 0.388 seconds
[2024-07-07T23:39:24.322+0500] {processor.py:161} INFO - Started process (PID=16522) to work on /home/nicolaspc/anaconda3/envs/mlops_env/lib/python3.12/site-packages/airflow/example_dags/plugins/workday.py
[2024-07-07T23:39:24.323+0500] {processor.py:830} INFO - Processing file /home/nicolaspc/anaconda3/envs/mlops_env/lib/python3.12/site-packages/airflow/example_dags/plugins/workday.py for tasks to queue
[2024-07-07T23:39:24.323+0500] {logging_mixin.py:188} INFO - [2024-07-07T23:39:24.323+0500] {dagbag.py:545} INFO - Filling up the DagBag from /home/nicolaspc/anaconda3/envs/mlops_env/lib/python3.12/site-packages/airflow/example_dags/plugins/workday.py
[2024-07-07T23:39:24.753+0500] {processor.py:842} WARNING - No viable dags retrieved from /home/nicolaspc/anaconda3/envs/mlops_env/lib/python3.12/site-packages/airflow/example_dags/plugins/workday.py
[2024-07-07T23:39:24.766+0500] {processor.py:183} INFO - Processing /home/nicolaspc/anaconda3/envs/mlops_env/lib/python3.12/site-packages/airflow/example_dags/plugins/workday.py took 0.450 seconds
[2024-07-07T23:39:54.849+0500] {processor.py:161} INFO - Started process (PID=16860) to work on /home/nicolaspc/anaconda3/envs/mlops_env/lib/python3.12/site-packages/airflow/example_dags/plugins/workday.py
[2024-07-07T23:39:54.850+0500] {processor.py:830} INFO - Processing file /home/nicolaspc/anaconda3/envs/mlops_env/lib/python3.12/site-packages/airflow/example_dags/plugins/workday.py for tasks to queue
[2024-07-07T23:39:54.850+0500] {logging_mixin.py:188} INFO - [2024-07-07T23:39:54.850+0500] {dagbag.py:545} INFO - Filling up the DagBag from /home/nicolaspc/anaconda3/envs/mlops_env/lib/python3.12/site-packages/airflow/example_dags/plugins/workday.py
[2024-07-07T23:39:55.238+0500] {processor.py:842} WARNING - No viable dags retrieved from /home/nicolaspc/anaconda3/envs/mlops_env/lib/python3.12/site-packages/airflow/example_dags/plugins/workday.py
[2024-07-07T23:39:55.251+0500] {processor.py:183} INFO - Processing /home/nicolaspc/anaconda3/envs/mlops_env/lib/python3.12/site-packages/airflow/example_dags/plugins/workday.py took 0.407 seconds
[2024-07-07T23:40:10.422+0500] {processor.py:161} INFO - Started process (PID=17070) to work on /home/nicolaspc/anaconda3/envs/mlops_env/lib/python3.12/site-packages/airflow/example_dags/plugins/workday.py
[2024-07-07T23:40:10.430+0500] {processor.py:830} INFO - Processing file /home/nicolaspc/anaconda3/envs/mlops_env/lib/python3.12/site-packages/airflow/example_dags/plugins/workday.py for tasks to queue
[2024-07-07T23:40:10.432+0500] {logging_mixin.py:188} INFO - [2024-07-07T23:40:10.432+0500] {dagbag.py:545} INFO - Filling up the DagBag from /home/nicolaspc/anaconda3/envs/mlops_env/lib/python3.12/site-packages/airflow/example_dags/plugins/workday.py
[2024-07-07T23:40:10.806+0500] {processor.py:842} WARNING - No viable dags retrieved from /home/nicolaspc/anaconda3/envs/mlops_env/lib/python3.12/site-packages/airflow/example_dags/plugins/workday.py
[2024-07-07T23:40:10.810+0500] {processor.py:183} INFO - Processing /home/nicolaspc/anaconda3/envs/mlops_env/lib/python3.12/site-packages/airflow/example_dags/plugins/workday.py took 0.391 seconds
[2024-07-07T23:40:25.424+0500] {processor.py:161} INFO - Started process (PID=17272) to work on /home/nicolaspc/anaconda3/envs/mlops_env/lib/python3.12/site-packages/airflow/example_dags/plugins/workday.py
[2024-07-07T23:40:25.425+0500] {processor.py:830} INFO - Processing file /home/nicolaspc/anaconda3/envs/mlops_env/lib/python3.12/site-packages/airflow/example_dags/plugins/workday.py for tasks to queue
[2024-07-07T23:40:25.425+0500] {logging_mixin.py:188} INFO - [2024-07-07T23:40:25.425+0500] {dagbag.py:545} INFO - Filling up the DagBag from /home/nicolaspc/anaconda3/envs/mlops_env/lib/python3.12/site-packages/airflow/example_dags/plugins/workday.py
[2024-07-07T23:40:25.867+0500] {processor.py:842} WARNING - No viable dags retrieved from /home/nicolaspc/anaconda3/envs/mlops_env/lib/python3.12/site-packages/airflow/example_dags/plugins/workday.py
[2024-07-07T23:40:25.881+0500] {processor.py:183} INFO - Processing /home/nicolaspc/anaconda3/envs/mlops_env/lib/python3.12/site-packages/airflow/example_dags/plugins/workday.py took 0.463 seconds
[2024-07-07T23:40:56.250+0500] {processor.py:161} INFO - Started process (PID=17650) to work on /home/nicolaspc/anaconda3/envs/mlops_env/lib/python3.12/site-packages/airflow/example_dags/plugins/workday.py
[2024-07-07T23:40:56.251+0500] {processor.py:830} INFO - Processing file /home/nicolaspc/anaconda3/envs/mlops_env/lib/python3.12/site-packages/airflow/example_dags/plugins/workday.py for tasks to queue
[2024-07-07T23:40:56.252+0500] {logging_mixin.py:188} INFO - [2024-07-07T23:40:56.251+0500] {dagbag.py:545} INFO - Filling up the DagBag from /home/nicolaspc/anaconda3/envs/mlops_env/lib/python3.12/site-packages/airflow/example_dags/plugins/workday.py
[2024-07-07T23:40:56.766+0500] {processor.py:842} WARNING - No viable dags retrieved from /home/nicolaspc/anaconda3/envs/mlops_env/lib/python3.12/site-packages/airflow/example_dags/plugins/workday.py
[2024-07-07T23:40:56.782+0500] {processor.py:183} INFO - Processing /home/nicolaspc/anaconda3/envs/mlops_env/lib/python3.12/site-packages/airflow/example_dags/plugins/workday.py took 0.538 seconds
[2024-07-07T23:41:10.302+0500] {processor.py:161} INFO - Started process (PID=17831) to work on /home/nicolaspc/anaconda3/envs/mlops_env/lib/python3.12/site-packages/airflow/example_dags/plugins/workday.py
[2024-07-07T23:41:10.311+0500] {processor.py:830} INFO - Processing file /home/nicolaspc/anaconda3/envs/mlops_env/lib/python3.12/site-packages/airflow/example_dags/plugins/workday.py for tasks to queue
[2024-07-07T23:41:10.312+0500] {logging_mixin.py:188} INFO - [2024-07-07T23:41:10.312+0500] {dagbag.py:545} INFO - Filling up the DagBag from /home/nicolaspc/anaconda3/envs/mlops_env/lib/python3.12/site-packages/airflow/example_dags/plugins/workday.py
[2024-07-07T23:41:10.716+0500] {processor.py:842} WARNING - No viable dags retrieved from /home/nicolaspc/anaconda3/envs/mlops_env/lib/python3.12/site-packages/airflow/example_dags/plugins/workday.py
[2024-07-07T23:41:10.721+0500] {processor.py:183} INFO - Processing /home/nicolaspc/anaconda3/envs/mlops_env/lib/python3.12/site-packages/airflow/example_dags/plugins/workday.py took 0.423 seconds
[2024-07-07T23:41:27.197+0500] {processor.py:161} INFO - Started process (PID=18073) to work on /home/nicolaspc/anaconda3/envs/mlops_env/lib/python3.12/site-packages/airflow/example_dags/plugins/workday.py
[2024-07-07T23:41:27.199+0500] {processor.py:830} INFO - Processing file /home/nicolaspc/anaconda3/envs/mlops_env/lib/python3.12/site-packages/airflow/example_dags/plugins/workday.py for tasks to queue
[2024-07-07T23:41:27.199+0500] {logging_mixin.py:188} INFO - [2024-07-07T23:41:27.199+0500] {dagbag.py:545} INFO - Filling up the DagBag from /home/nicolaspc/anaconda3/envs/mlops_env/lib/python3.12/site-packages/airflow/example_dags/plugins/workday.py
[2024-07-07T23:41:27.659+0500] {processor.py:842} WARNING - No viable dags retrieved from /home/nicolaspc/anaconda3/envs/mlops_env/lib/python3.12/site-packages/airflow/example_dags/plugins/workday.py
[2024-07-07T23:41:27.675+0500] {processor.py:183} INFO - Processing /home/nicolaspc/anaconda3/envs/mlops_env/lib/python3.12/site-packages/airflow/example_dags/plugins/workday.py took 0.487 seconds
[2024-07-07T23:41:58.207+0500] {processor.py:161} INFO - Started process (PID=18465) to work on /home/nicolaspc/anaconda3/envs/mlops_env/lib/python3.12/site-packages/airflow/example_dags/plugins/workday.py
[2024-07-07T23:41:58.208+0500] {processor.py:830} INFO - Processing file /home/nicolaspc/anaconda3/envs/mlops_env/lib/python3.12/site-packages/airflow/example_dags/plugins/workday.py for tasks to queue
[2024-07-07T23:41:58.209+0500] {logging_mixin.py:188} INFO - [2024-07-07T23:41:58.209+0500] {dagbag.py:545} INFO - Filling up the DagBag from /home/nicolaspc/anaconda3/envs/mlops_env/lib/python3.12/site-packages/airflow/example_dags/plugins/workday.py
[2024-07-07T23:41:58.675+0500] {processor.py:842} WARNING - No viable dags retrieved from /home/nicolaspc/anaconda3/envs/mlops_env/lib/python3.12/site-packages/airflow/example_dags/plugins/workday.py
[2024-07-07T23:41:58.697+0500] {processor.py:183} INFO - Processing /home/nicolaspc/anaconda3/envs/mlops_env/lib/python3.12/site-packages/airflow/example_dags/plugins/workday.py took 0.497 seconds
[2024-07-07T23:42:10.820+0500] {processor.py:161} INFO - Started process (PID=18644) to work on /home/nicolaspc/anaconda3/envs/mlops_env/lib/python3.12/site-packages/airflow/example_dags/plugins/workday.py
[2024-07-07T23:42:10.829+0500] {processor.py:830} INFO - Processing file /home/nicolaspc/anaconda3/envs/mlops_env/lib/python3.12/site-packages/airflow/example_dags/plugins/workday.py for tasks to queue
[2024-07-07T23:42:10.831+0500] {logging_mixin.py:188} INFO - [2024-07-07T23:42:10.830+0500] {dagbag.py:545} INFO - Filling up the DagBag from /home/nicolaspc/anaconda3/envs/mlops_env/lib/python3.12/site-packages/airflow/example_dags/plugins/workday.py
[2024-07-07T23:42:11.265+0500] {processor.py:842} WARNING - No viable dags retrieved from /home/nicolaspc/anaconda3/envs/mlops_env/lib/python3.12/site-packages/airflow/example_dags/plugins/workday.py
[2024-07-07T23:42:11.270+0500] {processor.py:183} INFO - Processing /home/nicolaspc/anaconda3/envs/mlops_env/lib/python3.12/site-packages/airflow/example_dags/plugins/workday.py took 0.453 seconds
[2024-07-07T23:42:29.385+0500] {processor.py:161} INFO - Started process (PID=18886) to work on /home/nicolaspc/anaconda3/envs/mlops_env/lib/python3.12/site-packages/airflow/example_dags/plugins/workday.py
[2024-07-07T23:42:29.385+0500] {processor.py:830} INFO - Processing file /home/nicolaspc/anaconda3/envs/mlops_env/lib/python3.12/site-packages/airflow/example_dags/plugins/workday.py for tasks to queue
[2024-07-07T23:42:29.386+0500] {logging_mixin.py:188} INFO - [2024-07-07T23:42:29.386+0500] {dagbag.py:545} INFO - Filling up the DagBag from /home/nicolaspc/anaconda3/envs/mlops_env/lib/python3.12/site-packages/airflow/example_dags/plugins/workday.py
[2024-07-07T23:42:29.849+0500] {processor.py:842} WARNING - No viable dags retrieved from /home/nicolaspc/anaconda3/envs/mlops_env/lib/python3.12/site-packages/airflow/example_dags/plugins/workday.py
[2024-07-07T23:42:29.862+0500] {processor.py:183} INFO - Processing /home/nicolaspc/anaconda3/envs/mlops_env/lib/python3.12/site-packages/airflow/example_dags/plugins/workday.py took 0.484 seconds
[2024-07-07T23:42:59.968+0500] {processor.py:161} INFO - Started process (PID=19240) to work on /home/nicolaspc/anaconda3/envs/mlops_env/lib/python3.12/site-packages/airflow/example_dags/plugins/workday.py
[2024-07-07T23:42:59.969+0500] {processor.py:830} INFO - Processing file /home/nicolaspc/anaconda3/envs/mlops_env/lib/python3.12/site-packages/airflow/example_dags/plugins/workday.py for tasks to queue
[2024-07-07T23:42:59.969+0500] {logging_mixin.py:188} INFO - [2024-07-07T23:42:59.969+0500] {dagbag.py:545} INFO - Filling up the DagBag from /home/nicolaspc/anaconda3/envs/mlops_env/lib/python3.12/site-packages/airflow/example_dags/plugins/workday.py
[2024-07-07T23:43:00.448+0500] {processor.py:842} WARNING - No viable dags retrieved from /home/nicolaspc/anaconda3/envs/mlops_env/lib/python3.12/site-packages/airflow/example_dags/plugins/workday.py
[2024-07-07T23:43:00.462+0500] {processor.py:183} INFO - Processing /home/nicolaspc/anaconda3/envs/mlops_env/lib/python3.12/site-packages/airflow/example_dags/plugins/workday.py took 0.499 seconds
[2024-07-07T23:43:30.567+0500] {processor.py:161} INFO - Started process (PID=19539) to work on /home/nicolaspc/anaconda3/envs/mlops_env/lib/python3.12/site-packages/airflow/example_dags/plugins/workday.py
[2024-07-07T23:43:30.567+0500] {processor.py:830} INFO - Processing file /home/nicolaspc/anaconda3/envs/mlops_env/lib/python3.12/site-packages/airflow/example_dags/plugins/workday.py for tasks to queue
[2024-07-07T23:43:30.568+0500] {logging_mixin.py:188} INFO - [2024-07-07T23:43:30.567+0500] {dagbag.py:545} INFO - Filling up the DagBag from /home/nicolaspc/anaconda3/envs/mlops_env/lib/python3.12/site-packages/airflow/example_dags/plugins/workday.py
[2024-07-07T23:43:30.968+0500] {processor.py:842} WARNING - No viable dags retrieved from /home/nicolaspc/anaconda3/envs/mlops_env/lib/python3.12/site-packages/airflow/example_dags/plugins/workday.py
[2024-07-07T23:43:30.981+0500] {processor.py:183} INFO - Processing /home/nicolaspc/anaconda3/envs/mlops_env/lib/python3.12/site-packages/airflow/example_dags/plugins/workday.py took 0.421 seconds
[2024-07-07T23:44:01.204+0500] {processor.py:161} INFO - Started process (PID=19916) to work on /home/nicolaspc/anaconda3/envs/mlops_env/lib/python3.12/site-packages/airflow/example_dags/plugins/workday.py
[2024-07-07T23:44:01.205+0500] {processor.py:830} INFO - Processing file /home/nicolaspc/anaconda3/envs/mlops_env/lib/python3.12/site-packages/airflow/example_dags/plugins/workday.py for tasks to queue
[2024-07-07T23:44:01.205+0500] {logging_mixin.py:188} INFO - [2024-07-07T23:44:01.205+0500] {dagbag.py:545} INFO - Filling up the DagBag from /home/nicolaspc/anaconda3/envs/mlops_env/lib/python3.12/site-packages/airflow/example_dags/plugins/workday.py
[2024-07-07T23:44:01.599+0500] {processor.py:842} WARNING - No viable dags retrieved from /home/nicolaspc/anaconda3/envs/mlops_env/lib/python3.12/site-packages/airflow/example_dags/plugins/workday.py
[2024-07-07T23:44:01.612+0500] {processor.py:183} INFO - Processing /home/nicolaspc/anaconda3/envs/mlops_env/lib/python3.12/site-packages/airflow/example_dags/plugins/workday.py took 0.413 seconds
[2024-07-07T23:44:31.771+0500] {processor.py:161} INFO - Started process (PID=20283) to work on /home/nicolaspc/anaconda3/envs/mlops_env/lib/python3.12/site-packages/airflow/example_dags/plugins/workday.py
[2024-07-07T23:44:31.772+0500] {processor.py:830} INFO - Processing file /home/nicolaspc/anaconda3/envs/mlops_env/lib/python3.12/site-packages/airflow/example_dags/plugins/workday.py for tasks to queue
[2024-07-07T23:44:31.772+0500] {logging_mixin.py:188} INFO - [2024-07-07T23:44:31.772+0500] {dagbag.py:545} INFO - Filling up the DagBag from /home/nicolaspc/anaconda3/envs/mlops_env/lib/python3.12/site-packages/airflow/example_dags/plugins/workday.py
[2024-07-07T23:44:32.183+0500] {processor.py:842} WARNING - No viable dags retrieved from /home/nicolaspc/anaconda3/envs/mlops_env/lib/python3.12/site-packages/airflow/example_dags/plugins/workday.py
[2024-07-07T23:44:32.197+0500] {processor.py:183} INFO - Processing /home/nicolaspc/anaconda3/envs/mlops_env/lib/python3.12/site-packages/airflow/example_dags/plugins/workday.py took 0.432 seconds
[2024-07-07T23:45:02.637+0500] {processor.py:161} INFO - Started process (PID=20673) to work on /home/nicolaspc/anaconda3/envs/mlops_env/lib/python3.12/site-packages/airflow/example_dags/plugins/workday.py
[2024-07-07T23:45:02.638+0500] {processor.py:830} INFO - Processing file /home/nicolaspc/anaconda3/envs/mlops_env/lib/python3.12/site-packages/airflow/example_dags/plugins/workday.py for tasks to queue
[2024-07-07T23:45:02.638+0500] {logging_mixin.py:188} INFO - [2024-07-07T23:45:02.638+0500] {dagbag.py:545} INFO - Filling up the DagBag from /home/nicolaspc/anaconda3/envs/mlops_env/lib/python3.12/site-packages/airflow/example_dags/plugins/workday.py
[2024-07-07T23:45:03.080+0500] {processor.py:842} WARNING - No viable dags retrieved from /home/nicolaspc/anaconda3/envs/mlops_env/lib/python3.12/site-packages/airflow/example_dags/plugins/workday.py
[2024-07-07T23:45:03.092+0500] {processor.py:183} INFO - Processing /home/nicolaspc/anaconda3/envs/mlops_env/lib/python3.12/site-packages/airflow/example_dags/plugins/workday.py took 0.461 seconds
[2024-07-07T23:45:33.134+0500] {processor.py:161} INFO - Started process (PID=20984) to work on /home/nicolaspc/anaconda3/envs/mlops_env/lib/python3.12/site-packages/airflow/example_dags/plugins/workday.py
[2024-07-07T23:45:33.135+0500] {processor.py:830} INFO - Processing file /home/nicolaspc/anaconda3/envs/mlops_env/lib/python3.12/site-packages/airflow/example_dags/plugins/workday.py for tasks to queue
[2024-07-07T23:45:33.135+0500] {logging_mixin.py:188} INFO - [2024-07-07T23:45:33.135+0500] {dagbag.py:545} INFO - Filling up the DagBag from /home/nicolaspc/anaconda3/envs/mlops_env/lib/python3.12/site-packages/airflow/example_dags/plugins/workday.py
[2024-07-07T23:45:33.512+0500] {processor.py:842} WARNING - No viable dags retrieved from /home/nicolaspc/anaconda3/envs/mlops_env/lib/python3.12/site-packages/airflow/example_dags/plugins/workday.py
[2024-07-07T23:45:33.527+0500] {processor.py:183} INFO - Processing /home/nicolaspc/anaconda3/envs/mlops_env/lib/python3.12/site-packages/airflow/example_dags/plugins/workday.py took 0.398 seconds
[2024-07-07T23:46:03.871+0500] {processor.py:161} INFO - Started process (PID=21328) to work on /home/nicolaspc/anaconda3/envs/mlops_env/lib/python3.12/site-packages/airflow/example_dags/plugins/workday.py
[2024-07-07T23:46:03.872+0500] {processor.py:830} INFO - Processing file /home/nicolaspc/anaconda3/envs/mlops_env/lib/python3.12/site-packages/airflow/example_dags/plugins/workday.py for tasks to queue
[2024-07-07T23:46:03.872+0500] {logging_mixin.py:188} INFO - [2024-07-07T23:46:03.872+0500] {dagbag.py:545} INFO - Filling up the DagBag from /home/nicolaspc/anaconda3/envs/mlops_env/lib/python3.12/site-packages/airflow/example_dags/plugins/workday.py
[2024-07-07T23:46:04.261+0500] {processor.py:842} WARNING - No viable dags retrieved from /home/nicolaspc/anaconda3/envs/mlops_env/lib/python3.12/site-packages/airflow/example_dags/plugins/workday.py
[2024-07-07T23:46:04.274+0500] {processor.py:183} INFO - Processing /home/nicolaspc/anaconda3/envs/mlops_env/lib/python3.12/site-packages/airflow/example_dags/plugins/workday.py took 0.409 seconds
[2024-07-07T23:46:34.552+0500] {processor.py:161} INFO - Started process (PID=21696) to work on /home/nicolaspc/anaconda3/envs/mlops_env/lib/python3.12/site-packages/airflow/example_dags/plugins/workday.py
[2024-07-07T23:46:34.553+0500] {processor.py:830} INFO - Processing file /home/nicolaspc/anaconda3/envs/mlops_env/lib/python3.12/site-packages/airflow/example_dags/plugins/workday.py for tasks to queue
[2024-07-07T23:46:34.553+0500] {logging_mixin.py:188} INFO - [2024-07-07T23:46:34.553+0500] {dagbag.py:545} INFO - Filling up the DagBag from /home/nicolaspc/anaconda3/envs/mlops_env/lib/python3.12/site-packages/airflow/example_dags/plugins/workday.py
[2024-07-07T23:46:34.975+0500] {processor.py:842} WARNING - No viable dags retrieved from /home/nicolaspc/anaconda3/envs/mlops_env/lib/python3.12/site-packages/airflow/example_dags/plugins/workday.py
[2024-07-07T23:46:34.990+0500] {processor.py:183} INFO - Processing /home/nicolaspc/anaconda3/envs/mlops_env/lib/python3.12/site-packages/airflow/example_dags/plugins/workday.py took 0.444 seconds
[2024-07-07T23:47:05.276+0500] {processor.py:161} INFO - Started process (PID=22026) to work on /home/nicolaspc/anaconda3/envs/mlops_env/lib/python3.12/site-packages/airflow/example_dags/plugins/workday.py
[2024-07-07T23:47:05.277+0500] {processor.py:830} INFO - Processing file /home/nicolaspc/anaconda3/envs/mlops_env/lib/python3.12/site-packages/airflow/example_dags/plugins/workday.py for tasks to queue
[2024-07-07T23:47:05.277+0500] {logging_mixin.py:188} INFO - [2024-07-07T23:47:05.277+0500] {dagbag.py:545} INFO - Filling up the DagBag from /home/nicolaspc/anaconda3/envs/mlops_env/lib/python3.12/site-packages/airflow/example_dags/plugins/workday.py
[2024-07-07T23:47:05.709+0500] {processor.py:842} WARNING - No viable dags retrieved from /home/nicolaspc/anaconda3/envs/mlops_env/lib/python3.12/site-packages/airflow/example_dags/plugins/workday.py
[2024-07-07T23:47:05.723+0500] {processor.py:183} INFO - Processing /home/nicolaspc/anaconda3/envs/mlops_env/lib/python3.12/site-packages/airflow/example_dags/plugins/workday.py took 0.453 seconds
[2024-07-07T23:47:35.800+0500] {processor.py:161} INFO - Started process (PID=22354) to work on /home/nicolaspc/anaconda3/envs/mlops_env/lib/python3.12/site-packages/airflow/example_dags/plugins/workday.py
[2024-07-07T23:47:35.801+0500] {processor.py:830} INFO - Processing file /home/nicolaspc/anaconda3/envs/mlops_env/lib/python3.12/site-packages/airflow/example_dags/plugins/workday.py for tasks to queue
[2024-07-07T23:47:35.801+0500] {logging_mixin.py:188} INFO - [2024-07-07T23:47:35.801+0500] {dagbag.py:545} INFO - Filling up the DagBag from /home/nicolaspc/anaconda3/envs/mlops_env/lib/python3.12/site-packages/airflow/example_dags/plugins/workday.py
[2024-07-07T23:47:36.242+0500] {processor.py:842} WARNING - No viable dags retrieved from /home/nicolaspc/anaconda3/envs/mlops_env/lib/python3.12/site-packages/airflow/example_dags/plugins/workday.py
[2024-07-07T23:47:36.255+0500] {processor.py:183} INFO - Processing /home/nicolaspc/anaconda3/envs/mlops_env/lib/python3.12/site-packages/airflow/example_dags/plugins/workday.py took 0.461 seconds
[2024-07-07T23:48:06.497+0500] {processor.py:161} INFO - Started process (PID=22689) to work on /home/nicolaspc/anaconda3/envs/mlops_env/lib/python3.12/site-packages/airflow/example_dags/plugins/workday.py
[2024-07-07T23:48:06.498+0500] {processor.py:830} INFO - Processing file /home/nicolaspc/anaconda3/envs/mlops_env/lib/python3.12/site-packages/airflow/example_dags/plugins/workday.py for tasks to queue
[2024-07-07T23:48:06.498+0500] {logging_mixin.py:188} INFO - [2024-07-07T23:48:06.498+0500] {dagbag.py:545} INFO - Filling up the DagBag from /home/nicolaspc/anaconda3/envs/mlops_env/lib/python3.12/site-packages/airflow/example_dags/plugins/workday.py
[2024-07-07T23:48:06.895+0500] {processor.py:842} WARNING - No viable dags retrieved from /home/nicolaspc/anaconda3/envs/mlops_env/lib/python3.12/site-packages/airflow/example_dags/plugins/workday.py
[2024-07-07T23:48:06.908+0500] {processor.py:183} INFO - Processing /home/nicolaspc/anaconda3/envs/mlops_env/lib/python3.12/site-packages/airflow/example_dags/plugins/workday.py took 0.417 seconds
[2024-07-07T23:48:37.123+0500] {processor.py:161} INFO - Started process (PID=23053) to work on /home/nicolaspc/anaconda3/envs/mlops_env/lib/python3.12/site-packages/airflow/example_dags/plugins/workday.py
[2024-07-07T23:48:37.124+0500] {processor.py:830} INFO - Processing file /home/nicolaspc/anaconda3/envs/mlops_env/lib/python3.12/site-packages/airflow/example_dags/plugins/workday.py for tasks to queue
[2024-07-07T23:48:37.125+0500] {logging_mixin.py:188} INFO - [2024-07-07T23:48:37.124+0500] {dagbag.py:545} INFO - Filling up the DagBag from /home/nicolaspc/anaconda3/envs/mlops_env/lib/python3.12/site-packages/airflow/example_dags/plugins/workday.py
[2024-07-07T23:48:37.511+0500] {processor.py:842} WARNING - No viable dags retrieved from /home/nicolaspc/anaconda3/envs/mlops_env/lib/python3.12/site-packages/airflow/example_dags/plugins/workday.py
[2024-07-07T23:48:37.525+0500] {processor.py:183} INFO - Processing /home/nicolaspc/anaconda3/envs/mlops_env/lib/python3.12/site-packages/airflow/example_dags/plugins/workday.py took 0.408 seconds
[2024-07-07T23:49:08.260+0500] {processor.py:161} INFO - Started process (PID=23523) to work on /home/nicolaspc/anaconda3/envs/mlops_env/lib/python3.12/site-packages/airflow/example_dags/plugins/workday.py
[2024-07-07T23:49:08.261+0500] {processor.py:830} INFO - Processing file /home/nicolaspc/anaconda3/envs/mlops_env/lib/python3.12/site-packages/airflow/example_dags/plugins/workday.py for tasks to queue
[2024-07-07T23:49:08.262+0500] {logging_mixin.py:188} INFO - [2024-07-07T23:49:08.261+0500] {dagbag.py:545} INFO - Filling up the DagBag from /home/nicolaspc/anaconda3/envs/mlops_env/lib/python3.12/site-packages/airflow/example_dags/plugins/workday.py
[2024-07-07T23:49:08.673+0500] {processor.py:842} WARNING - No viable dags retrieved from /home/nicolaspc/anaconda3/envs/mlops_env/lib/python3.12/site-packages/airflow/example_dags/plugins/workday.py
[2024-07-07T23:49:08.687+0500] {processor.py:183} INFO - Processing /home/nicolaspc/anaconda3/envs/mlops_env/lib/python3.12/site-packages/airflow/example_dags/plugins/workday.py took 0.432 seconds
[2024-07-07T23:49:39.427+0500] {processor.py:161} INFO - Started process (PID=23887) to work on /home/nicolaspc/anaconda3/envs/mlops_env/lib/python3.12/site-packages/airflow/example_dags/plugins/workday.py
[2024-07-07T23:49:39.436+0500] {processor.py:830} INFO - Processing file /home/nicolaspc/anaconda3/envs/mlops_env/lib/python3.12/site-packages/airflow/example_dags/plugins/workday.py for tasks to queue
[2024-07-07T23:49:39.436+0500] {logging_mixin.py:188} INFO - [2024-07-07T23:49:39.436+0500] {dagbag.py:545} INFO - Filling up the DagBag from /home/nicolaspc/anaconda3/envs/mlops_env/lib/python3.12/site-packages/airflow/example_dags/plugins/workday.py
[2024-07-07T23:49:39.852+0500] {processor.py:842} WARNING - No viable dags retrieved from /home/nicolaspc/anaconda3/envs/mlops_env/lib/python3.12/site-packages/airflow/example_dags/plugins/workday.py
[2024-07-07T23:49:39.864+0500] {processor.py:183} INFO - Processing /home/nicolaspc/anaconda3/envs/mlops_env/lib/python3.12/site-packages/airflow/example_dags/plugins/workday.py took 0.442 seconds
