[2024-10-08T23:46:33.492+0500] {local_task_job_runner.py:123} INFO - ::group::Pre task execution logs
[2024-10-08T23:46:33.513+0500] {taskinstance.py:2603} INFO - Dependencies all met for dep_context=non-requeueable deps ti=<TaskInstance: 3_models_NicolasPal.train_lr manual__2024-10-08T18:46:07.961740+00:00 [queued]>
[2024-10-08T23:46:33.527+0500] {taskinstance.py:2603} INFO - Dependencies all met for dep_context=requeueable deps ti=<TaskInstance: 3_models_NicolasPal.train_lr manual__2024-10-08T18:46:07.961740+00:00 [queued]>
[2024-10-08T23:46:33.527+0500] {taskinstance.py:2856} INFO - Starting attempt 1 of 1
[2024-10-08T23:46:33.541+0500] {taskinstance.py:2879} INFO - Executing <Task(PythonOperator): train_lr> on 2024-10-08 18:46:07.961740+00:00
[2024-10-08T23:46:33.556+0500] {logging_mixin.py:190} WARNING - /home/nicolaspc/anaconda3/envs/mlops_env/lib/python3.12/site-packages/***/task/task_runner/standard_task_runner.py:70 DeprecationWarning: This process (pid=63506) is multi-threaded, use of fork() may lead to deadlocks in the child.
[2024-10-08T23:46:33.557+0500] {standard_task_runner.py:72} INFO - Started process 63600 to run task
[2024-10-08T23:46:33.556+0500] {standard_task_runner.py:104} INFO - Running: ['***', 'tasks', 'run', '3_models_NicolasPal', 'train_lr', 'manual__2024-10-08T18:46:07.961740+00:00', '--job-id', '952', '--raw', '--subdir', 'DAGS_FOLDER/project_2.py', '--cfg-path', '/tmp/tmpxqolhxhi']
[2024-10-08T23:46:33.559+0500] {standard_task_runner.py:105} INFO - Job 952: Subtask train_lr
[2024-10-08T23:46:33.620+0500] {task_command.py:467} INFO - Running <TaskInstance: 3_models_NicolasPal.train_lr manual__2024-10-08T18:46:07.961740+00:00 [running]> on host nicolaspc-HP-Pavilion-Laptop-15-eh1xxx
[2024-10-08T23:46:33.705+0500] {taskinstance.py:3122} INFO - Exporting env vars: AIRFLOW_CTX_DAG_OWNER='Nicolas Pal' AIRFLOW_CTX_DAG_ID='3_models_NicolasPal' AIRFLOW_CTX_TASK_ID='train_lr' AIRFLOW_CTX_EXECUTION_DATE='2024-10-08T18:46:07.961740+00:00' AIRFLOW_CTX_TRY_NUMBER='1' AIRFLOW_CTX_DAG_RUN_ID='manual__2024-10-08T18:46:07.961740+00:00'
[2024-10-08T23:46:33.706+0500] {taskinstance.py:731} INFO - ::endgroup::
[2024-10-08T23:46:33.738+0500] {s3.py:1387} INFO - Downloading source S3 file from Bucket test-bucket-nicolas-1 with path NicolasPal/project1/lr/datasets/X_train.pkl
[2024-10-08T23:46:33.960+0500] {base.py:84} INFO - Retrieving connection 's3_connection'
[2024-10-08T23:46:33.961+0500] {connection_wrapper.py:384} INFO - AWS Connection (conn_id='s3_connection', conn_type='aws') credentials retrieved from login and password.
[2024-10-08T23:46:38.717+0500] {s3.py:1387} INFO - Downloading source S3 file from Bucket test-bucket-nicolas-1 with path NicolasPal/project1/lr/datasets/X_test.pkl
[2024-10-08T23:46:39.389+0500] {s3.py:1387} INFO - Downloading source S3 file from Bucket test-bucket-nicolas-1 with path NicolasPal/project1/lr/datasets/X_val.pkl
[2024-10-08T23:46:39.971+0500] {s3.py:1387} INFO - Downloading source S3 file from Bucket test-bucket-nicolas-1 with path NicolasPal/project1/lr/datasets/y_train.pkl
[2024-10-08T23:46:40.765+0500] {s3.py:1387} INFO - Downloading source S3 file from Bucket test-bucket-nicolas-1 with path NicolasPal/project1/lr/datasets/y_test.pkl
[2024-10-08T23:46:41.398+0500] {s3.py:1387} INFO - Downloading source S3 file from Bucket test-bucket-nicolas-1 with path NicolasPal/project1/lr/datasets/y_val.pkl
[2024-10-08T23:46:41.940+0500] {project_2.py:182} INFO - Данные для обучения модели из S3 загружены
[2024-10-08T23:46:42.091+0500] {migration.py:216} INFO - Context impl PostgresqlImpl.
[2024-10-08T23:46:42.091+0500] {migration.py:219} INFO - Will assume transactional DDL.
[2024-10-08T23:46:44.802+0500] {credentials.py:1147} INFO - Found credentials in environment variables.
[2024-10-08T23:46:47.948+0500] {logging_mixin.py:190} WARNING - Registered model 'sk-learn-lr-reg-model' already exists. Creating a new version of this model...
[2024-10-08T23:46:47.969+0500] {logging_mixin.py:190} WARNING - Created version '5' of model 'sk-learn-lr-reg-model'.
[2024-10-08T23:46:49.849+0500] {logging_mixin.py:190} WARNING - 2024/10/08 23:46:49 INFO mlflow.models.evaluation.default_evaluator: Computing model predictions.
[2024-10-08T23:46:49.871+0500] {logging_mixin.py:190} WARNING - /home/nicolaspc/anaconda3/envs/mlops_env/lib/python3.12/site-packages/sklearn/metrics/_regression.py:492 FutureWarning: 'squared' is deprecated in version 1.4 and will be removed in 1.6. To calculate the root mean squared error, use the function'root_mean_squared_error'.
[2024-10-08T23:46:49.874+0500] {logging_mixin.py:190} WARNING - 2024/10/08 23:46:49 INFO mlflow.models.evaluation.default_evaluator: Testing metrics on first row...
[2024-10-08T23:46:49.876+0500] {logging_mixin.py:190} WARNING - 2024/10/08 23:46:49 WARNING mlflow.models.evaluation.default_evaluator: SHAP or matplotlib package is not installed, so model explainability insights will not be logged.
[2024-10-08T23:46:49.900+0500] {project_2.py:222} INFO - Модели обучены, метрики сохранены
[2024-10-08T23:46:49.903+0500] {python.py:240} INFO - Done. Returned value was: {'start_tiemstamp': '20241008 23:46', 'experiment_id': '170', 'parent_run_id': '87d4bcf76a274503a104922c1dc1e6bf', 'get_data_start': '20241008 23:46', 'get_data_end': '20241008 23:46', 'data_shape': [20640, 9], 'prepare_data_start': '20241008 23:46', 'prepare_data_end': '20241008 23:46', 'features_name': ['MedInc', 'HouseAge', 'AveRooms', 'AveBedrms', 'Population', 'AveOccup', 'Latitude', 'Longitude'], 'train_model_end': '20241008 23:46'}
[2024-10-08T23:46:49.934+0500] {taskinstance.py:340} INFO - ::group::Post task execution logs
[2024-10-08T23:46:49.934+0500] {taskinstance.py:352} INFO - Marking task as SUCCESS. dag_id=3_models_NicolasPal, task_id=train_lr, run_id=manual__2024-10-08T18:46:07.961740+00:00, execution_date=20241008T184607, start_date=20241008T184633, end_date=20241008T184649
[2024-10-08T23:46:50.017+0500] {local_task_job_runner.py:261} INFO - Task exited with return code 0
[2024-10-08T23:46:50.030+0500] {local_task_job_runner.py:240} INFO - ::endgroup::
