[2024-10-02T19:19:59.078+0500] {local_task_job_runner.py:123} INFO - ::group::Pre task execution logs
[2024-10-02T19:19:59.096+0500] {taskinstance.py:2603} INFO - Dependencies all met for dep_context=non-requeueable deps ti=<TaskInstance: hgb_train.train_model manual__2024-10-02T14:19:46.925318+00:00 [queued]>
[2024-10-02T19:19:59.104+0500] {taskinstance.py:2603} INFO - Dependencies all met for dep_context=requeueable deps ti=<TaskInstance: hgb_train.train_model manual__2024-10-02T14:19:46.925318+00:00 [queued]>
[2024-10-02T19:19:59.104+0500] {taskinstance.py:2856} INFO - Starting attempt 1 of 1
[2024-10-02T19:19:59.115+0500] {taskinstance.py:2879} INFO - Executing <Task(PythonOperator): train_model> on 2024-10-02 14:19:46.925318+00:00
[2024-10-02T19:19:59.129+0500] {logging_mixin.py:190} WARNING - /home/nicolaspc/anaconda3/envs/mlops_env/lib/python3.12/site-packages/***/task/task_runner/standard_task_runner.py:70 DeprecationWarning: This process (pid=20415) is multi-threaded, use of fork() may lead to deadlocks in the child.
[2024-10-02T19:19:59.130+0500] {standard_task_runner.py:72} INFO - Started process 20487 to run task
[2024-10-02T19:19:59.130+0500] {standard_task_runner.py:104} INFO - Running: ['***', 'tasks', 'run', 'hgb_train', 'train_model', 'manual__2024-10-02T14:19:46.925318+00:00', '--job-id', '503', '--raw', '--subdir', 'DAGS_FOLDER/.ipynb_checkpoints/train_models-checkpoint.py', '--cfg-path', '/tmp/tmp73ee_phs']
[2024-10-02T19:19:59.131+0500] {standard_task_runner.py:105} INFO - Job 503: Subtask train_model
[2024-10-02T19:19:59.187+0500] {task_command.py:467} INFO - Running <TaskInstance: hgb_train.train_model manual__2024-10-02T14:19:46.925318+00:00 [running]> on host nicolaspc-HP-Pavilion-Laptop-15-eh1xxx
[2024-10-02T19:19:59.268+0500] {taskinstance.py:3122} INFO - Exporting env vars: AIRFLOW_CTX_DAG_OWNER='Nicolas Pal' AIRFLOW_CTX_DAG_ID='hgb_train' AIRFLOW_CTX_TASK_ID='train_model' AIRFLOW_CTX_EXECUTION_DATE='2024-10-02T14:19:46.925318+00:00' AIRFLOW_CTX_TRY_NUMBER='1' AIRFLOW_CTX_DAG_RUN_ID='manual__2024-10-02T14:19:46.925318+00:00'
[2024-10-02T19:19:59.269+0500] {taskinstance.py:731} INFO - ::endgroup::
[2024-10-02T19:19:59.295+0500] {s3.py:1387} INFO - Downloading source S3 file from Bucket test-bucket-nicolas-1 with path dataset/X_train.pkl
[2024-10-02T19:19:59.309+0500] {base.py:84} INFO - Retrieving connection 'aws_default'
[2024-10-02T19:19:59.309+0500] {connection_wrapper.py:384} INFO - AWS Connection (conn_id='aws_default', conn_type='aws') credentials retrieved from login and password.
[2024-10-02T19:20:12.693+0500] {s3.py:1387} INFO - Downloading source S3 file from Bucket test-bucket-nicolas-1 with path dataset/X_test.pkl
[2024-10-02T19:20:13.348+0500] {s3.py:1387} INFO - Downloading source S3 file from Bucket test-bucket-nicolas-1 with path dataset/y_train.pkl
[2024-10-02T19:20:14.208+0500] {s3.py:1387} INFO - Downloading source S3 file from Bucket test-bucket-nicolas-1 with path dataset/y_test.pkl
[2024-10-02T19:20:14.623+0500] {train_models-checkpoint.py:112} INFO - Данные загружены
[2024-10-02T19:20:15.073+0500] {python.py:240} INFO - Done. Returned value was: {'model': 'hgb', 'start_timestamp': '20241002 19:19', 'data_download_start': '20241002 19:19', 'data_download_end': '20241002 19:19', 'data_shape': [20640, 9], 'train_start': '20241002 19:20', 'train_end': '20241002 19:20', 'R^2_score': 0.8347401617991324, 'rmse': 0.46535790067544297, 'mae': 0.20035641542642968}
[2024-10-02T19:20:15.116+0500] {taskinstance.py:340} INFO - ::group::Post task execution logs
[2024-10-02T19:20:15.117+0500] {taskinstance.py:352} INFO - Marking task as SUCCESS. dag_id=hgb_train, task_id=train_model, run_id=manual__2024-10-02T14:19:46.925318+00:00, execution_date=20241002T141946, start_date=20241002T141959, end_date=20241002T142015
[2024-10-02T19:20:15.188+0500] {local_task_job_runner.py:261} INFO - Task exited with return code 0
[2024-10-02T19:20:15.211+0500] {taskinstance.py:3891} INFO - 1 downstream tasks scheduled from follow-on schedule check
[2024-10-02T19:20:15.215+0500] {local_task_job_runner.py:240} INFO - ::endgroup::
