[2024-08-12T13:20:28.454+0500] {local_task_job_runner.py:120} INFO - ::group::Pre task execution logs
[2024-08-12T13:20:28.472+0500] {taskinstance.py:2076} INFO - Dependencies all met for dep_context=non-requeueable deps ti=<TaskInstance: rf_train.save_results scheduled__2024-08-11T01:00:00+00:00 [queued]>
[2024-08-12T13:20:28.481+0500] {taskinstance.py:2076} INFO - Dependencies all met for dep_context=requeueable deps ti=<TaskInstance: rf_train.save_results scheduled__2024-08-11T01:00:00+00:00 [queued]>
[2024-08-12T13:20:28.481+0500] {taskinstance.py:2306} INFO - Starting attempt 1 of 1
[2024-08-12T13:20:28.494+0500] {taskinstance.py:2330} INFO - Executing <Task(PythonOperator): save_results> on 2024-08-11 01:00:00+00:00
[2024-08-12T13:20:28.506+0500] {standard_task_runner.py:90} INFO - Running: ['airflow', 'tasks', 'run', 'rf_train', 'save_results', 'scheduled__2024-08-11T01:00:00+00:00', '--job-id', '253', '--raw', '--subdir', 'DAGS_FOLDER/train_models.py', '--cfg-path', '/tmp/tmpvztrlb2w']
[2024-08-12T13:20:28.508+0500] {standard_task_runner.py:91} INFO - Job 253: Subtask save_results
[2024-08-12T13:20:28.508+0500] {logging_mixin.py:188} WARNING - /home/nicolaspc/anaconda3/envs/mlops_env/lib/python3.12/site-packages/airflow/task/task_runner/standard_task_runner.py:62 DeprecationWarning: This process (pid=15184) is multi-threaded, use of fork() may lead to deadlocks in the child.
[2024-08-12T13:20:28.509+0500] {standard_task_runner.py:64} INFO - Started process 15211 to run task
[2024-08-12T13:20:28.561+0500] {task_command.py:426} INFO - Running <TaskInstance: rf_train.save_results scheduled__2024-08-11T01:00:00+00:00 [running]> on host nicolaspc-HP-Pavilion-Laptop-15-eh1xxx
[2024-08-12T13:20:28.654+0500] {taskinstance.py:2648} INFO - Exporting env vars: AIRFLOW_CTX_DAG_OWNER='Nicolas Pal' AIRFLOW_CTX_DAG_ID='rf_train' AIRFLOW_CTX_TASK_ID='save_results' AIRFLOW_CTX_EXECUTION_DATE='2024-08-11T01:00:00+00:00' AIRFLOW_CTX_TRY_NUMBER='1' AIRFLOW_CTX_DAG_RUN_ID='scheduled__2024-08-11T01:00:00+00:00'
[2024-08-12T13:20:28.655+0500] {taskinstance.py:430} INFO - ::endgroup::
[2024-08-12T13:20:28.696+0500] {base.py:84} INFO - Using connection ID 'aws_default' for task execution.
[2024-08-12T13:20:28.696+0500] {connection_wrapper.py:384} INFO - AWS Connection (conn_id='aws_default', conn_type='aws') credentials retrieved from login and password.
[2024-08-12T13:20:29.700+0500] {python.py:237} INFO - Done. Returned value was: None
[2024-08-12T13:20:29.700+0500] {taskinstance.py:441} INFO - ::group::Post task execution logs
[2024-08-12T13:20:29.712+0500] {taskinstance.py:1206} INFO - Marking task as SUCCESS. dag_id=rf_train, task_id=save_results, run_id=scheduled__2024-08-11T01:00:00+00:00, execution_date=20240811T010000, start_date=20240812T082028, end_date=20240812T082029
[2024-08-12T13:20:29.767+0500] {local_task_job_runner.py:243} INFO - Task exited with return code 0
[2024-08-12T13:20:29.786+0500] {taskinstance.py:3503} INFO - 0 downstream tasks scheduled from follow-on schedule check
[2024-08-12T13:20:29.789+0500] {local_task_job_runner.py:222} INFO - ::endgroup::
