[2024-08-21T12:54:02.767+0500] {local_task_job_runner.py:123} INFO - ::group::Pre task execution logs
[2024-08-21T12:54:02.787+0500] {taskinstance.py:2603} INFO - Dependencies all met for dep_context=non-requeueable deps ti=<TaskInstance: 3_models_dag.train_hgb manual__2024-08-21T07:53:46.188493+00:00 [queued]>
[2024-08-21T12:54:02.797+0500] {taskinstance.py:2603} INFO - Dependencies all met for dep_context=requeueable deps ti=<TaskInstance: 3_models_dag.train_hgb manual__2024-08-21T07:53:46.188493+00:00 [queued]>
[2024-08-21T12:54:02.797+0500] {taskinstance.py:2856} INFO - Starting attempt 1 of 1
[2024-08-21T12:54:02.811+0500] {taskinstance.py:2879} INFO - Executing <Task(PythonOperator): train_hgb> on 2024-08-21 07:53:46.188493+00:00
[2024-08-21T12:54:02.827+0500] {logging_mixin.py:190} WARNING - /home/nicolaspc/anaconda3/envs/mlops_env/lib/python3.12/site-packages/***/task/task_runner/standard_task_runner.py:70 DeprecationWarning: This process (pid=7821) is multi-threaded, use of fork() may lead to deadlocks in the child.
[2024-08-21T12:54:02.828+0500] {standard_task_runner.py:72} INFO - Started process 7933 to run task
[2024-08-21T12:54:02.826+0500] {standard_task_runner.py:104} INFO - Running: ['***', 'tasks', 'run', '3_models_dag', 'train_hgb', 'manual__2024-08-21T07:53:46.188493+00:00', '--job-id', '94', '--raw', '--subdir', 'DAGS_FOLDER/.ipynb_checkpoints/homework_stepik-checkpoint.py', '--cfg-path', '/tmp/tmpyuv1gr_n']
[2024-08-21T12:54:02.828+0500] {standard_task_runner.py:105} INFO - Job 94: Subtask train_hgb
[2024-08-21T12:54:02.891+0500] {task_command.py:467} INFO - Running <TaskInstance: 3_models_dag.train_hgb manual__2024-08-21T07:53:46.188493+00:00 [running]> on host nicolaspc-HP-Pavilion-Laptop-15-eh1xxx
[2024-08-21T12:54:02.991+0500] {taskinstance.py:3122} INFO - Exporting env vars: AIRFLOW_CTX_DAG_OWNER='Nicolas Pal' AIRFLOW_CTX_DAG_ID='3_models_dag' AIRFLOW_CTX_TASK_ID='train_hgb' AIRFLOW_CTX_EXECUTION_DATE='2024-08-21T07:53:46.188493+00:00' AIRFLOW_CTX_TRY_NUMBER='1' AIRFLOW_CTX_DAG_RUN_ID='manual__2024-08-21T07:53:46.188493+00:00'
[2024-08-21T12:54:02.992+0500] {taskinstance.py:731} INFO - ::endgroup::
[2024-08-21T12:54:03.018+0500] {s3.py:1387} INFO - Downloading source S3 file from Bucket test-bucket-nicolas-1 with path dataset/X_train.pkl
[2024-08-21T12:54:03.034+0500] {base.py:84} INFO - Retrieving connection 'aws_default'
[2024-08-21T12:54:03.034+0500] {connection_wrapper.py:384} INFO - AWS Connection (conn_id='aws_default', conn_type='aws') credentials retrieved from login and password.
[2024-08-21T12:54:04.631+0500] {s3.py:1387} INFO - Downloading source S3 file from Bucket test-bucket-nicolas-1 with path dataset/X_test.pkl
[2024-08-21T12:54:05.097+0500] {s3.py:1387} INFO - Downloading source S3 file from Bucket test-bucket-nicolas-1 with path dataset/y_train.pkl
[2024-08-21T12:54:05.568+0500] {s3.py:1387} INFO - Downloading source S3 file from Bucket test-bucket-nicolas-1 with path dataset/y_test.pkl
[2024-08-21T12:54:06.014+0500] {homework_stepik-checkpoint.py:140} INFO - Данные загружены
[2024-08-21T12:54:06.379+0500] {python.py:240} INFO - Done. Returned value was: {'start_tiemstamp': '20240821 12:53', 'data_download_start': '20240821 12:53', 'data_download_end': '20240821 12:53', 'data_preparation_end': '20240821 12:54', 'hgb_train_start': '20240821 12:54', 'hgb_train_end': '20240821 12:54', 'hgb_R^2_score': 0.8363232868470649, 'hgb_rmse': 0.46312356282591194, 'hgb_mae': 0.20266429338569902}
[2024-08-21T12:54:06.414+0500] {taskinstance.py:340} INFO - ::group::Post task execution logs
[2024-08-21T12:54:06.415+0500] {taskinstance.py:352} INFO - Marking task as SUCCESS. dag_id=3_models_dag, task_id=train_hgb, run_id=manual__2024-08-21T07:53:46.188493+00:00, execution_date=20240821T075346, start_date=20240821T075402, end_date=20240821T075406
[2024-08-21T12:54:06.454+0500] {local_task_job_runner.py:261} INFO - Task exited with return code 0
[2024-08-21T12:54:06.475+0500] {taskinstance.py:3891} INFO - 0 downstream tasks scheduled from follow-on schedule check
[2024-08-21T12:54:06.479+0500] {local_task_job_runner.py:240} INFO - ::endgroup::
