[2024-09-19T08:08:36.038+0500] {local_task_job_runner.py:123} INFO - ::group::Pre task execution logs
[2024-09-19T08:08:36.057+0500] {taskinstance.py:2603} INFO - Dependencies all met for dep_context=non-requeueable deps ti=<TaskInstance: train.prepare_data scheduled__2024-08-21T01:00:00+00:00 [queued]>
[2024-09-19T08:08:36.064+0500] {taskinstance.py:2603} INFO - Dependencies all met for dep_context=requeueable deps ti=<TaskInstance: train.prepare_data scheduled__2024-08-21T01:00:00+00:00 [queued]>
[2024-09-19T08:08:36.065+0500] {taskinstance.py:2856} INFO - Starting attempt 1 of 1
[2024-09-19T08:08:36.096+0500] {taskinstance.py:2879} INFO - Executing <Task(PythonOperator): prepare_data> on 2024-08-21 01:00:00+00:00
[2024-09-19T08:08:36.112+0500] {logging_mixin.py:190} WARNING - /home/nicolaspc/anaconda3/envs/mlops_env/lib/python3.12/site-packages/***/task/task_runner/standard_task_runner.py:70 DeprecationWarning: This process (pid=6384) is multi-threaded, use of fork() may lead to deadlocks in the child.
[2024-09-19T08:08:36.113+0500] {standard_task_runner.py:72} INFO - Started process 6469 to run task
[2024-09-19T08:08:36.113+0500] {standard_task_runner.py:104} INFO - Running: ['***', 'tasks', 'run', 'train', 'prepare_data', 'scheduled__2024-08-21T01:00:00+00:00', '--job-id', '257', '--raw', '--subdir', 'DAGS_FOLDER/.ipynb_checkpoints/train_dag-checkpoint.py', '--cfg-path', '/tmp/tmpaia_tc3a']
[2024-09-19T08:08:36.114+0500] {standard_task_runner.py:105} INFO - Job 257: Subtask prepare_data
[2024-09-19T08:08:36.170+0500] {task_command.py:467} INFO - Running <TaskInstance: train.prepare_data scheduled__2024-08-21T01:00:00+00:00 [running]> on host nicolaspc-HP-Pavilion-Laptop-15-eh1xxx
[2024-09-19T08:08:36.260+0500] {taskinstance.py:3122} INFO - Exporting env vars: AIRFLOW_CTX_DAG_OWNER='Nicolas Pal' AIRFLOW_CTX_DAG_ID='train' AIRFLOW_CTX_TASK_ID='prepare_data' AIRFLOW_CTX_EXECUTION_DATE='2024-08-21T01:00:00+00:00' AIRFLOW_CTX_TRY_NUMBER='1' AIRFLOW_CTX_DAG_RUN_ID='scheduled__2024-08-21T01:00:00+00:00'
[2024-09-19T08:08:36.261+0500] {taskinstance.py:731} INFO - ::endgroup::
[2024-09-19T08:08:36.271+0500] {s3.py:1387} INFO - Downloading source S3 file from Bucket test-bucket-nicolas-1 with path datasets/california_housing.pkl
[2024-09-19T08:08:36.291+0500] {base.py:84} INFO - Retrieving connection 'aws_default'
[2024-09-19T08:08:36.291+0500] {connection_wrapper.py:384} INFO - AWS Connection (conn_id='aws_default', conn_type='aws') credentials retrieved from login and password.
[2024-09-19T08:08:41.080+0500] {train_dag-checkpoint.py:117} INFO - Data preparation finished.
[2024-09-19T08:08:41.084+0500] {python.py:240} INFO - Done. Returned value was: None
[2024-09-19T08:08:41.098+0500] {taskinstance.py:340} INFO - ::group::Post task execution logs
[2024-09-19T08:08:41.098+0500] {taskinstance.py:352} INFO - Marking task as SUCCESS. dag_id=train, task_id=prepare_data, run_id=scheduled__2024-08-21T01:00:00+00:00, execution_date=20240821T010000, start_date=20240919T030836, end_date=20240919T030841
[2024-09-19T08:08:41.152+0500] {local_task_job_runner.py:261} INFO - Task exited with return code 0
[2024-09-19T08:08:41.176+0500] {taskinstance.py:3891} INFO - 1 downstream tasks scheduled from follow-on schedule check
[2024-09-19T08:08:41.179+0500] {local_task_job_runner.py:240} INFO - ::endgroup::
