[2024-08-19T17:52:01.880+0500] {local_task_job_runner.py:123} INFO - ::group::Pre task execution logs
[2024-08-19T17:52:01.899+0500] {taskinstance.py:2603} INFO - Dependencies all met for dep_context=non-requeueable deps ti=<TaskInstance: 3_models_dag.get_data manual__2024-08-19T12:51:58.751130+00:00 [queued]>
[2024-08-19T17:52:01.905+0500] {taskinstance.py:2603} INFO - Dependencies all met for dep_context=requeueable deps ti=<TaskInstance: 3_models_dag.get_data manual__2024-08-19T12:51:58.751130+00:00 [queued]>
[2024-08-19T17:52:01.906+0500] {taskinstance.py:2856} INFO - Starting attempt 1 of 1
[2024-08-19T17:52:01.921+0500] {taskinstance.py:2879} INFO - Executing <Task(PythonOperator): get_data> on 2024-08-19 12:51:58.751130+00:00
[2024-08-19T17:52:01.932+0500] {logging_mixin.py:190} WARNING - /home/nicolaspc/anaconda3/envs/mlops_env/lib/python3.12/site-packages/***/task/task_runner/standard_task_runner.py:70 DeprecationWarning: This process (pid=21058) is multi-threaded, use of fork() may lead to deadlocks in the child.
[2024-08-19T17:52:01.933+0500] {standard_task_runner.py:72} INFO - Started process 21081 to run task
[2024-08-19T17:52:01.933+0500] {standard_task_runner.py:104} INFO - Running: ['***', 'tasks', 'run', '3_models_dag', 'get_data', 'manual__2024-08-19T12:51:58.751130+00:00', '--job-id', '36', '--raw', '--subdir', 'DAGS_FOLDER/.ipynb_checkpoints/train_models-2-checkpoint.py', '--cfg-path', '/tmp/tmp8g65swpw']
[2024-08-19T17:52:01.935+0500] {standard_task_runner.py:105} INFO - Job 36: Subtask get_data
[2024-08-19T17:52:01.987+0500] {task_command.py:467} INFO - Running <TaskInstance: 3_models_dag.get_data manual__2024-08-19T12:51:58.751130+00:00 [running]> on host nicolaspc-HP-Pavilion-Laptop-15-eh1xxx
[2024-08-19T17:52:02.072+0500] {taskinstance.py:3122} INFO - Exporting env vars: AIRFLOW_CTX_DAG_OWNER='Nicolas Pal' AIRFLOW_CTX_DAG_ID='3_models_dag' AIRFLOW_CTX_TASK_ID='get_data' AIRFLOW_CTX_EXECUTION_DATE='2024-08-19T12:51:58.751130+00:00' AIRFLOW_CTX_TRY_NUMBER='1' AIRFLOW_CTX_DAG_RUN_ID='manual__2024-08-19T12:51:58.751130+00:00'
[2024-08-19T17:52:02.073+0500] {taskinstance.py:731} INFO - ::endgroup::
[2024-08-19T17:52:02.112+0500] {base.py:84} INFO - Retrieving connection 'pg_connection'
[2024-08-19T17:52:02.123+0500] {logging_mixin.py:190} WARNING - /home/nicolaspc/***/dags/.ipynb_checkpoints/train_models-2-checkpoint.py:69 UserWarning: pandas only supports SQLAlchemy connectable (engine/connection) or database string URI or sqlite3 DBAPI2 connection. Other DBAPI2 objects are not tested. Please consider using SQLAlchemy.
[2024-08-19T17:52:02.207+0500] {python.py:240} INFO - Done. Returned value was: {'start_tiemstamp': '20240819 17:52', 'data_download_start': '20240819 17:52'}
[2024-08-19T17:52:02.245+0500] {taskinstance.py:340} INFO - ::group::Post task execution logs
[2024-08-19T17:52:02.245+0500] {taskinstance.py:352} INFO - Marking task as SUCCESS. dag_id=3_models_dag, task_id=get_data, run_id=manual__2024-08-19T12:51:58.751130+00:00, execution_date=20240819T125158, start_date=20240819T125201, end_date=20240819T125202
[2024-08-19T17:52:02.267+0500] {local_task_job_runner.py:261} INFO - Task exited with return code 0
[2024-08-19T17:52:02.293+0500] {taskinstance.py:3891} INFO - 1 downstream tasks scheduled from follow-on schedule check
[2024-08-19T17:52:02.296+0500] {local_task_job_runner.py:240} INFO - ::endgroup::
