[2024-09-19T08:08:28.656+0500] {local_task_job_runner.py:123} INFO - ::group::Pre task execution logs
[2024-09-19T08:08:28.677+0500] {taskinstance.py:2603} INFO - Dependencies all met for dep_context=non-requeueable deps ti=<TaskInstance: train.init scheduled__2024-09-18T01:00:00+00:00 [queued]>
[2024-09-19T08:08:28.686+0500] {taskinstance.py:2603} INFO - Dependencies all met for dep_context=requeueable deps ti=<TaskInstance: train.init scheduled__2024-09-18T01:00:00+00:00 [queued]>
[2024-09-19T08:08:28.687+0500] {taskinstance.py:2856} INFO - Starting attempt 1 of 1
[2024-09-19T08:08:28.704+0500] {taskinstance.py:2879} INFO - Executing <Task(PythonOperator): init> on 2024-09-18 01:00:00+00:00
[2024-09-19T08:08:28.721+0500] {logging_mixin.py:190} WARNING - /home/nicolaspc/anaconda3/envs/mlops_env/lib/python3.12/site-packages/***/task/task_runner/standard_task_runner.py:70 DeprecationWarning: This process (pid=5714) is multi-threaded, use of fork() may lead to deadlocks in the child.
[2024-09-19T08:08:28.722+0500] {standard_task_runner.py:72} INFO - Started process 5877 to run task
[2024-09-19T08:08:28.721+0500] {standard_task_runner.py:104} INFO - Running: ['***', 'tasks', 'run', 'train', 'init', 'scheduled__2024-09-18T01:00:00+00:00', '--job-id', '246', '--raw', '--subdir', 'DAGS_FOLDER/train_dag.py', '--cfg-path', '/tmp/tmp024c1ks3']
[2024-09-19T08:08:28.723+0500] {standard_task_runner.py:105} INFO - Job 246: Subtask init
[2024-09-19T08:08:28.796+0500] {task_command.py:467} INFO - Running <TaskInstance: train.init scheduled__2024-09-18T01:00:00+00:00 [running]> on host nicolaspc-HP-Pavilion-Laptop-15-eh1xxx
[2024-09-19T08:08:28.916+0500] {taskinstance.py:3122} INFO - Exporting env vars: AIRFLOW_CTX_DAG_OWNER='Nicolas Pal' AIRFLOW_CTX_DAG_ID='train' AIRFLOW_CTX_TASK_ID='init' AIRFLOW_CTX_EXECUTION_DATE='2024-09-18T01:00:00+00:00' AIRFLOW_CTX_TRY_NUMBER='1' AIRFLOW_CTX_DAG_RUN_ID='scheduled__2024-09-18T01:00:00+00:00'
[2024-09-19T08:08:28.918+0500] {taskinstance.py:731} INFO - ::endgroup::
[2024-09-19T08:08:28.968+0500] {base.py:84} INFO - Retrieving connection 'aws_default'
[2024-09-19T08:08:28.968+0500] {connection_wrapper.py:384} INFO - AWS Connection (conn_id='aws_default', conn_type='aws') credentials retrieved from login and password.
[2024-09-19T08:08:31.477+0500] {train_dag.py:84} INFO - Data download finished.
[2024-09-19T08:08:31.478+0500] {python.py:240} INFO - Done. Returned value was: None
[2024-09-19T08:08:31.494+0500] {taskinstance.py:340} INFO - ::group::Post task execution logs
[2024-09-19T08:08:31.494+0500] {taskinstance.py:352} INFO - Marking task as SUCCESS. dag_id=train, task_id=init, run_id=scheduled__2024-09-18T01:00:00+00:00, execution_date=20240918T010000, start_date=20240919T030828, end_date=20240919T030831
[2024-09-19T08:08:31.533+0500] {local_task_job_runner.py:261} INFO - Task exited with return code 0
[2024-09-19T08:08:31.562+0500] {taskinstance.py:3891} INFO - 1 downstream tasks scheduled from follow-on schedule check
[2024-09-19T08:08:31.570+0500] {local_task_job_runner.py:240} INFO - ::endgroup::
