[2024-08-21T22:01:51.488+0500] {local_task_job_runner.py:123} INFO - ::group::Pre task execution logs
[2024-08-21T22:01:51.511+0500] {taskinstance.py:2603} INFO - Dependencies all met for dep_context=non-requeueable deps ti=<TaskInstance: 3_models_dag_home_2.train_rf scheduled__2024-08-20T01:00:00+00:00 [queued]>
[2024-08-21T22:01:51.520+0500] {taskinstance.py:2603} INFO - Dependencies all met for dep_context=requeueable deps ti=<TaskInstance: 3_models_dag_home_2.train_rf scheduled__2024-08-20T01:00:00+00:00 [queued]>
[2024-08-21T22:01:51.521+0500] {taskinstance.py:2856} INFO - Starting attempt 1 of 1
[2024-08-21T22:01:51.538+0500] {taskinstance.py:2879} INFO - Executing <Task(PythonOperator): train_rf> on 2024-08-20 01:00:00+00:00
[2024-08-21T22:01:51.557+0500] {logging_mixin.py:190} WARNING - /home/nicolaspc/anaconda3/envs/mlops_env/lib/python3.12/site-packages/***/task/task_runner/standard_task_runner.py:70 DeprecationWarning: This process (pid=339172) is multi-threaded, use of fork() may lead to deadlocks in the child.
[2024-08-21T22:01:51.558+0500] {standard_task_runner.py:72} INFO - Started process 339338 to run task
[2024-08-21T22:01:51.557+0500] {standard_task_runner.py:104} INFO - Running: ['***', 'tasks', 'run', '3_models_dag_home_2', 'train_rf', 'scheduled__2024-08-20T01:00:00+00:00', '--job-id', '222', '--raw', '--subdir', 'DAGS_FOLDER/homework_stepik_2.py', '--cfg-path', '/tmp/tmptj09r6tr']
[2024-08-21T22:01:51.559+0500] {standard_task_runner.py:105} INFO - Job 222: Subtask train_rf
[2024-08-21T22:01:51.643+0500] {task_command.py:467} INFO - Running <TaskInstance: 3_models_dag_home_2.train_rf scheduled__2024-08-20T01:00:00+00:00 [running]> on host nicolaspc-HP-Pavilion-Laptop-15-eh1xxx
[2024-08-21T22:01:51.785+0500] {taskinstance.py:3122} INFO - Exporting env vars: AIRFLOW_CTX_DAG_OWNER='Nicolas Pal' AIRFLOW_CTX_DAG_ID='3_models_dag_home_2' AIRFLOW_CTX_TASK_ID='train_rf' AIRFLOW_CTX_EXECUTION_DATE='2024-08-20T01:00:00+00:00' AIRFLOW_CTX_TRY_NUMBER='1' AIRFLOW_CTX_DAG_RUN_ID='scheduled__2024-08-20T01:00:00+00:00'
[2024-08-21T22:01:51.787+0500] {taskinstance.py:731} INFO - ::endgroup::
[2024-08-21T22:01:51.841+0500] {s3.py:1387} INFO - Downloading source S3 file from Bucket test-bucket-nicolas-1 with path dataset/X_train.pkl
[2024-08-21T22:01:51.858+0500] {base.py:84} INFO - Retrieving connection 'aws_default'
[2024-08-21T22:01:51.858+0500] {connection_wrapper.py:384} INFO - AWS Connection (conn_id='aws_default', conn_type='aws') credentials retrieved from login and password.
[2024-08-21T22:01:54.569+0500] {s3.py:1387} INFO - Downloading source S3 file from Bucket test-bucket-nicolas-1 with path dataset/X_test.pkl
[2024-08-21T22:01:55.123+0500] {s3.py:1387} INFO - Downloading source S3 file from Bucket test-bucket-nicolas-1 with path dataset/y_train.pkl
[2024-08-21T22:01:57.508+0500] {s3.py:1387} INFO - Downloading source S3 file from Bucket test-bucket-nicolas-1 with path dataset/y_test.pkl
[2024-08-21T22:01:57.934+0500] {homework_stepik_2.py:212} INFO - Данные загружены
[2024-08-21T22:02:12.184+0500] {credentials.py:1147} INFO - Found credentials in environment variables.
[2024-08-21T22:04:32.960+0500] {connectionpool.py:330} WARNING - Connection pool is full, discarding connection: s3.eu-north-1.amazonaws.com. Connection pool size: 10
[2024-08-21T22:04:35.991+0500] {connectionpool.py:330} WARNING - Connection pool is full, discarding connection: s3.eu-north-1.amazonaws.com. Connection pool size: 10
[2024-08-21T22:04:37.297+0500] {connectionpool.py:330} WARNING - Connection pool is full, discarding connection: s3.eu-north-1.amazonaws.com. Connection pool size: 10
[2024-08-21T22:04:37.915+0500] {logging_mixin.py:190} WARNING - 2024/08/21 22:04:37 INFO mlflow.models.evaluation.default_evaluator: Computing model predictions.
[2024-08-21T22:04:37.999+0500] {logging_mixin.py:190} WARNING - /home/nicolaspc/anaconda3/envs/mlops_env/lib/python3.12/site-packages/sklearn/base.py:486 UserWarning: X has feature names, but RandomForestRegressor was fitted without feature names
[2024-08-21T22:04:38.081+0500] {logging_mixin.py:190} WARNING - /home/nicolaspc/anaconda3/envs/mlops_env/lib/python3.12/site-packages/sklearn/metrics/_regression.py:492 FutureWarning: 'squared' is deprecated in version 1.4 and will be removed in 1.6. To calculate the root mean squared error, use the function'root_mean_squared_error'.
[2024-08-21T22:04:38.083+0500] {logging_mixin.py:190} WARNING - 2024/08/21 22:04:38 INFO mlflow.models.evaluation.default_evaluator: Testing metrics on first row...
[2024-08-21T22:04:38.084+0500] {logging_mixin.py:190} WARNING - 2024/08/21 22:04:38 WARNING mlflow.models.evaluation.default_evaluator: SHAP or matplotlib package is not installed, so model explainability insights will not be logged.
[2024-08-21T22:04:38.118+0500] {python.py:240} INFO - Done. Returned value was: {'start_tiemstamp': '20240821 22:01', 'data_download_start': '20240821 22:01', 'data_download_end': '20240821 22:01', 'data_preparation_start': '20240821 22:01', 'data_preparation_end': '20240821 22:01', 'rf_train_start': '20240821 22:01', 'rf_train_end': '20240821 22:02', 'rf_R^2_score': 0.8056608138395036, 'rf_rmse': 0.5046422637559641, 'rf_mae': 0.19863000000000014}
[2024-08-21T22:04:38.150+0500] {taskinstance.py:340} INFO - ::group::Post task execution logs
[2024-08-21T22:04:38.150+0500] {taskinstance.py:352} INFO - Marking task as SUCCESS. dag_id=3_models_dag_home_2, task_id=train_rf, run_id=scheduled__2024-08-20T01:00:00+00:00, execution_date=20240820T010000, start_date=20240821T170151, end_date=20240821T170438
[2024-08-21T22:04:38.241+0500] {local_task_job_runner.py:261} INFO - Task exited with return code 0
[2024-08-21T22:04:38.263+0500] {taskinstance.py:3891} INFO - 1 downstream tasks scheduled from follow-on schedule check
[2024-08-21T22:04:38.269+0500] {local_task_job_runner.py:240} INFO - ::endgroup::
