[2024-10-09T00:06:43.514+0500] {local_task_job_runner.py:123} INFO - ::group::Pre task execution logs
[2024-10-09T00:06:43.535+0500] {taskinstance.py:2603} INFO - Dependencies all met for dep_context=non-requeueable deps ti=<TaskInstance: 3_models_NicolasPal.train_rf manual__2024-10-08T19:06:23.727894+00:00 [queued]>
[2024-10-09T00:06:43.547+0500] {taskinstance.py:2603} INFO - Dependencies all met for dep_context=requeueable deps ti=<TaskInstance: 3_models_NicolasPal.train_rf manual__2024-10-08T19:06:23.727894+00:00 [queued]>
[2024-10-09T00:06:43.548+0500] {taskinstance.py:2856} INFO - Starting attempt 1 of 1
[2024-10-09T00:06:43.562+0500] {taskinstance.py:2879} INFO - Executing <Task(PythonOperator): train_rf> on 2024-10-08 19:06:23.727894+00:00
[2024-10-09T00:06:43.578+0500] {logging_mixin.py:190} WARNING - /home/nicolaspc/anaconda3/envs/mlops_env/lib/python3.12/site-packages/***/task/task_runner/standard_task_runner.py:70 DeprecationWarning: This process (pid=80599) is multi-threaded, use of fork() may lead to deadlocks in the child.
[2024-10-09T00:06:43.579+0500] {standard_task_runner.py:72} INFO - Started process 80693 to run task
[2024-10-09T00:06:43.578+0500] {standard_task_runner.py:104} INFO - Running: ['***', 'tasks', 'run', '3_models_NicolasPal', 'train_rf', 'manual__2024-10-08T19:06:23.727894+00:00', '--job-id', '977', '--raw', '--subdir', 'DAGS_FOLDER/project_2.py', '--cfg-path', '/tmp/tmpvkhymauq']
[2024-10-09T00:06:43.581+0500] {standard_task_runner.py:105} INFO - Job 977: Subtask train_rf
[2024-10-09T00:06:43.825+0500] {task_command.py:467} INFO - Running <TaskInstance: 3_models_NicolasPal.train_rf manual__2024-10-08T19:06:23.727894+00:00 [running]> on host nicolaspc-HP-Pavilion-Laptop-15-eh1xxx
[2024-10-09T00:06:43.954+0500] {taskinstance.py:3122} INFO - Exporting env vars: AIRFLOW_CTX_DAG_OWNER='Nicolas Pal' AIRFLOW_CTX_DAG_ID='3_models_NicolasPal' AIRFLOW_CTX_TASK_ID='train_rf' AIRFLOW_CTX_EXECUTION_DATE='2024-10-08T19:06:23.727894+00:00' AIRFLOW_CTX_TRY_NUMBER='1' AIRFLOW_CTX_DAG_RUN_ID='manual__2024-10-08T19:06:23.727894+00:00'
[2024-10-09T00:06:43.959+0500] {taskinstance.py:731} INFO - ::endgroup::
[2024-10-09T00:06:44.003+0500] {s3.py:1387} INFO - Downloading source S3 file from Bucket test-bucket-nicolas-1 with path NicolasPal/project1/rf/datasets/X_train.pkl
[2024-10-09T00:06:44.023+0500] {base.py:84} INFO - Retrieving connection 's3_connection'
[2024-10-09T00:06:44.023+0500] {connection_wrapper.py:384} INFO - AWS Connection (conn_id='s3_connection', conn_type='aws') credentials retrieved from login and password.
[2024-10-09T00:06:47.137+0500] {s3.py:1387} INFO - Downloading source S3 file from Bucket test-bucket-nicolas-1 with path NicolasPal/project1/rf/datasets/X_test.pkl
[2024-10-09T00:06:47.703+0500] {s3.py:1387} INFO - Downloading source S3 file from Bucket test-bucket-nicolas-1 with path NicolasPal/project1/rf/datasets/X_val.pkl
[2024-10-09T00:06:48.290+0500] {s3.py:1387} INFO - Downloading source S3 file from Bucket test-bucket-nicolas-1 with path NicolasPal/project1/rf/datasets/y_train.pkl
[2024-10-09T00:06:49.009+0500] {s3.py:1387} INFO - Downloading source S3 file from Bucket test-bucket-nicolas-1 with path NicolasPal/project1/rf/datasets/y_test.pkl
[2024-10-09T00:06:49.473+0500] {s3.py:1387} INFO - Downloading source S3 file from Bucket test-bucket-nicolas-1 with path NicolasPal/project1/rf/datasets/y_val.pkl
[2024-10-09T00:06:49.924+0500] {project_2.py:183} INFO - Данные для обучения модели из S3 загружены
[2024-10-09T00:06:50.022+0500] {migration.py:216} INFO - Context impl PostgresqlImpl.
[2024-10-09T00:06:50.022+0500] {migration.py:219} INFO - Will assume transactional DDL.
[2024-10-09T00:07:03.466+0500] {credentials.py:1147} INFO - Found credentials in environment variables.
[2024-10-09T00:07:50.866+0500] {logging_mixin.py:190} WARNING - Registered model 'sk-learn-rf-reg-model' already exists. Creating a new version of this model...
[2024-10-09T00:07:50.889+0500] {logging_mixin.py:190} WARNING - Created version '7' of model 'sk-learn-rf-reg-model'.
[2024-10-09T00:08:12.803+0500] {connectionpool.py:330} WARNING - Connection pool is full, discarding connection: s3.eu-north-1.amazonaws.com. Connection pool size: 10
[2024-10-09T00:08:15.417+0500] {connectionpool.py:330} WARNING - Connection pool is full, discarding connection: s3.eu-north-1.amazonaws.com. Connection pool size: 10
[2024-10-09T00:08:18.087+0500] {connectionpool.py:330} WARNING - Connection pool is full, discarding connection: s3.eu-north-1.amazonaws.com. Connection pool size: 10
[2024-10-09T00:08:18.866+0500] {logging_mixin.py:190} WARNING - 2024/10/09 00:08:18 INFO mlflow.models.evaluation.default_evaluator: Computing model predictions.
[2024-10-09T00:08:19.011+0500] {logging_mixin.py:190} WARNING - /home/nicolaspc/anaconda3/envs/mlops_env/lib/python3.12/site-packages/sklearn/metrics/_regression.py:492 FutureWarning: 'squared' is deprecated in version 1.4 and will be removed in 1.6. To calculate the root mean squared error, use the function'root_mean_squared_error'.
[2024-10-09T00:08:19.014+0500] {logging_mixin.py:190} WARNING - 2024/10/09 00:08:19 INFO mlflow.models.evaluation.default_evaluator: Testing metrics on first row...
[2024-10-09T00:08:19.016+0500] {logging_mixin.py:190} WARNING - 2024/10/09 00:08:19 WARNING mlflow.models.evaluation.default_evaluator: SHAP or matplotlib package is not installed, so model explainability insights will not be logged.
[2024-10-09T00:08:19.042+0500] {project_2.py:225} INFO - Модели обучены, метрики сохранены
[2024-10-09T00:08:19.044+0500] {python.py:240} INFO - Done. Returned value was: {'start_tiemstamp': '20241009 00:06', 'experiment_id': '170', 'parent_run_id': 'af0fe73138ed4ce5b87b3abd7c6b09cb', 'get_data_start': '20241009 00:06', 'get_data_end': '20241009 00:06', 'data_shape': [20640, 9], 'prepare_data_start': '20241009 00:06', 'prepare_data_end': '20241009 00:06', 'features_name': ['MedInc', 'HouseAge', 'AveRooms', 'AveBedrms', 'Population', 'AveOccup', 'Latitude', 'Longitude'], 'train_model_end': '20241009 00:08'}
[2024-10-09T00:08:19.075+0500] {taskinstance.py:340} INFO - ::group::Post task execution logs
[2024-10-09T00:08:19.075+0500] {taskinstance.py:352} INFO - Marking task as SUCCESS. dag_id=3_models_NicolasPal, task_id=train_rf, run_id=manual__2024-10-08T19:06:23.727894+00:00, execution_date=20241008T190623, start_date=20241008T190643, end_date=20241008T190819
[2024-10-09T00:08:19.177+0500] {local_task_job_runner.py:261} INFO - Task exited with return code 0
[2024-10-09T00:08:19.196+0500] {taskinstance.py:3891} INFO - 1 downstream tasks scheduled from follow-on schedule check
[2024-10-09T00:08:19.206+0500] {local_task_job_runner.py:240} INFO - ::endgroup::
