[2024-10-08T19:18:39.953+0500] {local_task_job_runner.py:123} INFO - ::group::Pre task execution logs
[2024-10-08T19:18:39.972+0500] {taskinstance.py:2603} INFO - Dependencies all met for dep_context=non-requeueable deps ti=<TaskInstance: nicolas_pal_rf_train.prepare_data scheduled__2024-10-07T01:00:00+00:00 [queued]>
[2024-10-08T19:18:39.979+0500] {taskinstance.py:2603} INFO - Dependencies all met for dep_context=requeueable deps ti=<TaskInstance: nicolas_pal_rf_train.prepare_data scheduled__2024-10-07T01:00:00+00:00 [queued]>
[2024-10-08T19:18:39.979+0500] {taskinstance.py:2856} INFO - Starting attempt 1 of 1
[2024-10-08T19:18:39.993+0500] {taskinstance.py:2879} INFO - Executing <Task(PythonOperator): prepare_data> on 2024-10-07 01:00:00+00:00
[2024-10-08T19:18:40.006+0500] {logging_mixin.py:190} WARNING - /home/nicolaspc/anaconda3/envs/mlops_env/lib/python3.12/site-packages/***/task/task_runner/standard_task_runner.py:70 DeprecationWarning: This process (pid=257140) is multi-threaded, use of fork() may lead to deadlocks in the child.
[2024-10-08T19:18:40.007+0500] {standard_task_runner.py:72} INFO - Started process 257191 to run task
[2024-10-08T19:18:40.007+0500] {standard_task_runner.py:104} INFO - Running: ['***', 'tasks', 'run', 'nicolas_pal_rf_train', 'prepare_data', 'scheduled__2024-10-07T01:00:00+00:00', '--job-id', '758', '--raw', '--subdir', 'DAGS_FOLDER/train_models.py', '--cfg-path', '/tmp/tmphr2ofbaw']
[2024-10-08T19:18:40.008+0500] {standard_task_runner.py:105} INFO - Job 758: Subtask prepare_data
[2024-10-08T19:18:40.066+0500] {task_command.py:467} INFO - Running <TaskInstance: nicolas_pal_rf_train.prepare_data scheduled__2024-10-07T01:00:00+00:00 [running]> on host nicolaspc-HP-Pavilion-Laptop-15-eh1xxx
[2024-10-08T19:18:40.145+0500] {taskinstance.py:3122} INFO - Exporting env vars: AIRFLOW_CTX_DAG_OWNER='Nicolas Pal' AIRFLOW_CTX_DAG_ID='nicolas_pal_rf_train' AIRFLOW_CTX_TASK_ID='prepare_data' AIRFLOW_CTX_EXECUTION_DATE='2024-10-07T01:00:00+00:00' AIRFLOW_CTX_TRY_NUMBER='1' AIRFLOW_CTX_DAG_RUN_ID='scheduled__2024-10-07T01:00:00+00:00'
[2024-10-08T19:18:40.146+0500] {taskinstance.py:731} INFO - ::endgroup::
[2024-10-08T19:18:40.172+0500] {s3.py:1387} INFO - Downloading source S3 file from Bucket test-bucket-nicolas-1 with path NicolasPal/project1/nicolas_pal_rf/datasets/california_housing.pkl
[2024-10-08T19:18:40.335+0500] {base.py:84} INFO - Retrieving connection 's3_connection'
[2024-10-08T19:18:40.335+0500] {connection_wrapper.py:384} INFO - AWS Connection (conn_id='s3_connection', conn_type='aws') credentials retrieved from login and password.
[2024-10-08T19:18:48.790+0500] {train_models.py:130} INFO - Данные для обработки из S3 загружены
[2024-10-08T19:18:48.812+0500] {base.py:84} INFO - Retrieving connection 's3_connection'
[2024-10-08T19:18:48.812+0500] {connection_wrapper.py:384} INFO - AWS Connection (conn_id='s3_connection', conn_type='aws') credentials retrieved from login and password.
[2024-10-08T19:18:57.771+0500] {train_models.py:163} INFO - Данные подготовлены и сохранены на S3
[2024-10-08T19:18:57.773+0500] {python.py:240} INFO - Done. Returned value was: {'model': 'nicolas_pal_rf', 'start_timestamp': '20241008 19:18', 'experiment_id': '133', 'get_data_start': '20241008 19:18', 'get_data_end': '20241008 19:18', 'data_shape': [20640, 9], 'prepare_data_start': '20241008 19:18', 'prepare_data_end': '20241008 19:18', 'features_name': ['MedInc', 'HouseAge', 'AveRooms', 'AveBedrms', 'Population', 'AveOccup', 'Latitude', 'Longitude']}
[2024-10-08T19:18:57.816+0500] {taskinstance.py:340} INFO - ::group::Post task execution logs
[2024-10-08T19:18:57.816+0500] {taskinstance.py:352} INFO - Marking task as SUCCESS. dag_id=nicolas_pal_rf_train, task_id=prepare_data, run_id=scheduled__2024-10-07T01:00:00+00:00, execution_date=20241007T010000, start_date=20241008T141839, end_date=20241008T141857
[2024-10-08T19:18:57.871+0500] {local_task_job_runner.py:261} INFO - Task exited with return code 0
[2024-10-08T19:18:57.892+0500] {taskinstance.py:3891} INFO - 1 downstream tasks scheduled from follow-on schedule check
[2024-10-08T19:18:57.895+0500] {local_task_job_runner.py:240} INFO - ::endgroup::
